2022-10-21 02:21:41.462 | DEBUG    | localization_association_rule_mining:__call__:388 - |item                          |score   |pattern                                                     |ps      |ips     |p(a|b)  |p(b|a)  |in      |out     
2022-10-21 02:21:41.462 | DEBUG    | localization_association_rule_mining:__call__:392 - |travel                        |   21.02|travel                                                      |0.618182|   34.00|0.618182|1.000000|      34|       0
2022-10-21 02:21:41.462 | DEBUG    | localization_association_rule_mining:__call__:392 - |seat                          |   11.25|seat                                                        |0.535714|   21.00|0.545455|0.967742|       9|      30
2022-10-21 02:21:41.462 | DEBUG    | localization_association_rule_mining:__call__:392 - |food                          |    6.90|food                                                        |0.431034|   16.00|0.454545|0.892857|      19|       3
2022-10-21 02:21:41.462 | DEBUG    | localization_association_rule_mining:__call__:392 - |notification                  |    0.50|notification                                                |0.166667|    3.00|0.181818|0.666667|       3|       0
2022-10-21 02:21:41.462 | DEBUG    | localization_association_rule_mining:__call__:392 - |preserve                      |    0.33|preserve                                                    |0.163636|    2.00|0.163636|1.000000|       5|       7
2022-10-21 02:21:41.462 | DEBUG    | localization_association_rule_mining:__call__:392 - |route                         |    0.00|route                                                       |0.339286|    0.00|0.345455|0.950000|       0|       0
2022-10-21 02:21:41.462 | DEBUG    | localization_association_rule_mining:__call__:392 - |train                         |    0.00|train                                                       |0.357143|    0.00|0.363636|0.952381|       0|       0
2022-10-21 02:21:41.462 | DEBUG    | localization_association_rule_mining:__call__:392 - |basic                         |    0.00|basic                                                       |0.543860|    0.00|0.563636|0.939394|       0|       0
2022-10-21 02:21:41.462 | DEBUG    | localization_association_rule_mining:__call__:392 - |order                         |    0.00|order                                                       |0.193548|    0.00|0.545455|0.230769|       0|       0
2022-10-21 02:21:41.462 | DEBUG    | localization_association_rule_mining:__call__:392 - |price                         |    0.00|price                                                       |0.392857|    0.00|0.400000|0.956522|       0|       0
2022-10-21 02:21:41.462 | DEBUG    | localization_association_rule_mining:__call__:392 - |config                        |    0.00|config                                                      |0.410714|    0.00|0.418182|0.958333|       0|       0
2022-10-21 02:21:41.462 | DEBUG    | localization_association_rule_mining:__call__:392 - |station                       |    0.00|station                                                     |0.245283|    0.00|0.709091|0.272727|       0|       0
2022-10-21 02:21:41.462 | DEBUG    | localization_association_rule_mining:__call__:392 - |ticketinfo                    |    0.00|ticketinfo                                                  |0.543860|    0.00|0.563636|0.939394|       0|       0
2022-10-21 02:21:41.463 | DEBUG    | localization_association_rule_mining:__call__:392 - |travel-plan                   |   -1.00|                                                            |0.000000|    0.00|0.000000|0.000000|       0|       0
2022-10-21 02:21:41.463 | DEBUG    | localization_association_rule_mining:__call__:392 - |travel2                       |   -1.00|                                                            |0.000000|    0.00|0.000000|0.000000|       0|       0
2022-10-21 02:21:41.463 | DEBUG    | localization_association_rule_mining:__call__:392 - |auth                          |   -1.00|                                                            |0.000000|    0.00|0.000000|0.000000|       0|       0
2022-10-21 02:21:41.463 | DEBUG    | localization_association_rule_mining:__call__:392 - |verification-code             |   -1.00|                                                            |0.000000|    0.00|0.000000|0.000000|       0|       0
2022-10-21 02:21:41.463 | DEBUG    | localization_association_rule_mining:__call__:392 - |user                          |   -1.00|                                                            |0.000000|    0.00|0.000000|0.000000|       0|       0
2022-10-21 02:21:41.463 | DEBUG    | localization_association_rule_mining:__call__:392 - |payment                       |   -1.00|                                                            |0.000000|    0.00|0.000000|0.000000|       0|       0
2022-10-21 02:21:41.463 | DEBUG    | localization_association_rule_mining:__call__:392 - |order-other                   |   -1.00|                                                            |0.000000|    0.00|0.000000|0.000000|       0|       0
2022-10-21 02:21:41.463 | DEBUG    | localization_association_rule_mining:__call__:392 - |consign                       |   -1.00|                                                            |0.000000|    0.00|0.000000|0.000000|       0|       0
2022-10-21 02:21:41.463 | DEBUG    | localization_association_rule_mining:__call__:392 - |assurance                     |   -1.00|                                                            |0.000000|    0.00|0.000000|0.000000|       0|       0
2022-10-21 02:21:41.463 | DEBUG    | localization_association_rule_mining:__call__:392 - |inside-payment                |   -1.00|                                                            |0.000000|    0.00|0.000000|0.000000|       0|       0
2022-10-21 02:21:41.463 | DEBUG    | localization_association_rule_mining:__call__:392 - |security                      |   -1.00|                                                            |0.000000|    0.00|0.000000|0.000000|       0|       0
2022-10-21 02:21:41.463 | DEBUG    | localization_association_rule_mining:__call__:392 - |route-plan                    |   -1.00|                                                            |0.000000|    0.00|0.000000|0.000000|       0|       0
2022-10-21 02:21:41.463 | DEBUG    | localization_association_rule_mining:__call__:392 - |contacts                      |   -1.00|                                                            |0.000000|    0.00|0.000000|0.000000|       0|       0
2022-10-21 02:21:41.463 | DEBUG    | localization_association_rule_mining:__call__:392 - |admin-order                   |   -1.00|                                                            |0.000000|    0.00|0.000000|0.000000|       0|       0
2022-10-21 02:21:41.463 | DEBUG    | localization_association_rule_mining:__call__:392 - |cancel                        |   -1.00|                                                            |0.000000|    0.00|0.000000|0.000000|       0|       0
2022-10-21 02:21:41.463 | DEBUG    | localization_association_rule_mining:__call__:392 - |ts-ui-dashboard               |   -1.00|                                                            |0.000000|    0.00|0.000000|0.000000|       0|       0
2022-10-21 02:21:41.463 | DEBUG    | localization_association_rule_mining:__call__:392 - |food-map                      |   -1.00|                                                            |0.000000|    0.00|0.000000|0.000000|       0|       0
