2022-10-21 02:18:05.259 | DEBUG    | localization_association_rule_mining:__call__:388 - |item                          |score   |pattern                                                     |ps      |ips     |p(a|b)  |p(b|a)  |in      |out     
2022-10-21 02:18:05.259 | DEBUG    | localization_association_rule_mining:__call__:392 - |seat                          |   27.62|seat                                                        |0.563636|   49.00|0.666667|0.784810|      49|       0
2022-10-21 02:18:05.259 | DEBUG    | localization_association_rule_mining:__call__:392 - |travel                        |    6.36|travel                                                      |0.424051|   15.00|0.720430|0.507576|      25|      40
2022-10-21 02:18:05.259 | DEBUG    | localization_association_rule_mining:__call__:392 - |ticketinfo                    |    3.10|ticketinfo                                                  |0.517241|    6.00|0.645161|0.722892|       6|       0
2022-10-21 02:18:05.259 | DEBUG    | localization_association_rule_mining:__call__:392 - |route                         |    0.00|route                                                       |0.437037|    0.00|0.634409|0.584158|       0|       0
2022-10-21 02:18:05.259 | DEBUG    | localization_association_rule_mining:__call__:392 - |basic                         |    0.00|basic                                                       |0.535088|    0.00|0.655914|0.743902|       0|       0
2022-10-21 02:18:05.259 | DEBUG    | localization_association_rule_mining:__call__:392 - |train                         |    0.00|train                                                       |0.490566|    0.00|0.559140|0.800000|       0|       0
2022-10-21 02:18:05.259 | DEBUG    | localization_association_rule_mining:__call__:392 - |config                        |    0.00|config                                                      |0.405941|    0.00|0.440860|0.836735|       0|       0
2022-10-21 02:18:05.260 | DEBUG    | localization_association_rule_mining:__call__:392 - |travel-plan                   |   -1.00|                                                            |0.000000|    0.00|0.000000|0.000000|       0|       0
2022-10-21 02:18:05.260 | DEBUG    | localization_association_rule_mining:__call__:392 - |station                       |   -1.00|                                                            |0.000000|    0.00|0.000000|0.000000|       0|       0
2022-10-21 02:18:05.260 | DEBUG    | localization_association_rule_mining:__call__:392 - |verification-code             |   -1.00|                                                            |0.000000|    0.00|0.000000|0.000000|       0|       0
2022-10-21 02:18:05.260 | DEBUG    | localization_association_rule_mining:__call__:392 - |user                          |   -1.00|                                                            |0.000000|    0.00|0.000000|0.000000|       0|       0
2022-10-21 02:18:05.260 | DEBUG    | localization_association_rule_mining:__call__:392 - |route-plan                    |   -1.00|                                                            |0.000000|    0.00|0.000000|0.000000|       0|       0
2022-10-21 02:18:05.260 | DEBUG    | localization_association_rule_mining:__call__:392 - |price                         |   -1.00|                                                            |0.000000|    0.00|0.000000|0.000000|       0|       0
2022-10-21 02:18:05.260 | DEBUG    | localization_association_rule_mining:__call__:392 - |food-map                      |   -1.00|                                                            |0.000000|    0.00|0.000000|0.000000|       0|       0
2022-10-21 02:18:05.260 | DEBUG    | localization_association_rule_mining:__call__:392 - |payment                       |   -1.00|                                                            |0.000000|    0.00|0.000000|0.000000|       0|       0
2022-10-21 02:18:05.260 | DEBUG    | localization_association_rule_mining:__call__:392 - |cancel                        |   -1.00|                                                            |0.000000|    0.00|0.000000|0.000000|       0|       0
2022-10-21 02:18:05.260 | DEBUG    | localization_association_rule_mining:__call__:392 - |food                          |   -1.00|                                                            |0.000000|    0.00|0.000000|0.000000|       0|       0
2022-10-21 02:18:05.260 | DEBUG    | localization_association_rule_mining:__call__:392 - |inside-payment                |   -1.00|                                                            |0.000000|    0.00|0.000000|0.000000|       0|       0
2022-10-21 02:18:05.260 | DEBUG    | localization_association_rule_mining:__call__:392 - |consign                       |   -1.00|                                                            |0.000000|    0.00|0.000000|0.000000|       0|       0
2022-10-21 02:18:05.260 | DEBUG    | localization_association_rule_mining:__call__:392 - |assurance                     |   -1.00|                                                            |0.000000|    0.00|0.000000|0.000000|       0|       0
2022-10-21 02:18:05.260 | DEBUG    | localization_association_rule_mining:__call__:392 - |order                         |   -1.00|                                                            |0.000000|    0.00|0.000000|0.000000|       0|       0
2022-10-21 02:18:05.260 | DEBUG    | localization_association_rule_mining:__call__:392 - |security                      |   -1.00|                                                            |0.000000|    0.00|0.000000|0.000000|       0|       0
2022-10-21 02:18:05.260 | DEBUG    | localization_association_rule_mining:__call__:392 - |contacts                      |   -1.00|                                                            |0.000000|    0.00|0.000000|0.000000|       0|       0
2022-10-21 02:18:05.260 | DEBUG    | localization_association_rule_mining:__call__:392 - |order-other                   |   -1.00|                                                            |0.000000|    0.00|0.000000|0.000000|       0|       0
2022-10-21 02:18:05.261 | DEBUG    | localization_association_rule_mining:__call__:392 - |admin-order                   |   -1.00|                                                            |0.000000|    0.00|0.000000|0.000000|       0|       0
2022-10-21 02:18:05.261 | DEBUG    | localization_association_rule_mining:__call__:392 - |auth                          |   -1.00|                                                            |0.000000|    0.00|0.000000|0.000000|       0|       0
2022-10-21 02:18:05.261 | DEBUG    | localization_association_rule_mining:__call__:392 - |notification                  |   -1.00|                                                            |0.000000|    0.00|0.000000|0.000000|       0|       0
2022-10-21 02:18:05.261 | DEBUG    | localization_association_rule_mining:__call__:392 - |preserve                      |   -1.00|                                                            |0.000000|    0.00|0.000000|0.000000|       0|       0
2022-10-21 02:18:05.261 | DEBUG    | localization_association_rule_mining:__call__:392 - |ts-ui-dashboard               |   -1.00|                                                            |0.000000|    0.00|0.000000|0.000000|       0|       0
2022-10-21 02:18:05.261 | DEBUG    | localization_association_rule_mining:__call__:392 - |travel2                       |   -1.00|                                                            |0.000000|    0.00|0.000000|0.000000|       0|       0
