2022-11-16 16:46:40.464 | DEBUG    | localization_association_rule_mining:__call__:390 - |item                          |score   |pattern                                                     |ps      |ips     |p(a|b)  |p(b|a)  |in      |out     
2022-11-16 16:46:40.464 | DEBUG    | localization_association_rule_mining:__call__:394 - |order-other                   |   67.16|order-other                                                 |0.883721|   76.00|0.894118|0.987013|      76|       0
2022-11-16 16:46:40.464 | DEBUG    | localization_association_rule_mining:__call__:394 - |security                      |    0.68|security                                                    |0.341176|    2.00|0.341176|1.000000|      26|      24
2022-11-16 16:46:40.464 | DEBUG    | localization_association_rule_mining:__call__:394 - |travel2                       |    0.32|travel2                                                     |0.105882|    3.00|0.105882|1.000000|       9|       6
2022-11-16 16:46:40.464 | DEBUG    | localization_association_rule_mining:__call__:394 - |route-plan                    |    0.21|route-plan                                                  |0.105882|    2.00|0.105882|1.000000|       7|       9
2022-11-16 16:46:40.464 | DEBUG    | localization_association_rule_mining:__call__:394 - |seat                          |    0.00|seat                                                        |0.088235|    0.00|0.105882|0.346154|       0|       0
2022-11-16 16:46:40.464 | DEBUG    | localization_association_rule_mining:__call__:394 - |route                         |    0.00|route                                                       |0.057325|    0.00|0.105882|0.111111|       0|       0
2022-11-16 16:46:40.464 | DEBUG    | localization_association_rule_mining:__call__:394 - |config                        |    0.00|config                                                      |0.090909|    0.00|0.105882|0.391304|       0|       0
2022-11-16 16:46:40.465 | DEBUG    | localization_association_rule_mining:__call__:394 - |order                         |    0.00|order                                                       |0.253846|    0.00|0.388235|0.423077|       0|       0
2022-11-16 16:46:40.465 | DEBUG    | localization_association_rule_mining:__call__:394 - |travel                        |    0.00|travel                                                      |0.054878|    0.00|0.105882|0.102273|       0|       0
2022-11-16 16:46:40.465 | DEBUG    | localization_association_rule_mining:__call__:394 - |basic                         |    0.00|basic                                                       |0.090000|    0.00|0.105882|0.375000|       0|       0
2022-11-16 16:46:40.465 | DEBUG    | localization_association_rule_mining:__call__:394 - |preserve                      |    0.00|preserve                                                    |0.352941|    0.00|0.352941|1.000000|      26|      26
2022-11-16 16:46:40.465 | DEBUG    | localization_association_rule_mining:__call__:394 - |ticketinfo                    |    0.00|ticketinfo                                                  |0.088235|    0.00|0.105882|0.346154|       0|       0
2022-11-16 16:46:40.465 | DEBUG    | localization_association_rule_mining:__call__:394 - |travel-plan                   |   -1.00|                                                            |0.000000|    0.00|0.000000|0.000000|       0|       0
2022-11-16 16:46:40.465 | DEBUG    | localization_association_rule_mining:__call__:394 - |cancel                        |   -1.00|                                                            |0.000000|    0.00|0.000000|0.000000|       0|       0
2022-11-16 16:46:40.465 | DEBUG    | localization_association_rule_mining:__call__:394 - |price                         |   -1.00|                                                            |0.000000|    0.00|0.000000|0.000000|       0|       0
2022-11-16 16:46:40.465 | DEBUG    | localization_association_rule_mining:__call__:394 - |verification-code             |   -1.00|                                                            |0.000000|    0.00|0.000000|0.000000|       0|       0
2022-11-16 16:46:40.465 | DEBUG    | localization_association_rule_mining:__call__:394 - |ts-ui-dashboard               |   -1.00|                                                            |0.000000|    0.00|0.000000|0.000000|       0|       0
2022-11-16 16:46:40.465 | DEBUG    | localization_association_rule_mining:__call__:394 - |food-map                      |   -1.00|                                                            |0.000000|    0.00|0.000000|0.000000|       0|       0
2022-11-16 16:46:40.465 | DEBUG    | localization_association_rule_mining:__call__:394 - |contacts                      |   -1.00|                                                            |0.000000|    0.00|0.000000|0.000000|       0|       0
2022-11-16 16:46:40.465 | DEBUG    | localization_association_rule_mining:__call__:394 - |consign                       |   -1.00|                                                            |0.000000|    0.00|0.000000|0.000000|       0|       0
2022-11-16 16:46:40.465 | DEBUG    | localization_association_rule_mining:__call__:394 - |inside-payment                |   -1.00|                                                            |0.000000|    0.00|0.000000|0.000000|       0|       0
2022-11-16 16:46:40.465 | DEBUG    | localization_association_rule_mining:__call__:394 - |train                         |   -1.00|                                                            |0.000000|    0.00|0.000000|0.000000|       0|       0
2022-11-16 16:46:40.465 | DEBUG    | localization_association_rule_mining:__call__:394 - |food                          |   -1.00|                                                            |0.000000|    0.00|0.000000|0.000000|       0|       0
2022-11-16 16:46:40.465 | DEBUG    | localization_association_rule_mining:__call__:394 - |station                       |   -1.00|                                                            |0.000000|    0.00|0.000000|0.000000|       0|       0
2022-11-16 16:46:40.465 | DEBUG    | localization_association_rule_mining:__call__:394 - |payment                       |   -1.00|                                                            |0.000000|    0.00|0.000000|0.000000|       0|       0
2022-11-16 16:46:40.465 | DEBUG    | localization_association_rule_mining:__call__:394 - |assurance                     |   -1.00|                                                            |0.000000|    0.00|0.000000|0.000000|       0|       0
2022-11-16 16:46:40.466 | DEBUG    | localization_association_rule_mining:__call__:394 - |auth                          |   -1.00|                                                            |0.000000|    0.00|0.000000|0.000000|       0|       0
