2022-10-31 19:47:48.347 | DEBUG    | localization_association_rule_mining:__call__:388 - |item                          |score   |pattern                                                     |ps      |ips     |p(a|b)  |p(b|a)  |in      |out     
2022-10-31 19:47:48.347 | DEBUG    | localization_association_rule_mining:__call__:392 - |station                       |  124.47|station                                                     |0.480591|  259.00|0.604651|0.700809|     259|       0
2022-10-31 19:47:48.347 | DEBUG    | localization_association_rule_mining:__call__:392 - |route                         |   32.11|route                                                       |0.274419|  117.00|0.274419|1.000000|     117|       0
2022-10-31 19:47:48.347 | DEBUG    | localization_association_rule_mining:__call__:392 - |food                          |   21.06|food                                                        |0.263274|   80.00|0.276744|0.843972|      17|      97
2022-10-31 19:47:48.347 | DEBUG    | localization_association_rule_mining:__call__:392 - |order-other                   |   20.11|order-other                                                 |0.271739|   74.00|0.348837|0.551471|      38|     112
2022-10-31 19:47:48.348 | DEBUG    | localization_association_rule_mining:__call__:392 - |order                         |   16.63|order                                                       |0.151226|  110.00|0.258140|0.267470|     110|       0
2022-10-31 19:47:48.348 | DEBUG    | localization_association_rule_mining:__call__:392 - |train                         |   10.13|train                                                       |0.153488|   66.00|0.153488|1.000000|      66|       0
2022-10-31 19:47:48.348 | DEBUG    | localization_association_rule_mining:__call__:392 - |food-map                      |   10.12|food-map                                                    |0.158140|   64.00|0.158140|1.000000|      64|       0
2022-10-31 19:47:48.348 | DEBUG    | localization_association_rule_mining:__call__:392 - |travel                        |    7.33|travel                                                      |0.366589|   20.00|0.367442|0.993711|     105|     125
2022-10-31 19:47:48.348 | DEBUG    | localization_association_rule_mining:__call__:392 - |cancel                        |    7.30|cancel                                                      |0.125813|   58.00|0.134884|0.651685|       0|      58
2022-10-31 19:47:48.348 | DEBUG    | localization_association_rule_mining:__call__:392 - |auth                          |    6.37|auth                                                        |0.117904|   54.00|0.125581|0.658537|       0|      54
2022-10-31 19:47:48.348 | DEBUG    | localization_association_rule_mining:__call__:392 - |verification-code             |    4.56|verification-code                                           |0.084507|   54.00|0.125581|0.205323|      54|       0
2022-10-31 19:47:48.348 | DEBUG    | localization_association_rule_mining:__call__:392 - |basic                         |    3.91|basic                                                       |0.195349|   20.00|0.195349|1.000000|      61|      81
2022-10-31 19:47:48.348 | DEBUG    | localization_association_rule_mining:__call__:392 - |seat                          |    2.47|seat                                                        |0.176744|   14.00|0.176744|1.000000|      50|      64
2022-10-31 19:47:48.348 | DEBUG    | localization_association_rule_mining:__call__:392 - |ticketinfo                    |    0.72|ticketinfo                                                  |0.179070|    4.00|0.179070|1.000000|      65|      61
2022-10-31 19:47:48.348 | DEBUG    | localization_association_rule_mining:__call__:392 - |preserve                      |   -1.00|                                                            |0.000000|    0.00|0.000000|0.000000|       0|       0
2022-10-31 19:47:48.348 | DEBUG    | localization_association_rule_mining:__call__:392 - |payment                       |   -1.00|                                                            |0.000000|    0.00|0.000000|0.000000|       0|       0
2022-10-31 19:47:48.348 | DEBUG    | localization_association_rule_mining:__call__:392 - |notification                  |   -1.00|                                                            |0.000000|    0.00|0.000000|0.000000|       0|       0
2022-10-31 19:47:48.348 | DEBUG    | localization_association_rule_mining:__call__:392 - |travel-plan                   |   -1.00|                                                            |0.000000|    0.00|0.000000|0.000000|       0|       0
2022-10-31 19:47:48.348 | DEBUG    | localization_association_rule_mining:__call__:392 - |config                        |   -1.00|                                                            |0.000000|    0.00|0.000000|0.000000|       0|       0
2022-10-31 19:47:48.349 | DEBUG    | localization_association_rule_mining:__call__:392 - |contacts                      |   -1.00|                                                            |0.000000|    0.00|0.000000|0.000000|       0|       0
2022-10-31 19:47:48.349 | DEBUG    | localization_association_rule_mining:__call__:392 - |admin-order                   |   -1.00|                                                            |0.000000|    0.00|0.000000|0.000000|       0|       0
2022-10-31 19:47:48.349 | DEBUG    | localization_association_rule_mining:__call__:392 - |consign                       |   -1.00|                                                            |0.000000|    0.00|0.000000|0.000000|       0|       0
2022-10-31 19:47:48.349 | DEBUG    | localization_association_rule_mining:__call__:392 - |price                         |   -1.00|                                                            |0.000000|    0.00|0.000000|0.000000|       0|       0
2022-10-31 19:47:48.349 | DEBUG    | localization_association_rule_mining:__call__:392 - |security                      |   -1.00|                                                            |0.000000|    0.00|0.000000|0.000000|       0|       0
2022-10-31 19:47:48.349 | DEBUG    | localization_association_rule_mining:__call__:392 - |ts-ui-dashboard               |   -1.00|                                                            |0.000000|    0.00|0.000000|0.000000|       0|       0
2022-10-31 19:47:48.349 | DEBUG    | localization_association_rule_mining:__call__:392 - |route-plan                    |   -1.00|                                                            |0.000000|    0.00|0.000000|0.000000|       0|       0
2022-10-31 19:47:48.349 | DEBUG    | localization_association_rule_mining:__call__:392 - |preserve-other                |   -1.00|                                                            |0.000000|    0.00|0.000000|0.000000|       0|       0
2022-10-31 19:47:48.349 | DEBUG    | localization_association_rule_mining:__call__:392 - |assurance                     |   -1.00|                                                            |0.000000|    0.00|0.000000|0.000000|       0|       0
2022-10-31 19:47:48.349 | DEBUG    | localization_association_rule_mining:__call__:392 - |travel2                       |   -1.00|                                                            |0.000000|    0.00|0.000000|0.000000|       0|       0
2022-10-31 19:47:48.349 | DEBUG    | localization_association_rule_mining:__call__:392 - |user                          |   -1.00|                                                            |0.000000|    0.00|0.000000|0.000000|       0|       0
2022-10-31 19:47:48.349 | DEBUG    | localization_association_rule_mining:__call__:392 - |inside-payment                |   -1.00|                                                            |0.000000|    0.00|0.000000|0.000000|       0|       0
