2022-10-31 19:47:40.522 | DEBUG    | localization_association_rule_mining:__call__:388 - |item                          |score   |pattern                                                     |ps      |ips     |p(a|b)  |p(b|a)  |in      |out     
2022-10-31 19:47:40.522 | DEBUG    | localization_association_rule_mining:__call__:392 - |station                       |  106.09|station                                                     |0.449524|  236.00|0.694118|0.560570|     236|       0
2022-10-31 19:47:40.523 | DEBUG    | localization_association_rule_mining:__call__:392 - |order-other                   |   40.88|order-other                                                 |0.378556|  108.00|0.508824|0.596552|      32|     140
2022-10-31 19:47:40.523 | DEBUG    | localization_association_rule_mining:__call__:392 - |route                         |   27.67|route                                                       |0.285294|   97.00|0.285294|1.000000|      97|       0
2022-10-31 19:47:40.523 | DEBUG    | localization_association_rule_mining:__call__:392 - |train                         |   13.60|train                                                       |0.200000|   68.00|0.200000|1.000000|      68|       0
2022-10-31 19:47:40.523 | DEBUG    | localization_association_rule_mining:__call__:392 - |order                         |   12.61|order                                                       |0.137109|   92.00|0.270588|0.217494|      92|       0
2022-10-31 19:47:40.523 | DEBUG    | localization_association_rule_mining:__call__:392 - |price                         |   12.20|price                                                       |0.190616|   64.00|0.191176|0.984848|      64|       0
2022-10-31 19:47:40.523 | DEBUG    | localization_association_rule_mining:__call__:392 - |config                        |    6.78|config                                                      |0.141176|   48.00|0.141176|1.000000|      48|       0
2022-10-31 19:47:40.523 | DEBUG    | localization_association_rule_mining:__call__:392 - |seat                          |    5.28|seat                                                        |0.202941|   26.00|0.202941|1.000000|      42|      68
2022-10-31 19:47:40.523 | DEBUG    | localization_association_rule_mining:__call__:392 - |cancel                        |    4.24|cancel                                                      |0.106101|   40.00|0.117647|0.519481|       0|      40
2022-10-31 19:47:40.523 | DEBUG    | localization_association_rule_mining:__call__:392 - |food                          |    3.76|food                                                        |0.139108|   27.00|0.155882|0.563830|      10|      37
2022-10-31 19:47:40.523 | DEBUG    | localization_association_rule_mining:__call__:392 - |ticketinfo                    |    2.33|ticketinfo                                                  |0.211765|   11.00|0.211765|1.000000|      59|      70
2022-10-31 19:47:40.523 | DEBUG    | localization_association_rule_mining:__call__:392 - |travel                        |    1.02|travel                                                      |0.341176|    3.00|0.341176|1.000000|      88|      91
2022-10-31 19:47:40.523 | DEBUG    | localization_association_rule_mining:__call__:392 - |basic                         |    0.42|basic                                                       |0.211765|    2.00|0.211765|1.000000|      70|      72
2022-10-31 19:47:40.523 | DEBUG    | localization_association_rule_mining:__call__:392 - |preserve                      |   -1.00|                                                            |0.000000|    0.00|0.000000|0.000000|       0|       0
2022-10-31 19:47:40.523 | DEBUG    | localization_association_rule_mining:__call__:392 - |auth                          |   -1.00|                                                            |0.000000|    0.00|0.000000|0.000000|       0|       0
2022-10-31 19:47:40.524 | DEBUG    | localization_association_rule_mining:__call__:392 - |food-map                      |   -1.00|                                                            |0.000000|    0.00|0.000000|0.000000|       0|       0
2022-10-31 19:47:40.524 | DEBUG    | localization_association_rule_mining:__call__:392 - |verification-code             |   -1.00|                                                            |0.000000|    0.00|0.000000|0.000000|       0|       0
2022-10-31 19:47:40.524 | DEBUG    | localization_association_rule_mining:__call__:392 - |assurance                     |   -1.00|                                                            |0.000000|    0.00|0.000000|0.000000|       0|       0
2022-10-31 19:47:40.524 | DEBUG    | localization_association_rule_mining:__call__:392 - |admin-travel                  |   -1.00|                                                            |0.000000|    0.00|0.000000|0.000000|       0|       0
2022-10-31 19:47:40.524 | DEBUG    | localization_association_rule_mining:__call__:392 - |consign                       |   -1.00|                                                            |0.000000|    0.00|0.000000|0.000000|       0|       0
2022-10-31 19:47:40.524 | DEBUG    | localization_association_rule_mining:__call__:392 - |ts-ui-dashboard               |   -1.00|                                                            |0.000000|    0.00|0.000000|0.000000|       0|       0
2022-10-31 19:47:40.524 | DEBUG    | localization_association_rule_mining:__call__:392 - |notification                  |   -1.00|                                                            |0.000000|    0.00|0.000000|0.000000|       0|       0
2022-10-31 19:47:40.524 | DEBUG    | localization_association_rule_mining:__call__:392 - |payment                       |   -1.00|                                                            |0.000000|    0.00|0.000000|0.000000|       0|       0
2022-10-31 19:47:40.524 | DEBUG    | localization_association_rule_mining:__call__:392 - |preserve-other                |   -1.00|                                                            |0.000000|    0.00|0.000000|0.000000|       0|       0
2022-10-31 19:47:40.524 | DEBUG    | localization_association_rule_mining:__call__:392 - |route-plan                    |   -1.00|                                                            |0.000000|    0.00|0.000000|0.000000|       0|       0
2022-10-31 19:47:40.524 | DEBUG    | localization_association_rule_mining:__call__:392 - |admin-user                    |   -1.00|                                                            |0.000000|    0.00|0.000000|0.000000|       0|       0
2022-10-31 19:47:40.524 | DEBUG    | localization_association_rule_mining:__call__:392 - |admin-basic-info              |   -1.00|                                                            |0.000000|    0.00|0.000000|0.000000|       0|       0
2022-10-31 19:47:40.524 | DEBUG    | localization_association_rule_mining:__call__:392 - |inside-payment                |   -1.00|                                                            |0.000000|    0.00|0.000000|0.000000|       0|       0
2022-10-31 19:47:40.524 | DEBUG    | localization_association_rule_mining:__call__:392 - |travel2                       |   -1.00|                                                            |0.000000|    0.00|0.000000|0.000000|       0|       0
2022-10-31 19:47:40.524 | DEBUG    | localization_association_rule_mining:__call__:392 - |user                          |   -1.00|                                                            |0.000000|    0.00|0.000000|0.000000|       0|       0
2022-10-31 19:47:40.524 | DEBUG    | localization_association_rule_mining:__call__:392 - |travel-plan                   |   -1.00|                                                            |0.000000|    0.00|0.000000|0.000000|       0|       0
2022-10-31 19:47:40.524 | DEBUG    | localization_association_rule_mining:__call__:392 - |security                      |   -1.00|                                                            |0.000000|    0.00|0.000000|0.000000|       0|       0
2022-10-31 19:47:40.524 | DEBUG    | localization_association_rule_mining:__call__:392 - |contacts                      |   -1.00|                                                            |0.000000|    0.00|0.000000|0.000000|       0|       0
2022-10-31 19:47:40.524 | DEBUG    | localization_association_rule_mining:__call__:392 - |admin-order                   |   -1.00|                                                            |0.000000|    0.00|0.000000|0.000000|       0|       0
