2022-10-31 19:46:00.239 | DEBUG    | localization_association_rule_mining:__call__:388 - |item                          |score   |pattern                                                     |ps      |ips     |p(a|b)  |p(b|a)  |in      |out     
2022-10-31 19:46:00.239 | DEBUG    | localization_association_rule_mining:__call__:392 - |station                       |  185.23|station                                                     |0.540031|  343.00|0.646617|0.766147|     343|       0
2022-10-31 19:46:00.240 | DEBUG    | localization_association_rule_mining:__call__:392 - |route                         |   45.74|route                                                       |0.295113|  155.00|0.295113|1.000000|     155|       0
2022-10-31 19:46:00.240 | DEBUG    | localization_association_rule_mining:__call__:392 - |food                          |   45.33|food                                                        |0.335793|  135.00|0.342105|0.947917|      22|     157
2022-10-31 19:46:00.240 | DEBUG    | localization_association_rule_mining:__call__:392 - |food-map                      |   29.32|food-map                                                    |0.234522|  125.00|0.234962|0.992063|     125|       0
2022-10-31 19:46:00.240 | DEBUG    | localization_association_rule_mining:__call__:392 - |order                         |   19.48|order                                                       |0.148695|  131.00|0.246241|0.272917|     131|       0
2022-10-31 19:46:00.240 | DEBUG    | localization_association_rule_mining:__call__:392 - |order-other                   |   18.92|order-other                                                 |0.233566|   81.00|0.313910|0.477143|      43|     124
2022-10-31 19:46:00.240 | DEBUG    | localization_association_rule_mining:__call__:392 - |train                         |   17.14|train                                                       |0.180451|   95.00|0.180451|1.000000|      95|       0
2022-10-31 19:46:00.240 | DEBUG    | localization_association_rule_mining:__call__:392 - |cancel                        |    6.98|cancel                                                      |0.112523|   62.00|0.116541|0.765432|       0|      62
2022-10-31 19:46:00.240 | DEBUG    | localization_association_rule_mining:__call__:392 - |basic                         |    3.87|basic                                                       |0.227444|   17.00|0.227444|1.000000|      96|     113
2022-10-31 19:46:00.240 | DEBUG    | localization_association_rule_mining:__call__:392 - |seat                          |    3.36|seat                                                        |0.197368|   17.00|0.197368|1.000000|      70|      87
2022-10-31 19:46:00.240 | DEBUG    | localization_association_rule_mining:__call__:392 - |ticketinfo                    |    1.32|ticketinfo                                                  |0.219925|    6.00|0.219925|1.000000|      90|      96
2022-10-31 19:46:00.240 | DEBUG    | localization_association_rule_mining:__call__:392 - |travel                        |    0.45|travel                                                      |0.445489|    1.00|0.445489|1.000000|     169|     170
2022-10-31 19:46:00.240 | DEBUG    | localization_association_rule_mining:__call__:392 - |verification-code             |   -1.00|                                                            |0.000000|    0.00|0.000000|0.000000|       0|       0
2022-10-31 19:46:00.240 | DEBUG    | localization_association_rule_mining:__call__:392 - |assurance                     |   -1.00|                                                            |0.000000|    0.00|0.000000|0.000000|       0|       0
2022-10-31 19:46:00.240 | DEBUG    | localization_association_rule_mining:__call__:392 - |security                      |   -1.00|                                                            |0.000000|    0.00|0.000000|0.000000|       0|       0
2022-10-31 19:46:00.241 | DEBUG    | localization_association_rule_mining:__call__:392 - |inside-payment                |   -1.00|                                                            |0.000000|    0.00|0.000000|0.000000|       0|       0
2022-10-31 19:46:00.241 | DEBUG    | localization_association_rule_mining:__call__:392 - |preserve                      |   -1.00|                                                            |0.000000|    0.00|0.000000|0.000000|       0|       0
2022-10-31 19:46:00.241 | DEBUG    | localization_association_rule_mining:__call__:392 - |payment                       |   -1.00|                                                            |0.000000|    0.00|0.000000|0.000000|       0|       0
2022-10-31 19:46:00.241 | DEBUG    | localization_association_rule_mining:__call__:392 - |user                          |   -1.00|                                                            |0.000000|    0.00|0.000000|0.000000|       0|       0
2022-10-31 19:46:00.241 | DEBUG    | localization_association_rule_mining:__call__:392 - |consign                       |   -1.00|                                                            |0.000000|    0.00|0.000000|0.000000|       0|       0
2022-10-31 19:46:00.241 | DEBUG    | localization_association_rule_mining:__call__:392 - |route-plan                    |   -1.00|                                                            |0.000000|    0.00|0.000000|0.000000|       0|       0
2022-10-31 19:46:00.241 | DEBUG    | localization_association_rule_mining:__call__:392 - |travel2                       |   -1.00|                                                            |0.000000|    0.00|0.000000|0.000000|       0|       0
2022-10-31 19:46:00.241 | DEBUG    | localization_association_rule_mining:__call__:392 - |admin-order                   |   -1.00|                                                            |0.000000|    0.00|0.000000|0.000000|       0|       0
2022-10-31 19:46:00.241 | DEBUG    | localization_association_rule_mining:__call__:392 - |price                         |   -1.00|                                                            |0.000000|    0.00|0.000000|0.000000|       0|       0
2022-10-31 19:46:00.241 | DEBUG    | localization_association_rule_mining:__call__:392 - |ts-ui-dashboard               |   -1.00|                                                            |0.000000|    0.00|0.000000|0.000000|       0|       0
2022-10-31 19:46:00.241 | DEBUG    | localization_association_rule_mining:__call__:392 - |auth                          |   -1.00|                                                            |0.000000|    0.00|0.000000|0.000000|       0|       0
2022-10-31 19:46:00.241 | DEBUG    | localization_association_rule_mining:__call__:392 - |preserve-other                |   -1.00|                                                            |0.000000|    0.00|0.000000|0.000000|       0|       0
2022-10-31 19:46:00.241 | DEBUG    | localization_association_rule_mining:__call__:392 - |notification                  |   -1.00|                                                            |0.000000|    0.00|0.000000|0.000000|       0|       0
2022-10-31 19:46:00.241 | DEBUG    | localization_association_rule_mining:__call__:392 - |contacts                      |   -1.00|                                                            |0.000000|    0.00|0.000000|0.000000|       0|       0
2022-10-31 19:46:00.241 | DEBUG    | localization_association_rule_mining:__call__:392 - |config                        |   -1.00|                                                            |0.000000|    0.00|0.000000|0.000000|       0|       0
2022-10-31 19:46:00.241 | DEBUG    | localization_association_rule_mining:__call__:392 - |travel-plan                   |   -1.00|                                                            |0.000000|    0.00|0.000000|0.000000|       0|       0
