2022-10-21 02:19:48.504 | DEBUG    | localization_association_rule_mining:__call__:388 - |item                          |score   |pattern                                                     |ps      |ips     |p(a|b)  |p(b|a)  |in      |out     
2022-10-21 02:19:48.504 | DEBUG    | localization_association_rule_mining:__call__:392 - |station                       |   53.64|station                                                     |0.654135|   82.00|0.925532|0.690476|      82|       0
2022-10-21 02:19:48.504 | DEBUG    | localization_association_rule_mining:__call__:392 - |travel                        |    3.67|travel                                                      |0.333333|   11.00|0.382979|0.720000|       4|      15
2022-10-21 02:19:48.504 | DEBUG    | localization_association_rule_mining:__call__:392 - |food                          |    2.46|food                                                        |0.273585|    9.00|0.308511|0.707317|      13|      22
2022-10-21 02:19:48.504 | DEBUG    | localization_association_rule_mining:__call__:392 - |order                         |    1.00|order                                                       |0.333333|    3.00|0.489362|0.511111|      25|      22
2022-10-21 02:19:48.504 | DEBUG    | localization_association_rule_mining:__call__:392 - |route                         |    0.28|route                                                       |0.276190|    1.00|0.308511|0.725000|       1|       0
2022-10-21 02:19:48.504 | DEBUG    | localization_association_rule_mining:__call__:392 - |train                         |    0.00|train                                                       |0.220000|    0.00|0.234043|0.785714|       0|       0
2022-10-21 02:19:48.504 | DEBUG    | localization_association_rule_mining:__call__:392 - |basic                         |    0.00|basic                                                       |0.213592|    0.00|0.234043|0.709677|      20|      20
2022-10-21 02:19:48.504 | DEBUG    | localization_association_rule_mining:__call__:392 - |order-other                   |    0.00|order-other                                                 |0.219512|    0.00|0.287234|0.482143|      18|      18
2022-10-21 02:19:48.505 | DEBUG    | localization_association_rule_mining:__call__:392 - |config                        |    0.00|config                                                      |0.173469|    0.00|0.180851|0.809524|       0|       0
2022-10-21 02:19:48.505 | DEBUG    | localization_association_rule_mining:__call__:392 - |food-map                      |    0.00|food-map                                                    |0.214286|    0.00|0.223404|0.840000|       0|       0
2022-10-21 02:19:48.505 | DEBUG    | localization_association_rule_mining:__call__:392 - |seat                          |    0.00|seat                                                        |0.210000|    0.00|0.223404|0.777778|       0|       0
2022-10-21 02:19:48.505 | DEBUG    | localization_association_rule_mining:__call__:392 - |price                         |    0.00|price                                                       |0.125000|    0.00|0.127660|0.857143|       0|       0
2022-10-21 02:19:48.505 | DEBUG    | localization_association_rule_mining:__call__:392 - |ticketinfo                    |    0.00|ticketinfo                                                  |0.217822|    0.00|0.234043|0.758621|      20|      20
2022-10-21 02:19:48.505 | DEBUG    | localization_association_rule_mining:__call__:392 - |inside-payment                |   -1.00|                                                            |0.000000|    0.00|0.000000|0.000000|       0|       0
2022-10-21 02:19:48.505 | DEBUG    | localization_association_rule_mining:__call__:392 - |security                      |   -1.00|                                                            |0.000000|    0.00|0.000000|0.000000|       0|       0
2022-10-21 02:19:48.505 | DEBUG    | localization_association_rule_mining:__call__:392 - |contacts                      |   -1.00|                                                            |0.000000|    0.00|0.000000|0.000000|       0|       0
2022-10-21 02:19:48.505 | DEBUG    | localization_association_rule_mining:__call__:392 - |route-plan                    |   -1.00|                                                            |0.000000|    0.00|0.000000|0.000000|       0|       0
2022-10-21 02:19:48.505 | DEBUG    | localization_association_rule_mining:__call__:392 - |ts-ui-dashboard               |   -1.00|                                                            |0.000000|    0.00|0.000000|0.000000|       0|       0
2022-10-21 02:19:48.505 | DEBUG    | localization_association_rule_mining:__call__:392 - |assurance                     |   -1.00|                                                            |0.000000|    0.00|0.000000|0.000000|       0|       0
2022-10-21 02:19:48.505 | DEBUG    | localization_association_rule_mining:__call__:392 - |consign                       |   -1.00|                                                            |0.000000|    0.00|0.000000|0.000000|       0|       0
2022-10-21 02:19:48.505 | DEBUG    | localization_association_rule_mining:__call__:392 - |travel-plan                   |   -1.00|                                                            |0.000000|    0.00|0.000000|0.000000|       0|       0
2022-10-21 02:19:48.505 | DEBUG    | localization_association_rule_mining:__call__:392 - |preserve                      |   -1.00|                                                            |0.000000|    0.00|0.000000|0.000000|       0|       0
2022-10-21 02:19:48.505 | DEBUG    | localization_association_rule_mining:__call__:392 - |payment                       |   -1.00|                                                            |0.000000|    0.00|0.000000|0.000000|       0|       0
2022-10-21 02:19:48.505 | DEBUG    | localization_association_rule_mining:__call__:392 - |cancel                        |   -1.00|                                                            |0.000000|    0.00|0.000000|0.000000|       0|       0
2022-10-21 02:19:48.506 | DEBUG    | localization_association_rule_mining:__call__:392 - |verification-code             |   -1.00|                                                            |0.000000|    0.00|0.000000|0.000000|       0|       0
2022-10-21 02:19:48.506 | DEBUG    | localization_association_rule_mining:__call__:392 - |travel2                       |   -1.00|                                                            |0.000000|    0.00|0.000000|0.000000|       0|       0
2022-10-21 02:19:48.506 | DEBUG    | localization_association_rule_mining:__call__:392 - |auth                          |   -1.00|                                                            |0.000000|    0.00|0.000000|0.000000|       0|       0
2022-10-21 02:19:48.506 | DEBUG    | localization_association_rule_mining:__call__:392 - |notification                  |   -1.00|                                                            |0.000000|    0.00|0.000000|0.000000|       0|       0
2022-10-21 02:19:48.506 | DEBUG    | localization_association_rule_mining:__call__:392 - |user                          |   -1.00|                                                            |0.000000|    0.00|0.000000|0.000000|       0|       0
