2022-10-31 19:45:11.264 | DEBUG    | localization_association_rule_mining:__call__:388 - |item                          |score   |pattern                                                     |ps      |ips     |p(a|b)  |p(b|a)  |in      |out     
2022-10-31 19:45:11.264 | DEBUG    | localization_association_rule_mining:__call__:392 - |station                       |   74.89|station                                                     |0.538760|  139.00|0.665072|0.739362|     139|       0
2022-10-31 19:45:11.264 | DEBUG    | localization_association_rule_mining:__call__:392 - |order-other                   |   14.77|order-other                                                 |0.242138|   61.00|0.368421|0.413978|       8|      69
2022-10-31 19:45:11.264 | DEBUG    | localization_association_rule_mining:__call__:392 - |route                         |   13.95|route                                                       |0.258373|   54.00|0.258373|1.000000|      54|       0
2022-10-31 19:45:11.264 | DEBUG    | localization_association_rule_mining:__call__:392 - |food                          |   12.64|food                                                        |0.274882|   46.00|0.277512|0.966667|       5|      51
2022-10-31 19:45:11.264 | DEBUG    | localization_association_rule_mining:__call__:392 - |food-map                      |    9.05|food-map                                                    |0.210526|   43.00|0.210526|1.000000|      43|       0
2022-10-31 19:45:11.264 | DEBUG    | localization_association_rule_mining:__call__:392 - |order                         |    6.09|order                                                       |0.119438|   51.00|0.244019|0.189591|      51|       0
2022-10-31 19:45:11.264 | DEBUG    | localization_association_rule_mining:__call__:392 - |cancel                        |    5.07|cancel                                                      |0.153488|   33.00|0.157895|0.846154|       0|      33
2022-10-31 19:45:11.264 | DEBUG    | localization_association_rule_mining:__call__:392 - |auth                          |    3.23|auth                                                        |0.119469|   27.00|0.129187|0.613636|       0|      27
2022-10-31 19:45:11.264 | DEBUG    | localization_association_rule_mining:__call__:392 - |train                         |    2.76|train                                                       |0.114833|   24.00|0.114833|1.000000|      24|       0
2022-10-31 19:45:11.264 | DEBUG    | localization_association_rule_mining:__call__:392 - |verification-code             |    1.85|verification-code                                           |0.068354|   27.00|0.129187|0.126761|      27|       0
2022-10-31 19:45:11.264 | DEBUG    | localization_association_rule_mining:__call__:392 - |seat                          |    0.46|seat                                                        |0.114833|    4.00|0.114833|1.000000|      19|      23
2022-10-31 19:45:11.265 | DEBUG    | localization_association_rule_mining:__call__:392 - |travel                        |    0.34|travel                                                      |0.339713|    1.00|0.339713|1.000000|      57|      58
2022-10-31 19:45:11.265 | DEBUG    | localization_association_rule_mining:__call__:392 - |ticketinfo                    |    0.24|ticketinfo                                                  |0.119617|    2.00|0.119617|1.000000|      22|      24
2022-10-31 19:45:11.265 | DEBUG    | localization_association_rule_mining:__call__:392 - |basic                         |    0.00|basic                                                       |0.119617|    0.00|0.119617|1.000000|      24|      24
2022-10-31 19:45:11.265 | DEBUG    | localization_association_rule_mining:__call__:392 - |notification                  |    0.00|notification                                                |0.100000|    0.00|0.100478|0.954545|       0|       0
2022-10-31 19:45:11.265 | DEBUG    | localization_association_rule_mining:__call__:392 - |admin-order                   |   -1.00|                                                            |0.000000|    0.00|0.000000|0.000000|       0|       0
2022-10-31 19:45:11.265 | DEBUG    | localization_association_rule_mining:__call__:392 - |preserve                      |   -1.00|                                                            |0.000000|    0.00|0.000000|0.000000|       0|       0
2022-10-31 19:45:11.265 | DEBUG    | localization_association_rule_mining:__call__:392 - |assurance                     |   -1.00|                                                            |0.000000|    0.00|0.000000|0.000000|       0|       0
2022-10-31 19:45:11.265 | DEBUG    | localization_association_rule_mining:__call__:392 - |ts-ui-dashboard               |   -1.00|                                                            |0.000000|    0.00|0.000000|0.000000|       0|       0
2022-10-31 19:45:11.265 | DEBUG    | localization_association_rule_mining:__call__:392 - |contacts                      |   -1.00|                                                            |0.000000|    0.00|0.000000|0.000000|       0|       0
2022-10-31 19:45:11.265 | DEBUG    | localization_association_rule_mining:__call__:392 - |payment                       |   -1.00|                                                            |0.000000|    0.00|0.000000|0.000000|       0|       0
2022-10-31 19:45:11.265 | DEBUG    | localization_association_rule_mining:__call__:392 - |user                          |   -1.00|                                                            |0.000000|    0.00|0.000000|0.000000|       0|       0
2022-10-31 19:45:11.265 | DEBUG    | localization_association_rule_mining:__call__:392 - |consign                       |   -1.00|                                                            |0.000000|    0.00|0.000000|0.000000|       0|       0
2022-10-31 19:45:11.265 | DEBUG    | localization_association_rule_mining:__call__:392 - |security                      |   -1.00|                                                            |0.000000|    0.00|0.000000|0.000000|       0|       0
2022-10-31 19:45:11.265 | DEBUG    | localization_association_rule_mining:__call__:392 - |config                        |   -1.00|                                                            |0.000000|    0.00|0.000000|0.000000|       0|       0
2022-10-31 19:45:11.265 | DEBUG    | localization_association_rule_mining:__call__:392 - |price                         |   -1.00|                                                            |0.000000|    0.00|0.000000|0.000000|       0|       0
2022-10-31 19:45:11.265 | DEBUG    | localization_association_rule_mining:__call__:392 - |inside-payment                |   -1.00|                                                            |0.000000|    0.00|0.000000|0.000000|       0|       0
