2022-10-31 19:47:35.122 | DEBUG    | localization_association_rule_mining:__call__:388 - |item                          |score   |pattern                                                     |ps      |ips     |p(a|b)  |p(b|a)  |in      |out     
2022-10-31 19:47:35.122 | DEBUG    | localization_association_rule_mining:__call__:392 - |station                       |   72.44|station                                                     |0.455587|  159.00|0.625984|0.625984|     159|       0
2022-10-31 19:47:35.122 | DEBUG    | localization_association_rule_mining:__call__:392 - |route                         |   20.98|route                                                       |0.287402|   73.00|0.287402|1.000000|      73|       0
2022-10-31 19:47:35.122 | DEBUG    | localization_association_rule_mining:__call__:392 - |order-other                   |   17.38|order-other                                                 |0.327922|   53.00|0.397638|0.651613|      24|      77
2022-10-31 19:47:35.122 | DEBUG    | localization_association_rule_mining:__call__:392 - |food                          |   13.33|food                                                        |0.266667|   50.00|0.267717|0.985507|       9|      59
2022-10-31 19:47:35.122 | DEBUG    | localization_association_rule_mining:__call__:392 - |order                         |   12.47|order                                                       |0.168565|   74.00|0.291339|0.285714|      74|       0
2022-10-31 19:47:35.122 | DEBUG    | localization_association_rule_mining:__call__:392 - |food-map                      |   10.24|food-map                                                    |0.200787|   51.00|0.200787|1.000000|      51|       0
2022-10-31 19:47:35.122 | DEBUG    | localization_association_rule_mining:__call__:392 - |cancel                        |    7.94|cancel                                                      |0.176471|   45.00|0.177165|0.978261|       0|      45
2022-10-31 19:47:35.122 | DEBUG    | localization_association_rule_mining:__call__:392 - |auth                          |    5.49|auth                                                        |0.144487|   38.00|0.149606|0.808511|       0|      38
2022-10-31 19:47:35.122 | DEBUG    | localization_association_rule_mining:__call__:392 - |train                         |    4.29|train                                                       |0.129921|   33.00|0.129921|1.000000|      33|       0
2022-10-31 19:47:35.122 | DEBUG    | localization_association_rule_mining:__call__:392 - |verification-code             |    3.53|verification-code                                           |0.092910|   38.00|0.149606|0.196891|      38|       0
2022-10-31 19:47:35.122 | DEBUG    | localization_association_rule_mining:__call__:392 - |travel                        |    3.35|travel                                                      |0.334646|   10.00|0.334646|1.000000|      82|      72
2022-10-31 19:47:35.122 | DEBUG    | localization_association_rule_mining:__call__:392 - |price                         |    2.64|price                                                       |0.101562|   26.00|0.102362|0.928571|      26|       0
2022-10-31 19:47:35.123 | DEBUG    | localization_association_rule_mining:__call__:392 - |user                          |    1.13|user                                                        |0.112840|   10.00|0.114173|0.906250|      10|       0
2022-10-31 19:47:35.123 | DEBUG    | localization_association_rule_mining:__call__:392 - |basic                         |    0.14|basic                                                       |0.137795|    1.00|0.137795|1.000000|      32|      33
2022-10-31 19:47:35.123 | DEBUG    | localization_association_rule_mining:__call__:392 - |ticketinfo                    |    0.13|ticketinfo                                                  |0.133858|    1.00|0.133858|1.000000|      31|      32
2022-10-31 19:47:35.123 | DEBUG    | localization_association_rule_mining:__call__:392 - |seat                          |    0.13|seat                                                        |0.133858|    1.00|0.133858|1.000000|      31|      32
2022-10-31 19:47:35.123 | DEBUG    | localization_association_rule_mining:__call__:392 - |notification                  |    0.00|notification                                                |0.118110|    0.00|0.118110|1.000000|       0|       0
2022-10-31 19:47:35.123 | DEBUG    | localization_association_rule_mining:__call__:392 - |config                        |   -1.00|                                                            |0.000000|    0.00|0.000000|0.000000|       0|       0
2022-10-31 19:47:35.123 | DEBUG    | localization_association_rule_mining:__call__:392 - |inside-payment                |   -1.00|                                                            |0.000000|    0.00|0.000000|0.000000|       0|       0
2022-10-31 19:47:35.123 | DEBUG    | localization_association_rule_mining:__call__:392 - |preserve                      |   -1.00|                                                            |0.000000|    0.00|0.000000|0.000000|       0|       0
2022-10-31 19:47:35.123 | DEBUG    | localization_association_rule_mining:__call__:392 - |admin-user                    |   -1.00|                                                            |0.000000|    0.00|0.000000|0.000000|       0|       0
2022-10-31 19:47:35.123 | DEBUG    | localization_association_rule_mining:__call__:392 - |route-plan                    |   -1.00|                                                            |0.000000|    0.00|0.000000|0.000000|       0|       0
2022-10-31 19:47:35.123 | DEBUG    | localization_association_rule_mining:__call__:392 - |security                      |   -1.00|                                                            |0.000000|    0.00|0.000000|0.000000|       0|       0
2022-10-31 19:47:35.123 | DEBUG    | localization_association_rule_mining:__call__:392 - |payment                       |   -1.00|                                                            |0.000000|    0.00|0.000000|0.000000|       0|       0
2022-10-31 19:47:35.123 | DEBUG    | localization_association_rule_mining:__call__:392 - |assurance                     |   -1.00|                                                            |0.000000|    0.00|0.000000|0.000000|       0|       0
2022-10-31 19:47:35.123 | DEBUG    | localization_association_rule_mining:__call__:392 - |admin-basic-info              |   -1.00|                                                            |0.000000|    0.00|0.000000|0.000000|       0|       0
2022-10-31 19:47:35.123 | DEBUG    | localization_association_rule_mining:__call__:392 - |admin-order                   |   -1.00|                                                            |0.000000|    0.00|0.000000|0.000000|       0|       0
2022-10-31 19:47:35.123 | DEBUG    | localization_association_rule_mining:__call__:392 - |consign                       |   -1.00|                                                            |0.000000|    0.00|0.000000|0.000000|       0|       0
2022-10-31 19:47:35.123 | DEBUG    | localization_association_rule_mining:__call__:392 - |ts-ui-dashboard               |   -1.00|                                                            |0.000000|    0.00|0.000000|0.000000|       0|       0
2022-10-31 19:47:35.123 | DEBUG    | localization_association_rule_mining:__call__:392 - |preserve-other                |   -1.00|                                                            |0.000000|    0.00|0.000000|0.000000|       0|       0
2022-10-31 19:47:35.123 | DEBUG    | localization_association_rule_mining:__call__:392 - |travel-plan                   |   -1.00|                                                            |0.000000|    0.00|0.000000|0.000000|       0|       0
2022-10-31 19:47:35.124 | DEBUG    | localization_association_rule_mining:__call__:392 - |travel2                       |   -1.00|                                                            |0.000000|    0.00|0.000000|0.000000|       0|       0
2022-10-31 19:47:35.124 | DEBUG    | localization_association_rule_mining:__call__:392 - |contacts                      |   -1.00|                                                            |0.000000|    0.00|0.000000|0.000000|       0|       0
