2022-10-31 19:47:19.722 | DEBUG    | localization_association_rule_mining:__call__:388 - |item                          |score   |pattern                                                     |ps      |ips     |p(a|b)  |p(b|a)  |in      |out     
2022-10-31 19:47:19.722 | DEBUG    | localization_association_rule_mining:__call__:392 - |station                       |   22.01|station                                                     |0.511905|   43.00|0.573333|0.826923|      43|       0
2022-10-31 19:47:19.723 | DEBUG    | localization_association_rule_mining:__call__:392 - |auth                          |   11.07|auth                                                        |0.381579|   29.00|0.386667|0.966667|       0|      29
2022-10-31 19:47:19.723 | DEBUG    | localization_association_rule_mining:__call__:392 - |route                         |    9.72|route                                                       |0.360000|   27.00|0.360000|1.000000|      27|       0
2022-10-31 19:47:19.723 | DEBUG    | localization_association_rule_mining:__call__:392 - |food-map                      |    4.32|food-map                                                    |0.240000|   18.00|0.240000|1.000000|      18|       0
2022-10-31 19:47:19.723 | DEBUG    | localization_association_rule_mining:__call__:392 - |food                          |    4.27|food                                                        |0.266667|   16.00|0.266667|1.000000|       2|      18
2022-10-31 19:47:19.723 | DEBUG    | localization_association_rule_mining:__call__:392 - |verification-code             |    4.08|verification-code                                           |0.140777|   29.00|0.386667|0.181250|      29|       0
2022-10-31 19:47:19.723 | DEBUG    | localization_association_rule_mining:__call__:392 - |order-other                   |    3.16|order-other                                                 |0.263158|   12.00|0.266667|0.952381|       4|      16
2022-10-31 19:47:19.723 | DEBUG    | localization_association_rule_mining:__call__:392 - |order                         |    1.39|order                                                       |0.126437|   11.00|0.146667|0.478261|      11|       0
2022-10-31 19:47:19.723 | DEBUG    | localization_association_rule_mining:__call__:392 - |price                         |    1.08|price                                                       |0.120000|    9.00|0.120000|1.000000|       9|       0
2022-10-31 19:47:19.723 | DEBUG    | localization_association_rule_mining:__call__:392 - |train                         |    1.08|train                                                       |0.120000|    9.00|0.120000|1.000000|       9|       0
2022-10-31 19:47:19.723 | DEBUG    | localization_association_rule_mining:__call__:392 - |travel                        |    0.00|travel                                                      |0.360000|    0.00|0.360000|1.000000|      27|      27
2022-10-31 19:47:19.723 | DEBUG    | localization_association_rule_mining:__call__:392 - |seat                          |    0.00|seat                                                        |0.120000|    0.00|0.120000|1.000000|       9|       9
2022-10-31 19:47:19.723 | DEBUG    | localization_association_rule_mining:__call__:392 - |ticketinfo                    |    0.00|ticketinfo                                                  |0.120000|    0.00|0.120000|1.000000|       9|       9
2022-10-31 19:47:19.723 | DEBUG    | localization_association_rule_mining:__call__:392 - |basic                         |    0.00|basic                                                       |0.120000|    0.00|0.120000|1.000000|       9|       9
2022-10-31 19:47:19.723 | DEBUG    | localization_association_rule_mining:__call__:392 - |contacts                      |   -1.00|                                                            |0.000000|    0.00|0.000000|0.000000|       0|       0
2022-10-31 19:47:19.723 | DEBUG    | localization_association_rule_mining:__call__:392 - |security                      |   -1.00|                                                            |0.000000|    0.00|0.000000|0.000000|       0|       0
2022-10-31 19:47:19.723 | DEBUG    | localization_association_rule_mining:__call__:392 - |payment                       |   -1.00|                                                            |0.000000|    0.00|0.000000|0.000000|       0|       0
2022-10-31 19:47:19.723 | DEBUG    | localization_association_rule_mining:__call__:392 - |preserve                      |   -1.00|                                                            |0.000000|    0.00|0.000000|0.000000|       0|       0
2022-10-31 19:47:19.724 | DEBUG    | localization_association_rule_mining:__call__:392 - |route-plan                    |   -1.00|                                                            |0.000000|    0.00|0.000000|0.000000|       0|       0
2022-10-31 19:47:19.724 | DEBUG    | localization_association_rule_mining:__call__:392 - |consign                       |   -1.00|                                                            |0.000000|    0.00|0.000000|0.000000|       0|       0
2022-10-31 19:47:19.724 | DEBUG    | localization_association_rule_mining:__call__:392 - |travel-plan                   |   -1.00|                                                            |0.000000|    0.00|0.000000|0.000000|       0|       0
2022-10-31 19:47:19.724 | DEBUG    | localization_association_rule_mining:__call__:392 - |config                        |   -1.00|                                                            |0.000000|    0.00|0.000000|0.000000|       0|       0
2022-10-31 19:47:19.724 | DEBUG    | localization_association_rule_mining:__call__:392 - |cancel                        |   -1.00|                                                            |0.000000|    0.00|0.000000|0.000000|       0|       0
2022-10-31 19:47:19.724 | DEBUG    | localization_association_rule_mining:__call__:392 - |notification                  |   -1.00|                                                            |0.000000|    0.00|0.000000|0.000000|       0|       0
2022-10-31 19:47:19.724 | DEBUG    | localization_association_rule_mining:__call__:392 - |user                          |   -1.00|                                                            |0.000000|    0.00|0.000000|0.000000|       0|       0
2022-10-31 19:47:19.724 | DEBUG    | localization_association_rule_mining:__call__:392 - |inside-payment                |   -1.00|                                                            |0.000000|    0.00|0.000000|0.000000|       0|       0
2022-10-31 19:47:19.724 | DEBUG    | localization_association_rule_mining:__call__:392 - |assurance                     |   -1.00|                                                            |0.000000|    0.00|0.000000|0.000000|       0|       0
2022-10-31 19:47:19.724 | DEBUG    | localization_association_rule_mining:__call__:392 - |ts-ui-dashboard               |   -1.00|                                                            |0.000000|    0.00|0.000000|0.000000|       0|       0
