2022-10-21 02:15:31.017 | DEBUG    | localization_association_rule_mining:__call__:388 - |item                          |score   |pattern                                                     |ps      |ips     |p(a|b)  |p(b|a)  |in      |out     
2022-10-21 02:15:31.017 | DEBUG    | localization_association_rule_mining:__call__:392 - |order                         |   69.34|order                                                       |0.673203|  103.00|0.872881|0.746377|     103|       0
2022-10-21 02:15:31.017 | DEBUG    | localization_association_rule_mining:__call__:392 - |seat                          |   19.87|seat                                                        |0.685039|   29.00|0.737288|0.906250|      41|      70
2022-10-21 02:15:31.017 | DEBUG    | localization_association_rule_mining:__call__:392 - |preserve                      |    5.34|preserve                                                    |0.280992|   19.00|0.288136|0.918919|      11|      30
2022-10-21 02:15:31.017 | DEBUG    | localization_association_rule_mining:__call__:392 - |travel                        |    3.69|travel                                                      |0.460733|    8.00|0.745763|0.546584|      29|      37
2022-10-21 02:15:31.017 | DEBUG    | localization_association_rule_mining:__call__:392 - |train                         |    0.80|train                                                       |0.401575|    2.00|0.432203|0.850000|       2|       0
2022-10-21 02:15:31.017 | DEBUG    | localization_association_rule_mining:__call__:392 - |security                      |    0.46|security                                                    |0.228814|    2.00|0.228814|1.000000|      16|      14
2022-10-21 02:15:31.018 | DEBUG    | localization_association_rule_mining:__call__:392 - |route                         |    0.00|route                                                       |0.442857|    0.00|0.525424|0.738095|       0|       0
2022-10-21 02:15:31.018 | DEBUG    | localization_association_rule_mining:__call__:392 - |ticketinfo                    |    0.00|ticketinfo                                                  |0.636364|    0.00|0.711864|0.857143|       0|       0
2022-10-21 02:15:31.018 | DEBUG    | localization_association_rule_mining:__call__:392 - |station                       |    0.00|station                                                     |0.442553|    0.00|0.881356|0.470588|       0|       0
2022-10-21 02:15:31.018 | DEBUG    | localization_association_rule_mining:__call__:392 - |config                        |    0.00|config                                                      |0.508197|    0.00|0.525424|0.939394|       0|       0
2022-10-21 02:15:31.018 | DEBUG    | localization_association_rule_mining:__call__:392 - |basic                         |    0.00|basic                                                       |0.648438|    0.00|0.703390|0.892473|       0|       0
2022-10-21 02:15:31.018 | DEBUG    | localization_association_rule_mining:__call__:392 - |price                         |    0.00|price                                                       |0.346774|    0.00|0.364407|0.877551|       0|       0
2022-10-21 02:15:31.018 | DEBUG    | localization_association_rule_mining:__call__:392 - |food                          |   -1.00|                                                            |0.000000|    0.00|0.000000|0.000000|       0|       0
2022-10-21 02:15:31.018 | DEBUG    | localization_association_rule_mining:__call__:392 - |food-map                      |   -1.00|                                                            |0.000000|    0.00|0.000000|0.000000|       0|       0
2022-10-21 02:15:31.018 | DEBUG    | localization_association_rule_mining:__call__:392 - |ts-ui-dashboard               |   -1.00|                                                            |0.000000|    0.00|0.000000|0.000000|       0|       0
2022-10-21 02:15:31.018 | DEBUG    | localization_association_rule_mining:__call__:392 - |admin-order                   |   -1.00|                                                            |0.000000|    0.00|0.000000|0.000000|       0|       0
2022-10-21 02:15:31.018 | DEBUG    | localization_association_rule_mining:__call__:392 - |route-plan                    |   -1.00|                                                            |0.000000|    0.00|0.000000|0.000000|       0|       0
2022-10-21 02:15:31.018 | DEBUG    | localization_association_rule_mining:__call__:392 - |consign                       |   -1.00|                                                            |0.000000|    0.00|0.000000|0.000000|       0|       0
2022-10-21 02:15:31.018 | DEBUG    | localization_association_rule_mining:__call__:392 - |travel2                       |   -1.00|                                                            |0.000000|    0.00|0.000000|0.000000|       0|       0
2022-10-21 02:15:31.018 | DEBUG    | localization_association_rule_mining:__call__:392 - |auth                          |   -1.00|                                                            |0.000000|    0.00|0.000000|0.000000|       0|       0
2022-10-21 02:15:31.018 | DEBUG    | localization_association_rule_mining:__call__:392 - |verification-code             |   -1.00|                                                            |0.000000|    0.00|0.000000|0.000000|       0|       0
2022-10-21 02:15:31.018 | DEBUG    | localization_association_rule_mining:__call__:392 - |payment                       |   -1.00|                                                            |0.000000|    0.00|0.000000|0.000000|       0|       0
2022-10-21 02:15:31.018 | DEBUG    | localization_association_rule_mining:__call__:392 - |contacts                      |   -1.00|                                                            |0.000000|    0.00|0.000000|0.000000|       0|       0
2022-10-21 02:15:31.019 | DEBUG    | localization_association_rule_mining:__call__:392 - |order-other                   |   -1.00|                                                            |0.000000|    0.00|0.000000|0.000000|       0|       0
2022-10-21 02:15:31.019 | DEBUG    | localization_association_rule_mining:__call__:392 - |travel-plan                   |   -1.00|                                                            |0.000000|    0.00|0.000000|0.000000|       0|       0
2022-10-21 02:15:31.019 | DEBUG    | localization_association_rule_mining:__call__:392 - |inside-payment                |   -1.00|                                                            |0.000000|    0.00|0.000000|0.000000|       0|       0
2022-10-21 02:15:31.019 | DEBUG    | localization_association_rule_mining:__call__:392 - |assurance                     |   -1.00|                                                            |0.000000|    0.00|0.000000|0.000000|       0|       0
2022-10-21 02:15:31.019 | DEBUG    | localization_association_rule_mining:__call__:392 - |user                          |   -1.00|                                                            |0.000000|    0.00|0.000000|0.000000|       0|       0
2022-10-21 02:15:31.019 | DEBUG    | localization_association_rule_mining:__call__:392 - |notification                  |   -1.00|                                                            |0.000000|    0.00|0.000000|0.000000|       0|       0
