2022-11-08 18:33:17.294 | DEBUG    | localization_association_rule_mining:__call__:390 - |item                          |score   |pattern                                                     |ps      |ips     |p(a|b)  |p(b|a)  |in      |out     
2022-11-08 18:33:17.294 | DEBUG    | localization_association_rule_mining:__call__:394 - |assurance                     |   64.66|assurance                                                   |0.577320|  112.00|0.580311|0.991150|     112|       0
2022-11-08 18:33:17.294 | DEBUG    | localization_association_rule_mining:__call__:394 - |route                         |   24.99|route                                                       |0.373057|   67.00|0.373057|1.000000|      67|       0
2022-11-08 18:33:17.294 | DEBUG    | localization_association_rule_mining:__call__:394 - |travel                        |    8.10|travel                                                      |0.476684|   17.00|0.476684|1.000000|      54|      71
2022-11-08 18:33:17.294 | DEBUG    | localization_association_rule_mining:__call__:394 - |seat                          |    7.03|seat                                                        |0.226804|   31.00|0.227979|0.977778|       0|      31
2022-11-08 18:33:17.294 | DEBUG    | localization_association_rule_mining:__call__:394 - |food                          |    5.08|food                                                        |0.230769|   22.00|0.279793|0.568421|       0|      22
2022-11-08 18:33:17.294 | DEBUG    | localization_association_rule_mining:__call__:394 - |preserve                      |    3.95|preserve                                                    |0.179487|   22.00|0.181347|0.945946|       0|      22
2022-11-08 18:33:17.294 | DEBUG    | localization_association_rule_mining:__call__:394 - |basic                         |    3.53|basic                                                       |0.271795|   13.00|0.274611|0.963636|      36|      23
2022-11-08 18:33:17.294 | DEBUG    | localization_association_rule_mining:__call__:394 - |train                         |    2.47|train                                                       |0.176166|   14.00|0.176166|1.000000|      14|       0
2022-11-08 18:33:17.294 | DEBUG    | localization_association_rule_mining:__call__:394 - |ticketinfo                    |    0.78|ticketinfo                                                  |0.259067|    3.00|0.259067|1.000000|      39|      36
2022-11-08 18:33:17.294 | DEBUG    | localization_association_rule_mining:__call__:394 - |order                         |    0.58|order                                                       |0.097222|    6.00|0.217617|0.149466|       6|       0
2022-11-08 18:33:17.294 | DEBUG    | localization_association_rule_mining:__call__:394 - |order-other                   |    0.06|order-other                                                 |0.058011|    1.00|0.108808|0.110526|       1|       0
2022-11-08 18:33:17.295 | DEBUG    | localization_association_rule_mining:__call__:394 - |notification                  |    0.00|notification                                                |0.105528|    0.00|0.108808|0.777778|       0|       0
2022-11-08 18:33:17.295 | DEBUG    | localization_association_rule_mining:__call__:394 - |security                      |    0.00|security                                                    |0.145078|    0.00|0.145078|1.000000|       0|       0
2022-11-08 18:33:17.295 | DEBUG    | localization_association_rule_mining:__call__:394 - |food-map                      |    0.00|food-map                                                    |0.149254|    0.00|0.155440|0.789474|       0|       0
2022-11-08 18:33:17.295 | DEBUG    | localization_association_rule_mining:__call__:394 - |config                        |    0.00|config                                                      |0.108247|    0.00|0.108808|0.954545|       0|       0
2022-11-08 18:33:17.295 | DEBUG    | localization_association_rule_mining:__call__:394 - |price                         |    0.00|price                                                       |0.103627|    0.00|0.103627|1.000000|       0|       0
2022-11-08 18:33:17.295 | DEBUG    | localization_association_rule_mining:__call__:394 - |station                       |    0.00|station                                                     |0.239264|    0.00|0.404145|0.369668|       0|       0
2022-11-08 18:33:17.295 | DEBUG    | localization_association_rule_mining:__call__:394 - |user                          |   -1.00|                                                            |0.000000|    0.00|0.000000|0.000000|       0|       0
2022-11-08 18:33:17.295 | DEBUG    | localization_association_rule_mining:__call__:394 - |ts-ui-dashboard               |   -1.00|                                                            |0.000000|    0.00|0.000000|0.000000|       0|       0
2022-11-08 18:33:17.295 | DEBUG    | localization_association_rule_mining:__call__:394 - |travel2                       |   -1.00|                                                            |0.000000|    0.00|0.000000|0.000000|       0|       0
2022-11-08 18:33:17.295 | DEBUG    | localization_association_rule_mining:__call__:394 - |admin-order                   |   -1.00|                                                            |0.000000|    0.00|0.000000|0.000000|       0|       0
2022-11-08 18:33:17.295 | DEBUG    | localization_association_rule_mining:__call__:394 - |cancel                        |   -1.00|                                                            |0.000000|    0.00|0.000000|0.000000|       0|       0
2022-11-08 18:33:17.295 | DEBUG    | localization_association_rule_mining:__call__:394 - |auth                          |   -1.00|                                                            |0.000000|    0.00|0.000000|0.000000|       0|       0
2022-11-08 18:33:17.295 | DEBUG    | localization_association_rule_mining:__call__:394 - |travel-plan                   |   -1.00|                                                            |0.000000|    0.00|0.000000|0.000000|       0|       0
2022-11-08 18:33:17.295 | DEBUG    | localization_association_rule_mining:__call__:394 - |payment                       |   -1.00|                                                            |0.000000|    0.00|0.000000|0.000000|       0|       0
2022-11-08 18:33:17.295 | DEBUG    | localization_association_rule_mining:__call__:394 - |preserve-other                |   -1.00|                                                            |0.000000|    0.00|0.000000|0.000000|       0|       0
2022-11-08 18:33:17.295 | DEBUG    | localization_association_rule_mining:__call__:394 - |verification-code             |   -1.00|                                                            |0.000000|    0.00|0.000000|0.000000|       0|       0
2022-11-08 18:33:17.295 | DEBUG    | localization_association_rule_mining:__call__:394 - |route-plan                    |   -1.00|                                                            |0.000000|    0.00|0.000000|0.000000|       0|       0
2022-11-08 18:33:17.295 | DEBUG    | localization_association_rule_mining:__call__:394 - |consign                       |   -1.00|                                                            |0.000000|    0.00|0.000000|0.000000|       0|       0
2022-11-08 18:33:17.295 | DEBUG    | localization_association_rule_mining:__call__:394 - |inside-payment                |   -1.00|                                                            |0.000000|    0.00|0.000000|0.000000|       0|       0
2022-11-08 18:33:17.296 | DEBUG    | localization_association_rule_mining:__call__:394 - |contacts                      |   -1.00|                                                            |0.000000|    0.00|0.000000|0.000000|       0|       0
