2022-11-16 15:53:49.555 | DEBUG    | localization_association_rule_mining:__call__:390 - |item                          |score   |pattern                                                     |ps      |ips     |p(a|b)  |p(b|a)  |in      |out     
2022-11-16 15:53:49.555 | DEBUG    | localization_association_rule_mining:__call__:394 - |inside-payment                |    6.90|inside-payment                                              |0.265306|   26.00|0.268041|0.962963|      26|       0
2022-11-16 15:53:49.555 | DEBUG    | localization_association_rule_mining:__call__:394 - |ts-ui-dashboard               |    5.54|ts-ui-dashboard                                             |0.158371|   35.00|0.360825|0.220126|      35|       0
2022-11-16 15:53:49.555 | DEBUG    | localization_association_rule_mining:__call__:394 - |food                          |    3.55|food                                                        |0.197183|   18.00|0.288660|0.383562|      26|       8
2022-11-16 15:53:49.555 | DEBUG    | localization_association_rule_mining:__call__:394 - |food-map                      |    1.19|food-map                                                    |0.149123|    8.00|0.175258|0.500000|       8|       0
2022-11-16 15:53:49.555 | DEBUG    | localization_association_rule_mining:__call__:394 - |station                       |    0.18|station                                                     |0.060976|    3.00|0.154639|0.091463|       3|       0
2022-11-16 15:53:49.556 | DEBUG    | localization_association_rule_mining:__call__:394 - |order                         |    0.09|order                                                       |0.090323|    1.00|0.288660|0.116183|       1|       0
2022-11-16 15:53:49.556 | DEBUG    | localization_association_rule_mining:__call__:394 - |route                         |    0.00|route                                                       |0.076389|    0.00|0.113402|0.189655|       0|       0
2022-11-16 15:53:49.556 | DEBUG    | localization_association_rule_mining:__call__:394 - |travel                        |    0.00|travel                                                      |0.108844|    0.00|0.164948|0.242424|       0|       0
2022-11-16 15:53:49.556 | DEBUG    | localization_association_rule_mining:__call__:394 - |order-other                   |    0.00|order-other                                                 |0.038462|    0.00|0.103093|0.057803|       0|       0
2022-11-16 15:53:49.556 | DEBUG    | localization_association_rule_mining:__call__:394 - |payment                       |    0.00|payment                                                     |0.154639|    0.00|0.154639|1.000000|       0|       0
2022-11-16 15:53:49.556 | DEBUG    | localization_association_rule_mining:__call__:394 - |basic                         |   -1.00|                                                            |0.000000|    0.00|0.000000|0.000000|       0|       0
2022-11-16 15:53:49.556 | DEBUG    | localization_association_rule_mining:__call__:394 - |auth                          |   -1.00|                                                            |0.000000|    0.00|0.000000|0.000000|       0|       0
2022-11-16 15:53:49.556 | DEBUG    | localization_association_rule_mining:__call__:394 - |consign                       |   -1.00|                                                            |0.000000|    0.00|0.000000|0.000000|       0|       0
2022-11-16 15:53:49.556 | DEBUG    | localization_association_rule_mining:__call__:394 - |notification                  |   -1.00|                                                            |0.000000|    0.00|0.000000|0.000000|       0|       0
2022-11-16 15:53:49.556 | DEBUG    | localization_association_rule_mining:__call__:394 - |preserve                      |   -1.00|                                                            |0.000000|    0.00|0.000000|0.000000|       0|       0
2022-11-16 15:53:49.556 | DEBUG    | localization_association_rule_mining:__call__:394 - |admin-order                   |   -1.00|                                                            |0.000000|    0.00|0.000000|0.000000|       0|       0
2022-11-16 15:53:49.556 | DEBUG    | localization_association_rule_mining:__call__:394 - |contacts                      |   -1.00|                                                            |0.000000|    0.00|0.000000|0.000000|       0|       0
2022-11-16 15:53:49.556 | DEBUG    | localization_association_rule_mining:__call__:394 - |config                        |   -1.00|                                                            |0.000000|    0.00|0.000000|0.000000|       0|       0
2022-11-16 15:53:49.556 | DEBUG    | localization_association_rule_mining:__call__:394 - |train                         |   -1.00|                                                            |0.000000|    0.00|0.000000|0.000000|       0|       0
2022-11-16 15:53:49.556 | DEBUG    | localization_association_rule_mining:__call__:394 - |preserve-other                |   -1.00|                                                            |0.000000|    0.00|0.000000|0.000000|       0|       0
2022-11-16 15:53:49.556 | DEBUG    | localization_association_rule_mining:__call__:394 - |cancel                        |   -1.00|                                                            |0.000000|    0.00|0.000000|0.000000|       0|       0
2022-11-16 15:53:49.556 | DEBUG    | localization_association_rule_mining:__call__:394 - |route-plan                    |   -1.00|                                                            |0.000000|    0.00|0.000000|0.000000|       0|       0
2022-11-16 15:53:49.556 | DEBUG    | localization_association_rule_mining:__call__:394 - |travel-plan                   |   -1.00|                                                            |0.000000|    0.00|0.000000|0.000000|       0|       0
2022-11-16 15:53:49.557 | DEBUG    | localization_association_rule_mining:__call__:394 - |travel2                       |   -1.00|                                                            |0.000000|    0.00|0.000000|0.000000|       0|       0
2022-11-16 15:53:49.557 | DEBUG    | localization_association_rule_mining:__call__:394 - |security                      |   -1.00|                                                            |0.000000|    0.00|0.000000|0.000000|       0|       0
2022-11-16 15:53:49.557 | DEBUG    | localization_association_rule_mining:__call__:394 - |assurance                     |   -1.00|                                                            |0.000000|    0.00|0.000000|0.000000|       0|       0
2022-11-16 15:53:49.557 | DEBUG    | localization_association_rule_mining:__call__:394 - |user                          |   -1.00|                                                            |0.000000|    0.00|0.000000|0.000000|       0|       0
2022-11-16 15:53:49.557 | DEBUG    | localization_association_rule_mining:__call__:394 - |seat                          |   -1.00|                                                            |0.000000|    0.00|0.000000|0.000000|       0|       0
2022-11-16 15:53:49.557 | DEBUG    | localization_association_rule_mining:__call__:394 - |price                         |   -1.00|                                                            |0.000000|    0.00|0.000000|0.000000|       0|       0
2022-11-16 15:53:49.557 | DEBUG    | localization_association_rule_mining:__call__:394 - |ticketinfo                    |   -1.00|                                                            |0.000000|    0.00|0.000000|0.000000|       0|       0
2022-11-16 15:53:49.557 | DEBUG    | localization_association_rule_mining:__call__:394 - |verification-code             |   -1.00|                                                            |0.000000|    0.00|0.000000|0.000000|       0|       0
