2022-11-09 17:00:01.835 | DEBUG    | localization_association_rule_mining:__call__:390 - |item                          |score   |pattern                                                     |ps      |ips     |p(a|b)  |p(b|a)  |in      |out     
2022-11-09 17:00:01.835 | DEBUG    | localization_association_rule_mining:__call__:394 - |travel                        |    4.71|travel                                                      |0.588235|    8.00|0.909091|0.625000|       8|       0
2022-11-09 17:00:01.835 | DEBUG    | localization_association_rule_mining:__call__:394 - |preserve                      |    0.36|preserve                                                    |0.181818|    2.00|0.181818|1.000000|       2|       0
2022-11-09 17:00:01.835 | DEBUG    | localization_association_rule_mining:__call__:394 - |config                        |    0.00|config                                                      |0.363636|    0.00|0.363636|1.000000|       0|       0
2022-11-09 17:00:01.835 | DEBUG    | localization_association_rule_mining:__call__:394 - |order                         |    0.00|order                                                       |0.109589|    0.00|0.727273|0.114286|       0|       0
2022-11-09 17:00:01.835 | DEBUG    | localization_association_rule_mining:__call__:394 - |security                      |    0.00|security                                                    |0.181818|    0.00|0.181818|1.000000|       0|       0
2022-11-09 17:00:01.835 | DEBUG    | localization_association_rule_mining:__call__:394 - |seat                          |    0.00|seat                                                        |0.909091|    0.00|0.909091|1.000000|       0|       0
2022-11-09 17:00:01.835 | DEBUG    | localization_association_rule_mining:__call__:394 - |ticketinfo                    |    0.00|ticketinfo                                                  |0.909091|    0.00|0.909091|1.000000|       0|       0
2022-11-09 17:00:01.835 | DEBUG    | localization_association_rule_mining:__call__:394 - |basic                         |    0.00|basic                                                       |0.909091|    0.00|0.909091|1.000000|       0|       0
2022-11-09 17:00:01.835 | DEBUG    | localization_association_rule_mining:__call__:394 - |order-other                   |   -1.00|                                                            |0.000000|    0.00|0.000000|0.000000|       0|       0
2022-11-09 17:00:01.835 | DEBUG    | localization_association_rule_mining:__call__:394 - |contacts                      |   -1.00|                                                            |0.000000|    0.00|0.000000|0.000000|       0|       0
2022-11-09 17:00:01.835 | DEBUG    | localization_association_rule_mining:__call__:394 - |notification                  |   -1.00|                                                            |0.000000|    0.00|0.000000|0.000000|       0|       0
2022-11-09 17:00:01.835 | DEBUG    | localization_association_rule_mining:__call__:394 - |cancel                        |   -1.00|                                                            |0.000000|    0.00|0.000000|0.000000|       0|       0
2022-11-09 17:00:01.836 | DEBUG    | localization_association_rule_mining:__call__:394 - |auth                          |   -1.00|                                                            |0.000000|    0.00|0.000000|0.000000|       0|       0
2022-11-09 17:00:01.836 | DEBUG    | localization_association_rule_mining:__call__:394 - |user                          |   -1.00|                                                            |0.000000|    0.00|0.000000|0.000000|       0|       0
2022-11-09 17:00:01.836 | DEBUG    | localization_association_rule_mining:__call__:394 - |verification-code             |   -1.00|                                                            |0.000000|    0.00|0.000000|0.000000|       0|       0
2022-11-09 17:00:01.836 | DEBUG    | localization_association_rule_mining:__call__:394 - |food-map                      |   -1.00|                                                            |0.000000|    0.00|0.000000|0.000000|       0|       0
2022-11-09 17:00:01.836 | DEBUG    | localization_association_rule_mining:__call__:394 - |assurance                     |   -1.00|                                                            |0.000000|    0.00|0.000000|0.000000|       0|       0
2022-11-09 17:00:01.836 | DEBUG    | localization_association_rule_mining:__call__:394 - |inside-payment                |   -1.00|                                                            |0.000000|    0.00|0.000000|0.000000|       0|       0
2022-11-09 17:00:01.836 | DEBUG    | localization_association_rule_mining:__call__:394 - |ts-ui-dashboard               |   -1.00|                                                            |0.000000|    0.00|0.000000|0.000000|       0|       0
2022-11-09 17:00:01.836 | DEBUG    | localization_association_rule_mining:__call__:394 - |food                          |   -1.00|                                                            |0.000000|    0.00|0.000000|0.000000|       0|       0
2022-11-09 17:00:01.836 | DEBUG    | localization_association_rule_mining:__call__:394 - |station                       |   -1.00|                                                            |0.000000|    0.00|0.000000|0.000000|       0|       0
2022-11-09 17:00:01.836 | DEBUG    | localization_association_rule_mining:__call__:394 - |payment                       |   -1.00|                                                            |0.000000|    0.00|0.000000|0.000000|       0|       0
2022-11-09 17:00:01.836 | DEBUG    | localization_association_rule_mining:__call__:394 - |consign                       |   -1.00|                                                            |0.000000|    0.00|0.000000|0.000000|       0|       0
