2022-10-31 19:48:35.741 | DEBUG    | localization_association_rule_mining:__call__:388 - |item                          |score   |pattern                                                     |ps      |ips     |p(a|b)  |p(b|a)  |in      |out     
2022-10-31 19:48:35.741 | DEBUG    | localization_association_rule_mining:__call__:392 - |station                       |   80.01|station                                                     |0.449495|  178.00|0.559748|0.695312|     178|       0
2022-10-31 19:48:35.741 | DEBUG    | localization_association_rule_mining:__call__:392 - |route                         |   32.08|route                                                       |0.317610|  101.00|0.317610|1.000000|     101|       0
2022-10-31 19:48:35.741 | DEBUG    | localization_association_rule_mining:__call__:392 - |order                         |   19.68|order                                                       |0.198807|   99.00|0.314465|0.350877|      99|       0
2022-10-31 19:48:35.741 | DEBUG    | localization_association_rule_mining:__call__:392 - |auth                          |   16.30|auth                                                        |0.223242|   73.00|0.229560|0.890244|       0|      73
2022-10-31 19:48:35.741 | DEBUG    | localization_association_rule_mining:__call__:392 - |food                          |   15.48|food                                                        |0.262346|   59.00|0.267296|0.934066|      12|      71
2022-10-31 19:48:35.741 | DEBUG    | localization_association_rule_mining:__call__:392 - |train                         |   13.29|train                                                       |0.204403|   65.00|0.204403|1.000000|      65|       0
2022-10-31 19:48:35.741 | DEBUG    | localization_association_rule_mining:__call__:392 - |verification-code             |   11.22|verification-code                                           |0.153684|   73.00|0.229560|0.317391|      73|       0
2022-10-31 19:48:35.742 | DEBUG    | localization_association_rule_mining:__call__:392 - |food-map                      |    8.83|food-map                                                    |0.166667|   53.00|0.166667|1.000000|      53|       0
2022-10-31 19:48:35.742 | DEBUG    | localization_association_rule_mining:__call__:392 - |config                        |    7.55|config                                                      |0.154088|   49.00|0.154088|1.000000|      49|       0
2022-10-31 19:48:35.742 | DEBUG    | localization_association_rule_mining:__call__:392 - |order-other                   |    5.67|order-other                                                 |0.195431|   29.00|0.242138|0.503268|      24|      53
2022-10-31 19:48:35.742 | DEBUG    | localization_association_rule_mining:__call__:392 - |seat                          |    3.97|seat                                                        |0.248428|   16.00|0.248428|1.000000|      57|      73
2022-10-31 19:48:35.742 | DEBUG    | localization_association_rule_mining:__call__:392 - |travel                        |    3.32|travel                                                      |0.415094|    8.00|0.415094|1.000000|      99|     107
2022-10-31 19:48:35.742 | DEBUG    | localization_association_rule_mining:__call__:392 - |preserve                      |    3.11|preserve                                                    |0.103774|   30.00|0.103774|1.000000|       0|      30
2022-10-31 19:48:35.742 | DEBUG    | localization_association_rule_mining:__call__:392 - |ticketinfo                    |    2.61|ticketinfo                                                  |0.261006|   10.00|0.261006|1.000000|      61|      71
2022-10-31 19:48:35.742 | DEBUG    | localization_association_rule_mining:__call__:392 - |basic                         |    1.29|basic                                                       |0.257862|    5.00|0.257862|1.000000|      71|      76
2022-10-31 19:48:35.742 | DEBUG    | localization_association_rule_mining:__call__:392 - |cancel                        |   -1.00|                                                            |0.000000|    0.00|0.000000|0.000000|       0|       0
2022-10-31 19:48:35.742 | DEBUG    | localization_association_rule_mining:__call__:392 - |travel2                       |   -1.00|                                                            |0.000000|    0.00|0.000000|0.000000|       0|       0
2022-10-31 19:48:35.742 | DEBUG    | localization_association_rule_mining:__call__:392 - |security                      |   -1.00|                                                            |0.000000|    0.00|0.000000|0.000000|       0|       0
2022-10-31 19:48:35.742 | DEBUG    | localization_association_rule_mining:__call__:392 - |contacts                      |   -1.00|                                                            |0.000000|    0.00|0.000000|0.000000|       0|       0
2022-10-31 19:48:35.742 | DEBUG    | localization_association_rule_mining:__call__:392 - |assurance                     |   -1.00|                                                            |0.000000|    0.00|0.000000|0.000000|       0|       0
2022-10-31 19:48:35.742 | DEBUG    | localization_association_rule_mining:__call__:392 - |user                          |   -1.00|                                                            |0.000000|    0.00|0.000000|0.000000|       0|       0
2022-10-31 19:48:35.742 | DEBUG    | localization_association_rule_mining:__call__:392 - |admin-order                   |   -1.00|                                                            |0.000000|    0.00|0.000000|0.000000|       0|       0
2022-10-31 19:48:35.742 | DEBUG    | localization_association_rule_mining:__call__:392 - |consign                       |   -1.00|                                                            |0.000000|    0.00|0.000000|0.000000|       0|       0
2022-10-31 19:48:35.742 | DEBUG    | localization_association_rule_mining:__call__:392 - |travel-plan                   |   -1.00|                                                            |0.000000|    0.00|0.000000|0.000000|       0|       0
2022-10-31 19:48:35.743 | DEBUG    | localization_association_rule_mining:__call__:392 - |payment                       |   -1.00|                                                            |0.000000|    0.00|0.000000|0.000000|       0|       0
2022-10-31 19:48:35.743 | DEBUG    | localization_association_rule_mining:__call__:392 - |inside-payment                |   -1.00|                                                            |0.000000|    0.00|0.000000|0.000000|       0|       0
2022-10-31 19:48:35.743 | DEBUG    | localization_association_rule_mining:__call__:392 - |route-plan                    |   -1.00|                                                            |0.000000|    0.00|0.000000|0.000000|       0|       0
2022-10-31 19:48:35.743 | DEBUG    | localization_association_rule_mining:__call__:392 - |notification                  |   -1.00|                                                            |0.000000|    0.00|0.000000|0.000000|       0|       0
2022-10-31 19:48:35.743 | DEBUG    | localization_association_rule_mining:__call__:392 - |price                         |   -1.00|                                                            |0.000000|    0.00|0.000000|0.000000|       0|       0
2022-10-31 19:48:35.743 | DEBUG    | localization_association_rule_mining:__call__:392 - |ts-ui-dashboard               |   -1.00|                                                            |0.000000|    0.00|0.000000|0.000000|       0|       0
