2022-11-16 16:46:54.792 | DEBUG    | localization_association_rule_mining:__call__:390 - |item                          |score   |pattern                                                     |ps      |ips     |p(a|b)  |p(b|a)  |in      |out     
2022-11-16 16:46:54.792 | DEBUG    | localization_association_rule_mining:__call__:394 - |order                         |   58.23|order                                                       |0.820144|   71.00|0.912000|0.890625|     103|      32
2022-11-16 16:46:54.792 | DEBUG    | localization_association_rule_mining:__call__:394 - |station                       |   10.71|station                                                     |0.334783|   32.00|0.616000|0.423077|      32|       0
2022-11-16 16:46:54.792 | DEBUG    | localization_association_rule_mining:__call__:394 - |travel                        |    3.24|travel                                                      |0.202247|   16.00|0.288000|0.404494|      12|      28
2022-11-16 16:46:54.792 | DEBUG    | localization_association_rule_mining:__call__:394 - |cancel                        |    2.00|cancel                                                      |0.166667|   12.00|0.168000|0.954545|       5|      17
2022-11-16 16:46:54.792 | DEBUG    | localization_association_rule_mining:__call__:394 - |seat                          |    1.98|seat                                                        |0.283465|    7.00|0.288000|0.947368|      19|      26
2022-11-16 16:46:54.792 | DEBUG    | localization_association_rule_mining:__call__:394 - |preserve                      |    0.40|preserve                                                    |0.134921|    3.00|0.136000|0.944444|       9|      12
2022-11-16 16:46:54.792 | DEBUG    | localization_association_rule_mining:__call__:394 - |security                      |    0.35|security                                                    |0.118110|    3.00|0.120000|0.882353|       8|      11
2022-11-16 16:46:54.792 | DEBUG    | localization_association_rule_mining:__call__:394 - |basic                         |    0.00|basic                                                       |0.286822|    0.00|0.296000|0.902439|       0|       0
2022-11-16 16:46:54.793 | DEBUG    | localization_association_rule_mining:__call__:394 - |route                         |    0.00|route                                                       |0.197531|    0.00|0.256000|0.463768|       0|       0
2022-11-16 16:46:54.793 | DEBUG    | localization_association_rule_mining:__call__:394 - |config                        |    0.00|config                                                      |0.160000|    0.00|0.160000|1.000000|       0|       0
2022-11-16 16:46:54.793 | DEBUG    | localization_association_rule_mining:__call__:394 - |ticketinfo                    |    0.00|ticketinfo                                                  |0.279070|    0.00|0.288000|0.900000|       0|       0
2022-11-16 16:46:54.793 | DEBUG    | localization_association_rule_mining:__call__:394 - |price                         |    0.00|price                                                       |0.133858|    0.00|0.136000|0.894737|       0|       0
2022-11-16 16:46:54.793 | DEBUG    | localization_association_rule_mining:__call__:394 - |train                         |    0.00|train                                                       |0.218750|    0.00|0.224000|0.903226|       0|       0
2022-11-16 16:46:54.793 | DEBUG    | localization_association_rule_mining:__call__:394 - |order-other                   |   -1.00|                                                            |0.000000|    0.00|0.000000|0.000000|       0|       0
2022-11-16 16:46:54.793 | DEBUG    | localization_association_rule_mining:__call__:394 - |preserve-other                |   -1.00|                                                            |0.000000|    0.00|0.000000|0.000000|       0|       0
2022-11-16 16:46:54.793 | DEBUG    | localization_association_rule_mining:__call__:394 - |consign                       |   -1.00|                                                            |0.000000|    0.00|0.000000|0.000000|       0|       0
2022-11-16 16:46:54.793 | DEBUG    | localization_association_rule_mining:__call__:394 - |route-plan                    |   -1.00|                                                            |0.000000|    0.00|0.000000|0.000000|       0|       0
2022-11-16 16:46:54.793 | DEBUG    | localization_association_rule_mining:__call__:394 - |inside-payment                |   -1.00|                                                            |0.000000|    0.00|0.000000|0.000000|       0|       0
2022-11-16 16:46:54.793 | DEBUG    | localization_association_rule_mining:__call__:394 - |notification                  |   -1.00|                                                            |0.000000|    0.00|0.000000|0.000000|       0|       0
2022-11-16 16:46:54.793 | DEBUG    | localization_association_rule_mining:__call__:394 - |user                          |   -1.00|                                                            |0.000000|    0.00|0.000000|0.000000|       0|       0
2022-11-16 16:46:54.793 | DEBUG    | localization_association_rule_mining:__call__:394 - |travel-plan                   |   -1.00|                                                            |0.000000|    0.00|0.000000|0.000000|       0|       0
2022-11-16 16:46:54.793 | DEBUG    | localization_association_rule_mining:__call__:394 - |auth                          |   -1.00|                                                            |0.000000|    0.00|0.000000|0.000000|       0|       0
2022-11-16 16:46:54.793 | DEBUG    | localization_association_rule_mining:__call__:394 - |travel2                       |   -1.00|                                                            |0.000000|    0.00|0.000000|0.000000|       0|       0
2022-11-16 16:46:54.793 | DEBUG    | localization_association_rule_mining:__call__:394 - |contacts                      |   -1.00|                                                            |0.000000|    0.00|0.000000|0.000000|       0|       0
2022-11-16 16:46:54.793 | DEBUG    | localization_association_rule_mining:__call__:394 - |food                          |   -1.00|                                                            |0.000000|    0.00|0.000000|0.000000|       0|       0
2022-11-16 16:46:54.793 | DEBUG    | localization_association_rule_mining:__call__:394 - |payment                       |   -1.00|                                                            |0.000000|    0.00|0.000000|0.000000|       0|       0
2022-11-16 16:46:54.793 | DEBUG    | localization_association_rule_mining:__call__:394 - |food-map                      |   -1.00|                                                            |0.000000|    0.00|0.000000|0.000000|       0|       0
2022-11-16 16:46:54.794 | DEBUG    | localization_association_rule_mining:__call__:394 - |assurance                     |   -1.00|                                                            |0.000000|    0.00|0.000000|0.000000|       0|       0
2022-11-16 16:46:54.794 | DEBUG    | localization_association_rule_mining:__call__:394 - |verification-code             |   -1.00|                                                            |0.000000|    0.00|0.000000|0.000000|       0|       0
2022-11-16 16:46:54.794 | DEBUG    | localization_association_rule_mining:__call__:394 - |ts-ui-dashboard               |   -1.00|                                                            |0.000000|    0.00|0.000000|0.000000|       0|       0
