2022-10-28 00:04:41.837 | DEBUG    | localization_association_rule_mining:__call__:388 - |item                          |score   |pattern                                                     |ps      |ips     |p(a|b)  |p(b|a)  |in      |out     
2022-10-28 00:04:41.837 | DEBUG    | localization_association_rule_mining:__call__:392 - |order                         |   58.65|order                                                       |0.826087|   71.00|0.919355|0.890625|     103|      32
2022-10-28 00:04:41.837 | DEBUG    | localization_association_rule_mining:__call__:392 - |station                       |   10.76|station                                                     |0.336245|   32.00|0.620968|0.423077|      32|       0
2022-10-28 00:04:41.837 | DEBUG    | localization_association_rule_mining:__call__:392 - |travel                        |    3.25|travel                                                      |0.203390|   16.00|0.290323|0.404494|      12|      28
2022-10-28 00:04:41.837 | DEBUG    | localization_association_rule_mining:__call__:392 - |cancel                        |    2.06|cancel                                                      |0.158730|   13.00|0.161290|0.909091|       4|      17
2022-10-28 00:04:41.837 | DEBUG    | localization_association_rule_mining:__call__:392 - |seat                          |    2.00|seat                                                        |0.285714|    7.00|0.290323|0.947368|      19|      26
2022-10-28 00:04:41.837 | DEBUG    | localization_association_rule_mining:__call__:392 - |preserve                      |    0.41|preserve                                                    |0.136000|    3.00|0.137097|0.944444|       9|      12
2022-10-28 00:04:41.837 | DEBUG    | localization_association_rule_mining:__call__:392 - |security                      |    0.36|security                                                    |0.119048|    3.00|0.120968|0.882353|       8|      11
2022-10-28 00:04:41.837 | DEBUG    | localization_association_rule_mining:__call__:392 - |train                         |    0.00|train                                                       |0.220472|    0.00|0.225806|0.903226|       0|       0
2022-10-28 00:04:41.838 | DEBUG    | localization_association_rule_mining:__call__:392 - |basic                         |    0.00|basic                                                       |0.289062|    0.00|0.298387|0.902439|       0|       0
2022-10-28 00:04:41.838 | DEBUG    | localization_association_rule_mining:__call__:392 - |price                         |    0.00|price                                                       |0.134921|    0.00|0.137097|0.894737|       0|       0
2022-10-28 00:04:41.838 | DEBUG    | localization_association_rule_mining:__call__:392 - |config                        |    0.00|config                                                      |0.161290|    0.00|0.161290|1.000000|       0|       0
2022-10-28 00:04:41.838 | DEBUG    | localization_association_rule_mining:__call__:392 - |route                         |    0.00|route                                                       |0.198758|    0.00|0.258065|0.463768|       0|       0
2022-10-28 00:04:41.838 | DEBUG    | localization_association_rule_mining:__call__:392 - |ticketinfo                    |    0.00|ticketinfo                                                  |0.281250|    0.00|0.290323|0.900000|       0|       0
2022-10-28 00:04:41.838 | DEBUG    | localization_association_rule_mining:__call__:392 - |order-other                   |   -1.00|                                                            |0.000000|    0.00|0.000000|0.000000|       0|       0
2022-10-28 00:04:41.838 | DEBUG    | localization_association_rule_mining:__call__:392 - |ts-ui-dashboard               |   -1.00|                                                            |0.000000|    0.00|0.000000|0.000000|       0|       0
2022-10-28 00:04:41.838 | DEBUG    | localization_association_rule_mining:__call__:392 - |travel2                       |   -1.00|                                                            |0.000000|    0.00|0.000000|0.000000|       0|       0
2022-10-28 00:04:41.838 | DEBUG    | localization_association_rule_mining:__call__:392 - |food                          |   -1.00|                                                            |0.000000|    0.00|0.000000|0.000000|       0|       0
2022-10-28 00:04:41.838 | DEBUG    | localization_association_rule_mining:__call__:392 - |verification-code             |   -1.00|                                                            |0.000000|    0.00|0.000000|0.000000|       0|       0
2022-10-28 00:04:41.838 | DEBUG    | localization_association_rule_mining:__call__:392 - |user                          |   -1.00|                                                            |0.000000|    0.00|0.000000|0.000000|       0|       0
2022-10-28 00:04:41.838 | DEBUG    | localization_association_rule_mining:__call__:392 - |auth                          |   -1.00|                                                            |0.000000|    0.00|0.000000|0.000000|       0|       0
2022-10-28 00:04:41.838 | DEBUG    | localization_association_rule_mining:__call__:392 - |travel-plan                   |   -1.00|                                                            |0.000000|    0.00|0.000000|0.000000|       0|       0
2022-10-28 00:04:41.838 | DEBUG    | localization_association_rule_mining:__call__:392 - |assurance                     |   -1.00|                                                            |0.000000|    0.00|0.000000|0.000000|       0|       0
2022-10-28 00:04:41.838 | DEBUG    | localization_association_rule_mining:__call__:392 - |food-map                      |   -1.00|                                                            |0.000000|    0.00|0.000000|0.000000|       0|       0
2022-10-28 00:04:41.838 | DEBUG    | localization_association_rule_mining:__call__:392 - |notification                  |   -1.00|                                                            |0.000000|    0.00|0.000000|0.000000|       0|       0
2022-10-28 00:04:41.838 | DEBUG    | localization_association_rule_mining:__call__:392 - |consign                       |   -1.00|                                                            |0.000000|    0.00|0.000000|0.000000|       0|       0
2022-10-28 00:04:41.838 | DEBUG    | localization_association_rule_mining:__call__:392 - |route-plan                    |   -1.00|                                                            |0.000000|    0.00|0.000000|0.000000|       0|       0
2022-10-28 00:04:41.838 | DEBUG    | localization_association_rule_mining:__call__:392 - |preserve-other                |   -1.00|                                                            |0.000000|    0.00|0.000000|0.000000|       0|       0
2022-10-28 00:04:41.839 | DEBUG    | localization_association_rule_mining:__call__:392 - |inside-payment                |   -1.00|                                                            |0.000000|    0.00|0.000000|0.000000|       0|       0
2022-10-28 00:04:41.839 | DEBUG    | localization_association_rule_mining:__call__:392 - |contacts                      |   -1.00|                                                            |0.000000|    0.00|0.000000|0.000000|       0|       0
2022-10-28 00:04:41.839 | DEBUG    | localization_association_rule_mining:__call__:392 - |payment                       |   -1.00|                                                            |0.000000|    0.00|0.000000|0.000000|       0|       0
