2022-11-16 15:29:36.368 | DEBUG    | localization_association_rule_mining:__call__:390 - |item                          |score   |pattern                                                     |ps      |ips     |p(a|b)  |p(b|a)  |in      |out     
2022-11-16 15:29:36.369 | DEBUG    | localization_association_rule_mining:__call__:394 - |travel                        |   16.65|travel                                                      |0.756757|   22.00|0.756757|1.000000|      24|       2
2022-11-16 15:29:36.369 | DEBUG    | localization_association_rule_mining:__call__:394 - |food                          |    5.41|food                                                        |0.675676|    8.00|0.675676|1.000000|      25|      17
2022-11-16 15:29:36.369 | DEBUG    | localization_association_rule_mining:__call__:394 - |seat                          |    0.65|seat                                                        |0.162162|    4.00|0.162162|1.000000|       2|       6
2022-11-16 15:29:36.369 | DEBUG    | localization_association_rule_mining:__call__:394 - |inside-payment                |    0.58|inside-payment                                              |0.116279|    5.00|0.135135|0.454545|       5|       0
2022-11-16 15:29:36.369 | DEBUG    | localization_association_rule_mining:__call__:394 - |order                         |    0.00|order                                                       |0.063291|    0.00|0.135135|0.106383|       0|       0
2022-11-16 15:29:36.369 | DEBUG    | localization_association_rule_mining:__call__:394 - |basic                         |    0.00|basic                                                       |0.162162|    0.00|0.162162|1.000000|       0|       0
2022-11-16 15:29:36.369 | DEBUG    | localization_association_rule_mining:__call__:394 - |food-map                      |    0.00|food-map                                                    |0.594595|    0.00|0.594595|1.000000|       0|       0
2022-11-16 15:29:36.369 | DEBUG    | localization_association_rule_mining:__call__:394 - |station                       |    0.00|station                                                     |0.373333|    0.00|0.756757|0.424242|       0|       0
2022-11-16 15:29:36.369 | DEBUG    | localization_association_rule_mining:__call__:394 - |route                         |    0.00|route                                                       |0.621622|    0.00|0.621622|1.000000|       0|       0
2022-11-16 15:29:36.369 | DEBUG    | localization_association_rule_mining:__call__:394 - |train                         |    0.00|train                                                       |0.135135|    0.00|0.135135|1.000000|       0|       0
2022-11-16 15:29:36.369 | DEBUG    | localization_association_rule_mining:__call__:394 - |ticketinfo                    |    0.00|ticketinfo                                                  |0.135135|    0.00|0.135135|1.000000|       0|       0
2022-11-16 15:29:36.369 | DEBUG    | localization_association_rule_mining:__call__:394 - |contacts                      |   -1.00|                                                            |0.000000|    0.00|0.000000|0.000000|       0|       0
2022-11-16 15:29:36.369 | DEBUG    | localization_association_rule_mining:__call__:394 - |security                      |   -1.00|                                                            |0.000000|    0.00|0.000000|0.000000|       0|       0
2022-11-16 15:29:36.369 | DEBUG    | localization_association_rule_mining:__call__:394 - |admin-order                   |   -1.00|                                                            |0.000000|    0.00|0.000000|0.000000|       0|       0
2022-11-16 15:29:36.370 | DEBUG    | localization_association_rule_mining:__call__:394 - |order-other                   |   -1.00|                                                            |0.000000|    0.00|0.000000|0.000000|       0|       0
2022-11-16 15:29:36.370 | DEBUG    | localization_association_rule_mining:__call__:394 - |assurance                     |   -1.00|                                                            |0.000000|    0.00|0.000000|0.000000|       0|       0
2022-11-16 15:29:36.370 | DEBUG    | localization_association_rule_mining:__call__:394 - |config                        |   -1.00|                                                            |0.000000|    0.00|0.000000|0.000000|       0|       0
2022-11-16 15:29:36.370 | DEBUG    | localization_association_rule_mining:__call__:394 - |price                         |   -1.00|                                                            |0.000000|    0.00|0.000000|0.000000|       0|       0
2022-11-16 15:29:36.370 | DEBUG    | localization_association_rule_mining:__call__:394 - |payment                       |   -1.00|                                                            |0.000000|    0.00|0.000000|0.000000|       0|       0
2022-11-16 15:29:36.370 | DEBUG    | localization_association_rule_mining:__call__:394 - |travel-plan                   |   -1.00|                                                            |0.000000|    0.00|0.000000|0.000000|       0|       0
2022-11-16 15:29:36.370 | DEBUG    | localization_association_rule_mining:__call__:394 - |auth                          |   -1.00|                                                            |0.000000|    0.00|0.000000|0.000000|       0|       0
2022-11-16 15:29:36.370 | DEBUG    | localization_association_rule_mining:__call__:394 - |ts-ui-dashboard               |   -1.00|                                                            |0.000000|    0.00|0.000000|0.000000|       0|       0
2022-11-16 15:29:36.370 | DEBUG    | localization_association_rule_mining:__call__:394 - |preserve                      |   -1.00|                                                            |0.000000|    0.00|0.000000|0.000000|       0|       0
2022-11-16 15:29:36.370 | DEBUG    | localization_association_rule_mining:__call__:394 - |user                          |   -1.00|                                                            |0.000000|    0.00|0.000000|0.000000|       0|       0
2022-11-16 15:29:36.370 | DEBUG    | localization_association_rule_mining:__call__:394 - |notification                  |   -1.00|                                                            |0.000000|    0.00|0.000000|0.000000|       0|       0
2022-11-16 15:29:36.370 | DEBUG    | localization_association_rule_mining:__call__:394 - |verification-code             |   -1.00|                                                            |0.000000|    0.00|0.000000|0.000000|       0|       0
2022-11-16 15:29:36.370 | DEBUG    | localization_association_rule_mining:__call__:394 - |consign                       |   -1.00|                                                            |0.000000|    0.00|0.000000|0.000000|       0|       0
2022-11-16 15:29:36.370 | DEBUG    | localization_association_rule_mining:__call__:394 - |cancel                        |   -1.00|                                                            |0.000000|    0.00|0.000000|0.000000|       0|       0
