2022-10-21 02:23:42.055 | DEBUG    | localization_association_rule_mining:__call__:388 - |item                          |score   |pattern                                                     |ps      |ips     |p(a|b)  |p(b|a)  |in      |out     
2022-10-21 02:23:42.055 | DEBUG    | localization_association_rule_mining:__call__:392 - |station                       |    5.22|station                                                     |0.652174|    8.00|0.789474|0.789474|       8|       0
2022-10-21 02:23:42.056 | DEBUG    | localization_association_rule_mining:__call__:392 - |basic                         |    3.55|basic                                                       |0.590909|    6.00|0.684211|0.812500|      12|       6
2022-10-21 02:23:42.056 | DEBUG    | localization_association_rule_mining:__call__:392 - |ui-dashboard                  |    3.33|ui-dashboard                                                |0.333333|   10.00|1.000000|0.333333|       0|      10
2022-10-21 02:23:42.056 | DEBUG    | localization_association_rule_mining:__call__:392 - |travel                        |    2.61|travel                                                      |0.652174|    4.00|0.789474|0.789474|       8|      12
2022-10-21 02:23:42.056 | DEBUG    | localization_association_rule_mining:__call__:392 - |food                          |    0.20|food                                                        |0.100000|    2.00|0.105263|0.666667|       2|       0
2022-10-21 02:23:42.056 | DEBUG    | localization_association_rule_mining:__call__:392 - |order-other                   |    0.18|order-other                                                 |0.090909|    2.00|0.105263|0.400000|       0|       2
2022-10-21 02:23:42.056 | DEBUG    | localization_association_rule_mining:__call__:392 - |order                         |    0.13|order                                                       |0.130435|    1.00|0.157895|0.428571|       1|       0
2022-10-21 02:23:42.056 | DEBUG    | localization_association_rule_mining:__call__:392 - |security                      |    0.10|security                                                    |0.100000|    1.00|0.105263|0.666667|       2|       1
2022-10-21 02:23:42.056 | DEBUG    | localization_association_rule_mining:__call__:392 - |route-plan                    |    0.00|route-plan                                                  |0.208333|    0.00|0.263158|0.500000|       0|       0
2022-10-21 02:23:42.056 | DEBUG    | localization_association_rule_mining:__call__:392 - |food-map                      |    0.00|food-map                                                    |0.100000|    0.00|0.105263|0.666667|       0|       0
2022-10-21 02:23:42.056 | DEBUG    | localization_association_rule_mining:__call__:392 - |travel-plan                   |    0.00|travel-plan                                                 |0.208333|    0.00|0.263158|0.500000|       0|       0
2022-10-21 02:23:42.056 | DEBUG    | localization_association_rule_mining:__call__:392 - |route                         |    0.00|route                                                       |0.173913|    0.00|0.210526|0.500000|       0|       0
2022-10-21 02:23:42.056 | DEBUG    | localization_association_rule_mining:__call__:392 - |ticketinfo                    |    0.00|ticketinfo                                                  |0.590909|    0.00|0.684211|0.812500|      12|      12
2022-10-21 02:23:42.056 | DEBUG    | localization_association_rule_mining:__call__:392 - |preserve                      |   -1.00|                                                            |0.000000|    0.00|0.000000|0.000000|       0|       0
2022-10-21 02:23:42.056 | DEBUG    | localization_association_rule_mining:__call__:392 - |preserve-other                |   -1.00|                                                            |0.000000|    0.00|0.000000|0.000000|       0|       0
2022-10-21 02:23:42.056 | DEBUG    | localization_association_rule_mining:__call__:392 - |consign                       |   -1.00|                                                            |0.000000|    0.00|0.000000|0.000000|       0|       0
2022-10-21 02:23:42.056 | DEBUG    | localization_association_rule_mining:__call__:392 - |config                        |   -1.00|                                                            |0.000000|    0.00|0.000000|0.000000|       0|       0
2022-10-21 02:23:42.056 | DEBUG    | localization_association_rule_mining:__call__:392 - |train                         |   -1.00|                                                            |0.000000|    0.00|0.000000|0.000000|       0|       0
2022-10-21 02:23:42.057 | DEBUG    | localization_association_rule_mining:__call__:392 - |verification-code             |   -1.00|                                                            |0.000000|    0.00|0.000000|0.000000|       0|       0
2022-10-21 02:23:42.057 | DEBUG    | localization_association_rule_mining:__call__:392 - |auth                          |   -1.00|                                                            |0.000000|    0.00|0.000000|0.000000|       0|       0
2022-10-21 02:23:42.057 | DEBUG    | localization_association_rule_mining:__call__:392 - |contacts                      |   -1.00|                                                            |0.000000|    0.00|0.000000|0.000000|       0|       0
2022-10-21 02:23:42.057 | DEBUG    | localization_association_rule_mining:__call__:392 - |price                         |   -1.00|                                                            |0.000000|    0.00|0.000000|0.000000|       0|       0
2022-10-21 02:23:42.057 | DEBUG    | localization_association_rule_mining:__call__:392 - |travel2                       |   -1.00|                                                            |0.000000|    0.00|0.000000|0.000000|       0|       0
2022-10-21 02:23:42.057 | DEBUG    | localization_association_rule_mining:__call__:392 - |assurance                     |   -1.00|                                                            |0.000000|    0.00|0.000000|0.000000|       0|       0
2022-10-21 02:23:42.057 | DEBUG    | localization_association_rule_mining:__call__:392 - |seat                          |   -1.00|                                                            |0.000000|    0.00|0.000000|0.000000|       0|       0
