2022-10-31 19:46:39.663 | DEBUG    | localization_association_rule_mining:__call__:388 - |item                          |score   |pattern                                                     |ps      |ips     |p(a|b)  |p(b|a)  |in      |out     
2022-10-31 19:46:39.663 | DEBUG    | localization_association_rule_mining:__call__:392 - |station                       |  117.45|station                                                     |0.450000|  261.00|0.602771|0.639706|     261|       0
2022-10-31 19:46:39.663 | DEBUG    | localization_association_rule_mining:__call__:392 - |route                         |   33.18|route                                                       |0.276498|  120.00|0.277136|0.991736|     120|       0
2022-10-31 19:46:39.663 | DEBUG    | localization_association_rule_mining:__call__:392 - |food                          |   25.82|food                                                        |0.260771|   99.00|0.265589|0.934959|       5|     104
2022-10-31 19:46:39.663 | DEBUG    | localization_association_rule_mining:__call__:392 - |order-other                   |   25.67|order-other                                                 |0.251656|  102.00|0.351039|0.470588|      25|     127
2022-10-31 19:46:39.663 | DEBUG    | localization_association_rule_mining:__call__:392 - |food-map                      |   17.68|food-map                                                    |0.203233|   87.00|0.203233|1.000000|      87|       0
2022-10-31 19:46:39.664 | DEBUG    | localization_association_rule_mining:__call__:392 - |order                         |   15.58|order                                                       |0.136691|  114.00|0.263279|0.221359|     114|       0
2022-10-31 19:46:39.664 | DEBUG    | localization_association_rule_mining:__call__:392 - |travel                        |   14.47|travel                                                      |0.370968|   39.00|0.371824|0.993827|      95|     134
2022-10-31 19:46:39.664 | DEBUG    | localization_association_rule_mining:__call__:392 - |cancel                        |   11.34|cancel                                                      |0.155319|   73.00|0.168591|0.663636|       0|      73
2022-10-31 19:46:39.664 | DEBUG    | localization_association_rule_mining:__call__:392 - |train                         |    7.50|train                                                       |0.131640|   57.00|0.131640|1.000000|      57|       0
2022-10-31 19:46:39.664 | DEBUG    | localization_association_rule_mining:__call__:392 - |auth                          |    4.27|auth                                                        |0.097130|   44.00|0.101617|0.687500|       0|      44
2022-10-31 19:46:39.664 | DEBUG    | localization_association_rule_mining:__call__:392 - |basic                         |    3.19|basic                                                       |0.159353|   20.00|0.159353|1.000000|      46|      66
2022-10-31 19:46:39.664 | DEBUG    | localization_association_rule_mining:__call__:392 - |verification-code             |    2.98|verification-code                                           |0.067797|   44.00|0.101617|0.169231|      44|       0
2022-10-31 19:46:39.664 | DEBUG    | localization_association_rule_mining:__call__:392 - |seat                          |    2.37|seat                                                        |0.124711|   19.00|0.124711|1.000000|      31|      50
2022-10-31 19:46:39.664 | DEBUG    | localization_association_rule_mining:__call__:392 - |ticketinfo                    |    1.13|ticketinfo                                                  |0.140878|    8.00|0.140878|1.000000|      54|      46
2022-10-31 19:46:39.664 | DEBUG    | localization_association_rule_mining:__call__:392 - |security                      |   -1.00|                                                            |0.000000|    0.00|0.000000|0.000000|       0|       0
2022-10-31 19:46:39.664 | DEBUG    | localization_association_rule_mining:__call__:392 - |contacts                      |   -1.00|                                                            |0.000000|    0.00|0.000000|0.000000|       0|       0
2022-10-31 19:46:39.664 | DEBUG    | localization_association_rule_mining:__call__:392 - |inside-payment                |   -1.00|                                                            |0.000000|    0.00|0.000000|0.000000|       0|       0
2022-10-31 19:46:39.664 | DEBUG    | localization_association_rule_mining:__call__:392 - |assurance                     |   -1.00|                                                            |0.000000|    0.00|0.000000|0.000000|       0|       0
2022-10-31 19:46:39.664 | DEBUG    | localization_association_rule_mining:__call__:392 - |route-plan                    |   -1.00|                                                            |0.000000|    0.00|0.000000|0.000000|       0|       0
2022-10-31 19:46:39.664 | DEBUG    | localization_association_rule_mining:__call__:392 - |user                          |   -1.00|                                                            |0.000000|    0.00|0.000000|0.000000|       0|       0
2022-10-31 19:46:39.664 | DEBUG    | localization_association_rule_mining:__call__:392 - |admin-order                   |   -1.00|                                                            |0.000000|    0.00|0.000000|0.000000|       0|       0
2022-10-31 19:46:39.664 | DEBUG    | localization_association_rule_mining:__call__:392 - |price                         |   -1.00|                                                            |0.000000|    0.00|0.000000|0.000000|       0|       0
2022-10-31 19:46:39.665 | DEBUG    | localization_association_rule_mining:__call__:392 - |travel-plan                   |   -1.00|                                                            |0.000000|    0.00|0.000000|0.000000|       0|       0
2022-10-31 19:46:39.665 | DEBUG    | localization_association_rule_mining:__call__:392 - |payment                       |   -1.00|                                                            |0.000000|    0.00|0.000000|0.000000|       0|       0
2022-10-31 19:46:39.665 | DEBUG    | localization_association_rule_mining:__call__:392 - |travel2                       |   -1.00|                                                            |0.000000|    0.00|0.000000|0.000000|       0|       0
2022-10-31 19:46:39.665 | DEBUG    | localization_association_rule_mining:__call__:392 - |ts-ui-dashboard               |   -1.00|                                                            |0.000000|    0.00|0.000000|0.000000|       0|       0
2022-10-31 19:46:39.665 | DEBUG    | localization_association_rule_mining:__call__:392 - |preserve-other                |   -1.00|                                                            |0.000000|    0.00|0.000000|0.000000|       0|       0
2022-10-31 19:46:39.665 | DEBUG    | localization_association_rule_mining:__call__:392 - |notification                  |   -1.00|                                                            |0.000000|    0.00|0.000000|0.000000|       0|       0
2022-10-31 19:46:39.665 | DEBUG    | localization_association_rule_mining:__call__:392 - |consign                       |   -1.00|                                                            |0.000000|    0.00|0.000000|0.000000|       0|       0
2022-10-31 19:46:39.665 | DEBUG    | localization_association_rule_mining:__call__:392 - |config                        |   -1.00|                                                            |0.000000|    0.00|0.000000|0.000000|       0|       0
2022-10-31 19:46:39.665 | DEBUG    | localization_association_rule_mining:__call__:392 - |preserve                      |   -1.00|                                                            |0.000000|    0.00|0.000000|0.000000|       0|       0
