2022-10-31 19:46:44.815 | DEBUG    | localization_association_rule_mining:__call__:388 - |item                          |score   |pattern                                                     |ps      |ips     |p(a|b)  |p(b|a)  |in      |out     
2022-10-31 19:46:44.815 | DEBUG    | localization_association_rule_mining:__call__:392 - |station                       |   39.75|station                                                     |0.509677|   78.00|0.622047|0.738318|      78|       0
2022-10-31 19:46:44.815 | DEBUG    | localization_association_rule_mining:__call__:392 - |route                         |   25.38|route                                                       |0.445312|   57.00|0.448819|0.982759|      57|       0
2022-10-31 19:46:44.815 | DEBUG    | localization_association_rule_mining:__call__:392 - |travel                        |   20.78|travel                                                      |0.546875|   38.00|0.551181|0.985915|      24|      62
2022-10-31 19:46:44.815 | DEBUG    | localization_association_rule_mining:__call__:392 - |train                         |    9.65|train                                                       |0.275591|   35.00|0.275591|1.000000|      35|       0
2022-10-31 19:46:44.815 | DEBUG    | localization_association_rule_mining:__call__:392 - |food                          |    5.71|food                                                        |0.300752|   19.00|0.314961|0.869565|       7|      26
2022-10-31 19:46:44.815 | DEBUG    | localization_association_rule_mining:__call__:392 - |food-map                      |    4.92|food-map                                                    |0.196850|   25.00|0.196850|1.000000|      25|       0
2022-10-31 19:46:44.815 | DEBUG    | localization_association_rule_mining:__call__:392 - |seat                          |    4.92|seat                                                        |0.196850|   25.00|0.196850|1.000000|      25|       0
2022-10-31 19:46:44.815 | DEBUG    | localization_association_rule_mining:__call__:392 - |order                         |    3.19|order                                                       |0.138554|   23.00|0.181102|0.370968|      23|       0
2022-10-31 19:46:44.815 | DEBUG    | localization_association_rule_mining:__call__:392 - |price                         |    3.15|price                                                       |0.157480|   20.00|0.157480|1.000000|      20|       0
2022-10-31 19:46:44.816 | DEBUG    | localization_association_rule_mining:__call__:392 - |order-other                   |    3.03|order-other                                                 |0.216216|   14.00|0.251969|0.603774|       9|      23
2022-10-31 19:46:44.816 | DEBUG    | localization_association_rule_mining:__call__:392 - |preserve                      |    2.27|preserve                                                    |0.141732|   16.00|0.141732|1.000000|       0|      16
2022-10-31 19:46:44.816 | DEBUG    | localization_association_rule_mining:__call__:392 - |auth                          |    1.95|auth                                                        |0.108434|   18.00|0.141732|0.315789|       0|      18
2022-10-31 19:46:44.816 | DEBUG    | localization_association_rule_mining:__call__:392 - |basic                         |    1.23|basic                                                       |0.307087|    4.00|0.307087|1.000000|      34|      38
2022-10-31 19:46:44.816 | DEBUG    | localization_association_rule_mining:__call__:392 - |verification-code             |    1.00|verification-code                                           |0.055556|   18.00|0.141732|0.083721|      18|       0
2022-10-31 19:46:44.816 | DEBUG    | localization_association_rule_mining:__call__:392 - |ticketinfo                    |    0.60|ticketinfo                                                  |0.299213|    2.00|0.299213|1.000000|      36|      34
2022-10-31 19:46:44.816 | DEBUG    | localization_association_rule_mining:__call__:392 - |payment                       |   -1.00|                                                            |0.000000|    0.00|0.000000|0.000000|       0|       0
2022-10-31 19:46:44.816 | DEBUG    | localization_association_rule_mining:__call__:392 - |assurance                     |   -1.00|                                                            |0.000000|    0.00|0.000000|0.000000|       0|       0
2022-10-31 19:46:44.816 | DEBUG    | localization_association_rule_mining:__call__:392 - |cancel                        |   -1.00|                                                            |0.000000|    0.00|0.000000|0.000000|       0|       0
2022-10-31 19:46:44.816 | DEBUG    | localization_association_rule_mining:__call__:392 - |security                      |   -1.00|                                                            |0.000000|    0.00|0.000000|0.000000|       0|       0
2022-10-31 19:46:44.816 | DEBUG    | localization_association_rule_mining:__call__:392 - |consign                       |   -1.00|                                                            |0.000000|    0.00|0.000000|0.000000|       0|       0
2022-10-31 19:46:44.816 | DEBUG    | localization_association_rule_mining:__call__:392 - |travel-plan                   |   -1.00|                                                            |0.000000|    0.00|0.000000|0.000000|       0|       0
2022-10-31 19:46:44.816 | DEBUG    | localization_association_rule_mining:__call__:392 - |inside-payment                |   -1.00|                                                            |0.000000|    0.00|0.000000|0.000000|       0|       0
2022-10-31 19:46:44.816 | DEBUG    | localization_association_rule_mining:__call__:392 - |notification                  |   -1.00|                                                            |0.000000|    0.00|0.000000|0.000000|       0|       0
2022-10-31 19:46:44.816 | DEBUG    | localization_association_rule_mining:__call__:392 - |contacts                      |   -1.00|                                                            |0.000000|    0.00|0.000000|0.000000|       0|       0
2022-10-31 19:46:44.816 | DEBUG    | localization_association_rule_mining:__call__:392 - |user                          |   -1.00|                                                            |0.000000|    0.00|0.000000|0.000000|       0|       0
2022-10-31 19:46:44.816 | DEBUG    | localization_association_rule_mining:__call__:392 - |ts-ui-dashboard               |   -1.00|                                                            |0.000000|    0.00|0.000000|0.000000|       0|       0
