2022-11-03 23:33:27.323 | DEBUG    | localization_association_rule_mining:__call__:388 - |item                          |score   |pattern                                                     |ps      |ips     |p(a|b)  |p(b|a)  |in      |out     
2022-11-03 23:33:27.323 | DEBUG    | localization_association_rule_mining:__call__:392 - |route                         |   27.74|route                                                       |0.894737|   31.00|1.000000|0.894737|      31|       0
2022-11-03 23:33:27.324 | DEBUG    | localization_association_rule_mining:__call__:392 - |travel                        |   18.79|travel                                                      |0.894737|   21.00|1.000000|0.894737|      10|      31
2022-11-03 23:33:27.324 | DEBUG    | localization_association_rule_mining:__call__:392 - |seat                          |    8.61|seat                                                        |0.861111|   10.00|0.911765|0.939394|       0|      10
2022-11-03 23:33:27.324 | DEBUG    | localization_association_rule_mining:__call__:392 - |train                         |    2.67|train                                                       |0.888889|    3.00|0.941176|0.941176|       3|       0
2022-11-03 23:33:27.324 | DEBUG    | localization_association_rule_mining:__call__:392 - |ticketinfo                    |    0.92|ticketinfo                                                  |0.916667|    1.00|0.970588|0.942857|      16|      17
2022-11-03 23:33:27.324 | DEBUG    | localization_association_rule_mining:__call__:392 - |order                         |    0.00|order                                                       |0.815789|    0.00|0.911765|0.885714|       0|       0
2022-11-03 23:33:27.324 | DEBUG    | localization_association_rule_mining:__call__:392 - |price                         |    0.00|price                                                       |0.833333|    0.00|0.882353|0.937500|       0|       0
2022-11-03 23:33:27.324 | DEBUG    | localization_association_rule_mining:__call__:392 - |basic                         |    0.00|basic                                                       |0.916667|    0.00|0.970588|0.942857|      17|      17
2022-11-03 23:33:27.324 | DEBUG    | localization_association_rule_mining:__call__:392 - |station                       |    0.00|station                                                     |0.825000|    0.00|0.970588|0.846154|       0|       0
2022-11-03 23:33:27.324 | DEBUG    | localization_association_rule_mining:__call__:392 - |route-plan                    |   -1.00|                                                            |0.000000|    0.00|0.000000|0.000000|       0|       0
2022-11-03 23:33:27.324 | DEBUG    | localization_association_rule_mining:__call__:392 - |travel2                       |   -1.00|                                                            |0.000000|    0.00|0.000000|0.000000|       0|       0
2022-11-03 23:33:27.324 | DEBUG    | localization_association_rule_mining:__call__:392 - |ui-dashboard                  |   -1.00|                                                            |0.000000|    0.00|0.000000|0.000000|       0|       0
2022-11-03 23:33:27.324 | DEBUG    | localization_association_rule_mining:__call__:392 - |verification-code             |   -1.00|                                                            |0.000000|    0.00|0.000000|0.000000|       0|       0
2022-11-03 23:33:27.324 | DEBUG    | localization_association_rule_mining:__call__:392 - |preserve                      |   -1.00|                                                            |0.000000|    0.00|0.000000|0.000000|       0|       0
2022-11-03 23:33:27.324 | DEBUG    | localization_association_rule_mining:__call__:392 - |security                      |   -1.00|                                                            |0.000000|    0.00|0.000000|0.000000|       0|       0
2022-11-03 23:33:27.324 | DEBUG    | localization_association_rule_mining:__call__:392 - |order-other                   |   -1.00|                                                            |0.000000|    0.00|0.000000|0.000000|       0|       0
2022-11-03 23:33:27.324 | DEBUG    | localization_association_rule_mining:__call__:392 - |auth                          |   -1.00|                                                            |0.000000|    0.00|0.000000|0.000000|       0|       0
2022-11-03 23:33:27.324 | DEBUG    | localization_association_rule_mining:__call__:392 - |travel-plan                   |   -1.00|                                                            |0.000000|    0.00|0.000000|0.000000|       0|       0
2022-11-03 23:33:27.325 | DEBUG    | localization_association_rule_mining:__call__:392 - |contacts                      |   -1.00|                                                            |0.000000|    0.00|0.000000|0.000000|       0|       0
2022-11-03 23:33:27.325 | DEBUG    | localization_association_rule_mining:__call__:392 - |user                          |   -1.00|                                                            |0.000000|    0.00|0.000000|0.000000|       0|       0
2022-11-03 23:33:27.325 | DEBUG    | localization_association_rule_mining:__call__:392 - |config                        |   -1.00|                                                            |0.000000|    0.00|0.000000|0.000000|       0|       0
2022-11-03 23:33:27.325 | DEBUG    | localization_association_rule_mining:__call__:392 - |assurance                     |   -1.00|                                                            |0.000000|    0.00|0.000000|0.000000|       0|       0
2022-11-03 23:33:27.325 | DEBUG    | localization_association_rule_mining:__call__:392 - |food-map                      |   -1.00|                                                            |0.000000|    0.00|0.000000|0.000000|       0|       0
2022-11-03 23:33:27.325 | DEBUG    | localization_association_rule_mining:__call__:392 - |consign                       |   -1.00|                                                            |0.000000|    0.00|0.000000|0.000000|       0|       0
2022-11-03 23:33:27.325 | DEBUG    | localization_association_rule_mining:__call__:392 - |food                          |   -1.00|                                                            |0.000000|    0.00|0.000000|0.000000|       0|       0
