2022-10-21 02:14:04.922 | DEBUG    | localization_association_rule_mining:__call__:388 - |item                          |score   |pattern                                                     |ps      |ips     |p(a|b)  |p(b|a)  |in      |out     
2022-10-21 02:14:04.922 | DEBUG    | localization_association_rule_mining:__call__:392 - |train                         |   15.23|train                                                       |0.543860|   28.00|0.584906|0.885714|      28|       0
2022-10-21 02:14:04.922 | DEBUG    | localization_association_rule_mining:__call__:392 - |order                         |   10.70|order                                                       |0.369048|   29.00|0.584906|0.500000|      29|       0
2022-10-21 02:14:04.922 | DEBUG    | localization_association_rule_mining:__call__:392 - |basic                         |    7.83|basic                                                       |0.559322|   14.00|0.622642|0.846154|       0|      14
2022-10-21 02:14:04.922 | DEBUG    | localization_association_rule_mining:__call__:392 - |seat                          |    7.00|seat                                                        |0.368421|   19.00|0.396226|0.840000|      19|       0
2022-10-21 02:14:04.922 | DEBUG    | localization_association_rule_mining:__call__:392 - |travel                        |    6.89|travel                                                      |0.362637|   19.00|0.622642|0.464789|      11|      30
2022-10-21 02:14:04.922 | DEBUG    | localization_association_rule_mining:__call__:392 - |ticketinfo                    |    2.71|ticketinfo                                                  |0.542373|    5.00|0.603774|0.842105|       5|       0
2022-10-21 02:14:04.922 | DEBUG    | localization_association_rule_mining:__call__:392 - |security                      |    0.42|security                                                    |0.207547|    2.00|0.207547|1.000000|       4|       2
2022-10-21 02:14:04.923 | DEBUG    | localization_association_rule_mining:__call__:392 - |station                       |    0.31|station                                                     |0.311475|    1.00|0.716981|0.355140|       1|       0
2022-10-21 02:14:04.923 | DEBUG    | localization_association_rule_mining:__call__:392 - |preserve                      |    0.25|preserve                                                    |0.245614|    1.00|0.264151|0.777778|       7|       8
2022-10-21 02:14:04.923 | DEBUG    | localization_association_rule_mining:__call__:392 - |route                         |    0.00|route                                                       |0.337349|    0.00|0.528302|0.482759|       0|       0
2022-10-21 02:14:04.923 | DEBUG    | localization_association_rule_mining:__call__:392 - |price                         |    0.00|price                                                       |0.280702|    0.00|0.301887|0.800000|       0|       0
2022-10-21 02:14:04.923 | DEBUG    | localization_association_rule_mining:__call__:392 - |contacts                      |   -1.00|                                                            |0.000000|    0.00|0.000000|0.000000|       0|       0
2022-10-21 02:14:04.923 | DEBUG    | localization_association_rule_mining:__call__:392 - |user                          |   -1.00|                                                            |0.000000|    0.00|0.000000|0.000000|       0|       0
2022-10-21 02:14:04.923 | DEBUG    | localization_association_rule_mining:__call__:392 - |cancel                        |   -1.00|                                                            |0.000000|    0.00|0.000000|0.000000|       0|       0
2022-10-21 02:14:04.923 | DEBUG    | localization_association_rule_mining:__call__:392 - |ts-ui-dashboard               |   -1.00|                                                            |0.000000|    0.00|0.000000|0.000000|       0|       0
2022-10-21 02:14:04.923 | DEBUG    | localization_association_rule_mining:__call__:392 - |food-map                      |   -1.00|                                                            |0.000000|    0.00|0.000000|0.000000|       0|       0
2022-10-21 02:14:04.923 | DEBUG    | localization_association_rule_mining:__call__:392 - |order-other                   |   -1.00|                                                            |0.000000|    0.00|0.000000|0.000000|       0|       0
2022-10-21 02:14:04.923 | DEBUG    | localization_association_rule_mining:__call__:392 - |payment                       |   -1.00|                                                            |0.000000|    0.00|0.000000|0.000000|       0|       0
2022-10-21 02:14:04.923 | DEBUG    | localization_association_rule_mining:__call__:392 - |travel-plan                   |   -1.00|                                                            |0.000000|    0.00|0.000000|0.000000|       0|       0
2022-10-21 02:14:04.923 | DEBUG    | localization_association_rule_mining:__call__:392 - |notification                  |   -1.00|                                                            |0.000000|    0.00|0.000000|0.000000|       0|       0
2022-10-21 02:14:04.923 | DEBUG    | localization_association_rule_mining:__call__:392 - |auth                          |   -1.00|                                                            |0.000000|    0.00|0.000000|0.000000|       0|       0
2022-10-21 02:14:04.923 | DEBUG    | localization_association_rule_mining:__call__:392 - |food                          |   -1.00|                                                            |0.000000|    0.00|0.000000|0.000000|       0|       0
2022-10-21 02:14:04.923 | DEBUG    | localization_association_rule_mining:__call__:392 - |assurance                     |   -1.00|                                                            |0.000000|    0.00|0.000000|0.000000|       0|       0
2022-10-21 02:14:04.923 | DEBUG    | localization_association_rule_mining:__call__:392 - |consign                       |   -1.00|                                                            |0.000000|    0.00|0.000000|0.000000|       0|       0
2022-10-21 02:14:04.923 | DEBUG    | localization_association_rule_mining:__call__:392 - |inside-payment                |   -1.00|                                                            |0.000000|    0.00|0.000000|0.000000|       0|       0
2022-10-21 02:14:04.924 | DEBUG    | localization_association_rule_mining:__call__:392 - |verification-code             |   -1.00|                                                            |0.000000|    0.00|0.000000|0.000000|       0|       0
