2022-11-09 17:02:18.390 | DEBUG    | localization_association_rule_mining:__call__:390 - |item                          |score   |pattern                                                     |ps      |ips     |p(a|b)  |p(b|a)  |in      |out     
2022-11-09 17:02:18.391 | DEBUG    | localization_association_rule_mining:__call__:394 - |food                          |    9.77|food                                                        |0.575000|   17.00|0.575000|1.000000|      19|       2
2022-11-09 17:02:18.391 | DEBUG    | localization_association_rule_mining:__call__:394 - |travel                        |    8.10|travel                                                      |0.450000|   18.00|0.450000|1.000000|      18|       0
2022-11-09 17:02:18.391 | DEBUG    | localization_association_rule_mining:__call__:394 - |seat                          |    3.38|seat                                                        |0.375000|    9.00|0.375000|1.000000|       6|      15
2022-11-09 17:02:18.391 | DEBUG    | localization_association_rule_mining:__call__:394 - |notification                  |    0.57|notification                                                |0.190476|    3.00|0.200000|0.800000|       3|       0
2022-11-09 17:02:18.391 | DEBUG    | localization_association_rule_mining:__call__:394 - |user                          |    0.19|user                                                        |0.190476|    1.00|0.200000|0.800000|       1|       0
2022-11-09 17:02:18.391 | DEBUG    | localization_association_rule_mining:__call__:394 - |preserve                      |    0.12|preserve                                                    |0.125000|    1.00|0.125000|1.000000|       5|       4
2022-11-09 17:02:18.391 | DEBUG    | localization_association_rule_mining:__call__:394 - |order                         |    0.00|order                                                       |0.200000|    0.00|0.450000|0.264706|       0|       0
2022-11-09 17:02:18.391 | DEBUG    | localization_association_rule_mining:__call__:394 - |price                         |    0.00|price                                                       |0.225000|    0.00|0.225000|1.000000|       0|       0
2022-11-09 17:02:18.391 | DEBUG    | localization_association_rule_mining:__call__:394 - |station                       |    0.00|station                                                     |0.232323|    0.00|0.575000|0.280488|       0|       0
2022-11-09 17:02:18.391 | DEBUG    | localization_association_rule_mining:__call__:394 - |config                        |    0.00|config                                                      |0.300000|    0.00|0.300000|1.000000|       0|       0
2022-11-09 17:02:18.391 | DEBUG    | localization_association_rule_mining:__call__:394 - |route                         |    0.00|route                                                       |0.250000|    0.00|0.250000|1.000000|       0|       0
2022-11-09 17:02:18.391 | DEBUG    | localization_association_rule_mining:__call__:394 - |ticketinfo                    |    0.00|ticketinfo                                                  |0.400000|    0.00|0.400000|1.000000|       0|       0
2022-11-09 17:02:18.391 | DEBUG    | localization_association_rule_mining:__call__:394 - |basic                         |    0.00|basic                                                       |0.400000|    0.00|0.400000|1.000000|       0|       0
2022-11-09 17:02:18.391 | DEBUG    | localization_association_rule_mining:__call__:394 - |train                         |    0.00|train                                                       |0.275000|    0.00|0.275000|1.000000|       0|       0
2022-11-09 17:02:18.392 | DEBUG    | localization_association_rule_mining:__call__:394 - |food-map                      |   -1.00|                                                            |0.000000|    0.00|0.000000|0.000000|       0|       0
2022-11-09 17:02:18.392 | DEBUG    | localization_association_rule_mining:__call__:394 - |verification-code             |   -1.00|                                                            |0.000000|    0.00|0.000000|0.000000|       0|       0
2022-11-09 17:02:18.392 | DEBUG    | localization_association_rule_mining:__call__:394 - |cancel                        |   -1.00|                                                            |0.000000|    0.00|0.000000|0.000000|       0|       0
2022-11-09 17:02:18.392 | DEBUG    | localization_association_rule_mining:__call__:394 - |payment                       |   -1.00|                                                            |0.000000|    0.00|0.000000|0.000000|       0|       0
2022-11-09 17:02:18.392 | DEBUG    | localization_association_rule_mining:__call__:394 - |contacts                      |   -1.00|                                                            |0.000000|    0.00|0.000000|0.000000|       0|       0
2022-11-09 17:02:18.392 | DEBUG    | localization_association_rule_mining:__call__:394 - |auth                          |   -1.00|                                                            |0.000000|    0.00|0.000000|0.000000|       0|       0
2022-11-09 17:02:18.392 | DEBUG    | localization_association_rule_mining:__call__:394 - |ts-ui-dashboard               |   -1.00|                                                            |0.000000|    0.00|0.000000|0.000000|       0|       0
2022-11-09 17:02:18.392 | DEBUG    | localization_association_rule_mining:__call__:394 - |order-other                   |   -1.00|                                                            |0.000000|    0.00|0.000000|0.000000|       0|       0
2022-11-09 17:02:18.392 | DEBUG    | localization_association_rule_mining:__call__:394 - |security                      |   -1.00|                                                            |0.000000|    0.00|0.000000|0.000000|       0|       0
2022-11-09 17:02:18.392 | DEBUG    | localization_association_rule_mining:__call__:394 - |travel2                       |   -1.00|                                                            |0.000000|    0.00|0.000000|0.000000|       0|       0
2022-11-09 17:02:18.392 | DEBUG    | localization_association_rule_mining:__call__:394 - |travel-plan                   |   -1.00|                                                            |0.000000|    0.00|0.000000|0.000000|       0|       0
2022-11-09 17:02:18.392 | DEBUG    | localization_association_rule_mining:__call__:394 - |consign                       |   -1.00|                                                            |0.000000|    0.00|0.000000|0.000000|       0|       0
2022-11-09 17:02:18.392 | DEBUG    | localization_association_rule_mining:__call__:394 - |route-plan                    |   -1.00|                                                            |0.000000|    0.00|0.000000|0.000000|       0|       0
2022-11-09 17:02:18.392 | DEBUG    | localization_association_rule_mining:__call__:394 - |assurance                     |   -1.00|                                                            |0.000000|    0.00|0.000000|0.000000|       0|       0
2022-11-09 17:02:18.392 | DEBUG    | localization_association_rule_mining:__call__:394 - |inside-payment                |   -1.00|                                                            |0.000000|    0.00|0.000000|0.000000|       0|       0
