2022-10-31 19:48:09.034 | DEBUG    | localization_association_rule_mining:__call__:388 - |item                          |score   |pattern                                                     |ps      |ips     |p(a|b)  |p(b|a)  |in      |out     
2022-10-31 19:48:09.034 | DEBUG    | localization_association_rule_mining:__call__:392 - |station                       |   53.24|station                                                     |0.440000|  121.00|0.542601|0.699422|     121|       0
2022-10-31 19:48:09.034 | DEBUG    | localization_association_rule_mining:__call__:392 - |route                         |   12.13|route                                                       |0.233184|   52.00|0.233184|1.000000|      52|       0
2022-10-31 19:48:09.034 | DEBUG    | localization_association_rule_mining:__call__:392 - |food                          |   11.35|food                                                        |0.252137|   45.00|0.264574|0.842857|       7|      52
2022-10-31 19:48:09.034 | DEBUG    | localization_association_rule_mining:__call__:392 - |order-other                   |    8.18|order-other                                                 |0.209726|   39.00|0.309417|0.394286|      15|      54
2022-10-31 19:48:09.034 | DEBUG    | localization_association_rule_mining:__call__:392 - |food-map                      |    7.91|food-map                                                    |0.188341|   42.00|0.188341|1.000000|      42|       0
2022-10-31 19:48:09.034 | DEBUG    | localization_association_rule_mining:__call__:392 - |order                         |    7.73|order                                                       |0.138015|   56.00|0.255605|0.230769|      56|       0
2022-10-31 19:48:09.034 | DEBUG    | localization_association_rule_mining:__call__:392 - |auth                          |    5.45|auth                                                        |0.151261|   36.00|0.161435|0.705882|       0|      36
2022-10-31 19:48:09.034 | DEBUG    | localization_association_rule_mining:__call__:392 - |cancel                        |    4.11|cancel                                                      |0.132479|   31.00|0.139013|0.738095|       0|      31
2022-10-31 19:48:09.034 | DEBUG    | localization_association_rule_mining:__call__:392 - |verification-code             |    3.53|verification-code                                           |0.098093|   36.00|0.161435|0.200000|      36|       0
2022-10-31 19:48:09.034 | DEBUG    | localization_association_rule_mining:__call__:392 - |train                         |    3.27|train                                                       |0.121076|   27.00|0.121076|1.000000|      27|       0
2022-10-31 19:48:09.034 | DEBUG    | localization_association_rule_mining:__call__:392 - |basic                         |    2.44|basic                                                       |0.174107|   14.00|0.174888|0.975000|      24|      38
2022-10-31 19:48:09.034 | DEBUG    | localization_association_rule_mining:__call__:392 - |seat                          |    1.08|seat                                                        |0.134529|    8.00|0.134529|1.000000|      16|      24
2022-10-31 19:48:09.035 | DEBUG    | localization_association_rule_mining:__call__:392 - |travel                        |    0.98|travel                                                      |0.327354|    3.00|0.327354|1.000000|      48|      51
2022-10-31 19:48:09.035 | DEBUG    | localization_association_rule_mining:__call__:392 - |ticketinfo                    |    0.54|ticketinfo                                                  |0.134529|    4.00|0.134529|1.000000|      28|      24
2022-10-31 19:48:09.035 | DEBUG    | localization_association_rule_mining:__call__:392 - |payment                       |   -1.00|                                                            |0.000000|    0.00|0.000000|0.000000|       0|       0
2022-10-31 19:48:09.035 | DEBUG    | localization_association_rule_mining:__call__:392 - |user                          |   -1.00|                                                            |0.000000|    0.00|0.000000|0.000000|       0|       0
2022-10-31 19:48:09.035 | DEBUG    | localization_association_rule_mining:__call__:392 - |ts-ui-dashboard               |   -1.00|                                                            |0.000000|    0.00|0.000000|0.000000|       0|       0
2022-10-31 19:48:09.035 | DEBUG    | localization_association_rule_mining:__call__:392 - |contacts                      |   -1.00|                                                            |0.000000|    0.00|0.000000|0.000000|       0|       0
2022-10-31 19:48:09.035 | DEBUG    | localization_association_rule_mining:__call__:392 - |assurance                     |   -1.00|                                                            |0.000000|    0.00|0.000000|0.000000|       0|       0
2022-10-31 19:48:09.035 | DEBUG    | localization_association_rule_mining:__call__:392 - |inside-payment                |   -1.00|                                                            |0.000000|    0.00|0.000000|0.000000|       0|       0
2022-10-31 19:48:09.035 | DEBUG    | localization_association_rule_mining:__call__:392 - |config                        |   -1.00|                                                            |0.000000|    0.00|0.000000|0.000000|       0|       0
2022-10-31 19:48:09.035 | DEBUG    | localization_association_rule_mining:__call__:392 - |route-plan                    |   -1.00|                                                            |0.000000|    0.00|0.000000|0.000000|       0|       0
2022-10-31 19:48:09.035 | DEBUG    | localization_association_rule_mining:__call__:392 - |preserve                      |   -1.00|                                                            |0.000000|    0.00|0.000000|0.000000|       0|       0
2022-10-31 19:48:09.035 | DEBUG    | localization_association_rule_mining:__call__:392 - |consign                       |   -1.00|                                                            |0.000000|    0.00|0.000000|0.000000|       0|       0
2022-10-31 19:48:09.035 | DEBUG    | localization_association_rule_mining:__call__:392 - |notification                  |   -1.00|                                                            |0.000000|    0.00|0.000000|0.000000|       0|       0
2022-10-31 19:48:09.035 | DEBUG    | localization_association_rule_mining:__call__:392 - |travel-plan                   |   -1.00|                                                            |0.000000|    0.00|0.000000|0.000000|       0|       0
2022-10-31 19:48:09.035 | DEBUG    | localization_association_rule_mining:__call__:392 - |preserve-other                |   -1.00|                                                            |0.000000|    0.00|0.000000|0.000000|       0|       0
2022-10-31 19:48:09.035 | DEBUG    | localization_association_rule_mining:__call__:392 - |security                      |   -1.00|                                                            |0.000000|    0.00|0.000000|0.000000|       0|       0
2022-10-31 19:48:09.035 | DEBUG    | localization_association_rule_mining:__call__:392 - |admin-order                   |   -1.00|                                                            |0.000000|    0.00|0.000000|0.000000|       0|       0
2022-10-31 19:48:09.035 | DEBUG    | localization_association_rule_mining:__call__:392 - |price                         |   -1.00|                                                            |0.000000|    0.00|0.000000|0.000000|       0|       0
2022-10-31 19:48:09.035 | DEBUG    | localization_association_rule_mining:__call__:392 - |travel2                       |   -1.00|                                                            |0.000000|    0.00|0.000000|0.000000|       0|       0
