2022-10-31 19:48:21.363 | DEBUG    | localization_association_rule_mining:__call__:388 - |item                          |score   |pattern                                                     |ps      |ips     |p(a|b)  |p(b|a)  |in      |out     
2022-10-31 19:48:21.364 | DEBUG    | localization_association_rule_mining:__call__:392 - |station                       |   66.07|station                                                     |0.485816|  136.00|0.570833|0.765363|     136|       0
2022-10-31 19:48:21.364 | DEBUG    | localization_association_rule_mining:__call__:392 - |route                         |   21.30|route                                                       |0.300000|   71.00|0.300000|1.000000|      71|       0
2022-10-31 19:48:21.364 | DEBUG    | localization_association_rule_mining:__call__:392 - |order                         |   15.21|order                                                       |0.185520|   82.00|0.341667|0.288732|      82|       0
2022-10-31 19:48:21.364 | DEBUG    | localization_association_rule_mining:__call__:392 - |food                          |   10.37|food                                                        |0.246964|   42.00|0.254167|0.897059|       9|      51
2022-10-31 19:48:21.364 | DEBUG    | localization_association_rule_mining:__call__:392 - |train                         |    7.53|train                                                       |0.179167|   42.00|0.179167|1.000000|      42|       0
2022-10-31 19:48:21.364 | DEBUG    | localization_association_rule_mining:__call__:392 - |auth                          |    7.25|auth                                                        |0.164794|   44.00|0.183333|0.619718|       0|      44
2022-10-31 19:48:21.364 | DEBUG    | localization_association_rule_mining:__call__:392 - |food-map                      |    6.34|food-map                                                    |0.162500|   39.00|0.162500|1.000000|      39|       0
2022-10-31 19:48:21.364 | DEBUG    | localization_association_rule_mining:__call__:392 - |cancel                        |    6.04|cancel                                                      |0.154762|   39.00|0.162500|0.764706|       0|      39
2022-10-31 19:48:21.364 | DEBUG    | localization_association_rule_mining:__call__:392 - |travel                        |    5.37|travel                                                      |0.383333|   14.00|0.383333|1.000000|      63|      77
2022-10-31 19:48:21.364 | DEBUG    | localization_association_rule_mining:__call__:392 - |order-other                   |    4.53|order-other                                                 |0.188889|   24.00|0.283333|0.361702|      22|      46
2022-10-31 19:48:21.364 | DEBUG    | localization_association_rule_mining:__call__:392 - |verification-code             |    4.42|verification-code                                           |0.100457|   44.00|0.183333|0.181818|      44|       0
2022-10-31 19:48:21.364 | DEBUG    | localization_association_rule_mining:__call__:392 - |seat                          |    3.00|seat                                                        |0.200000|   15.00|0.200000|1.000000|      31|      46
2022-10-31 19:48:21.364 | DEBUG    | localization_association_rule_mining:__call__:392 - |config                        |    2.82|config                                                      |0.108333|   26.00|0.108333|1.000000|      26|       0
2022-10-31 19:48:21.365 | DEBUG    | localization_association_rule_mining:__call__:392 - |basic                         |    2.10|basic                                                       |0.233333|    9.00|0.233333|1.000000|      45|      54
2022-10-31 19:48:21.365 | DEBUG    | localization_association_rule_mining:__call__:392 - |ticketinfo                    |    1.37|ticketinfo                                                  |0.229167|    6.00|0.229167|1.000000|      51|      45
2022-10-31 19:48:21.365 | DEBUG    | localization_association_rule_mining:__call__:392 - |inside-payment                |   -1.00|                                                            |0.000000|    0.00|0.000000|0.000000|       0|       0
2022-10-31 19:48:21.365 | DEBUG    | localization_association_rule_mining:__call__:392 - |route-plan                    |   -1.00|                                                            |0.000000|    0.00|0.000000|0.000000|       0|       0
2022-10-31 19:48:21.365 | DEBUG    | localization_association_rule_mining:__call__:392 - |preserve                      |   -1.00|                                                            |0.000000|    0.00|0.000000|0.000000|       0|       0
2022-10-31 19:48:21.365 | DEBUG    | localization_association_rule_mining:__call__:392 - |assurance                     |   -1.00|                                                            |0.000000|    0.00|0.000000|0.000000|       0|       0
2022-10-31 19:48:21.365 | DEBUG    | localization_association_rule_mining:__call__:392 - |admin-order                   |   -1.00|                                                            |0.000000|    0.00|0.000000|0.000000|       0|       0
2022-10-31 19:48:21.365 | DEBUG    | localization_association_rule_mining:__call__:392 - |user                          |   -1.00|                                                            |0.000000|    0.00|0.000000|0.000000|       0|       0
2022-10-31 19:48:21.365 | DEBUG    | localization_association_rule_mining:__call__:392 - |travel-plan                   |   -1.00|                                                            |0.000000|    0.00|0.000000|0.000000|       0|       0
2022-10-31 19:48:21.365 | DEBUG    | localization_association_rule_mining:__call__:392 - |consign                       |   -1.00|                                                            |0.000000|    0.00|0.000000|0.000000|       0|       0
2022-10-31 19:48:21.365 | DEBUG    | localization_association_rule_mining:__call__:392 - |travel2                       |   -1.00|                                                            |0.000000|    0.00|0.000000|0.000000|       0|       0
2022-10-31 19:48:21.365 | DEBUG    | localization_association_rule_mining:__call__:392 - |contacts                      |   -1.00|                                                            |0.000000|    0.00|0.000000|0.000000|       0|       0
2022-10-31 19:48:21.365 | DEBUG    | localization_association_rule_mining:__call__:392 - |notification                  |   -1.00|                                                            |0.000000|    0.00|0.000000|0.000000|       0|       0
2022-10-31 19:48:21.365 | DEBUG    | localization_association_rule_mining:__call__:392 - |security                      |   -1.00|                                                            |0.000000|    0.00|0.000000|0.000000|       0|       0
2022-10-31 19:48:21.365 | DEBUG    | localization_association_rule_mining:__call__:392 - |price                         |   -1.00|                                                            |0.000000|    0.00|0.000000|0.000000|       0|       0
2022-10-31 19:48:21.365 | DEBUG    | localization_association_rule_mining:__call__:392 - |payment                       |   -1.00|                                                            |0.000000|    0.00|0.000000|0.000000|       0|       0
2022-10-31 19:48:21.365 | DEBUG    | localization_association_rule_mining:__call__:392 - |ts-ui-dashboard               |   -1.00|                                                            |0.000000|    0.00|0.000000|0.000000|       0|       0
