2022-10-31 19:48:50.943 | DEBUG    | localization_association_rule_mining:__call__:388 - |item                          |score   |pattern                                                     |ps      |ips     |p(a|b)  |p(b|a)  |in      |out     
2022-10-31 19:48:50.944 | DEBUG    | localization_association_rule_mining:__call__:392 - |station                       |  204.64|station                                                     |0.545718|  375.00|0.657343|0.762677|     375|       0
2022-10-31 19:48:50.944 | DEBUG    | localization_association_rule_mining:__call__:392 - |route                         |   53.23|route                                                       |0.305944|  174.00|0.305944|1.000000|     174|       0
2022-10-31 19:48:50.944 | DEBUG    | localization_association_rule_mining:__call__:392 - |order                         |   38.23|order                                                       |0.206667|  185.00|0.325175|0.361868|     185|       0
2022-10-31 19:48:50.944 | DEBUG    | localization_association_rule_mining:__call__:392 - |train                         |   22.92|train                                                       |0.201049|  114.00|0.201049|1.000000|     114|       0
2022-10-31 19:48:50.944 | DEBUG    | localization_association_rule_mining:__call__:392 - |food                          |   21.50|food                                                        |0.259076|   83.00|0.274476|0.821990|      34|     117
2022-10-31 19:48:50.944 | DEBUG    | localization_association_rule_mining:__call__:392 - |order-other                   |   18.71|order-other                                                 |0.279230|   67.00|0.354895|0.567039|      68|     135
2022-10-31 19:48:50.944 | DEBUG    | localization_association_rule_mining:__call__:392 - |food-map                      |   12.78|food-map                                                    |0.150350|   85.00|0.150350|1.000000|      85|       0
2022-10-31 19:48:50.944 | DEBUG    | localization_association_rule_mining:__call__:392 - |basic                         |   10.59|basic                                                       |0.302448|   35.00|0.302448|1.000000|     129|     164
2022-10-31 19:48:50.944 | DEBUG    | localization_association_rule_mining:__call__:392 - |travel                        |   10.13|travel                                                      |0.440559|   23.00|0.440559|1.000000|     164|     187
2022-10-31 19:48:50.944 | DEBUG    | localization_association_rule_mining:__call__:392 - |seat                          |    9.41|seat                                                        |0.241259|   39.00|0.241259|1.000000|      77|     116
2022-10-31 19:48:50.944 | DEBUG    | localization_association_rule_mining:__call__:392 - |config                        |    8.57|config                                                      |0.122378|   70.00|0.122378|1.000000|      70|       0
2022-10-31 19:48:50.944 | DEBUG    | localization_association_rule_mining:__call__:392 - |price                         |    8.32|price                                                       |0.120629|   69.00|0.120629|1.000000|      69|       0
2022-10-31 19:48:50.945 | DEBUG    | localization_association_rule_mining:__call__:392 - |cancel                        |    8.26|cancel                                                      |0.118044|   70.00|0.122378|0.769231|       0|      70
2022-10-31 19:48:50.945 | DEBUG    | localization_association_rule_mining:__call__:392 - |preserve                      |    7.74|preserve                                                    |0.131119|   59.00|0.131119|1.000000|       0|      59
2022-10-31 19:48:50.945 | DEBUG    | localization_association_rule_mining:__call__:392 - |security                      |    4.59|security                                                    |0.106643|   43.00|0.106643|1.000000|      14|      57
2022-10-31 19:48:50.945 | DEBUG    | localization_association_rule_mining:__call__:392 - |ticketinfo                    |    2.17|ticketinfo                                                  |0.270979|    8.00|0.270979|1.000000|     121|     129
2022-10-31 19:48:50.945 | DEBUG    | localization_association_rule_mining:__call__:392 - |consign                       |   -1.00|                                                            |0.000000|    0.00|0.000000|0.000000|       0|       0
2022-10-31 19:48:50.945 | DEBUG    | localization_association_rule_mining:__call__:392 - |travel-plan                   |   -1.00|                                                            |0.000000|    0.00|0.000000|0.000000|       0|       0
2022-10-31 19:48:50.945 | DEBUG    | localization_association_rule_mining:__call__:392 - |assurance                     |   -1.00|                                                            |0.000000|    0.00|0.000000|0.000000|       0|       0
2022-10-31 19:48:50.945 | DEBUG    | localization_association_rule_mining:__call__:392 - |auth                          |   -1.00|                                                            |0.000000|    0.00|0.000000|0.000000|       0|       0
2022-10-31 19:48:50.945 | DEBUG    | localization_association_rule_mining:__call__:392 - |verification-code             |   -1.00|                                                            |0.000000|    0.00|0.000000|0.000000|       0|       0
2022-10-31 19:48:50.945 | DEBUG    | localization_association_rule_mining:__call__:392 - |notification                  |   -1.00|                                                            |0.000000|    0.00|0.000000|0.000000|       0|       0
2022-10-31 19:48:50.945 | DEBUG    | localization_association_rule_mining:__call__:392 - |route-plan                    |   -1.00|                                                            |0.000000|    0.00|0.000000|0.000000|       0|       0
2022-10-31 19:48:50.945 | DEBUG    | localization_association_rule_mining:__call__:392 - |payment                       |   -1.00|                                                            |0.000000|    0.00|0.000000|0.000000|       0|       0
2022-10-31 19:48:50.945 | DEBUG    | localization_association_rule_mining:__call__:392 - |admin-order                   |   -1.00|                                                            |0.000000|    0.00|0.000000|0.000000|       0|       0
2022-10-31 19:48:50.945 | DEBUG    | localization_association_rule_mining:__call__:392 - |user                          |   -1.00|                                                            |0.000000|    0.00|0.000000|0.000000|       0|       0
2022-10-31 19:48:50.945 | DEBUG    | localization_association_rule_mining:__call__:392 - |inside-payment                |   -1.00|                                                            |0.000000|    0.00|0.000000|0.000000|       0|       0
2022-10-31 19:48:50.945 | DEBUG    | localization_association_rule_mining:__call__:392 - |contacts                      |   -1.00|                                                            |0.000000|    0.00|0.000000|0.000000|       0|       0
2022-10-31 19:48:50.945 | DEBUG    | localization_association_rule_mining:__call__:392 - |preserve-other                |   -1.00|                                                            |0.000000|    0.00|0.000000|0.000000|       0|       0
2022-10-31 19:48:50.945 | DEBUG    | localization_association_rule_mining:__call__:392 - |ts-ui-dashboard               |   -1.00|                                                            |0.000000|    0.00|0.000000|0.000000|       0|       0
2022-10-31 19:48:50.945 | DEBUG    | localization_association_rule_mining:__call__:392 - |travel2                       |   -1.00|                                                            |0.000000|    0.00|0.000000|0.000000|       0|       0
