2022-10-31 19:46:52.480 | DEBUG    | localization_association_rule_mining:__call__:388 - |item                          |score   |pattern                                                     |ps      |ips     |p(a|b)  |p(b|a)  |in      |out     
2022-10-31 19:46:52.481 | DEBUG    | localization_association_rule_mining:__call__:392 - |route                         |   38.82|route                                                       |0.479290|   81.00|0.479290|1.000000|      81|       0
2022-10-31 19:46:52.481 | DEBUG    | localization_association_rule_mining:__call__:392 - |station                       |   34.66|station                                                     |0.422680|   82.00|0.485207|0.766355|      82|       0
2022-10-31 19:46:52.481 | DEBUG    | localization_association_rule_mining:__call__:392 - |food                          |   22.38|food                                                        |0.366864|   61.00|0.366864|1.000000|       0|      61
2022-10-31 19:46:52.481 | DEBUG    | localization_association_rule_mining:__call__:392 - |food-map                      |   21.30|food-map                                                    |0.355030|   60.00|0.355030|1.000000|      60|       0
2022-10-31 19:46:52.481 | DEBUG    | localization_association_rule_mining:__call__:392 - |auth                          |   13.34|auth                                                        |0.272222|   49.00|0.289941|0.816667|       0|      49
2022-10-31 19:46:52.481 | DEBUG    | localization_association_rule_mining:__call__:392 - |order                         |   11.58|order                                                       |0.241206|   48.00|0.284024|0.615385|      48|       0
2022-10-31 19:46:52.481 | DEBUG    | localization_association_rule_mining:__call__:392 - |preserve                      |    4.44|preserve                                                    |0.170588|   26.00|0.171598|0.966667|       0|      26
2022-10-31 19:46:52.481 | DEBUG    | localization_association_rule_mining:__call__:392 - |order-other                   |    4.03|order-other                                                 |0.138889|   29.00|0.177515|0.389610|      29|       0
2022-10-31 19:46:52.481 | DEBUG    | localization_association_rule_mining:__call__:392 - |train                         |    3.41|train                                                       |0.142012|   24.00|0.142012|1.000000|      24|       0
2022-10-31 19:46:52.481 | DEBUG    | localization_association_rule_mining:__call__:392 - |config                        |    3.13|config                                                      |0.136095|   23.00|0.136095|1.000000|      23|       0
2022-10-31 19:46:52.481 | DEBUG    | localization_association_rule_mining:__call__:392 - |price                         |    2.14|price                                                       |0.112426|   19.00|0.112426|1.000000|      19|       0
2022-10-31 19:46:52.481 | DEBUG    | localization_association_rule_mining:__call__:392 - |travel                        |    1.04|travel                                                      |0.520710|    2.00|0.520710|1.000000|      77|      79
2022-10-31 19:46:52.481 | DEBUG    | localization_association_rule_mining:__call__:392 - |security                      |    0.34|security                                                    |0.171598|    2.00|0.171598|1.000000|      26|      24
2022-10-31 19:46:52.481 | DEBUG    | localization_association_rule_mining:__call__:392 - |seat                          |    0.31|seat                                                        |0.153846|    2.00|0.153846|1.000000|      21|      23
2022-10-31 19:46:52.482 | DEBUG    | localization_association_rule_mining:__call__:392 - |basic                         |    0.00|basic                                                       |0.142012|    0.00|0.142012|1.000000|      23|      23
2022-10-31 19:46:52.482 | DEBUG    | localization_association_rule_mining:__call__:392 - |ticketinfo                    |    0.00|ticketinfo                                                  |0.153846|    0.00|0.153846|1.000000|      23|      23
2022-10-31 19:46:52.482 | DEBUG    | localization_association_rule_mining:__call__:392 - |inside-payment                |   -1.00|                                                            |0.000000|    0.00|0.000000|0.000000|       0|       0
2022-10-31 19:46:52.482 | DEBUG    | localization_association_rule_mining:__call__:392 - |contacts                      |   -1.00|                                                            |0.000000|    0.00|0.000000|0.000000|       0|       0
2022-10-31 19:46:52.482 | DEBUG    | localization_association_rule_mining:__call__:392 - |consign                       |   -1.00|                                                            |0.000000|    0.00|0.000000|0.000000|       0|       0
2022-10-31 19:46:52.482 | DEBUG    | localization_association_rule_mining:__call__:392 - |cancel                        |   -1.00|                                                            |0.000000|    0.00|0.000000|0.000000|       0|       0
2022-10-31 19:46:52.482 | DEBUG    | localization_association_rule_mining:__call__:392 - |travel2                       |   -1.00|                                                            |0.000000|    0.00|0.000000|0.000000|       0|       0
2022-10-31 19:46:52.482 | DEBUG    | localization_association_rule_mining:__call__:392 - |payment                       |   -1.00|                                                            |0.000000|    0.00|0.000000|0.000000|       0|       0
2022-10-31 19:46:52.482 | DEBUG    | localization_association_rule_mining:__call__:392 - |verification-code             |   -1.00|                                                            |0.000000|    0.00|0.000000|0.000000|       0|       0
2022-10-31 19:46:52.482 | DEBUG    | localization_association_rule_mining:__call__:392 - |assurance                     |   -1.00|                                                            |0.000000|    0.00|0.000000|0.000000|       0|       0
2022-10-31 19:46:52.482 | DEBUG    | localization_association_rule_mining:__call__:392 - |travel-plan                   |   -1.00|                                                            |0.000000|    0.00|0.000000|0.000000|       0|       0
2022-10-31 19:46:52.482 | DEBUG    | localization_association_rule_mining:__call__:392 - |route-plan                    |   -1.00|                                                            |0.000000|    0.00|0.000000|0.000000|       0|       0
2022-10-31 19:46:52.482 | DEBUG    | localization_association_rule_mining:__call__:392 - |ts-ui-dashboard               |   -1.00|                                                            |0.000000|    0.00|0.000000|0.000000|       0|       0
