2022-11-09 17:02:00.543 | DEBUG    | localization_association_rule_mining:__call__:390 - |item                          |score   |pattern                                                     |ps      |ips     |p(a|b)  |p(b|a)  |in      |out     
2022-11-09 17:02:00.543 | DEBUG    | localization_association_rule_mining:__call__:394 - |travel                        |   13.95|travel                                                      |0.775000|   18.00|0.815789|0.939394|      23|       5
2022-11-09 17:02:00.543 | DEBUG    | localization_association_rule_mining:__call__:394 - |food                          |   11.07|food                                                        |0.738095|   15.00|0.815789|0.885714|      28|      13
2022-11-09 17:02:00.543 | DEBUG    | localization_association_rule_mining:__call__:394 - |seat                          |    0.79|seat                                                        |0.263158|    3.00|0.263158|1.000000|       7|      10
2022-11-09 17:02:00.543 | DEBUG    | localization_association_rule_mining:__call__:394 - |station                       |    0.27|station                                                     |0.268817|    1.00|0.657895|0.312500|       1|       0
2022-11-09 17:02:00.543 | DEBUG    | localization_association_rule_mining:__call__:394 - |route                         |    0.00|route                                                       |0.675000|    0.00|0.710526|0.931034|       0|       0
2022-11-09 17:02:00.543 | DEBUG    | localization_association_rule_mining:__call__:394 - |config                        |    0.00|config                                                      |0.210526|    0.00|0.210526|1.000000|       0|       0
2022-11-09 17:02:00.544 | DEBUG    | localization_association_rule_mining:__call__:394 - |price                         |    0.00|price                                                       |0.184211|    0.00|0.184211|1.000000|       0|       0
2022-11-09 17:02:00.544 | DEBUG    | localization_association_rule_mining:__call__:394 - |ticketinfo                    |    0.00|ticketinfo                                                  |0.263158|    0.00|0.263158|1.000000|       0|       0
2022-11-09 17:02:00.544 | DEBUG    | localization_association_rule_mining:__call__:394 - |food-map                      |    0.00|food-map                                                    |0.512821|    0.00|0.526316|0.952381|       0|       0
2022-11-09 17:02:00.544 | DEBUG    | localization_association_rule_mining:__call__:394 - |basic                         |    0.00|basic                                                       |0.263158|    0.00|0.263158|1.000000|       0|       0
2022-11-09 17:02:00.544 | DEBUG    | localization_association_rule_mining:__call__:394 - |train                         |    0.00|train                                                       |0.236842|    0.00|0.236842|1.000000|       0|       0
2022-11-09 17:02:00.544 | DEBUG    | localization_association_rule_mining:__call__:394 - |user                          |   -1.00|                                                            |0.000000|    0.00|0.000000|0.000000|       0|       0
2022-11-09 17:02:00.544 | DEBUG    | localization_association_rule_mining:__call__:394 - |contacts                      |   -1.00|                                                            |0.000000|    0.00|0.000000|0.000000|       0|       0
2022-11-09 17:02:00.544 | DEBUG    | localization_association_rule_mining:__call__:394 - |cancel                        |   -1.00|                                                            |0.000000|    0.00|0.000000|0.000000|       0|       0
2022-11-09 17:02:00.544 | DEBUG    | localization_association_rule_mining:__call__:394 - |inside-payment                |   -1.00|                                                            |0.000000|    0.00|0.000000|0.000000|       0|       0
2022-11-09 17:02:00.544 | DEBUG    | localization_association_rule_mining:__call__:394 - |order                         |   -1.00|                                                            |0.000000|    0.00|0.000000|0.000000|       0|       0
2022-11-09 17:02:00.544 | DEBUG    | localization_association_rule_mining:__call__:394 - |consign                       |   -1.00|                                                            |0.000000|    0.00|0.000000|0.000000|       0|       0
2022-11-09 17:02:00.544 | DEBUG    | localization_association_rule_mining:__call__:394 - |order-other                   |   -1.00|                                                            |0.000000|    0.00|0.000000|0.000000|       0|       0
2022-11-09 17:02:00.544 | DEBUG    | localization_association_rule_mining:__call__:394 - |auth                          |   -1.00|                                                            |0.000000|    0.00|0.000000|0.000000|       0|       0
2022-11-09 17:02:00.544 | DEBUG    | localization_association_rule_mining:__call__:394 - |preserve                      |   -1.00|                                                            |0.000000|    0.00|0.000000|0.000000|       0|       0
2022-11-09 17:02:00.544 | DEBUG    | localization_association_rule_mining:__call__:394 - |ts-ui-dashboard               |   -1.00|                                                            |0.000000|    0.00|0.000000|0.000000|       0|       0
2022-11-09 17:02:00.544 | DEBUG    | localization_association_rule_mining:__call__:394 - |notification                  |   -1.00|                                                            |0.000000|    0.00|0.000000|0.000000|       0|       0
2022-11-09 17:02:00.544 | DEBUG    | localization_association_rule_mining:__call__:394 - |security                      |   -1.00|                                                            |0.000000|    0.00|0.000000|0.000000|       0|       0
2022-11-09 17:02:00.544 | DEBUG    | localization_association_rule_mining:__call__:394 - |assurance                     |   -1.00|                                                            |0.000000|    0.00|0.000000|0.000000|       0|       0
2022-11-09 17:02:00.545 | DEBUG    | localization_association_rule_mining:__call__:394 - |admin-order                   |   -1.00|                                                            |0.000000|    0.00|0.000000|0.000000|       0|       0
2022-11-09 17:02:00.545 | DEBUG    | localization_association_rule_mining:__call__:394 - |payment                       |   -1.00|                                                            |0.000000|    0.00|0.000000|0.000000|       0|       0
2022-11-09 17:02:00.545 | DEBUG    | localization_association_rule_mining:__call__:394 - |verification-code             |   -1.00|                                                            |0.000000|    0.00|0.000000|0.000000|       0|       0
