2022-11-09 16:55:19.195 | DEBUG    | localization_association_rule_mining:__call__:390 - |item                          |score   |pattern                                                     |ps      |ips     |p(a|b)  |p(b|a)  |in      |out     
2022-11-09 16:55:19.195 | DEBUG    | localization_association_rule_mining:__call__:394 - |inside-payment                |    6.83|inside-payment                                              |0.262626|   26.00|0.265306|0.962963|      26|       0
2022-11-09 16:55:19.195 | DEBUG    | localization_association_rule_mining:__call__:394 - |ts-ui-dashboard               |    5.86|ts-ui-dashboard                                             |0.162896|   36.00|0.367347|0.226415|      36|       0
2022-11-09 16:55:19.195 | DEBUG    | localization_association_rule_mining:__call__:394 - |food                          |    3.52|food                                                        |0.195804|   18.00|0.285714|0.383562|      26|       8
2022-11-09 16:55:19.195 | DEBUG    | localization_association_rule_mining:__call__:394 - |food-map                      |    1.18|food-map                                                    |0.147826|    8.00|0.173469|0.500000|       8|       0
2022-11-09 16:55:19.195 | DEBUG    | localization_association_rule_mining:__call__:394 - |station                       |    0.18|station                                                     |0.060729|    3.00|0.153061|0.091463|       3|       0
2022-11-09 16:55:19.195 | DEBUG    | localization_association_rule_mining:__call__:394 - |order                         |    0.09|order                                                       |0.090032|    1.00|0.285714|0.116183|       1|       0
2022-11-09 16:55:19.195 | DEBUG    | localization_association_rule_mining:__call__:394 - |route                         |    0.00|route                                                       |0.075862|    0.00|0.112245|0.189655|       0|       0
2022-11-09 16:55:19.195 | DEBUG    | localization_association_rule_mining:__call__:394 - |travel                        |    0.00|travel                                                      |0.108108|    0.00|0.163265|0.242424|       0|       0
2022-11-09 16:55:19.195 | DEBUG    | localization_association_rule_mining:__call__:394 - |order-other                   |    0.00|order-other                                                 |0.038314|    0.00|0.102041|0.057803|       0|       0
2022-11-09 16:55:19.195 | DEBUG    | localization_association_rule_mining:__call__:394 - |payment                       |    0.00|payment                                                     |0.153061|    0.00|0.153061|1.000000|       0|       0
2022-11-09 16:55:19.195 | DEBUG    | localization_association_rule_mining:__call__:394 - |ticketinfo                    |   -1.00|                                                            |0.000000|    0.00|0.000000|0.000000|       0|       0
2022-11-09 16:55:19.196 | DEBUG    | localization_association_rule_mining:__call__:394 - |route-plan                    |   -1.00|                                                            |0.000000|    0.00|0.000000|0.000000|       0|       0
2022-11-09 16:55:19.196 | DEBUG    | localization_association_rule_mining:__call__:394 - |config                        |   -1.00|                                                            |0.000000|    0.00|0.000000|0.000000|       0|       0
2022-11-09 16:55:19.196 | DEBUG    | localization_association_rule_mining:__call__:394 - |assurance                     |   -1.00|                                                            |0.000000|    0.00|0.000000|0.000000|       0|       0
2022-11-09 16:55:19.196 | DEBUG    | localization_association_rule_mining:__call__:394 - |admin-order                   |   -1.00|                                                            |0.000000|    0.00|0.000000|0.000000|       0|       0
2022-11-09 16:55:19.196 | DEBUG    | localization_association_rule_mining:__call__:394 - |verification-code             |   -1.00|                                                            |0.000000|    0.00|0.000000|0.000000|       0|       0
2022-11-09 16:55:19.196 | DEBUG    | localization_association_rule_mining:__call__:394 - |train                         |   -1.00|                                                            |0.000000|    0.00|0.000000|0.000000|       0|       0
2022-11-09 16:55:19.196 | DEBUG    | localization_association_rule_mining:__call__:394 - |consign                       |   -1.00|                                                            |0.000000|    0.00|0.000000|0.000000|       0|       0
2022-11-09 16:55:19.196 | DEBUG    | localization_association_rule_mining:__call__:394 - |travel-plan                   |   -1.00|                                                            |0.000000|    0.00|0.000000|0.000000|       0|       0
2022-11-09 16:55:19.196 | DEBUG    | localization_association_rule_mining:__call__:394 - |price                         |   -1.00|                                                            |0.000000|    0.00|0.000000|0.000000|       0|       0
2022-11-09 16:55:19.196 | DEBUG    | localization_association_rule_mining:__call__:394 - |basic                         |   -1.00|                                                            |0.000000|    0.00|0.000000|0.000000|       0|       0
2022-11-09 16:55:19.196 | DEBUG    | localization_association_rule_mining:__call__:394 - |auth                          |   -1.00|                                                            |0.000000|    0.00|0.000000|0.000000|       0|       0
2022-11-09 16:55:19.196 | DEBUG    | localization_association_rule_mining:__call__:394 - |preserve-other                |   -1.00|                                                            |0.000000|    0.00|0.000000|0.000000|       0|       0
2022-11-09 16:55:19.196 | DEBUG    | localization_association_rule_mining:__call__:394 - |seat                          |   -1.00|                                                            |0.000000|    0.00|0.000000|0.000000|       0|       0
2022-11-09 16:55:19.196 | DEBUG    | localization_association_rule_mining:__call__:394 - |preserve                      |   -1.00|                                                            |0.000000|    0.00|0.000000|0.000000|       0|       0
2022-11-09 16:55:19.196 | DEBUG    | localization_association_rule_mining:__call__:394 - |cancel                        |   -1.00|                                                            |0.000000|    0.00|0.000000|0.000000|       0|       0
2022-11-09 16:55:19.196 | DEBUG    | localization_association_rule_mining:__call__:394 - |contacts                      |   -1.00|                                                            |0.000000|    0.00|0.000000|0.000000|       0|       0
2022-11-09 16:55:19.196 | DEBUG    | localization_association_rule_mining:__call__:394 - |notification                  |   -1.00|                                                            |0.000000|    0.00|0.000000|0.000000|       0|       0
2022-11-09 16:55:19.196 | DEBUG    | localization_association_rule_mining:__call__:394 - |security                      |   -1.00|                                                            |0.000000|    0.00|0.000000|0.000000|       0|       0
2022-11-09 16:55:19.196 | DEBUG    | localization_association_rule_mining:__call__:394 - |user                          |   -1.00|                                                            |0.000000|    0.00|0.000000|0.000000|       0|       0
2022-11-09 16:55:19.197 | DEBUG    | localization_association_rule_mining:__call__:394 - |travel2                       |   -1.00|                                                            |0.000000|    0.00|0.000000|0.000000|       0|       0
