2022-10-31 19:45:26.515 | DEBUG    | localization_association_rule_mining:__call__:388 - |item                          |score   |pattern                                                     |ps      |ips     |p(a|b)  |p(b|a)  |in      |out     
2022-10-31 19:45:26.516 | DEBUG    | localization_association_rule_mining:__call__:392 - |station                       |  130.27|station                                                     |0.495310|  263.00|0.621176|0.709677|     263|       0
2022-10-31 19:45:26.516 | DEBUG    | localization_association_rule_mining:__call__:392 - |route                         |   37.27|route                                                       |0.295775|  126.00|0.296471|0.992126|     126|       0
2022-10-31 19:45:26.516 | DEBUG    | localization_association_rule_mining:__call__:392 - |food                          |   23.48|food                                                        |0.276256|   85.00|0.284706|0.902985|      14|      99
2022-10-31 19:45:26.516 | DEBUG    | localization_association_rule_mining:__call__:392 - |order-other                   |   17.64|order-other                                                 |0.255663|   69.00|0.371765|0.450142|      44|     113
2022-10-31 19:45:26.516 | DEBUG    | localization_association_rule_mining:__call__:392 - |food-map                      |   15.44|food-map                                                    |0.190588|   81.00|0.190588|1.000000|      81|       0
2022-10-31 19:45:26.516 | DEBUG    | localization_association_rule_mining:__call__:392 - |order                         |   14.08|order                                                       |0.134100|  105.00|0.247059|0.226782|     105|       0
2022-10-31 19:45:26.516 | DEBUG    | localization_association_rule_mining:__call__:392 - |travel                        |   12.77|travel                                                      |0.375587|   34.00|0.376471|0.993789|     102|     136
2022-10-31 19:45:26.516 | DEBUG    | localization_association_rule_mining:__call__:392 - |train                         |   12.20|train                                                       |0.169412|   72.00|0.169412|1.000000|      72|       0
2022-10-31 19:45:26.516 | DEBUG    | localization_association_rule_mining:__call__:392 - |cancel                        |    6.69|cancel                                                      |0.121681|   55.00|0.129412|0.670732|       0|      55
2022-10-31 19:45:26.516 | DEBUG    | localization_association_rule_mining:__call__:392 - |auth                          |    6.06|auth                                                        |0.116592|   52.00|0.122353|0.712329|       0|      52
2022-10-31 19:45:26.516 | DEBUG    | localization_association_rule_mining:__call__:392 - |verification-code             |    4.28|verification-code                                           |0.082278|   52.00|0.122353|0.200772|      52|       0
2022-10-31 19:45:26.517 | DEBUG    | localization_association_rule_mining:__call__:392 - |seat                          |    3.44|seat                                                        |0.181176|   19.00|0.181176|1.000000|      48|      67
2022-10-31 19:45:26.517 | DEBUG    | localization_association_rule_mining:__call__:392 - |basic                         |    2.60|basic                                                       |0.216471|   12.00|0.216471|1.000000|      72|      84
2022-10-31 19:45:26.517 | DEBUG    | localization_association_rule_mining:__call__:392 - |ticketinfo                    |    0.00|ticketinfo                                                  |0.207059|    0.00|0.207059|1.000000|      72|      72
2022-10-31 19:45:26.517 | DEBUG    | localization_association_rule_mining:__call__:392 - |travel-plan                   |   -1.00|                                                            |0.000000|    0.00|0.000000|0.000000|       0|       0
2022-10-31 19:45:26.517 | DEBUG    | localization_association_rule_mining:__call__:392 - |contacts                      |   -1.00|                                                            |0.000000|    0.00|0.000000|0.000000|       0|       0
2022-10-31 19:45:26.517 | DEBUG    | localization_association_rule_mining:__call__:392 - |config                        |   -1.00|                                                            |0.000000|    0.00|0.000000|0.000000|       0|       0
2022-10-31 19:45:26.517 | DEBUG    | localization_association_rule_mining:__call__:392 - |inside-payment                |   -1.00|                                                            |0.000000|    0.00|0.000000|0.000000|       0|       0
2022-10-31 19:45:26.517 | DEBUG    | localization_association_rule_mining:__call__:392 - |price                         |   -1.00|                                                            |0.000000|    0.00|0.000000|0.000000|       0|       0
2022-10-31 19:45:26.517 | DEBUG    | localization_association_rule_mining:__call__:392 - |notification                  |   -1.00|                                                            |0.000000|    0.00|0.000000|0.000000|       0|       0
2022-10-31 19:45:26.517 | DEBUG    | localization_association_rule_mining:__call__:392 - |assurance                     |   -1.00|                                                            |0.000000|    0.00|0.000000|0.000000|       0|       0
2022-10-31 19:45:26.517 | DEBUG    | localization_association_rule_mining:__call__:392 - |security                      |   -1.00|                                                            |0.000000|    0.00|0.000000|0.000000|       0|       0
2022-10-31 19:45:26.517 | DEBUG    | localization_association_rule_mining:__call__:392 - |ts-ui-dashboard               |   -1.00|                                                            |0.000000|    0.00|0.000000|0.000000|       0|       0
2022-10-31 19:45:26.517 | DEBUG    | localization_association_rule_mining:__call__:392 - |user                          |   -1.00|                                                            |0.000000|    0.00|0.000000|0.000000|       0|       0
2022-10-31 19:45:26.517 | DEBUG    | localization_association_rule_mining:__call__:392 - |consign                       |   -1.00|                                                            |0.000000|    0.00|0.000000|0.000000|       0|       0
2022-10-31 19:45:26.517 | DEBUG    | localization_association_rule_mining:__call__:392 - |travel2                       |   -1.00|                                                            |0.000000|    0.00|0.000000|0.000000|       0|       0
2022-10-31 19:45:26.517 | DEBUG    | localization_association_rule_mining:__call__:392 - |preserve-other                |   -1.00|                                                            |0.000000|    0.00|0.000000|0.000000|       0|       0
2022-10-31 19:45:26.517 | DEBUG    | localization_association_rule_mining:__call__:392 - |preserve                      |   -1.00|                                                            |0.000000|    0.00|0.000000|0.000000|       0|       0
2022-10-31 19:45:26.517 | DEBUG    | localization_association_rule_mining:__call__:392 - |admin-basic-info              |   -1.00|                                                            |0.000000|    0.00|0.000000|0.000000|       0|       0
2022-10-31 19:45:26.517 | DEBUG    | localization_association_rule_mining:__call__:392 - |payment                       |   -1.00|                                                            |0.000000|    0.00|0.000000|0.000000|       0|       0
2022-10-31 19:45:26.518 | DEBUG    | localization_association_rule_mining:__call__:392 - |admin-order                   |   -1.00|                                                            |0.000000|    0.00|0.000000|0.000000|       0|       0
2022-10-31 19:45:26.518 | DEBUG    | localization_association_rule_mining:__call__:392 - |route-plan                    |   -1.00|                                                            |0.000000|    0.00|0.000000|0.000000|       0|       0
