2022-10-21 02:17:46.641 | DEBUG    | localization_association_rule_mining:__call__:388 - |item                          |score   |pattern                                                     |ps      |ips     |p(a|b)  |p(b|a)  |in      |out     
2022-10-21 02:17:46.641 | DEBUG    | localization_association_rule_mining:__call__:392 - |route                         |   20.17|route                                                       |0.916667|   22.00|0.916667|1.000000|      22|       0
2022-10-21 02:17:46.641 | DEBUG    | localization_association_rule_mining:__call__:392 - |travel                        |    3.68|travel                                                      |0.920000|    4.00|0.958333|0.958333|      18|      22
2022-10-21 02:17:46.641 | DEBUG    | localization_association_rule_mining:__call__:392 - |ticketinfo                    |    1.52|ticketinfo                                                  |0.760000|    2.00|0.791667|0.950000|       8|       6
2022-10-21 02:17:46.641 | DEBUG    | localization_association_rule_mining:__call__:392 - |seat                          |    1.42|seat                                                        |0.708333|    2.00|0.708333|1.000000|      11|      13
2022-10-21 02:17:46.641 | DEBUG    | localization_association_rule_mining:__call__:392 - |basic                         |    1.38|basic                                                       |0.692308|    2.00|0.750000|0.900000|       6|       8
2022-10-21 02:17:46.642 | DEBUG    | localization_association_rule_mining:__call__:392 - |route-plan                    |    0.33|route-plan                                                  |0.166667|    2.00|0.166667|1.000000|       2|       4
2022-10-21 02:17:46.642 | DEBUG    | localization_association_rule_mining:__call__:392 - |travel-plan                   |    0.17|travel-plan                                                 |0.166667|    1.00|0.166667|1.000000|       2|       3
2022-10-21 02:17:46.642 | DEBUG    | localization_association_rule_mining:__call__:392 - |station                       |    0.00|station                                                     |0.615385|    0.00|0.666667|0.888889|       0|       0
2022-10-21 02:17:46.642 | DEBUG    | localization_association_rule_mining:__call__:392 - |order                         |    0.00|order                                                       |0.541667|    0.00|0.541667|1.000000|       0|       0
2022-10-21 02:17:46.642 | DEBUG    | localization_association_rule_mining:__call__:392 - |train                         |    0.00|train                                                       |0.625000|    0.00|0.625000|1.000000|       0|       0
2022-10-21 02:17:46.642 | DEBUG    | localization_association_rule_mining:__call__:392 - |config                        |    0.00|config                                                      |0.500000|    0.00|0.500000|1.000000|       0|       0
2022-10-21 02:17:46.642 | DEBUG    | localization_association_rule_mining:__call__:392 - |price                         |    0.00|price                                                       |0.291667|    0.00|0.291667|1.000000|       0|       0
2022-10-21 02:17:46.642 | DEBUG    | localization_association_rule_mining:__call__:392 - |order-other                   |    0.00|order-other                                                 |0.166667|    0.00|0.166667|1.000000|       0|       0
2022-10-21 02:17:46.642 | DEBUG    | localization_association_rule_mining:__call__:392 - |travel2                       |    0.00|travel2                                                     |0.208333|    0.00|0.208333|1.000000|       4|       4
2022-10-21 02:17:46.642 | DEBUG    | localization_association_rule_mining:__call__:392 - |assurance                     |   -1.00|                                                            |0.000000|    0.00|0.000000|0.000000|       0|       0
2022-10-21 02:17:46.642 | DEBUG    | localization_association_rule_mining:__call__:392 - |notification                  |   -1.00|                                                            |0.000000|    0.00|0.000000|0.000000|       0|       0
2022-10-21 02:17:46.642 | DEBUG    | localization_association_rule_mining:__call__:392 - |verification-code             |   -1.00|                                                            |0.000000|    0.00|0.000000|0.000000|       0|       0
2022-10-21 02:17:46.642 | DEBUG    | localization_association_rule_mining:__call__:392 - |consign                       |   -1.00|                                                            |0.000000|    0.00|0.000000|0.000000|       0|       0
2022-10-21 02:17:46.642 | DEBUG    | localization_association_rule_mining:__call__:392 - |auth                          |   -1.00|                                                            |0.000000|    0.00|0.000000|0.000000|       0|       0
2022-10-21 02:17:46.642 | DEBUG    | localization_association_rule_mining:__call__:392 - |food                          |   -1.00|                                                            |0.000000|    0.00|0.000000|0.000000|       0|       0
2022-10-21 02:17:46.642 | DEBUG    | localization_association_rule_mining:__call__:392 - |user                          |   -1.00|                                                            |0.000000|    0.00|0.000000|0.000000|       0|       0
2022-10-21 02:17:46.642 | DEBUG    | localization_association_rule_mining:__call__:392 - |preserve-other                |   -1.00|                                                            |0.000000|    0.00|0.000000|0.000000|       0|       0
