2022-10-28 00:03:40.434 | DEBUG    | localization_association_rule_mining:__call__:388 - |item                          |score   |pattern                                                     |ps      |ips     |p(a|b)  |p(b|a)  |in      |out     
2022-10-28 00:03:40.434 | DEBUG    | localization_association_rule_mining:__call__:392 - |order                         |   19.78|order                                                       |0.482353|   41.00|0.640625|0.661290|      41|       0
2022-10-28 00:03:40.434 | DEBUG    | localization_association_rule_mining:__call__:392 - |train                         |   19.14|train                                                       |0.546875|   35.00|0.546875|1.000000|      35|       0
2022-10-28 00:03:40.434 | DEBUG    | localization_association_rule_mining:__call__:392 - |basic                         |   12.33|basic                                                       |0.560606|   22.00|0.578125|0.948718|       0|      22
2022-10-28 00:03:40.434 | DEBUG    | localization_association_rule_mining:__call__:392 - |travel                        |    8.31|travel                                                      |0.377551|   22.00|0.578125|0.521127|      11|      33
2022-10-28 00:03:40.434 | DEBUG    | localization_association_rule_mining:__call__:392 - |seat                          |    7.02|seat                                                        |0.369231|   19.00|0.375000|0.960000|      19|       0
2022-10-28 00:03:40.435 | DEBUG    | localization_association_rule_mining:__call__:392 - |ticketinfo                    |    2.73|ticketinfo                                                  |0.545455|    5.00|0.562500|0.947368|       5|       0
2022-10-28 00:03:40.435 | DEBUG    | localization_association_rule_mining:__call__:392 - |preserve                      |    0.48|preserve                                                    |0.242424|    2.00|0.250000|0.888889|       7|       9
2022-10-28 00:03:40.435 | DEBUG    | localization_association_rule_mining:__call__:392 - |security                      |    0.34|security                                                    |0.171875|    2.00|0.171875|1.000000|       4|       2
2022-10-28 00:03:40.435 | DEBUG    | localization_association_rule_mining:__call__:392 - |station                       |    0.34|station                                                     |0.335938|    1.00|0.671875|0.401869|       1|       0
2022-10-28 00:03:40.435 | DEBUG    | localization_association_rule_mining:__call__:392 - |cancel                        |    0.12|cancel                                                      |0.121212|    1.00|0.125000|0.800000|       5|       6
2022-10-28 00:03:40.435 | DEBUG    | localization_association_rule_mining:__call__:392 - |price                         |    0.00|price                                                       |0.292308|    0.00|0.296875|0.950000|       0|       0
2022-10-28 00:03:40.435 | DEBUG    | localization_association_rule_mining:__call__:392 - |route                         |    0.00|route                                                       |0.355556|    0.00|0.500000|0.551724|       0|       0
2022-10-28 00:03:40.435 | DEBUG    | localization_association_rule_mining:__call__:392 - |food                          |   -1.00|                                                            |0.000000|    0.00|0.000000|0.000000|       0|       0
2022-10-28 00:03:40.435 | DEBUG    | localization_association_rule_mining:__call__:392 - |consign                       |   -1.00|                                                            |0.000000|    0.00|0.000000|0.000000|       0|       0
2022-10-28 00:03:40.435 | DEBUG    | localization_association_rule_mining:__call__:392 - |assurance                     |   -1.00|                                                            |0.000000|    0.00|0.000000|0.000000|       0|       0
2022-10-28 00:03:40.435 | DEBUG    | localization_association_rule_mining:__call__:392 - |payment                       |   -1.00|                                                            |0.000000|    0.00|0.000000|0.000000|       0|       0
2022-10-28 00:03:40.435 | DEBUG    | localization_association_rule_mining:__call__:392 - |contacts                      |   -1.00|                                                            |0.000000|    0.00|0.000000|0.000000|       0|       0
2022-10-28 00:03:40.435 | DEBUG    | localization_association_rule_mining:__call__:392 - |inside-payment                |   -1.00|                                                            |0.000000|    0.00|0.000000|0.000000|       0|       0
2022-10-28 00:03:40.435 | DEBUG    | localization_association_rule_mining:__call__:392 - |ts-ui-dashboard               |   -1.00|                                                            |0.000000|    0.00|0.000000|0.000000|       0|       0
2022-10-28 00:03:40.435 | DEBUG    | localization_association_rule_mining:__call__:392 - |notification                  |   -1.00|                                                            |0.000000|    0.00|0.000000|0.000000|       0|       0
2022-10-28 00:03:40.435 | DEBUG    | localization_association_rule_mining:__call__:392 - |food-map                      |   -1.00|                                                            |0.000000|    0.00|0.000000|0.000000|       0|       0
2022-10-28 00:03:40.435 | DEBUG    | localization_association_rule_mining:__call__:392 - |verification-code             |   -1.00|                                                            |0.000000|    0.00|0.000000|0.000000|       0|       0
2022-10-28 00:03:40.435 | DEBUG    | localization_association_rule_mining:__call__:392 - |order-other                   |   -1.00|                                                            |0.000000|    0.00|0.000000|0.000000|       0|       0
2022-10-28 00:03:40.435 | DEBUG    | localization_association_rule_mining:__call__:392 - |travel-plan                   |   -1.00|                                                            |0.000000|    0.00|0.000000|0.000000|       0|       0
2022-10-28 00:03:40.436 | DEBUG    | localization_association_rule_mining:__call__:392 - |auth                          |   -1.00|                                                            |0.000000|    0.00|0.000000|0.000000|       0|       0
2022-10-28 00:03:40.436 | DEBUG    | localization_association_rule_mining:__call__:392 - |user                          |   -1.00|                                                            |0.000000|    0.00|0.000000|0.000000|       0|       0
