2022-10-28 00:07:28.462 | DEBUG    | localization_association_rule_mining:__call__:388 - |item                          |score   |pattern                                                     |ps      |ips     |p(a|b)  |p(b|a)  |in      |out     
2022-10-28 00:07:28.463 | DEBUG    | localization_association_rule_mining:__call__:392 - |route                         |   50.33|route                                                       |0.699029|   72.00|0.699029|1.000000|      72|       0
2022-10-28 00:07:28.463 | DEBUG    | localization_association_rule_mining:__call__:392 - |travel                        |   16.11|travel                                                      |0.805556|   20.00|0.844660|0.945652|      52|      72
2022-10-28 00:07:28.463 | DEBUG    | localization_association_rule_mining:__call__:392 - |food                          |    7.59|food                                                        |0.474138|   16.00|0.533981|0.808824|      34|      18
2022-10-28 00:07:28.463 | DEBUG    | localization_association_rule_mining:__call__:392 - |basic                         |    5.14|basic                                                       |0.514286|   10.00|0.524272|0.964286|      21|      31
2022-10-28 00:07:28.463 | DEBUG    | localization_association_rule_mining:__call__:392 - |seat                          |    2.47|seat                                                        |0.411215|    6.00|0.427184|0.916667|      26|      32
2022-10-28 00:07:28.463 | DEBUG    | localization_association_rule_mining:__call__:392 - |ticketinfo                    |    2.02|ticketinfo                                                  |0.504762|    4.00|0.514563|0.963636|      25|      21
2022-10-28 00:07:28.463 | DEBUG    | localization_association_rule_mining:__call__:392 - |station                       |    0.42|station                                                     |0.417085|    1.00|0.805825|0.463687|       1|       0
2022-10-28 00:07:28.463 | DEBUG    | localization_association_rule_mining:__call__:392 - |preserve                      |    0.40|preserve                                                    |0.200000|    2.00|0.203883|0.913043|       8|      10
2022-10-28 00:07:28.463 | DEBUG    | localization_association_rule_mining:__call__:392 - |food-map                      |    0.00|food-map                                                    |0.279279|    0.00|0.300971|0.794872|       0|       0
2022-10-28 00:07:28.463 | DEBUG    | localization_association_rule_mining:__call__:392 - |security                      |    0.00|security                                                    |0.190476|    0.00|0.194175|0.909091|       0|       0
2022-10-28 00:07:28.463 | DEBUG    | localization_association_rule_mining:__call__:392 - |config                        |    0.00|config                                                      |0.240385|    0.00|0.242718|0.961538|       0|       0
2022-10-28 00:07:28.463 | DEBUG    | localization_association_rule_mining:__call__:392 - |price                         |    0.00|price                                                       |0.213592|    0.00|0.213592|1.000000|       0|       0
2022-10-28 00:07:28.463 | DEBUG    | localization_association_rule_mining:__call__:392 - |train                         |    0.00|train                                                       |0.377358|    0.00|0.388350|0.930233|       0|       0
2022-10-28 00:07:28.463 | DEBUG    | localization_association_rule_mining:__call__:392 - |inside-payment                |   -1.00|                                                            |0.000000|    0.00|0.000000|0.000000|       0|       0
2022-10-28 00:07:28.463 | DEBUG    | localization_association_rule_mining:__call__:392 - |verification-code             |   -1.00|                                                            |0.000000|    0.00|0.000000|0.000000|       0|       0
2022-10-28 00:07:28.464 | DEBUG    | localization_association_rule_mining:__call__:392 - |assurance                     |   -1.00|                                                            |0.000000|    0.00|0.000000|0.000000|       0|       0
2022-10-28 00:07:28.464 | DEBUG    | localization_association_rule_mining:__call__:392 - |ts-ui-dashboard               |   -1.00|                                                            |0.000000|    0.00|0.000000|0.000000|       0|       0
2022-10-28 00:07:28.464 | DEBUG    | localization_association_rule_mining:__call__:392 - |order                         |   -1.00|                                                            |0.000000|    0.00|0.000000|0.000000|       0|       0
2022-10-28 00:07:28.464 | DEBUG    | localization_association_rule_mining:__call__:392 - |user                          |   -1.00|                                                            |0.000000|    0.00|0.000000|0.000000|       0|       0
2022-10-28 00:07:28.464 | DEBUG    | localization_association_rule_mining:__call__:392 - |order-other                   |   -1.00|                                                            |0.000000|    0.00|0.000000|0.000000|       0|       0
2022-10-28 00:07:28.464 | DEBUG    | localization_association_rule_mining:__call__:392 - |travel-plan                   |   -1.00|                                                            |0.000000|    0.00|0.000000|0.000000|       0|       0
2022-10-28 00:07:28.464 | DEBUG    | localization_association_rule_mining:__call__:392 - |contacts                      |   -1.00|                                                            |0.000000|    0.00|0.000000|0.000000|       0|       0
2022-10-28 00:07:28.464 | DEBUG    | localization_association_rule_mining:__call__:392 - |auth                          |   -1.00|                                                            |0.000000|    0.00|0.000000|0.000000|       0|       0
2022-10-28 00:07:28.464 | DEBUG    | localization_association_rule_mining:__call__:392 - |cancel                        |   -1.00|                                                            |0.000000|    0.00|0.000000|0.000000|       0|       0
2022-10-28 00:07:28.464 | DEBUG    | localization_association_rule_mining:__call__:392 - |travel2                       |   -1.00|                                                            |0.000000|    0.00|0.000000|0.000000|       0|       0
2022-10-28 00:07:28.464 | DEBUG    | localization_association_rule_mining:__call__:392 - |admin-order                   |   -1.00|                                                            |0.000000|    0.00|0.000000|0.000000|       0|       0
2022-10-28 00:07:28.464 | DEBUG    | localization_association_rule_mining:__call__:392 - |route-plan                    |   -1.00|                                                            |0.000000|    0.00|0.000000|0.000000|       0|       0
2022-10-28 00:07:28.464 | DEBUG    | localization_association_rule_mining:__call__:392 - |consign                       |   -1.00|                                                            |0.000000|    0.00|0.000000|0.000000|       0|       0
2022-10-28 00:07:28.464 | DEBUG    | localization_association_rule_mining:__call__:392 - |payment                       |   -1.00|                                                            |0.000000|    0.00|0.000000|0.000000|       0|       0
2022-10-28 00:07:28.464 | DEBUG    | localization_association_rule_mining:__call__:392 - |notification                  |   -1.00|                                                            |0.000000|    0.00|0.000000|0.000000|       0|       0
