2022-10-31 19:43:45.477 | DEBUG    | localization_association_rule_mining:__call__:388 - |item                          |score   |pattern                                                     |ps      |ips     |p(a|b)  |p(b|a)  |in      |out     
2022-10-31 19:43:45.477 | DEBUG    | localization_association_rule_mining:__call__:392 - |auth                          |   18.47|auth                                                        |0.450549|   41.00|0.500000|0.820000|       0|      41
2022-10-31 19:43:45.477 | DEBUG    | localization_association_rule_mining:__call__:392 - |food                          |   11.58|food                                                        |0.373494|   31.00|0.378049|0.968750|       0|      31
2022-10-31 19:43:45.477 | DEBUG    | localization_association_rule_mining:__call__:392 - |food-map                      |   10.98|food-map                                                    |0.365854|   30.00|0.365854|1.000000|      30|       0
2022-10-31 19:43:45.477 | DEBUG    | localization_association_rule_mining:__call__:392 - |station                       |   10.26|station                                                     |0.353659|   29.00|0.353659|1.000000|      29|       0
2022-10-31 19:43:45.477 | DEBUG    | localization_association_rule_mining:__call__:392 - |route                         |   10.26|route                                                       |0.353659|   29.00|0.353659|1.000000|      29|       0
2022-10-31 19:43:45.477 | DEBUG    | localization_association_rule_mining:__call__:392 - |verification-code             |    6.47|verification-code                                           |0.157692|   41.00|0.500000|0.187215|      41|       0
2022-10-31 19:43:45.478 | DEBUG    | localization_association_rule_mining:__call__:392 - |travel                        |    1.90|travel                                                      |0.475610|    4.00|0.475610|1.000000|      33|      29
2022-10-31 19:43:45.478 | DEBUG    | localization_association_rule_mining:__call__:392 - |basic                         |    0.00|basic                                                       |0.121951|    0.00|0.121951|1.000000|       8|       8
2022-10-31 19:43:45.478 | DEBUG    | localization_association_rule_mining:__call__:392 - |ticketinfo                    |    0.00|ticketinfo                                                  |0.121951|    0.00|0.121951|1.000000|       8|       8
2022-10-31 19:43:45.478 | DEBUG    | localization_association_rule_mining:__call__:392 - |route-plan                    |   -1.00|                                                            |0.000000|    0.00|0.000000|0.000000|       0|       0
2022-10-31 19:43:45.478 | DEBUG    | localization_association_rule_mining:__call__:392 - |contacts                      |   -1.00|                                                            |0.000000|    0.00|0.000000|0.000000|       0|       0
2022-10-31 19:43:45.478 | DEBUG    | localization_association_rule_mining:__call__:392 - |train                         |   -1.00|                                                            |0.000000|    0.00|0.000000|0.000000|       0|       0
2022-10-31 19:43:45.478 | DEBUG    | localization_association_rule_mining:__call__:392 - |travel-plan                   |   -1.00|                                                            |0.000000|    0.00|0.000000|0.000000|       0|       0
2022-10-31 19:43:45.478 | DEBUG    | localization_association_rule_mining:__call__:392 - |consign                       |   -1.00|                                                            |0.000000|    0.00|0.000000|0.000000|       0|       0
2022-10-31 19:43:45.478 | DEBUG    | localization_association_rule_mining:__call__:392 - |assurance                     |   -1.00|                                                            |0.000000|    0.00|0.000000|0.000000|       0|       0
2022-10-31 19:43:45.478 | DEBUG    | localization_association_rule_mining:__call__:392 - |config                        |   -1.00|                                                            |0.000000|    0.00|0.000000|0.000000|       0|       0
2022-10-31 19:43:45.478 | DEBUG    | localization_association_rule_mining:__call__:392 - |travel2                       |   -1.00|                                                            |0.000000|    0.00|0.000000|0.000000|       0|       0
2022-10-31 19:43:45.478 | DEBUG    | localization_association_rule_mining:__call__:392 - |order                         |   -1.00|                                                            |0.000000|    0.00|0.000000|0.000000|       0|       0
2022-10-31 19:43:45.478 | DEBUG    | localization_association_rule_mining:__call__:392 - |price                         |   -1.00|                                                            |0.000000|    0.00|0.000000|0.000000|       0|       0
2022-10-31 19:43:45.478 | DEBUG    | localization_association_rule_mining:__call__:392 - |seat                          |   -1.00|                                                            |0.000000|    0.00|0.000000|0.000000|       0|       0
