2022-11-16 16:47:55.366 | DEBUG    | localization_association_rule_mining:__call__:390 - |item                          |score   |pattern                                                     |ps      |ips     |p(a|b)  |p(b|a)  |in      |out     
2022-11-16 16:47:55.366 | DEBUG    | localization_association_rule_mining:__call__:394 - |route                         |   48.23|route                                                       |0.679245|   71.00|0.679245|1.000000|      71|       0
2022-11-16 16:47:55.366 | DEBUG    | localization_association_rule_mining:__call__:394 - |travel                        |   14.89|travel                                                      |0.783784|   19.00|0.820755|0.945652|      52|      71
2022-11-16 16:47:55.366 | DEBUG    | localization_association_rule_mining:__call__:394 - |food                          |    5.54|food                                                        |0.426230|   13.00|0.490566|0.764706|      31|      18
2022-11-16 16:47:55.366 | DEBUG    | localization_association_rule_mining:__call__:394 - |basic                         |    3.00|basic                                                       |0.500000|    6.00|0.509434|0.964286|      25|      31
2022-11-16 16:47:55.366 | DEBUG    | localization_association_rule_mining:__call__:394 - |seat                          |    2.40|seat                                                        |0.400000|    6.00|0.415094|0.916667|      26|      32
2022-11-16 16:47:55.366 | DEBUG    | localization_association_rule_mining:__call__:394 - |ticketinfo                    |    0.49|ticketinfo                                                  |0.490741|    1.00|0.500000|0.963636|      26|      25
2022-11-16 16:47:55.366 | DEBUG    | localization_association_rule_mining:__call__:394 - |station                       |    0.41|station                                                     |0.410891|    1.00|0.783019|0.463687|       1|       0
2022-11-16 16:47:55.366 | DEBUG    | localization_association_rule_mining:__call__:394 - |preserve                      |    0.19|preserve                                                    |0.194444|    1.00|0.198113|0.913043|       9|      10
2022-11-16 16:47:55.366 | DEBUG    | localization_association_rule_mining:__call__:394 - |config                        |    0.00|config                                                      |0.233645|    0.00|0.235849|0.961538|       0|       0
2022-11-16 16:47:55.366 | DEBUG    | localization_association_rule_mining:__call__:394 - |security                      |    0.00|security                                                    |0.185185|    0.00|0.188679|0.909091|       0|       0
2022-11-16 16:47:55.367 | DEBUG    | localization_association_rule_mining:__call__:394 - |food-map                      |    0.00|food-map                                                    |0.271930|    0.00|0.292453|0.794872|       0|       0
2022-11-16 16:47:55.367 | DEBUG    | localization_association_rule_mining:__call__:394 - |price                         |    0.00|price                                                       |0.207547|    0.00|0.207547|1.000000|       0|       0
2022-11-16 16:47:55.367 | DEBUG    | localization_association_rule_mining:__call__:394 - |train                         |    0.00|train                                                       |0.366972|    0.00|0.377358|0.930233|       0|       0
2022-11-16 16:47:55.367 | DEBUG    | localization_association_rule_mining:__call__:394 - |inside-payment                |   -1.00|                                                            |0.000000|    0.00|0.000000|0.000000|       0|       0
2022-11-16 16:47:55.367 | DEBUG    | localization_association_rule_mining:__call__:394 - |assurance                     |   -1.00|                                                            |0.000000|    0.00|0.000000|0.000000|       0|       0
2022-11-16 16:47:55.367 | DEBUG    | localization_association_rule_mining:__call__:394 - |order-other                   |   -1.00|                                                            |0.000000|    0.00|0.000000|0.000000|       0|       0
2022-11-16 16:47:55.367 | DEBUG    | localization_association_rule_mining:__call__:394 - |travel2                       |   -1.00|                                                            |0.000000|    0.00|0.000000|0.000000|       0|       0
2022-11-16 16:47:55.367 | DEBUG    | localization_association_rule_mining:__call__:394 - |order                         |   -1.00|                                                            |0.000000|    0.00|0.000000|0.000000|       0|       0
2022-11-16 16:47:55.367 | DEBUG    | localization_association_rule_mining:__call__:394 - |contacts                      |   -1.00|                                                            |0.000000|    0.00|0.000000|0.000000|       0|       0
2022-11-16 16:47:55.367 | DEBUG    | localization_association_rule_mining:__call__:394 - |route-plan                    |   -1.00|                                                            |0.000000|    0.00|0.000000|0.000000|       0|       0
2022-11-16 16:47:55.367 | DEBUG    | localization_association_rule_mining:__call__:394 - |notification                  |   -1.00|                                                            |0.000000|    0.00|0.000000|0.000000|       0|       0
2022-11-16 16:47:55.367 | DEBUG    | localization_association_rule_mining:__call__:394 - |verification-code             |   -1.00|                                                            |0.000000|    0.00|0.000000|0.000000|       0|       0
2022-11-16 16:47:55.367 | DEBUG    | localization_association_rule_mining:__call__:394 - |consign                       |   -1.00|                                                            |0.000000|    0.00|0.000000|0.000000|       0|       0
2022-11-16 16:47:55.367 | DEBUG    | localization_association_rule_mining:__call__:394 - |ts-ui-dashboard               |   -1.00|                                                            |0.000000|    0.00|0.000000|0.000000|       0|       0
2022-11-16 16:47:55.367 | DEBUG    | localization_association_rule_mining:__call__:394 - |auth                          |   -1.00|                                                            |0.000000|    0.00|0.000000|0.000000|       0|       0
2022-11-16 16:47:55.367 | DEBUG    | localization_association_rule_mining:__call__:394 - |user                          |   -1.00|                                                            |0.000000|    0.00|0.000000|0.000000|       0|       0
2022-11-16 16:47:55.367 | DEBUG    | localization_association_rule_mining:__call__:394 - |payment                       |   -1.00|                                                            |0.000000|    0.00|0.000000|0.000000|       0|       0
2022-11-16 16:47:55.367 | DEBUG    | localization_association_rule_mining:__call__:394 - |cancel                        |   -1.00|                                                            |0.000000|    0.00|0.000000|0.000000|       0|       0
2022-11-16 16:47:55.368 | DEBUG    | localization_association_rule_mining:__call__:394 - |admin-order                   |   -1.00|                                                            |0.000000|    0.00|0.000000|0.000000|       0|       0
2022-11-16 16:47:55.368 | DEBUG    | localization_association_rule_mining:__call__:394 - |travel-plan                   |   -1.00|                                                            |0.000000|    0.00|0.000000|0.000000|       0|       0
