2022-10-31 19:48:23.875 | DEBUG    | localization_association_rule_mining:__call__:388 - |item                          |score   |pattern                                                     |ps      |ips     |p(a|b)  |p(b|a)  |in      |out     
2022-10-31 19:48:23.875 | DEBUG    | localization_association_rule_mining:__call__:392 - |station                       |   69.60|station                                                     |0.467085|  149.00|0.645022|0.628692|     149|       0
2022-10-31 19:48:23.875 | DEBUG    | localization_association_rule_mining:__call__:392 - |order-other                   |   23.43|order-other                                                 |0.330065|   71.00|0.437229|0.573864|      15|      86
2022-10-31 19:48:23.875 | DEBUG    | localization_association_rule_mining:__call__:392 - |route                         |   17.18|route                                                       |0.272727|   63.00|0.272727|1.000000|      63|       0
2022-10-31 19:48:23.875 | DEBUG    | localization_association_rule_mining:__call__:392 - |food                          |    9.38|food                                                        |0.260684|   36.00|0.264069|0.953125|      11|      47
2022-10-31 19:48:23.876 | DEBUG    | localization_association_rule_mining:__call__:392 - |order                         |    9.25|order                                                       |0.146853|   63.00|0.272727|0.241379|      63|       0
2022-10-31 19:48:23.876 | DEBUG    | localization_association_rule_mining:__call__:392 - |food-map                      |    8.38|food-map                                                    |0.190476|   44.00|0.190476|1.000000|      44|       0
2022-10-31 19:48:23.876 | DEBUG    | localization_association_rule_mining:__call__:392 - |cancel                        |    6.42|cancel                                                      |0.164557|   39.00|0.168831|0.866667|       0|      39
2022-10-31 19:48:23.876 | DEBUG    | localization_association_rule_mining:__call__:392 - |auth                          |    3.58|auth                                                        |0.123404|   29.00|0.125541|0.878788|       0|      29
2022-10-31 19:48:23.876 | DEBUG    | localization_association_rule_mining:__call__:392 - |price                         |    2.71|price                                                       |0.108225|   25.00|0.108225|1.000000|      25|       0
2022-10-31 19:48:23.876 | DEBUG    | localization_association_rule_mining:__call__:392 - |train                         |    2.71|train                                                       |0.108225|   25.00|0.108225|1.000000|      25|       0
2022-10-31 19:48:23.876 | DEBUG    | localization_association_rule_mining:__call__:392 - |verification-code             |    2.35|verification-code                                           |0.081006|   29.00|0.125541|0.185897|      29|       0
2022-10-31 19:48:23.876 | DEBUG    | localization_association_rule_mining:__call__:392 - |travel                        |    1.30|travel                                                      |0.324675|    4.00|0.324675|1.000000|      67|      63
2022-10-31 19:48:23.876 | DEBUG    | localization_association_rule_mining:__call__:392 - |user                          |    1.20|user                                                        |0.120172|   10.00|0.121212|0.933333|      10|       0
2022-10-31 19:48:23.876 | DEBUG    | localization_association_rule_mining:__call__:392 - |seat                          |    0.32|seat                                                        |0.108225|    3.00|0.108225|1.000000|      22|      25
2022-10-31 19:48:23.876 | DEBUG    | localization_association_rule_mining:__call__:392 - |basic                         |    0.11|basic                                                       |0.108225|    1.00|0.108225|1.000000|      24|      25
2022-10-31 19:48:23.876 | DEBUG    | localization_association_rule_mining:__call__:392 - |ticketinfo                    |    0.11|ticketinfo                                                  |0.108225|    1.00|0.108225|1.000000|      25|      24
2022-10-31 19:48:23.876 | DEBUG    | localization_association_rule_mining:__call__:392 - |notification                  |    0.00|notification                                                |0.107759|    0.00|0.108225|0.961538|       0|       0
2022-10-31 19:48:23.876 | DEBUG    | localization_association_rule_mining:__call__:392 - |admin-order                   |   -1.00|                                                            |0.000000|    0.00|0.000000|0.000000|       0|       0
2022-10-31 19:48:23.876 | DEBUG    | localization_association_rule_mining:__call__:392 - |contacts                      |   -1.00|                                                            |0.000000|    0.00|0.000000|0.000000|       0|       0
2022-10-31 19:48:23.876 | DEBUG    | localization_association_rule_mining:__call__:392 - |inside-payment                |   -1.00|                                                            |0.000000|    0.00|0.000000|0.000000|       0|       0
2022-10-31 19:48:23.876 | DEBUG    | localization_association_rule_mining:__call__:392 - |payment                       |   -1.00|                                                            |0.000000|    0.00|0.000000|0.000000|       0|       0
2022-10-31 19:48:23.877 | DEBUG    | localization_association_rule_mining:__call__:392 - |assurance                     |   -1.00|                                                            |0.000000|    0.00|0.000000|0.000000|       0|       0
2022-10-31 19:48:23.877 | DEBUG    | localization_association_rule_mining:__call__:392 - |travel-plan                   |   -1.00|                                                            |0.000000|    0.00|0.000000|0.000000|       0|       0
2022-10-31 19:48:23.877 | DEBUG    | localization_association_rule_mining:__call__:392 - |travel2                       |   -1.00|                                                            |0.000000|    0.00|0.000000|0.000000|       0|       0
2022-10-31 19:48:23.877 | DEBUG    | localization_association_rule_mining:__call__:392 - |consign                       |   -1.00|                                                            |0.000000|    0.00|0.000000|0.000000|       0|       0
2022-10-31 19:48:23.877 | DEBUG    | localization_association_rule_mining:__call__:392 - |preserve                      |   -1.00|                                                            |0.000000|    0.00|0.000000|0.000000|       0|       0
2022-10-31 19:48:23.877 | DEBUG    | localization_association_rule_mining:__call__:392 - |route-plan                    |   -1.00|                                                            |0.000000|    0.00|0.000000|0.000000|       0|       0
2022-10-31 19:48:23.877 | DEBUG    | localization_association_rule_mining:__call__:392 - |security                      |   -1.00|                                                            |0.000000|    0.00|0.000000|0.000000|       0|       0
2022-10-31 19:48:23.877 | DEBUG    | localization_association_rule_mining:__call__:392 - |config                        |   -1.00|                                                            |0.000000|    0.00|0.000000|0.000000|       0|       0
2022-10-31 19:48:23.877 | DEBUG    | localization_association_rule_mining:__call__:392 - |ts-ui-dashboard               |   -1.00|                                                            |0.000000|    0.00|0.000000|0.000000|       0|       0
