2022-10-21 02:12:58.136 | DEBUG    | localization_association_rule_mining:__call__:388 - |item                          |score   |pattern                                                     |ps      |ips     |p(a|b)  |p(b|a)  |in      |out     
2022-10-21 02:12:58.136 | DEBUG    | localization_association_rule_mining:__call__:392 - |inside-payment                |    7.44|inside-payment                                              |0.247934|   30.00|0.280374|0.681818|      30|       0
2022-10-21 02:12:58.136 | DEBUG    | localization_association_rule_mining:__call__:392 - |ts-ui-dashboard               |    5.63|ts-ui-dashboard                                             |0.156522|   36.00|0.336449|0.226415|      36|       0
2022-10-21 02:12:58.137 | DEBUG    | localization_association_rule_mining:__call__:392 - |food                          |    2.31|food                                                        |0.164948|   14.00|0.299065|0.268908|      26|      12
2022-10-21 02:12:58.137 | DEBUG    | localization_association_rule_mining:__call__:392 - |food-map                      |    1.70|food-map                                                    |0.141892|   12.00|0.196262|0.338710|      12|       0
2022-10-21 02:12:58.137 | DEBUG    | localization_association_rule_mining:__call__:392 - |cancel                        |    1.53|cancel                                                      |0.102041|   15.00|0.140187|0.272727|       0|      15
2022-10-21 02:12:58.137 | DEBUG    | localization_association_rule_mining:__call__:392 - |station                       |    0.34|station                                                     |0.056555|    6.00|0.205607|0.072368|       6|       0
2022-10-21 02:12:58.137 | DEBUG    | localization_association_rule_mining:__call__:392 - |order                         |    0.08|order                                                       |0.078886|    1.00|0.317757|0.094972|       1|       0
2022-10-21 02:12:58.137 | DEBUG    | localization_association_rule_mining:__call__:392 - |user                          |    0.00|user                                                        |0.086957|    0.00|0.112150|0.279070|       0|       0
2022-10-21 02:12:58.137 | DEBUG    | localization_association_rule_mining:__call__:392 - |travel                        |    0.00|travel                                                      |0.096639|    0.00|0.214953|0.149351|       0|       0
2022-10-21 02:12:58.137 | DEBUG    | localization_association_rule_mining:__call__:392 - |route                         |    0.00|route                                                       |0.076190|    0.00|0.149533|0.134454|       0|       0
2022-10-21 02:12:58.137 | DEBUG    | localization_association_rule_mining:__call__:392 - |notification                  |    0.00|notification                                                |0.094203|    0.00|0.121495|0.295455|       0|       0
2022-10-21 02:12:58.137 | DEBUG    | localization_association_rule_mining:__call__:392 - |payment                       |    0.00|payment                                                     |0.103448|    0.00|0.112150|0.571429|       0|       0
2022-10-21 02:12:58.137 | DEBUG    | localization_association_rule_mining:__call__:392 - |assurance                     |   -1.00|                                                            |0.000000|    0.00|0.000000|0.000000|       0|       0
2022-10-21 02:12:58.137 | DEBUG    | localization_association_rule_mining:__call__:392 - |admin-travel                  |   -1.00|                                                            |0.000000|    0.00|0.000000|0.000000|       0|       0
2022-10-21 02:12:58.137 | DEBUG    | localization_association_rule_mining:__call__:392 - |contacts                      |   -1.00|                                                            |0.000000|    0.00|0.000000|0.000000|       0|       0
2022-10-21 02:12:58.137 | DEBUG    | localization_association_rule_mining:__call__:392 - |ticketinfo                    |   -1.00|                                                            |0.000000|    0.00|0.000000|0.000000|       0|       0
2022-10-21 02:12:58.137 | DEBUG    | localization_association_rule_mining:__call__:392 - |config                        |   -1.00|                                                            |0.000000|    0.00|0.000000|0.000000|       0|       0
2022-10-21 02:12:58.137 | DEBUG    | localization_association_rule_mining:__call__:392 - |order-other                   |   -1.00|                                                            |0.000000|    0.00|0.000000|0.000000|       0|       0
2022-10-21 02:12:58.138 | DEBUG    | localization_association_rule_mining:__call__:392 - |auth                          |   -1.00|                                                            |0.000000|    0.00|0.000000|0.000000|       0|       0
2022-10-21 02:12:58.138 | DEBUG    | localization_association_rule_mining:__call__:392 - |route-plan                    |   -1.00|                                                            |0.000000|    0.00|0.000000|0.000000|       0|       0
2022-10-21 02:12:58.138 | DEBUG    | localization_association_rule_mining:__call__:392 - |preserve                      |   -1.00|                                                            |0.000000|    0.00|0.000000|0.000000|       0|       0
2022-10-21 02:12:58.138 | DEBUG    | localization_association_rule_mining:__call__:392 - |admin-user                    |   -1.00|                                                            |0.000000|    0.00|0.000000|0.000000|       0|       0
2022-10-21 02:12:58.138 | DEBUG    | localization_association_rule_mining:__call__:392 - |travel2                       |   -1.00|                                                            |0.000000|    0.00|0.000000|0.000000|       0|       0
2022-10-21 02:12:58.138 | DEBUG    | localization_association_rule_mining:__call__:392 - |train                         |   -1.00|                                                            |0.000000|    0.00|0.000000|0.000000|       0|       0
2022-10-21 02:12:58.138 | DEBUG    | localization_association_rule_mining:__call__:392 - |preserve-other                |   -1.00|                                                            |0.000000|    0.00|0.000000|0.000000|       0|       0
2022-10-21 02:12:58.138 | DEBUG    | localization_association_rule_mining:__call__:392 - |verification-code             |   -1.00|                                                            |0.000000|    0.00|0.000000|0.000000|       0|       0
2022-10-21 02:12:58.138 | DEBUG    | localization_association_rule_mining:__call__:392 - |basic                         |   -1.00|                                                            |0.000000|    0.00|0.000000|0.000000|       0|       0
2022-10-21 02:12:58.138 | DEBUG    | localization_association_rule_mining:__call__:392 - |seat                          |   -1.00|                                                            |0.000000|    0.00|0.000000|0.000000|       0|       0
2022-10-21 02:12:58.138 | DEBUG    | localization_association_rule_mining:__call__:392 - |price                         |   -1.00|                                                            |0.000000|    0.00|0.000000|0.000000|       0|       0
2022-10-21 02:12:58.138 | DEBUG    | localization_association_rule_mining:__call__:392 - |travel-plan                   |   -1.00|                                                            |0.000000|    0.00|0.000000|0.000000|       0|       0
2022-10-21 02:12:58.138 | DEBUG    | localization_association_rule_mining:__call__:392 - |admin-order                   |   -1.00|                                                            |0.000000|    0.00|0.000000|0.000000|       0|       0
2022-10-21 02:12:58.138 | DEBUG    | localization_association_rule_mining:__call__:392 - |security                      |   -1.00|                                                            |0.000000|    0.00|0.000000|0.000000|       0|       0
2022-10-21 02:12:58.138 | DEBUG    | localization_association_rule_mining:__call__:392 - |consign                       |   -1.00|                                                            |0.000000|    0.00|0.000000|0.000000|       0|       0
