2022-10-31 19:48:45.629 | DEBUG    | localization_association_rule_mining:__call__:388 - |item                          |score   |pattern                                                     |ps      |ips     |p(a|b)  |p(b|a)  |in      |out     
2022-10-31 19:48:45.629 | DEBUG    | localization_association_rule_mining:__call__:392 - |station                       |   31.13|station                                                     |0.394089|   79.00|0.462428|0.727273|      79|       0
2022-10-31 19:48:45.629 | DEBUG    | localization_association_rule_mining:__call__:392 - |food                          |   14.20|food                                                        |0.289773|   49.00|0.294798|0.944444|       1|      50
2022-10-31 19:48:45.629 | DEBUG    | localization_association_rule_mining:__call__:392 - |travel                        |   13.31|travel                                                      |0.283237|   47.00|0.283237|1.000000|      47|       0
2022-10-31 19:48:45.629 | DEBUG    | localization_association_rule_mining:__call__:392 - |order                         |    8.05|order                                                       |0.174905|   46.00|0.265896|0.338235|      46|       0
2022-10-31 19:48:45.629 | DEBUG    | localization_association_rule_mining:__call__:392 - |food-map                      |    7.91|food-map                                                    |0.213873|   37.00|0.213873|1.000000|      37|       0
2022-10-31 19:48:45.629 | DEBUG    | localization_association_rule_mining:__call__:392 - |cancel                        |    6.08|cancel                                                      |0.178947|   34.00|0.196532|0.666667|       0|      34
2022-10-31 19:48:45.629 | DEBUG    | localization_association_rule_mining:__call__:392 - |basic                         |    4.53|basic                                                       |0.161850|   28.00|0.161850|1.000000|      28|       0
2022-10-31 19:48:45.629 | DEBUG    | localization_association_rule_mining:__call__:392 - |order-other                   |    4.40|order-other                                                 |0.162996|   27.00|0.213873|0.406593|       5|      32
2022-10-31 19:48:45.629 | DEBUG    | localization_association_rule_mining:__call__:392 - |seat                          |    4.21|seat                                                        |0.156069|   27.00|0.156069|1.000000|       0|      27
2022-10-31 19:48:45.630 | DEBUG    | localization_association_rule_mining:__call__:392 - |auth                          |    4.08|auth                                                        |0.145833|   28.00|0.161850|0.595745|       0|      28
2022-10-31 19:48:45.630 | DEBUG    | localization_association_rule_mining:__call__:392 - |ticketinfo                    |    4.05|ticketinfo                                                  |0.161850|   25.00|0.161850|1.000000|       3|      28
2022-10-31 19:48:45.630 | DEBUG    | localization_association_rule_mining:__call__:392 - |verification-code             |    2.75|verification-code                                           |0.098246|   28.00|0.161850|0.200000|      28|       0
2022-10-31 19:48:45.630 | DEBUG    | localization_association_rule_mining:__call__:392 - |security                      |   -1.00|                                                            |0.000000|    0.00|0.000000|0.000000|       0|       0
2022-10-31 19:48:45.630 | DEBUG    | localization_association_rule_mining:__call__:392 - |assurance                     |   -1.00|                                                            |0.000000|    0.00|0.000000|0.000000|       0|       0
2022-10-31 19:48:45.630 | DEBUG    | localization_association_rule_mining:__call__:392 - |contacts                      |   -1.00|                                                            |0.000000|    0.00|0.000000|0.000000|       0|       0
2022-10-31 19:48:45.630 | DEBUG    | localization_association_rule_mining:__call__:392 - |payment                       |   -1.00|                                                            |0.000000|    0.00|0.000000|0.000000|       0|       0
2022-10-31 19:48:45.630 | DEBUG    | localization_association_rule_mining:__call__:392 - |user                          |   -1.00|                                                            |0.000000|    0.00|0.000000|0.000000|       0|       0
2022-10-31 19:48:45.630 | DEBUG    | localization_association_rule_mining:__call__:392 - |ts-ui-dashboard               |   -1.00|                                                            |0.000000|    0.00|0.000000|0.000000|       0|       0
2022-10-31 19:48:45.630 | DEBUG    | localization_association_rule_mining:__call__:392 - |notification                  |   -1.00|                                                            |0.000000|    0.00|0.000000|0.000000|       0|       0
2022-10-31 19:48:45.630 | DEBUG    | localization_association_rule_mining:__call__:392 - |config                        |   -1.00|                                                            |0.000000|    0.00|0.000000|0.000000|       0|       0
2022-10-31 19:48:45.630 | DEBUG    | localization_association_rule_mining:__call__:392 - |preserve                      |   -1.00|                                                            |0.000000|    0.00|0.000000|0.000000|       0|       0
2022-10-31 19:48:45.630 | DEBUG    | localization_association_rule_mining:__call__:392 - |consign                       |   -1.00|                                                            |0.000000|    0.00|0.000000|0.000000|       0|       0
2022-10-31 19:48:45.630 | DEBUG    | localization_association_rule_mining:__call__:392 - |inside-payment                |   -1.00|                                                            |0.000000|    0.00|0.000000|0.000000|       0|       0
