2022-11-16 15:28:12.592 | DEBUG    | localization_association_rule_mining:__call__:390 - |item                          |score   |pattern                                                     |ps      |ips     |p(a|b)  |p(b|a)  |in      |out     
2022-11-16 15:28:12.592 | DEBUG    | localization_association_rule_mining:__call__:394 - |route                         |   16.29|route                                                       |0.525424|   31.00|0.525424|1.000000|      31|       0
2022-11-16 15:28:12.592 | DEBUG    | localization_association_rule_mining:__call__:394 - |food                          |   13.73|food                                                        |0.596774|   23.00|0.627119|0.925000|      33|      10
2022-11-16 15:28:12.592 | DEBUG    | localization_association_rule_mining:__call__:394 - |travel                        |    2.00|travel                                                      |0.666667|    3.00|0.677966|0.975610|      27|      30
2022-11-16 15:28:12.592 | DEBUG    | localization_association_rule_mining:__call__:394 - |seat                          |    1.70|seat                                                        |0.283333|    6.00|0.288136|0.944444|       7|      13
2022-11-16 15:28:12.592 | DEBUG    | localization_association_rule_mining:__call__:394 - |basic                         |    0.70|basic                                                       |0.350000|    2.00|0.355932|0.954545|      11|      13
2022-11-16 15:28:12.592 | DEBUG    | localization_association_rule_mining:__call__:394 - |preserve                      |    0.55|preserve                                                    |0.183333|    3.00|0.186441|0.916667|       9|       6
2022-11-16 15:28:12.592 | DEBUG    | localization_association_rule_mining:__call__:394 - |config                        |    0.15|config                                                      |0.152542|    1.00|0.152542|1.000000|       1|       0
2022-11-16 15:28:12.593 | DEBUG    | localization_association_rule_mining:__call__:394 - |security                      |    0.00|security                                                    |0.183333|    0.00|0.186441|0.916667|       0|       0
2022-11-16 15:28:12.593 | DEBUG    | localization_association_rule_mining:__call__:394 - |train                         |    0.00|train                                                       |0.266667|    0.00|0.271186|0.941176|       0|       0
2022-11-16 15:28:12.593 | DEBUG    | localization_association_rule_mining:__call__:394 - |price                         |    0.00|price                                                       |0.186441|    0.00|0.186441|1.000000|       0|       0
2022-11-16 15:28:12.593 | DEBUG    | localization_association_rule_mining:__call__:394 - |food-map                      |    0.00|food-map                                                    |0.311475|    0.00|0.322034|0.904762|       0|       0
2022-11-16 15:28:12.593 | DEBUG    | localization_association_rule_mining:__call__:394 - |station                       |    0.00|station                                                     |0.377193|    0.00|0.728814|0.438776|       0|       0
2022-11-16 15:28:12.593 | DEBUG    | localization_association_rule_mining:__call__:394 - |ticketinfo                    |    0.00|ticketinfo                                                  |0.350000|    0.00|0.355932|0.954545|      11|      11
2022-11-16 15:28:12.593 | DEBUG    | localization_association_rule_mining:__call__:394 - |verification-code             |   -1.00|                                                            |0.000000|    0.00|0.000000|0.000000|       0|       0
2022-11-16 15:28:12.593 | DEBUG    | localization_association_rule_mining:__call__:394 - |consign                       |   -1.00|                                                            |0.000000|    0.00|0.000000|0.000000|       0|       0
2022-11-16 15:28:12.593 | DEBUG    | localization_association_rule_mining:__call__:394 - |contacts                      |   -1.00|                                                            |0.000000|    0.00|0.000000|0.000000|       0|       0
2022-11-16 15:28:12.593 | DEBUG    | localization_association_rule_mining:__call__:394 - |inside-payment                |   -1.00|                                                            |0.000000|    0.00|0.000000|0.000000|       0|       0
2022-11-16 15:28:12.593 | DEBUG    | localization_association_rule_mining:__call__:394 - |payment                       |   -1.00|                                                            |0.000000|    0.00|0.000000|0.000000|       0|       0
2022-11-16 15:28:12.593 | DEBUG    | localization_association_rule_mining:__call__:394 - |assurance                     |   -1.00|                                                            |0.000000|    0.00|0.000000|0.000000|       0|       0
2022-11-16 15:28:12.593 | DEBUG    | localization_association_rule_mining:__call__:394 - |order-other                   |   -1.00|                                                            |0.000000|    0.00|0.000000|0.000000|       0|       0
2022-11-16 15:28:12.593 | DEBUG    | localization_association_rule_mining:__call__:394 - |order                         |   -1.00|                                                            |0.000000|    0.00|0.000000|0.000000|       0|       0
2022-11-16 15:28:12.593 | DEBUG    | localization_association_rule_mining:__call__:394 - |admin-order                   |   -1.00|                                                            |0.000000|    0.00|0.000000|0.000000|       0|       0
2022-11-16 15:28:12.593 | DEBUG    | localization_association_rule_mining:__call__:394 - |ts-ui-dashboard               |   -1.00|                                                            |0.000000|    0.00|0.000000|0.000000|       0|       0
2022-11-16 15:28:12.593 | DEBUG    | localization_association_rule_mining:__call__:394 - |cancel                        |   -1.00|                                                            |0.000000|    0.00|0.000000|0.000000|       0|       0
2022-11-16 15:28:12.593 | DEBUG    | localization_association_rule_mining:__call__:394 - |travel-plan                   |   -1.00|                                                            |0.000000|    0.00|0.000000|0.000000|       0|       0
2022-11-16 15:28:12.593 | DEBUG    | localization_association_rule_mining:__call__:394 - |user                          |   -1.00|                                                            |0.000000|    0.00|0.000000|0.000000|       0|       0
2022-11-16 15:28:12.594 | DEBUG    | localization_association_rule_mining:__call__:394 - |travel2                       |   -1.00|                                                            |0.000000|    0.00|0.000000|0.000000|       0|       0
2022-11-16 15:28:12.594 | DEBUG    | localization_association_rule_mining:__call__:394 - |auth                          |   -1.00|                                                            |0.000000|    0.00|0.000000|0.000000|       0|       0
2022-11-16 15:28:12.594 | DEBUG    | localization_association_rule_mining:__call__:394 - |route-plan                    |   -1.00|                                                            |0.000000|    0.00|0.000000|0.000000|       0|       0
2022-11-16 15:28:12.594 | DEBUG    | localization_association_rule_mining:__call__:394 - |notification                  |   -1.00|                                                            |0.000000|    0.00|0.000000|0.000000|       0|       0
