2022-10-31 19:47:54.209 | DEBUG    | localization_association_rule_mining:__call__:388 - |item                          |score   |pattern                                                     |ps      |ips     |p(a|b)  |p(b|a)  |in      |out     
2022-10-31 19:47:54.209 | DEBUG    | localization_association_rule_mining:__call__:392 - |station                       |  119.92|station                                                     |0.372414|  322.00|0.551020|0.534653|     322|       0
2022-10-31 19:47:54.209 | DEBUG    | localization_association_rule_mining:__call__:392 - |route                         |   93.12|route                                                       |0.397959|  234.00|0.397959|1.000000|     234|       0
2022-10-31 19:47:54.209 | DEBUG    | localization_association_rule_mining:__call__:392 - |order                         |   50.82|order                                                       |0.216241|  235.00|0.403061|0.318121|     235|       0
2022-10-31 19:47:54.210 | DEBUG    | localization_association_rule_mining:__call__:392 - |cancel                        |   31.75|cancel                                                      |0.220521|  144.00|0.244898|0.688995|       0|     144
2022-10-31 19:47:54.210 | DEBUG    | localization_association_rule_mining:__call__:392 - |train                         |   30.99|train                                                       |0.229592|  135.00|0.229592|1.000000|     135|       0
2022-10-31 19:47:54.210 | DEBUG    | localization_association_rule_mining:__call__:392 - |food                          |   28.60|food                                                        |0.277691|  103.00|0.302721|0.770563|      30|     133
2022-10-31 19:47:54.210 | DEBUG    | localization_association_rule_mining:__call__:392 - |food-map                      |   19.65|food-map                                                    |0.183673|  107.00|0.183673|1.000000|     107|       0
2022-10-31 19:47:54.210 | DEBUG    | localization_association_rule_mining:__call__:392 - |travel                        |   14.77|travel                                                      |0.509338|   29.00|0.510204|0.996678|     197|     226
2022-10-31 19:47:54.210 | DEBUG    | localization_association_rule_mining:__call__:392 - |config                        |   11.57|config                                                      |0.141156|   82.00|0.141156|1.000000|      82|       0
2022-10-31 19:47:54.210 | DEBUG    | localization_association_rule_mining:__call__:392 - |price                         |   11.30|price                                                       |0.139456|   81.00|0.139456|1.000000|      81|       0
2022-10-31 19:47:54.210 | DEBUG    | localization_association_rule_mining:__call__:392 - |ticketinfo                    |    8.59|ticketinfo                                                  |0.318027|   27.00|0.318027|1.000000|     135|     162
2022-10-31 19:47:54.210 | DEBUG    | localization_association_rule_mining:__call__:392 - |seat                          |    7.00|seat                                                        |0.241497|   29.00|0.241497|1.000000|      89|     118
2022-10-31 19:47:54.210 | DEBUG    | localization_association_rule_mining:__call__:392 - |preserve                      |    5.88|preserve                                                    |0.105085|   56.00|0.105442|0.968750|       0|      56
2022-10-31 19:47:54.210 | DEBUG    | localization_association_rule_mining:__call__:392 - |basic                         |    3.92|basic                                                       |0.326531|   12.00|0.326531|1.000000|     162|     174
2022-10-31 19:47:54.210 | DEBUG    | localization_association_rule_mining:__call__:392 - |user                          |    3.67|user                                                        |0.114671|   32.00|0.115646|0.931507|      32|       0
2022-10-31 19:47:54.210 | DEBUG    | localization_association_rule_mining:__call__:392 - |order-other                   |    0.12|order-other                                                 |0.115826|    1.00|0.171769|0.262338|      51|      50
2022-10-31 19:47:54.210 | DEBUG    | localization_association_rule_mining:__call__:392 - |notification                  |    0.00|notification                                                |0.120264|    0.00|0.124150|0.793478|       0|       0
2022-10-31 19:47:54.211 | DEBUG    | localization_association_rule_mining:__call__:392 - |travel-plan                   |   -1.00|                                                            |0.000000|    0.00|0.000000|0.000000|       0|       0
2022-10-31 19:47:54.211 | DEBUG    | localization_association_rule_mining:__call__:392 - |route-plan                    |   -1.00|                                                            |0.000000|    0.00|0.000000|0.000000|       0|       0
2022-10-31 19:47:54.211 | DEBUG    | localization_association_rule_mining:__call__:392 - |ts-ui-dashboard               |   -1.00|                                                            |0.000000|    0.00|0.000000|0.000000|       0|       0
2022-10-31 19:47:54.211 | DEBUG    | localization_association_rule_mining:__call__:392 - |verification-code             |   -1.00|                                                            |0.000000|    0.00|0.000000|0.000000|       0|       0
2022-10-31 19:47:54.211 | DEBUG    | localization_association_rule_mining:__call__:392 - |payment                       |   -1.00|                                                            |0.000000|    0.00|0.000000|0.000000|       0|       0
2022-10-31 19:47:54.211 | DEBUG    | localization_association_rule_mining:__call__:392 - |inside-payment                |   -1.00|                                                            |0.000000|    0.00|0.000000|0.000000|       0|       0
2022-10-31 19:47:54.211 | DEBUG    | localization_association_rule_mining:__call__:392 - |auth                          |   -1.00|                                                            |0.000000|    0.00|0.000000|0.000000|       0|       0
2022-10-31 19:47:54.211 | DEBUG    | localization_association_rule_mining:__call__:392 - |preserve-other                |   -1.00|                                                            |0.000000|    0.00|0.000000|0.000000|       0|       0
2022-10-31 19:47:54.211 | DEBUG    | localization_association_rule_mining:__call__:392 - |security                      |   -1.00|                                                            |0.000000|    0.00|0.000000|0.000000|       0|       0
2022-10-31 19:47:54.211 | DEBUG    | localization_association_rule_mining:__call__:392 - |consign                       |   -1.00|                                                            |0.000000|    0.00|0.000000|0.000000|       0|       0
2022-10-31 19:47:54.211 | DEBUG    | localization_association_rule_mining:__call__:392 - |assurance                     |   -1.00|                                                            |0.000000|    0.00|0.000000|0.000000|       0|       0
2022-10-31 19:47:54.211 | DEBUG    | localization_association_rule_mining:__call__:392 - |contacts                      |   -1.00|                                                            |0.000000|    0.00|0.000000|0.000000|       0|       0
2022-10-31 19:47:54.211 | DEBUG    | localization_association_rule_mining:__call__:392 - |admin-order                   |   -1.00|                                                            |0.000000|    0.00|0.000000|0.000000|       0|       0
2022-10-31 19:47:54.211 | DEBUG    | localization_association_rule_mining:__call__:392 - |travel2                       |   -1.00|                                                            |0.000000|    0.00|0.000000|0.000000|       0|       0
