2022-10-31 19:45:08.872 | DEBUG    | localization_association_rule_mining:__call__:388 - |item                          |score   |pattern                                                     |ps      |ips     |p(a|b)  |p(b|a)  |in      |out     
2022-10-31 19:45:08.872 | DEBUG    | localization_association_rule_mining:__call__:392 - |station                       |   85.15|station                                                     |0.567669|  150.00|0.637131|0.838889|     150|       0
2022-10-31 19:45:08.872 | DEBUG    | localization_association_rule_mining:__call__:392 - |route                         |   22.49|route                                                       |0.308017|   73.00|0.308017|1.000000|      73|       0
2022-10-31 19:45:08.872 | DEBUG    | localization_association_rule_mining:__call__:392 - |order                         |   14.17|order                                                       |0.194149|   73.00|0.308017|0.344340|      73|       0
2022-10-31 19:45:08.872 | DEBUG    | localization_association_rule_mining:__call__:392 - |train                         |   11.85|train                                                       |0.223629|   53.00|0.223629|1.000000|      53|       0
2022-10-31 19:45:08.872 | DEBUG    | localization_association_rule_mining:__call__:392 - |travel                        |   11.14|travel                                                      |0.464135|   24.00|0.464135|1.000000|      71|      95
2022-10-31 19:45:08.872 | DEBUG    | localization_association_rule_mining:__call__:392 - |food                          |   10.23|food                                                        |0.262295|   39.00|0.270042|0.901408|      11|      50
2022-10-31 19:45:08.872 | DEBUG    | localization_association_rule_mining:__call__:392 - |food-map                      |    6.75|food-map                                                    |0.168776|   40.00|0.168776|1.000000|      40|       0
2022-10-31 19:45:08.872 | DEBUG    | localization_association_rule_mining:__call__:392 - |config                        |    6.42|config                                                      |0.164557|   39.00|0.164557|1.000000|      39|       0
2022-10-31 19:45:08.872 | DEBUG    | localization_association_rule_mining:__call__:392 - |auth                          |    6.37|auth                                                        |0.155303|   41.00|0.172996|0.602941|       0|      41
2022-10-31 19:45:08.872 | DEBUG    | localization_association_rule_mining:__call__:392 - |order-other                   |    4.78|order-other                                                 |0.199357|   24.00|0.261603|0.455882|      19|      43
2022-10-31 19:45:08.873 | DEBUG    | localization_association_rule_mining:__call__:392 - |seat                          |    3.90|seat                                                        |0.278481|   14.00|0.278481|1.000000|      45|      59
2022-10-31 19:45:08.873 | DEBUG    | localization_association_rule_mining:__call__:392 - |verification-code             |    3.80|verification-code                                           |0.092760|   41.00|0.172996|0.166667|      41|       0
2022-10-31 19:45:08.873 | DEBUG    | localization_association_rule_mining:__call__:392 - |preserve                      |    3.54|preserve                                                    |0.126582|   28.00|0.126582|1.000000|       0|      28
2022-10-31 19:45:08.873 | DEBUG    | localization_association_rule_mining:__call__:392 - |basic                         |    2.43|basic                                                       |0.303797|    8.00|0.303797|1.000000|      61|      69
2022-10-31 19:45:08.873 | DEBUG    | localization_association_rule_mining:__call__:392 - |ticketinfo                    |    1.77|ticketinfo                                                  |0.295359|    6.00|0.295359|1.000000|      55|      61
2022-10-31 19:45:08.873 | DEBUG    | localization_association_rule_mining:__call__:392 - |security                      |    0.61|security                                                    |0.101266|    6.00|0.101266|1.000000|      14|      20
2022-10-31 19:45:08.873 | DEBUG    | localization_association_rule_mining:__call__:392 - |route-plan                    |   -1.00|                                                            |0.000000|    0.00|0.000000|0.000000|       0|       0
2022-10-31 19:45:08.873 | DEBUG    | localization_association_rule_mining:__call__:392 - |contacts                      |   -1.00|                                                            |0.000000|    0.00|0.000000|0.000000|       0|       0
2022-10-31 19:45:08.873 | DEBUG    | localization_association_rule_mining:__call__:392 - |user                          |   -1.00|                                                            |0.000000|    0.00|0.000000|0.000000|       0|       0
2022-10-31 19:45:08.873 | DEBUG    | localization_association_rule_mining:__call__:392 - |admin-order                   |   -1.00|                                                            |0.000000|    0.00|0.000000|0.000000|       0|       0
2022-10-31 19:45:08.873 | DEBUG    | localization_association_rule_mining:__call__:392 - |cancel                        |   -1.00|                                                            |0.000000|    0.00|0.000000|0.000000|       0|       0
2022-10-31 19:45:08.873 | DEBUG    | localization_association_rule_mining:__call__:392 - |notification                  |   -1.00|                                                            |0.000000|    0.00|0.000000|0.000000|       0|       0
2022-10-31 19:45:08.873 | DEBUG    | localization_association_rule_mining:__call__:392 - |travel-plan                   |   -1.00|                                                            |0.000000|    0.00|0.000000|0.000000|       0|       0
2022-10-31 19:45:08.873 | DEBUG    | localization_association_rule_mining:__call__:392 - |ts-ui-dashboard               |   -1.00|                                                            |0.000000|    0.00|0.000000|0.000000|       0|       0
2022-10-31 19:45:08.873 | DEBUG    | localization_association_rule_mining:__call__:392 - |consign                       |   -1.00|                                                            |0.000000|    0.00|0.000000|0.000000|       0|       0
2022-10-31 19:45:08.873 | DEBUG    | localization_association_rule_mining:__call__:392 - |travel2                       |   -1.00|                                                            |0.000000|    0.00|0.000000|0.000000|       0|       0
2022-10-31 19:45:08.873 | DEBUG    | localization_association_rule_mining:__call__:392 - |assurance                     |   -1.00|                                                            |0.000000|    0.00|0.000000|0.000000|       0|       0
2022-10-31 19:45:08.873 | DEBUG    | localization_association_rule_mining:__call__:392 - |payment                       |   -1.00|                                                            |0.000000|    0.00|0.000000|0.000000|       0|       0
2022-10-31 19:45:08.874 | DEBUG    | localization_association_rule_mining:__call__:392 - |inside-payment                |   -1.00|                                                            |0.000000|    0.00|0.000000|0.000000|       0|       0
2022-10-31 19:45:08.874 | DEBUG    | localization_association_rule_mining:__call__:392 - |price                         |   -1.00|                                                            |0.000000|    0.00|0.000000|0.000000|       0|       0
