2022-10-31 19:46:42.428 | DEBUG    | localization_association_rule_mining:__call__:388 - |item                          |score   |pattern                                                     |ps      |ips     |p(a|b)  |p(b|a)  |in      |out     
2022-10-31 19:46:42.428 | DEBUG    | localization_association_rule_mining:__call__:392 - |route                         |  172.77|route                                                       |0.708092|  244.00|0.712209|0.991903|     244|       0
2022-10-31 19:46:42.428 | DEBUG    | localization_association_rule_mining:__call__:392 - |travel                        |  112.72|travel                                                      |0.722543|  156.00|0.726744|0.992063|      90|     246
2022-10-31 19:46:42.428 | DEBUG    | localization_association_rule_mining:__call__:392 - |station                       |   46.94|station                                                     |0.345178|  136.00|0.395349|0.731183|     136|       0
2022-10-31 19:46:42.428 | DEBUG    | localization_association_rule_mining:__call__:392 - |train                         |   46.15|train                                                       |0.366279|  126.00|0.366279|1.000000|     126|       0
2022-10-31 19:46:42.428 | DEBUG    | localization_association_rule_mining:__call__:392 - |order                         |   36.85|order                                                       |0.233236|  158.00|0.465116|0.318725|     158|       0
2022-10-31 19:46:42.429 | DEBUG    | localization_association_rule_mining:__call__:392 - |config                        |   16.57|config                                                      |0.220930|   75.00|0.220930|1.000000|      75|       0
2022-10-31 19:46:42.429 | DEBUG    | localization_association_rule_mining:__call__:392 - |cancel                        |   10.42|cancel                                                      |0.165354|   63.00|0.183140|0.630000|       0|      63
2022-10-31 19:46:42.429 | DEBUG    | localization_association_rule_mining:__call__:392 - |price                         |    9.44|price                                                       |0.165698|   57.00|0.165698|1.000000|      57|       0
2022-10-31 19:46:42.429 | DEBUG    | localization_association_rule_mining:__call__:392 - |order-other                   |    4.93|order-other                                                 |0.091371|   54.00|0.156977|0.179402|      54|       0
2022-10-31 19:46:42.429 | DEBUG    | localization_association_rule_mining:__call__:392 - |seat                          |    4.57|seat                                                        |0.380814|   12.00|0.380814|1.000000|      98|     110
2022-10-31 19:46:42.429 | DEBUG    | localization_association_rule_mining:__call__:392 - |ticketinfo                    |    3.42|ticketinfo                                                  |0.427326|    8.00|0.427326|1.000000|     131|     139
2022-10-31 19:46:42.429 | DEBUG    | localization_association_rule_mining:__call__:392 - |basic                         |    2.17|basic                                                       |0.433140|    5.00|0.433140|1.000000|     139|     134
2022-10-31 19:46:42.429 | DEBUG    | localization_association_rule_mining:__call__:392 - |preserve                      |    1.36|preserve                                                    |0.104348|   13.00|0.104651|0.972973|       0|      13
2022-10-31 19:46:42.429 | DEBUG    | localization_association_rule_mining:__call__:392 - |travel2                       |    0.93|travel2                                                     |0.116279|    8.00|0.116279|1.000000|      28|      36
2022-10-31 19:46:42.429 | DEBUG    | localization_association_rule_mining:__call__:392 - |food                          |    0.91|food                                                        |0.151436|    6.00|0.168605|0.597938|       6|       0
2022-10-31 19:46:42.429 | DEBUG    | localization_association_rule_mining:__call__:392 - |route-plan                    |   -1.00|                                                            |0.000000|    0.00|0.000000|0.000000|       0|       0
2022-10-31 19:46:42.429 | DEBUG    | localization_association_rule_mining:__call__:392 - |admin-route                   |   -1.00|                                                            |0.000000|    0.00|0.000000|0.000000|       0|       0
2022-10-31 19:46:42.429 | DEBUG    | localization_association_rule_mining:__call__:392 - |notification                  |   -1.00|                                                            |0.000000|    0.00|0.000000|0.000000|       0|       0
2022-10-31 19:46:42.429 | DEBUG    | localization_association_rule_mining:__call__:392 - |contacts                      |   -1.00|                                                            |0.000000|    0.00|0.000000|0.000000|       0|       0
2022-10-31 19:46:42.429 | DEBUG    | localization_association_rule_mining:__call__:392 - |inside-payment                |   -1.00|                                                            |0.000000|    0.00|0.000000|0.000000|       0|       0
2022-10-31 19:46:42.429 | DEBUG    | localization_association_rule_mining:__call__:392 - |admin-order                   |   -1.00|                                                            |0.000000|    0.00|0.000000|0.000000|       0|       0
2022-10-31 19:46:42.430 | DEBUG    | localization_association_rule_mining:__call__:392 - |consign                       |   -1.00|                                                            |0.000000|    0.00|0.000000|0.000000|       0|       0
2022-10-31 19:46:42.430 | DEBUG    | localization_association_rule_mining:__call__:392 - |assurance                     |   -1.00|                                                            |0.000000|    0.00|0.000000|0.000000|       0|       0
2022-10-31 19:46:42.430 | DEBUG    | localization_association_rule_mining:__call__:392 - |user                          |   -1.00|                                                            |0.000000|    0.00|0.000000|0.000000|       0|       0
2022-10-31 19:46:42.430 | DEBUG    | localization_association_rule_mining:__call__:392 - |payment                       |   -1.00|                                                            |0.000000|    0.00|0.000000|0.000000|       0|       0
2022-10-31 19:46:42.430 | DEBUG    | localization_association_rule_mining:__call__:392 - |preserve-other                |   -1.00|                                                            |0.000000|    0.00|0.000000|0.000000|       0|       0
2022-10-31 19:46:42.430 | DEBUG    | localization_association_rule_mining:__call__:392 - |verification-code             |   -1.00|                                                            |0.000000|    0.00|0.000000|0.000000|       0|       0
2022-10-31 19:46:42.430 | DEBUG    | localization_association_rule_mining:__call__:392 - |auth                          |   -1.00|                                                            |0.000000|    0.00|0.000000|0.000000|       0|       0
2022-10-31 19:46:42.430 | DEBUG    | localization_association_rule_mining:__call__:392 - |ts-ui-dashboard               |   -1.00|                                                            |0.000000|    0.00|0.000000|0.000000|       0|       0
2022-10-31 19:46:42.430 | DEBUG    | localization_association_rule_mining:__call__:392 - |security                      |   -1.00|                                                            |0.000000|    0.00|0.000000|0.000000|       0|       0
2022-10-31 19:46:42.430 | DEBUG    | localization_association_rule_mining:__call__:392 - |travel-plan                   |   -1.00|                                                            |0.000000|    0.00|0.000000|0.000000|       0|       0
2022-10-31 19:46:42.430 | DEBUG    | localization_association_rule_mining:__call__:392 - |admin-user                    |   -1.00|                                                            |0.000000|    0.00|0.000000|0.000000|       0|       0
