2022-10-31 19:46:29.086 | DEBUG    | localization_association_rule_mining:__call__:388 - |item                          |score   |pattern                                                     |ps      |ips     |p(a|b)  |p(b|a)  |in      |out     
2022-10-31 19:46:29.086 | DEBUG    | localization_association_rule_mining:__call__:392 - |station                       |  122.86|station                                                     |0.485605|  253.00|0.602381|0.714689|     253|       0
2022-10-31 19:46:29.086 | DEBUG    | localization_association_rule_mining:__call__:392 - |route                         |   35.44|route                                                       |0.290476|  122.00|0.290476|1.000000|     122|       0
2022-10-31 19:46:29.086 | DEBUG    | localization_association_rule_mining:__call__:392 - |order                         |   31.73|order                                                       |0.233276|  136.00|0.323810|0.454849|     136|       0
2022-10-31 19:46:29.086 | DEBUG    | localization_association_rule_mining:__call__:392 - |order-other                   |   24.03|order-other                                                 |0.364035|   66.00|0.395238|0.821782|      50|     116
2022-10-31 19:46:29.086 | DEBUG    | localization_association_rule_mining:__call__:392 - |food                          |   16.52|food                                                        |0.235981|   70.00|0.240476|0.926606|      14|      84
2022-10-31 19:46:29.086 | DEBUG    | localization_association_rule_mining:__call__:392 - |cancel                        |   13.51|cancel                                                      |0.175399|   77.00|0.183333|0.802083|       0|      77
2022-10-31 19:46:29.086 | DEBUG    | localization_association_rule_mining:__call__:392 - |train                         |   12.69|train                                                       |0.173810|   73.00|0.173810|1.000000|      73|       0
2022-10-31 19:46:29.086 | DEBUG    | localization_association_rule_mining:__call__:392 - |food-map                      |   11.67|food-map                                                    |0.166667|   70.00|0.166667|1.000000|      70|       0
2022-10-31 19:46:29.086 | DEBUG    | localization_association_rule_mining:__call__:392 - |config                        |    5.15|config                                                      |0.111905|   46.00|0.111905|1.000000|      46|       0
2022-10-31 19:46:29.087 | DEBUG    | localization_association_rule_mining:__call__:392 - |price                         |    4.82|price                                                       |0.107143|   45.00|0.107143|1.000000|      45|       0
2022-10-31 19:46:29.087 | DEBUG    | localization_association_rule_mining:__call__:392 - |seat                          |    4.76|seat                                                        |0.176190|   27.00|0.176190|1.000000|      42|      69
2022-10-31 19:46:29.087 | DEBUG    | localization_association_rule_mining:__call__:392 - |auth                          |    4.06|auth                                                        |0.096552|   42.00|0.100000|0.736842|       0|      42
2022-10-31 19:46:29.087 | DEBUG    | localization_association_rule_mining:__call__:392 - |verification-code             |    2.90|verification-code                                           |0.068966|   42.00|0.100000|0.181818|      42|       0
2022-10-31 19:46:29.087 | DEBUG    | localization_association_rule_mining:__call__:392 - |travel                        |    2.26|travel                                                      |0.376190|    6.00|0.376190|1.000000|     118|     124
2022-10-31 19:46:29.087 | DEBUG    | localization_association_rule_mining:__call__:392 - |basic                         |    1.67|basic                                                       |0.185714|    9.00|0.185714|1.000000|      68|      77
2022-10-31 19:46:29.087 | DEBUG    | localization_association_rule_mining:__call__:392 - |ticketinfo                    |    0.20|ticketinfo                                                  |0.197619|    1.00|0.197619|1.000000|      69|      68
2022-10-31 19:46:29.087 | DEBUG    | localization_association_rule_mining:__call__:392 - |route-plan                    |   -1.00|                                                            |0.000000|    0.00|0.000000|0.000000|       0|       0
2022-10-31 19:46:29.087 | DEBUG    | localization_association_rule_mining:__call__:392 - |assurance                     |   -1.00|                                                            |0.000000|    0.00|0.000000|0.000000|       0|       0
2022-10-31 19:46:29.087 | DEBUG    | localization_association_rule_mining:__call__:392 - |travel-plan                   |   -1.00|                                                            |0.000000|    0.00|0.000000|0.000000|       0|       0
2022-10-31 19:46:29.087 | DEBUG    | localization_association_rule_mining:__call__:392 - |contacts                      |   -1.00|                                                            |0.000000|    0.00|0.000000|0.000000|       0|       0
2022-10-31 19:46:29.087 | DEBUG    | localization_association_rule_mining:__call__:392 - |user                          |   -1.00|                                                            |0.000000|    0.00|0.000000|0.000000|       0|       0
2022-10-31 19:46:29.087 | DEBUG    | localization_association_rule_mining:__call__:392 - |preserve-other                |   -1.00|                                                            |0.000000|    0.00|0.000000|0.000000|       0|       0
2022-10-31 19:46:29.087 | DEBUG    | localization_association_rule_mining:__call__:392 - |inside-payment                |   -1.00|                                                            |0.000000|    0.00|0.000000|0.000000|       0|       0
2022-10-31 19:46:29.087 | DEBUG    | localization_association_rule_mining:__call__:392 - |preserve                      |   -1.00|                                                            |0.000000|    0.00|0.000000|0.000000|       0|       0
2022-10-31 19:46:29.087 | DEBUG    | localization_association_rule_mining:__call__:392 - |payment                       |   -1.00|                                                            |0.000000|    0.00|0.000000|0.000000|       0|       0
2022-10-31 19:46:29.087 | DEBUG    | localization_association_rule_mining:__call__:392 - |travel2                       |   -1.00|                                                            |0.000000|    0.00|0.000000|0.000000|       0|       0
2022-10-31 19:46:29.088 | DEBUG    | localization_association_rule_mining:__call__:392 - |notification                  |   -1.00|                                                            |0.000000|    0.00|0.000000|0.000000|       0|       0
2022-10-31 19:46:29.088 | DEBUG    | localization_association_rule_mining:__call__:392 - |ts-ui-dashboard               |   -1.00|                                                            |0.000000|    0.00|0.000000|0.000000|       0|       0
2022-10-31 19:46:29.088 | DEBUG    | localization_association_rule_mining:__call__:392 - |consign                       |   -1.00|                                                            |0.000000|    0.00|0.000000|0.000000|       0|       0
2022-10-31 19:46:29.088 | DEBUG    | localization_association_rule_mining:__call__:392 - |security                      |   -1.00|                                                            |0.000000|    0.00|0.000000|0.000000|       0|       0
