2022-10-31 19:45:06.393 | DEBUG    | localization_association_rule_mining:__call__:388 - |item                          |score   |pattern                                                     |ps      |ips     |p(a|b)  |p(b|a)  |in      |out     
2022-10-31 19:45:06.393 | DEBUG    | localization_association_rule_mining:__call__:392 - |station                       |  115.76|station                                                     |0.478346|  242.00|0.605985|0.694286|     242|       0
2022-10-31 19:45:06.393 | DEBUG    | localization_association_rule_mining:__call__:392 - |order-other                   |   25.69|order-other                                                 |0.288641|   89.00|0.386534|0.532646|      33|     122
2022-10-31 19:45:06.393 | DEBUG    | localization_association_rule_mining:__call__:392 - |food                          |   23.78|food                                                        |0.261283|   91.00|0.274314|0.846154|       7|      98
2022-10-31 19:45:06.394 | DEBUG    | localization_association_rule_mining:__call__:392 - |route                         |   21.10|route                                                       |0.231920|   91.00|0.231920|1.000000|      91|       0
2022-10-31 19:45:06.394 | DEBUG    | localization_association_rule_mining:__call__:392 - |order                         |   13.36|order                                                       |0.139130|   96.00|0.239401|0.249351|      96|       0
2022-10-31 19:45:06.394 | DEBUG    | localization_association_rule_mining:__call__:392 - |food-map                      |   12.93|food-map                                                    |0.179551|   72.00|0.179551|1.000000|      72|       0
2022-10-31 19:45:06.394 | DEBUG    | localization_association_rule_mining:__call__:392 - |cancel                        |    7.50|cancel                                                      |0.131640|   57.00|0.142145|0.640449|       0|      57
2022-10-31 19:45:06.394 | DEBUG    | localization_association_rule_mining:__call__:392 - |train                         |    5.28|train                                                       |0.114713|   46.00|0.114713|1.000000|      46|       0
2022-10-31 19:45:06.394 | DEBUG    | localization_association_rule_mining:__call__:392 - |travel                        |    4.47|travel                                                      |0.344140|   13.00|0.344140|1.000000|      86|      99
2022-10-31 19:45:06.394 | DEBUG    | localization_association_rule_mining:__call__:392 - |seat                          |    3.71|seat                                                        |0.154613|   24.00|0.154613|1.000000|      30|      54
2022-10-31 19:45:06.394 | DEBUG    | localization_association_rule_mining:__call__:392 - |basic                         |    2.37|basic                                                       |0.182045|   13.00|0.182045|1.000000|      51|      64
2022-10-31 19:45:06.394 | DEBUG    | localization_association_rule_mining:__call__:392 - |ticketinfo                    |    0.17|ticketinfo                                                  |0.167082|    1.00|0.167082|1.000000|      50|      51
2022-10-31 19:45:06.394 | DEBUG    | localization_association_rule_mining:__call__:392 - |assurance                     |   -1.00|                                                            |0.000000|    0.00|0.000000|0.000000|       0|       0
2022-10-31 19:45:06.394 | DEBUG    | localization_association_rule_mining:__call__:392 - |preserve                      |   -1.00|                                                            |0.000000|    0.00|0.000000|0.000000|       0|       0
2022-10-31 19:45:06.394 | DEBUG    | localization_association_rule_mining:__call__:392 - |admin-order                   |   -1.00|                                                            |0.000000|    0.00|0.000000|0.000000|       0|       0
2022-10-31 19:45:06.394 | DEBUG    | localization_association_rule_mining:__call__:392 - |contacts                      |   -1.00|                                                            |0.000000|    0.00|0.000000|0.000000|       0|       0
2022-10-31 19:45:06.394 | DEBUG    | localization_association_rule_mining:__call__:392 - |route-plan                    |   -1.00|                                                            |0.000000|    0.00|0.000000|0.000000|       0|       0
2022-10-31 19:45:06.394 | DEBUG    | localization_association_rule_mining:__call__:392 - |notification                  |   -1.00|                                                            |0.000000|    0.00|0.000000|0.000000|       0|       0
2022-10-31 19:45:06.394 | DEBUG    | localization_association_rule_mining:__call__:392 - |auth                          |   -1.00|                                                            |0.000000|    0.00|0.000000|0.000000|       0|       0
2022-10-31 19:45:06.395 | DEBUG    | localization_association_rule_mining:__call__:392 - |payment                       |   -1.00|                                                            |0.000000|    0.00|0.000000|0.000000|       0|       0
2022-10-31 19:45:06.395 | DEBUG    | localization_association_rule_mining:__call__:392 - |travel-plan                   |   -1.00|                                                            |0.000000|    0.00|0.000000|0.000000|       0|       0
2022-10-31 19:45:06.395 | DEBUG    | localization_association_rule_mining:__call__:392 - |ts-ui-dashboard               |   -1.00|                                                            |0.000000|    0.00|0.000000|0.000000|       0|       0
2022-10-31 19:45:06.395 | DEBUG    | localization_association_rule_mining:__call__:392 - |user                          |   -1.00|                                                            |0.000000|    0.00|0.000000|0.000000|       0|       0
2022-10-31 19:45:06.395 | DEBUG    | localization_association_rule_mining:__call__:392 - |travel2                       |   -1.00|                                                            |0.000000|    0.00|0.000000|0.000000|       0|       0
2022-10-31 19:45:06.395 | DEBUG    | localization_association_rule_mining:__call__:392 - |verification-code             |   -1.00|                                                            |0.000000|    0.00|0.000000|0.000000|       0|       0
2022-10-31 19:45:06.395 | DEBUG    | localization_association_rule_mining:__call__:392 - |security                      |   -1.00|                                                            |0.000000|    0.00|0.000000|0.000000|       0|       0
2022-10-31 19:45:06.395 | DEBUG    | localization_association_rule_mining:__call__:392 - |consign                       |   -1.00|                                                            |0.000000|    0.00|0.000000|0.000000|       0|       0
2022-10-31 19:45:06.395 | DEBUG    | localization_association_rule_mining:__call__:392 - |preserve-other                |   -1.00|                                                            |0.000000|    0.00|0.000000|0.000000|       0|       0
2022-10-31 19:45:06.395 | DEBUG    | localization_association_rule_mining:__call__:392 - |price                         |   -1.00|                                                            |0.000000|    0.00|0.000000|0.000000|       0|       0
2022-10-31 19:45:06.395 | DEBUG    | localization_association_rule_mining:__call__:392 - |inside-payment                |   -1.00|                                                            |0.000000|    0.00|0.000000|0.000000|       0|       0
2022-10-31 19:45:06.395 | DEBUG    | localization_association_rule_mining:__call__:392 - |config                        |   -1.00|                                                            |0.000000|    0.00|0.000000|0.000000|       0|       0
