2022-10-31 19:48:43.311 | DEBUG    | localization_association_rule_mining:__call__:388 - |item                          |score   |pattern                                                     |ps      |ips     |p(a|b)  |p(b|a)  |in      |out     
2022-10-31 19:48:43.311 | DEBUG    | localization_association_rule_mining:__call__:392 - |station                       |   66.52|station                                                     |0.507752|  131.00|0.587444|0.789157|     131|       0
2022-10-31 19:48:43.311 | DEBUG    | localization_association_rule_mining:__call__:392 - |route                         |   22.92|route                                                       |0.322870|   71.00|0.322870|1.000000|      71|       0
2022-10-31 19:48:43.311 | DEBUG    | localization_association_rule_mining:__call__:392 - |food                          |   18.50|food                                                        |0.324561|   57.00|0.331839|0.936709|       6|      63
2022-10-31 19:48:43.311 | DEBUG    | localization_association_rule_mining:__call__:392 - |food-map                      |   12.60|food-map                                                    |0.237668|   53.00|0.237668|1.000000|      53|       0
2022-10-31 19:48:43.311 | DEBUG    | localization_association_rule_mining:__call__:392 - |auth                          |   11.95|auth                                                        |0.221311|   54.00|0.242152|0.720000|       0|      54
2022-10-31 19:48:43.311 | DEBUG    | localization_association_rule_mining:__call__:392 - |order-other                   |   10.57|order-other                                                 |0.207273|   51.00|0.255605|0.522936|       3|      54
2022-10-31 19:48:43.311 | DEBUG    | localization_association_rule_mining:__call__:392 - |verification-code             |    7.31|verification-code                                           |0.135338|   54.00|0.242152|0.234783|      54|       0
2022-10-31 19:48:43.311 | DEBUG    | localization_association_rule_mining:__call__:392 - |travel                        |    5.01|travel                                                      |0.385650|   13.00|0.385650|1.000000|      61|      74
2022-10-31 19:48:43.311 | DEBUG    | localization_association_rule_mining:__call__:392 - |order                         |    4.14|order                                                       |0.108883|   38.00|0.170404|0.231707|      38|       0
2022-10-31 19:48:43.311 | DEBUG    | localization_association_rule_mining:__call__:392 - |train                         |    2.80|train                                                       |0.112108|   25.00|0.112108|1.000000|      25|       0
2022-10-31 19:48:43.311 | DEBUG    | localization_association_rule_mining:__call__:392 - |ticketinfo                    |    1.11|ticketinfo                                                  |0.139013|    8.00|0.139013|1.000000|      31|      23
2022-10-31 19:48:43.311 | DEBUG    | localization_association_rule_mining:__call__:392 - |basic                         |    0.83|basic                                                       |0.139013|    6.00|0.139013|1.000000|      23|      29
2022-10-31 19:48:43.312 | DEBUG    | localization_association_rule_mining:__call__:392 - |seat                          |    0.67|seat                                                        |0.134529|    5.00|0.134529|1.000000|      23|      28
2022-10-31 19:48:43.312 | DEBUG    | localization_association_rule_mining:__call__:392 - |inside-payment                |   -1.00|                                                            |0.000000|    0.00|0.000000|0.000000|       0|       0
2022-10-31 19:48:43.312 | DEBUG    | localization_association_rule_mining:__call__:392 - |ts-ui-dashboard               |   -1.00|                                                            |0.000000|    0.00|0.000000|0.000000|       0|       0
2022-10-31 19:48:43.312 | DEBUG    | localization_association_rule_mining:__call__:392 - |config                        |   -1.00|                                                            |0.000000|    0.00|0.000000|0.000000|       0|       0
2022-10-31 19:48:43.312 | DEBUG    | localization_association_rule_mining:__call__:392 - |notification                  |   -1.00|                                                            |0.000000|    0.00|0.000000|0.000000|       0|       0
2022-10-31 19:48:43.312 | DEBUG    | localization_association_rule_mining:__call__:392 - |contacts                      |   -1.00|                                                            |0.000000|    0.00|0.000000|0.000000|       0|       0
2022-10-31 19:48:43.312 | DEBUG    | localization_association_rule_mining:__call__:392 - |preserve                      |   -1.00|                                                            |0.000000|    0.00|0.000000|0.000000|       0|       0
2022-10-31 19:48:43.312 | DEBUG    | localization_association_rule_mining:__call__:392 - |user                          |   -1.00|                                                            |0.000000|    0.00|0.000000|0.000000|       0|       0
2022-10-31 19:48:43.312 | DEBUG    | localization_association_rule_mining:__call__:392 - |cancel                        |   -1.00|                                                            |0.000000|    0.00|0.000000|0.000000|       0|       0
2022-10-31 19:48:43.312 | DEBUG    | localization_association_rule_mining:__call__:392 - |payment                       |   -1.00|                                                            |0.000000|    0.00|0.000000|0.000000|       0|       0
2022-10-31 19:48:43.312 | DEBUG    | localization_association_rule_mining:__call__:392 - |assurance                     |   -1.00|                                                            |0.000000|    0.00|0.000000|0.000000|       0|       0
2022-10-31 19:48:43.312 | DEBUG    | localization_association_rule_mining:__call__:392 - |consign                       |   -1.00|                                                            |0.000000|    0.00|0.000000|0.000000|       0|       0
2022-10-31 19:48:43.312 | DEBUG    | localization_association_rule_mining:__call__:392 - |price                         |   -1.00|                                                            |0.000000|    0.00|0.000000|0.000000|       0|       0
2022-10-31 19:48:43.312 | DEBUG    | localization_association_rule_mining:__call__:392 - |security                      |   -1.00|                                                            |0.000000|    0.00|0.000000|0.000000|       0|       0
2022-10-31 19:48:43.312 | DEBUG    | localization_association_rule_mining:__call__:392 - |admin-order                   |   -1.00|                                                            |0.000000|    0.00|0.000000|0.000000|       0|       0
