2022-11-09 16:52:17.087 | DEBUG    | localization_association_rule_mining:__call__:390 - |item                          |score   |pattern                                                     |ps      |ips     |p(a|b)  |p(b|a)  |in      |out     
2022-11-09 16:52:17.088 | DEBUG    | localization_association_rule_mining:__call__:394 - |basic                         |   30.12|basic                                                       |0.941176|   32.00|0.969697|0.969697|      32|       0
2022-11-09 16:52:17.088 | DEBUG    | localization_association_rule_mining:__call__:394 - |travel                        |    6.35|travel                                                      |0.576923|   11.00|0.909091|0.612245|      15|      26
2022-11-09 16:52:17.088 | DEBUG    | localization_association_rule_mining:__call__:394 - |ticketinfo                    |    4.71|ticketinfo                                                  |0.941176|    5.00|0.969697|0.969697|      27|      32
2022-11-09 16:52:17.088 | DEBUG    | localization_association_rule_mining:__call__:394 - |train                         |    2.45|train                                                       |0.818182|    3.00|0.818182|1.000000|       3|       0
2022-11-09 16:52:17.088 | DEBUG    | localization_association_rule_mining:__call__:394 - |preserve                      |    1.41|preserve                                                    |0.352941|    4.00|0.363636|0.923077|       9|       5
2022-11-09 16:52:17.088 | DEBUG    | localization_association_rule_mining:__call__:394 - |travel2                       |    1.21|travel2                                                     |0.242424|    5.00|0.242424|1.000000|       0|       5
2022-11-09 16:52:17.088 | DEBUG    | localization_association_rule_mining:__call__:394 - |route                         |    0.00|route                                                       |0.600000|    0.00|0.818182|0.692308|       0|       0
2022-11-09 16:52:17.088 | DEBUG    | localization_association_rule_mining:__call__:394 - |config                        |    0.00|config                                                      |0.363636|    0.00|0.363636|1.000000|       0|       0
2022-11-09 16:52:17.088 | DEBUG    | localization_association_rule_mining:__call__:394 - |station                       |    0.00|station                                                     |0.284404|    0.00|0.939394|0.289720|       0|       0
2022-11-09 16:52:17.088 | DEBUG    | localization_association_rule_mining:__call__:394 - |price                         |    0.00|price                                                       |0.575758|    0.00|0.575758|1.000000|       0|       0
2022-11-09 16:52:17.088 | DEBUG    | localization_association_rule_mining:__call__:394 - |travel-plan                   |    0.00|travel-plan                                                 |0.242424|    0.00|0.242424|1.000000|       7|       7
2022-11-09 16:52:17.088 | DEBUG    | localization_association_rule_mining:__call__:394 - |seat                          |    0.00|seat                                                        |0.787879|    0.00|0.787879|1.000000|       0|       0
2022-11-09 16:52:17.088 | DEBUG    | localization_association_rule_mining:__call__:394 - |contacts                      |   -1.00|                                                            |0.000000|    0.00|0.000000|0.000000|       0|       0
2022-11-09 16:52:17.088 | DEBUG    | localization_association_rule_mining:__call__:394 - |verification-code             |   -1.00|                                                            |0.000000|    0.00|0.000000|0.000000|       0|       0
2022-11-09 16:52:17.088 | DEBUG    | localization_association_rule_mining:__call__:394 - |user                          |   -1.00|                                                            |0.000000|    0.00|0.000000|0.000000|       0|       0
2022-11-09 16:52:17.088 | DEBUG    | localization_association_rule_mining:__call__:394 - |order-other                   |   -1.00|                                                            |0.000000|    0.00|0.000000|0.000000|       0|       0
2022-11-09 16:52:17.089 | DEBUG    | localization_association_rule_mining:__call__:394 - |preserve-other                |   -1.00|                                                            |0.000000|    0.00|0.000000|0.000000|       0|       0
2022-11-09 16:52:17.089 | DEBUG    | localization_association_rule_mining:__call__:394 - |inside-payment                |   -1.00|                                                            |0.000000|    0.00|0.000000|0.000000|       0|       0
2022-11-09 16:52:17.089 | DEBUG    | localization_association_rule_mining:__call__:394 - |cancel                        |   -1.00|                                                            |0.000000|    0.00|0.000000|0.000000|       0|       0
2022-11-09 16:52:17.089 | DEBUG    | localization_association_rule_mining:__call__:394 - |admin-order                   |   -1.00|                                                            |0.000000|    0.00|0.000000|0.000000|       0|       0
2022-11-09 16:52:17.089 | DEBUG    | localization_association_rule_mining:__call__:394 - |notification                  |   -1.00|                                                            |0.000000|    0.00|0.000000|0.000000|       0|       0
2022-11-09 16:52:17.089 | DEBUG    | localization_association_rule_mining:__call__:394 - |payment                       |   -1.00|                                                            |0.000000|    0.00|0.000000|0.000000|       0|       0
2022-11-09 16:52:17.089 | DEBUG    | localization_association_rule_mining:__call__:394 - |food-map                      |   -1.00|                                                            |0.000000|    0.00|0.000000|0.000000|       0|       0
2022-11-09 16:52:17.089 | DEBUG    | localization_association_rule_mining:__call__:394 - |assurance                     |   -1.00|                                                            |0.000000|    0.00|0.000000|0.000000|       0|       0
2022-11-09 16:52:17.089 | DEBUG    | localization_association_rule_mining:__call__:394 - |food                          |   -1.00|                                                            |0.000000|    0.00|0.000000|0.000000|       0|       0
2022-11-09 16:52:17.089 | DEBUG    | localization_association_rule_mining:__call__:394 - |order                         |   -1.00|                                                            |0.000000|    0.00|0.000000|0.000000|       0|       0
2022-11-09 16:52:17.089 | DEBUG    | localization_association_rule_mining:__call__:394 - |consign                       |   -1.00|                                                            |0.000000|    0.00|0.000000|0.000000|       0|       0
2022-11-09 16:52:17.089 | DEBUG    | localization_association_rule_mining:__call__:394 - |route-plan                    |   -1.00|                                                            |0.000000|    0.00|0.000000|0.000000|       0|       0
2022-11-09 16:52:17.089 | DEBUG    | localization_association_rule_mining:__call__:394 - |security                      |   -1.00|                                                            |0.000000|    0.00|0.000000|0.000000|       0|       0
2022-11-09 16:52:17.089 | DEBUG    | localization_association_rule_mining:__call__:394 - |ts-ui-dashboard               |   -1.00|                                                            |0.000000|    0.00|0.000000|0.000000|       0|       0
2022-11-09 16:52:17.089 | DEBUG    | localization_association_rule_mining:__call__:394 - |auth                          |   -1.00|                                                            |0.000000|    0.00|0.000000|0.000000|       0|       0
