2022-10-31 19:50:04.226 | DEBUG    | localization_association_rule_mining:__call__:388 - |item                          |score   |pattern                                                     |ps      |ips     |p(a|b)  |p(b|a)  |in      |out     
2022-10-31 19:50:04.226 | DEBUG    | localization_association_rule_mining:__call__:392 - |station                       |   60.75|station                                                     |0.562500|  108.00|0.692308|0.750000|     108|       0
2022-10-31 19:50:04.226 | DEBUG    | localization_association_rule_mining:__call__:392 - |route                         |   19.39|route                                                       |0.352564|   55.00|0.352564|1.000000|      55|       0
2022-10-31 19:50:04.227 | DEBUG    | localization_association_rule_mining:__call__:392 - |food                          |    9.04|food                                                        |0.301282|   30.00|0.301282|1.000000|       8|      38
2022-10-31 19:50:04.227 | DEBUG    | localization_association_rule_mining:__call__:392 - |order-other                   |    8.73|order-other                                                 |0.290909|   30.00|0.410256|0.500000|      17|      47
2022-10-31 19:50:04.227 | DEBUG    | localization_association_rule_mining:__call__:392 - |food-map                      |    8.31|food-map                                                    |0.230769|   36.00|0.230769|1.000000|      36|       0
2022-10-31 19:50:04.227 | DEBUG    | localization_association_rule_mining:__call__:392 - |auth                          |    5.13|auth                                                        |0.176829|   29.00|0.185897|0.783784|       0|      29
2022-10-31 19:50:04.227 | DEBUG    | localization_association_rule_mining:__call__:392 - |order                         |    5.03|order                                                       |0.132404|   38.00|0.243590|0.224852|      38|       0
2022-10-31 19:50:04.227 | DEBUG    | localization_association_rule_mining:__call__:392 - |config                        |    4.67|config                                                      |0.173077|   27.00|0.173077|1.000000|      27|       0
2022-10-31 19:50:04.227 | DEBUG    | localization_association_rule_mining:__call__:392 - |train                         |    4.33|train                                                       |0.166667|   26.00|0.166667|1.000000|      26|       0
2022-10-31 19:50:04.227 | DEBUG    | localization_association_rule_mining:__call__:392 - |price                         |    2.83|price                                                       |0.134615|   21.00|0.134615|1.000000|      21|       0
2022-10-31 19:50:04.227 | DEBUG    | localization_association_rule_mining:__call__:392 - |travel                        |    0.40|travel                                                      |0.403846|    1.00|0.403846|1.000000|      56|      55
2022-10-31 19:50:04.227 | DEBUG    | localization_association_rule_mining:__call__:392 - |seat                          |    0.17|seat                                                        |0.173077|    1.00|0.173077|1.000000|      26|      27
2022-10-31 19:50:04.227 | DEBUG    | localization_association_rule_mining:__call__:392 - |ticketinfo                    |    0.00|ticketinfo                                                  |0.166667|    0.00|0.166667|1.000000|      26|      26
2022-10-31 19:50:04.227 | DEBUG    | localization_association_rule_mining:__call__:392 - |basic                         |    0.00|basic                                                       |0.166667|    0.00|0.166667|1.000000|      26|      26
2022-10-31 19:50:04.227 | DEBUG    | localization_association_rule_mining:__call__:392 - |contacts                      |   -1.00|                                                            |0.000000|    0.00|0.000000|0.000000|       0|       0
2022-10-31 19:50:04.227 | DEBUG    | localization_association_rule_mining:__call__:392 - |notification                  |   -1.00|                                                            |0.000000|    0.00|0.000000|0.000000|       0|       0
2022-10-31 19:50:04.227 | DEBUG    | localization_association_rule_mining:__call__:392 - |cancel                        |   -1.00|                                                            |0.000000|    0.00|0.000000|0.000000|       0|       0
2022-10-31 19:50:04.227 | DEBUG    | localization_association_rule_mining:__call__:392 - |inside-payment                |   -1.00|                                                            |0.000000|    0.00|0.000000|0.000000|       0|       0
2022-10-31 19:50:04.227 | DEBUG    | localization_association_rule_mining:__call__:392 - |preserve                      |   -1.00|                                                            |0.000000|    0.00|0.000000|0.000000|       0|       0
2022-10-31 19:50:04.228 | DEBUG    | localization_association_rule_mining:__call__:392 - |travel2                       |   -1.00|                                                            |0.000000|    0.00|0.000000|0.000000|       0|       0
2022-10-31 19:50:04.228 | DEBUG    | localization_association_rule_mining:__call__:392 - |security                      |   -1.00|                                                            |0.000000|    0.00|0.000000|0.000000|       0|       0
2022-10-31 19:50:04.228 | DEBUG    | localization_association_rule_mining:__call__:392 - |consign                       |   -1.00|                                                            |0.000000|    0.00|0.000000|0.000000|       0|       0
2022-10-31 19:50:04.228 | DEBUG    | localization_association_rule_mining:__call__:392 - |assurance                     |   -1.00|                                                            |0.000000|    0.00|0.000000|0.000000|       0|       0
2022-10-31 19:50:04.228 | DEBUG    | localization_association_rule_mining:__call__:392 - |route-plan                    |   -1.00|                                                            |0.000000|    0.00|0.000000|0.000000|       0|       0
2022-10-31 19:50:04.228 | DEBUG    | localization_association_rule_mining:__call__:392 - |payment                       |   -1.00|                                                            |0.000000|    0.00|0.000000|0.000000|       0|       0
2022-10-31 19:50:04.228 | DEBUG    | localization_association_rule_mining:__call__:392 - |user                          |   -1.00|                                                            |0.000000|    0.00|0.000000|0.000000|       0|       0
2022-10-31 19:50:04.228 | DEBUG    | localization_association_rule_mining:__call__:392 - |admin-order                   |   -1.00|                                                            |0.000000|    0.00|0.000000|0.000000|       0|       0
2022-10-31 19:50:04.228 | DEBUG    | localization_association_rule_mining:__call__:392 - |travel-plan                   |   -1.00|                                                            |0.000000|    0.00|0.000000|0.000000|       0|       0
2022-10-31 19:50:04.228 | DEBUG    | localization_association_rule_mining:__call__:392 - |verification-code             |   -1.00|                                                            |0.000000|    0.00|0.000000|0.000000|       0|       0
2022-10-31 19:50:04.228 | DEBUG    | localization_association_rule_mining:__call__:392 - |ts-ui-dashboard               |   -1.00|                                                            |0.000000|    0.00|0.000000|0.000000|       0|       0
