2022-10-31 19:44:30.649 | DEBUG    | localization_association_rule_mining:__call__:388 - |item                          |score   |pattern                                                     |ps      |ips     |p(a|b)  |p(b|a)  |in      |out     
2022-10-31 19:44:30.649 | DEBUG    | localization_association_rule_mining:__call__:392 - |station                       |   94.12|station                                                     |0.544025|  173.00|0.650376|0.768889|     173|       0
2022-10-31 19:44:30.649 | DEBUG    | localization_association_rule_mining:__call__:392 - |route                         |   25.90|route                                                       |0.312030|   83.00|0.312030|1.000000|      83|       0
2022-10-31 19:44:30.650 | DEBUG    | localization_association_rule_mining:__call__:392 - |food                          |   16.34|food                                                        |0.272401|   60.00|0.285714|0.853933|       6|      66
2022-10-31 19:44:30.650 | DEBUG    | localization_association_rule_mining:__call__:392 - |order                         |   13.24|order                                                       |0.176471|   75.00|0.281955|0.320513|      75|       0
2022-10-31 19:44:30.650 | DEBUG    | localization_association_rule_mining:__call__:392 - |train                         |   13.09|train                                                       |0.221805|   59.00|0.221805|1.000000|      59|       0
2022-10-31 19:44:30.650 | DEBUG    | localization_association_rule_mining:__call__:392 - |travel                        |   10.20|travel                                                      |0.443609|   23.00|0.443609|1.000000|      76|      99
2022-10-31 19:44:30.650 | DEBUG    | localization_association_rule_mining:__call__:392 - |food-map                      |    9.78|food-map                                                    |0.191729|   51.00|0.191729|1.000000|      51|       0
2022-10-31 19:44:30.650 | DEBUG    | localization_association_rule_mining:__call__:392 - |order-other                   |    8.28|order-other                                                 |0.212389|   39.00|0.270677|0.496552|      16|      55
2022-10-31 19:44:30.650 | DEBUG    | localization_association_rule_mining:__call__:392 - |price                         |    4.61|price                                                       |0.131579|   35.00|0.131579|1.000000|      35|       0
2022-10-31 19:44:30.650 | DEBUG    | localization_association_rule_mining:__call__:392 - |auth                          |    3.45|auth                                                        |0.107744|   32.00|0.120301|0.507937|       0|      32
2022-10-31 19:44:30.650 | DEBUG    | localization_association_rule_mining:__call__:392 - |cancel                        |    3.37|cancel                                                      |0.108772|   31.00|0.116541|0.620000|       0|      31
2022-10-31 19:44:30.650 | DEBUG    | localization_association_rule_mining:__call__:392 - |config                        |    2.74|config                                                      |0.101504|   27.00|0.101504|1.000000|      27|       0
2022-10-31 19:44:30.650 | DEBUG    | localization_association_rule_mining:__call__:392 - |seat                          |    2.44|seat                                                        |0.221805|   11.00|0.221805|1.000000|      37|      48
2022-10-31 19:44:30.650 | DEBUG    | localization_association_rule_mining:__call__:392 - |verification-code             |    2.34|verification-code                                           |0.073059|   32.00|0.120301|0.156863|      32|       0
2022-10-31 19:44:30.650 | DEBUG    | localization_association_rule_mining:__call__:392 - |basic                         |    0.56|basic                                                       |0.278195|    2.00|0.278195|1.000000|      70|      72
2022-10-31 19:44:30.650 | DEBUG    | localization_association_rule_mining:__call__:392 - |ticketinfo                    |    0.28|ticketinfo                                                  |0.278195|    1.00|0.278195|1.000000|      69|      70
2022-10-31 19:44:30.650 | DEBUG    | localization_association_rule_mining:__call__:392 - |preserve                      |   -1.00|                                                            |0.000000|    0.00|0.000000|0.000000|       0|       0
2022-10-31 19:44:30.651 | DEBUG    | localization_association_rule_mining:__call__:392 - |notification                  |   -1.00|                                                            |0.000000|    0.00|0.000000|0.000000|       0|       0
2022-10-31 19:44:30.651 | DEBUG    | localization_association_rule_mining:__call__:392 - |travel-plan                   |   -1.00|                                                            |0.000000|    0.00|0.000000|0.000000|       0|       0
2022-10-31 19:44:30.651 | DEBUG    | localization_association_rule_mining:__call__:392 - |consign                       |   -1.00|                                                            |0.000000|    0.00|0.000000|0.000000|       0|       0
2022-10-31 19:44:30.651 | DEBUG    | localization_association_rule_mining:__call__:392 - |travel2                       |   -1.00|                                                            |0.000000|    0.00|0.000000|0.000000|       0|       0
2022-10-31 19:44:30.651 | DEBUG    | localization_association_rule_mining:__call__:392 - |payment                       |   -1.00|                                                            |0.000000|    0.00|0.000000|0.000000|       0|       0
2022-10-31 19:44:30.651 | DEBUG    | localization_association_rule_mining:__call__:392 - |contacts                      |   -1.00|                                                            |0.000000|    0.00|0.000000|0.000000|       0|       0
2022-10-31 19:44:30.651 | DEBUG    | localization_association_rule_mining:__call__:392 - |admin-order                   |   -1.00|                                                            |0.000000|    0.00|0.000000|0.000000|       0|       0
2022-10-31 19:44:30.651 | DEBUG    | localization_association_rule_mining:__call__:392 - |user                          |   -1.00|                                                            |0.000000|    0.00|0.000000|0.000000|       0|       0
2022-10-31 19:44:30.651 | DEBUG    | localization_association_rule_mining:__call__:392 - |security                      |   -1.00|                                                            |0.000000|    0.00|0.000000|0.000000|       0|       0
2022-10-31 19:44:30.651 | DEBUG    | localization_association_rule_mining:__call__:392 - |inside-payment                |   -1.00|                                                            |0.000000|    0.00|0.000000|0.000000|       0|       0
2022-10-31 19:44:30.651 | DEBUG    | localization_association_rule_mining:__call__:392 - |assurance                     |   -1.00|                                                            |0.000000|    0.00|0.000000|0.000000|       0|       0
2022-10-31 19:44:30.651 | DEBUG    | localization_association_rule_mining:__call__:392 - |ts-ui-dashboard               |   -1.00|                                                            |0.000000|    0.00|0.000000|0.000000|       0|       0
2022-10-31 19:44:30.651 | DEBUG    | localization_association_rule_mining:__call__:392 - |route-plan                    |   -1.00|                                                            |0.000000|    0.00|0.000000|0.000000|       0|       0
2022-10-31 19:44:30.651 | DEBUG    | localization_association_rule_mining:__call__:392 - |preserve-other                |   -1.00|                                                            |0.000000|    0.00|0.000000|0.000000|       0|       0
