2022-10-31 19:46:18.461 | DEBUG    | localization_association_rule_mining:__call__:388 - |item                          |score   |pattern                                                     |ps      |ips     |p(a|b)  |p(b|a)  |in      |out     
2022-10-31 19:46:18.461 | DEBUG    | localization_association_rule_mining:__call__:392 - |station                       |  122.25|station                                                     |0.503106|  243.00|0.632812|0.710526|     243|       0
2022-10-31 19:46:18.461 | DEBUG    | localization_association_rule_mining:__call__:392 - |route                         |   37.50|route                                                       |0.312500|  120.00|0.312500|1.000000|     120|       0
2022-10-31 19:46:18.461 | DEBUG    | localization_association_rule_mining:__call__:392 - |order                         |   22.55|order                                                       |0.183308|  123.00|0.320312|0.300000|     123|       0
2022-10-31 19:46:18.461 | DEBUG    | localization_association_rule_mining:__call__:392 - |train                         |   17.72|train                                                       |0.216146|   82.00|0.216146|1.000000|      82|       0
2022-10-31 19:46:18.461 | DEBUG    | localization_association_rule_mining:__call__:392 - |order-other                   |   14.76|order-other                                                 |0.273256|   54.00|0.367188|0.516484|      43|      97
2022-10-31 19:46:18.461 | DEBUG    | localization_association_rule_mining:__call__:392 - |food                          |   12.28|food                                                        |0.250633|   49.00|0.257812|0.900000|      20|      69
2022-10-31 19:46:18.461 | DEBUG    | localization_association_rule_mining:__call__:392 - |travel                        |    9.57|travel                                                      |0.382813|   25.00|0.382812|1.000000|      97|     122
2022-10-31 19:46:18.461 | DEBUG    | localization_association_rule_mining:__call__:392 - |price                         |    7.73|price                                                       |0.143229|   54.00|0.143229|1.000000|      54|       0
2022-10-31 19:46:18.462 | DEBUG    | localization_association_rule_mining:__call__:392 - |food-map                      |    7.59|food-map                                                    |0.140625|   54.00|0.140625|1.000000|      54|       0
2022-10-31 19:46:18.462 | DEBUG    | localization_association_rule_mining:__call__:392 - |cancel                        |    6.88|cancel                                                      |0.132316|   52.00|0.135417|0.852459|       0|      52
2022-10-31 19:46:18.462 | DEBUG    | localization_association_rule_mining:__call__:392 - |config                        |    6.51|config                                                      |0.130208|   50.00|0.130208|1.000000|      50|       0
2022-10-31 19:46:18.462 | DEBUG    | localization_association_rule_mining:__call__:392 - |auth                          |    4.82|auth                                                        |0.109453|   44.00|0.114583|0.709677|       0|      44
2022-10-31 19:46:18.462 | DEBUG    | localization_association_rule_mining:__call__:392 - |preserve                      |    3.92|preserve                                                    |0.111979|   35.00|0.111979|1.000000|       0|      35
2022-10-31 19:46:18.462 | DEBUG    | localization_association_rule_mining:__call__:392 - |user                          |    3.40|user                                                        |0.121447|   28.00|0.122396|0.940000|      28|       0
2022-10-31 19:46:18.462 | DEBUG    | localization_association_rule_mining:__call__:392 - |verification-code             |    3.28|verification-code                                           |0.074576|   44.00|0.114583|0.176000|      44|       0
2022-10-31 19:46:18.462 | DEBUG    | localization_association_rule_mining:__call__:392 - |basic                         |    3.19|basic                                                       |0.265625|   12.00|0.265625|1.000000|      86|      98
2022-10-31 19:46:18.462 | DEBUG    | localization_association_rule_mining:__call__:392 - |seat                          |    2.99|seat                                                        |0.213542|   14.00|0.213542|1.000000|      59|      73
2022-10-31 19:46:18.462 | DEBUG    | localization_association_rule_mining:__call__:392 - |ticketinfo                    |    2.75|ticketinfo                                                  |0.250000|   11.00|0.250000|1.000000|      75|      86
2022-10-31 19:46:18.462 | DEBUG    | localization_association_rule_mining:__call__:392 - |security                      |    2.19|security                                                    |0.109375|   20.00|0.109375|1.000000|      15|      35
2022-10-31 19:46:18.462 | DEBUG    | localization_association_rule_mining:__call__:392 - |notification                  |    0.00|notification                                                |0.131105|    0.00|0.132812|0.910714|       0|       0
2022-10-31 19:46:18.462 | DEBUG    | localization_association_rule_mining:__call__:392 - |contacts                      |   -1.00|                                                            |0.000000|    0.00|0.000000|0.000000|       0|       0
2022-10-31 19:46:18.462 | DEBUG    | localization_association_rule_mining:__call__:392 - |consign                       |   -1.00|                                                            |0.000000|    0.00|0.000000|0.000000|       0|       0
2022-10-31 19:46:18.462 | DEBUG    | localization_association_rule_mining:__call__:392 - |admin-order                   |   -1.00|                                                            |0.000000|    0.00|0.000000|0.000000|       0|       0
2022-10-31 19:46:18.462 | DEBUG    | localization_association_rule_mining:__call__:392 - |travel2                       |   -1.00|                                                            |0.000000|    0.00|0.000000|0.000000|       0|       0
2022-10-31 19:46:18.462 | DEBUG    | localization_association_rule_mining:__call__:392 - |travel-plan                   |   -1.00|                                                            |0.000000|    0.00|0.000000|0.000000|       0|       0
2022-10-31 19:46:18.463 | DEBUG    | localization_association_rule_mining:__call__:392 - |payment                       |   -1.00|                                                            |0.000000|    0.00|0.000000|0.000000|       0|       0
2022-10-31 19:46:18.463 | DEBUG    | localization_association_rule_mining:__call__:392 - |preserve-other                |   -1.00|                                                            |0.000000|    0.00|0.000000|0.000000|       0|       0
2022-10-31 19:46:18.463 | DEBUG    | localization_association_rule_mining:__call__:392 - |ts-ui-dashboard               |   -1.00|                                                            |0.000000|    0.00|0.000000|0.000000|       0|       0
2022-10-31 19:46:18.463 | DEBUG    | localization_association_rule_mining:__call__:392 - |assurance                     |   -1.00|                                                            |0.000000|    0.00|0.000000|0.000000|       0|       0
2022-10-31 19:46:18.463 | DEBUG    | localization_association_rule_mining:__call__:392 - |route-plan                    |   -1.00|                                                            |0.000000|    0.00|0.000000|0.000000|       0|       0
2022-10-31 19:46:18.463 | DEBUG    | localization_association_rule_mining:__call__:392 - |inside-payment                |   -1.00|                                                            |0.000000|    0.00|0.000000|0.000000|       0|       0
