2022-11-16 15:53:09.815 | DEBUG    | localization_association_rule_mining:__call__:390 - |item                          |score   |pattern                                                     |ps      |ips     |p(a|b)  |p(b|a)  |in      |out     
2022-11-16 15:53:09.815 | DEBUG    | localization_association_rule_mining:__call__:394 - |food                          |   39.19|food                                                        |0.753623|   52.00|0.753623|1.000000|      52|       0
2022-11-16 15:53:09.815 | DEBUG    | localization_association_rule_mining:__call__:394 - |seat                          |    5.67|seat                                                        |0.333333|   17.00|0.333333|1.000000|      17|       0
2022-11-16 15:53:09.815 | DEBUG    | localization_association_rule_mining:__call__:394 - |travel                        |    0.70|travel                                                      |0.704225|    1.00|0.724638|0.961538|      12|      13
2022-11-16 15:53:09.815 | DEBUG    | localization_association_rule_mining:__call__:394 - |preserve                      |    0.65|preserve                                                    |0.217391|    3.00|0.217391|1.000000|      15|      12
2022-11-16 15:53:09.815 | DEBUG    | localization_association_rule_mining:__call__:394 - |train                         |    0.00|train                                                       |0.281690|    0.00|0.289855|0.909091|       0|       0
2022-11-16 15:53:09.815 | DEBUG    | localization_association_rule_mining:__call__:394 - |route                         |    0.00|route                                                       |0.591549|    0.00|0.608696|0.954545|       0|       0
2022-11-16 15:53:09.815 | DEBUG    | localization_association_rule_mining:__call__:394 - |station                       |    0.00|station                                                     |0.298137|    0.00|0.695652|0.342857|       0|       0
2022-11-16 15:53:09.815 | DEBUG    | localization_association_rule_mining:__call__:394 - |ticketinfo                    |    0.00|ticketinfo                                                  |0.309859|    0.00|0.318841|0.916667|       0|       0
2022-11-16 15:53:09.815 | DEBUG    | localization_association_rule_mining:__call__:394 - |basic                         |    0.00|basic                                                       |0.338028|    0.00|0.347826|0.923077|       0|       0
2022-11-16 15:53:09.815 | DEBUG    | localization_association_rule_mining:__call__:394 - |food-map                      |    0.00|food-map                                                    |0.449275|    0.00|0.449275|1.000000|       0|       0
2022-11-16 15:53:09.816 | DEBUG    | localization_association_rule_mining:__call__:394 - |config                        |    0.00|config                                                      |0.202899|    0.00|0.202899|1.000000|       0|       0
2022-11-16 15:53:09.816 | DEBUG    | localization_association_rule_mining:__call__:394 - |security                      |    0.00|security                                                    |0.173913|    0.00|0.173913|1.000000|       0|       0
2022-11-16 15:53:09.816 | DEBUG    | localization_association_rule_mining:__call__:394 - |consign                       |   -1.00|                                                            |0.000000|    0.00|0.000000|0.000000|       0|       0
2022-11-16 15:53:09.816 | DEBUG    | localization_association_rule_mining:__call__:394 - |payment                       |   -1.00|                                                            |0.000000|    0.00|0.000000|0.000000|       0|       0
2022-11-16 15:53:09.816 | DEBUG    | localization_association_rule_mining:__call__:394 - |order-other                   |   -1.00|                                                            |0.000000|    0.00|0.000000|0.000000|       0|       0
2022-11-16 15:53:09.816 | DEBUG    | localization_association_rule_mining:__call__:394 - |user                          |   -1.00|                                                            |0.000000|    0.00|0.000000|0.000000|       0|       0
2022-11-16 15:53:09.816 | DEBUG    | localization_association_rule_mining:__call__:394 - |notification                  |   -1.00|                                                            |0.000000|    0.00|0.000000|0.000000|       0|       0
2022-11-16 15:53:09.816 | DEBUG    | localization_association_rule_mining:__call__:394 - |travel-plan                   |   -1.00|                                                            |0.000000|    0.00|0.000000|0.000000|       0|       0
2022-11-16 15:53:09.816 | DEBUG    | localization_association_rule_mining:__call__:394 - |assurance                     |   -1.00|                                                            |0.000000|    0.00|0.000000|0.000000|       0|       0
2022-11-16 15:53:09.816 | DEBUG    | localization_association_rule_mining:__call__:394 - |travel2                       |   -1.00|                                                            |0.000000|    0.00|0.000000|0.000000|       0|       0
2022-11-16 15:53:09.816 | DEBUG    | localization_association_rule_mining:__call__:394 - |admin-order                   |   -1.00|                                                            |0.000000|    0.00|0.000000|0.000000|       0|       0
2022-11-16 15:53:09.816 | DEBUG    | localization_association_rule_mining:__call__:394 - |preserve-other                |   -1.00|                                                            |0.000000|    0.00|0.000000|0.000000|       0|       0
2022-11-16 15:53:09.816 | DEBUG    | localization_association_rule_mining:__call__:394 - |contacts                      |   -1.00|                                                            |0.000000|    0.00|0.000000|0.000000|       0|       0
2022-11-16 15:53:09.816 | DEBUG    | localization_association_rule_mining:__call__:394 - |ts-ui-dashboard               |   -1.00|                                                            |0.000000|    0.00|0.000000|0.000000|       0|       0
2022-11-16 15:53:09.816 | DEBUG    | localization_association_rule_mining:__call__:394 - |price                         |   -1.00|                                                            |0.000000|    0.00|0.000000|0.000000|       0|       0
2022-11-16 15:53:09.816 | DEBUG    | localization_association_rule_mining:__call__:394 - |cancel                        |   -1.00|                                                            |0.000000|    0.00|0.000000|0.000000|       0|       0
2022-11-16 15:53:09.816 | DEBUG    | localization_association_rule_mining:__call__:394 - |inside-payment                |   -1.00|                                                            |0.000000|    0.00|0.000000|0.000000|       0|       0
2022-11-16 15:53:09.816 | DEBUG    | localization_association_rule_mining:__call__:394 - |verification-code             |   -1.00|                                                            |0.000000|    0.00|0.000000|0.000000|       0|       0
2022-11-16 15:53:09.816 | DEBUG    | localization_association_rule_mining:__call__:394 - |order                         |   -1.00|                                                            |0.000000|    0.00|0.000000|0.000000|       0|       0
2022-11-16 15:53:09.816 | DEBUG    | localization_association_rule_mining:__call__:394 - |auth                          |   -1.00|                                                            |0.000000|    0.00|0.000000|0.000000|       0|       0
