2022-10-31 19:45:41.889 | DEBUG    | localization_association_rule_mining:__call__:388 - |item                          |score   |pattern                                                     |ps      |ips     |p(a|b)  |p(b|a)  |in      |out     
2022-10-31 19:45:41.889 | DEBUG    | localization_association_rule_mining:__call__:392 - |station                       |  123.24|station                                                     |0.470377|  262.00|0.577093|0.717808|     262|       0
2022-10-31 19:45:41.890 | DEBUG    | localization_association_rule_mining:__call__:392 - |route                         |   31.45|route                                                       |0.264317|  119.00|0.264317|1.000000|     119|       0
2022-10-31 19:45:41.890 | DEBUG    | localization_association_rule_mining:__call__:392 - |food                          |   24.00|food                                                        |0.255274|   94.00|0.266520|0.858156|      11|     105
2022-10-31 19:45:41.890 | DEBUG    | localization_association_rule_mining:__call__:392 - |order                         |   20.87|order                                                       |0.164295|  127.00|0.279736|0.284753|     127|       0
2022-10-31 19:45:41.890 | DEBUG    | localization_association_rule_mining:__call__:392 - |food-map                      |   16.67|food-map                                                    |0.191630|   87.00|0.191630|1.000000|      87|       0
2022-10-31 19:45:41.890 | DEBUG    | localization_association_rule_mining:__call__:392 - |order-other                   |   15.29|order-other                                                 |0.231648|   66.00|0.312775|0.471761|      38|     104
2022-10-31 19:45:41.890 | DEBUG    | localization_association_rule_mining:__call__:392 - |train                         |   13.75|train                                                       |0.174009|   79.00|0.174009|1.000000|      79|       0
2022-10-31 19:45:41.890 | DEBUG    | localization_association_rule_mining:__call__:392 - |cancel                        |    8.83|cancel                                                      |0.137931|   64.00|0.140969|0.864865|       0|      64
2022-10-31 19:45:41.890 | DEBUG    | localization_association_rule_mining:__call__:392 - |auth                          |    7.88|auth                                                        |0.127049|   62.00|0.136564|0.645833|       0|      62
2022-10-31 19:45:41.890 | DEBUG    | localization_association_rule_mining:__call__:392 - |verification-code             |    5.50|verification-code                                           |0.088698|   62.00|0.136564|0.201954|      62|       0
2022-10-31 19:45:41.890 | DEBUG    | localization_association_rule_mining:__call__:392 - |basic                         |    5.45|basic                                                       |0.218062|   25.00|0.218062|1.000000|      69|      94
2022-10-31 19:45:41.890 | DEBUG    | localization_association_rule_mining:__call__:392 - |config                        |    4.76|config                                                      |0.103524|   46.00|0.103524|1.000000|      46|       0
2022-10-31 19:45:41.890 | DEBUG    | localization_association_rule_mining:__call__:392 - |seat                          |    4.44|seat                                                        |0.185022|   24.00|0.185022|1.000000|      50|      74
2022-10-31 19:45:41.890 | DEBUG    | localization_association_rule_mining:__call__:392 - |travel                        |    3.12|travel                                                      |0.389868|    8.00|0.389868|1.000000|     122|     130
2022-10-31 19:45:41.890 | DEBUG    | localization_association_rule_mining:__call__:392 - |ticketinfo                    |    0.59|ticketinfo                                                  |0.196035|    3.00|0.196035|1.000000|      72|      69
2022-10-31 19:45:41.891 | DEBUG    | localization_association_rule_mining:__call__:392 - |travel-plan                   |   -1.00|                                                            |0.000000|    0.00|0.000000|0.000000|       0|       0
2022-10-31 19:45:41.891 | DEBUG    | localization_association_rule_mining:__call__:392 - |inside-payment                |   -1.00|                                                            |0.000000|    0.00|0.000000|0.000000|       0|       0
2022-10-31 19:45:41.891 | DEBUG    | localization_association_rule_mining:__call__:392 - |consign                       |   -1.00|                                                            |0.000000|    0.00|0.000000|0.000000|       0|       0
2022-10-31 19:45:41.891 | DEBUG    | localization_association_rule_mining:__call__:392 - |security                      |   -1.00|                                                            |0.000000|    0.00|0.000000|0.000000|       0|       0
2022-10-31 19:45:41.891 | DEBUG    | localization_association_rule_mining:__call__:392 - |admin-travel                  |   -1.00|                                                            |0.000000|    0.00|0.000000|0.000000|       0|       0
2022-10-31 19:45:41.891 | DEBUG    | localization_association_rule_mining:__call__:392 - |payment                       |   -1.00|                                                            |0.000000|    0.00|0.000000|0.000000|       0|       0
2022-10-31 19:45:41.891 | DEBUG    | localization_association_rule_mining:__call__:392 - |admin-order                   |   -1.00|                                                            |0.000000|    0.00|0.000000|0.000000|       0|       0
2022-10-31 19:45:41.891 | DEBUG    | localization_association_rule_mining:__call__:392 - |notification                  |   -1.00|                                                            |0.000000|    0.00|0.000000|0.000000|       0|       0
2022-10-31 19:45:41.891 | DEBUG    | localization_association_rule_mining:__call__:392 - |user                          |   -1.00|                                                            |0.000000|    0.00|0.000000|0.000000|       0|       0
2022-10-31 19:45:41.891 | DEBUG    | localization_association_rule_mining:__call__:392 - |admin-basic-info              |   -1.00|                                                            |0.000000|    0.00|0.000000|0.000000|       0|       0
2022-10-31 19:45:41.891 | DEBUG    | localization_association_rule_mining:__call__:392 - |assurance                     |   -1.00|                                                            |0.000000|    0.00|0.000000|0.000000|       0|       0
2022-10-31 19:45:41.891 | DEBUG    | localization_association_rule_mining:__call__:392 - |route-plan                    |   -1.00|                                                            |0.000000|    0.00|0.000000|0.000000|       0|       0
2022-10-31 19:45:41.891 | DEBUG    | localization_association_rule_mining:__call__:392 - |travel2                       |   -1.00|                                                            |0.000000|    0.00|0.000000|0.000000|       0|       0
2022-10-31 19:45:41.891 | DEBUG    | localization_association_rule_mining:__call__:392 - |preserve                      |   -1.00|                                                            |0.000000|    0.00|0.000000|0.000000|       0|       0
2022-10-31 19:45:41.891 | DEBUG    | localization_association_rule_mining:__call__:392 - |price                         |   -1.00|                                                            |0.000000|    0.00|0.000000|0.000000|       0|       0
2022-10-31 19:45:41.891 | DEBUG    | localization_association_rule_mining:__call__:392 - |preserve-other                |   -1.00|                                                            |0.000000|    0.00|0.000000|0.000000|       0|       0
2022-10-31 19:45:41.891 | DEBUG    | localization_association_rule_mining:__call__:392 - |ts-ui-dashboard               |   -1.00|                                                            |0.000000|    0.00|0.000000|0.000000|       0|       0
2022-10-31 19:45:41.891 | DEBUG    | localization_association_rule_mining:__call__:392 - |contacts                      |   -1.00|                                                            |0.000000|    0.00|0.000000|0.000000|       0|       0
2022-10-31 19:45:41.891 | DEBUG    | localization_association_rule_mining:__call__:392 - |admin-user                    |   -1.00|                                                            |0.000000|    0.00|0.000000|0.000000|       0|       0
