2022-10-31 19:50:27.637 | DEBUG    | localization_association_rule_mining:__call__:388 - |item                          |score   |pattern                                                     |ps      |ips     |p(a|b)  |p(b|a)  |in      |out     
2022-10-31 19:50:27.637 | DEBUG    | localization_association_rule_mining:__call__:392 - |station                       |  137.16|station                                                     |0.458716|  299.00|0.573614|0.696056|     299|       0
2022-10-31 19:50:27.637 | DEBUG    | localization_association_rule_mining:__call__:392 - |order-other                   |   28.18|order-other                                                 |0.253857|  111.00|0.346080|0.487871|      35|     146
2022-10-31 19:50:27.637 | DEBUG    | localization_association_rule_mining:__call__:392 - |route                         |   27.30|route                                                       |0.231358|  118.00|0.231358|1.000000|     118|       0
2022-10-31 19:50:27.638 | DEBUG    | localization_association_rule_mining:__call__:392 - |order                         |   20.62|order                                                       |0.150491|  137.00|0.263862|0.259398|     137|       0
2022-10-31 19:50:27.638 | DEBUG    | localization_association_rule_mining:__call__:392 - |food                          |   20.50|food                                                        |0.220401|   93.00|0.231358|0.823129|      10|     103
2022-10-31 19:50:27.638 | DEBUG    | localization_association_rule_mining:__call__:392 - |cancel                        |   13.62|cancel                                                      |0.158379|   86.00|0.164436|0.811321|       0|      86
2022-10-31 19:50:27.638 | DEBUG    | localization_association_rule_mining:__call__:392 - |travel                        |   11.32|travel                                                      |0.353728|   32.00|0.353728|1.000000|     104|     136
2022-10-31 19:50:27.638 | DEBUG    | localization_association_rule_mining:__call__:392 - |food-map                      |    9.10|food-map                                                    |0.131931|   69.00|0.131931|1.000000|      69|       0
2022-10-31 19:50:27.638 | DEBUG    | localization_association_rule_mining:__call__:392 - |train                         |    7.83|train                                                       |0.122371|   64.00|0.122371|1.000000|      64|       0
2022-10-31 19:50:27.638 | DEBUG    | localization_association_rule_mining:__call__:392 - |auth                          |    6.07|auth                                                        |0.104693|   58.00|0.110899|0.651685|       0|      58
2022-10-31 19:50:27.638 | DEBUG    | localization_association_rule_mining:__call__:392 - |verification-code             |    4.51|verification-code                                           |0.077748|   58.00|0.110899|0.206406|      58|       0
2022-10-31 19:50:27.638 | DEBUG    | localization_association_rule_mining:__call__:392 - |basic                         |    3.00|basic                                                       |0.187380|   16.00|0.187380|1.000000|      71|      87
2022-10-31 19:50:27.638 | DEBUG    | localization_association_rule_mining:__call__:392 - |seat                          |    1.62|seat                                                        |0.147228|   11.00|0.147228|1.000000|      49|      60
2022-10-31 19:50:27.638 | DEBUG    | localization_association_rule_mining:__call__:392 - |ticketinfo                    |    0.70|ticketinfo                                                  |0.173996|    4.00|0.173996|1.000000|      67|      71
2022-10-31 19:50:27.638 | DEBUG    | localization_association_rule_mining:__call__:392 - |preserve                      |   -1.00|                                                            |0.000000|    0.00|0.000000|0.000000|       0|       0
2022-10-31 19:50:27.638 | DEBUG    | localization_association_rule_mining:__call__:392 - |security                      |   -1.00|                                                            |0.000000|    0.00|0.000000|0.000000|       0|       0
2022-10-31 19:50:27.638 | DEBUG    | localization_association_rule_mining:__call__:392 - |payment                       |   -1.00|                                                            |0.000000|    0.00|0.000000|0.000000|       0|       0
2022-10-31 19:50:27.638 | DEBUG    | localization_association_rule_mining:__call__:392 - |ts-ui-dashboard               |   -1.00|                                                            |0.000000|    0.00|0.000000|0.000000|       0|       0
2022-10-31 19:50:27.639 | DEBUG    | localization_association_rule_mining:__call__:392 - |user                          |   -1.00|                                                            |0.000000|    0.00|0.000000|0.000000|       0|       0
2022-10-31 19:50:27.639 | DEBUG    | localization_association_rule_mining:__call__:392 - |admin-order                   |   -1.00|                                                            |0.000000|    0.00|0.000000|0.000000|       0|       0
2022-10-31 19:50:27.639 | DEBUG    | localization_association_rule_mining:__call__:392 - |contacts                      |   -1.00|                                                            |0.000000|    0.00|0.000000|0.000000|       0|       0
2022-10-31 19:50:27.639 | DEBUG    | localization_association_rule_mining:__call__:392 - |route-plan                    |   -1.00|                                                            |0.000000|    0.00|0.000000|0.000000|       0|       0
2022-10-31 19:50:27.639 | DEBUG    | localization_association_rule_mining:__call__:392 - |assurance                     |   -1.00|                                                            |0.000000|    0.00|0.000000|0.000000|       0|       0
2022-10-31 19:50:27.639 | DEBUG    | localization_association_rule_mining:__call__:392 - |travel-plan                   |   -1.00|                                                            |0.000000|    0.00|0.000000|0.000000|       0|       0
2022-10-31 19:50:27.639 | DEBUG    | localization_association_rule_mining:__call__:392 - |notification                  |   -1.00|                                                            |0.000000|    0.00|0.000000|0.000000|       0|       0
2022-10-31 19:50:27.639 | DEBUG    | localization_association_rule_mining:__call__:392 - |travel2                       |   -1.00|                                                            |0.000000|    0.00|0.000000|0.000000|       0|       0
2022-10-31 19:50:27.639 | DEBUG    | localization_association_rule_mining:__call__:392 - |config                        |   -1.00|                                                            |0.000000|    0.00|0.000000|0.000000|       0|       0
2022-10-31 19:50:27.639 | DEBUG    | localization_association_rule_mining:__call__:392 - |preserve-other                |   -1.00|                                                            |0.000000|    0.00|0.000000|0.000000|       0|       0
2022-10-31 19:50:27.639 | DEBUG    | localization_association_rule_mining:__call__:392 - |inside-payment                |   -1.00|                                                            |0.000000|    0.00|0.000000|0.000000|       0|       0
2022-10-31 19:50:27.639 | DEBUG    | localization_association_rule_mining:__call__:392 - |price                         |   -1.00|                                                            |0.000000|    0.00|0.000000|0.000000|       0|       0
2022-10-31 19:50:27.639 | DEBUG    | localization_association_rule_mining:__call__:392 - |consign                       |   -1.00|                                                            |0.000000|    0.00|0.000000|0.000000|       0|       0
