2022-11-16 15:57:16.370 | DEBUG    | localization_association_rule_mining:__call__:390 - |item                          |score   |pattern                                                     |ps      |ips     |p(a|b)  |p(b|a)  |in      |out     
2022-11-16 15:57:16.370 | DEBUG    | localization_association_rule_mining:__call__:394 - |train                         |   14.22|train                                                       |0.888889|   16.00|0.888889|1.000000|      16|       0
2022-11-16 15:57:16.370 | DEBUG    | localization_association_rule_mining:__call__:394 - |ticketinfo                    |    2.67|ticketinfo                                                  |0.888889|    3.00|0.888889|1.000000|       7|       4
2022-11-16 15:57:16.371 | DEBUG    | localization_association_rule_mining:__call__:394 - |basic                         |    2.67|basic                                                       |0.888889|    3.00|0.888889|1.000000|       4|       7
2022-11-16 15:57:16.371 | DEBUG    | localization_association_rule_mining:__call__:394 - |travel                        |    0.87|travel                                                      |0.435897|    2.00|0.944444|0.447368|      17|      15
2022-11-16 15:57:16.371 | DEBUG    | localization_association_rule_mining:__call__:394 - |config                        |    0.00|config                                                      |0.500000|    0.00|0.500000|1.000000|       0|       0
2022-11-16 15:57:16.371 | DEBUG    | localization_association_rule_mining:__call__:394 - |order                         |    0.00|order                                                       |0.186441|    0.00|0.611111|0.211538|       0|       0
2022-11-16 15:57:16.371 | DEBUG    | localization_association_rule_mining:__call__:394 - |station                       |    0.00|station                                                     |0.213333|    0.00|0.888889|0.219178|       0|       0
2022-11-16 15:57:16.371 | DEBUG    | localization_association_rule_mining:__call__:394 - |route                         |    0.00|route                                                       |0.484848|    0.00|0.888889|0.516129|       0|       0
2022-11-16 15:57:16.371 | DEBUG    | localization_association_rule_mining:__call__:394 - |user                          |    0.00|user                                                        |0.166667|    0.00|0.166667|1.000000|       0|       0
2022-11-16 15:57:16.371 | DEBUG    | localization_association_rule_mining:__call__:394 - |preserve                      |    0.00|preserve                                                    |0.166667|    0.00|0.166667|1.000000|       3|       3
2022-11-16 15:57:16.371 | DEBUG    | localization_association_rule_mining:__call__:394 - |seat                          |    0.00|seat                                                        |0.777778|    0.00|0.777778|1.000000|      10|      10
2022-11-16 15:57:16.371 | DEBUG    | localization_association_rule_mining:__call__:394 - |price                         |    0.00|price                                                       |0.277778|    0.00|0.277778|1.000000|       0|       0
2022-11-16 15:57:16.371 | DEBUG    | localization_association_rule_mining:__call__:394 - |security                      |    0.00|security                                                    |0.166667|    0.00|0.166667|1.000000|       0|       0
2022-11-16 15:57:16.371 | DEBUG    | localization_association_rule_mining:__call__:394 - |auth                          |   -1.00|                                                            |0.000000|    0.00|0.000000|0.000000|       0|       0
2022-11-16 15:57:16.371 | DEBUG    | localization_association_rule_mining:__call__:394 - |route-plan                    |   -1.00|                                                            |0.000000|    0.00|0.000000|0.000000|       0|       0
2022-11-16 15:57:16.371 | DEBUG    | localization_association_rule_mining:__call__:394 - |verification-code             |   -1.00|                                                            |0.000000|    0.00|0.000000|0.000000|       0|       0
2022-11-16 15:57:16.371 | DEBUG    | localization_association_rule_mining:__call__:394 - |payment                       |   -1.00|                                                            |0.000000|    0.00|0.000000|0.000000|       0|       0
2022-11-16 15:57:16.371 | DEBUG    | localization_association_rule_mining:__call__:394 - |cancel                        |   -1.00|                                                            |0.000000|    0.00|0.000000|0.000000|       0|       0
2022-11-16 15:57:16.371 | DEBUG    | localization_association_rule_mining:__call__:394 - |notification                  |   -1.00|                                                            |0.000000|    0.00|0.000000|0.000000|       0|       0
2022-11-16 15:57:16.372 | DEBUG    | localization_association_rule_mining:__call__:394 - |inside-payment                |   -1.00|                                                            |0.000000|    0.00|0.000000|0.000000|       0|       0
2022-11-16 15:57:16.372 | DEBUG    | localization_association_rule_mining:__call__:394 - |assurance                     |   -1.00|                                                            |0.000000|    0.00|0.000000|0.000000|       0|       0
2022-11-16 15:57:16.372 | DEBUG    | localization_association_rule_mining:__call__:394 - |food-map                      |   -1.00|                                                            |0.000000|    0.00|0.000000|0.000000|       0|       0
2022-11-16 15:57:16.372 | DEBUG    | localization_association_rule_mining:__call__:394 - |order-other                   |   -1.00|                                                            |0.000000|    0.00|0.000000|0.000000|       0|       0
2022-11-16 15:57:16.372 | DEBUG    | localization_association_rule_mining:__call__:394 - |ts-ui-dashboard               |   -1.00|                                                            |0.000000|    0.00|0.000000|0.000000|       0|       0
2022-11-16 15:57:16.372 | DEBUG    | localization_association_rule_mining:__call__:394 - |travel2                       |   -1.00|                                                            |0.000000|    0.00|0.000000|0.000000|       0|       0
2022-11-16 15:57:16.372 | DEBUG    | localization_association_rule_mining:__call__:394 - |travel-plan                   |   -1.00|                                                            |0.000000|    0.00|0.000000|0.000000|       0|       0
2022-11-16 15:57:16.372 | DEBUG    | localization_association_rule_mining:__call__:394 - |consign                       |   -1.00|                                                            |0.000000|    0.00|0.000000|0.000000|       0|       0
2022-11-16 15:57:16.372 | DEBUG    | localization_association_rule_mining:__call__:394 - |contacts                      |   -1.00|                                                            |0.000000|    0.00|0.000000|0.000000|       0|       0
2022-11-16 15:57:16.372 | DEBUG    | localization_association_rule_mining:__call__:394 - |food                          |   -1.00|                                                            |0.000000|    0.00|0.000000|0.000000|       0|       0
