2022-10-31 19:45:29.029 | DEBUG    | localization_association_rule_mining:__call__:388 - |item                          |score   |pattern                                                     |ps      |ips     |p(a|b)  |p(b|a)  |in      |out     
2022-10-31 19:45:29.030 | DEBUG    | localization_association_rule_mining:__call__:392 - |station                       |   60.05|station                                                     |0.448161|  134.00|0.617512|0.620370|     134|       0
2022-10-31 19:45:29.030 | DEBUG    | localization_association_rule_mining:__call__:392 - |order-other                   |   26.50|order-other                                                 |0.384030|   69.00|0.465438|0.687075|      16|      85
2022-10-31 19:45:29.030 | DEBUG    | localization_association_rule_mining:__call__:392 - |route                         |    9.33|route                                                       |0.207373|   45.00|0.207373|1.000000|      45|       0
2022-10-31 19:45:29.030 | DEBUG    | localization_association_rule_mining:__call__:392 - |food                          |    8.66|food                                                        |0.233945|   37.00|0.235023|0.980769|       6|      43
2022-10-31 19:45:29.030 | DEBUG    | localization_association_rule_mining:__call__:392 - |order                         |    7.07|order                                                       |0.138667|   51.00|0.239631|0.247619|      51|       0
2022-10-31 19:45:29.030 | DEBUG    | localization_association_rule_mining:__call__:392 - |food-map                      |    7.01|food-map                                                    |0.179724|   39.00|0.179724|1.000000|      39|       0
2022-10-31 19:45:29.030 | DEBUG    | localization_association_rule_mining:__call__:392 - |auth                          |    5.52|auth                                                        |0.157658|   35.00|0.161290|0.875000|       0|      35
2022-10-31 19:45:29.030 | DEBUG    | localization_association_rule_mining:__call__:392 - |cancel                        |    5.30|cancel                                                      |0.155963|   34.00|0.156682|0.971429|       0|      34
2022-10-31 19:45:29.030 | DEBUG    | localization_association_rule_mining:__call__:392 - |verification-code             |    3.37|verification-code                                           |0.096419|   35.00|0.161290|0.193370|      35|       0
2022-10-31 19:45:29.030 | DEBUG    | localization_association_rule_mining:__call__:392 - |travel                        |    2.99|travel                                                      |0.271889|   11.00|0.271889|1.000000|      55|      44
2022-10-31 19:45:29.030 | DEBUG    | localization_association_rule_mining:__call__:392 - |contacts                      |   -1.00|                                                            |0.000000|    0.00|0.000000|0.000000|       0|       0
2022-10-31 19:45:29.030 | DEBUG    | localization_association_rule_mining:__call__:392 - |train                         |   -1.00|                                                            |0.000000|    0.00|0.000000|0.000000|       0|       0
2022-10-31 19:45:29.030 | DEBUG    | localization_association_rule_mining:__call__:392 - |route-plan                    |   -1.00|                                                            |0.000000|    0.00|0.000000|0.000000|       0|       0
2022-10-31 19:45:29.030 | DEBUG    | localization_association_rule_mining:__call__:392 - |user                          |   -1.00|                                                            |0.000000|    0.00|0.000000|0.000000|       0|       0
2022-10-31 19:45:29.030 | DEBUG    | localization_association_rule_mining:__call__:392 - |admin-basic-info              |   -1.00|                                                            |0.000000|    0.00|0.000000|0.000000|       0|       0
2022-10-31 19:45:29.030 | DEBUG    | localization_association_rule_mining:__call__:392 - |notification                  |   -1.00|                                                            |0.000000|    0.00|0.000000|0.000000|       0|       0
2022-10-31 19:45:29.031 | DEBUG    | localization_association_rule_mining:__call__:392 - |payment                       |   -1.00|                                                            |0.000000|    0.00|0.000000|0.000000|       0|       0
2022-10-31 19:45:29.031 | DEBUG    | localization_association_rule_mining:__call__:392 - |consign                       |   -1.00|                                                            |0.000000|    0.00|0.000000|0.000000|       0|       0
2022-10-31 19:45:29.031 | DEBUG    | localization_association_rule_mining:__call__:392 - |admin-order                   |   -1.00|                                                            |0.000000|    0.00|0.000000|0.000000|       0|       0
2022-10-31 19:45:29.031 | DEBUG    | localization_association_rule_mining:__call__:392 - |ticketinfo                    |   -1.00|                                                            |0.000000|    0.00|0.000000|0.000000|       0|       0
2022-10-31 19:45:29.031 | DEBUG    | localization_association_rule_mining:__call__:392 - |assurance                     |   -1.00|                                                            |0.000000|    0.00|0.000000|0.000000|       0|       0
2022-10-31 19:45:29.031 | DEBUG    | localization_association_rule_mining:__call__:392 - |seat                          |   -1.00|                                                            |0.000000|    0.00|0.000000|0.000000|       0|       0
2022-10-31 19:45:29.031 | DEBUG    | localization_association_rule_mining:__call__:392 - |config                        |   -1.00|                                                            |0.000000|    0.00|0.000000|0.000000|       0|       0
2022-10-31 19:45:29.031 | DEBUG    | localization_association_rule_mining:__call__:392 - |ts-ui-dashboard               |   -1.00|                                                            |0.000000|    0.00|0.000000|0.000000|       0|       0
2022-10-31 19:45:29.031 | DEBUG    | localization_association_rule_mining:__call__:392 - |security                      |   -1.00|                                                            |0.000000|    0.00|0.000000|0.000000|       0|       0
2022-10-31 19:45:29.031 | DEBUG    | localization_association_rule_mining:__call__:392 - |preserve                      |   -1.00|                                                            |0.000000|    0.00|0.000000|0.000000|       0|       0
2022-10-31 19:45:29.031 | DEBUG    | localization_association_rule_mining:__call__:392 - |preserve-other                |   -1.00|                                                            |0.000000|    0.00|0.000000|0.000000|       0|       0
2022-10-31 19:45:29.031 | DEBUG    | localization_association_rule_mining:__call__:392 - |travel2                       |   -1.00|                                                            |0.000000|    0.00|0.000000|0.000000|       0|       0
2022-10-31 19:45:29.031 | DEBUG    | localization_association_rule_mining:__call__:392 - |basic                         |   -1.00|                                                            |0.000000|    0.00|0.000000|0.000000|       0|       0
2022-10-31 19:45:29.031 | DEBUG    | localization_association_rule_mining:__call__:392 - |travel-plan                   |   -1.00|                                                            |0.000000|    0.00|0.000000|0.000000|       0|       0
2022-10-31 19:45:29.031 | DEBUG    | localization_association_rule_mining:__call__:392 - |price                         |   -1.00|                                                            |0.000000|    0.00|0.000000|0.000000|       0|       0
2022-10-31 19:45:29.031 | DEBUG    | localization_association_rule_mining:__call__:392 - |inside-payment                |   -1.00|                                                            |0.000000|    0.00|0.000000|0.000000|       0|       0
