2022-11-09 16:59:08.810 | DEBUG    | localization_association_rule_mining:__call__:390 - |item                          |score   |pattern                                                     |ps      |ips     |p(a|b)  |p(b|a)  |in      |out     
2022-11-09 16:59:08.810 | DEBUG    | localization_association_rule_mining:__call__:394 - |route                         |   17.16|route                                                       |0.553571|   31.00|0.553571|1.000000|      31|       0
2022-11-09 16:59:08.810 | DEBUG    | localization_association_rule_mining:__call__:394 - |food                          |   15.07|food                                                        |0.655172|   23.00|0.678571|0.950000|      33|      10
2022-11-09 16:59:08.810 | DEBUG    | localization_association_rule_mining:__call__:394 - |travel                        |    2.11|travel                                                      |0.701754|    3.00|0.714286|0.975610|      27|      30
2022-11-09 16:59:08.810 | DEBUG    | localization_association_rule_mining:__call__:394 - |seat                          |    1.49|seat                                                        |0.298246|    5.00|0.303571|0.944444|       8|      13
2022-11-09 16:59:08.810 | DEBUG    | localization_association_rule_mining:__call__:394 - |basic                         |    0.74|basic                                                       |0.368421|    2.00|0.375000|0.954545|      11|      13
2022-11-09 16:59:08.810 | DEBUG    | localization_association_rule_mining:__call__:394 - |preserve                      |    0.58|preserve                                                    |0.192982|    3.00|0.196429|0.916667|       9|       6
2022-11-09 16:59:08.810 | DEBUG    | localization_association_rule_mining:__call__:394 - |ticketinfo                    |    0.00|ticketinfo                                                  |0.368421|    0.00|0.375000|0.954545|      11|      11
2022-11-09 16:59:08.810 | DEBUG    | localization_association_rule_mining:__call__:394 - |food-map                      |    0.00|food-map                                                    |0.350877|    0.00|0.357143|0.952381|       0|       0
2022-11-09 16:59:08.810 | DEBUG    | localization_association_rule_mining:__call__:394 - |price                         |    0.00|price                                                       |0.196429|    0.00|0.196429|1.000000|       0|       0
2022-11-09 16:59:08.810 | DEBUG    | localization_association_rule_mining:__call__:394 - |config                        |    0.00|config                                                      |0.160714|    0.00|0.160714|1.000000|       0|       0
2022-11-09 16:59:08.810 | DEBUG    | localization_association_rule_mining:__call__:394 - |train                         |    0.00|train                                                       |0.280702|    0.00|0.285714|0.941176|       0|       0
2022-11-09 16:59:08.810 | DEBUG    | localization_association_rule_mining:__call__:394 - |security                      |    0.00|security                                                    |0.192982|    0.00|0.196429|0.916667|       0|       0
2022-11-09 16:59:08.811 | DEBUG    | localization_association_rule_mining:__call__:394 - |station                       |    0.00|station                                                     |0.387387|    0.00|0.767857|0.438776|       0|       0
2022-11-09 16:59:08.811 | DEBUG    | localization_association_rule_mining:__call__:394 - |auth                          |   -1.00|                                                            |0.000000|    0.00|0.000000|0.000000|       0|       0
2022-11-09 16:59:08.811 | DEBUG    | localization_association_rule_mining:__call__:394 - |assurance                     |   -1.00|                                                            |0.000000|    0.00|0.000000|0.000000|       0|       0
2022-11-09 16:59:08.811 | DEBUG    | localization_association_rule_mining:__call__:394 - |ts-ui-dashboard               |   -1.00|                                                            |0.000000|    0.00|0.000000|0.000000|       0|       0
2022-11-09 16:59:08.811 | DEBUG    | localization_association_rule_mining:__call__:394 - |contacts                      |   -1.00|                                                            |0.000000|    0.00|0.000000|0.000000|       0|       0
2022-11-09 16:59:08.811 | DEBUG    | localization_association_rule_mining:__call__:394 - |consign                       |   -1.00|                                                            |0.000000|    0.00|0.000000|0.000000|       0|       0
2022-11-09 16:59:08.811 | DEBUG    | localization_association_rule_mining:__call__:394 - |travel-plan                   |   -1.00|                                                            |0.000000|    0.00|0.000000|0.000000|       0|       0
2022-11-09 16:59:08.811 | DEBUG    | localization_association_rule_mining:__call__:394 - |order-other                   |   -1.00|                                                            |0.000000|    0.00|0.000000|0.000000|       0|       0
2022-11-09 16:59:08.811 | DEBUG    | localization_association_rule_mining:__call__:394 - |user                          |   -1.00|                                                            |0.000000|    0.00|0.000000|0.000000|       0|       0
2022-11-09 16:59:08.811 | DEBUG    | localization_association_rule_mining:__call__:394 - |verification-code             |   -1.00|                                                            |0.000000|    0.00|0.000000|0.000000|       0|       0
2022-11-09 16:59:08.811 | DEBUG    | localization_association_rule_mining:__call__:394 - |admin-order                   |   -1.00|                                                            |0.000000|    0.00|0.000000|0.000000|       0|       0
2022-11-09 16:59:08.811 | DEBUG    | localization_association_rule_mining:__call__:394 - |inside-payment                |   -1.00|                                                            |0.000000|    0.00|0.000000|0.000000|       0|       0
2022-11-09 16:59:08.811 | DEBUG    | localization_association_rule_mining:__call__:394 - |travel2                       |   -1.00|                                                            |0.000000|    0.00|0.000000|0.000000|       0|       0
2022-11-09 16:59:08.811 | DEBUG    | localization_association_rule_mining:__call__:394 - |cancel                        |   -1.00|                                                            |0.000000|    0.00|0.000000|0.000000|       0|       0
2022-11-09 16:59:08.811 | DEBUG    | localization_association_rule_mining:__call__:394 - |notification                  |   -1.00|                                                            |0.000000|    0.00|0.000000|0.000000|       0|       0
2022-11-09 16:59:08.811 | DEBUG    | localization_association_rule_mining:__call__:394 - |payment                       |   -1.00|                                                            |0.000000|    0.00|0.000000|0.000000|       0|       0
2022-11-09 16:59:08.811 | DEBUG    | localization_association_rule_mining:__call__:394 - |order                         |   -1.00|                                                            |0.000000|    0.00|0.000000|0.000000|       0|       0
2022-11-09 16:59:08.812 | DEBUG    | localization_association_rule_mining:__call__:394 - |route-plan                    |   -1.00|                                                            |0.000000|    0.00|0.000000|0.000000|       0|       0
