2022-11-08 18:38:55.394 | DEBUG    | localization_association_rule_mining:__call__:390 - |item                          |score   |pattern                                                     |ps      |ips     |p(a|b)  |p(b|a)  |in      |out     
2022-11-08 18:38:55.395 | DEBUG    | localization_association_rule_mining:__call__:394 - |order                         |   69.93|order                                                       |0.896552|   78.00|0.906977|0.987342|      78|       0
2022-11-08 18:38:55.395 | DEBUG    | localization_association_rule_mining:__call__:394 - |cancel                        |    1.11|cancel                                                      |0.159091|    7.00|0.162791|0.875000|       4|      11
2022-11-08 18:38:55.395 | DEBUG    | localization_association_rule_mining:__call__:394 - |seat                          |    1.02|seat                                                        |0.255814|    4.00|0.255814|1.000000|      12|      16
2022-11-08 18:38:55.395 | DEBUG    | localization_association_rule_mining:__call__:394 - |travel                        |    0.85|travel                                                      |0.169355|    5.00|0.244186|0.355932|      10|      15
2022-11-08 18:38:55.395 | DEBUG    | localization_association_rule_mining:__call__:394 - |security                      |    0.38|security                                                    |0.127907|    3.00|0.127907|1.000000|       5|       8
2022-11-08 18:38:55.395 | DEBUG    | localization_association_rule_mining:__call__:394 - |preserve                      |    0.35|preserve                                                    |0.116279|    3.00|0.116279|1.000000|      10|       7
2022-11-08 18:38:55.395 | DEBUG    | localization_association_rule_mining:__call__:394 - |config                        |    0.00|config                                                      |0.151163|    0.00|0.151163|1.000000|       0|       0
2022-11-08 18:38:55.395 | DEBUG    | localization_association_rule_mining:__call__:394 - |basic                         |    0.00|basic                                                       |0.255814|    0.00|0.255814|1.000000|       0|       0
2022-11-08 18:38:55.395 | DEBUG    | localization_association_rule_mining:__call__:394 - |route                         |    0.00|route                                                       |0.175439|    0.00|0.232558|0.416667|       0|       0
2022-11-08 18:38:55.395 | DEBUG    | localization_association_rule_mining:__call__:394 - |ticketinfo                    |    0.00|ticketinfo                                                  |0.244186|    0.00|0.244186|1.000000|       0|       0
2022-11-08 18:38:55.395 | DEBUG    | localization_association_rule_mining:__call__:394 - |price                         |    0.00|price                                                       |0.151163|    0.00|0.151163|1.000000|       0|       0
2022-11-08 18:38:55.395 | DEBUG    | localization_association_rule_mining:__call__:394 - |station                       |    0.00|station                                                     |0.351724|    0.00|0.593023|0.463636|       0|       0
2022-11-08 18:38:55.395 | DEBUG    | localization_association_rule_mining:__call__:394 - |train                         |    0.00|train                                                       |0.197674|    0.00|0.197674|1.000000|       0|       0
2022-11-08 18:38:55.395 | DEBUG    | localization_association_rule_mining:__call__:394 - |contacts                      |   -1.00|                                                            |0.000000|    0.00|0.000000|0.000000|       0|       0
2022-11-08 18:38:55.395 | DEBUG    | localization_association_rule_mining:__call__:394 - |consign                       |   -1.00|                                                            |0.000000|    0.00|0.000000|0.000000|       0|       0
2022-11-08 18:38:55.395 | DEBUG    | localization_association_rule_mining:__call__:394 - |food                          |   -1.00|                                                            |0.000000|    0.00|0.000000|0.000000|       0|       0
2022-11-08 18:38:55.396 | DEBUG    | localization_association_rule_mining:__call__:394 - |assurance                     |   -1.00|                                                            |0.000000|    0.00|0.000000|0.000000|       0|       0
2022-11-08 18:38:55.396 | DEBUG    | localization_association_rule_mining:__call__:394 - |travel-plan                   |   -1.00|                                                            |0.000000|    0.00|0.000000|0.000000|       0|       0
2022-11-08 18:38:55.396 | DEBUG    | localization_association_rule_mining:__call__:394 - |travel2                       |   -1.00|                                                            |0.000000|    0.00|0.000000|0.000000|       0|       0
2022-11-08 18:38:55.396 | DEBUG    | localization_association_rule_mining:__call__:394 - |inside-payment                |   -1.00|                                                            |0.000000|    0.00|0.000000|0.000000|       0|       0
2022-11-08 18:38:55.396 | DEBUG    | localization_association_rule_mining:__call__:394 - |notification                  |   -1.00|                                                            |0.000000|    0.00|0.000000|0.000000|       0|       0
2022-11-08 18:38:55.396 | DEBUG    | localization_association_rule_mining:__call__:394 - |ts-ui-dashboard               |   -1.00|                                                            |0.000000|    0.00|0.000000|0.000000|       0|       0
2022-11-08 18:38:55.396 | DEBUG    | localization_association_rule_mining:__call__:394 - |user                          |   -1.00|                                                            |0.000000|    0.00|0.000000|0.000000|       0|       0
2022-11-08 18:38:55.396 | DEBUG    | localization_association_rule_mining:__call__:394 - |order-other                   |   -1.00|                                                            |0.000000|    0.00|0.000000|0.000000|       0|       0
2022-11-08 18:38:55.396 | DEBUG    | localization_association_rule_mining:__call__:394 - |auth                          |   -1.00|                                                            |0.000000|    0.00|0.000000|0.000000|       0|       0
2022-11-08 18:38:55.396 | DEBUG    | localization_association_rule_mining:__call__:394 - |food-map                      |   -1.00|                                                            |0.000000|    0.00|0.000000|0.000000|       0|       0
2022-11-08 18:38:55.396 | DEBUG    | localization_association_rule_mining:__call__:394 - |route-plan                    |   -1.00|                                                            |0.000000|    0.00|0.000000|0.000000|       0|       0
2022-11-08 18:38:55.396 | DEBUG    | localization_association_rule_mining:__call__:394 - |payment                       |   -1.00|                                                            |0.000000|    0.00|0.000000|0.000000|       0|       0
2022-11-08 18:38:55.396 | DEBUG    | localization_association_rule_mining:__call__:394 - |verification-code             |   -1.00|                                                            |0.000000|    0.00|0.000000|0.000000|       0|       0
2022-11-08 18:38:55.396 | DEBUG    | localization_association_rule_mining:__call__:394 - |preserve-other                |   -1.00|                                                            |0.000000|    0.00|0.000000|0.000000|       0|       0
