2022-11-03 23:32:09.368 | DEBUG    | localization_association_rule_mining:__call__:388 - |item                          |score   |pattern                                                     |ps      |ips     |p(a|b)  |p(b|a)  |in      |out     
2022-11-03 23:32:09.368 | DEBUG    | localization_association_rule_mining:__call__:392 - |order-other                   |   11.12|order-other                                                 |0.358696|   31.00|1.000000|0.358696|      31|       0
2022-11-03 23:32:09.368 | DEBUG    | localization_association_rule_mining:__call__:392 - |ui-dashboard                  |    2.38|ui-dashboard                                                |0.088235|   27.00|1.000000|0.088235|       0|      27
2022-11-03 23:32:09.368 | DEBUG    | localization_association_rule_mining:__call__:392 - |station                       |    0.00|station                                                     |0.112299|    0.00|0.636364|0.120000|       0|       0
2022-11-03 23:32:09.368 | DEBUG    | localization_association_rule_mining:__call__:392 - |seat                          |   -1.00|                                                            |0.000000|    0.00|0.000000|0.000000|       0|       0
2022-11-03 23:32:09.368 | DEBUG    | localization_association_rule_mining:__call__:392 - |basic                         |   -1.00|                                                            |0.000000|    0.00|0.000000|0.000000|       0|       0
2022-11-03 23:32:09.368 | DEBUG    | localization_association_rule_mining:__call__:392 - |config                        |   -1.00|                                                            |0.000000|    0.00|0.000000|0.000000|       0|       0
2022-11-03 23:32:09.368 | DEBUG    | localization_association_rule_mining:__call__:392 - |user                          |   -1.00|                                                            |0.000000|    0.00|0.000000|0.000000|       0|       0
2022-11-03 23:32:09.368 | DEBUG    | localization_association_rule_mining:__call__:392 - |train                         |   -1.00|                                                            |0.000000|    0.00|0.000000|0.000000|       0|       0
2022-11-03 23:32:09.368 | DEBUG    | localization_association_rule_mining:__call__:392 - |verification-code             |   -1.00|                                                            |0.000000|    0.00|0.000000|0.000000|       0|       0
2022-11-03 23:32:09.369 | DEBUG    | localization_association_rule_mining:__call__:392 - |route                         |   -1.00|                                                            |0.000000|    0.00|0.000000|0.000000|       0|       0
2022-11-03 23:32:09.369 | DEBUG    | localization_association_rule_mining:__call__:392 - |consign                       |   -1.00|                                                            |0.000000|    0.00|0.000000|0.000000|       0|       0
2022-11-03 23:32:09.369 | DEBUG    | localization_association_rule_mining:__call__:392 - |travel-plan                   |   -1.00|                                                            |0.000000|    0.00|0.000000|0.000000|       0|       0
2022-11-03 23:32:09.369 | DEBUG    | localization_association_rule_mining:__call__:392 - |food                          |   -1.00|                                                            |0.000000|    0.00|0.000000|0.000000|       0|       0
2022-11-03 23:32:09.369 | DEBUG    | localization_association_rule_mining:__call__:392 - |preserve-other                |   -1.00|                                                            |0.000000|    0.00|0.000000|0.000000|       0|       0
2022-11-03 23:32:09.369 | DEBUG    | localization_association_rule_mining:__call__:392 - |food-map                      |   -1.00|                                                            |0.000000|    0.00|0.000000|0.000000|       0|       0
2022-11-03 23:32:09.369 | DEBUG    | localization_association_rule_mining:__call__:392 - |auth                          |   -1.00|                                                            |0.000000|    0.00|0.000000|0.000000|       0|       0
2022-11-03 23:32:09.369 | DEBUG    | localization_association_rule_mining:__call__:392 - |order                         |   -1.00|                                                            |0.000000|    0.00|0.000000|0.000000|       0|       0
2022-11-03 23:32:09.369 | DEBUG    | localization_association_rule_mining:__call__:392 - |ticketinfo                    |   -1.00|                                                            |0.000000|    0.00|0.000000|0.000000|       0|       0
2022-11-03 23:32:09.369 | DEBUG    | localization_association_rule_mining:__call__:392 - |security                      |   -1.00|                                                            |0.000000|    0.00|0.000000|0.000000|       0|       0
2022-11-03 23:32:09.369 | DEBUG    | localization_association_rule_mining:__call__:392 - |cancel                        |   -1.00|                                                            |0.000000|    0.00|0.000000|0.000000|       0|       0
2022-11-03 23:32:09.369 | DEBUG    | localization_association_rule_mining:__call__:392 - |route-plan                    |   -1.00|                                                            |0.000000|    0.00|0.000000|0.000000|       0|       0
2022-11-03 23:32:09.369 | DEBUG    | localization_association_rule_mining:__call__:392 - |price                         |   -1.00|                                                            |0.000000|    0.00|0.000000|0.000000|       0|       0
2022-11-03 23:32:09.369 | DEBUG    | localization_association_rule_mining:__call__:392 - |assurance                     |   -1.00|                                                            |0.000000|    0.00|0.000000|0.000000|       0|       0
2022-11-03 23:32:09.369 | DEBUG    | localization_association_rule_mining:__call__:392 - |contacts                      |   -1.00|                                                            |0.000000|    0.00|0.000000|0.000000|       0|       0
2022-11-03 23:32:09.369 | DEBUG    | localization_association_rule_mining:__call__:392 - |preserve                      |   -1.00|                                                            |0.000000|    0.00|0.000000|0.000000|       0|       0
2022-11-03 23:32:09.369 | DEBUG    | localization_association_rule_mining:__call__:392 - |inside-payment                |   -1.00|                                                            |0.000000|    0.00|0.000000|0.000000|       0|       0
2022-11-03 23:32:09.369 | DEBUG    | localization_association_rule_mining:__call__:392 - |travel                        |   -1.00|                                                            |0.000000|    0.00|0.000000|0.000000|       0|       0
2022-11-03 23:32:09.369 | DEBUG    | localization_association_rule_mining:__call__:392 - |travel2                       |   -1.00|                                                            |0.000000|    0.00|0.000000|0.000000|       0|       0
