2022-11-08 18:39:38.505 | DEBUG    | localization_association_rule_mining:__call__:390 - |item                          |score   |pattern                                                     |ps      |ips     |p(a|b)  |p(b|a)  |in      |out     
2022-11-08 18:39:38.505 | DEBUG    | localization_association_rule_mining:__call__:394 - |payment                       |    9.07|payment                                                     |0.566667|   16.00|0.566667|1.000000|      16|       0
2022-11-08 18:39:38.505 | DEBUG    | localization_association_rule_mining:__call__:394 - |inside-payment                |    7.54|inside-payment                                              |0.580000|   13.00|0.966667|0.591837|      29|      16
2022-11-08 18:39:38.505 | DEBUG    | localization_association_rule_mining:__call__:394 - |order                         |    0.05|order                                                       |0.051429|    1.00|0.600000|0.053254|       1|       0
2022-11-08 18:39:38.505 | DEBUG    | localization_association_rule_mining:__call__:394 - |order-other                   |    0.00|order-other                                                 |0.025641|    0.00|0.200000|0.028571|       0|       0
2022-11-08 18:39:38.505 | DEBUG    | localization_association_rule_mining:__call__:394 - |preserve-other                |   -1.00|                                                            |0.000000|    0.00|0.000000|0.000000|       0|       0
2022-11-08 18:39:38.505 | DEBUG    | localization_association_rule_mining:__call__:394 - |route-plan                    |   -1.00|                                                            |0.000000|    0.00|0.000000|0.000000|       0|       0
2022-11-08 18:39:38.505 | DEBUG    | localization_association_rule_mining:__call__:394 - |preserve                      |   -1.00|                                                            |0.000000|    0.00|0.000000|0.000000|       0|       0
2022-11-08 18:39:38.506 | DEBUG    | localization_association_rule_mining:__call__:394 - |food                          |   -1.00|                                                            |0.000000|    0.00|0.000000|0.000000|       0|       0
2022-11-08 18:39:38.506 | DEBUG    | localization_association_rule_mining:__call__:394 - |contacts                      |   -1.00|                                                            |0.000000|    0.00|0.000000|0.000000|       0|       0
2022-11-08 18:39:38.506 | DEBUG    | localization_association_rule_mining:__call__:394 - |route                         |   -1.00|                                                            |0.000000|    0.00|0.000000|0.000000|       0|       0
2022-11-08 18:39:38.506 | DEBUG    | localization_association_rule_mining:__call__:394 - |assurance                     |   -1.00|                                                            |0.000000|    0.00|0.000000|0.000000|       0|       0
2022-11-08 18:39:38.506 | DEBUG    | localization_association_rule_mining:__call__:394 - |travel-plan                   |   -1.00|                                                            |0.000000|    0.00|0.000000|0.000000|       0|       0
2022-11-08 18:39:38.506 | DEBUG    | localization_association_rule_mining:__call__:394 - |notification                  |   -1.00|                                                            |0.000000|    0.00|0.000000|0.000000|       0|       0
2022-11-08 18:39:38.506 | DEBUG    | localization_association_rule_mining:__call__:394 - |user                          |   -1.00|                                                            |0.000000|    0.00|0.000000|0.000000|       0|       0
2022-11-08 18:39:38.506 | DEBUG    | localization_association_rule_mining:__call__:394 - |ticketinfo                    |   -1.00|                                                            |0.000000|    0.00|0.000000|0.000000|       0|       0
2022-11-08 18:39:38.506 | DEBUG    | localization_association_rule_mining:__call__:394 - |admin-order                   |   -1.00|                                                            |0.000000|    0.00|0.000000|0.000000|       0|       0
2022-11-08 18:39:38.506 | DEBUG    | localization_association_rule_mining:__call__:394 - |travel                        |   -1.00|                                                            |0.000000|    0.00|0.000000|0.000000|       0|       0
2022-11-08 18:39:38.506 | DEBUG    | localization_association_rule_mining:__call__:394 - |travel2                       |   -1.00|                                                            |0.000000|    0.00|0.000000|0.000000|       0|       0
2022-11-08 18:39:38.506 | DEBUG    | localization_association_rule_mining:__call__:394 - |price                         |   -1.00|                                                            |0.000000|    0.00|0.000000|0.000000|       0|       0
2022-11-08 18:39:38.506 | DEBUG    | localization_association_rule_mining:__call__:394 - |cancel                        |   -1.00|                                                            |0.000000|    0.00|0.000000|0.000000|       0|       0
2022-11-08 18:39:38.506 | DEBUG    | localization_association_rule_mining:__call__:394 - |station                       |   -1.00|                                                            |0.000000|    0.00|0.000000|0.000000|       0|       0
2022-11-08 18:39:38.506 | DEBUG    | localization_association_rule_mining:__call__:394 - |consign                       |   -1.00|                                                            |0.000000|    0.00|0.000000|0.000000|       0|       0
2022-11-08 18:39:38.506 | DEBUG    | localization_association_rule_mining:__call__:394 - |train                         |   -1.00|                                                            |0.000000|    0.00|0.000000|0.000000|       0|       0
2022-11-08 18:39:38.506 | DEBUG    | localization_association_rule_mining:__call__:394 - |config                        |   -1.00|                                                            |0.000000|    0.00|0.000000|0.000000|       0|       0
2022-11-08 18:39:38.506 | DEBUG    | localization_association_rule_mining:__call__:394 - |verification-code             |   -1.00|                                                            |0.000000|    0.00|0.000000|0.000000|       0|       0
2022-11-08 18:39:38.506 | DEBUG    | localization_association_rule_mining:__call__:394 - |security                      |   -1.00|                                                            |0.000000|    0.00|0.000000|0.000000|       0|       0
2022-11-08 18:39:38.507 | DEBUG    | localization_association_rule_mining:__call__:394 - |basic                         |   -1.00|                                                            |0.000000|    0.00|0.000000|0.000000|       0|       0
2022-11-08 18:39:38.507 | DEBUG    | localization_association_rule_mining:__call__:394 - |food-map                      |   -1.00|                                                            |0.000000|    0.00|0.000000|0.000000|       0|       0
2022-11-08 18:39:38.507 | DEBUG    | localization_association_rule_mining:__call__:394 - |seat                          |   -1.00|                                                            |0.000000|    0.00|0.000000|0.000000|       0|       0
2022-11-08 18:39:38.507 | DEBUG    | localization_association_rule_mining:__call__:394 - |ts-ui-dashboard               |   -1.00|                                                            |0.000000|    0.00|0.000000|0.000000|       0|       0
2022-11-08 18:39:38.507 | DEBUG    | localization_association_rule_mining:__call__:394 - |auth                          |   -1.00|                                                            |0.000000|    0.00|0.000000|0.000000|       0|       0
