2022-10-31 19:45:13.856 | DEBUG    | localization_association_rule_mining:__call__:388 - |item                          |score   |pattern                                                     |ps      |ips     |p(a|b)  |p(b|a)  |in      |out     
2022-10-31 19:45:13.857 | DEBUG    | localization_association_rule_mining:__call__:392 - |travel                        |   90.71|travel                                                      |0.506775|  179.00|0.506775|1.000000|     186|       7
2022-10-31 19:45:13.857 | DEBUG    | localization_association_rule_mining:__call__:392 - |order                         |   75.05|order                                                       |0.405702|  185.00|0.501355|0.680147|     185|       0
2022-10-31 19:45:13.857 | DEBUG    | localization_association_rule_mining:__call__:392 - |seat                          |   68.78|seat                                                        |0.487805|  141.00|0.487805|1.000000|      39|     180
2022-10-31 19:45:13.857 | DEBUG    | localization_association_rule_mining:__call__:392 - |config                        |   68.08|config                                                      |0.430894|  158.00|0.430894|1.000000|     158|       0
2022-10-31 19:45:13.857 | DEBUG    | localization_association_rule_mining:__call__:392 - |station                       |   60.81|station                                                     |0.394872|  154.00|0.417344|0.880000|     154|       0
2022-10-31 19:45:13.857 | DEBUG    | localization_association_rule_mining:__call__:392 - |ticketinfo                    |   26.45|ticketinfo                                                  |0.330623|   80.00|0.330623|1.000000|      37|     117
2022-10-31 19:45:13.857 | DEBUG    | localization_association_rule_mining:__call__:392 - |basic                         |   25.42|basic                                                       |0.363144|   70.00|0.363144|1.000000|     117|      47
2022-10-31 19:45:13.857 | DEBUG    | localization_association_rule_mining:__call__:392 - |auth                          |   15.24|auth                                                        |0.197943|   77.00|0.208672|0.793814|       0|      77
2022-10-31 19:45:13.857 | DEBUG    | localization_association_rule_mining:__call__:392 - |preserve                      |   11.44|preserve                                                    |0.181572|   63.00|0.181572|1.000000|       0|      63
2022-10-31 19:45:13.857 | DEBUG    | localization_association_rule_mining:__call__:392 - |verification-code             |   11.14|verification-code                                           |0.144737|   77.00|0.208672|0.320833|      77|       0
2022-10-31 19:45:13.857 | DEBUG    | localization_association_rule_mining:__call__:392 - |route                         |    4.78|route                                                       |0.113821|   42.00|0.113821|1.000000|      42|       0
2022-10-31 19:45:13.857 | DEBUG    | localization_association_rule_mining:__call__:392 - |train                         |    4.67|train                                                       |0.113821|   41.00|0.113821|1.000000|      41|       0
2022-10-31 19:45:13.857 | DEBUG    | localization_association_rule_mining:__call__:392 - |food                          |    3.09|food                                                        |0.162500|   19.00|0.176152|0.677083|      23|      42
2022-10-31 19:45:13.858 | DEBUG    | localization_association_rule_mining:__call__:392 - |order-other                   |    1.37|order-other                                                 |0.196217|    7.00|0.224932|0.605839|      45|      38
2022-10-31 19:45:13.858 | DEBUG    | localization_association_rule_mining:__call__:392 - |security                      |    0.61|security                                                    |0.151762|    4.00|0.151762|1.000000|      33|      37
2022-10-31 19:45:13.858 | DEBUG    | localization_association_rule_mining:__call__:392 - |notification                  |    0.00|notification                                                |0.120643|    0.00|0.121951|0.918367|       0|       0
2022-10-31 19:45:13.858 | DEBUG    | localization_association_rule_mining:__call__:392 - |ts-ui-dashboard               |   -1.00|                                                            |0.000000|    0.00|0.000000|0.000000|       0|       0
2022-10-31 19:45:13.858 | DEBUG    | localization_association_rule_mining:__call__:392 - |inside-payment                |   -1.00|                                                            |0.000000|    0.00|0.000000|0.000000|       0|       0
2022-10-31 19:45:13.858 | DEBUG    | localization_association_rule_mining:__call__:392 - |contacts                      |   -1.00|                                                            |0.000000|    0.00|0.000000|0.000000|       0|       0
2022-10-31 19:45:13.858 | DEBUG    | localization_association_rule_mining:__call__:392 - |price                         |   -1.00|                                                            |0.000000|    0.00|0.000000|0.000000|       0|       0
2022-10-31 19:45:13.858 | DEBUG    | localization_association_rule_mining:__call__:392 - |assurance                     |   -1.00|                                                            |0.000000|    0.00|0.000000|0.000000|       0|       0
2022-10-31 19:45:13.858 | DEBUG    | localization_association_rule_mining:__call__:392 - |payment                       |   -1.00|                                                            |0.000000|    0.00|0.000000|0.000000|       0|       0
2022-10-31 19:45:13.858 | DEBUG    | localization_association_rule_mining:__call__:392 - |user                          |   -1.00|                                                            |0.000000|    0.00|0.000000|0.000000|       0|       0
2022-10-31 19:45:13.858 | DEBUG    | localization_association_rule_mining:__call__:392 - |route-plan                    |   -1.00|                                                            |0.000000|    0.00|0.000000|0.000000|       0|       0
2022-10-31 19:45:13.858 | DEBUG    | localization_association_rule_mining:__call__:392 - |cancel                        |   -1.00|                                                            |0.000000|    0.00|0.000000|0.000000|       0|       0
2022-10-31 19:45:13.858 | DEBUG    | localization_association_rule_mining:__call__:392 - |consign                       |   -1.00|                                                            |0.000000|    0.00|0.000000|0.000000|       0|       0
2022-10-31 19:45:13.858 | DEBUG    | localization_association_rule_mining:__call__:392 - |food-map                      |   -1.00|                                                            |0.000000|    0.00|0.000000|0.000000|       0|       0
2022-10-31 19:45:13.858 | DEBUG    | localization_association_rule_mining:__call__:392 - |admin-order                   |   -1.00|                                                            |0.000000|    0.00|0.000000|0.000000|       0|       0
2022-10-31 19:45:13.858 | DEBUG    | localization_association_rule_mining:__call__:392 - |travel-plan                   |   -1.00|                                                            |0.000000|    0.00|0.000000|0.000000|       0|       0
2022-10-31 19:45:13.858 | DEBUG    | localization_association_rule_mining:__call__:392 - |travel2                       |   -1.00|                                                            |0.000000|    0.00|0.000000|0.000000|       0|       0
