2022-11-16 15:25:20.006 | DEBUG    | localization_association_rule_mining:__call__:390 - |item                          |score   |pattern                                                     |ps      |ips     |p(a|b)  |p(b|a)  |in      |out     
2022-11-16 15:25:20.006 | DEBUG    | localization_association_rule_mining:__call__:394 - |ticketinfo                    |   10.71|ticketinfo                                                  |0.823529|   13.00|0.823529|1.000000|       1|      14
2022-11-16 15:25:20.006 | DEBUG    | localization_association_rule_mining:__call__:394 - |train                         |    5.88|train                                                       |0.588235|   10.00|0.588235|1.000000|      10|       0
2022-11-16 15:25:20.006 | DEBUG    | localization_association_rule_mining:__call__:394 - |travel                        |    4.50|travel                                                      |0.500000|    9.00|0.647059|0.687500|      10|       1
2022-11-16 15:25:20.006 | DEBUG    | localization_association_rule_mining:__call__:394 - |basic                         |    3.29|basic                                                       |0.823529|    4.00|0.823529|1.000000|      14|      10
2022-11-16 15:25:20.006 | DEBUG    | localization_association_rule_mining:__call__:394 - |preserve                      |    0.53|preserve                                                    |0.176471|    3.00|0.176471|1.000000|       3|       0
2022-11-16 15:25:20.007 | DEBUG    | localization_association_rule_mining:__call__:394 - |ts-ui-dashboard               |    0.16|ts-ui-dashboard                                             |0.051724|    3.00|0.176471|0.068182|       3|       0
2022-11-16 15:25:20.007 | DEBUG    | localization_association_rule_mining:__call__:394 - |station                       |    0.00|station                                                     |0.208955|    0.00|0.823529|0.218750|       0|       0
2022-11-16 15:25:20.007 | DEBUG    | localization_association_rule_mining:__call__:394 - |price                         |    0.00|price                                                       |0.529412|    0.00|0.529412|1.000000|       0|       0
2022-11-16 15:25:20.007 | DEBUG    | localization_association_rule_mining:__call__:394 - |route                         |    0.00|route                                                       |0.470588|    0.00|0.470588|1.000000|       0|       0
2022-11-16 15:25:20.007 | DEBUG    | localization_association_rule_mining:__call__:394 - |order                         |    0.00|order                                                       |0.028571|    0.00|0.117647|0.036364|       0|       0
2022-11-16 15:25:20.007 | DEBUG    | localization_association_rule_mining:__call__:394 - |food                          |   -1.00|                                                            |0.000000|    0.00|0.000000|0.000000|       0|       0
2022-11-16 15:25:20.007 | DEBUG    | localization_association_rule_mining:__call__:394 - |admin-order                   |   -1.00|                                                            |0.000000|    0.00|0.000000|0.000000|       0|       0
2022-11-16 15:25:20.007 | DEBUG    | localization_association_rule_mining:__call__:394 - |verification-code             |   -1.00|                                                            |0.000000|    0.00|0.000000|0.000000|       0|       0
2022-11-16 15:25:20.007 | DEBUG    | localization_association_rule_mining:__call__:394 - |assurance                     |   -1.00|                                                            |0.000000|    0.00|0.000000|0.000000|       0|       0
2022-11-16 15:25:20.007 | DEBUG    | localization_association_rule_mining:__call__:394 - |order-other                   |   -1.00|                                                            |0.000000|    0.00|0.000000|0.000000|       0|       0
2022-11-16 15:25:20.007 | DEBUG    | localization_association_rule_mining:__call__:394 - |cancel                        |   -1.00|                                                            |0.000000|    0.00|0.000000|0.000000|       0|       0
2022-11-16 15:25:20.007 | DEBUG    | localization_association_rule_mining:__call__:394 - |seat                          |   -1.00|                                                            |0.000000|    0.00|0.000000|0.000000|       0|       0
2022-11-16 15:25:20.007 | DEBUG    | localization_association_rule_mining:__call__:394 - |notification                  |   -1.00|                                                            |0.000000|    0.00|0.000000|0.000000|       0|       0
2022-11-16 15:25:20.007 | DEBUG    | localization_association_rule_mining:__call__:394 - |consign                       |   -1.00|                                                            |0.000000|    0.00|0.000000|0.000000|       0|       0
2022-11-16 15:25:20.007 | DEBUG    | localization_association_rule_mining:__call__:394 - |contacts                      |   -1.00|                                                            |0.000000|    0.00|0.000000|0.000000|       0|       0
2022-11-16 15:25:20.007 | DEBUG    | localization_association_rule_mining:__call__:394 - |auth                          |   -1.00|                                                            |0.000000|    0.00|0.000000|0.000000|       0|       0
2022-11-16 15:25:20.007 | DEBUG    | localization_association_rule_mining:__call__:394 - |user                          |   -1.00|                                                            |0.000000|    0.00|0.000000|0.000000|       0|       0
2022-11-16 15:25:20.007 | DEBUG    | localization_association_rule_mining:__call__:394 - |security                      |   -1.00|                                                            |0.000000|    0.00|0.000000|0.000000|       0|       0
2022-11-16 15:25:20.008 | DEBUG    | localization_association_rule_mining:__call__:394 - |inside-payment                |   -1.00|                                                            |0.000000|    0.00|0.000000|0.000000|       0|       0
2022-11-16 15:25:20.008 | DEBUG    | localization_association_rule_mining:__call__:394 - |payment                       |   -1.00|                                                            |0.000000|    0.00|0.000000|0.000000|       0|       0
2022-11-16 15:25:20.008 | DEBUG    | localization_association_rule_mining:__call__:394 - |food-map                      |   -1.00|                                                            |0.000000|    0.00|0.000000|0.000000|       0|       0
