2022-11-08 18:38:30.168 | DEBUG    | localization_association_rule_mining:__call__:390 - |item                          |score   |pattern                                                     |ps      |ips     |p(a|b)  |p(b|a)  |in      |out     
2022-11-08 18:38:30.168 | DEBUG    | localization_association_rule_mining:__call__:394 - |order                         |  122.75|order                                                       |0.498994|  246.00|0.515593|0.939394|     246|       0
2022-11-08 18:38:30.168 | DEBUG    | localization_association_rule_mining:__call__:394 - |order-other                   |   82.40|order-other                                                 |0.414079|  199.00|0.415800|0.990099|     199|       0
2022-11-08 18:38:30.169 | DEBUG    | localization_association_rule_mining:__call__:394 - |station                       |   24.10|station                                                     |0.382470|   63.00|0.399168|0.901408|      63|       0
2022-11-08 18:38:30.169 | DEBUG    | localization_association_rule_mining:__call__:394 - |travel                        |   12.90|travel                                                      |0.172000|   75.00|0.178794|0.819048|       3|      78
2022-11-08 18:38:30.169 | DEBUG    | localization_association_rule_mining:__call__:394 - |route                         |   11.85|route                                                       |0.158004|   75.00|0.158004|1.000000|      75|       0
2022-11-08 18:38:30.169 | DEBUG    | localization_association_rule_mining:__call__:394 - |cancel                        |    6.79|cancel                                                      |0.115010|   59.00|0.122661|0.648352|       0|      59
2022-11-08 18:38:30.169 | DEBUG    | localization_association_rule_mining:__call__:394 - |inside-payment                |    3.50|inside-payment                                              |0.106029|   33.00|0.106029|1.000000|      50|      17
2022-11-08 18:38:30.169 | DEBUG    | localization_association_rule_mining:__call__:394 - |basic                         |    3.02|basic                                                       |0.137214|   22.00|0.137214|1.000000|      41|      63
2022-11-08 18:38:30.169 | DEBUG    | localization_association_rule_mining:__call__:394 - |seat                          |    1.54|seat                                                        |0.118503|   13.00|0.118503|1.000000|      24|      37
2022-11-08 18:38:30.169 | DEBUG    | localization_association_rule_mining:__call__:394 - |ticketinfo                    |    0.84|ticketinfo                                                  |0.120582|    7.00|0.120582|1.000000|      48|      41
2022-11-08 18:38:30.169 | DEBUG    | localization_association_rule_mining:__call__:394 - |train                         |    0.00|train                                                       |0.101871|    0.00|0.101871|1.000000|       0|       0
2022-11-08 18:38:30.169 | DEBUG    | localization_association_rule_mining:__call__:394 - |preserve                      |   -1.00|                                                            |0.000000|    0.00|0.000000|0.000000|       0|       0
2022-11-08 18:38:30.169 | DEBUG    | localization_association_rule_mining:__call__:394 - |food                          |   -1.00|                                                            |0.000000|    0.00|0.000000|0.000000|       0|       0
2022-11-08 18:38:30.169 | DEBUG    | localization_association_rule_mining:__call__:394 - |preserve-other                |   -1.00|                                                            |0.000000|    0.00|0.000000|0.000000|       0|       0
2022-11-08 18:38:30.169 | DEBUG    | localization_association_rule_mining:__call__:394 - |assurance                     |   -1.00|                                                            |0.000000|    0.00|0.000000|0.000000|       0|       0
2022-11-08 18:38:30.169 | DEBUG    | localization_association_rule_mining:__call__:394 - |price                         |   -1.00|                                                            |0.000000|    0.00|0.000000|0.000000|       0|       0
2022-11-08 18:38:30.169 | DEBUG    | localization_association_rule_mining:__call__:394 - |travel-plan                   |   -1.00|                                                            |0.000000|    0.00|0.000000|0.000000|       0|       0
2022-11-08 18:38:30.170 | DEBUG    | localization_association_rule_mining:__call__:394 - |admin-order                   |   -1.00|                                                            |0.000000|    0.00|0.000000|0.000000|       0|       0
2022-11-08 18:38:30.170 | DEBUG    | localization_association_rule_mining:__call__:394 - |security                      |   -1.00|                                                            |0.000000|    0.00|0.000000|0.000000|       0|       0
2022-11-08 18:38:30.170 | DEBUG    | localization_association_rule_mining:__call__:394 - |config                        |   -1.00|                                                            |0.000000|    0.00|0.000000|0.000000|       0|       0
2022-11-08 18:38:30.170 | DEBUG    | localization_association_rule_mining:__call__:394 - |food-map                      |   -1.00|                                                            |0.000000|    0.00|0.000000|0.000000|       0|       0
2022-11-08 18:38:30.170 | DEBUG    | localization_association_rule_mining:__call__:394 - |contacts                      |   -1.00|                                                            |0.000000|    0.00|0.000000|0.000000|       0|       0
2022-11-08 18:38:30.170 | DEBUG    | localization_association_rule_mining:__call__:394 - |verification-code             |   -1.00|                                                            |0.000000|    0.00|0.000000|0.000000|       0|       0
2022-11-08 18:38:30.170 | DEBUG    | localization_association_rule_mining:__call__:394 - |payment                       |   -1.00|                                                            |0.000000|    0.00|0.000000|0.000000|       0|       0
2022-11-08 18:38:30.170 | DEBUG    | localization_association_rule_mining:__call__:394 - |travel2                       |   -1.00|                                                            |0.000000|    0.00|0.000000|0.000000|       0|       0
2022-11-08 18:38:30.170 | DEBUG    | localization_association_rule_mining:__call__:394 - |ts-ui-dashboard               |   -1.00|                                                            |0.000000|    0.00|0.000000|0.000000|       0|       0
2022-11-08 18:38:30.170 | DEBUG    | localization_association_rule_mining:__call__:394 - |consign                       |   -1.00|                                                            |0.000000|    0.00|0.000000|0.000000|       0|       0
2022-11-08 18:38:30.170 | DEBUG    | localization_association_rule_mining:__call__:394 - |notification                  |   -1.00|                                                            |0.000000|    0.00|0.000000|0.000000|       0|       0
2022-11-08 18:38:30.170 | DEBUG    | localization_association_rule_mining:__call__:394 - |user                          |   -1.00|                                                            |0.000000|    0.00|0.000000|0.000000|       0|       0
2022-11-08 18:38:30.170 | DEBUG    | localization_association_rule_mining:__call__:394 - |auth                          |   -1.00|                                                            |0.000000|    0.00|0.000000|0.000000|       0|       0
2022-11-08 18:38:30.170 | DEBUG    | localization_association_rule_mining:__call__:394 - |route-plan                    |   -1.00|                                                            |0.000000|    0.00|0.000000|0.000000|       0|       0
