2022-10-31 19:48:16.470 | DEBUG    | localization_association_rule_mining:__call__:388 - |item                          |score   |pattern                                                     |ps      |ips     |p(a|b)  |p(b|a)  |in      |out     
2022-10-31 19:48:16.470 | DEBUG    | localization_association_rule_mining:__call__:392 - |station                       |   64.20|station                                                     |0.366876|  175.00|0.479452|0.609756|     175|       0
2022-10-31 19:48:16.470 | DEBUG    | localization_association_rule_mining:__call__:392 - |order-other                   |   24.75|order-other                                                 |0.250000|   99.00|0.320548|0.531818|       9|     108
2022-10-31 19:48:16.470 | DEBUG    | localization_association_rule_mining:__call__:392 - |auth                          |   24.19|auth                                                        |0.246851|   98.00|0.268493|0.753846|       0|      98
2022-10-31 19:48:16.470 | DEBUG    | localization_association_rule_mining:__call__:392 - |verification-code             |   11.34|verification-code                                           |0.115702|   98.00|0.268493|0.168966|      98|       0
2022-10-31 19:48:16.470 | DEBUG    | localization_association_rule_mining:__call__:392 - |route                         |    7.41|route                                                       |0.142466|   52.00|0.142466|1.000000|      52|       0
2022-10-31 19:48:16.470 | DEBUG    | localization_association_rule_mining:__call__:392 - |food                          |    6.06|food                                                        |0.144357|   42.00|0.150685|0.774648|       4|      46
2022-10-31 19:48:16.471 | DEBUG    | localization_association_rule_mining:__call__:392 - |order                         |    4.73|order                                                       |0.086072|   55.00|0.150685|0.167173|      55|       0
2022-10-31 19:48:16.471 | DEBUG    | localization_association_rule_mining:__call__:392 - |food-map                      |    3.96|food-map                                                    |0.104110|   38.00|0.104110|1.000000|      38|       0
2022-10-31 19:48:16.471 | DEBUG    | localization_association_rule_mining:__call__:392 - |cancel                        |    3.89|cancel                                                      |0.102426|   38.00|0.104110|0.863636|       0|      38
2022-10-31 19:48:16.471 | DEBUG    | localization_association_rule_mining:__call__:392 - |travel                        |    0.00|travel                                                      |0.200000|    0.00|0.200000|1.000000|      51|      51
2022-10-31 19:48:16.471 | DEBUG    | localization_association_rule_mining:__call__:392 - |price                         |   -1.00|                                                            |0.000000|    0.00|0.000000|0.000000|       0|       0
2022-10-31 19:48:16.471 | DEBUG    | localization_association_rule_mining:__call__:392 - |user                          |   -1.00|                                                            |0.000000|    0.00|0.000000|0.000000|       0|       0
2022-10-31 19:48:16.471 | DEBUG    | localization_association_rule_mining:__call__:392 - |travel-plan                   |   -1.00|                                                            |0.000000|    0.00|0.000000|0.000000|       0|       0
2022-10-31 19:48:16.471 | DEBUG    | localization_association_rule_mining:__call__:392 - |assurance                     |   -1.00|                                                            |0.000000|    0.00|0.000000|0.000000|       0|       0
2022-10-31 19:48:16.471 | DEBUG    | localization_association_rule_mining:__call__:392 - |contacts                      |   -1.00|                                                            |0.000000|    0.00|0.000000|0.000000|       0|       0
2022-10-31 19:48:16.471 | DEBUG    | localization_association_rule_mining:__call__:392 - |route-plan                    |   -1.00|                                                            |0.000000|    0.00|0.000000|0.000000|       0|       0
2022-10-31 19:48:16.471 | DEBUG    | localization_association_rule_mining:__call__:392 - |basic                         |   -1.00|                                                            |0.000000|    0.00|0.000000|0.000000|       0|       0
2022-10-31 19:48:16.471 | DEBUG    | localization_association_rule_mining:__call__:392 - |notification                  |   -1.00|                                                            |0.000000|    0.00|0.000000|0.000000|       0|       0
2022-10-31 19:48:16.471 | DEBUG    | localization_association_rule_mining:__call__:392 - |consign                       |   -1.00|                                                            |0.000000|    0.00|0.000000|0.000000|       0|       0
2022-10-31 19:48:16.471 | DEBUG    | localization_association_rule_mining:__call__:392 - |config                        |   -1.00|                                                            |0.000000|    0.00|0.000000|0.000000|       0|       0
2022-10-31 19:48:16.471 | DEBUG    | localization_association_rule_mining:__call__:392 - |preserve                      |   -1.00|                                                            |0.000000|    0.00|0.000000|0.000000|       0|       0
2022-10-31 19:48:16.471 | DEBUG    | localization_association_rule_mining:__call__:392 - |ts-ui-dashboard               |   -1.00|                                                            |0.000000|    0.00|0.000000|0.000000|       0|       0
2022-10-31 19:48:16.471 | DEBUG    | localization_association_rule_mining:__call__:392 - |payment                       |   -1.00|                                                            |0.000000|    0.00|0.000000|0.000000|       0|       0
2022-10-31 19:48:16.471 | DEBUG    | localization_association_rule_mining:__call__:392 - |train                         |   -1.00|                                                            |0.000000|    0.00|0.000000|0.000000|       0|       0
2022-10-31 19:48:16.471 | DEBUG    | localization_association_rule_mining:__call__:392 - |security                      |   -1.00|                                                            |0.000000|    0.00|0.000000|0.000000|       0|       0
2022-10-31 19:48:16.472 | DEBUG    | localization_association_rule_mining:__call__:392 - |seat                          |   -1.00|                                                            |0.000000|    0.00|0.000000|0.000000|       0|       0
2022-10-31 19:48:16.472 | DEBUG    | localization_association_rule_mining:__call__:392 - |ticketinfo                    |   -1.00|                                                            |0.000000|    0.00|0.000000|0.000000|       0|       0
2022-10-31 19:48:16.472 | DEBUG    | localization_association_rule_mining:__call__:392 - |inside-payment                |   -1.00|                                                            |0.000000|    0.00|0.000000|0.000000|       0|       0
2022-10-31 19:48:16.472 | DEBUG    | localization_association_rule_mining:__call__:392 - |admin-order                   |   -1.00|                                                            |0.000000|    0.00|0.000000|0.000000|       0|       0
