2022-10-31 19:48:40.913 | DEBUG    | localization_association_rule_mining:__call__:388 - |item                          |score   |pattern                                                     |ps      |ips     |p(a|b)  |p(b|a)  |in      |out     
2022-10-31 19:48:40.913 | DEBUG    | localization_association_rule_mining:__call__:392 - |station                       |   52.93|station                                                     |0.472574|  112.00|0.643678|0.640000|     112|       0
2022-10-31 19:48:40.913 | DEBUG    | localization_association_rule_mining:__call__:392 - |route                         |   17.60|route                                                       |0.320000|   55.00|0.321839|0.982456|      55|       0
2022-10-31 19:48:40.913 | DEBUG    | localization_association_rule_mining:__call__:392 - |order-other                   |   11.36|order-other                                                 |0.231834|   49.00|0.385057|0.368132|       9|      58
2022-10-31 19:48:40.913 | DEBUG    | localization_association_rule_mining:__call__:392 - |food                          |    6.06|food                                                        |0.232955|   26.00|0.235632|0.953488|       7|      33
2022-10-31 19:48:40.913 | DEBUG    | localization_association_rule_mining:__call__:392 - |order                         |    5.79|order                                                       |0.118072|   49.00|0.281609|0.168966|      49|       0
2022-10-31 19:48:40.913 | DEBUG    | localization_association_rule_mining:__call__:392 - |food-map                      |    5.52|food-map                                                    |0.178161|   31.00|0.178161|1.000000|      31|       0
2022-10-31 19:48:40.913 | DEBUG    | localization_association_rule_mining:__call__:392 - |auth                          |    5.37|auth                                                        |0.173184|   31.00|0.178161|0.861111|       0|      31
2022-10-31 19:48:40.913 | DEBUG    | localization_association_rule_mining:__call__:392 - |cancel                        |    4.81|cancel                                                      |0.165714|   29.00|0.166667|0.966667|       0|      29
2022-10-31 19:48:40.913 | DEBUG    | localization_association_rule_mining:__call__:392 - |verification-code             |    3.27|verification-code                                           |0.105442|   31.00|0.178161|0.205298|      31|       0
2022-10-31 19:48:40.913 | DEBUG    | localization_association_rule_mining:__call__:392 - |train                         |    2.29|train                                                       |0.114286|   20.00|0.114943|0.952381|      20|       0
2022-10-31 19:48:40.913 | DEBUG    | localization_association_rule_mining:__call__:392 - |config                        |    2.06|config                                                      |0.108571|   19.00|0.109195|0.950000|      19|       0
2022-10-31 19:48:40.914 | DEBUG    | localization_association_rule_mining:__call__:392 - |price                         |    1.85|price                                                       |0.102857|   18.00|0.103448|0.947368|      18|       0
2022-10-31 19:48:40.914 | DEBUG    | localization_association_rule_mining:__call__:392 - |travel                        |    1.61|travel                                                      |0.321839|    5.00|0.321839|1.000000|      50|      55
2022-10-31 19:48:40.914 | DEBUG    | localization_association_rule_mining:__call__:392 - |user                          |    0.65|user                                                        |0.108571|    6.00|0.109195|0.950000|       6|       0
2022-10-31 19:48:40.914 | DEBUG    | localization_association_rule_mining:__call__:392 - |seat                          |    0.00|seat                                                        |0.120690|    0.00|0.120690|1.000000|      20|      20
2022-10-31 19:48:40.914 | DEBUG    | localization_association_rule_mining:__call__:392 - |ticketinfo                    |    0.00|ticketinfo                                                  |0.120690|    0.00|0.120690|1.000000|      21|      21
2022-10-31 19:48:40.914 | DEBUG    | localization_association_rule_mining:__call__:392 - |basic                         |    0.00|basic                                                       |0.120690|    0.00|0.120690|1.000000|      21|      21
2022-10-31 19:48:40.914 | DEBUG    | localization_association_rule_mining:__call__:392 - |notification                  |    0.00|notification                                                |0.103448|    0.00|0.103448|1.000000|       0|       0
2022-10-31 19:48:40.914 | DEBUG    | localization_association_rule_mining:__call__:392 - |admin-basic-info              |   -1.00|                                                            |0.000000|    0.00|0.000000|0.000000|       0|       0
2022-10-31 19:48:40.914 | DEBUG    | localization_association_rule_mining:__call__:392 - |inside-payment                |   -1.00|                                                            |0.000000|    0.00|0.000000|0.000000|       0|       0
2022-10-31 19:48:40.914 | DEBUG    | localization_association_rule_mining:__call__:392 - |preserve                      |   -1.00|                                                            |0.000000|    0.00|0.000000|0.000000|       0|       0
2022-10-31 19:48:40.914 | DEBUG    | localization_association_rule_mining:__call__:392 - |consign                       |   -1.00|                                                            |0.000000|    0.00|0.000000|0.000000|       0|       0
2022-10-31 19:48:40.914 | DEBUG    | localization_association_rule_mining:__call__:392 - |admin-order                   |   -1.00|                                                            |0.000000|    0.00|0.000000|0.000000|       0|       0
2022-10-31 19:48:40.914 | DEBUG    | localization_association_rule_mining:__call__:392 - |travel2                       |   -1.00|                                                            |0.000000|    0.00|0.000000|0.000000|       0|       0
2022-10-31 19:48:40.914 | DEBUG    | localization_association_rule_mining:__call__:392 - |assurance                     |   -1.00|                                                            |0.000000|    0.00|0.000000|0.000000|       0|       0
2022-10-31 19:48:40.914 | DEBUG    | localization_association_rule_mining:__call__:392 - |security                      |   -1.00|                                                            |0.000000|    0.00|0.000000|0.000000|       0|       0
2022-10-31 19:48:40.914 | DEBUG    | localization_association_rule_mining:__call__:392 - |ts-ui-dashboard               |   -1.00|                                                            |0.000000|    0.00|0.000000|0.000000|       0|       0
2022-10-31 19:48:40.914 | DEBUG    | localization_association_rule_mining:__call__:392 - |admin-user                    |   -1.00|                                                            |0.000000|    0.00|0.000000|0.000000|       0|       0
2022-10-31 19:48:40.914 | DEBUG    | localization_association_rule_mining:__call__:392 - |admin-route                   |   -1.00|                                                            |0.000000|    0.00|0.000000|0.000000|       0|       0
2022-10-31 19:48:40.914 | DEBUG    | localization_association_rule_mining:__call__:392 - |admin-travel                  |   -1.00|                                                            |0.000000|    0.00|0.000000|0.000000|       0|       0
2022-10-31 19:48:40.915 | DEBUG    | localization_association_rule_mining:__call__:392 - |payment                       |   -1.00|                                                            |0.000000|    0.00|0.000000|0.000000|       0|       0
2022-10-31 19:48:40.915 | DEBUG    | localization_association_rule_mining:__call__:392 - |contacts                      |   -1.00|                                                            |0.000000|    0.00|0.000000|0.000000|       0|       0
