2022-11-08 18:34:54.332 | DEBUG    | localization_association_rule_mining:__call__:390 - |item                          |score   |pattern                                                     |ps      |ips     |p(a|b)  |p(b|a)  |in      |out     
2022-11-08 18:34:54.333 | DEBUG    | localization_association_rule_mining:__call__:394 - |cancel                        |   22.81|cancel                                                      |0.735849|   31.00|0.735849|1.000000|      39|       8
2022-11-08 18:34:54.333 | DEBUG    | localization_association_rule_mining:__call__:394 - |preserve                      |    1.69|preserve                                                    |0.169231|   10.00|0.207547|0.478261|      10|       0
2022-11-08 18:34:54.333 | DEBUG    | localization_association_rule_mining:__call__:394 - |notification                  |    0.86|notification                                                |0.172414|    5.00|0.188679|0.666667|       5|       0
2022-11-08 18:34:54.333 | DEBUG    | localization_association_rule_mining:__call__:394 - |ticketinfo                    |    0.20|ticketinfo                                                  |0.100000|    2.00|0.132075|0.291667|       2|       0
2022-11-08 18:34:54.333 | DEBUG    | localization_association_rule_mining:__call__:394 - |seat                          |    0.16|seat                                                        |0.160000|    1.00|0.226415|0.352941|       0|       1
2022-11-08 18:34:54.333 | DEBUG    | localization_association_rule_mining:__call__:394 - |order-other                   |    0.16|order-other                                                 |0.039773|    4.00|0.132075|0.053846|       4|       0
2022-11-08 18:34:54.333 | DEBUG    | localization_association_rule_mining:__call__:394 - |security                      |    0.15|security                                                    |0.152542|    1.00|0.169811|0.600000|       0|       1
2022-11-08 18:34:54.333 | DEBUG    | localization_association_rule_mining:__call__:394 - |travel                        |    0.12|travel                                                      |0.118280|    1.00|0.207547|0.215686|       1|       0
2022-11-08 18:34:54.333 | DEBUG    | localization_association_rule_mining:__call__:394 - |order                         |    0.10|order                                                       |0.102439|    1.00|0.396226|0.121387|       1|       0
2022-11-08 18:34:54.333 | DEBUG    | localization_association_rule_mining:__call__:394 - |user                          |    0.00|user                                                        |0.103448|    0.00|0.113208|0.545455|       0|       0
2022-11-08 18:34:54.333 | DEBUG    | localization_association_rule_mining:__call__:394 - |route                         |    0.00|route                                                       |0.134328|    0.00|0.169811|0.391304|       0|       0
2022-11-08 18:34:54.333 | DEBUG    | localization_association_rule_mining:__call__:394 - |price                         |    0.00|price                                                       |0.123077|    0.00|0.150943|0.400000|       0|       0
2022-11-08 18:34:54.333 | DEBUG    | localization_association_rule_mining:__call__:394 - |station                       |    0.00|station                                                     |0.096000|    0.00|0.226415|0.142857|       0|       0
2022-11-08 18:34:54.333 | DEBUG    | localization_association_rule_mining:__call__:394 - |inside-payment                |    0.00|inside-payment                                              |0.120000|    0.00|0.169811|0.290323|       0|       0
2022-11-08 18:34:54.333 | DEBUG    | localization_association_rule_mining:__call__:394 - |basic                         |    0.00|basic                                                       |0.173333|    0.00|0.245283|0.371429|       0|       0
2022-11-08 18:34:54.333 | DEBUG    | localization_association_rule_mining:__call__:394 - |travel2                       |   -1.00|                                                            |0.000000|    0.00|0.000000|0.000000|       0|       0
2022-11-08 18:34:54.334 | DEBUG    | localization_association_rule_mining:__call__:394 - |consign                       |   -1.00|                                                            |0.000000|    0.00|0.000000|0.000000|       0|       0
2022-11-08 18:34:54.334 | DEBUG    | localization_association_rule_mining:__call__:394 - |food-map                      |   -1.00|                                                            |0.000000|    0.00|0.000000|0.000000|       0|       0
2022-11-08 18:34:54.334 | DEBUG    | localization_association_rule_mining:__call__:394 - |contacts                      |   -1.00|                                                            |0.000000|    0.00|0.000000|0.000000|       0|       0
2022-11-08 18:34:54.334 | DEBUG    | localization_association_rule_mining:__call__:394 - |route-plan                    |   -1.00|                                                            |0.000000|    0.00|0.000000|0.000000|       0|       0
2022-11-08 18:34:54.334 | DEBUG    | localization_association_rule_mining:__call__:394 - |admin-order                   |   -1.00|                                                            |0.000000|    0.00|0.000000|0.000000|       0|       0
2022-11-08 18:34:54.334 | DEBUG    | localization_association_rule_mining:__call__:394 - |auth                          |   -1.00|                                                            |0.000000|    0.00|0.000000|0.000000|       0|       0
2022-11-08 18:34:54.334 | DEBUG    | localization_association_rule_mining:__call__:394 - |ts-ui-dashboard               |   -1.00|                                                            |0.000000|    0.00|0.000000|0.000000|       0|       0
2022-11-08 18:34:54.334 | DEBUG    | localization_association_rule_mining:__call__:394 - |payment                       |   -1.00|                                                            |0.000000|    0.00|0.000000|0.000000|       0|       0
2022-11-08 18:34:54.334 | DEBUG    | localization_association_rule_mining:__call__:394 - |train                         |   -1.00|                                                            |0.000000|    0.00|0.000000|0.000000|       0|       0
2022-11-08 18:34:54.334 | DEBUG    | localization_association_rule_mining:__call__:394 - |config                        |   -1.00|                                                            |0.000000|    0.00|0.000000|0.000000|       0|       0
2022-11-08 18:34:54.334 | DEBUG    | localization_association_rule_mining:__call__:394 - |food                          |   -1.00|                                                            |0.000000|    0.00|0.000000|0.000000|       0|       0
2022-11-08 18:34:54.334 | DEBUG    | localization_association_rule_mining:__call__:394 - |verification-code             |   -1.00|                                                            |0.000000|    0.00|0.000000|0.000000|       0|       0
2022-11-08 18:34:54.334 | DEBUG    | localization_association_rule_mining:__call__:394 - |preserve-other                |   -1.00|                                                            |0.000000|    0.00|0.000000|0.000000|       0|       0
2022-11-08 18:34:54.334 | DEBUG    | localization_association_rule_mining:__call__:394 - |assurance                     |   -1.00|                                                            |0.000000|    0.00|0.000000|0.000000|       0|       0
2022-11-08 18:34:54.334 | DEBUG    | localization_association_rule_mining:__call__:394 - |travel-plan                   |   -1.00|                                                            |0.000000|    0.00|0.000000|0.000000|       0|       0
