2022-11-08 18:38:03.139 | DEBUG    | localization_association_rule_mining:__call__:390 - |item                          |score   |pattern                                                     |ps      |ips     |p(a|b)  |p(b|a)  |in      |out     
2022-11-08 18:38:03.139 | DEBUG    | localization_association_rule_mining:__call__:394 - |inside-payment                |   27.09|inside-payment                                              |0.576471|   47.00|0.583333|0.980000|      47|       0
2022-11-08 18:38:03.139 | DEBUG    | localization_association_rule_mining:__call__:394 - |notification                  |    7.67|notification                                                |0.333333|   23.00|0.333333|1.000000|      23|       0
2022-11-08 18:38:03.139 | DEBUG    | localization_association_rule_mining:__call__:394 - |preserve                      |    1.71|preserve                                                    |0.142857|   12.00|0.142857|1.000000|      12|       0
2022-11-08 18:38:03.139 | DEBUG    | localization_association_rule_mining:__call__:394 - |cancel                        |    1.16|cancel                                                      |0.290323|    4.00|0.428571|0.473684|      36|      32
2022-11-08 18:38:03.139 | DEBUG    | localization_association_rule_mining:__call__:394 - |order                         |    0.69|order                                                       |0.173529|    4.00|0.702381|0.187302|       4|       0
2022-11-08 18:38:03.139 | DEBUG    | localization_association_rule_mining:__call__:394 - |travel                        |    0.43|travel                                                      |0.106383|    4.00|0.178571|0.208333|       0|       4
2022-11-08 18:38:03.140 | DEBUG    | localization_association_rule_mining:__call__:394 - |ticketinfo                    |    0.00|ticketinfo                                                  |0.155556|    0.00|0.166667|0.700000|       0|       0
2022-11-08 18:38:03.140 | DEBUG    | localization_association_rule_mining:__call__:394 - |payment                       |    0.00|payment                                                     |0.285714|    0.00|0.285714|1.000000|       0|       0
2022-11-08 18:38:03.140 | DEBUG    | localization_association_rule_mining:__call__:394 - |user                          |    0.00|user                                                        |0.261905|    0.00|0.261905|1.000000|       0|       0
2022-11-08 18:38:03.140 | DEBUG    | localization_association_rule_mining:__call__:394 - |station                       |    0.00|station                                                     |0.052083|    0.00|0.178571|0.068493|       0|       0
2022-11-08 18:38:03.140 | DEBUG    | localization_association_rule_mining:__call__:394 - |seat                          |    0.00|seat                                                        |0.131868|    0.00|0.142857|0.631579|       0|       0
2022-11-08 18:38:03.140 | DEBUG    | localization_association_rule_mining:__call__:394 - |train                         |    0.00|train                                                       |0.152174|    0.00|0.166667|0.636364|       0|       0
2022-11-08 18:38:03.140 | DEBUG    | localization_association_rule_mining:__call__:394 - |route                         |    0.00|route                                                       |0.091667|    0.00|0.130952|0.234043|       0|       0
2022-11-08 18:38:03.140 | DEBUG    | localization_association_rule_mining:__call__:394 - |basic                         |    0.00|basic                                                       |0.173913|    0.00|0.190476|0.666667|       0|       0
2022-11-08 18:38:03.140 | DEBUG    | localization_association_rule_mining:__call__:394 - |travel2                       |   -1.00|                                                            |0.000000|    0.00|0.000000|0.000000|       0|       0
2022-11-08 18:38:03.140 | DEBUG    | localization_association_rule_mining:__call__:394 - |route-plan                    |   -1.00|                                                            |0.000000|    0.00|0.000000|0.000000|       0|       0
2022-11-08 18:38:03.140 | DEBUG    | localization_association_rule_mining:__call__:394 - |config                        |   -1.00|                                                            |0.000000|    0.00|0.000000|0.000000|       0|       0
2022-11-08 18:38:03.140 | DEBUG    | localization_association_rule_mining:__call__:394 - |order-other                   |   -1.00|                                                            |0.000000|    0.00|0.000000|0.000000|       0|       0
2022-11-08 18:38:03.140 | DEBUG    | localization_association_rule_mining:__call__:394 - |assurance                     |   -1.00|                                                            |0.000000|    0.00|0.000000|0.000000|       0|       0
2022-11-08 18:38:03.140 | DEBUG    | localization_association_rule_mining:__call__:394 - |admin-order                   |   -1.00|                                                            |0.000000|    0.00|0.000000|0.000000|       0|       0
2022-11-08 18:38:03.140 | DEBUG    | localization_association_rule_mining:__call__:394 - |verification-code             |   -1.00|                                                            |0.000000|    0.00|0.000000|0.000000|       0|       0
2022-11-08 18:38:03.140 | DEBUG    | localization_association_rule_mining:__call__:394 - |food                          |   -1.00|                                                            |0.000000|    0.00|0.000000|0.000000|       0|       0
2022-11-08 18:38:03.140 | DEBUG    | localization_association_rule_mining:__call__:394 - |travel-plan                   |   -1.00|                                                            |0.000000|    0.00|0.000000|0.000000|       0|       0
2022-11-08 18:38:03.140 | DEBUG    | localization_association_rule_mining:__call__:394 - |price                         |   -1.00|                                                            |0.000000|    0.00|0.000000|0.000000|       0|       0
2022-11-08 18:38:03.141 | DEBUG    | localization_association_rule_mining:__call__:394 - |auth                          |   -1.00|                                                            |0.000000|    0.00|0.000000|0.000000|       0|       0
2022-11-08 18:38:03.141 | DEBUG    | localization_association_rule_mining:__call__:394 - |food-map                      |   -1.00|                                                            |0.000000|    0.00|0.000000|0.000000|       0|       0
2022-11-08 18:38:03.141 | DEBUG    | localization_association_rule_mining:__call__:394 - |ts-ui-dashboard               |   -1.00|                                                            |0.000000|    0.00|0.000000|0.000000|       0|       0
2022-11-08 18:38:03.141 | DEBUG    | localization_association_rule_mining:__call__:394 - |contacts                      |   -1.00|                                                            |0.000000|    0.00|0.000000|0.000000|       0|       0
2022-11-08 18:38:03.141 | DEBUG    | localization_association_rule_mining:__call__:394 - |preserve-other                |   -1.00|                                                            |0.000000|    0.00|0.000000|0.000000|       0|       0
2022-11-08 18:38:03.141 | DEBUG    | localization_association_rule_mining:__call__:394 - |security                      |   -1.00|                                                            |0.000000|    0.00|0.000000|0.000000|       0|       0
2022-11-08 18:38:03.141 | DEBUG    | localization_association_rule_mining:__call__:394 - |consign                       |   -1.00|                                                            |0.000000|    0.00|0.000000|0.000000|       0|       0
