2022-11-03 23:33:24.163 | DEBUG    | localization_association_rule_mining:__call__:388 - |item                          |score   |pattern                                                     |ps      |ips     |p(a|b)  |p(b|a)  |in      |out     
2022-11-03 23:33:24.163 | DEBUG    | localization_association_rule_mining:__call__:392 - |basic                         |    7.09|basic                                                       |0.590909|   12.00|0.812500|0.684211|      12|       0
2022-11-03 23:33:24.163 | DEBUG    | localization_association_rule_mining:__call__:392 - |travel                        |    5.87|travel                                                      |0.533333|   11.00|1.000000|0.533333|       0|      11
2022-11-03 23:33:24.164 | DEBUG    | localization_association_rule_mining:__call__:392 - |ticketinfo                    |    2.91|ticketinfo                                                  |0.727273|    4.00|1.000000|0.727273|      16|      12
2022-11-03 23:33:24.164 | DEBUG    | localization_association_rule_mining:__call__:392 - |train                         |    0.50|train                                                       |0.500000|    1.00|0.687500|0.647059|       1|       0
2022-11-03 23:33:24.164 | DEBUG    | localization_association_rule_mining:__call__:392 - |seat                          |    0.45|seat                                                        |0.454545|    1.00|0.625000|0.625000|       0|       1
2022-11-03 23:33:24.164 | DEBUG    | localization_association_rule_mining:__call__:392 - |travel-plan                   |    0.44|travel-plan                                                 |0.437500|    1.00|0.437500|1.000000|       0|       1
2022-11-03 23:33:24.164 | DEBUG    | localization_association_rule_mining:__call__:392 - |config                        |    0.00|config                                                      |0.454545|    0.00|0.625000|0.625000|       0|       0
2022-11-03 23:33:24.164 | DEBUG    | localization_association_rule_mining:__call__:392 - |price                         |    0.00|price                                                       |0.409091|    0.00|0.562500|0.600000|       0|       0
2022-11-03 23:33:24.164 | DEBUG    | localization_association_rule_mining:__call__:392 - |route                         |    0.00|route                                                       |0.433333|    0.00|0.812500|0.481481|       0|       0
2022-11-03 23:33:24.164 | DEBUG    | localization_association_rule_mining:__call__:392 - |station                       |    0.00|station                                                     |0.419355|    0.00|0.812500|0.464286|       0|       0
2022-11-03 23:33:24.164 | DEBUG    | localization_association_rule_mining:__call__:392 - |order                         |    0.00|order                                                       |0.500000|    0.00|0.750000|0.600000|       0|       0
2022-11-03 23:33:24.164 | DEBUG    | localization_association_rule_mining:__call__:392 - |security                      |   -1.00|                                                            |0.000000|    0.00|0.000000|0.000000|       0|       0
2022-11-03 23:33:24.164 | DEBUG    | localization_association_rule_mining:__call__:392 - |route-plan                    |   -1.00|                                                            |0.000000|    0.00|0.000000|0.000000|       0|       0
2022-11-03 23:33:24.164 | DEBUG    | localization_association_rule_mining:__call__:392 - |contacts                      |   -1.00|                                                            |0.000000|    0.00|0.000000|0.000000|       0|       0
2022-11-03 23:33:24.164 | DEBUG    | localization_association_rule_mining:__call__:392 - |user                          |   -1.00|                                                            |0.000000|    0.00|0.000000|0.000000|       0|       0
2022-11-03 23:33:24.164 | DEBUG    | localization_association_rule_mining:__call__:392 - |ui-dashboard                  |   -1.00|                                                            |0.000000|    0.00|0.000000|0.000000|       0|       0
2022-11-03 23:33:24.164 | DEBUG    | localization_association_rule_mining:__call__:392 - |auth                          |   -1.00|                                                            |0.000000|    0.00|0.000000|0.000000|       0|       0
2022-11-03 23:33:24.164 | DEBUG    | localization_association_rule_mining:__call__:392 - |order-other                   |   -1.00|                                                            |0.000000|    0.00|0.000000|0.000000|       0|       0
2022-11-03 23:33:24.164 | DEBUG    | localization_association_rule_mining:__call__:392 - |food-map                      |   -1.00|                                                            |0.000000|    0.00|0.000000|0.000000|       0|       0
2022-11-03 23:33:24.164 | DEBUG    | localization_association_rule_mining:__call__:392 - |preserve                      |   -1.00|                                                            |0.000000|    0.00|0.000000|0.000000|       0|       0
2022-11-03 23:33:24.165 | DEBUG    | localization_association_rule_mining:__call__:392 - |food                          |   -1.00|                                                            |0.000000|    0.00|0.000000|0.000000|       0|       0
2022-11-03 23:33:24.165 | DEBUG    | localization_association_rule_mining:__call__:392 - |assurance                     |   -1.00|                                                            |0.000000|    0.00|0.000000|0.000000|       0|       0
2022-11-03 23:33:24.165 | DEBUG    | localization_association_rule_mining:__call__:392 - |travel2                       |   -1.00|                                                            |0.000000|    0.00|0.000000|0.000000|       0|       0
2022-11-03 23:33:24.165 | DEBUG    | localization_association_rule_mining:__call__:392 - |consign                       |   -1.00|                                                            |0.000000|    0.00|0.000000|0.000000|       0|       0
2022-11-03 23:33:24.165 | DEBUG    | localization_association_rule_mining:__call__:392 - |verification-code             |   -1.00|                                                            |0.000000|    0.00|0.000000|0.000000|       0|       0
