2022-10-31 19:46:05.637 | DEBUG    | localization_association_rule_mining:__call__:388 - |item                          |score   |pattern                                                     |ps      |ips     |p(a|b)  |p(b|a)  |in      |out     
2022-10-31 19:46:05.637 | DEBUG    | localization_association_rule_mining:__call__:392 - |station                       |  182.54|station                                                     |0.535322|  341.00|0.657033|0.742919|     341|       0
2022-10-31 19:46:05.637 | DEBUG    | localization_association_rule_mining:__call__:392 - |route                         |   49.32|route                                                       |0.310212|  159.00|0.310212|1.000000|     159|       0
2022-10-31 19:46:05.638 | DEBUG    | localization_association_rule_mining:__call__:392 - |order                         |   36.64|order                                                       |0.207018|  177.00|0.341040|0.345029|     177|       0
2022-10-31 19:46:05.638 | DEBUG    | localization_association_rule_mining:__call__:392 - |train                         |   27.29|train                                                       |0.229287|  119.00|0.229287|1.000000|     119|       0
2022-10-31 19:46:05.638 | DEBUG    | localization_association_rule_mining:__call__:392 - |order-other                   |   24.40|order-other                                                 |0.290419|   84.00|0.373796|0.565598|      55|     139
2022-10-31 19:46:05.638 | DEBUG    | localization_association_rule_mining:__call__:392 - |travel                        |   23.38|travel                                                      |0.425000|   55.00|0.425819|0.995495|     136|     191
2022-10-31 19:46:05.638 | DEBUG    | localization_association_rule_mining:__call__:392 - |cancel                        |   10.60|cancel                                                      |0.139450|   76.00|0.146435|0.745098|       0|      76
2022-10-31 19:46:05.638 | DEBUG    | localization_association_rule_mining:__call__:392 - |food                          |    9.65|food                                                        |0.201022|   48.00|0.227360|0.634409|      34|      82
2022-10-31 19:46:05.638 | DEBUG    | localization_association_rule_mining:__call__:392 - |food-map                      |    8.39|food-map                                                    |0.127168|   66.00|0.127168|1.000000|      66|       0
2022-10-31 19:46:05.638 | DEBUG    | localization_association_rule_mining:__call__:392 - |price                         |    8.39|price                                                       |0.127168|   66.00|0.127168|1.000000|      66|       0
2022-10-31 19:46:05.638 | DEBUG    | localization_association_rule_mining:__call__:392 - |preserve                      |    7.86|preserve                                                    |0.131021|   60.00|0.131021|1.000000|       0|      60
2022-10-31 19:46:05.638 | DEBUG    | localization_association_rule_mining:__call__:392 - |config                        |    7.29|config                                                      |0.119461|   61.00|0.119461|1.000000|      61|       0
2022-10-31 19:46:05.638 | DEBUG    | localization_association_rule_mining:__call__:392 - |auth                          |    7.12|auth                                                        |0.114815|   62.00|0.119461|0.746988|       0|      62
2022-10-31 19:46:05.638 | DEBUG    | localization_association_rule_mining:__call__:392 - |basic                         |    5.82|basic                                                       |0.290944|   20.00|0.290944|1.000000|     118|     138
2022-10-31 19:46:05.638 | DEBUG    | localization_association_rule_mining:__call__:392 - |verification-code             |    5.15|verification-code                                           |0.083110|   62.00|0.119461|0.214533|      62|       0
2022-10-31 19:46:05.639 | DEBUG    | localization_association_rule_mining:__call__:392 - |user                          |    3.75|user                                                        |0.113680|   33.00|0.113680|1.000000|      33|       0
2022-10-31 19:46:05.639 | DEBUG    | localization_association_rule_mining:__call__:392 - |seat                          |    3.61|seat                                                        |0.225434|   16.00|0.225434|1.000000|      85|     101
2022-10-31 19:46:05.639 | DEBUG    | localization_association_rule_mining:__call__:392 - |security                      |    1.98|security                                                    |0.104046|   19.00|0.104046|1.000000|      25|      44
2022-10-31 19:46:05.639 | DEBUG    | localization_association_rule_mining:__call__:392 - |ticketinfo                    |    0.27|ticketinfo                                                  |0.271676|    1.00|0.271676|1.000000|     117|     118
2022-10-31 19:46:05.639 | DEBUG    | localization_association_rule_mining:__call__:392 - |notification                  |    0.00|notification                                                |0.101145|    0.00|0.102119|0.913793|       0|       0
2022-10-31 19:46:05.639 | DEBUG    | localization_association_rule_mining:__call__:392 - |inside-payment                |   -1.00|                                                            |0.000000|    0.00|0.000000|0.000000|       0|       0
2022-10-31 19:46:05.639 | DEBUG    | localization_association_rule_mining:__call__:392 - |contacts                      |   -1.00|                                                            |0.000000|    0.00|0.000000|0.000000|       0|       0
2022-10-31 19:46:05.639 | DEBUG    | localization_association_rule_mining:__call__:392 - |assurance                     |   -1.00|                                                            |0.000000|    0.00|0.000000|0.000000|       0|       0
2022-10-31 19:46:05.639 | DEBUG    | localization_association_rule_mining:__call__:392 - |consign                       |   -1.00|                                                            |0.000000|    0.00|0.000000|0.000000|       0|       0
2022-10-31 19:46:05.639 | DEBUG    | localization_association_rule_mining:__call__:392 - |travel2                       |   -1.00|                                                            |0.000000|    0.00|0.000000|0.000000|       0|       0
2022-10-31 19:46:05.639 | DEBUG    | localization_association_rule_mining:__call__:392 - |route-plan                    |   -1.00|                                                            |0.000000|    0.00|0.000000|0.000000|       0|       0
2022-10-31 19:46:05.639 | DEBUG    | localization_association_rule_mining:__call__:392 - |payment                       |   -1.00|                                                            |0.000000|    0.00|0.000000|0.000000|       0|       0
2022-10-31 19:46:05.639 | DEBUG    | localization_association_rule_mining:__call__:392 - |admin-order                   |   -1.00|                                                            |0.000000|    0.00|0.000000|0.000000|       0|       0
2022-10-31 19:46:05.639 | DEBUG    | localization_association_rule_mining:__call__:392 - |travel-plan                   |   -1.00|                                                            |0.000000|    0.00|0.000000|0.000000|       0|       0
2022-10-31 19:46:05.639 | DEBUG    | localization_association_rule_mining:__call__:392 - |ts-ui-dashboard               |   -1.00|                                                            |0.000000|    0.00|0.000000|0.000000|       0|       0
