2022-10-31 19:44:09.035 | DEBUG    | localization_association_rule_mining:__call__:388 - |item                          |score   |pattern                                                     |ps      |ips     |p(a|b)  |p(b|a)  |in      |out     
2022-10-31 19:44:09.035 | DEBUG    | localization_association_rule_mining:__call__:392 - |auth                          |   33.47|auth                                                        |0.567308|   59.00|0.608247|0.893939|       0|      59
2022-10-31 19:44:09.035 | DEBUG    | localization_association_rule_mining:__call__:392 - |route                         |   11.23|route                                                       |0.340206|   33.00|0.340206|1.000000|      33|       0
2022-10-31 19:44:09.035 | DEBUG    | localization_association_rule_mining:__call__:392 - |station                       |   11.11|station                                                     |0.336735|   33.00|0.340206|0.970588|      33|       0
2022-10-31 19:44:09.035 | DEBUG    | localization_association_rule_mining:__call__:392 - |train                         |    8.67|train                                                       |0.298969|   29.00|0.298969|1.000000|      29|       0
2022-10-31 19:44:09.035 | DEBUG    | localization_association_rule_mining:__call__:392 - |order                         |    7.29|order                                                       |0.270000|   27.00|0.278351|0.900000|      27|       0
2022-10-31 19:44:09.035 | DEBUG    | localization_association_rule_mining:__call__:392 - |config                        |    6.44|config                                                      |0.257732|   25.00|0.257732|1.000000|      25|       0
2022-10-31 19:44:09.035 | DEBUG    | localization_association_rule_mining:__call__:392 - |price                         |    5.45|price                                                       |0.237113|   23.00|0.237113|1.000000|      23|       0
2022-10-31 19:44:09.035 | DEBUG    | localization_association_rule_mining:__call__:392 - |travel                        |    3.34|travel                                                      |0.371134|    9.00|0.371134|1.000000|      25|      34
2022-10-31 19:44:09.036 | DEBUG    | localization_association_rule_mining:__call__:392 - |basic                         |    0.64|basic                                                       |0.319588|    2.00|0.319588|1.000000|      29|      31
2022-10-31 19:44:09.036 | DEBUG    | localization_association_rule_mining:__call__:392 - |seat                          |    0.58|seat                                                        |0.288660|    2.00|0.288660|1.000000|      28|      26
2022-10-31 19:44:09.036 | DEBUG    | localization_association_rule_mining:__call__:392 - |ticketinfo                    |    0.32|ticketinfo                                                  |0.319588|    1.00|0.319588|1.000000|      30|      29
2022-10-31 19:44:09.036 | DEBUG    | localization_association_rule_mining:__call__:392 - |order-other                   |   -1.00|                                                            |0.000000|    0.00|0.000000|0.000000|       0|       0
2022-10-31 19:44:09.036 | DEBUG    | localization_association_rule_mining:__call__:392 - |ts-ui-dashboard               |   -1.00|                                                            |0.000000|    0.00|0.000000|0.000000|       0|       0
2022-10-31 19:44:09.036 | DEBUG    | localization_association_rule_mining:__call__:392 - |travel-plan                   |   -1.00|                                                            |0.000000|    0.00|0.000000|0.000000|       0|       0
2022-10-31 19:44:09.036 | DEBUG    | localization_association_rule_mining:__call__:392 - |inside-payment                |   -1.00|                                                            |0.000000|    0.00|0.000000|0.000000|       0|       0
2022-10-31 19:44:09.036 | DEBUG    | localization_association_rule_mining:__call__:392 - |consign                       |   -1.00|                                                            |0.000000|    0.00|0.000000|0.000000|       0|       0
2022-10-31 19:44:09.036 | DEBUG    | localization_association_rule_mining:__call__:392 - |route-plan                    |   -1.00|                                                            |0.000000|    0.00|0.000000|0.000000|       0|       0
2022-10-31 19:44:09.036 | DEBUG    | localization_association_rule_mining:__call__:392 - |preserve                      |   -1.00|                                                            |0.000000|    0.00|0.000000|0.000000|       0|       0
2022-10-31 19:44:09.036 | DEBUG    | localization_association_rule_mining:__call__:392 - |verification-code             |   -1.00|                                                            |0.000000|    0.00|0.000000|0.000000|       0|       0
2022-10-31 19:44:09.036 | DEBUG    | localization_association_rule_mining:__call__:392 - |user                          |   -1.00|                                                            |0.000000|    0.00|0.000000|0.000000|       0|       0
2022-10-31 19:44:09.036 | DEBUG    | localization_association_rule_mining:__call__:392 - |security                      |   -1.00|                                                            |0.000000|    0.00|0.000000|0.000000|       0|       0
2022-10-31 19:44:09.036 | DEBUG    | localization_association_rule_mining:__call__:392 - |food                          |   -1.00|                                                            |0.000000|    0.00|0.000000|0.000000|       0|       0
2022-10-31 19:44:09.036 | DEBUG    | localization_association_rule_mining:__call__:392 - |travel2                       |   -1.00|                                                            |0.000000|    0.00|0.000000|0.000000|       0|       0
2022-10-31 19:44:09.036 | DEBUG    | localization_association_rule_mining:__call__:392 - |assurance                     |   -1.00|                                                            |0.000000|    0.00|0.000000|0.000000|       0|       0
2022-10-31 19:44:09.036 | DEBUG    | localization_association_rule_mining:__call__:392 - |payment                       |   -1.00|                                                            |0.000000|    0.00|0.000000|0.000000|       0|       0
2022-10-31 19:44:09.036 | DEBUG    | localization_association_rule_mining:__call__:392 - |contacts                      |   -1.00|                                                            |0.000000|    0.00|0.000000|0.000000|       0|       0
