2022-10-31 19:43:43.064 | DEBUG    | localization_association_rule_mining:__call__:388 - |item                          |score   |pattern                                                     |ps      |ips     |p(a|b)  |p(b|a)  |in      |out     
2022-10-31 19:43:43.064 | DEBUG    | localization_association_rule_mining:__call__:392 - |station                       |  134.99|station                                                     |0.523232|  258.00|0.631707|0.752907|     258|       0
2022-10-31 19:43:43.064 | DEBUG    | localization_association_rule_mining:__call__:392 - |route                         |   59.74|route                                                       |0.382927|  156.00|0.382927|1.000000|     156|       0
2022-10-31 19:43:43.064 | DEBUG    | localization_association_rule_mining:__call__:392 - |travel                        |   58.84|travel                                                      |0.456098|  129.00|0.456098|1.000000|      42|     171
2022-10-31 19:43:43.064 | DEBUG    | localization_association_rule_mining:__call__:392 - |train                         |   25.13|train                                                       |0.248780|  101.00|0.248780|1.000000|     101|       0
2022-10-31 19:43:43.064 | DEBUG    | localization_association_rule_mining:__call__:392 - |seat                          |   18.46|seat                                                        |0.214634|   86.00|0.214634|1.000000|      87|       1
2022-10-31 19:43:43.064 | DEBUG    | localization_association_rule_mining:__call__:392 - |order-other                   |   16.42|order-other                                                 |0.241445|   68.00|0.309756|0.522634|      29|      97
2022-10-31 19:43:43.065 | DEBUG    | localization_association_rule_mining:__call__:392 - |order                         |   14.63|order                                                       |0.150855|   97.00|0.236585|0.293939|      97|       0
2022-10-31 19:43:43.065 | DEBUG    | localization_association_rule_mining:__call__:392 - |food                          |    8.46|food                                                        |0.196721|   43.00|0.204878|0.831683|      16|      59
2022-10-31 19:43:43.065 | DEBUG    | localization_association_rule_mining:__call__:392 - |basic                         |    7.19|basic                                                       |0.326829|   22.00|0.326829|1.000000|     102|     124
2022-10-31 19:43:43.065 | DEBUG    | localization_association_rule_mining:__call__:392 - |price                         |    6.60|price                                                       |0.126829|   52.00|0.126829|1.000000|      52|       0
2022-10-31 19:43:43.065 | DEBUG    | localization_association_rule_mining:__call__:392 - |food-map                      |    5.16|food-map                                                    |0.112195|   46.00|0.112195|1.000000|      46|       0
2022-10-31 19:43:43.065 | DEBUG    | localization_association_rule_mining:__call__:392 - |cancel                        |    4.86|cancel                                                      |0.105747|   46.00|0.112195|0.647887|       0|      46
2022-10-31 19:43:43.065 | DEBUG    | localization_association_rule_mining:__call__:392 - |preserve                      |    3.37|preserve                                                    |0.102190|   33.00|0.102439|0.976744|       0|      33
2022-10-31 19:43:43.065 | DEBUG    | localization_association_rule_mining:__call__:392 - |ticketinfo                    |    1.25|ticketinfo                                                  |0.312195|    4.00|0.312195|1.000000|     106|     102
2022-10-31 19:43:43.065 | DEBUG    | localization_association_rule_mining:__call__:392 - |security                      |   -1.00|                                                            |0.000000|    0.00|0.000000|0.000000|       0|       0
2022-10-31 19:43:43.065 | DEBUG    | localization_association_rule_mining:__call__:392 - |inside-payment                |   -1.00|                                                            |0.000000|    0.00|0.000000|0.000000|       0|       0
2022-10-31 19:43:43.065 | DEBUG    | localization_association_rule_mining:__call__:392 - |preserve-other                |   -1.00|                                                            |0.000000|    0.00|0.000000|0.000000|       0|       0
2022-10-31 19:43:43.065 | DEBUG    | localization_association_rule_mining:__call__:392 - |contacts                      |   -1.00|                                                            |0.000000|    0.00|0.000000|0.000000|       0|       0
2022-10-31 19:43:43.065 | DEBUG    | localization_association_rule_mining:__call__:392 - |travel-plan                   |   -1.00|                                                            |0.000000|    0.00|0.000000|0.000000|       0|       0
2022-10-31 19:43:43.065 | DEBUG    | localization_association_rule_mining:__call__:392 - |user                          |   -1.00|                                                            |0.000000|    0.00|0.000000|0.000000|       0|       0
2022-10-31 19:43:43.065 | DEBUG    | localization_association_rule_mining:__call__:392 - |route-plan                    |   -1.00|                                                            |0.000000|    0.00|0.000000|0.000000|       0|       0
2022-10-31 19:43:43.065 | DEBUG    | localization_association_rule_mining:__call__:392 - |admin-order                   |   -1.00|                                                            |0.000000|    0.00|0.000000|0.000000|       0|       0
2022-10-31 19:43:43.066 | DEBUG    | localization_association_rule_mining:__call__:392 - |consign                       |   -1.00|                                                            |0.000000|    0.00|0.000000|0.000000|       0|       0
2022-10-31 19:43:43.066 | DEBUG    | localization_association_rule_mining:__call__:392 - |notification                  |   -1.00|                                                            |0.000000|    0.00|0.000000|0.000000|       0|       0
2022-10-31 19:43:43.066 | DEBUG    | localization_association_rule_mining:__call__:392 - |auth                          |   -1.00|                                                            |0.000000|    0.00|0.000000|0.000000|       0|       0
2022-10-31 19:43:43.066 | DEBUG    | localization_association_rule_mining:__call__:392 - |assurance                     |   -1.00|                                                            |0.000000|    0.00|0.000000|0.000000|       0|       0
2022-10-31 19:43:43.066 | DEBUG    | localization_association_rule_mining:__call__:392 - |verification-code             |   -1.00|                                                            |0.000000|    0.00|0.000000|0.000000|       0|       0
2022-10-31 19:43:43.066 | DEBUG    | localization_association_rule_mining:__call__:392 - |ts-ui-dashboard               |   -1.00|                                                            |0.000000|    0.00|0.000000|0.000000|       0|       0
2022-10-31 19:43:43.066 | DEBUG    | localization_association_rule_mining:__call__:392 - |payment                       |   -1.00|                                                            |0.000000|    0.00|0.000000|0.000000|       0|       0
2022-10-31 19:43:43.066 | DEBUG    | localization_association_rule_mining:__call__:392 - |travel2                       |   -1.00|                                                            |0.000000|    0.00|0.000000|0.000000|       0|       0
