2022-11-16 15:28:23.516 | DEBUG    | localization_association_rule_mining:__call__:390 - |item                          |score   |pattern                                                     |ps      |ips     |p(a|b)  |p(b|a)  |in      |out     
2022-11-16 15:28:23.516 | DEBUG    | localization_association_rule_mining:__call__:394 - |seat                          |   11.00|seat                                                        |0.500000|   22.00|0.518519|0.933333|      22|       0
2022-11-16 15:28:23.516 | DEBUG    | localization_association_rule_mining:__call__:394 - |travel                        |    2.70|travel                                                      |0.449275|    6.00|0.574074|0.673913|      13|      19
2022-11-16 15:28:23.516 | DEBUG    | localization_association_rule_mining:__call__:394 - |preserve                      |    0.39|preserve                                                    |0.192982|    2.00|0.203704|0.785714|       8|       6
2022-11-16 15:28:23.516 | DEBUG    | localization_association_rule_mining:__call__:394 - |ticketinfo                    |    0.00|ticketinfo                                                  |0.473684|    0.00|0.500000|0.900000|       0|       0
2022-11-16 15:28:23.516 | DEBUG    | localization_association_rule_mining:__call__:394 - |route                         |    0.00|route                                                       |0.409091|    0.00|0.500000|0.692308|       0|       0
2022-11-16 15:28:23.516 | DEBUG    | localization_association_rule_mining:__call__:394 - |config                        |    0.00|config                                                      |0.339286|    0.00|0.351852|0.904762|       0|       0
2022-11-16 15:28:23.516 | DEBUG    | localization_association_rule_mining:__call__:394 - |train                         |    0.00|train                                                       |0.410714|    0.00|0.425926|0.920000|       0|       0
2022-11-16 15:28:23.517 | DEBUG    | localization_association_rule_mining:__call__:394 - |basic                         |    0.00|basic                                                       |0.491228|    0.00|0.518519|0.903226|       0|       0
2022-11-16 15:28:23.517 | DEBUG    | localization_association_rule_mining:__call__:394 - |station                       |    0.00|station                                                     |0.220588|    0.00|0.555556|0.267857|       0|       0
2022-11-16 15:28:23.517 | DEBUG    | localization_association_rule_mining:__call__:394 - |price                         |    0.00|price                                                       |0.200000|    0.00|0.203704|0.916667|       0|       0
2022-11-16 15:28:23.517 | DEBUG    | localization_association_rule_mining:__call__:394 - |notification                  |   -1.00|                                                            |0.000000|    0.00|0.000000|0.000000|       0|       0
2022-11-16 15:28:23.517 | DEBUG    | localization_association_rule_mining:__call__:394 - |assurance                     |   -1.00|                                                            |0.000000|    0.00|0.000000|0.000000|       0|       0
2022-11-16 15:28:23.517 | DEBUG    | localization_association_rule_mining:__call__:394 - |verification-code             |   -1.00|                                                            |0.000000|    0.00|0.000000|0.000000|       0|       0
2022-11-16 15:28:23.517 | DEBUG    | localization_association_rule_mining:__call__:394 - |food                          |   -1.00|                                                            |0.000000|    0.00|0.000000|0.000000|       0|       0
2022-11-16 15:28:23.517 | DEBUG    | localization_association_rule_mining:__call__:394 - |order                         |   -1.00|                                                            |0.000000|    0.00|0.000000|0.000000|       0|       0
2022-11-16 15:28:23.517 | DEBUG    | localization_association_rule_mining:__call__:394 - |user                          |   -1.00|                                                            |0.000000|    0.00|0.000000|0.000000|       0|       0
2022-11-16 15:28:23.517 | DEBUG    | localization_association_rule_mining:__call__:394 - |contacts                      |   -1.00|                                                            |0.000000|    0.00|0.000000|0.000000|       0|       0
2022-11-16 15:28:23.517 | DEBUG    | localization_association_rule_mining:__call__:394 - |food-map                      |   -1.00|                                                            |0.000000|    0.00|0.000000|0.000000|       0|       0
2022-11-16 15:28:23.517 | DEBUG    | localization_association_rule_mining:__call__:394 - |ts-ui-dashboard               |   -1.00|                                                            |0.000000|    0.00|0.000000|0.000000|       0|       0
2022-11-16 15:28:23.517 | DEBUG    | localization_association_rule_mining:__call__:394 - |consign                       |   -1.00|                                                            |0.000000|    0.00|0.000000|0.000000|       0|       0
2022-11-16 15:28:23.517 | DEBUG    | localization_association_rule_mining:__call__:394 - |travel2                       |   -1.00|                                                            |0.000000|    0.00|0.000000|0.000000|       0|       0
2022-11-16 15:28:23.517 | DEBUG    | localization_association_rule_mining:__call__:394 - |auth                          |   -1.00|                                                            |0.000000|    0.00|0.000000|0.000000|       0|       0
2022-11-16 15:28:23.517 | DEBUG    | localization_association_rule_mining:__call__:394 - |travel-plan                   |   -1.00|                                                            |0.000000|    0.00|0.000000|0.000000|       0|       0
2022-11-16 15:28:23.517 | DEBUG    | localization_association_rule_mining:__call__:394 - |security                      |   -1.00|                                                            |0.000000|    0.00|0.000000|0.000000|       0|       0
2022-11-16 15:28:23.517 | DEBUG    | localization_association_rule_mining:__call__:394 - |inside-payment                |   -1.00|                                                            |0.000000|    0.00|0.000000|0.000000|       0|       0
2022-11-16 15:28:23.518 | DEBUG    | localization_association_rule_mining:__call__:394 - |payment                       |   -1.00|                                                            |0.000000|    0.00|0.000000|0.000000|       0|       0
2022-11-16 15:28:23.518 | DEBUG    | localization_association_rule_mining:__call__:394 - |route-plan                    |   -1.00|                                                            |0.000000|    0.00|0.000000|0.000000|       0|       0
2022-11-16 15:28:23.518 | DEBUG    | localization_association_rule_mining:__call__:394 - |cancel                        |   -1.00|                                                            |0.000000|    0.00|0.000000|0.000000|       0|       0
2022-11-16 15:28:23.518 | DEBUG    | localization_association_rule_mining:__call__:394 - |admin-order                   |   -1.00|                                                            |0.000000|    0.00|0.000000|0.000000|       0|       0
2022-11-16 15:28:23.518 | DEBUG    | localization_association_rule_mining:__call__:394 - |order-other                   |   -1.00|                                                            |0.000000|    0.00|0.000000|0.000000|       0|       0
