2022-10-31 19:49:47.072 | DEBUG    | localization_association_rule_mining:__call__:388 - |item                          |score   |pattern                                                     |ps      |ips     |p(a|b)  |p(b|a)  |in      |out     
2022-10-31 19:49:47.073 | DEBUG    | localization_association_rule_mining:__call__:392 - |station                       |   66.00|station                                                     |0.550000|  120.00|0.626943|0.817568|     120|       0
2022-10-31 19:49:47.073 | DEBUG    | localization_association_rule_mining:__call__:392 - |route                         |   22.56|route                                                       |0.347150|   65.00|0.347150|1.000000|      65|       0
2022-10-31 19:49:47.073 | DEBUG    | localization_association_rule_mining:__call__:392 - |food                          |   12.21|food                                                        |0.271357|   45.00|0.279793|0.900000|       4|      49
2022-10-31 19:49:47.073 | DEBUG    | localization_association_rule_mining:__call__:392 - |order-other                   |    8.88|order-other                                                 |0.233645|   38.00|0.259067|0.704225|       6|      44
2022-10-31 19:49:47.073 | DEBUG    | localization_association_rule_mining:__call__:392 - |food-map                      |    8.08|food-map                                                    |0.207254|   39.00|0.207254|1.000000|      39|       0
2022-10-31 19:49:47.073 | DEBUG    | localization_association_rule_mining:__call__:392 - |auth                          |    7.81|auth                                                        |0.185841|   42.00|0.217617|0.560000|       0|      42
2022-10-31 19:49:47.073 | DEBUG    | localization_association_rule_mining:__call__:392 - |train                         |    6.72|train                                                       |0.186528|   36.00|0.186528|1.000000|      36|       0
2022-10-31 19:49:47.073 | DEBUG    | localization_association_rule_mining:__call__:392 - |order                         |    5.02|order                                                       |0.143443|   35.00|0.181347|0.406977|      35|       0
2022-10-31 19:49:47.073 | DEBUG    | localization_association_rule_mining:__call__:392 - |verification-code             |    4.25|verification-code                                           |0.101205|   42.00|0.217617|0.159091|      42|       0
2022-10-31 19:49:47.073 | DEBUG    | localization_association_rule_mining:__call__:392 - |config                        |    2.74|config                                                      |0.119171|   23.00|0.119171|1.000000|      23|       0
2022-10-31 19:49:47.073 | DEBUG    | localization_association_rule_mining:__call__:392 - |basic                         |    1.15|basic                                                       |0.191710|    6.00|0.191710|1.000000|      30|      36
2022-10-31 19:49:47.073 | DEBUG    | localization_association_rule_mining:__call__:392 - |travel                        |    0.89|travel                                                      |0.443299|    2.00|0.445596|0.988506|      67|      69
2022-10-31 19:49:47.073 | DEBUG    | localization_association_rule_mining:__call__:392 - |seat                          |    0.75|seat                                                        |0.186528|    4.00|0.186528|1.000000|      28|      32
2022-10-31 19:49:47.073 | DEBUG    | localization_association_rule_mining:__call__:392 - |ticketinfo                    |    0.73|ticketinfo                                                  |0.181347|    4.00|0.181347|1.000000|      34|      30
2022-10-31 19:49:47.074 | DEBUG    | localization_association_rule_mining:__call__:392 - |consign                       |   -1.00|                                                            |0.000000|    0.00|0.000000|0.000000|       0|       0
2022-10-31 19:49:47.074 | DEBUG    | localization_association_rule_mining:__call__:392 - |assurance                     |   -1.00|                                                            |0.000000|    0.00|0.000000|0.000000|       0|       0
2022-10-31 19:49:47.074 | DEBUG    | localization_association_rule_mining:__call__:392 - |route-plan                    |   -1.00|                                                            |0.000000|    0.00|0.000000|0.000000|       0|       0
2022-10-31 19:49:47.074 | DEBUG    | localization_association_rule_mining:__call__:392 - |inside-payment                |   -1.00|                                                            |0.000000|    0.00|0.000000|0.000000|       0|       0
2022-10-31 19:49:47.074 | DEBUG    | localization_association_rule_mining:__call__:392 - |price                         |   -1.00|                                                            |0.000000|    0.00|0.000000|0.000000|       0|       0
2022-10-31 19:49:47.074 | DEBUG    | localization_association_rule_mining:__call__:392 - |security                      |   -1.00|                                                            |0.000000|    0.00|0.000000|0.000000|       0|       0
2022-10-31 19:49:47.074 | DEBUG    | localization_association_rule_mining:__call__:392 - |payment                       |   -1.00|                                                            |0.000000|    0.00|0.000000|0.000000|       0|       0
2022-10-31 19:49:47.074 | DEBUG    | localization_association_rule_mining:__call__:392 - |preserve                      |   -1.00|                                                            |0.000000|    0.00|0.000000|0.000000|       0|       0
2022-10-31 19:49:47.074 | DEBUG    | localization_association_rule_mining:__call__:392 - |contacts                      |   -1.00|                                                            |0.000000|    0.00|0.000000|0.000000|       0|       0
2022-10-31 19:49:47.074 | DEBUG    | localization_association_rule_mining:__call__:392 - |notification                  |   -1.00|                                                            |0.000000|    0.00|0.000000|0.000000|       0|       0
2022-10-31 19:49:47.074 | DEBUG    | localization_association_rule_mining:__call__:392 - |ts-ui-dashboard               |   -1.00|                                                            |0.000000|    0.00|0.000000|0.000000|       0|       0
2022-10-31 19:49:47.074 | DEBUG    | localization_association_rule_mining:__call__:392 - |user                          |   -1.00|                                                            |0.000000|    0.00|0.000000|0.000000|       0|       0
2022-10-31 19:49:47.074 | DEBUG    | localization_association_rule_mining:__call__:392 - |travel2                       |   -1.00|                                                            |0.000000|    0.00|0.000000|0.000000|       0|       0
2022-10-31 19:49:47.074 | DEBUG    | localization_association_rule_mining:__call__:392 - |travel-plan                   |   -1.00|                                                            |0.000000|    0.00|0.000000|0.000000|       0|       0
2022-10-31 19:49:47.074 | DEBUG    | localization_association_rule_mining:__call__:392 - |cancel                        |   -1.00|                                                            |0.000000|    0.00|0.000000|0.000000|       0|       0
