2022-11-16 15:57:39.325 | DEBUG    | localization_association_rule_mining:__call__:390 - |item                          |score   |pattern                                                     |ps      |ips     |p(a|b)  |p(b|a)  |in      |out     
2022-11-16 15:57:39.325 | DEBUG    | localization_association_rule_mining:__call__:394 - |verification-code             |   81.81|verification-code                                           |0.870370|   94.00|0.878505|0.989474|      94|       0
2022-11-16 15:57:39.325 | DEBUG    | localization_association_rule_mining:__call__:394 - |auth                          |    1.23|auth                                                        |0.102564|   12.00|0.112150|0.545455|       0|      12
2022-11-16 15:57:39.325 | DEBUG    | localization_association_rule_mining:__call__:394 - |station                       |   -1.00|                                                            |0.000000|    0.00|0.000000|0.000000|       0|       0
2022-11-16 15:57:39.325 | DEBUG    | localization_association_rule_mining:__call__:394 - |notification                  |   -1.00|                                                            |0.000000|    0.00|0.000000|0.000000|       0|       0
2022-11-16 15:57:39.325 | DEBUG    | localization_association_rule_mining:__call__:394 - |inside-payment                |   -1.00|                                                            |0.000000|    0.00|0.000000|0.000000|       0|       0
2022-11-16 15:57:39.325 | DEBUG    | localization_association_rule_mining:__call__:394 - |preserve-other                |   -1.00|                                                            |0.000000|    0.00|0.000000|0.000000|       0|       0
2022-11-16 15:57:39.325 | DEBUG    | localization_association_rule_mining:__call__:394 - |order-other                   |   -1.00|                                                            |0.000000|    0.00|0.000000|0.000000|       0|       0
2022-11-16 15:57:39.325 | DEBUG    | localization_association_rule_mining:__call__:394 - |contacts                      |   -1.00|                                                            |0.000000|    0.00|0.000000|0.000000|       0|       0
2022-11-16 15:57:39.325 | DEBUG    | localization_association_rule_mining:__call__:394 - |payment                       |   -1.00|                                                            |0.000000|    0.00|0.000000|0.000000|       0|       0
2022-11-16 15:57:39.325 | DEBUG    | localization_association_rule_mining:__call__:394 - |admin-order                   |   -1.00|                                                            |0.000000|    0.00|0.000000|0.000000|       0|       0
2022-11-16 15:57:39.325 | DEBUG    | localization_association_rule_mining:__call__:394 - |preserve                      |   -1.00|                                                            |0.000000|    0.00|0.000000|0.000000|       0|       0
2022-11-16 15:57:39.325 | DEBUG    | localization_association_rule_mining:__call__:394 - |assurance                     |   -1.00|                                                            |0.000000|    0.00|0.000000|0.000000|       0|       0
2022-11-16 15:57:39.325 | DEBUG    | localization_association_rule_mining:__call__:394 - |seat                          |   -1.00|                                                            |0.000000|    0.00|0.000000|0.000000|       0|       0
2022-11-16 15:57:39.325 | DEBUG    | localization_association_rule_mining:__call__:394 - |train                         |   -1.00|                                                            |0.000000|    0.00|0.000000|0.000000|       0|       0
2022-11-16 15:57:39.326 | DEBUG    | localization_association_rule_mining:__call__:394 - |route                         |   -1.00|                                                            |0.000000|    0.00|0.000000|0.000000|       0|       0
2022-11-16 15:57:39.326 | DEBUG    | localization_association_rule_mining:__call__:394 - |travel2                       |   -1.00|                                                            |0.000000|    0.00|0.000000|0.000000|       0|       0
2022-11-16 15:57:39.326 | DEBUG    | localization_association_rule_mining:__call__:394 - |ts-ui-dashboard               |   -1.00|                                                            |0.000000|    0.00|0.000000|0.000000|       0|       0
2022-11-16 15:57:39.326 | DEBUG    | localization_association_rule_mining:__call__:394 - |food                          |   -1.00|                                                            |0.000000|    0.00|0.000000|0.000000|       0|       0
2022-11-16 15:57:39.326 | DEBUG    | localization_association_rule_mining:__call__:394 - |price                         |   -1.00|                                                            |0.000000|    0.00|0.000000|0.000000|       0|       0
2022-11-16 15:57:39.326 | DEBUG    | localization_association_rule_mining:__call__:394 - |travel                        |   -1.00|                                                            |0.000000|    0.00|0.000000|0.000000|       0|       0
2022-11-16 15:57:39.326 | DEBUG    | localization_association_rule_mining:__call__:394 - |travel-plan                   |   -1.00|                                                            |0.000000|    0.00|0.000000|0.000000|       0|       0
2022-11-16 15:57:39.326 | DEBUG    | localization_association_rule_mining:__call__:394 - |consign                       |   -1.00|                                                            |0.000000|    0.00|0.000000|0.000000|       0|       0
2022-11-16 15:57:39.326 | DEBUG    | localization_association_rule_mining:__call__:394 - |user                          |   -1.00|                                                            |0.000000|    0.00|0.000000|0.000000|       0|       0
2022-11-16 15:57:39.326 | DEBUG    | localization_association_rule_mining:__call__:394 - |cancel                        |   -1.00|                                                            |0.000000|    0.00|0.000000|0.000000|       0|       0
2022-11-16 15:57:39.326 | DEBUG    | localization_association_rule_mining:__call__:394 - |ticketinfo                    |   -1.00|                                                            |0.000000|    0.00|0.000000|0.000000|       0|       0
2022-11-16 15:57:39.326 | DEBUG    | localization_association_rule_mining:__call__:394 - |security                      |   -1.00|                                                            |0.000000|    0.00|0.000000|0.000000|       0|       0
2022-11-16 15:57:39.326 | DEBUG    | localization_association_rule_mining:__call__:394 - |basic                         |   -1.00|                                                            |0.000000|    0.00|0.000000|0.000000|       0|       0
2022-11-16 15:57:39.326 | DEBUG    | localization_association_rule_mining:__call__:394 - |order                         |   -1.00|                                                            |0.000000|    0.00|0.000000|0.000000|       0|       0
2022-11-16 15:57:39.326 | DEBUG    | localization_association_rule_mining:__call__:394 - |route-plan                    |   -1.00|                                                            |0.000000|    0.00|0.000000|0.000000|       0|       0
