2022-10-31 19:49:27.653 | DEBUG    | localization_association_rule_mining:__call__:388 - |item                          |score   |pattern                                                     |ps      |ips     |p(a|b)  |p(b|a)  |in      |out     
2022-10-31 19:49:27.653 | DEBUG    | localization_association_rule_mining:__call__:392 - |station                       |   60.10|station                                                     |0.480769|  125.00|0.598086|0.710227|     125|       0
2022-10-31 19:49:27.654 | DEBUG    | localization_association_rule_mining:__call__:392 - |route                         |   15.55|route                                                       |0.272727|   57.00|0.272727|1.000000|      57|       0
2022-10-31 19:49:27.654 | DEBUG    | localization_association_rule_mining:__call__:392 - |order-other                   |   13.09|order-other                                                 |0.251748|   52.00|0.344498|0.483221|      10|      62
2022-10-31 19:49:27.654 | DEBUG    | localization_association_rule_mining:__call__:392 - |food                          |    9.36|food                                                        |0.233945|   40.00|0.244019|0.850000|       2|      42
2022-10-31 19:49:27.654 | DEBUG    | localization_association_rule_mining:__call__:392 - |auth                          |    6.73|auth                                                        |0.172566|   39.00|0.186603|0.696429|       0|      39
2022-10-31 19:49:27.654 | DEBUG    | localization_association_rule_mining:__call__:392 - |food-map                      |    6.55|food-map                                                    |0.177033|   37.00|0.177033|1.000000|      37|       0
2022-10-31 19:49:27.654 | DEBUG    | localization_association_rule_mining:__call__:392 - |order                         |    6.17|order                                                       |0.125964|   49.00|0.234450|0.213974|      49|       0
2022-10-31 19:49:27.654 | DEBUG    | localization_association_rule_mining:__call__:392 - |travel                        |    4.48|travel                                                      |0.344498|   13.00|0.344498|1.000000|      47|      60
2022-10-31 19:49:27.654 | DEBUG    | localization_association_rule_mining:__call__:392 - |verification-code             |    3.76|verification-code                                           |0.096296|   39.00|0.186603|0.165957|      39|       0
2022-10-31 19:49:27.654 | DEBUG    | localization_association_rule_mining:__call__:392 - |cancel                        |    2.61|cancel                                                      |0.108597|   24.00|0.114833|0.666667|       0|      24
2022-10-31 19:49:27.654 | DEBUG    | localization_association_rule_mining:__call__:392 - |train                         |    2.10|train                                                       |0.100000|   21.00|0.100478|0.954545|      21|       0
2022-10-31 19:49:27.654 | DEBUG    | localization_association_rule_mining:__call__:392 - |seat                          |    0.48|seat                                                        |0.119617|    4.00|0.119617|1.000000|      18|      22
2022-10-31 19:49:27.654 | DEBUG    | localization_association_rule_mining:__call__:392 - |ticketinfo                    |    0.13|ticketinfo                                                  |0.133971|    1.00|0.133971|1.000000|      27|      28
2022-10-31 19:49:27.654 | DEBUG    | localization_association_rule_mining:__call__:392 - |basic                         |    0.00|basic                                                       |0.133971|    0.00|0.133971|1.000000|      28|      28
2022-10-31 19:49:27.654 | DEBUG    | localization_association_rule_mining:__call__:392 - |security                      |   -1.00|                                                            |0.000000|    0.00|0.000000|0.000000|       0|       0
2022-10-31 19:49:27.655 | DEBUG    | localization_association_rule_mining:__call__:392 - |notification                  |   -1.00|                                                            |0.000000|    0.00|0.000000|0.000000|       0|       0
2022-10-31 19:49:27.655 | DEBUG    | localization_association_rule_mining:__call__:392 - |assurance                     |   -1.00|                                                            |0.000000|    0.00|0.000000|0.000000|       0|       0
2022-10-31 19:49:27.655 | DEBUG    | localization_association_rule_mining:__call__:392 - |inside-payment                |   -1.00|                                                            |0.000000|    0.00|0.000000|0.000000|       0|       0
2022-10-31 19:49:27.655 | DEBUG    | localization_association_rule_mining:__call__:392 - |consign                       |   -1.00|                                                            |0.000000|    0.00|0.000000|0.000000|       0|       0
2022-10-31 19:49:27.655 | DEBUG    | localization_association_rule_mining:__call__:392 - |payment                       |   -1.00|                                                            |0.000000|    0.00|0.000000|0.000000|       0|       0
2022-10-31 19:49:27.655 | DEBUG    | localization_association_rule_mining:__call__:392 - |preserve                      |   -1.00|                                                            |0.000000|    0.00|0.000000|0.000000|       0|       0
2022-10-31 19:49:27.655 | DEBUG    | localization_association_rule_mining:__call__:392 - |travel2                       |   -1.00|                                                            |0.000000|    0.00|0.000000|0.000000|       0|       0
2022-10-31 19:49:27.655 | DEBUG    | localization_association_rule_mining:__call__:392 - |admin-order                   |   -1.00|                                                            |0.000000|    0.00|0.000000|0.000000|       0|       0
2022-10-31 19:49:27.655 | DEBUG    | localization_association_rule_mining:__call__:392 - |config                        |   -1.00|                                                            |0.000000|    0.00|0.000000|0.000000|       0|       0
2022-10-31 19:49:27.655 | DEBUG    | localization_association_rule_mining:__call__:392 - |admin-basic-info              |   -1.00|                                                            |0.000000|    0.00|0.000000|0.000000|       0|       0
2022-10-31 19:49:27.655 | DEBUG    | localization_association_rule_mining:__call__:392 - |user                          |   -1.00|                                                            |0.000000|    0.00|0.000000|0.000000|       0|       0
2022-10-31 19:49:27.655 | DEBUG    | localization_association_rule_mining:__call__:392 - |contacts                      |   -1.00|                                                            |0.000000|    0.00|0.000000|0.000000|       0|       0
2022-10-31 19:49:27.655 | DEBUG    | localization_association_rule_mining:__call__:392 - |admin-route                   |   -1.00|                                                            |0.000000|    0.00|0.000000|0.000000|       0|       0
2022-10-31 19:49:27.655 | DEBUG    | localization_association_rule_mining:__call__:392 - |price                         |   -1.00|                                                            |0.000000|    0.00|0.000000|0.000000|       0|       0
2022-10-31 19:49:27.655 | DEBUG    | localization_association_rule_mining:__call__:392 - |ts-ui-dashboard               |   -1.00|                                                            |0.000000|    0.00|0.000000|0.000000|       0|       0
