2022-10-31 19:50:35.577 | DEBUG    | localization_association_rule_mining:__call__:388 - |item                          |score   |pattern                                                     |ps      |ips     |p(a|b)  |p(b|a)  |in      |out     
2022-10-31 19:50:35.577 | DEBUG    | localization_association_rule_mining:__call__:392 - |station                       |  142.43|station                                                     |0.423899|  336.00|0.620626|0.572156|     336|       0
2022-10-31 19:50:35.577 | DEBUG    | localization_association_rule_mining:__call__:392 - |food                          |   86.48|food                                                        |0.400356|  216.00|0.414365|0.922131|       3|     219
2022-10-31 19:50:35.577 | DEBUG    | localization_association_rule_mining:__call__:392 - |travel                        |   78.87|travel                                                      |0.593002|  133.00|0.593002|1.000000|     282|     149
2022-10-31 19:50:35.577 | DEBUG    | localization_association_rule_mining:__call__:392 - |food-map                      |   73.66|food-map                                                    |0.370166|  199.00|0.370166|1.000000|     199|       0
2022-10-31 19:50:35.577 | DEBUG    | localization_association_rule_mining:__call__:392 - |route                         |   46.27|route                                                       |0.292818|  158.00|0.292818|1.000000|     158|       0
2022-10-31 19:50:35.577 | DEBUG    | localization_association_rule_mining:__call__:392 - |train                         |   30.17|train                                                       |0.237569|  127.00|0.237569|1.000000|     127|       0
2022-10-31 19:50:35.577 | DEBUG    | localization_association_rule_mining:__call__:392 - |order                         |   27.89|order                                                       |0.161230|  173.00|0.318600|0.246088|     173|       0
2022-10-31 19:50:35.577 | DEBUG    | localization_association_rule_mining:__call__:392 - |seat                          |   24.63|seat                                                        |0.279926|   88.00|0.279926|1.000000|      59|     147
2022-10-31 19:50:35.577 | DEBUG    | localization_association_rule_mining:__call__:392 - |config                        |   23.10|config                                                      |0.206262|  112.00|0.206262|1.000000|     112|       0
2022-10-31 19:50:35.577 | DEBUG    | localization_association_rule_mining:__call__:392 - |price                         |   17.69|price                                                       |0.182320|   97.00|0.182320|1.000000|      97|       0
2022-10-31 19:50:35.578 | DEBUG    | localization_association_rule_mining:__call__:392 - |ticketinfo                    |   16.40|ticketinfo                                                  |0.292818|   56.00|0.292818|1.000000|      98|     154
2022-10-31 19:50:35.578 | DEBUG    | localization_association_rule_mining:__call__:392 - |basic                         |    8.76|basic                                                       |0.337017|   26.00|0.337017|1.000000|     154|     180
2022-10-31 19:50:35.578 | DEBUG    | localization_association_rule_mining:__call__:392 - |cancel                        |    7.20|cancel                                                      |0.112478|   64.00|0.117864|0.711111|       0|      64
2022-10-31 19:50:35.578 | DEBUG    | localization_association_rule_mining:__call__:392 - |assurance                     |   -1.00|                                                            |0.000000|    0.00|0.000000|0.000000|       0|       0
2022-10-31 19:50:35.578 | DEBUG    | localization_association_rule_mining:__call__:392 - |travel-plan                   |   -1.00|                                                            |0.000000|    0.00|0.000000|0.000000|       0|       0
2022-10-31 19:50:35.578 | DEBUG    | localization_association_rule_mining:__call__:392 - |consign                       |   -1.00|                                                            |0.000000|    0.00|0.000000|0.000000|       0|       0
2022-10-31 19:50:35.578 | DEBUG    | localization_association_rule_mining:__call__:392 - |user                          |   -1.00|                                                            |0.000000|    0.00|0.000000|0.000000|       0|       0
2022-10-31 19:50:35.578 | DEBUG    | localization_association_rule_mining:__call__:392 - |auth                          |   -1.00|                                                            |0.000000|    0.00|0.000000|0.000000|       0|       0
2022-10-31 19:50:35.578 | DEBUG    | localization_association_rule_mining:__call__:392 - |contacts                      |   -1.00|                                                            |0.000000|    0.00|0.000000|0.000000|       0|       0
2022-10-31 19:50:35.578 | DEBUG    | localization_association_rule_mining:__call__:392 - |ts-ui-dashboard               |   -1.00|                                                            |0.000000|    0.00|0.000000|0.000000|       0|       0
2022-10-31 19:50:35.578 | DEBUG    | localization_association_rule_mining:__call__:392 - |route-plan                    |   -1.00|                                                            |0.000000|    0.00|0.000000|0.000000|       0|       0
2022-10-31 19:50:35.578 | DEBUG    | localization_association_rule_mining:__call__:392 - |verification-code             |   -1.00|                                                            |0.000000|    0.00|0.000000|0.000000|       0|       0
2022-10-31 19:50:35.578 | DEBUG    | localization_association_rule_mining:__call__:392 - |preserve                      |   -1.00|                                                            |0.000000|    0.00|0.000000|0.000000|       0|       0
2022-10-31 19:50:35.578 | DEBUG    | localization_association_rule_mining:__call__:392 - |notification                  |   -1.00|                                                            |0.000000|    0.00|0.000000|0.000000|       0|       0
2022-10-31 19:50:35.578 | DEBUG    | localization_association_rule_mining:__call__:392 - |payment                       |   -1.00|                                                            |0.000000|    0.00|0.000000|0.000000|       0|       0
2022-10-31 19:50:35.578 | DEBUG    | localization_association_rule_mining:__call__:392 - |preserve-other                |   -1.00|                                                            |0.000000|    0.00|0.000000|0.000000|       0|       0
2022-10-31 19:50:35.578 | DEBUG    | localization_association_rule_mining:__call__:392 - |admin-order                   |   -1.00|                                                            |0.000000|    0.00|0.000000|0.000000|       0|       0
2022-10-31 19:50:35.578 | DEBUG    | localization_association_rule_mining:__call__:392 - |inside-payment                |   -1.00|                                                            |0.000000|    0.00|0.000000|0.000000|       0|       0
2022-10-31 19:50:35.579 | DEBUG    | localization_association_rule_mining:__call__:392 - |travel2                       |   -1.00|                                                            |0.000000|    0.00|0.000000|0.000000|       0|       0
2022-10-31 19:50:35.579 | DEBUG    | localization_association_rule_mining:__call__:392 - |order-other                   |   -1.00|                                                            |0.000000|    0.00|0.000000|0.000000|       0|       0
2022-10-31 19:50:35.579 | DEBUG    | localization_association_rule_mining:__call__:392 - |security                      |   -1.00|                                                            |0.000000|    0.00|0.000000|0.000000|       0|       0
