2022-10-31 19:44:14.191 | DEBUG    | localization_association_rule_mining:__call__:388 - |item                          |score   |pattern                                                     |ps      |ips     |p(a|b)  |p(b|a)  |in      |out     
2022-10-31 19:44:14.191 | DEBUG    | localization_association_rule_mining:__call__:392 - |station                       |   15.75|station                                                     |0.750000|   21.00|0.750000|1.000000|      21|       0
2022-10-31 19:44:14.191 | DEBUG    | localization_association_rule_mining:__call__:392 - |train                         |   12.89|train                                                       |0.678571|   19.00|0.678571|1.000000|      19|       0
2022-10-31 19:44:14.191 | DEBUG    | localization_association_rule_mining:__call__:392 - |route                         |   12.89|route                                                       |0.678571|   19.00|0.678571|1.000000|      19|       0
2022-10-31 19:44:14.191 | DEBUG    | localization_association_rule_mining:__call__:392 - |order                         |    8.26|order                                                       |0.516129|   16.00|0.571429|0.842105|      16|       0
2022-10-31 19:44:14.191 | DEBUG    | localization_association_rule_mining:__call__:392 - |travel                        |    6.03|travel                                                      |0.862069|    7.00|0.892857|0.961538|      16|      23
2022-10-31 19:44:14.192 | DEBUG    | localization_association_rule_mining:__call__:392 - |config                        |    4.32|config                                                      |0.392857|   11.00|0.392857|1.000000|      11|       0
2022-10-31 19:44:14.192 | DEBUG    | localization_association_rule_mining:__call__:392 - |price                         |    3.57|price                                                       |0.357143|   10.00|0.357143|1.000000|      10|       0
2022-10-31 19:44:14.192 | DEBUG    | localization_association_rule_mining:__call__:392 - |seat                          |    3.00|seat                                                        |0.750000|    4.00|0.750000|1.000000|      14|      18
2022-10-31 19:44:14.192 | DEBUG    | localization_association_rule_mining:__call__:392 - |basic                         |    2.46|basic                                                       |0.821429|    3.00|0.821429|1.000000|      18|      21
2022-10-31 19:44:14.192 | DEBUG    | localization_association_rule_mining:__call__:392 - |travel-plan                   |    2.29|travel-plan                                                 |0.285714|    8.00|0.285714|1.000000|       0|       8
2022-10-31 19:44:14.192 | DEBUG    | localization_association_rule_mining:__call__:392 - |ticketinfo                    |    0.79|ticketinfo                                                  |0.785714|    1.00|0.785714|1.000000|      19|      18
2022-10-31 19:44:14.192 | DEBUG    | localization_association_rule_mining:__call__:392 - |travel2                       |    0.32|travel2                                                     |0.321429|    1.00|0.321429|1.000000|       7|       8
2022-10-31 19:44:14.192 | DEBUG    | localization_association_rule_mining:__call__:392 - |assurance                     |   -1.00|                                                            |0.000000|    0.00|0.000000|0.000000|       0|       0
2022-10-31 19:44:14.192 | DEBUG    | localization_association_rule_mining:__call__:392 - |admin-order                   |   -1.00|                                                            |0.000000|    0.00|0.000000|0.000000|       0|       0
2022-10-31 19:44:14.192 | DEBUG    | localization_association_rule_mining:__call__:392 - |route-plan                    |   -1.00|                                                            |0.000000|    0.00|0.000000|0.000000|       0|       0
2022-10-31 19:44:14.192 | DEBUG    | localization_association_rule_mining:__call__:392 - |order-other                   |   -1.00|                                                            |0.000000|    0.00|0.000000|0.000000|       0|       0
2022-10-31 19:44:14.192 | DEBUG    | localization_association_rule_mining:__call__:392 - |ts-ui-dashboard               |   -1.00|                                                            |0.000000|    0.00|0.000000|0.000000|       0|       0
2022-10-31 19:44:14.192 | DEBUG    | localization_association_rule_mining:__call__:392 - |verification-code             |   -1.00|                                                            |0.000000|    0.00|0.000000|0.000000|       0|       0
2022-10-31 19:44:14.192 | DEBUG    | localization_association_rule_mining:__call__:392 - |auth                          |   -1.00|                                                            |0.000000|    0.00|0.000000|0.000000|       0|       0
