2022-11-16 15:54:20.339 | DEBUG    | localization_association_rule_mining:__call__:390 - |item                          |score   |pattern                                                     |ps      |ips     |p(a|b)  |p(b|a)  |in      |out     
2022-11-16 15:54:20.339 | DEBUG    | localization_association_rule_mining:__call__:394 - |preserve                      |   11.70|preserve                                                    |0.450000|   26.00|0.450000|1.000000|      27|       1
2022-11-16 15:54:20.339 | DEBUG    | localization_association_rule_mining:__call__:394 - |notification                  |    5.67|notification                                                |0.333333|   17.00|0.333333|1.000000|      17|       0
2022-11-16 15:54:20.339 | DEBUG    | localization_association_rule_mining:__call__:394 - |cancel                        |    2.53|cancel                                                      |0.252525|   10.00|0.416667|0.390625|      25|      15
2022-11-16 15:54:20.339 | DEBUG    | localization_association_rule_mining:__call__:394 - |preserve-other                |    0.67|preserve-other                                              |0.133333|    5.00|0.133333|1.000000|       8|       3
2022-11-16 15:54:20.339 | DEBUG    | localization_association_rule_mining:__call__:394 - |seat                          |    0.62|seat                                                        |0.310345|    2.00|0.450000|0.500000|       2|       0
2022-11-16 15:54:20.339 | DEBUG    | localization_association_rule_mining:__call__:394 - |user                          |    0.27|user                                                        |0.266667|    1.00|0.266667|1.000000|       1|       0
2022-11-16 15:54:20.339 | DEBUG    | localization_association_rule_mining:__call__:394 - |train                         |    0.00|train                                                       |0.267442|    0.00|0.383333|0.469388|       0|       0
2022-11-16 15:54:20.339 | DEBUG    | localization_association_rule_mining:__call__:394 - |ticketinfo                    |    0.00|ticketinfo                                                  |0.322222|    0.00|0.483333|0.491525|       0|       0
2022-11-16 15:54:20.340 | DEBUG    | localization_association_rule_mining:__call__:394 - |price                         |    0.00|price                                                       |0.200000|    0.00|0.233333|0.583333|       0|       0
2022-11-16 15:54:20.340 | DEBUG    | localization_association_rule_mining:__call__:394 - |station                       |    0.00|station                                                     |0.236364|    0.00|0.433333|0.342105|       0|       0
2022-11-16 15:54:20.340 | DEBUG    | localization_association_rule_mining:__call__:394 - |travel                        |    0.00|travel                                                      |0.153846|    0.00|0.366667|0.209524|       0|       0
2022-11-16 15:54:20.340 | DEBUG    | localization_association_rule_mining:__call__:394 - |security                      |    0.00|security                                                    |0.233333|    0.00|0.233333|1.000000|       0|       0
2022-11-16 15:54:20.340 | DEBUG    | localization_association_rule_mining:__call__:394 - |route                         |    0.00|route                                                       |0.148936|    0.00|0.350000|0.205882|       0|       0
2022-11-16 15:54:20.340 | DEBUG    | localization_association_rule_mining:__call__:394 - |basic                         |    0.00|basic                                                       |0.337079|    0.00|0.500000|0.508475|       0|       0
2022-11-16 15:54:20.340 | DEBUG    | localization_association_rule_mining:__call__:394 - |food                          |   -1.00|                                                            |0.000000|    0.00|0.000000|0.000000|       0|       0
2022-11-16 15:54:20.340 | DEBUG    | localization_association_rule_mining:__call__:394 - |admin-order                   |   -1.00|                                                            |0.000000|    0.00|0.000000|0.000000|       0|       0
2022-11-16 15:54:20.340 | DEBUG    | localization_association_rule_mining:__call__:394 - |admin-route                   |   -1.00|                                                            |0.000000|    0.00|0.000000|0.000000|       0|       0
2022-11-16 15:54:20.340 | DEBUG    | localization_association_rule_mining:__call__:394 - |travel-plan                   |   -1.00|                                                            |0.000000|    0.00|0.000000|0.000000|       0|       0
2022-11-16 15:54:20.340 | DEBUG    | localization_association_rule_mining:__call__:394 - |route-plan                    |   -1.00|                                                            |0.000000|    0.00|0.000000|0.000000|       0|       0
2022-11-16 15:54:20.340 | DEBUG    | localization_association_rule_mining:__call__:394 - |travel2                       |   -1.00|                                                            |0.000000|    0.00|0.000000|0.000000|       0|       0
2022-11-16 15:54:20.340 | DEBUG    | localization_association_rule_mining:__call__:394 - |config                        |   -1.00|                                                            |0.000000|    0.00|0.000000|0.000000|       0|       0
2022-11-16 15:54:20.340 | DEBUG    | localization_association_rule_mining:__call__:394 - |inside-payment                |   -1.00|                                                            |0.000000|    0.00|0.000000|0.000000|       0|       0
2022-11-16 15:54:20.340 | DEBUG    | localization_association_rule_mining:__call__:394 - |verification-code             |   -1.00|                                                            |0.000000|    0.00|0.000000|0.000000|       0|       0
2022-11-16 15:54:20.340 | DEBUG    | localization_association_rule_mining:__call__:394 - |order-other                   |   -1.00|                                                            |0.000000|    0.00|0.000000|0.000000|       0|       0
2022-11-16 15:54:20.340 | DEBUG    | localization_association_rule_mining:__call__:394 - |auth                          |   -1.00|                                                            |0.000000|    0.00|0.000000|0.000000|       0|       0
2022-11-16 15:54:20.341 | DEBUG    | localization_association_rule_mining:__call__:394 - |order                         |   -1.00|                                                            |0.000000|    0.00|0.000000|0.000000|       0|       0
2022-11-16 15:54:20.341 | DEBUG    | localization_association_rule_mining:__call__:394 - |contacts                      |   -1.00|                                                            |0.000000|    0.00|0.000000|0.000000|       0|       0
2022-11-16 15:54:20.341 | DEBUG    | localization_association_rule_mining:__call__:394 - |assurance                     |   -1.00|                                                            |0.000000|    0.00|0.000000|0.000000|       0|       0
2022-11-16 15:54:20.341 | DEBUG    | localization_association_rule_mining:__call__:394 - |admin-user                    |   -1.00|                                                            |0.000000|    0.00|0.000000|0.000000|       0|       0
2022-11-16 15:54:20.341 | DEBUG    | localization_association_rule_mining:__call__:394 - |ts-ui-dashboard               |   -1.00|                                                            |0.000000|    0.00|0.000000|0.000000|       0|       0
2022-11-16 15:54:20.341 | DEBUG    | localization_association_rule_mining:__call__:394 - |payment                       |   -1.00|                                                            |0.000000|    0.00|0.000000|0.000000|       0|       0
2022-11-16 15:54:20.341 | DEBUG    | localization_association_rule_mining:__call__:394 - |consign                       |   -1.00|                                                            |0.000000|    0.00|0.000000|0.000000|       0|       0
