2022-10-21 02:02:34.385 | DEBUG    | localization_association_rule_mining:__call__:388 - |item                          |score   |pattern                                                     |ps      |ips     |p(a|b)  |p(b|a)  |in      |out     
2022-10-21 02:02:34.385 | DEBUG    | localization_association_rule_mining:__call__:392 - |preserve                      |    8.27|preserve                                                    |0.359375|   23.00|0.410714|0.741935|       0|      23
2022-10-21 02:02:34.385 | DEBUG    | localization_association_rule_mining:__call__:392 - |ticketinfo                    |    3.41|ticketinfo                                                  |0.142132|   24.00|0.500000|0.165680|      24|       0
2022-10-21 02:02:34.385 | DEBUG    | localization_association_rule_mining:__call__:392 - |order                         |    2.70|order                                                       |0.142132|   19.00|0.500000|0.165680|      19|       0
2022-10-21 02:02:34.385 | DEBUG    | localization_association_rule_mining:__call__:392 - |order-other                   |    2.29|order-other                                                 |0.208333|   11.00|0.357143|0.333333|       0|      11
2022-10-21 02:02:34.385 | DEBUG    | localization_association_rule_mining:__call__:392 - |travel                        |    1.63|travel                                                      |0.125561|   13.00|0.500000|0.143590|       0|      13
2022-10-21 02:02:34.385 | DEBUG    | localization_association_rule_mining:__call__:392 - |station                       |    1.36|station                                                     |0.123932|   11.00|0.517857|0.140097|      11|       0
2022-10-21 02:02:34.386 | DEBUG    | localization_association_rule_mining:__call__:392 - |route-plan                    |    1.15|route-plan                                                  |0.144231|    8.00|0.267857|0.238095|       0|       8
2022-10-21 02:02:34.386 | DEBUG    | localization_association_rule_mining:__call__:392 - |security                      |    0.76|security                                                    |0.380952|    2.00|0.428571|0.774194|      17|      15
2022-10-21 02:02:34.386 | DEBUG    | localization_association_rule_mining:__call__:392 - |ui-dashboard                  |    0.00|ui-dashboard                                                |0.148936|    0.00|1.000000|0.148936|       0|       0
2022-10-21 02:02:34.386 | DEBUG    | localization_association_rule_mining:__call__:392 - |travel-plan                   |    0.00|travel-plan                                                 |0.144231|    0.00|0.267857|0.238095|       0|       0
2022-10-21 02:02:34.386 | DEBUG    | localization_association_rule_mining:__call__:392 - |consign                       |   -1.00|                                                            |0.000000|    0.00|0.000000|0.000000|       0|       0
2022-10-21 02:02:34.386 | DEBUG    | localization_association_rule_mining:__call__:392 - |config                        |   -1.00|                                                            |0.000000|    0.00|0.000000|0.000000|       0|       0
2022-10-21 02:02:34.386 | DEBUG    | localization_association_rule_mining:__call__:392 - |auth                          |   -1.00|                                                            |0.000000|    0.00|0.000000|0.000000|       0|       0
2022-10-21 02:02:34.386 | DEBUG    | localization_association_rule_mining:__call__:392 - |verification-code             |   -1.00|                                                            |0.000000|    0.00|0.000000|0.000000|       0|       0
2022-10-21 02:02:34.386 | DEBUG    | localization_association_rule_mining:__call__:392 - |user                          |   -1.00|                                                            |0.000000|    0.00|0.000000|0.000000|       0|       0
2022-10-21 02:02:34.386 | DEBUG    | localization_association_rule_mining:__call__:392 - |contacts                      |   -1.00|                                                            |0.000000|    0.00|0.000000|0.000000|       0|       0
2022-10-21 02:02:34.386 | DEBUG    | localization_association_rule_mining:__call__:392 - |price                         |   -1.00|                                                            |0.000000|    0.00|0.000000|0.000000|       0|       0
2022-10-21 02:02:34.386 | DEBUG    | localization_association_rule_mining:__call__:392 - |seat                          |   -1.00|                                                            |0.000000|    0.00|0.000000|0.000000|       0|       0
2022-10-21 02:02:34.386 | DEBUG    | localization_association_rule_mining:__call__:392 - |preserve-other                |   -1.00|                                                            |0.000000|    0.00|0.000000|0.000000|       0|       0
2022-10-21 02:02:34.386 | DEBUG    | localization_association_rule_mining:__call__:392 - |train                         |   -1.00|                                                            |0.000000|    0.00|0.000000|0.000000|       0|       0
2022-10-21 02:02:34.386 | DEBUG    | localization_association_rule_mining:__call__:392 - |food-map                      |   -1.00|                                                            |0.000000|    0.00|0.000000|0.000000|       0|       0
2022-10-21 02:02:34.386 | DEBUG    | localization_association_rule_mining:__call__:392 - |assurance                     |   -1.00|                                                            |0.000000|    0.00|0.000000|0.000000|       0|       0
2022-10-21 02:02:34.386 | DEBUG    | localization_association_rule_mining:__call__:392 - |route                         |   -1.00|                                                            |0.000000|    0.00|0.000000|0.000000|       0|       0
2022-10-21 02:02:34.387 | DEBUG    | localization_association_rule_mining:__call__:392 - |travel2                       |   -1.00|                                                            |0.000000|    0.00|0.000000|0.000000|       0|       0
2022-10-21 02:02:34.387 | DEBUG    | localization_association_rule_mining:__call__:392 - |food                          |   -1.00|                                                            |0.000000|    0.00|0.000000|0.000000|       0|       0
2022-10-21 02:02:34.387 | DEBUG    | localization_association_rule_mining:__call__:392 - |basic                         |   -1.00|                                                            |0.000000|    0.00|0.000000|0.000000|       0|       0
