2022-11-03 23:33:48.038 | DEBUG    | localization_association_rule_mining:__call__:388 - |item                          |score   |pattern                                                     |ps      |ips     |p(a|b)  |p(b|a)  |in      |out     
2022-11-03 23:33:48.038 | DEBUG    | localization_association_rule_mining:__call__:392 - |station                       |    7.83|station                                                     |0.652174|   12.00|0.789474|0.789474|      12|       0
2022-11-03 23:33:48.039 | DEBUG    | localization_association_rule_mining:__call__:392 - |ui-dashboard                  |    3.33|ui-dashboard                                                |0.333333|   10.00|1.000000|0.333333|       0|      10
2022-11-03 23:33:48.039 | DEBUG    | localization_association_rule_mining:__call__:392 - |travel-plan                   |    3.05|travel-plan                                                 |0.380952|    8.00|0.421053|0.800000|       0|       8
2022-11-03 23:33:48.039 | DEBUG    | localization_association_rule_mining:__call__:392 - |basic                         |    1.50|basic                                                       |0.750000|    2.00|0.789474|0.937500|      15|      13
2022-11-03 23:33:48.039 | DEBUG    | localization_association_rule_mining:__call__:392 - |travel                        |    0.81|travel                                                      |0.809524|    1.00|0.894737|0.894737|      15|      14
2022-11-03 23:33:48.039 | DEBUG    | localization_association_rule_mining:__call__:392 - |ticketinfo                    |    0.75|ticketinfo                                                  |0.750000|    1.00|0.789474|0.937500|      14|      15
2022-11-03 23:33:48.039 | DEBUG    | localization_association_rule_mining:__call__:392 - |route-plan                    |    0.38|route-plan                                                  |0.380952|    1.00|0.421053|0.800000|       8|       7
2022-11-03 23:33:48.039 | DEBUG    | localization_association_rule_mining:__call__:392 - |route                         |    0.00|route                                                       |0.285714|    0.00|0.315789|0.750000|       0|       0
2022-11-03 23:33:48.039 | DEBUG    | localization_association_rule_mining:__call__:392 - |order                         |    0.00|order                                                       |0.181818|    0.00|0.210526|0.571429|       0|       0
2022-11-03 23:33:48.039 | DEBUG    | localization_association_rule_mining:__call__:392 - |config                        |    0.00|config                                                      |0.157895|    0.00|0.157895|1.000000|       0|       0
2022-11-03 23:33:48.039 | DEBUG    | localization_association_rule_mining:__call__:392 - |food                          |   -1.00|                                                            |0.000000|    0.00|0.000000|0.000000|       0|       0
2022-11-03 23:33:48.039 | DEBUG    | localization_association_rule_mining:__call__:392 - |train                         |   -1.00|                                                            |0.000000|    0.00|0.000000|0.000000|       0|       0
2022-11-03 23:33:48.039 | DEBUG    | localization_association_rule_mining:__call__:392 - |travel2                       |   -1.00|                                                            |0.000000|    0.00|0.000000|0.000000|       0|       0
2022-11-03 23:33:48.039 | DEBUG    | localization_association_rule_mining:__call__:392 - |price                         |   -1.00|                                                            |0.000000|    0.00|0.000000|0.000000|       0|       0
2022-11-03 23:33:48.039 | DEBUG    | localization_association_rule_mining:__call__:392 - |assurance                     |   -1.00|                                                            |0.000000|    0.00|0.000000|0.000000|       0|       0
2022-11-03 23:33:48.039 | DEBUG    | localization_association_rule_mining:__call__:392 - |consign                       |   -1.00|                                                            |0.000000|    0.00|0.000000|0.000000|       0|       0
2022-11-03 23:33:48.039 | DEBUG    | localization_association_rule_mining:__call__:392 - |auth                          |   -1.00|                                                            |0.000000|    0.00|0.000000|0.000000|       0|       0
2022-11-03 23:33:48.039 | DEBUG    | localization_association_rule_mining:__call__:392 - |security                      |   -1.00|                                                            |0.000000|    0.00|0.000000|0.000000|       0|       0
2022-11-03 23:33:48.040 | DEBUG    | localization_association_rule_mining:__call__:392 - |seat                          |   -1.00|                                                            |0.000000|    0.00|0.000000|0.000000|       0|       0
2022-11-03 23:33:48.040 | DEBUG    | localization_association_rule_mining:__call__:392 - |verification-code             |   -1.00|                                                            |0.000000|    0.00|0.000000|0.000000|       0|       0
2022-11-03 23:33:48.040 | DEBUG    | localization_association_rule_mining:__call__:392 - |contacts                      |   -1.00|                                                            |0.000000|    0.00|0.000000|0.000000|       0|       0
2022-11-03 23:33:48.040 | DEBUG    | localization_association_rule_mining:__call__:392 - |preserve                      |   -1.00|                                                            |0.000000|    0.00|0.000000|0.000000|       0|       0
2022-11-03 23:33:48.040 | DEBUG    | localization_association_rule_mining:__call__:392 - |preserve-other                |   -1.00|                                                            |0.000000|    0.00|0.000000|0.000000|       0|       0
2022-11-03 23:33:48.040 | DEBUG    | localization_association_rule_mining:__call__:392 - |food-map                      |   -1.00|                                                            |0.000000|    0.00|0.000000|0.000000|       0|       0
2022-11-03 23:33:48.040 | DEBUG    | localization_association_rule_mining:__call__:392 - |order-other                   |   -1.00|                                                            |0.000000|    0.00|0.000000|0.000000|       0|       0
