2022-11-16 15:54:30.186 | DEBUG    | localization_association_rule_mining:__call__:390 - |item                          |score   |pattern                                                     |ps      |ips     |p(a|b)  |p(b|a)  |in      |out     
2022-11-16 15:54:30.186 | DEBUG    | localization_association_rule_mining:__call__:394 - |order-other                   |   27.16|order-other                                                 |0.696429|   39.00|0.696429|1.000000|      39|       0
2022-11-16 15:54:30.186 | DEBUG    | localization_association_rule_mining:__call__:394 - |preserve                      |    3.29|preserve                                                    |0.410714|    8.00|0.410714|1.000000|      23|      15
2022-11-16 15:54:30.186 | DEBUG    | localization_association_rule_mining:__call__:394 - |security                      |    2.75|security                                                    |0.392857|    7.00|0.392857|1.000000|      15|       8
2022-11-16 15:54:30.186 | DEBUG    | localization_association_rule_mining:__call__:394 - |order                         |    0.00|order                                                       |0.240964|    0.00|0.357143|0.425532|       0|       0
2022-11-16 15:54:30.186 | DEBUG    | localization_association_rule_mining:__call__:394 - |train                         |   -1.00|                                                            |0.000000|    0.00|0.000000|0.000000|       0|       0
2022-11-16 15:54:30.186 | DEBUG    | localization_association_rule_mining:__call__:394 - |price                         |   -1.00|                                                            |0.000000|    0.00|0.000000|0.000000|       0|       0
2022-11-16 15:54:30.186 | DEBUG    | localization_association_rule_mining:__call__:394 - |ticketinfo                    |   -1.00|                                                            |0.000000|    0.00|0.000000|0.000000|       0|       0
2022-11-16 15:54:30.186 | DEBUG    | localization_association_rule_mining:__call__:394 - |travel2                       |   -1.00|                                                            |0.000000|    0.00|0.000000|0.000000|       0|       0
2022-11-16 15:54:30.186 | DEBUG    | localization_association_rule_mining:__call__:394 - |seat                          |   -1.00|                                                            |0.000000|    0.00|0.000000|0.000000|       0|       0
2022-11-16 15:54:30.187 | DEBUG    | localization_association_rule_mining:__call__:394 - |travel-plan                   |   -1.00|                                                            |0.000000|    0.00|0.000000|0.000000|       0|       0
2022-11-16 15:54:30.187 | DEBUG    | localization_association_rule_mining:__call__:394 - |station                       |   -1.00|                                                            |0.000000|    0.00|0.000000|0.000000|       0|       0
2022-11-16 15:54:30.187 | DEBUG    | localization_association_rule_mining:__call__:394 - |verification-code             |   -1.00|                                                            |0.000000|    0.00|0.000000|0.000000|       0|       0
2022-11-16 15:54:30.187 | DEBUG    | localization_association_rule_mining:__call__:394 - |food                          |   -1.00|                                                            |0.000000|    0.00|0.000000|0.000000|       0|       0
2022-11-16 15:54:30.187 | DEBUG    | localization_association_rule_mining:__call__:394 - |ts-ui-dashboard               |   -1.00|                                                            |0.000000|    0.00|0.000000|0.000000|       0|       0
2022-11-16 15:54:30.187 | DEBUG    | localization_association_rule_mining:__call__:394 - |route-plan                    |   -1.00|                                                            |0.000000|    0.00|0.000000|0.000000|       0|       0
2022-11-16 15:54:30.187 | DEBUG    | localization_association_rule_mining:__call__:394 - |assurance                     |   -1.00|                                                            |0.000000|    0.00|0.000000|0.000000|       0|       0
2022-11-16 15:54:30.187 | DEBUG    | localization_association_rule_mining:__call__:394 - |basic                         |   -1.00|                                                            |0.000000|    0.00|0.000000|0.000000|       0|       0
2022-11-16 15:54:30.187 | DEBUG    | localization_association_rule_mining:__call__:394 - |route                         |   -1.00|                                                            |0.000000|    0.00|0.000000|0.000000|       0|       0
2022-11-16 15:54:30.187 | DEBUG    | localization_association_rule_mining:__call__:394 - |config                        |   -1.00|                                                            |0.000000|    0.00|0.000000|0.000000|       0|       0
2022-11-16 15:54:30.187 | DEBUG    | localization_association_rule_mining:__call__:394 - |consign                       |   -1.00|                                                            |0.000000|    0.00|0.000000|0.000000|       0|       0
2022-11-16 15:54:30.187 | DEBUG    | localization_association_rule_mining:__call__:394 - |contacts                      |   -1.00|                                                            |0.000000|    0.00|0.000000|0.000000|       0|       0
2022-11-16 15:54:30.187 | DEBUG    | localization_association_rule_mining:__call__:394 - |food-map                      |   -1.00|                                                            |0.000000|    0.00|0.000000|0.000000|       0|       0
2022-11-16 15:54:30.187 | DEBUG    | localization_association_rule_mining:__call__:394 - |travel                        |   -1.00|                                                            |0.000000|    0.00|0.000000|0.000000|       0|       0
2022-11-16 15:54:30.187 | DEBUG    | localization_association_rule_mining:__call__:394 - |auth                          |   -1.00|                                                            |0.000000|    0.00|0.000000|0.000000|       0|       0
