2022-10-31 19:50:09.240 | DEBUG    | localization_association_rule_mining:__call__:388 - |item                          |score   |pattern                                                     |ps      |ips     |p(a|b)  |p(b|a)  |in      |out     
2022-10-31 19:50:09.240 | DEBUG    | localization_association_rule_mining:__call__:392 - |station                       |   28.78|station                                                     |0.429487|   67.00|0.515385|0.720430|      67|       0
2022-10-31 19:50:09.240 | DEBUG    | localization_association_rule_mining:__call__:392 - |auth                          |   11.36|auth                                                        |0.277027|   41.00|0.315385|0.694915|       0|      41
2022-10-31 19:50:09.240 | DEBUG    | localization_association_rule_mining:__call__:392 - |food                          |    8.86|food                                                        |0.276923|   32.00|0.276923|1.000000|       2|      34
2022-10-31 19:50:09.240 | DEBUG    | localization_association_rule_mining:__call__:392 - |route                         |    7.88|route                                                       |0.246154|   32.00|0.246154|1.000000|      32|       0
2022-10-31 19:50:09.240 | DEBUG    | localization_association_rule_mining:__call__:392 - |food-map                      |    7.39|food-map                                                    |0.238462|   31.00|0.238462|1.000000|      31|       0
2022-10-31 19:50:09.240 | DEBUG    | localization_association_rule_mining:__call__:392 - |verification-code             |    5.25|verification-code                                           |0.128125|   41.00|0.315385|0.177489|      41|       0
2022-10-31 19:50:09.240 | DEBUG    | localization_association_rule_mining:__call__:392 - |order-other                   |    5.02|order-other                                                 |0.185897|   27.00|0.223077|0.527273|       1|      28
2022-10-31 19:50:09.240 | DEBUG    | localization_association_rule_mining:__call__:392 - |order                         |    2.30|order                                                       |0.114943|   20.00|0.153846|0.312500|      20|       0
2022-10-31 19:50:09.241 | DEBUG    | localization_association_rule_mining:__call__:392 - |cancel                        |    1.72|cancel                                                      |0.114504|   15.00|0.115385|0.937500|       0|      15
2022-10-31 19:50:09.241 | DEBUG    | localization_association_rule_mining:__call__:392 - |travel                        |    0.61|travel                                                      |0.305344|    2.00|0.307692|0.975610|      32|      34
2022-10-31 19:50:09.241 | DEBUG    | localization_association_rule_mining:__call__:392 - |price                         |   -1.00|                                                            |0.000000|    0.00|0.000000|0.000000|       0|       0
2022-10-31 19:50:09.241 | DEBUG    | localization_association_rule_mining:__call__:392 - |config                        |   -1.00|                                                            |0.000000|    0.00|0.000000|0.000000|       0|       0
2022-10-31 19:50:09.241 | DEBUG    | localization_association_rule_mining:__call__:392 - |ts-ui-dashboard               |   -1.00|                                                            |0.000000|    0.00|0.000000|0.000000|       0|       0
2022-10-31 19:50:09.241 | DEBUG    | localization_association_rule_mining:__call__:392 - |notification                  |   -1.00|                                                            |0.000000|    0.00|0.000000|0.000000|       0|       0
2022-10-31 19:50:09.241 | DEBUG    | localization_association_rule_mining:__call__:392 - |inside-payment                |   -1.00|                                                            |0.000000|    0.00|0.000000|0.000000|       0|       0
2022-10-31 19:50:09.241 | DEBUG    | localization_association_rule_mining:__call__:392 - |consign                       |   -1.00|                                                            |0.000000|    0.00|0.000000|0.000000|       0|       0
2022-10-31 19:50:09.241 | DEBUG    | localization_association_rule_mining:__call__:392 - |train                         |   -1.00|                                                            |0.000000|    0.00|0.000000|0.000000|       0|       0
2022-10-31 19:50:09.241 | DEBUG    | localization_association_rule_mining:__call__:392 - |seat                          |   -1.00|                                                            |0.000000|    0.00|0.000000|0.000000|       0|       0
2022-10-31 19:50:09.241 | DEBUG    | localization_association_rule_mining:__call__:392 - |assurance                     |   -1.00|                                                            |0.000000|    0.00|0.000000|0.000000|       0|       0
2022-10-31 19:50:09.241 | DEBUG    | localization_association_rule_mining:__call__:392 - |preserve                      |   -1.00|                                                            |0.000000|    0.00|0.000000|0.000000|       0|       0
2022-10-31 19:50:09.241 | DEBUG    | localization_association_rule_mining:__call__:392 - |contacts                      |   -1.00|                                                            |0.000000|    0.00|0.000000|0.000000|       0|       0
2022-10-31 19:50:09.241 | DEBUG    | localization_association_rule_mining:__call__:392 - |user                          |   -1.00|                                                            |0.000000|    0.00|0.000000|0.000000|       0|       0
2022-10-31 19:50:09.241 | DEBUG    | localization_association_rule_mining:__call__:392 - |ticketinfo                    |   -1.00|                                                            |0.000000|    0.00|0.000000|0.000000|       0|       0
2022-10-31 19:50:09.241 | DEBUG    | localization_association_rule_mining:__call__:392 - |admin-order                   |   -1.00|                                                            |0.000000|    0.00|0.000000|0.000000|       0|       0
2022-10-31 19:50:09.241 | DEBUG    | localization_association_rule_mining:__call__:392 - |travel-plan                   |   -1.00|                                                            |0.000000|    0.00|0.000000|0.000000|       0|       0
2022-10-31 19:50:09.241 | DEBUG    | localization_association_rule_mining:__call__:392 - |security                      |   -1.00|                                                            |0.000000|    0.00|0.000000|0.000000|       0|       0
2022-10-31 19:50:09.241 | DEBUG    | localization_association_rule_mining:__call__:392 - |basic                         |   -1.00|                                                            |0.000000|    0.00|0.000000|0.000000|       0|       0
2022-10-31 19:50:09.242 | DEBUG    | localization_association_rule_mining:__call__:392 - |payment                       |   -1.00|                                                            |0.000000|    0.00|0.000000|0.000000|       0|       0
