2022-10-28 00:09:39.215 | DEBUG    | localization_association_rule_mining:__call__:388 - |item                          |score   |pattern                                                     |ps      |ips     |p(a|b)  |p(b|a)  |in      |out     
2022-10-28 00:09:39.216 | DEBUG    | localization_association_rule_mining:__call__:392 - |station                       |  116.54|station                                                     |0.939850|  124.00|0.946970|0.992063|     124|       0
2022-10-28 00:09:39.216 | DEBUG    | localization_association_rule_mining:__call__:392 - |order-other                   |    6.86|order-other                                                 |0.342857|   20.00|0.363636|0.857143|      18|      38
2022-10-28 00:09:39.216 | DEBUG    | localization_association_rule_mining:__call__:392 - |travel                        |    2.96|travel                                                      |0.328467|    9.00|0.340909|0.900000|       4|      13
2022-10-28 00:09:39.216 | DEBUG    | localization_association_rule_mining:__call__:392 - |basic                         |    2.82|basic                                                       |0.234848|   12.00|0.234848|1.000000|      19|      31
2022-10-28 00:09:39.216 | DEBUG    | localization_association_rule_mining:__call__:392 - |food                          |    2.50|food                                                        |0.226950|   11.00|0.242424|0.780488|      13|      24
2022-10-28 00:09:39.216 | DEBUG    | localization_association_rule_mining:__call__:392 - |order                         |    2.07|order                                                       |0.345455|    6.00|0.431818|0.633333|      25|      31
2022-10-28 00:09:39.216 | DEBUG    | localization_association_rule_mining:__call__:392 - |route                         |    0.26|route                                                       |0.264706|    1.00|0.272727|0.900000|       1|       0
2022-10-28 00:09:39.216 | DEBUG    | localization_association_rule_mining:__call__:392 - |ticketinfo                    |    0.22|ticketinfo                                                  |0.219697|    1.00|0.219697|1.000000|      18|      19
2022-10-28 00:09:39.216 | DEBUG    | localization_association_rule_mining:__call__:392 - |config                        |    0.00|config                                                      |0.159091|    0.00|0.159091|1.000000|       0|       0
2022-10-28 00:09:39.216 | DEBUG    | localization_association_rule_mining:__call__:392 - |price                         |    0.00|price                                                       |0.106061|    0.00|0.106061|1.000000|       0|       0
2022-10-28 00:09:39.216 | DEBUG    | localization_association_rule_mining:__call__:392 - |train                         |    0.00|train                                                       |0.212121|    0.00|0.212121|1.000000|       0|       0
2022-10-28 00:09:39.216 | DEBUG    | localization_association_rule_mining:__call__:392 - |food-map                      |    0.00|food-map                                                    |0.171642|    0.00|0.174242|0.920000|       0|       0
2022-10-28 00:09:39.216 | DEBUG    | localization_association_rule_mining:__call__:392 - |seat                          |    0.00|seat                                                        |0.204545|    0.00|0.204545|1.000000|       0|       0
2022-10-28 00:09:39.216 | DEBUG    | localization_association_rule_mining:__call__:392 - |security                      |   -1.00|                                                            |0.000000|    0.00|0.000000|0.000000|       0|       0
2022-10-28 00:09:39.216 | DEBUG    | localization_association_rule_mining:__call__:392 - |auth                          |   -1.00|                                                            |0.000000|    0.00|0.000000|0.000000|       0|       0
2022-10-28 00:09:39.216 | DEBUG    | localization_association_rule_mining:__call__:392 - |travel2                       |   -1.00|                                                            |0.000000|    0.00|0.000000|0.000000|       0|       0
2022-10-28 00:09:39.217 | DEBUG    | localization_association_rule_mining:__call__:392 - |travel-plan                   |   -1.00|                                                            |0.000000|    0.00|0.000000|0.000000|       0|       0
2022-10-28 00:09:39.217 | DEBUG    | localization_association_rule_mining:__call__:392 - |assurance                     |   -1.00|                                                            |0.000000|    0.00|0.000000|0.000000|       0|       0
2022-10-28 00:09:39.217 | DEBUG    | localization_association_rule_mining:__call__:392 - |inside-payment                |   -1.00|                                                            |0.000000|    0.00|0.000000|0.000000|       0|       0
2022-10-28 00:09:39.217 | DEBUG    | localization_association_rule_mining:__call__:392 - |ts-ui-dashboard               |   -1.00|                                                            |0.000000|    0.00|0.000000|0.000000|       0|       0
2022-10-28 00:09:39.217 | DEBUG    | localization_association_rule_mining:__call__:392 - |preserve                      |   -1.00|                                                            |0.000000|    0.00|0.000000|0.000000|       0|       0
2022-10-28 00:09:39.217 | DEBUG    | localization_association_rule_mining:__call__:392 - |verification-code             |   -1.00|                                                            |0.000000|    0.00|0.000000|0.000000|       0|       0
2022-10-28 00:09:39.217 | DEBUG    | localization_association_rule_mining:__call__:392 - |route-plan                    |   -1.00|                                                            |0.000000|    0.00|0.000000|0.000000|       0|       0
2022-10-28 00:09:39.217 | DEBUG    | localization_association_rule_mining:__call__:392 - |user                          |   -1.00|                                                            |0.000000|    0.00|0.000000|0.000000|       0|       0
2022-10-28 00:09:39.217 | DEBUG    | localization_association_rule_mining:__call__:392 - |cancel                        |   -1.00|                                                            |0.000000|    0.00|0.000000|0.000000|       0|       0
2022-10-28 00:09:39.217 | DEBUG    | localization_association_rule_mining:__call__:392 - |payment                       |   -1.00|                                                            |0.000000|    0.00|0.000000|0.000000|       0|       0
2022-10-28 00:09:39.217 | DEBUG    | localization_association_rule_mining:__call__:392 - |consign                       |   -1.00|                                                            |0.000000|    0.00|0.000000|0.000000|       0|       0
2022-10-28 00:09:39.217 | DEBUG    | localization_association_rule_mining:__call__:392 - |contacts                      |   -1.00|                                                            |0.000000|    0.00|0.000000|0.000000|       0|       0
2022-10-28 00:09:39.217 | DEBUG    | localization_association_rule_mining:__call__:392 - |notification                  |   -1.00|                                                            |0.000000|    0.00|0.000000|0.000000|       0|       0
