2022-10-21 02:21:19.644 | DEBUG    | localization_association_rule_mining:__call__:388 - |item                          |score   |pattern                                                     |ps      |ips     |p(a|b)  |p(b|a)  |in      |out     
2022-10-21 02:21:19.644 | DEBUG    | localization_association_rule_mining:__call__:392 - |travel                        |   19.86|travel                                                      |0.661972|   30.00|0.810345|0.783333|      40|      10
2022-10-21 02:21:19.644 | DEBUG    | localization_association_rule_mining:__call__:392 - |food                          |    2.10|food                                                        |0.525641|    4.00|0.706897|0.672131|      27|      23
2022-10-21 02:21:19.644 | DEBUG    | localization_association_rule_mining:__call__:392 - |seat                          |    0.85|seat                                                        |0.283333|    3.00|0.293103|0.894737|      13|      16
2022-10-21 02:21:19.644 | DEBUG    | localization_association_rule_mining:__call__:392 - |station                       |    0.56|station                                                     |0.278912|    2.00|0.706897|0.315385|       2|       0
2022-10-21 02:21:19.644 | DEBUG    | localization_association_rule_mining:__call__:392 - |preserve                      |    0.31|preserve                                                    |0.155172|    2.00|0.155172|1.000000|       5|       7
2022-10-21 02:21:19.644 | DEBUG    | localization_association_rule_mining:__call__:392 - |config                        |    0.00|config                                                      |0.224138|    0.00|0.224138|1.000000|       0|       0
2022-10-21 02:21:19.644 | DEBUG    | localization_association_rule_mining:__call__:392 - |basic                         |    0.00|basic                                                       |0.278689|    0.00|0.293103|0.850000|       0|       0
2022-10-21 02:21:19.645 | DEBUG    | localization_association_rule_mining:__call__:392 - |ticketinfo                    |    0.00|ticketinfo                                                  |0.288136|    0.00|0.293103|0.944444|       0|       0
2022-10-21 02:21:19.645 | DEBUG    | localization_association_rule_mining:__call__:392 - |price                         |    0.00|price                                                       |0.169492|    0.00|0.172414|0.909091|       0|       0
2022-10-21 02:21:19.645 | DEBUG    | localization_association_rule_mining:__call__:392 - |food-map                      |    0.00|food-map                                                    |0.388889|    0.00|0.482759|0.666667|       0|       0
2022-10-21 02:21:19.645 | DEBUG    | localization_association_rule_mining:__call__:392 - |route                         |    0.00|route                                                       |0.513889|    0.00|0.637931|0.725490|       0|       0
2022-10-21 02:21:19.645 | DEBUG    | localization_association_rule_mining:__call__:392 - |train                         |    0.00|train                                                       |0.203390|    0.00|0.206897|0.923077|       0|       0
2022-10-21 02:21:19.645 | DEBUG    | localization_association_rule_mining:__call__:392 - |contacts                      |   -1.00|                                                            |0.000000|    0.00|0.000000|0.000000|       0|       0
2022-10-21 02:21:19.645 | DEBUG    | localization_association_rule_mining:__call__:392 - |order                         |   -1.00|                                                            |0.000000|    0.00|0.000000|0.000000|       0|       0
2022-10-21 02:21:19.645 | DEBUG    | localization_association_rule_mining:__call__:392 - |admin-order                   |   -1.00|                                                            |0.000000|    0.00|0.000000|0.000000|       0|       0
2022-10-21 02:21:19.645 | DEBUG    | localization_association_rule_mining:__call__:392 - |cancel                        |   -1.00|                                                            |0.000000|    0.00|0.000000|0.000000|       0|       0
2022-10-21 02:21:19.645 | DEBUG    | localization_association_rule_mining:__call__:392 - |ts-ui-dashboard               |   -1.00|                                                            |0.000000|    0.00|0.000000|0.000000|       0|       0
2022-10-21 02:21:19.645 | DEBUG    | localization_association_rule_mining:__call__:392 - |inside-payment                |   -1.00|                                                            |0.000000|    0.00|0.000000|0.000000|       0|       0
2022-10-21 02:21:19.645 | DEBUG    | localization_association_rule_mining:__call__:392 - |verification-code             |   -1.00|                                                            |0.000000|    0.00|0.000000|0.000000|       0|       0
2022-10-21 02:21:19.645 | DEBUG    | localization_association_rule_mining:__call__:392 - |user                          |   -1.00|                                                            |0.000000|    0.00|0.000000|0.000000|       0|       0
2022-10-21 02:21:19.645 | DEBUG    | localization_association_rule_mining:__call__:392 - |auth                          |   -1.00|                                                            |0.000000|    0.00|0.000000|0.000000|       0|       0
2022-10-21 02:21:19.645 | DEBUG    | localization_association_rule_mining:__call__:392 - |assurance                     |   -1.00|                                                            |0.000000|    0.00|0.000000|0.000000|       0|       0
2022-10-21 02:21:19.645 | DEBUG    | localization_association_rule_mining:__call__:392 - |notification                  |   -1.00|                                                            |0.000000|    0.00|0.000000|0.000000|       0|       0
2022-10-21 02:21:19.645 | DEBUG    | localization_association_rule_mining:__call__:392 - |payment                       |   -1.00|                                                            |0.000000|    0.00|0.000000|0.000000|       0|       0
2022-10-21 02:21:19.645 | DEBUG    | localization_association_rule_mining:__call__:392 - |consign                       |   -1.00|                                                            |0.000000|    0.00|0.000000|0.000000|       0|       0
2022-10-21 02:21:19.646 | DEBUG    | localization_association_rule_mining:__call__:392 - |order-other                   |   -1.00|                                                            |0.000000|    0.00|0.000000|0.000000|       0|       0
2022-10-21 02:21:19.646 | DEBUG    | localization_association_rule_mining:__call__:392 - |security                      |   -1.00|                                                            |0.000000|    0.00|0.000000|0.000000|       0|       0
