2022-11-16 15:54:28.350 | DEBUG    | localization_association_rule_mining:__call__:390 - |item                          |score   |pattern                                                     |ps      |ips     |p(a|b)  |p(b|a)  |in      |out     
2022-11-16 15:54:28.350 | DEBUG    | localization_association_rule_mining:__call__:394 - |order-other                   |   66.69|order-other                                                 |0.913580|   73.00|0.936709|0.973684|      73|       0
2022-11-16 15:54:28.350 | DEBUG    | localization_association_rule_mining:__call__:394 - |preserve                      |    1.32|preserve                                                    |0.329114|    4.00|0.329114|1.000000|      26|      22
2022-11-16 15:54:28.350 | DEBUG    | localization_association_rule_mining:__call__:394 - |travel-plan                   |    0.20|travel-plan                                                 |0.101266|    2.00|0.101266|1.000000|       8|       6
2022-11-16 15:54:28.350 | DEBUG    | localization_association_rule_mining:__call__:394 - |route-plan                    |    0.20|route-plan                                                  |0.101266|    2.00|0.101266|1.000000|       6|       8
2022-11-16 15:54:28.350 | DEBUG    | localization_association_rule_mining:__call__:394 - |travel2                       |    0.20|travel2                                                     |0.101266|    2.00|0.101266|1.000000|       8|       6
2022-11-16 15:54:28.350 | DEBUG    | localization_association_rule_mining:__call__:394 - |config                        |    0.00|config                                                      |0.087912|    0.00|0.101266|0.400000|       0|       0
2022-11-16 15:54:28.350 | DEBUG    | localization_association_rule_mining:__call__:394 - |ticketinfo                    |    0.00|ticketinfo                                                  |0.087912|    0.00|0.101266|0.400000|       0|       0
2022-11-16 15:54:28.350 | DEBUG    | localization_association_rule_mining:__call__:394 - |security                      |    0.00|security                                                    |0.316456|    0.00|0.316456|1.000000|      22|      22
2022-11-16 15:54:28.351 | DEBUG    | localization_association_rule_mining:__call__:394 - |basic                         |    0.00|basic                                                       |0.087912|    0.00|0.101266|0.400000|       0|       0
2022-11-16 15:54:28.351 | DEBUG    | localization_association_rule_mining:__call__:394 - |seat                          |    0.00|seat                                                        |0.087912|    0.00|0.101266|0.400000|       0|       0
2022-11-16 15:54:28.351 | DEBUG    | localization_association_rule_mining:__call__:394 - |order                         |    0.00|order                                                       |0.260504|    0.00|0.392405|0.436620|       0|       0
2022-11-16 15:54:28.351 | DEBUG    | localization_association_rule_mining:__call__:394 - |travel                        |   -1.00|                                                            |0.000000|    0.00|0.000000|0.000000|       0|       0
2022-11-16 15:54:28.351 | DEBUG    | localization_association_rule_mining:__call__:394 - |inside-payment                |   -1.00|                                                            |0.000000|    0.00|0.000000|0.000000|       0|       0
2022-11-16 15:54:28.351 | DEBUG    | localization_association_rule_mining:__call__:394 - |consign                       |   -1.00|                                                            |0.000000|    0.00|0.000000|0.000000|       0|       0
2022-11-16 15:54:28.351 | DEBUG    | localization_association_rule_mining:__call__:394 - |assurance                     |   -1.00|                                                            |0.000000|    0.00|0.000000|0.000000|       0|       0
2022-11-16 15:54:28.351 | DEBUG    | localization_association_rule_mining:__call__:394 - |payment                       |   -1.00|                                                            |0.000000|    0.00|0.000000|0.000000|       0|       0
2022-11-16 15:54:28.351 | DEBUG    | localization_association_rule_mining:__call__:394 - |station                       |   -1.00|                                                            |0.000000|    0.00|0.000000|0.000000|       0|       0
2022-11-16 15:54:28.351 | DEBUG    | localization_association_rule_mining:__call__:394 - |route                         |   -1.00|                                                            |0.000000|    0.00|0.000000|0.000000|       0|       0
2022-11-16 15:54:28.351 | DEBUG    | localization_association_rule_mining:__call__:394 - |ts-ui-dashboard               |   -1.00|                                                            |0.000000|    0.00|0.000000|0.000000|       0|       0
2022-11-16 15:54:28.351 | DEBUG    | localization_association_rule_mining:__call__:394 - |verification-code             |   -1.00|                                                            |0.000000|    0.00|0.000000|0.000000|       0|       0
2022-11-16 15:54:28.351 | DEBUG    | localization_association_rule_mining:__call__:394 - |auth                          |   -1.00|                                                            |0.000000|    0.00|0.000000|0.000000|       0|       0
2022-11-16 15:54:28.351 | DEBUG    | localization_association_rule_mining:__call__:394 - |contacts                      |   -1.00|                                                            |0.000000|    0.00|0.000000|0.000000|       0|       0
2022-11-16 15:54:28.351 | DEBUG    | localization_association_rule_mining:__call__:394 - |price                         |   -1.00|                                                            |0.000000|    0.00|0.000000|0.000000|       0|       0
2022-11-16 15:54:28.351 | DEBUG    | localization_association_rule_mining:__call__:394 - |food-map                      |   -1.00|                                                            |0.000000|    0.00|0.000000|0.000000|       0|       0
2022-11-16 15:54:28.351 | DEBUG    | localization_association_rule_mining:__call__:394 - |food                          |   -1.00|                                                            |0.000000|    0.00|0.000000|0.000000|       0|       0
2022-11-16 15:54:28.351 | DEBUG    | localization_association_rule_mining:__call__:394 - |cancel                        |   -1.00|                                                            |0.000000|    0.00|0.000000|0.000000|       0|       0
2022-11-16 15:54:28.352 | DEBUG    | localization_association_rule_mining:__call__:394 - |train                         |   -1.00|                                                            |0.000000|    0.00|0.000000|0.000000|       0|       0
