2022-10-31 19:46:02.890 | DEBUG    | localization_association_rule_mining:__call__:388 - |item                          |score   |pattern                                                     |ps      |ips     |p(a|b)  |p(b|a)  |in      |out     
2022-10-31 19:46:02.891 | DEBUG    | localization_association_rule_mining:__call__:392 - |station                       |  111.36|station                                                     |0.454545|  245.00|0.617128|0.633075|     245|       0
2022-10-31 19:46:02.891 | DEBUG    | localization_association_rule_mining:__call__:392 - |order-other                   |   33.94|order-other                                                 |0.332703|  102.00|0.443325|0.571429|      37|     139
2022-10-31 19:46:02.891 | DEBUG    | localization_association_rule_mining:__call__:392 - |route                         |   20.86|route                                                       |0.229219|   91.00|0.229219|1.000000|      91|       0
2022-10-31 19:46:02.891 | DEBUG    | localization_association_rule_mining:__call__:392 - |order                         |   20.28|order                                                       |0.164879|  123.00|0.309824|0.260593|     123|       0
2022-10-31 19:46:02.891 | DEBUG    | localization_association_rule_mining:__call__:392 - |cancel                        |   15.37|cancel                                                      |0.194581|   79.00|0.198992|0.897727|       0|      79
2022-10-31 19:46:02.891 | DEBUG    | localization_association_rule_mining:__call__:392 - |food                          |    8.57|food                                                        |0.208955|   41.00|0.211587|0.943820|      21|      62
2022-10-31 19:46:02.891 | DEBUG    | localization_association_rule_mining:__call__:392 - |train                         |    7.90|train                                                       |0.141058|   56.00|0.141058|1.000000|      56|       0
2022-10-31 19:46:02.891 | DEBUG    | localization_association_rule_mining:__call__:392 - |food-map                      |    7.35|food-map                                                    |0.136020|   54.00|0.136020|1.000000|      54|       0
2022-10-31 19:46:02.891 | DEBUG    | localization_association_rule_mining:__call__:392 - |auth                          |    7.11|auth                                                        |0.131707|   54.00|0.136020|0.805970|       0|      54
2022-10-31 19:46:02.891 | DEBUG    | localization_association_rule_mining:__call__:392 - |verification-code             |    4.81|verification-code                                           |0.089109|   54.00|0.136020|0.205323|      54|       0
2022-10-31 19:46:02.891 | DEBUG    | localization_association_rule_mining:__call__:392 - |user                          |    2.37|user                                                        |0.118388|   20.00|0.118388|1.000000|      20|       0
2022-10-31 19:46:02.892 | DEBUG    | localization_association_rule_mining:__call__:392 - |travel                        |    1.96|travel                                                      |0.279597|    7.00|0.279597|1.000000|      85|      92
2022-10-31 19:46:02.892 | DEBUG    | localization_association_rule_mining:__call__:392 - |basic                         |    0.92|basic                                                       |0.153652|    6.00|0.153652|1.000000|      54|      60
2022-10-31 19:46:02.892 | DEBUG    | localization_association_rule_mining:__call__:392 - |seat                          |    0.53|seat                                                        |0.133501|    4.00|0.133501|1.000000|      42|      46
2022-10-31 19:46:02.892 | DEBUG    | localization_association_rule_mining:__call__:392 - |ticketinfo                    |    0.30|ticketinfo                                                  |0.151134|    2.00|0.151134|1.000000|      52|      54
2022-10-31 19:46:02.892 | DEBUG    | localization_association_rule_mining:__call__:392 - |notification                  |    0.00|notification                                                |0.118090|    0.00|0.118388|0.979167|       0|       0
2022-10-31 19:46:02.892 | DEBUG    | localization_association_rule_mining:__call__:392 - |admin-order                   |   -1.00|                                                            |0.000000|    0.00|0.000000|0.000000|       0|       0
2022-10-31 19:46:02.892 | DEBUG    | localization_association_rule_mining:__call__:392 - |inside-payment                |   -1.00|                                                            |0.000000|    0.00|0.000000|0.000000|       0|       0
2022-10-31 19:46:02.892 | DEBUG    | localization_association_rule_mining:__call__:392 - |travel2                       |   -1.00|                                                            |0.000000|    0.00|0.000000|0.000000|       0|       0
2022-10-31 19:46:02.892 | DEBUG    | localization_association_rule_mining:__call__:392 - |contacts                      |   -1.00|                                                            |0.000000|    0.00|0.000000|0.000000|       0|       0
2022-10-31 19:46:02.892 | DEBUG    | localization_association_rule_mining:__call__:392 - |config                        |   -1.00|                                                            |0.000000|    0.00|0.000000|0.000000|       0|       0
2022-10-31 19:46:02.892 | DEBUG    | localization_association_rule_mining:__call__:392 - |price                         |   -1.00|                                                            |0.000000|    0.00|0.000000|0.000000|       0|       0
2022-10-31 19:46:02.892 | DEBUG    | localization_association_rule_mining:__call__:392 - |assurance                     |   -1.00|                                                            |0.000000|    0.00|0.000000|0.000000|       0|       0
2022-10-31 19:46:02.892 | DEBUG    | localization_association_rule_mining:__call__:392 - |travel-plan                   |   -1.00|                                                            |0.000000|    0.00|0.000000|0.000000|       0|       0
2022-10-31 19:46:02.892 | DEBUG    | localization_association_rule_mining:__call__:392 - |preserve                      |   -1.00|                                                            |0.000000|    0.00|0.000000|0.000000|       0|       0
2022-10-31 19:46:02.892 | DEBUG    | localization_association_rule_mining:__call__:392 - |ts-ui-dashboard               |   -1.00|                                                            |0.000000|    0.00|0.000000|0.000000|       0|       0
2022-10-31 19:46:02.892 | DEBUG    | localization_association_rule_mining:__call__:392 - |consign                       |   -1.00|                                                            |0.000000|    0.00|0.000000|0.000000|       0|       0
2022-10-31 19:46:02.892 | DEBUG    | localization_association_rule_mining:__call__:392 - |route-plan                    |   -1.00|                                                            |0.000000|    0.00|0.000000|0.000000|       0|       0
2022-10-31 19:46:02.892 | DEBUG    | localization_association_rule_mining:__call__:392 - |payment                       |   -1.00|                                                            |0.000000|    0.00|0.000000|0.000000|       0|       0
2022-10-31 19:46:02.892 | DEBUG    | localization_association_rule_mining:__call__:392 - |preserve-other                |   -1.00|                                                            |0.000000|    0.00|0.000000|0.000000|       0|       0
2022-10-31 19:46:02.893 | DEBUG    | localization_association_rule_mining:__call__:392 - |security                      |   -1.00|                                                            |0.000000|    0.00|0.000000|0.000000|       0|       0
