2022-10-31 19:50:14.273 | DEBUG    | localization_association_rule_mining:__call__:388 - |item                          |score   |pattern                                                     |ps      |ips     |p(a|b)  |p(b|a)  |in      |out     
2022-10-31 19:50:14.274 | DEBUG    | localization_association_rule_mining:__call__:392 - |station                       |   87.64|station                                                     |0.468672|  187.00|0.584375|0.703008|     187|       0
2022-10-31 19:50:14.274 | DEBUG    | localization_association_rule_mining:__call__:392 - |route                         |   68.45|route                                                       |0.462500|  148.00|0.462500|1.000000|     148|       0
2022-10-31 19:50:14.274 | DEBUG    | localization_association_rule_mining:__call__:392 - |travel                        |   60.13|travel                                                      |0.462500|  130.00|0.462500|1.000000|      17|     147
2022-10-31 19:50:14.274 | DEBUG    | localization_association_rule_mining:__call__:392 - |train                         |   28.20|train                                                       |0.296875|   95.00|0.296875|1.000000|      95|       0
2022-10-31 19:50:14.274 | DEBUG    | localization_association_rule_mining:__call__:392 - |price                         |   18.05|price                                                       |0.237500|   76.00|0.237500|1.000000|      76|       0
2022-10-31 19:50:14.274 | DEBUG    | localization_association_rule_mining:__call__:392 - |order-other                   |   14.14|order-other                                                 |0.228117|   62.00|0.268750|0.601399|      12|      74
2022-10-31 19:50:14.274 | DEBUG    | localization_association_rule_mining:__call__:392 - |seat                          |   14.03|seat                                                        |0.209375|   67.00|0.209375|1.000000|      67|       0
2022-10-31 19:50:14.274 | DEBUG    | localization_association_rule_mining:__call__:392 - |order                         |   11.50|order                                                       |0.155462|   74.00|0.231250|0.321739|      74|       0
2022-10-31 19:50:14.274 | DEBUG    | localization_association_rule_mining:__call__:392 - |ticketinfo                    |    7.01|ticketinfo                                                  |0.368750|   19.00|0.368750|1.000000|      89|     108
2022-10-31 19:50:14.274 | DEBUG    | localization_association_rule_mining:__call__:392 - |auth                          |    6.69|auth                                                        |0.142424|   47.00|0.146875|0.824561|       0|      47
2022-10-31 19:50:14.274 | DEBUG    | localization_association_rule_mining:__call__:392 - |verification-code             |    5.48|verification-code                                           |0.116625|   47.00|0.146875|0.361538|      47|       0
2022-10-31 19:50:14.274 | DEBUG    | localization_association_rule_mining:__call__:392 - |preserve                      |    4.01|preserve                                                    |0.118012|   34.00|0.118750|0.950000|       0|      34
2022-10-31 19:50:14.274 | DEBUG    | localization_association_rule_mining:__call__:392 - |basic                         |    1.92|basic                                                       |0.384375|    5.00|0.384375|1.000000|     108|     113
2022-10-31 19:50:14.274 | DEBUG    | localization_association_rule_mining:__call__:392 - |admin-order                   |   -1.00|                                                            |0.000000|    0.00|0.000000|0.000000|       0|       0
2022-10-31 19:50:14.274 | DEBUG    | localization_association_rule_mining:__call__:392 - |consign                       |   -1.00|                                                            |0.000000|    0.00|0.000000|0.000000|       0|       0
2022-10-31 19:50:14.275 | DEBUG    | localization_association_rule_mining:__call__:392 - |inside-payment                |   -1.00|                                                            |0.000000|    0.00|0.000000|0.000000|       0|       0
2022-10-31 19:50:14.275 | DEBUG    | localization_association_rule_mining:__call__:392 - |route-plan                    |   -1.00|                                                            |0.000000|    0.00|0.000000|0.000000|       0|       0
2022-10-31 19:50:14.275 | DEBUG    | localization_association_rule_mining:__call__:392 - |travel2                       |   -1.00|                                                            |0.000000|    0.00|0.000000|0.000000|       0|       0
2022-10-31 19:50:14.275 | DEBUG    | localization_association_rule_mining:__call__:392 - |assurance                     |   -1.00|                                                            |0.000000|    0.00|0.000000|0.000000|       0|       0
2022-10-31 19:50:14.275 | DEBUG    | localization_association_rule_mining:__call__:392 - |preserve-other                |   -1.00|                                                            |0.000000|    0.00|0.000000|0.000000|       0|       0
2022-10-31 19:50:14.275 | DEBUG    | localization_association_rule_mining:__call__:392 - |cancel                        |   -1.00|                                                            |0.000000|    0.00|0.000000|0.000000|       0|       0
2022-10-31 19:50:14.275 | DEBUG    | localization_association_rule_mining:__call__:392 - |user                          |   -1.00|                                                            |0.000000|    0.00|0.000000|0.000000|       0|       0
2022-10-31 19:50:14.275 | DEBUG    | localization_association_rule_mining:__call__:392 - |security                      |   -1.00|                                                            |0.000000|    0.00|0.000000|0.000000|       0|       0
2022-10-31 19:50:14.275 | DEBUG    | localization_association_rule_mining:__call__:392 - |ts-ui-dashboard               |   -1.00|                                                            |0.000000|    0.00|0.000000|0.000000|       0|       0
2022-10-31 19:50:14.275 | DEBUG    | localization_association_rule_mining:__call__:392 - |notification                  |   -1.00|                                                            |0.000000|    0.00|0.000000|0.000000|       0|       0
2022-10-31 19:50:14.275 | DEBUG    | localization_association_rule_mining:__call__:392 - |travel-plan                   |   -1.00|                                                            |0.000000|    0.00|0.000000|0.000000|       0|       0
2022-10-31 19:50:14.275 | DEBUG    | localization_association_rule_mining:__call__:392 - |food                          |   -1.00|                                                            |0.000000|    0.00|0.000000|0.000000|       0|       0
2022-10-31 19:50:14.275 | DEBUG    | localization_association_rule_mining:__call__:392 - |payment                       |   -1.00|                                                            |0.000000|    0.00|0.000000|0.000000|       0|       0
2022-10-31 19:50:14.275 | DEBUG    | localization_association_rule_mining:__call__:392 - |contacts                      |   -1.00|                                                            |0.000000|    0.00|0.000000|0.000000|       0|       0
