2022-10-28 00:10:33.148 | DEBUG    | localization_association_rule_mining:__call__:388 - |item                          |score   |pattern                                                     |ps      |ips     |p(a|b)  |p(b|a)  |in      |out     
2022-10-28 00:10:33.148 | DEBUG    | localization_association_rule_mining:__call__:392 - |train                         |   68.60|train                                                       |0.914634|   75.00|0.914634|1.000000|      75|       0
2022-10-28 00:10:33.148 | DEBUG    | localization_association_rule_mining:__call__:392 - |basic                         |   39.46|basic                                                       |0.917647|   43.00|0.951220|0.962963|       0|      43
2022-10-28 00:10:33.148 | DEBUG    | localization_association_rule_mining:__call__:392 - |ticketinfo                    |    9.29|ticketinfo                                                  |0.928571|   10.00|0.951220|0.975000|      10|       0
2022-10-28 00:10:33.148 | DEBUG    | localization_association_rule_mining:__call__:392 - |seat                          |    8.59|seat                                                        |0.858824|   10.00|0.890244|0.960526|      41|      51
2022-10-28 00:10:33.148 | DEBUG    | localization_association_rule_mining:__call__:392 - |travel                        |    6.58|travel                                                      |0.548148|   12.00|0.902439|0.582677|      56|      68
2022-10-28 00:10:33.148 | DEBUG    | localization_association_rule_mining:__call__:392 - |preserve                      |    1.61|preserve                                                    |0.402439|    4.00|0.402439|1.000000|      16|      20
2022-10-28 00:10:33.149 | DEBUG    | localization_association_rule_mining:__call__:392 - |station                       |    0.00|station                                                     |0.271062|    0.00|0.902439|0.279245|       0|       0
2022-10-28 00:10:33.149 | DEBUG    | localization_association_rule_mining:__call__:392 - |price                         |    0.00|price                                                       |0.289157|    0.00|0.292683|0.960000|       0|       0
2022-10-28 00:10:33.149 | DEBUG    | localization_association_rule_mining:__call__:392 - |route                         |    0.00|route                                                       |0.660550|    0.00|0.878049|0.727273|       0|       0
2022-10-28 00:10:33.149 | DEBUG    | localization_association_rule_mining:__call__:392 - |security                      |    0.00|security                                                    |0.365854|    0.00|0.365854|1.000000|       0|       0
2022-10-28 00:10:33.149 | DEBUG    | localization_association_rule_mining:__call__:392 - |config                        |    0.00|config                                                      |0.470588|    0.00|0.487805|0.930233|       0|       0
2022-10-28 00:10:33.149 | DEBUG    | localization_association_rule_mining:__call__:392 - |admin-basic-info              |   -1.00|                                                            |0.000000|    0.00|0.000000|0.000000|       0|       0
2022-10-28 00:10:33.149 | DEBUG    | localization_association_rule_mining:__call__:392 - |travel-plan                   |   -1.00|                                                            |0.000000|    0.00|0.000000|0.000000|       0|       0
2022-10-28 00:10:33.149 | DEBUG    | localization_association_rule_mining:__call__:392 - |food-map                      |   -1.00|                                                            |0.000000|    0.00|0.000000|0.000000|       0|       0
2022-10-28 00:10:33.149 | DEBUG    | localization_association_rule_mining:__call__:392 - |payment                       |   -1.00|                                                            |0.000000|    0.00|0.000000|0.000000|       0|       0
2022-10-28 00:10:33.149 | DEBUG    | localization_association_rule_mining:__call__:392 - |preserve-other                |   -1.00|                                                            |0.000000|    0.00|0.000000|0.000000|       0|       0
2022-10-28 00:10:33.149 | DEBUG    | localization_association_rule_mining:__call__:392 - |assurance                     |   -1.00|                                                            |0.000000|    0.00|0.000000|0.000000|       0|       0
2022-10-28 00:10:33.149 | DEBUG    | localization_association_rule_mining:__call__:392 - |travel2                       |   -1.00|                                                            |0.000000|    0.00|0.000000|0.000000|       0|       0
2022-10-28 00:10:33.149 | DEBUG    | localization_association_rule_mining:__call__:392 - |contacts                      |   -1.00|                                                            |0.000000|    0.00|0.000000|0.000000|       0|       0
2022-10-28 00:10:33.149 | DEBUG    | localization_association_rule_mining:__call__:392 - |order-other                   |   -1.00|                                                            |0.000000|    0.00|0.000000|0.000000|       0|       0
2022-10-28 00:10:33.149 | DEBUG    | localization_association_rule_mining:__call__:392 - |order                         |   -1.00|                                                            |0.000000|    0.00|0.000000|0.000000|       0|       0
2022-10-28 00:10:33.149 | DEBUG    | localization_association_rule_mining:__call__:392 - |verification-code             |   -1.00|                                                            |0.000000|    0.00|0.000000|0.000000|       0|       0
2022-10-28 00:10:33.149 | DEBUG    | localization_association_rule_mining:__call__:392 - |notification                  |   -1.00|                                                            |0.000000|    0.00|0.000000|0.000000|       0|       0
2022-10-28 00:10:33.149 | DEBUG    | localization_association_rule_mining:__call__:392 - |auth                          |   -1.00|                                                            |0.000000|    0.00|0.000000|0.000000|       0|       0
2022-10-28 00:10:33.150 | DEBUG    | localization_association_rule_mining:__call__:392 - |admin-travel                  |   -1.00|                                                            |0.000000|    0.00|0.000000|0.000000|       0|       0
2022-10-28 00:10:33.150 | DEBUG    | localization_association_rule_mining:__call__:392 - |user                          |   -1.00|                                                            |0.000000|    0.00|0.000000|0.000000|       0|       0
2022-10-28 00:10:33.150 | DEBUG    | localization_association_rule_mining:__call__:392 - |admin-order                   |   -1.00|                                                            |0.000000|    0.00|0.000000|0.000000|       0|       0
2022-10-28 00:10:33.150 | DEBUG    | localization_association_rule_mining:__call__:392 - |inside-payment                |   -1.00|                                                            |0.000000|    0.00|0.000000|0.000000|       0|       0
2022-10-28 00:10:33.150 | DEBUG    | localization_association_rule_mining:__call__:392 - |consign                       |   -1.00|                                                            |0.000000|    0.00|0.000000|0.000000|       0|       0
2022-10-28 00:10:33.150 | DEBUG    | localization_association_rule_mining:__call__:392 - |ts-ui-dashboard               |   -1.00|                                                            |0.000000|    0.00|0.000000|0.000000|       0|       0
2022-10-28 00:10:33.150 | DEBUG    | localization_association_rule_mining:__call__:392 - |admin-user                    |   -1.00|                                                            |0.000000|    0.00|0.000000|0.000000|       0|       0
2022-10-28 00:10:33.150 | DEBUG    | localization_association_rule_mining:__call__:392 - |route-plan                    |   -1.00|                                                            |0.000000|    0.00|0.000000|0.000000|       0|       0
2022-10-28 00:10:33.150 | DEBUG    | localization_association_rule_mining:__call__:392 - |cancel                        |   -1.00|                                                            |0.000000|    0.00|0.000000|0.000000|       0|       0
2022-10-28 00:10:33.150 | DEBUG    | localization_association_rule_mining:__call__:392 - |food                          |   -1.00|                                                            |0.000000|    0.00|0.000000|0.000000|       0|       0
