2022-11-08 18:33:57.164 | DEBUG    | localization_association_rule_mining:__call__:390 - |item                          |score   |pattern                                                     |ps      |ips     |p(a|b)  |p(b|a)  |in      |out     
2022-11-08 18:33:57.164 | DEBUG    | localization_association_rule_mining:__call__:394 - |auth                          |    8.00|auth                                                        |0.400000|   20.00|0.540541|0.606061|      20|       0
2022-11-08 18:33:57.164 | DEBUG    | localization_association_rule_mining:__call__:394 - |ticketinfo                    |    4.92|ticketinfo                                                  |0.378378|   13.00|0.378378|1.000000|       1|      14
2022-11-08 18:33:57.164 | DEBUG    | localization_association_rule_mining:__call__:394 - |train                         |    2.70|train                                                       |0.270270|   10.00|0.270270|1.000000|      10|       0
2022-11-08 18:33:57.164 | DEBUG    | localization_association_rule_mining:__call__:394 - |travel                        |    2.36|travel                                                      |0.261905|    9.00|0.297297|0.687500|      10|       1
2022-11-08 18:33:57.164 | DEBUG    | localization_association_rule_mining:__call__:394 - |basic                         |    1.51|basic                                                       |0.378378|    4.00|0.378378|1.000000|      14|      10
2022-11-08 18:33:57.164 | DEBUG    | localization_association_rule_mining:__call__:394 - |route                         |    0.00|route                                                       |0.216216|    0.00|0.216216|1.000000|       0|       0
2022-11-08 18:33:57.165 | DEBUG    | localization_association_rule_mining:__call__:394 - |verification-code             |    0.00|verification-code                                           |0.074468|    0.00|0.378378|0.084848|       0|       0
2022-11-08 18:33:57.165 | DEBUG    | localization_association_rule_mining:__call__:394 - |price                         |    0.00|price                                                       |0.243243|    0.00|0.243243|1.000000|       0|       0
2022-11-08 18:33:57.165 | DEBUG    | localization_association_rule_mining:__call__:394 - |station                       |    0.00|station                                                     |0.160920|    0.00|0.378378|0.218750|       0|       0
2022-11-08 18:33:57.165 | DEBUG    | localization_association_rule_mining:__call__:394 - |ts-ui-dashboard               |   -1.00|                                                            |0.000000|    0.00|0.000000|0.000000|       0|       0
2022-11-08 18:33:57.165 | DEBUG    | localization_association_rule_mining:__call__:394 - |preserve                      |   -1.00|                                                            |0.000000|    0.00|0.000000|0.000000|       0|       0
2022-11-08 18:33:57.165 | DEBUG    | localization_association_rule_mining:__call__:394 - |admin-order                   |   -1.00|                                                            |0.000000|    0.00|0.000000|0.000000|       0|       0
2022-11-08 18:33:57.165 | DEBUG    | localization_association_rule_mining:__call__:394 - |seat                          |   -1.00|                                                            |0.000000|    0.00|0.000000|0.000000|       0|       0
2022-11-08 18:33:57.165 | DEBUG    | localization_association_rule_mining:__call__:394 - |consign                       |   -1.00|                                                            |0.000000|    0.00|0.000000|0.000000|       0|       0
2022-11-08 18:33:57.165 | DEBUG    | localization_association_rule_mining:__call__:394 - |user                          |   -1.00|                                                            |0.000000|    0.00|0.000000|0.000000|       0|       0
2022-11-08 18:33:57.165 | DEBUG    | localization_association_rule_mining:__call__:394 - |payment                       |   -1.00|                                                            |0.000000|    0.00|0.000000|0.000000|       0|       0
2022-11-08 18:33:57.165 | DEBUG    | localization_association_rule_mining:__call__:394 - |order                         |   -1.00|                                                            |0.000000|    0.00|0.000000|0.000000|       0|       0
2022-11-08 18:33:57.165 | DEBUG    | localization_association_rule_mining:__call__:394 - |inside-payment                |   -1.00|                                                            |0.000000|    0.00|0.000000|0.000000|       0|       0
2022-11-08 18:33:57.165 | DEBUG    | localization_association_rule_mining:__call__:394 - |contacts                      |   -1.00|                                                            |0.000000|    0.00|0.000000|0.000000|       0|       0
2022-11-08 18:33:57.165 | DEBUG    | localization_association_rule_mining:__call__:394 - |food                          |   -1.00|                                                            |0.000000|    0.00|0.000000|0.000000|       0|       0
2022-11-08 18:33:57.165 | DEBUG    | localization_association_rule_mining:__call__:394 - |assurance                     |   -1.00|                                                            |0.000000|    0.00|0.000000|0.000000|       0|       0
2022-11-08 18:33:57.165 | DEBUG    | localization_association_rule_mining:__call__:394 - |notification                  |   -1.00|                                                            |0.000000|    0.00|0.000000|0.000000|       0|       0
2022-11-08 18:33:57.165 | DEBUG    | localization_association_rule_mining:__call__:394 - |cancel                        |   -1.00|                                                            |0.000000|    0.00|0.000000|0.000000|       0|       0
2022-11-08 18:33:57.165 | DEBUG    | localization_association_rule_mining:__call__:394 - |food-map                      |   -1.00|                                                            |0.000000|    0.00|0.000000|0.000000|       0|       0
2022-11-08 18:33:57.165 | DEBUG    | localization_association_rule_mining:__call__:394 - |security                      |   -1.00|                                                            |0.000000|    0.00|0.000000|0.000000|       0|       0
2022-11-08 18:33:57.166 | DEBUG    | localization_association_rule_mining:__call__:394 - |order-other                   |   -1.00|                                                            |0.000000|    0.00|0.000000|0.000000|       0|       0
