2022-11-16 15:54:53.547 | DEBUG    | localization_association_rule_mining:__call__:390 - |item                          |score   |pattern                                                     |ps      |ips     |p(a|b)  |p(b|a)  |in      |out     
2022-11-16 15:54:53.547 | DEBUG    | localization_association_rule_mining:__call__:394 - |order                         |   44.08|order                                                       |0.864407|   51.00|0.864407|1.000000|      51|       0
2022-11-16 15:54:53.547 | DEBUG    | localization_association_rule_mining:__call__:394 - |seat                          |    5.59|seat                                                        |0.508475|   11.00|0.508475|1.000000|      12|      23
2022-11-16 15:54:53.547 | DEBUG    | localization_association_rule_mining:__call__:394 - |travel                        |    4.93|travel                                                      |0.410959|   12.00|0.508475|0.681818|      21|       9
2022-11-16 15:54:53.547 | DEBUG    | localization_association_rule_mining:__call__:394 - |preserve                      |    0.19|preserve                                                    |0.186441|    1.00|0.186441|1.000000|      11|      10
2022-11-16 15:54:53.547 | DEBUG    | localization_association_rule_mining:__call__:394 - |station                       |    0.00|station                                                     |0.649351|    0.00|0.847458|0.735294|       0|       0
2022-11-16 15:54:53.547 | DEBUG    | localization_association_rule_mining:__call__:394 - |ticketinfo                    |    0.00|ticketinfo                                                  |0.491525|    0.00|0.491525|1.000000|       0|       0
2022-11-16 15:54:53.547 | DEBUG    | localization_association_rule_mining:__call__:394 - |basic                         |    0.00|basic                                                       |0.491525|    0.00|0.491525|1.000000|       0|       0
2022-11-16 15:54:53.547 | DEBUG    | localization_association_rule_mining:__call__:394 - |route                         |    0.00|route                                                       |0.400000|    0.00|0.406780|0.960000|       0|       0
2022-11-16 15:54:53.547 | DEBUG    | localization_association_rule_mining:__call__:394 - |config                        |    0.00|config                                                      |0.288136|    0.00|0.288136|1.000000|       0|       0
2022-11-16 15:54:53.547 | DEBUG    | localization_association_rule_mining:__call__:394 - |train                         |    0.00|train                                                       |0.288136|    0.00|0.288136|1.000000|       0|       0
2022-11-16 15:54:53.547 | DEBUG    | localization_association_rule_mining:__call__:394 - |price                         |    0.00|price                                                       |0.322034|    0.00|0.322034|1.000000|       0|       0
2022-11-16 15:54:53.547 | DEBUG    | localization_association_rule_mining:__call__:394 - |admin-order                   |   -1.00|                                                            |0.000000|    0.00|0.000000|0.000000|       0|       0
2022-11-16 15:54:53.547 | DEBUG    | localization_association_rule_mining:__call__:394 - |consign                       |   -1.00|                                                            |0.000000|    0.00|0.000000|0.000000|       0|       0
2022-11-16 15:54:53.548 | DEBUG    | localization_association_rule_mining:__call__:394 - |food                          |   -1.00|                                                            |0.000000|    0.00|0.000000|0.000000|       0|       0
2022-11-16 15:54:53.548 | DEBUG    | localization_association_rule_mining:__call__:394 - |security                      |   -1.00|                                                            |0.000000|    0.00|0.000000|0.000000|       0|       0
2022-11-16 15:54:53.548 | DEBUG    | localization_association_rule_mining:__call__:394 - |assurance                     |   -1.00|                                                            |0.000000|    0.00|0.000000|0.000000|       0|       0
2022-11-16 15:54:53.548 | DEBUG    | localization_association_rule_mining:__call__:394 - |order-other                   |   -1.00|                                                            |0.000000|    0.00|0.000000|0.000000|       0|       0
2022-11-16 15:54:53.548 | DEBUG    | localization_association_rule_mining:__call__:394 - |ts-ui-dashboard               |   -1.00|                                                            |0.000000|    0.00|0.000000|0.000000|       0|       0
2022-11-16 15:54:53.548 | DEBUG    | localization_association_rule_mining:__call__:394 - |travel-plan                   |   -1.00|                                                            |0.000000|    0.00|0.000000|0.000000|       0|       0
2022-11-16 15:54:53.548 | DEBUG    | localization_association_rule_mining:__call__:394 - |food-map                      |   -1.00|                                                            |0.000000|    0.00|0.000000|0.000000|       0|       0
2022-11-16 15:54:53.548 | DEBUG    | localization_association_rule_mining:__call__:394 - |contacts                      |   -1.00|                                                            |0.000000|    0.00|0.000000|0.000000|       0|       0
2022-11-16 15:54:53.548 | DEBUG    | localization_association_rule_mining:__call__:394 - |auth                          |   -1.00|                                                            |0.000000|    0.00|0.000000|0.000000|       0|       0
2022-11-16 15:54:53.548 | DEBUG    | localization_association_rule_mining:__call__:394 - |verification-code             |   -1.00|                                                            |0.000000|    0.00|0.000000|0.000000|       0|       0
2022-11-16 15:54:53.548 | DEBUG    | localization_association_rule_mining:__call__:394 - |user                          |   -1.00|                                                            |0.000000|    0.00|0.000000|0.000000|       0|       0
2022-11-16 15:54:53.548 | DEBUG    | localization_association_rule_mining:__call__:394 - |travel2                       |   -1.00|                                                            |0.000000|    0.00|0.000000|0.000000|       0|       0
2022-11-16 15:54:53.548 | DEBUG    | localization_association_rule_mining:__call__:394 - |notification                  |   -1.00|                                                            |0.000000|    0.00|0.000000|0.000000|       0|       0
