2022-10-31 19:44:37.916 | DEBUG    | localization_association_rule_mining:__call__:388 - |item                          |score   |pattern                                                     |ps      |ips     |p(a|b)  |p(b|a)  |in      |out     
2022-10-31 19:44:37.916 | DEBUG    | localization_association_rule_mining:__call__:392 - |station                       |   53.58|station                                                     |0.520202|  103.00|0.735714|0.639752|     103|       0
2022-10-31 19:44:37.916 | DEBUG    | localization_association_rule_mining:__call__:392 - |order-other                   |   23.51|order-other                                                 |0.412429|   57.00|0.521429|0.663636|       8|      65
2022-10-31 19:44:37.916 | DEBUG    | localization_association_rule_mining:__call__:392 - |route                         |   10.31|route                                                       |0.271429|   38.00|0.271429|1.000000|      38|       0
2022-10-31 19:44:37.916 | DEBUG    | localization_association_rule_mining:__call__:392 - |food                          |    8.20|food                                                        |0.292857|   28.00|0.292857|1.000000|       6|      34
2022-10-31 19:44:37.916 | DEBUG    | localization_association_rule_mining:__call__:392 - |food-map                      |    7.78|food-map                                                    |0.235714|   33.00|0.235714|1.000000|      33|       0
2022-10-31 19:44:37.916 | DEBUG    | localization_association_rule_mining:__call__:392 - |auth                          |    2.82|auth                                                        |0.140845|   20.00|0.142857|0.909091|       0|      20
2022-10-31 19:44:37.916 | DEBUG    | localization_association_rule_mining:__call__:392 - |train                         |    1.83|train                                                       |0.114286|   16.00|0.114286|1.000000|      16|       0
2022-10-31 19:44:37.916 | DEBUG    | localization_association_rule_mining:__call__:392 - |verification-code             |    1.76|verification-code                                           |0.088106|   20.00|0.142857|0.186916|      20|       0
2022-10-31 19:44:37.917 | DEBUG    | localization_association_rule_mining:__call__:392 - |price                         |    1.40|price                                                       |0.100000|   14.00|0.100000|1.000000|      14|       0
2022-10-31 19:44:37.917 | DEBUG    | localization_association_rule_mining:__call__:392 - |config                        |    1.40|config                                                      |0.100000|   14.00|0.100000|1.000000|      14|       0
2022-10-31 19:44:37.917 | DEBUG    | localization_association_rule_mining:__call__:392 - |order                         |    0.97|order                                                       |0.060837|   16.00|0.114286|0.115108|      16|       0
2022-10-31 19:44:37.917 | DEBUG    | localization_association_rule_mining:__call__:392 - |travel                        |    0.67|travel                                                      |0.335714|    2.00|0.335714|1.000000|      39|      37
2022-10-31 19:44:37.917 | DEBUG    | localization_association_rule_mining:__call__:392 - |basic                         |    0.43|basic                                                       |0.142857|    3.00|0.142857|1.000000|      19|      16
2022-10-31 19:44:37.917 | DEBUG    | localization_association_rule_mining:__call__:392 - |ticketinfo                    |    0.43|ticketinfo                                                  |0.142857|    3.00|0.142857|1.000000|      16|      19
2022-10-31 19:44:37.917 | DEBUG    | localization_association_rule_mining:__call__:392 - |seat                          |    0.11|seat                                                        |0.107143|    1.00|0.107143|1.000000|      14|      15
2022-10-31 19:44:37.917 | DEBUG    | localization_association_rule_mining:__call__:392 - |security                      |   -1.00|                                                            |0.000000|    0.00|0.000000|0.000000|       0|       0
2022-10-31 19:44:37.917 | DEBUG    | localization_association_rule_mining:__call__:392 - |assurance                     |   -1.00|                                                            |0.000000|    0.00|0.000000|0.000000|       0|       0
2022-10-31 19:44:37.917 | DEBUG    | localization_association_rule_mining:__call__:392 - |admin-order                   |   -1.00|                                                            |0.000000|    0.00|0.000000|0.000000|       0|       0
2022-10-31 19:44:37.917 | DEBUG    | localization_association_rule_mining:__call__:392 - |consign                       |   -1.00|                                                            |0.000000|    0.00|0.000000|0.000000|       0|       0
2022-10-31 19:44:37.917 | DEBUG    | localization_association_rule_mining:__call__:392 - |notification                  |   -1.00|                                                            |0.000000|    0.00|0.000000|0.000000|       0|       0
2022-10-31 19:44:37.917 | DEBUG    | localization_association_rule_mining:__call__:392 - |cancel                        |   -1.00|                                                            |0.000000|    0.00|0.000000|0.000000|       0|       0
2022-10-31 19:44:37.917 | DEBUG    | localization_association_rule_mining:__call__:392 - |preserve-other                |   -1.00|                                                            |0.000000|    0.00|0.000000|0.000000|       0|       0
2022-10-31 19:44:37.917 | DEBUG    | localization_association_rule_mining:__call__:392 - |inside-payment                |   -1.00|                                                            |0.000000|    0.00|0.000000|0.000000|       0|       0
2022-10-31 19:44:37.917 | DEBUG    | localization_association_rule_mining:__call__:392 - |travel2                       |   -1.00|                                                            |0.000000|    0.00|0.000000|0.000000|       0|       0
2022-10-31 19:44:37.917 | DEBUG    | localization_association_rule_mining:__call__:392 - |route-plan                    |   -1.00|                                                            |0.000000|    0.00|0.000000|0.000000|       0|       0
2022-10-31 19:44:37.917 | DEBUG    | localization_association_rule_mining:__call__:392 - |user                          |   -1.00|                                                            |0.000000|    0.00|0.000000|0.000000|       0|       0
2022-10-31 19:44:37.917 | DEBUG    | localization_association_rule_mining:__call__:392 - |ts-ui-dashboard               |   -1.00|                                                            |0.000000|    0.00|0.000000|0.000000|       0|       0
2022-10-31 19:44:37.918 | DEBUG    | localization_association_rule_mining:__call__:392 - |payment                       |   -1.00|                                                            |0.000000|    0.00|0.000000|0.000000|       0|       0
2022-10-31 19:44:37.918 | DEBUG    | localization_association_rule_mining:__call__:392 - |travel-plan                   |   -1.00|                                                            |0.000000|    0.00|0.000000|0.000000|       0|       0
2022-10-31 19:44:37.918 | DEBUG    | localization_association_rule_mining:__call__:392 - |contacts                      |   -1.00|                                                            |0.000000|    0.00|0.000000|0.000000|       0|       0
2022-10-31 19:44:37.918 | DEBUG    | localization_association_rule_mining:__call__:392 - |preserve                      |   -1.00|                                                            |0.000000|    0.00|0.000000|0.000000|       0|       0
