2022-11-08 18:37:33.101 | DEBUG    | localization_association_rule_mining:__call__:390 - |item                          |score   |pattern                                                     |ps      |ips     |p(a|b)  |p(b|a)  |in      |out     
2022-11-08 18:37:33.101 | DEBUG    | localization_association_rule_mining:__call__:394 - |inside-payment                |   40.91|inside-payment                                              |0.681818|   60.00|0.681818|1.000000|      60|       0
2022-11-08 18:37:33.101 | DEBUG    | localization_association_rule_mining:__call__:394 - |cancel                        |    3.34|cancel                                                      |0.278689|   12.00|0.386364|0.500000|      34|      22
2022-11-08 18:37:33.101 | DEBUG    | localization_association_rule_mining:__call__:394 - |notification                  |    2.25|notification                                                |0.250000|    9.00|0.295455|0.619048|       9|       0
2022-11-08 18:37:33.101 | DEBUG    | localization_association_rule_mining:__call__:394 - |preserve                      |    1.11|preserve                                                    |0.100917|   11.00|0.125000|0.343750|      11|       0
2022-11-08 18:37:33.102 | DEBUG    | localization_association_rule_mining:__call__:394 - |basic                         |    0.00|basic                                                       |0.091603|    0.00|0.136364|0.218182|       0|       0
2022-11-08 18:37:33.102 | DEBUG    | localization_association_rule_mining:__call__:394 - |user                          |    0.00|user                                                        |0.244898|    0.00|0.272727|0.705882|       0|       0
2022-11-08 18:37:33.102 | DEBUG    | localization_association_rule_mining:__call__:394 - |order-other                   |    0.00|order-other                                                 |0.033670|    0.00|0.113636|0.045662|       0|       0
2022-11-08 18:37:33.102 | DEBUG    | localization_association_rule_mining:__call__:394 - |payment                       |    0.00|payment                                                     |0.193182|    0.00|0.193182|1.000000|       0|       0
2022-11-08 18:37:33.102 | DEBUG    | localization_association_rule_mining:__call__:394 - |ticketinfo                    |    0.00|ticketinfo                                                  |0.084615|    0.00|0.125000|0.207547|       0|       0
2022-11-08 18:37:33.102 | DEBUG    | localization_association_rule_mining:__call__:394 - |seat                          |    0.00|seat                                                        |0.077519|    0.00|0.113636|0.196078|       0|       0
2022-11-08 18:37:33.102 | DEBUG    | localization_association_rule_mining:__call__:394 - |station                       |    0.00|station                                                     |0.037267|    0.00|0.136364|0.048780|       0|       0
2022-11-08 18:37:33.102 | DEBUG    | localization_association_rule_mining:__call__:394 - |security                      |    0.00|security                                                    |0.105769|    0.00|0.125000|0.407407|       0|       0
2022-11-08 18:37:33.102 | DEBUG    | localization_association_rule_mining:__call__:394 - |price                         |    0.00|price                                                       |0.090909|    0.00|0.113636|0.312500|       0|       0
2022-11-08 18:37:33.102 | DEBUG    | localization_association_rule_mining:__call__:394 - |order                         |    0.00|order                                                       |0.120104|    0.00|0.522727|0.134897|       0|       0
2022-11-08 18:37:33.102 | DEBUG    | localization_association_rule_mining:__call__:394 - |food-map                      |   -1.00|                                                            |0.000000|    0.00|0.000000|0.000000|       0|       0
2022-11-08 18:37:33.102 | DEBUG    | localization_association_rule_mining:__call__:394 - |travel                        |   -1.00|                                                            |0.000000|    0.00|0.000000|0.000000|       0|       0
2022-11-08 18:37:33.102 | DEBUG    | localization_association_rule_mining:__call__:394 - |verification-code             |   -1.00|                                                            |0.000000|    0.00|0.000000|0.000000|       0|       0
2022-11-08 18:37:33.102 | DEBUG    | localization_association_rule_mining:__call__:394 - |train                         |   -1.00|                                                            |0.000000|    0.00|0.000000|0.000000|       0|       0
2022-11-08 18:37:33.102 | DEBUG    | localization_association_rule_mining:__call__:394 - |route                         |   -1.00|                                                            |0.000000|    0.00|0.000000|0.000000|       0|       0
2022-11-08 18:37:33.102 | DEBUG    | localization_association_rule_mining:__call__:394 - |consign                       |   -1.00|                                                            |0.000000|    0.00|0.000000|0.000000|       0|       0
2022-11-08 18:37:33.102 | DEBUG    | localization_association_rule_mining:__call__:394 - |food                          |   -1.00|                                                            |0.000000|    0.00|0.000000|0.000000|       0|       0
2022-11-08 18:37:33.103 | DEBUG    | localization_association_rule_mining:__call__:394 - |config                        |   -1.00|                                                            |0.000000|    0.00|0.000000|0.000000|       0|       0
2022-11-08 18:37:33.103 | DEBUG    | localization_association_rule_mining:__call__:394 - |travel-plan                   |   -1.00|                                                            |0.000000|    0.00|0.000000|0.000000|       0|       0
2022-11-08 18:37:33.103 | DEBUG    | localization_association_rule_mining:__call__:394 - |admin-order                   |   -1.00|                                                            |0.000000|    0.00|0.000000|0.000000|       0|       0
2022-11-08 18:37:33.103 | DEBUG    | localization_association_rule_mining:__call__:394 - |auth                          |   -1.00|                                                            |0.000000|    0.00|0.000000|0.000000|       0|       0
2022-11-08 18:37:33.103 | DEBUG    | localization_association_rule_mining:__call__:394 - |preserve-other                |   -1.00|                                                            |0.000000|    0.00|0.000000|0.000000|       0|       0
2022-11-08 18:37:33.103 | DEBUG    | localization_association_rule_mining:__call__:394 - |travel2                       |   -1.00|                                                            |0.000000|    0.00|0.000000|0.000000|       0|       0
2022-11-08 18:37:33.103 | DEBUG    | localization_association_rule_mining:__call__:394 - |route-plan                    |   -1.00|                                                            |0.000000|    0.00|0.000000|0.000000|       0|       0
2022-11-08 18:37:33.103 | DEBUG    | localization_association_rule_mining:__call__:394 - |contacts                      |   -1.00|                                                            |0.000000|    0.00|0.000000|0.000000|       0|       0
2022-11-08 18:37:33.103 | DEBUG    | localization_association_rule_mining:__call__:394 - |assurance                     |   -1.00|                                                            |0.000000|    0.00|0.000000|0.000000|       0|       0
2022-11-08 18:37:33.103 | DEBUG    | localization_association_rule_mining:__call__:394 - |ts-ui-dashboard               |   -1.00|                                                            |0.000000|    0.00|0.000000|0.000000|       0|       0
