2022-10-21 02:14:10.206 | DEBUG    | localization_association_rule_mining:__call__:388 - |item                          |score   |pattern                                                     |ps      |ips     |p(a|b)  |p(b|a)  |in      |out     
2022-10-21 02:14:10.207 | DEBUG    | localization_association_rule_mining:__call__:392 - |order-other                   |   66.63|order-other                                                 |0.403800|  165.00|0.553746|0.598592|     165|       0
2022-10-21 02:14:10.207 | DEBUG    | localization_association_rule_mining:__call__:392 - |assurance                     |   25.96|assurance                                                   |0.282209|   92.00|0.299674|0.828829|      92|       0
2022-10-21 02:14:10.207 | DEBUG    | localization_association_rule_mining:__call__:392 - |seat                          |    1.34|seat                                                        |0.121795|   11.00|0.123779|0.883721|      11|       0
2022-10-21 02:14:10.207 | DEBUG    | localization_association_rule_mining:__call__:392 - |admin-order                   |    1.26|admin-order                                                 |0.097264|   13.00|0.104235|0.592593|      25|      12
2022-10-21 02:14:10.207 | DEBUG    | localization_association_rule_mining:__call__:392 - |travel                        |    0.97|travel                                                      |0.107769|    9.00|0.140065|0.318519|       0|       9
2022-10-21 02:14:10.207 | DEBUG    | localization_association_rule_mining:__call__:392 - |order                         |    0.62|order                                                       |0.068716|    9.00|0.123779|0.133803|       9|       0
2022-10-21 02:14:10.207 | DEBUG    | localization_association_rule_mining:__call__:392 - |station                       |    0.00|station                                                     |0.189062|    0.00|0.394137|0.266520|       0|       0
2022-10-21 02:14:10.207 | DEBUG    | localization_association_rule_mining:__call__:392 - |basic                         |    0.00|basic                                                       |0.139665|    0.00|0.162866|0.495050|       0|       0
2022-10-21 02:14:10.207 | DEBUG    | localization_association_rule_mining:__call__:392 - |price                         |    0.00|price                                                       |0.095385|    0.00|0.100977|0.632653|       0|       0
2022-10-21 02:14:10.207 | DEBUG    | localization_association_rule_mining:__call__:392 - |train                         |    0.00|train                                                       |0.115044|    0.00|0.127036|0.549296|       0|       0
2022-10-21 02:14:10.207 | DEBUG    | localization_association_rule_mining:__call__:392 - |route                         |    0.00|route                                                       |0.109948|    0.00|0.136808|0.358974|       0|       0
2022-10-21 02:14:10.207 | DEBUG    | localization_association_rule_mining:__call__:392 - |ticketinfo                    |    0.00|ticketinfo                                                  |0.137536|    0.00|0.156352|0.533333|       0|       0
2022-10-21 02:14:10.207 | DEBUG    | localization_association_rule_mining:__call__:392 - |user                          |   -1.00|                                                            |0.000000|    0.00|0.000000|0.000000|       0|       0
2022-10-21 02:14:10.208 | DEBUG    | localization_association_rule_mining:__call__:392 - |consign                       |   -1.00|                                                            |0.000000|    0.00|0.000000|0.000000|       0|       0
2022-10-21 02:14:10.208 | DEBUG    | localization_association_rule_mining:__call__:392 - |verification-code             |   -1.00|                                                            |0.000000|    0.00|0.000000|0.000000|       0|       0
2022-10-21 02:14:10.208 | DEBUG    | localization_association_rule_mining:__call__:392 - |preserve-other                |   -1.00|                                                            |0.000000|    0.00|0.000000|0.000000|       0|       0
2022-10-21 02:14:10.208 | DEBUG    | localization_association_rule_mining:__call__:392 - |inside-payment                |   -1.00|                                                            |0.000000|    0.00|0.000000|0.000000|       0|       0
2022-10-21 02:14:10.208 | DEBUG    | localization_association_rule_mining:__call__:392 - |notification                  |   -1.00|                                                            |0.000000|    0.00|0.000000|0.000000|       0|       0
2022-10-21 02:14:10.208 | DEBUG    | localization_association_rule_mining:__call__:392 - |cancel                        |   -1.00|                                                            |0.000000|    0.00|0.000000|0.000000|       0|       0
2022-10-21 02:14:10.208 | DEBUG    | localization_association_rule_mining:__call__:392 - |route-plan                    |   -1.00|                                                            |0.000000|    0.00|0.000000|0.000000|       0|       0
2022-10-21 02:14:10.208 | DEBUG    | localization_association_rule_mining:__call__:392 - |food-map                      |   -1.00|                                                            |0.000000|    0.00|0.000000|0.000000|       0|       0
2022-10-21 02:14:10.208 | DEBUG    | localization_association_rule_mining:__call__:392 - |preserve                      |   -1.00|                                                            |0.000000|    0.00|0.000000|0.000000|       0|       0
2022-10-21 02:14:10.208 | DEBUG    | localization_association_rule_mining:__call__:392 - |contacts                      |   -1.00|                                                            |0.000000|    0.00|0.000000|0.000000|       0|       0
2022-10-21 02:14:10.208 | DEBUG    | localization_association_rule_mining:__call__:392 - |travel-plan                   |   -1.00|                                                            |0.000000|    0.00|0.000000|0.000000|       0|       0
2022-10-21 02:14:10.208 | DEBUG    | localization_association_rule_mining:__call__:392 - |food                          |   -1.00|                                                            |0.000000|    0.00|0.000000|0.000000|       0|       0
2022-10-21 02:14:10.208 | DEBUG    | localization_association_rule_mining:__call__:392 - |payment                       |   -1.00|                                                            |0.000000|    0.00|0.000000|0.000000|       0|       0
2022-10-21 02:14:10.208 | DEBUG    | localization_association_rule_mining:__call__:392 - |security                      |   -1.00|                                                            |0.000000|    0.00|0.000000|0.000000|       0|       0
2022-10-21 02:14:10.208 | DEBUG    | localization_association_rule_mining:__call__:392 - |ts-ui-dashboard               |   -1.00|                                                            |0.000000|    0.00|0.000000|0.000000|       0|       0
2022-10-21 02:14:10.208 | DEBUG    | localization_association_rule_mining:__call__:392 - |admin-user                    |   -1.00|                                                            |0.000000|    0.00|0.000000|0.000000|       0|       0
2022-10-21 02:14:10.208 | DEBUG    | localization_association_rule_mining:__call__:392 - |auth                          |   -1.00|                                                            |0.000000|    0.00|0.000000|0.000000|       0|       0
2022-10-21 02:14:10.208 | DEBUG    | localization_association_rule_mining:__call__:392 - |travel2                       |   -1.00|                                                            |0.000000|    0.00|0.000000|0.000000|       0|       0
