2022-11-16 15:24:56.928 | DEBUG    | localization_association_rule_mining:__call__:390 - |item                          |score   |pattern                                                     |ps      |ips     |p(a|b)  |p(b|a)  |in      |out     
2022-11-16 15:24:56.928 | DEBUG    | localization_association_rule_mining:__call__:394 - |admin-order                   |   74.41|admin-order                                                 |0.695402|  107.00|0.703488|0.983740|     121|      14
2022-11-16 15:24:56.928 | DEBUG    | localization_association_rule_mining:__call__:394 - |order                         |    3.53|order                                                       |0.235632|   15.00|0.476744|0.317829|      15|       0
2022-11-16 15:24:56.928 | DEBUG    | localization_association_rule_mining:__call__:394 - |ticketinfo                    |    3.20|ticketinfo                                                  |0.133333|   24.00|0.139535|0.750000|      24|       0
2022-11-16 15:24:56.928 | DEBUG    | localization_association_rule_mining:__call__:394 - |travel                        |    2.55|travel                                                      |0.127551|   20.00|0.145349|0.510204|       0|      20
2022-11-16 15:24:56.929 | DEBUG    | localization_association_rule_mining:__call__:394 - |inside-payment                |    1.75|inside-payment                                              |0.103093|   17.00|0.116279|0.476190|      20|       3
2022-11-16 15:24:56.929 | DEBUG    | localization_association_rule_mining:__call__:394 - |order-other                   |    0.49|order-other                                                 |0.162420|    3.00|0.296512|0.264249|       3|       0
2022-11-16 15:24:56.929 | DEBUG    | localization_association_rule_mining:__call__:394 - |station                       |    0.14|station                                                     |0.072165|    2.00|0.122093|0.150000|       2|       0
2022-11-16 15:24:56.929 | DEBUG    | localization_association_rule_mining:__call__:394 - |route                         |    0.00|route                                                       |0.119792|    0.00|0.133721|0.534884|       0|       0
2022-11-16 15:24:56.929 | DEBUG    | localization_association_rule_mining:__call__:394 - |basic                         |    0.00|basic                                                       |0.121547|    0.00|0.127907|0.709677|       0|       0
2022-11-16 15:24:56.929 | DEBUG    | localization_association_rule_mining:__call__:394 - |preserve-other                |   -1.00|                                                            |0.000000|    0.00|0.000000|0.000000|       0|       0
2022-11-16 15:24:56.929 | DEBUG    | localization_association_rule_mining:__call__:394 - |food-map                      |   -1.00|                                                            |0.000000|    0.00|0.000000|0.000000|       0|       0
2022-11-16 15:24:56.929 | DEBUG    | localization_association_rule_mining:__call__:394 - |price                         |   -1.00|                                                            |0.000000|    0.00|0.000000|0.000000|       0|       0
2022-11-16 15:24:56.929 | DEBUG    | localization_association_rule_mining:__call__:394 - |train                         |   -1.00|                                                            |0.000000|    0.00|0.000000|0.000000|       0|       0
2022-11-16 15:24:56.929 | DEBUG    | localization_association_rule_mining:__call__:394 - |consign                       |   -1.00|                                                            |0.000000|    0.00|0.000000|0.000000|       0|       0
2022-11-16 15:24:56.929 | DEBUG    | localization_association_rule_mining:__call__:394 - |food                          |   -1.00|                                                            |0.000000|    0.00|0.000000|0.000000|       0|       0
2022-11-16 15:24:56.929 | DEBUG    | localization_association_rule_mining:__call__:394 - |verification-code             |   -1.00|                                                            |0.000000|    0.00|0.000000|0.000000|       0|       0
2022-11-16 15:24:56.929 | DEBUG    | localization_association_rule_mining:__call__:394 - |route-plan                    |   -1.00|                                                            |0.000000|    0.00|0.000000|0.000000|       0|       0
2022-11-16 15:24:56.929 | DEBUG    | localization_association_rule_mining:__call__:394 - |contacts                      |   -1.00|                                                            |0.000000|    0.00|0.000000|0.000000|       0|       0
2022-11-16 15:24:56.929 | DEBUG    | localization_association_rule_mining:__call__:394 - |payment                       |   -1.00|                                                            |0.000000|    0.00|0.000000|0.000000|       0|       0
2022-11-16 15:24:56.929 | DEBUG    | localization_association_rule_mining:__call__:394 - |config                        |   -1.00|                                                            |0.000000|    0.00|0.000000|0.000000|       0|       0
2022-11-16 15:24:56.929 | DEBUG    | localization_association_rule_mining:__call__:394 - |assurance                     |   -1.00|                                                            |0.000000|    0.00|0.000000|0.000000|       0|       0
2022-11-16 15:24:56.929 | DEBUG    | localization_association_rule_mining:__call__:394 - |security                      |   -1.00|                                                            |0.000000|    0.00|0.000000|0.000000|       0|       0
2022-11-16 15:24:56.930 | DEBUG    | localization_association_rule_mining:__call__:394 - |admin-travel                  |   -1.00|                                                            |0.000000|    0.00|0.000000|0.000000|       0|       0
2022-11-16 15:24:56.930 | DEBUG    | localization_association_rule_mining:__call__:394 - |admin-basic-info              |   -1.00|                                                            |0.000000|    0.00|0.000000|0.000000|       0|       0
2022-11-16 15:24:56.930 | DEBUG    | localization_association_rule_mining:__call__:394 - |ts-ui-dashboard               |   -1.00|                                                            |0.000000|    0.00|0.000000|0.000000|       0|       0
2022-11-16 15:24:56.930 | DEBUG    | localization_association_rule_mining:__call__:394 - |notification                  |   -1.00|                                                            |0.000000|    0.00|0.000000|0.000000|       0|       0
2022-11-16 15:24:56.930 | DEBUG    | localization_association_rule_mining:__call__:394 - |seat                          |   -1.00|                                                            |0.000000|    0.00|0.000000|0.000000|       0|       0
2022-11-16 15:24:56.930 | DEBUG    | localization_association_rule_mining:__call__:394 - |user                          |   -1.00|                                                            |0.000000|    0.00|0.000000|0.000000|       0|       0
2022-11-16 15:24:56.930 | DEBUG    | localization_association_rule_mining:__call__:394 - |cancel                        |   -1.00|                                                            |0.000000|    0.00|0.000000|0.000000|       0|       0
2022-11-16 15:24:56.930 | DEBUG    | localization_association_rule_mining:__call__:394 - |travel2                       |   -1.00|                                                            |0.000000|    0.00|0.000000|0.000000|       0|       0
2022-11-16 15:24:56.930 | DEBUG    | localization_association_rule_mining:__call__:394 - |admin-route                   |   -1.00|                                                            |0.000000|    0.00|0.000000|0.000000|       0|       0
2022-11-16 15:24:56.930 | DEBUG    | localization_association_rule_mining:__call__:394 - |auth                          |   -1.00|                                                            |0.000000|    0.00|0.000000|0.000000|       0|       0
2022-11-16 15:24:56.930 | DEBUG    | localization_association_rule_mining:__call__:394 - |travel-plan                   |   -1.00|                                                            |0.000000|    0.00|0.000000|0.000000|       0|       0
2022-11-16 15:24:56.930 | DEBUG    | localization_association_rule_mining:__call__:394 - |preserve                      |   -1.00|                                                            |0.000000|    0.00|0.000000|0.000000|       0|       0
