2022-11-16 16:48:24.810 | DEBUG    | localization_association_rule_mining:__call__:390 - |item                          |score   |pattern                                                     |ps      |ips     |p(a|b)  |p(b|a)  |in      |out     
2022-11-16 16:48:24.810 | DEBUG    | localization_association_rule_mining:__call__:394 - |travel                        |    1.87|travel                                                      |0.207547|    9.00|0.733333|0.224490|       9|       0
2022-11-16 16:48:24.810 | DEBUG    | localization_association_rule_mining:__call__:394 - |notification                  |    0.95|notification                                                |0.238095|    4.00|0.333333|0.454545|       4|       0
2022-11-16 16:48:24.810 | DEBUG    | localization_association_rule_mining:__call__:394 - |cancel                        |    0.26|cancel                                                      |0.064516|    4.00|0.266667|0.078431|       0|       4
2022-11-16 16:48:24.810 | DEBUG    | localization_association_rule_mining:__call__:394 - |preserve                      |    0.18|preserve                                                    |0.176471|    1.00|0.200000|0.600000|       2|       1
2022-11-16 16:48:24.810 | DEBUG    | localization_association_rule_mining:__call__:394 - |user                          |    0.09|user                                                        |0.090909|    1.00|0.200000|0.142857|       1|       0
2022-11-16 16:48:24.810 | DEBUG    | localization_association_rule_mining:__call__:394 - |config                        |    0.00|config                                                      |0.173913|    0.00|0.266667|0.333333|       0|       0
2022-11-16 16:48:24.810 | DEBUG    | localization_association_rule_mining:__call__:394 - |ticketinfo                    |    0.00|ticketinfo                                                  |0.343750|    0.00|0.733333|0.392857|       0|       0
2022-11-16 16:48:24.810 | DEBUG    | localization_association_rule_mining:__call__:394 - |order-other                   |    0.00|order-other                                                 |0.019231|    0.00|0.133333|0.021978|       0|       0
2022-11-16 16:48:24.811 | DEBUG    | localization_association_rule_mining:__call__:394 - |order                         |    0.00|order                                                       |0.086331|    0.00|0.800000|0.088235|       0|       0
2022-11-16 16:48:24.811 | DEBUG    | localization_association_rule_mining:__call__:394 - |basic                         |    0.00|basic                                                       |0.343750|    0.00|0.733333|0.392857|       0|       0
2022-11-16 16:48:24.811 | DEBUG    | localization_association_rule_mining:__call__:394 - |seat                          |    0.00|seat                                                        |0.354839|    0.00|0.733333|0.407407|       0|       0
2022-11-16 16:48:24.811 | DEBUG    | localization_association_rule_mining:__call__:394 - |security                      |    0.00|security                                                    |0.187500|    0.00|0.200000|0.750000|       0|       0
2022-11-16 16:48:24.811 | DEBUG    | localization_association_rule_mining:__call__:394 - |inside-payment                |    0.00|inside-payment                                              |0.057692|    0.00|0.200000|0.075000|       0|       0
2022-11-16 16:48:24.811 | DEBUG    | localization_association_rule_mining:__call__:394 - |food-map                      |   -1.00|                                                            |0.000000|    0.00|0.000000|0.000000|       0|       0
2022-11-16 16:48:24.811 | DEBUG    | localization_association_rule_mining:__call__:394 - |ts-ui-dashboard               |   -1.00|                                                            |0.000000|    0.00|0.000000|0.000000|       0|       0
2022-11-16 16:48:24.811 | DEBUG    | localization_association_rule_mining:__call__:394 - |consign                       |   -1.00|                                                            |0.000000|    0.00|0.000000|0.000000|       0|       0
2022-11-16 16:48:24.811 | DEBUG    | localization_association_rule_mining:__call__:394 - |auth                          |   -1.00|                                                            |0.000000|    0.00|0.000000|0.000000|       0|       0
2022-11-16 16:48:24.811 | DEBUG    | localization_association_rule_mining:__call__:394 - |verification-code             |   -1.00|                                                            |0.000000|    0.00|0.000000|0.000000|       0|       0
2022-11-16 16:48:24.811 | DEBUG    | localization_association_rule_mining:__call__:394 - |contacts                      |   -1.00|                                                            |0.000000|    0.00|0.000000|0.000000|       0|       0
2022-11-16 16:48:24.811 | DEBUG    | localization_association_rule_mining:__call__:394 - |payment                       |   -1.00|                                                            |0.000000|    0.00|0.000000|0.000000|       0|       0
2022-11-16 16:48:24.811 | DEBUG    | localization_association_rule_mining:__call__:394 - |food                          |   -1.00|                                                            |0.000000|    0.00|0.000000|0.000000|       0|       0
2022-11-16 16:48:24.811 | DEBUG    | localization_association_rule_mining:__call__:394 - |assurance                     |   -1.00|                                                            |0.000000|    0.00|0.000000|0.000000|       0|       0
2022-11-16 16:48:24.811 | DEBUG    | localization_association_rule_mining:__call__:394 - |station                       |   -1.00|                                                            |0.000000|    0.00|0.000000|0.000000|       0|       0
