2022-10-31 19:49:25.189 | DEBUG    | localization_association_rule_mining:__call__:388 - |item                          |score   |pattern                                                     |ps      |ips     |p(a|b)  |p(b|a)  |in      |out     
2022-10-31 19:49:25.189 | DEBUG    | localization_association_rule_mining:__call__:392 - |station                       |   83.11|station                                                     |0.546763|  152.00|0.666667|0.752475|     152|       0
2022-10-31 19:49:25.189 | DEBUG    | localization_association_rule_mining:__call__:392 - |route                         |   25.00|route                                                       |0.333333|   75.00|0.333333|1.000000|      75|       0
2022-10-31 19:49:25.189 | DEBUG    | localization_association_rule_mining:__call__:392 - |food                          |   16.85|food                                                        |0.300847|   56.00|0.311404|0.898734|       6|      62
2022-10-31 19:49:25.189 | DEBUG    | localization_association_rule_mining:__call__:392 - |food-map                      |    8.49|food-map                                                    |0.192982|   44.00|0.192982|1.000000|      44|       0
2022-10-31 19:49:25.189 | DEBUG    | localization_association_rule_mining:__call__:392 - |train                         |    7.74|train                                                       |0.184211|   42.00|0.184211|1.000000|      42|       0
2022-10-31 19:49:25.189 | DEBUG    | localization_association_rule_mining:__call__:392 - |order-other                   |    7.20|order-other                                                 |0.211838|   34.00|0.298246|0.422360|      17|      51
2022-10-31 19:49:25.189 | DEBUG    | localization_association_rule_mining:__call__:392 - |order                         |    6.49|order                                                       |0.122402|   53.00|0.232456|0.205426|      53|       0
2022-10-31 19:49:25.190 | DEBUG    | localization_association_rule_mining:__call__:392 - |travel                        |    5.36|travel                                                      |0.486842|   11.00|0.486842|1.000000|      74|      85
2022-10-31 19:49:25.190 | DEBUG    | localization_association_rule_mining:__call__:392 - |auth                          |    5.23|auth                                                        |0.145161|   36.00|0.157895|0.642857|       0|      36
2022-10-31 19:49:25.190 | DEBUG    | localization_association_rule_mining:__call__:392 - |verification-code             |    3.31|verification-code                                           |0.092072|   36.00|0.157895|0.180905|      36|       0
2022-10-31 19:49:25.190 | DEBUG    | localization_association_rule_mining:__call__:392 - |seat                          |    2.57|seat                                                        |0.171053|   15.00|0.171053|1.000000|      23|      38
2022-10-31 19:49:25.190 | DEBUG    | localization_association_rule_mining:__call__:392 - |preserve                      |    2.12|preserve                                                    |0.100877|   21.00|0.100877|1.000000|       0|      21
2022-10-31 19:49:25.190 | DEBUG    | localization_association_rule_mining:__call__:392 - |basic                         |    0.68|basic                                                       |0.228070|    3.00|0.228070|1.000000|      49|      52
2022-10-31 19:49:25.190 | DEBUG    | localization_association_rule_mining:__call__:392 - |ticketinfo                    |    0.00|ticketinfo                                                  |0.223684|    0.00|0.223684|1.000000|      49|      49
2022-10-31 19:49:25.190 | DEBUG    | localization_association_rule_mining:__call__:392 - |consign                       |   -1.00|                                                            |0.000000|    0.00|0.000000|0.000000|       0|       0
2022-10-31 19:49:25.190 | DEBUG    | localization_association_rule_mining:__call__:392 - |config                        |   -1.00|                                                            |0.000000|    0.00|0.000000|0.000000|       0|       0
2022-10-31 19:49:25.190 | DEBUG    | localization_association_rule_mining:__call__:392 - |ts-ui-dashboard               |   -1.00|                                                            |0.000000|    0.00|0.000000|0.000000|       0|       0
2022-10-31 19:49:25.190 | DEBUG    | localization_association_rule_mining:__call__:392 - |contacts                      |   -1.00|                                                            |0.000000|    0.00|0.000000|0.000000|       0|       0
2022-10-31 19:49:25.190 | DEBUG    | localization_association_rule_mining:__call__:392 - |route-plan                    |   -1.00|                                                            |0.000000|    0.00|0.000000|0.000000|       0|       0
2022-10-31 19:49:25.190 | DEBUG    | localization_association_rule_mining:__call__:392 - |assurance                     |   -1.00|                                                            |0.000000|    0.00|0.000000|0.000000|       0|       0
2022-10-31 19:49:25.190 | DEBUG    | localization_association_rule_mining:__call__:392 - |notification                  |   -1.00|                                                            |0.000000|    0.00|0.000000|0.000000|       0|       0
2022-10-31 19:49:25.190 | DEBUG    | localization_association_rule_mining:__call__:392 - |travel-plan                   |   -1.00|                                                            |0.000000|    0.00|0.000000|0.000000|       0|       0
2022-10-31 19:49:25.190 | DEBUG    | localization_association_rule_mining:__call__:392 - |inside-payment                |   -1.00|                                                            |0.000000|    0.00|0.000000|0.000000|       0|       0
2022-10-31 19:49:25.190 | DEBUG    | localization_association_rule_mining:__call__:392 - |security                      |   -1.00|                                                            |0.000000|    0.00|0.000000|0.000000|       0|       0
2022-10-31 19:49:25.191 | DEBUG    | localization_association_rule_mining:__call__:392 - |price                         |   -1.00|                                                            |0.000000|    0.00|0.000000|0.000000|       0|       0
2022-10-31 19:49:25.191 | DEBUG    | localization_association_rule_mining:__call__:392 - |travel2                       |   -1.00|                                                            |0.000000|    0.00|0.000000|0.000000|       0|       0
2022-10-31 19:49:25.191 | DEBUG    | localization_association_rule_mining:__call__:392 - |payment                       |   -1.00|                                                            |0.000000|    0.00|0.000000|0.000000|       0|       0
2022-10-31 19:49:25.191 | DEBUG    | localization_association_rule_mining:__call__:392 - |user                          |   -1.00|                                                            |0.000000|    0.00|0.000000|0.000000|       0|       0
2022-10-31 19:49:25.191 | DEBUG    | localization_association_rule_mining:__call__:392 - |admin-order                   |   -1.00|                                                            |0.000000|    0.00|0.000000|0.000000|       0|       0
2022-10-31 19:49:25.191 | DEBUG    | localization_association_rule_mining:__call__:392 - |cancel                        |   -1.00|                                                            |0.000000|    0.00|0.000000|0.000000|       0|       0
