2022-11-08 18:37:42.368 | DEBUG    | localization_association_rule_mining:__call__:390 - |item                          |score   |pattern                                                     |ps      |ips     |p(a|b)  |p(b|a)  |in      |out     
2022-11-08 18:37:42.368 | DEBUG    | localization_association_rule_mining:__call__:394 - |route                         |   35.11|route                                                       |0.662500|   53.00|0.662500|1.000000|      53|       0
2022-11-08 18:37:42.368 | DEBUG    | localization_association_rule_mining:__call__:394 - |travel                        |   33.36|travel                                                      |0.641509|   52.00|0.850000|0.723404|       0|      52
2022-11-08 18:37:42.368 | DEBUG    | localization_association_rule_mining:__call__:394 - |basic                         |    9.90|basic                                                       |0.619048|   16.00|0.650000|0.928571|      37|      21
2022-11-08 18:37:42.368 | DEBUG    | localization_association_rule_mining:__call__:394 - |notification                  |    8.89|notification                                                |0.329268|   27.00|0.337500|0.931034|      27|       0
2022-11-08 18:37:42.368 | DEBUG    | localization_association_rule_mining:__call__:394 - |preserve                      |    7.71|preserve                                                    |0.385542|   20.00|0.400000|0.914286|       0|      20
2022-11-08 18:37:42.368 | DEBUG    | localization_association_rule_mining:__call__:394 - |security                      |    4.20|security                                                    |0.262500|   16.00|0.262500|1.000000|       0|      16
2022-11-08 18:37:42.368 | DEBUG    | localization_association_rule_mining:__call__:394 - |seat                          |    2.22|seat                                                        |0.554217|    4.00|0.575000|0.938776|       0|       4
2022-11-08 18:37:42.368 | DEBUG    | localization_association_rule_mining:__call__:394 - |ticketinfo                    |    1.25|ticketinfo                                                  |0.625000|    2.00|0.625000|1.000000|      39|      37
2022-11-08 18:37:42.368 | DEBUG    | localization_association_rule_mining:__call__:394 - |food                          |    0.22|food                                                        |0.223881|    1.00|0.375000|0.357143|       1|       0
2022-11-08 18:37:42.368 | DEBUG    | localization_association_rule_mining:__call__:394 - |train                         |    0.00|train                                                       |0.493827|    0.00|0.500000|0.975610|       0|       0
2022-11-08 18:37:42.368 | DEBUG    | localization_association_rule_mining:__call__:394 - |user                          |    0.00|user                                                        |0.224719|    0.00|0.250000|0.689655|       0|       0
2022-11-08 18:37:42.369 | DEBUG    | localization_association_rule_mining:__call__:394 - |config                        |    0.00|config                                                      |0.197531|    0.00|0.200000|0.941176|       0|       0
2022-11-08 18:37:42.369 | DEBUG    | localization_association_rule_mining:__call__:394 - |price                         |    0.00|price                                                       |0.325301|    0.00|0.337500|0.900000|       0|       0
2022-11-08 18:37:42.369 | DEBUG    | localization_association_rule_mining:__call__:394 - |station                       |    0.00|station                                                     |0.304124|    0.00|0.737500|0.341040|       0|       0
2022-11-08 18:37:42.369 | DEBUG    | localization_association_rule_mining:__call__:394 - |preserve-other                |   -1.00|                                                            |0.000000|    0.00|0.000000|0.000000|       0|       0
2022-11-08 18:37:42.369 | DEBUG    | localization_association_rule_mining:__call__:394 - |ts-ui-dashboard               |   -1.00|                                                            |0.000000|    0.00|0.000000|0.000000|       0|       0
2022-11-08 18:37:42.369 | DEBUG    | localization_association_rule_mining:__call__:394 - |inside-payment                |   -1.00|                                                            |0.000000|    0.00|0.000000|0.000000|       0|       0
2022-11-08 18:37:42.369 | DEBUG    | localization_association_rule_mining:__call__:394 - |auth                          |   -1.00|                                                            |0.000000|    0.00|0.000000|0.000000|       0|       0
2022-11-08 18:37:42.369 | DEBUG    | localization_association_rule_mining:__call__:394 - |order-other                   |   -1.00|                                                            |0.000000|    0.00|0.000000|0.000000|       0|       0
2022-11-08 18:37:42.369 | DEBUG    | localization_association_rule_mining:__call__:394 - |contacts                      |   -1.00|                                                            |0.000000|    0.00|0.000000|0.000000|       0|       0
2022-11-08 18:37:42.369 | DEBUG    | localization_association_rule_mining:__call__:394 - |travel2                       |   -1.00|                                                            |0.000000|    0.00|0.000000|0.000000|       0|       0
2022-11-08 18:37:42.369 | DEBUG    | localization_association_rule_mining:__call__:394 - |order                         |   -1.00|                                                            |0.000000|    0.00|0.000000|0.000000|       0|       0
2022-11-08 18:37:42.369 | DEBUG    | localization_association_rule_mining:__call__:394 - |verification-code             |   -1.00|                                                            |0.000000|    0.00|0.000000|0.000000|       0|       0
2022-11-08 18:37:42.369 | DEBUG    | localization_association_rule_mining:__call__:394 - |consign                       |   -1.00|                                                            |0.000000|    0.00|0.000000|0.000000|       0|       0
2022-11-08 18:37:42.369 | DEBUG    | localization_association_rule_mining:__call__:394 - |admin-order                   |   -1.00|                                                            |0.000000|    0.00|0.000000|0.000000|       0|       0
2022-11-08 18:37:42.369 | DEBUG    | localization_association_rule_mining:__call__:394 - |payment                       |   -1.00|                                                            |0.000000|    0.00|0.000000|0.000000|       0|       0
2022-11-08 18:37:42.369 | DEBUG    | localization_association_rule_mining:__call__:394 - |assurance                     |   -1.00|                                                            |0.000000|    0.00|0.000000|0.000000|       0|       0
2022-11-08 18:37:42.369 | DEBUG    | localization_association_rule_mining:__call__:394 - |food-map                      |   -1.00|                                                            |0.000000|    0.00|0.000000|0.000000|       0|       0
2022-11-08 18:37:42.369 | DEBUG    | localization_association_rule_mining:__call__:394 - |cancel                        |   -1.00|                                                            |0.000000|    0.00|0.000000|0.000000|       0|       0
2022-11-08 18:37:42.369 | DEBUG    | localization_association_rule_mining:__call__:394 - |route-plan                    |   -1.00|                                                            |0.000000|    0.00|0.000000|0.000000|       0|       0
2022-11-08 18:37:42.369 | DEBUG    | localization_association_rule_mining:__call__:394 - |travel-plan                   |   -1.00|                                                            |0.000000|    0.00|0.000000|0.000000|       0|       0
2022-11-08 18:37:42.370 | DEBUG    | localization_association_rule_mining:__call__:394 - |admin-basic-info              |   -1.00|                                                            |0.000000|    0.00|0.000000|0.000000|       0|       0
