2022-10-31 19:44:48.169 | DEBUG    | localization_association_rule_mining:__call__:388 - |item                          |score   |pattern                                                     |ps      |ips     |p(a|b)  |p(b|a)  |in      |out     
2022-10-31 19:44:48.169 | DEBUG    | localization_association_rule_mining:__call__:392 - |station                       |  138.39|station                                                     |0.485569|  285.00|0.603376|0.713217|     285|       0
2022-10-31 19:44:48.169 | DEBUG    | localization_association_rule_mining:__call__:392 - |route                         |   36.76|route                                                       |0.278481|  132.00|0.278481|1.000000|     132|       0
2022-10-31 19:44:48.169 | DEBUG    | localization_association_rule_mining:__call__:392 - |food                          |   23.25|food                                                        |0.255533|   91.00|0.267932|0.846667|      15|     106
2022-10-31 19:44:48.169 | DEBUG    | localization_association_rule_mining:__call__:392 - |order                         |   20.60|order                                                       |0.150384|  137.00|0.289030|0.238676|     137|       0
2022-10-31 19:44:48.169 | DEBUG    | localization_association_rule_mining:__call__:392 - |order-other                   |   17.84|order-other                                                 |0.228659|   78.00|0.316456|0.451807|      36|     114
2022-10-31 19:44:48.169 | DEBUG    | localization_association_rule_mining:__call__:392 - |train                         |   13.50|train                                                       |0.168776|   80.00|0.168776|1.000000|      80|       0
2022-10-31 19:44:48.170 | DEBUG    | localization_association_rule_mining:__call__:392 - |food-map                      |   12.48|food-map                                                    |0.162105|   77.00|0.162447|0.987179|      77|       0
2022-10-31 19:44:48.170 | DEBUG    | localization_association_rule_mining:__call__:392 - |travel                        |   10.28|travel                                                      |0.411392|   25.00|0.411392|1.000000|     124|     149
2022-10-31 19:44:48.170 | DEBUG    | localization_association_rule_mining:__call__:392 - |cancel                        |    7.26|cancel                                                      |0.120968|   60.00|0.126582|0.731707|       0|      60
2022-10-31 19:44:48.170 | DEBUG    | localization_association_rule_mining:__call__:392 - |auth                          |    5.48|auth                                                        |0.103314|   53.00|0.111814|0.576087|       0|      53
2022-10-31 19:44:48.170 | DEBUG    | localization_association_rule_mining:__call__:392 - |basic                         |    4.94|basic                                                       |0.246835|   20.00|0.246835|1.000000|      88|     108
2022-10-31 19:44:48.170 | DEBUG    | localization_association_rule_mining:__call__:392 - |config                        |    4.86|config                                                      |0.101266|   48.00|0.101266|1.000000|      48|       0
2022-10-31 19:44:48.170 | DEBUG    | localization_association_rule_mining:__call__:392 - |seat                          |    4.61|seat                                                        |0.191983|   24.00|0.191983|1.000000|      54|      78
2022-10-31 19:44:48.170 | DEBUG    | localization_association_rule_mining:__call__:392 - |verification-code             |    4.03|verification-code                                           |0.076040|   53.00|0.111814|0.192029|      53|       0
2022-10-31 19:44:48.170 | DEBUG    | localization_association_rule_mining:__call__:392 - |ticketinfo                    |    1.32|ticketinfo                                                  |0.219409|    6.00|0.219409|1.000000|      82|      88
2022-10-31 19:44:48.170 | DEBUG    | localization_association_rule_mining:__call__:392 - |route-plan                    |   -1.00|                                                            |0.000000|    0.00|0.000000|0.000000|       0|       0
2022-10-31 19:44:48.170 | DEBUG    | localization_association_rule_mining:__call__:392 - |assurance                     |   -1.00|                                                            |0.000000|    0.00|0.000000|0.000000|       0|       0
2022-10-31 19:44:48.170 | DEBUG    | localization_association_rule_mining:__call__:392 - |user                          |   -1.00|                                                            |0.000000|    0.00|0.000000|0.000000|       0|       0
2022-10-31 19:44:48.170 | DEBUG    | localization_association_rule_mining:__call__:392 - |ts-ui-dashboard               |   -1.00|                                                            |0.000000|    0.00|0.000000|0.000000|       0|       0
2022-10-31 19:44:48.170 | DEBUG    | localization_association_rule_mining:__call__:392 - |payment                       |   -1.00|                                                            |0.000000|    0.00|0.000000|0.000000|       0|       0
2022-10-31 19:44:48.170 | DEBUG    | localization_association_rule_mining:__call__:392 - |travel-plan                   |   -1.00|                                                            |0.000000|    0.00|0.000000|0.000000|       0|       0
2022-10-31 19:44:48.170 | DEBUG    | localization_association_rule_mining:__call__:392 - |travel2                       |   -1.00|                                                            |0.000000|    0.00|0.000000|0.000000|       0|       0
2022-10-31 19:44:48.171 | DEBUG    | localization_association_rule_mining:__call__:392 - |security                      |   -1.00|                                                            |0.000000|    0.00|0.000000|0.000000|       0|       0
2022-10-31 19:44:48.171 | DEBUG    | localization_association_rule_mining:__call__:392 - |preserve                      |   -1.00|                                                            |0.000000|    0.00|0.000000|0.000000|       0|       0
2022-10-31 19:44:48.171 | DEBUG    | localization_association_rule_mining:__call__:392 - |admin-order                   |   -1.00|                                                            |0.000000|    0.00|0.000000|0.000000|       0|       0
2022-10-31 19:44:48.171 | DEBUG    | localization_association_rule_mining:__call__:392 - |inside-payment                |   -1.00|                                                            |0.000000|    0.00|0.000000|0.000000|       0|       0
2022-10-31 19:44:48.171 | DEBUG    | localization_association_rule_mining:__call__:392 - |notification                  |   -1.00|                                                            |0.000000|    0.00|0.000000|0.000000|       0|       0
2022-10-31 19:44:48.171 | DEBUG    | localization_association_rule_mining:__call__:392 - |contacts                      |   -1.00|                                                            |0.000000|    0.00|0.000000|0.000000|       0|       0
2022-10-31 19:44:48.171 | DEBUG    | localization_association_rule_mining:__call__:392 - |preserve-other                |   -1.00|                                                            |0.000000|    0.00|0.000000|0.000000|       0|       0
2022-10-31 19:44:48.171 | DEBUG    | localization_association_rule_mining:__call__:392 - |consign                       |   -1.00|                                                            |0.000000|    0.00|0.000000|0.000000|       0|       0
2022-10-31 19:44:48.171 | DEBUG    | localization_association_rule_mining:__call__:392 - |price                         |   -1.00|                                                            |0.000000|    0.00|0.000000|0.000000|       0|       0
