2022-11-08 18:35:37.517 | DEBUG    | localization_association_rule_mining:__call__:390 - |item                          |score   |pattern                                                     |ps      |ips     |p(a|b)  |p(b|a)  |in      |out     
2022-11-08 18:35:37.517 | DEBUG    | localization_association_rule_mining:__call__:394 - |contacts                      |   66.78|contacts                                                    |0.733871|   91.00|0.758333|0.957895|      91|       0
2022-11-08 18:35:37.517 | DEBUG    | localization_association_rule_mining:__call__:394 - |ticketinfo                    |    7.50|ticketinfo                                                  |0.250000|   30.00|0.275000|0.733333|      30|       0
2022-11-08 18:35:37.517 | DEBUG    | localization_association_rule_mining:__call__:394 - |travel                        |    3.97|travel                                                      |0.172619|   23.00|0.241667|0.376623|       1|      24
2022-11-08 18:35:37.517 | DEBUG    | localization_association_rule_mining:__call__:394 - |preserve                      |    1.23|preserve                                                    |0.136364|    9.00|0.150000|0.600000|       0|       9
2022-11-08 18:35:37.517 | DEBUG    | localization_association_rule_mining:__call__:394 - |seat                          |    0.17|seat                                                        |0.172932|    1.00|0.191667|0.638889|       1|       0
2022-11-08 18:35:37.517 | DEBUG    | localization_association_rule_mining:__call__:394 - |station                       |    0.11|station                                                     |0.114173|    1.00|0.241667|0.177914|       1|       0
2022-11-08 18:35:37.518 | DEBUG    | localization_association_rule_mining:__call__:394 - |order-other                   |    0.08|order-other                                                 |0.040541|    2.00|0.100000|0.063830|       2|       0
2022-11-08 18:35:37.518 | DEBUG    | localization_association_rule_mining:__call__:394 - |order                         |    0.00|order                                                       |0.053824|    0.00|0.158333|0.075397|       0|       0
2022-11-08 18:35:37.518 | DEBUG    | localization_association_rule_mining:__call__:394 - |basic                         |    0.00|basic                                                       |0.237037|    0.00|0.266667|0.680851|       0|       0
2022-11-08 18:35:37.518 | DEBUG    | localization_association_rule_mining:__call__:394 - |train                         |    0.00|train                                                       |0.188976|    0.00|0.200000|0.774194|       0|       0
2022-11-08 18:35:37.518 | DEBUG    | localization_association_rule_mining:__call__:394 - |route                         |    0.00|route                                                       |0.175676|    0.00|0.216667|0.481481|       0|       0
2022-11-08 18:35:37.518 | DEBUG    | localization_association_rule_mining:__call__:394 - |security                      |    0.00|security                                                    |0.095238|    0.00|0.100000|0.666667|       0|       0
2022-11-08 18:35:37.518 | DEBUG    | localization_association_rule_mining:__call__:394 - |route-plan                    |   -1.00|                                                            |0.000000|    0.00|0.000000|0.000000|       0|       0
2022-11-08 18:35:37.518 | DEBUG    | localization_association_rule_mining:__call__:394 - |notification                  |   -1.00|                                                            |0.000000|    0.00|0.000000|0.000000|       0|       0
2022-11-08 18:35:37.518 | DEBUG    | localization_association_rule_mining:__call__:394 - |admin-order                   |   -1.00|                                                            |0.000000|    0.00|0.000000|0.000000|       0|       0
2022-11-08 18:35:37.518 | DEBUG    | localization_association_rule_mining:__call__:394 - |travel-plan                   |   -1.00|                                                            |0.000000|    0.00|0.000000|0.000000|       0|       0
2022-11-08 18:35:37.518 | DEBUG    | localization_association_rule_mining:__call__:394 - |auth                          |   -1.00|                                                            |0.000000|    0.00|0.000000|0.000000|       0|       0
2022-11-08 18:35:37.518 | DEBUG    | localization_association_rule_mining:__call__:394 - |food                          |   -1.00|                                                            |0.000000|    0.00|0.000000|0.000000|       0|       0
2022-11-08 18:35:37.518 | DEBUG    | localization_association_rule_mining:__call__:394 - |price                         |   -1.00|                                                            |0.000000|    0.00|0.000000|0.000000|       0|       0
2022-11-08 18:35:37.518 | DEBUG    | localization_association_rule_mining:__call__:394 - |consign                       |   -1.00|                                                            |0.000000|    0.00|0.000000|0.000000|       0|       0
2022-11-08 18:35:37.518 | DEBUG    | localization_association_rule_mining:__call__:394 - |inside-payment                |   -1.00|                                                            |0.000000|    0.00|0.000000|0.000000|       0|       0
2022-11-08 18:35:37.518 | DEBUG    | localization_association_rule_mining:__call__:394 - |food-map                      |   -1.00|                                                            |0.000000|    0.00|0.000000|0.000000|       0|       0
2022-11-08 18:35:37.518 | DEBUG    | localization_association_rule_mining:__call__:394 - |config                        |   -1.00|                                                            |0.000000|    0.00|0.000000|0.000000|       0|       0
2022-11-08 18:35:37.518 | DEBUG    | localization_association_rule_mining:__call__:394 - |user                          |   -1.00|                                                            |0.000000|    0.00|0.000000|0.000000|       0|       0
2022-11-08 18:35:37.519 | DEBUG    | localization_association_rule_mining:__call__:394 - |payment                       |   -1.00|                                                            |0.000000|    0.00|0.000000|0.000000|       0|       0
2022-11-08 18:35:37.519 | DEBUG    | localization_association_rule_mining:__call__:394 - |admin-basic-info              |   -1.00|                                                            |0.000000|    0.00|0.000000|0.000000|       0|       0
2022-11-08 18:35:37.519 | DEBUG    | localization_association_rule_mining:__call__:394 - |travel2                       |   -1.00|                                                            |0.000000|    0.00|0.000000|0.000000|       0|       0
2022-11-08 18:35:37.519 | DEBUG    | localization_association_rule_mining:__call__:394 - |ts-ui-dashboard               |   -1.00|                                                            |0.000000|    0.00|0.000000|0.000000|       0|       0
2022-11-08 18:35:37.519 | DEBUG    | localization_association_rule_mining:__call__:394 - |cancel                        |   -1.00|                                                            |0.000000|    0.00|0.000000|0.000000|       0|       0
2022-11-08 18:35:37.519 | DEBUG    | localization_association_rule_mining:__call__:394 - |assurance                     |   -1.00|                                                            |0.000000|    0.00|0.000000|0.000000|       0|       0
2022-11-08 18:35:37.519 | DEBUG    | localization_association_rule_mining:__call__:394 - |verification-code             |   -1.00|                                                            |0.000000|    0.00|0.000000|0.000000|       0|       0
2022-11-08 18:35:37.519 | DEBUG    | localization_association_rule_mining:__call__:394 - |preserve-other                |   -1.00|                                                            |0.000000|    0.00|0.000000|0.000000|       0|       0
