2022-11-16 15:27:05.188 | DEBUG    | localization_association_rule_mining:__call__:390 - |item                          |score   |pattern                                                     |ps      |ips     |p(a|b)  |p(b|a)  |in      |out     
2022-11-16 15:27:05.188 | DEBUG    | localization_association_rule_mining:__call__:394 - |order                         |   18.67|order                                                       |0.666667|   28.00|0.666667|1.000000|      28|       0
2022-11-16 15:27:05.188 | DEBUG    | localization_association_rule_mining:__call__:394 - |train                         |    5.36|train                                                       |0.357143|   15.00|0.357143|1.000000|      15|       0
2022-11-16 15:27:05.188 | DEBUG    | localization_association_rule_mining:__call__:394 - |seat                          |    4.00|seat                                                        |0.333333|   12.00|0.333333|1.000000|      12|       0
2022-11-16 15:27:05.188 | DEBUG    | localization_association_rule_mining:__call__:394 - |ticketinfo                    |    2.50|ticketinfo                                                  |0.357143|    7.00|0.357143|1.000000|       2|       9
2022-11-16 15:27:05.188 | DEBUG    | localization_association_rule_mining:__call__:394 - |travel                        |    1.29|travel                                                      |0.258065|    5.00|0.380952|0.444444|      10|      15
2022-11-16 15:27:05.188 | DEBUG    | localization_association_rule_mining:__call__:394 - |preserve                      |    0.57|preserve                                                    |0.190476|    3.00|0.190476|1.000000|       7|       4
2022-11-16 15:27:05.188 | DEBUG    | localization_association_rule_mining:__call__:394 - |route                         |    0.00|route                                                       |0.224138|    0.00|0.309524|0.448276|       0|       0
2022-11-16 15:27:05.188 | DEBUG    | localization_association_rule_mining:__call__:394 - |price                         |    0.00|price                                                       |0.166667|    0.00|0.166667|1.000000|       0|       0
2022-11-16 15:27:05.188 | DEBUG    | localization_association_rule_mining:__call__:394 - |cancel                        |    0.00|cancel                                                      |0.162791|    0.00|0.166667|0.875000|       5|       5
2022-11-16 15:27:05.189 | DEBUG    | localization_association_rule_mining:__call__:394 - |basic                         |    0.00|basic                                                       |0.380952|    0.00|0.380952|1.000000|       9|       9
2022-11-16 15:27:05.189 | DEBUG    | localization_association_rule_mining:__call__:394 - |station                       |    0.00|station                                                     |0.338235|    0.00|0.547619|0.469388|       0|       0
2022-11-16 15:27:05.189 | DEBUG    | localization_association_rule_mining:__call__:394 - |payment                       |   -1.00|                                                            |0.000000|    0.00|0.000000|0.000000|       0|       0
2022-11-16 15:27:05.189 | DEBUG    | localization_association_rule_mining:__call__:394 - |notification                  |   -1.00|                                                            |0.000000|    0.00|0.000000|0.000000|       0|       0
2022-11-16 15:27:05.189 | DEBUG    | localization_association_rule_mining:__call__:394 - |order-other                   |   -1.00|                                                            |0.000000|    0.00|0.000000|0.000000|       0|       0
2022-11-16 15:27:05.189 | DEBUG    | localization_association_rule_mining:__call__:394 - |contacts                      |   -1.00|                                                            |0.000000|    0.00|0.000000|0.000000|       0|       0
2022-11-16 15:27:05.189 | DEBUG    | localization_association_rule_mining:__call__:394 - |consign                       |   -1.00|                                                            |0.000000|    0.00|0.000000|0.000000|       0|       0
2022-11-16 15:27:05.189 | DEBUG    | localization_association_rule_mining:__call__:394 - |food-map                      |   -1.00|                                                            |0.000000|    0.00|0.000000|0.000000|       0|       0
2022-11-16 15:27:05.189 | DEBUG    | localization_association_rule_mining:__call__:394 - |food                          |   -1.00|                                                            |0.000000|    0.00|0.000000|0.000000|       0|       0
2022-11-16 15:27:05.189 | DEBUG    | localization_association_rule_mining:__call__:394 - |inside-payment                |   -1.00|                                                            |0.000000|    0.00|0.000000|0.000000|       0|       0
2022-11-16 15:27:05.189 | DEBUG    | localization_association_rule_mining:__call__:394 - |security                      |   -1.00|                                                            |0.000000|    0.00|0.000000|0.000000|       0|       0
2022-11-16 15:27:05.189 | DEBUG    | localization_association_rule_mining:__call__:394 - |assurance                     |   -1.00|                                                            |0.000000|    0.00|0.000000|0.000000|       0|       0
2022-11-16 15:27:05.189 | DEBUG    | localization_association_rule_mining:__call__:394 - |verification-code             |   -1.00|                                                            |0.000000|    0.00|0.000000|0.000000|       0|       0
2022-11-16 15:27:05.189 | DEBUG    | localization_association_rule_mining:__call__:394 - |ts-ui-dashboard               |   -1.00|                                                            |0.000000|    0.00|0.000000|0.000000|       0|       0
2022-11-16 15:27:05.189 | DEBUG    | localization_association_rule_mining:__call__:394 - |user                          |   -1.00|                                                            |0.000000|    0.00|0.000000|0.000000|       0|       0
2022-11-16 15:27:05.189 | DEBUG    | localization_association_rule_mining:__call__:394 - |auth                          |   -1.00|                                                            |0.000000|    0.00|0.000000|0.000000|       0|       0
