2022-10-31 19:46:26.450 | DEBUG    | localization_association_rule_mining:__call__:388 - |item                          |score   |pattern                                                     |ps      |ips     |p(a|b)  |p(b|a)  |in      |out     
2022-10-31 19:46:26.450 | DEBUG    | localization_association_rule_mining:__call__:392 - |station                       |   97.22|station                                                     |0.406780|  239.00|0.589681|0.567376|     239|       0
2022-10-31 19:46:26.451 | DEBUG    | localization_association_rule_mining:__call__:392 - |travel                        |   96.43|travel                                                      |0.547912|  176.00|0.547912|1.000000|     210|      34
2022-10-31 19:46:26.451 | DEBUG    | localization_association_rule_mining:__call__:392 - |food                          |   49.08|food                                                        |0.399050|  123.00|0.412776|0.923077|      22|     145
2022-10-31 19:46:26.451 | DEBUG    | localization_association_rule_mining:__call__:392 - |food-map                      |   43.46|food-map                                                    |0.326781|  133.00|0.326781|1.000000|     133|       0
2022-10-31 19:46:26.451 | DEBUG    | localization_association_rule_mining:__call__:392 - |order                         |   28.14|order                                                       |0.183894|  153.00|0.375921|0.264706|     153|       0
2022-10-31 19:46:26.451 | DEBUG    | localization_association_rule_mining:__call__:392 - |route                         |   25.06|route                                                       |0.248157|  101.00|0.248157|1.000000|     101|       0
2022-10-31 19:46:26.451 | DEBUG    | localization_association_rule_mining:__call__:392 - |config                        |   20.35|config                                                      |0.223587|   91.00|0.223587|1.000000|      91|       0
2022-10-31 19:46:26.451 | DEBUG    | localization_association_rule_mining:__call__:392 - |train                         |   18.17|train                                                       |0.211302|   86.00|0.211302|1.000000|      86|       0
2022-10-31 19:46:26.451 | DEBUG    | localization_association_rule_mining:__call__:392 - |ticketinfo                    |   17.20|ticketinfo                                                  |0.307125|   56.00|0.307125|1.000000|      65|     121
2022-10-31 19:46:26.451 | DEBUG    | localization_association_rule_mining:__call__:392 - |seat                          |   15.81|seat                                                        |0.287469|   55.00|0.287469|1.000000|      56|     111
2022-10-31 19:46:26.451 | DEBUG    | localization_association_rule_mining:__call__:392 - |price                         |   13.09|price                                                       |0.179361|   73.00|0.179361|1.000000|      73|       0
2022-10-31 19:46:26.451 | DEBUG    | localization_association_rule_mining:__call__:392 - |auth                          |    8.76|auth                                                        |0.141230|   62.00|0.152334|0.659574|       0|      62
2022-10-31 19:46:26.451 | DEBUG    | localization_association_rule_mining:__call__:392 - |cancel                        |    8.55|cancel                                                      |0.140230|   61.00|0.149877|0.685393|       0|      61
2022-10-31 19:46:26.451 | DEBUG    | localization_association_rule_mining:__call__:392 - |verification-code             |    5.58|verification-code                                           |0.089985|   62.00|0.152334|0.180233|      62|       0
2022-10-31 19:46:26.452 | DEBUG    | localization_association_rule_mining:__call__:392 - |order-other                   |    5.06|order-other                                                 |0.085756|   59.00|0.144963|0.173529|      59|       0
2022-10-31 19:46:26.452 | DEBUG    | localization_association_rule_mining:__call__:392 - |preserve                      |    4.89|preserve                                                    |0.125307|   39.00|0.125307|1.000000|       0|      39
2022-10-31 19:46:26.452 | DEBUG    | localization_association_rule_mining:__call__:392 - |basic                         |    1.92|basic                                                       |0.319410|    6.00|0.319410|1.000000|     121|     127
2022-10-31 19:46:26.452 | DEBUG    | localization_association_rule_mining:__call__:392 - |security                      |    1.55|security                                                    |0.110565|   14.00|0.110565|1.000000|      21|      35
2022-10-31 19:46:26.452 | DEBUG    | localization_association_rule_mining:__call__:392 - |notification                  |    0.00|notification                                                |0.121655|    0.00|0.122850|0.925926|       0|       0
2022-10-31 19:46:26.452 | DEBUG    | localization_association_rule_mining:__call__:392 - |travel2                       |    0.00|travel2                                                     |0.100737|    0.00|0.100737|1.000000|      33|      33
2022-10-31 19:46:26.452 | DEBUG    | localization_association_rule_mining:__call__:392 - |assurance                     |   -1.00|                                                            |0.000000|    0.00|0.000000|0.000000|       0|       0
2022-10-31 19:46:26.452 | DEBUG    | localization_association_rule_mining:__call__:392 - |preserve-other                |   -1.00|                                                            |0.000000|    0.00|0.000000|0.000000|       0|       0
2022-10-31 19:46:26.452 | DEBUG    | localization_association_rule_mining:__call__:392 - |ts-ui-dashboard               |   -1.00|                                                            |0.000000|    0.00|0.000000|0.000000|       0|       0
2022-10-31 19:46:26.452 | DEBUG    | localization_association_rule_mining:__call__:392 - |payment                       |   -1.00|                                                            |0.000000|    0.00|0.000000|0.000000|       0|       0
2022-10-31 19:46:26.452 | DEBUG    | localization_association_rule_mining:__call__:392 - |travel-plan                   |   -1.00|                                                            |0.000000|    0.00|0.000000|0.000000|       0|       0
2022-10-31 19:46:26.452 | DEBUG    | localization_association_rule_mining:__call__:392 - |inside-payment                |   -1.00|                                                            |0.000000|    0.00|0.000000|0.000000|       0|       0
2022-10-31 19:46:26.452 | DEBUG    | localization_association_rule_mining:__call__:392 - |route-plan                    |   -1.00|                                                            |0.000000|    0.00|0.000000|0.000000|       0|       0
2022-10-31 19:46:26.452 | DEBUG    | localization_association_rule_mining:__call__:392 - |contacts                      |   -1.00|                                                            |0.000000|    0.00|0.000000|0.000000|       0|       0
2022-10-31 19:46:26.452 | DEBUG    | localization_association_rule_mining:__call__:392 - |admin-order                   |   -1.00|                                                            |0.000000|    0.00|0.000000|0.000000|       0|       0
2022-10-31 19:46:26.452 | DEBUG    | localization_association_rule_mining:__call__:392 - |consign                       |   -1.00|                                                            |0.000000|    0.00|0.000000|0.000000|       0|       0
2022-10-31 19:46:26.452 | DEBUG    | localization_association_rule_mining:__call__:392 - |user                          |   -1.00|                                                            |0.000000|    0.00|0.000000|0.000000|       0|       0
