2022-11-08 18:38:18.676 | DEBUG    | localization_association_rule_mining:__call__:390 - |item                          |score   |pattern                                                     |ps      |ips     |p(a|b)  |p(b|a)  |in      |out     
2022-11-08 18:38:18.676 | DEBUG    | localization_association_rule_mining:__call__:394 - |order-other                   |   41.09|order-other                                                 |0.955556|   43.00|0.955556|1.000000|      43|       0
2022-11-08 18:38:18.676 | DEBUG    | localization_association_rule_mining:__call__:394 - |security                      |    0.36|security                                                    |0.355556|    1.00|0.355556|1.000000|      16|      15
2022-11-08 18:38:18.676 | DEBUG    | localization_association_rule_mining:__call__:394 - |route-plan                    |    0.27|route-plan                                                  |0.133333|    2.00|0.133333|1.000000|       4|       6
2022-11-08 18:38:18.676 | DEBUG    | localization_association_rule_mining:__call__:394 - |travel-plan                   |    0.27|travel-plan                                                 |0.133333|    2.00|0.133333|1.000000|       6|       4
2022-11-08 18:38:18.676 | DEBUG    | localization_association_rule_mining:__call__:394 - |travel2                       |    0.13|travel2                                                     |0.133333|    1.00|0.133333|1.000000|       6|       5
2022-11-08 18:38:18.676 | DEBUG    | localization_association_rule_mining:__call__:394 - |config                        |    0.00|config                                                      |0.117647|    0.00|0.133333|0.500000|       0|       0
2022-11-08 18:38:18.676 | DEBUG    | localization_association_rule_mining:__call__:394 - |seat                          |    0.00|seat                                                        |0.117647|    0.00|0.133333|0.500000|       0|       0
2022-11-08 18:38:18.676 | DEBUG    | localization_association_rule_mining:__call__:394 - |ticketinfo                    |    0.00|ticketinfo                                                  |0.117647|    0.00|0.133333|0.500000|       0|       0
2022-11-08 18:38:18.676 | DEBUG    | localization_association_rule_mining:__call__:394 - |basic                         |    0.00|basic                                                       |0.117647|    0.00|0.133333|0.500000|       0|       0
2022-11-08 18:38:18.676 | DEBUG    | localization_association_rule_mining:__call__:394 - |preserve                      |    0.00|preserve                                                    |0.347826|    0.00|0.355556|0.941176|      16|      16
2022-11-08 18:38:18.676 | DEBUG    | localization_association_rule_mining:__call__:394 - |order                         |    0.00|order                                                       |0.295775|    0.00|0.466667|0.446809|       0|       0
2022-11-08 18:38:18.676 | DEBUG    | localization_association_rule_mining:__call__:394 - |ts-ui-dashboard               |   -1.00|                                                            |0.000000|    0.00|0.000000|0.000000|       0|       0
2022-11-08 18:38:18.676 | DEBUG    | localization_association_rule_mining:__call__:394 - |train                         |   -1.00|                                                            |0.000000|    0.00|0.000000|0.000000|       0|       0
2022-11-08 18:38:18.676 | DEBUG    | localization_association_rule_mining:__call__:394 - |food                          |   -1.00|                                                            |0.000000|    0.00|0.000000|0.000000|       0|       0
2022-11-08 18:38:18.676 | DEBUG    | localization_association_rule_mining:__call__:394 - |price                         |   -1.00|                                                            |0.000000|    0.00|0.000000|0.000000|       0|       0
2022-11-08 18:38:18.677 | DEBUG    | localization_association_rule_mining:__call__:394 - |station                       |   -1.00|                                                            |0.000000|    0.00|0.000000|0.000000|       0|       0
2022-11-08 18:38:18.677 | DEBUG    | localization_association_rule_mining:__call__:394 - |consign                       |   -1.00|                                                            |0.000000|    0.00|0.000000|0.000000|       0|       0
2022-11-08 18:38:18.677 | DEBUG    | localization_association_rule_mining:__call__:394 - |food-map                      |   -1.00|                                                            |0.000000|    0.00|0.000000|0.000000|       0|       0
2022-11-08 18:38:18.677 | DEBUG    | localization_association_rule_mining:__call__:394 - |auth                          |   -1.00|                                                            |0.000000|    0.00|0.000000|0.000000|       0|       0
2022-11-08 18:38:18.677 | DEBUG    | localization_association_rule_mining:__call__:394 - |travel                        |   -1.00|                                                            |0.000000|    0.00|0.000000|0.000000|       0|       0
2022-11-08 18:38:18.677 | DEBUG    | localization_association_rule_mining:__call__:394 - |assurance                     |   -1.00|                                                            |0.000000|    0.00|0.000000|0.000000|       0|       0
2022-11-08 18:38:18.677 | DEBUG    | localization_association_rule_mining:__call__:394 - |contacts                      |   -1.00|                                                            |0.000000|    0.00|0.000000|0.000000|       0|       0
2022-11-08 18:38:18.677 | DEBUG    | localization_association_rule_mining:__call__:394 - |verification-code             |   -1.00|                                                            |0.000000|    0.00|0.000000|0.000000|       0|       0
2022-11-08 18:38:18.677 | DEBUG    | localization_association_rule_mining:__call__:394 - |route                         |   -1.00|                                                            |0.000000|    0.00|0.000000|0.000000|       0|       0
