2022-10-31 19:45:21.197 | DEBUG    | localization_association_rule_mining:__call__:388 - |item                          |score   |pattern                                                     |ps      |ips     |p(a|b)  |p(b|a)  |in      |out     
2022-10-31 19:45:21.198 | DEBUG    | localization_association_rule_mining:__call__:392 - |station                       |  152.88|station                                                     |0.514731|  297.00|0.613636|0.761538|     297|       0
2022-10-31 19:45:21.198 | DEBUG    | localization_association_rule_mining:__call__:392 - |route                         |   35.38|route                                                       |0.272165|  130.00|0.272727|0.992481|     130|       0
2022-10-31 19:45:21.198 | DEBUG    | localization_association_rule_mining:__call__:392 - |food                          |   24.65|food                                                        |0.265060|   93.00|0.272727|0.904110|      17|     110
2022-10-31 19:45:21.198 | DEBUG    | localization_association_rule_mining:__call__:392 - |order-other                   |   21.53|order-other                                                 |0.250379|   86.00|0.340909|0.485294|      39|     125
2022-10-31 19:45:21.198 | DEBUG    | localization_association_rule_mining:__call__:392 - |order                         |   21.06|order                                                       |0.160736|  131.00|0.270661|0.283550|     131|       0
2022-10-31 19:45:21.198 | DEBUG    | localization_association_rule_mining:__call__:392 - |food-map                      |   16.37|food-map                                                    |0.183884|   89.00|0.183884|1.000000|      89|       0
2022-10-31 19:45:21.198 | DEBUG    | localization_association_rule_mining:__call__:392 - |train                         |   11.31|train                                                       |0.152893|   74.00|0.152893|1.000000|      74|       0
2022-10-31 19:45:21.198 | DEBUG    | localization_association_rule_mining:__call__:392 - |cancel                        |    7.63|cancel                                                      |0.121154|   63.00|0.130165|0.636364|       0|      63
2022-10-31 19:45:21.199 | DEBUG    | localization_association_rule_mining:__call__:392 - |travel                        |    7.24|travel                                                      |0.402062|   18.00|0.402893|0.994898|     124|     142
2022-10-31 19:45:21.199 | DEBUG    | localization_association_rule_mining:__call__:392 - |preserve                      |    4.40|preserve                                                    |0.107438|   41.00|0.107438|1.000000|       0|      41
2022-10-31 19:45:21.199 | DEBUG    | localization_association_rule_mining:__call__:392 - |ticketinfo                    |    2.87|ticketinfo                                                  |0.221074|   13.00|0.221074|1.000000|      82|      95
2022-10-31 19:45:21.199 | DEBUG    | localization_association_rule_mining:__call__:392 - |basic                         |    2.40|basic                                                       |0.239669|   10.00|0.239669|1.000000|      95|     105
2022-10-31 19:45:21.199 | DEBUG    | localization_association_rule_mining:__call__:392 - |seat                          |    2.23|seat                                                        |0.185950|   12.00|0.185950|1.000000|      63|      75
2022-10-31 19:45:21.199 | DEBUG    | localization_association_rule_mining:__call__:392 - |travel-plan                   |   -1.00|                                                            |0.000000|    0.00|0.000000|0.000000|       0|       0
2022-10-31 19:45:21.199 | DEBUG    | localization_association_rule_mining:__call__:392 - |inside-payment                |   -1.00|                                                            |0.000000|    0.00|0.000000|0.000000|       0|       0
2022-10-31 19:45:21.199 | DEBUG    | localization_association_rule_mining:__call__:392 - |security                      |   -1.00|                                                            |0.000000|    0.00|0.000000|0.000000|       0|       0
2022-10-31 19:45:21.199 | DEBUG    | localization_association_rule_mining:__call__:392 - |notification                  |   -1.00|                                                            |0.000000|    0.00|0.000000|0.000000|       0|       0
2022-10-31 19:45:21.199 | DEBUG    | localization_association_rule_mining:__call__:392 - |consign                       |   -1.00|                                                            |0.000000|    0.00|0.000000|0.000000|       0|       0
2022-10-31 19:45:21.199 | DEBUG    | localization_association_rule_mining:__call__:392 - |price                         |   -1.00|                                                            |0.000000|    0.00|0.000000|0.000000|       0|       0
2022-10-31 19:45:21.199 | DEBUG    | localization_association_rule_mining:__call__:392 - |auth                          |   -1.00|                                                            |0.000000|    0.00|0.000000|0.000000|       0|       0
2022-10-31 19:45:21.199 | DEBUG    | localization_association_rule_mining:__call__:392 - |assurance                     |   -1.00|                                                            |0.000000|    0.00|0.000000|0.000000|       0|       0
2022-10-31 19:45:21.199 | DEBUG    | localization_association_rule_mining:__call__:392 - |verification-code             |   -1.00|                                                            |0.000000|    0.00|0.000000|0.000000|       0|       0
2022-10-31 19:45:21.199 | DEBUG    | localization_association_rule_mining:__call__:392 - |admin-basic-info              |   -1.00|                                                            |0.000000|    0.00|0.000000|0.000000|       0|       0
2022-10-31 19:45:21.199 | DEBUG    | localization_association_rule_mining:__call__:392 - |route-plan                    |   -1.00|                                                            |0.000000|    0.00|0.000000|0.000000|       0|       0
2022-10-31 19:45:21.199 | DEBUG    | localization_association_rule_mining:__call__:392 - |payment                       |   -1.00|                                                            |0.000000|    0.00|0.000000|0.000000|       0|       0
2022-10-31 19:45:21.199 | DEBUG    | localization_association_rule_mining:__call__:392 - |admin-route                   |   -1.00|                                                            |0.000000|    0.00|0.000000|0.000000|       0|       0
2022-10-31 19:45:21.200 | DEBUG    | localization_association_rule_mining:__call__:392 - |config                        |   -1.00|                                                            |0.000000|    0.00|0.000000|0.000000|       0|       0
2022-10-31 19:45:21.200 | DEBUG    | localization_association_rule_mining:__call__:392 - |preserve-other                |   -1.00|                                                            |0.000000|    0.00|0.000000|0.000000|       0|       0
2022-10-31 19:45:21.200 | DEBUG    | localization_association_rule_mining:__call__:392 - |ts-ui-dashboard               |   -1.00|                                                            |0.000000|    0.00|0.000000|0.000000|       0|       0
2022-10-31 19:45:21.200 | DEBUG    | localization_association_rule_mining:__call__:392 - |travel2                       |   -1.00|                                                            |0.000000|    0.00|0.000000|0.000000|       0|       0
2022-10-31 19:45:21.200 | DEBUG    | localization_association_rule_mining:__call__:392 - |admin-order                   |   -1.00|                                                            |0.000000|    0.00|0.000000|0.000000|       0|       0
2022-10-31 19:45:21.200 | DEBUG    | localization_association_rule_mining:__call__:392 - |user                          |   -1.00|                                                            |0.000000|    0.00|0.000000|0.000000|       0|       0
2022-10-31 19:45:21.200 | DEBUG    | localization_association_rule_mining:__call__:392 - |contacts                      |   -1.00|                                                            |0.000000|    0.00|0.000000|0.000000|       0|       0
