2022-10-31 19:46:23.630 | DEBUG    | localization_association_rule_mining:__call__:388 - |item                          |score   |pattern                                                     |ps      |ips     |p(a|b)  |p(b|a)  |in      |out     
2022-10-31 19:46:23.630 | DEBUG    | localization_association_rule_mining:__call__:392 - |station                       |   84.93|station                                                     |0.466667|  182.00|0.631944|0.640845|     182|       0
2022-10-31 19:46:23.630 | DEBUG    | localization_association_rule_mining:__call__:392 - |order-other                   |   34.90|order-other                                                 |0.332402|  105.00|0.413194|0.629630|       7|     112
2022-10-31 19:46:23.630 | DEBUG    | localization_association_rule_mining:__call__:392 - |food                          |   15.46|food                                                        |0.257627|   60.00|0.263889|0.915663|       6|      66
2022-10-31 19:46:23.630 | DEBUG    | localization_association_rule_mining:__call__:392 - |route                         |   12.88|route                                                       |0.211073|   61.00|0.211806|0.983871|      61|       0
2022-10-31 19:46:23.630 | DEBUG    | localization_association_rule_mining:__call__:392 - |food-map                      |   10.89|food-map                                                    |0.197917|   55.00|0.197917|1.000000|      55|       0
2022-10-31 19:46:23.630 | DEBUG    | localization_association_rule_mining:__call__:392 - |cancel                        |    6.35|cancel                                                      |0.144262|   44.00|0.152778|0.721311|       0|      44
2022-10-31 19:46:23.630 | DEBUG    | localization_association_rule_mining:__call__:392 - |order                         |    6.05|order                                                       |0.110020|   55.00|0.194444|0.202166|      55|       0
2022-10-31 19:46:23.630 | DEBUG    | localization_association_rule_mining:__call__:392 - |auth                          |    3.19|auth                                                        |0.102990|   31.00|0.107639|0.704545|       0|      31
2022-10-31 19:46:23.630 | DEBUG    | localization_association_rule_mining:__call__:392 - |verification-code             |    2.30|verification-code                                           |0.074341|   31.00|0.107639|0.193750|      31|       0
2022-10-31 19:46:23.631 | DEBUG    | localization_association_rule_mining:__call__:392 - |travel                        |    0.29|travel                                                      |0.287197|    1.00|0.288194|0.988095|      61|      62
2022-10-31 19:46:23.631 | DEBUG    | localization_association_rule_mining:__call__:392 - |inside-payment                |   -1.00|                                                            |0.000000|    0.00|0.000000|0.000000|       0|       0
2022-10-31 19:46:23.631 | DEBUG    | localization_association_rule_mining:__call__:392 - |admin-travel                  |   -1.00|                                                            |0.000000|    0.00|0.000000|0.000000|       0|       0
2022-10-31 19:46:23.631 | DEBUG    | localization_association_rule_mining:__call__:392 - |admin-route                   |   -1.00|                                                            |0.000000|    0.00|0.000000|0.000000|       0|       0
2022-10-31 19:46:23.631 | DEBUG    | localization_association_rule_mining:__call__:392 - |user                          |   -1.00|                                                            |0.000000|    0.00|0.000000|0.000000|       0|       0
2022-10-31 19:46:23.631 | DEBUG    | localization_association_rule_mining:__call__:392 - |travel2                       |   -1.00|                                                            |0.000000|    0.00|0.000000|0.000000|       0|       0
2022-10-31 19:46:23.631 | DEBUG    | localization_association_rule_mining:__call__:392 - |ts-ui-dashboard               |   -1.00|                                                            |0.000000|    0.00|0.000000|0.000000|       0|       0
2022-10-31 19:46:23.631 | DEBUG    | localization_association_rule_mining:__call__:392 - |ticketinfo                    |   -1.00|                                                            |0.000000|    0.00|0.000000|0.000000|       0|       0
2022-10-31 19:46:23.631 | DEBUG    | localization_association_rule_mining:__call__:392 - |train                         |   -1.00|                                                            |0.000000|    0.00|0.000000|0.000000|       0|       0
2022-10-31 19:46:23.631 | DEBUG    | localization_association_rule_mining:__call__:392 - |admin-user                    |   -1.00|                                                            |0.000000|    0.00|0.000000|0.000000|       0|       0
2022-10-31 19:46:23.631 | DEBUG    | localization_association_rule_mining:__call__:392 - |travel-plan                   |   -1.00|                                                            |0.000000|    0.00|0.000000|0.000000|       0|       0
2022-10-31 19:46:23.631 | DEBUG    | localization_association_rule_mining:__call__:392 - |admin-basic-info              |   -1.00|                                                            |0.000000|    0.00|0.000000|0.000000|       0|       0
2022-10-31 19:46:23.631 | DEBUG    | localization_association_rule_mining:__call__:392 - |config                        |   -1.00|                                                            |0.000000|    0.00|0.000000|0.000000|       0|       0
2022-10-31 19:46:23.631 | DEBUG    | localization_association_rule_mining:__call__:392 - |seat                          |   -1.00|                                                            |0.000000|    0.00|0.000000|0.000000|       0|       0
2022-10-31 19:46:23.631 | DEBUG    | localization_association_rule_mining:__call__:392 - |preserve-other                |   -1.00|                                                            |0.000000|    0.00|0.000000|0.000000|       0|       0
2022-10-31 19:46:23.631 | DEBUG    | localization_association_rule_mining:__call__:392 - |notification                  |   -1.00|                                                            |0.000000|    0.00|0.000000|0.000000|       0|       0
2022-10-31 19:46:23.631 | DEBUG    | localization_association_rule_mining:__call__:392 - |admin-order                   |   -1.00|                                                            |0.000000|    0.00|0.000000|0.000000|       0|       0
2022-10-31 19:46:23.631 | DEBUG    | localization_association_rule_mining:__call__:392 - |payment                       |   -1.00|                                                            |0.000000|    0.00|0.000000|0.000000|       0|       0
2022-10-31 19:46:23.631 | DEBUG    | localization_association_rule_mining:__call__:392 - |basic                         |   -1.00|                                                            |0.000000|    0.00|0.000000|0.000000|       0|       0
2022-10-31 19:46:23.632 | DEBUG    | localization_association_rule_mining:__call__:392 - |security                      |   -1.00|                                                            |0.000000|    0.00|0.000000|0.000000|       0|       0
2022-10-31 19:46:23.632 | DEBUG    | localization_association_rule_mining:__call__:392 - |contacts                      |   -1.00|                                                            |0.000000|    0.00|0.000000|0.000000|       0|       0
2022-10-31 19:46:23.632 | DEBUG    | localization_association_rule_mining:__call__:392 - |preserve                      |   -1.00|                                                            |0.000000|    0.00|0.000000|0.000000|       0|       0
2022-10-31 19:46:23.632 | DEBUG    | localization_association_rule_mining:__call__:392 - |route-plan                    |   -1.00|                                                            |0.000000|    0.00|0.000000|0.000000|       0|       0
2022-10-31 19:46:23.632 | DEBUG    | localization_association_rule_mining:__call__:392 - |price                         |   -1.00|                                                            |0.000000|    0.00|0.000000|0.000000|       0|       0
2022-10-31 19:46:23.632 | DEBUG    | localization_association_rule_mining:__call__:392 - |assurance                     |   -1.00|                                                            |0.000000|    0.00|0.000000|0.000000|       0|       0
2022-10-31 19:46:23.632 | DEBUG    | localization_association_rule_mining:__call__:392 - |consign                       |   -1.00|                                                            |0.000000|    0.00|0.000000|0.000000|       0|       0
