2022-10-28 00:11:07.425 | DEBUG    | localization_association_rule_mining:__call__:388 - |item                          |score   |pattern                                                     |ps      |ips     |p(a|b)  |p(b|a)  |in      |out     
2022-10-28 00:11:07.425 | DEBUG    | localization_association_rule_mining:__call__:392 - |travel                        |   21.36|travel                                                      |0.712121|   30.00|0.886792|0.783333|      40|      10
2022-10-28 00:11:07.426 | DEBUG    | localization_association_rule_mining:__call__:392 - |food                          |    2.25|food                                                        |0.561644|    4.00|0.773585|0.672131|      27|      23
2022-10-28 00:11:07.426 | DEBUG    | localization_association_rule_mining:__call__:392 - |seat                          |    0.93|seat                                                        |0.309091|    3.00|0.320755|0.894737|      13|      16
2022-10-28 00:11:07.426 | DEBUG    | localization_association_rule_mining:__call__:392 - |station                       |    0.58|station                                                     |0.288732|    2.00|0.773585|0.315385|       2|       0
2022-10-28 00:11:07.426 | DEBUG    | localization_association_rule_mining:__call__:392 - |preserve                      |    0.34|preserve                                                    |0.169811|    2.00|0.169811|1.000000|       5|       7
2022-10-28 00:11:07.426 | DEBUG    | localization_association_rule_mining:__call__:392 - |route                         |    0.00|route                                                       |0.552239|    0.00|0.698113|0.725490|       0|       0
2022-10-28 00:11:07.426 | DEBUG    | localization_association_rule_mining:__call__:392 - |config                        |    0.00|config                                                      |0.245283|    0.00|0.245283|1.000000|       0|       0
2022-10-28 00:11:07.426 | DEBUG    | localization_association_rule_mining:__call__:392 - |basic                         |    0.00|basic                                                       |0.303571|    0.00|0.320755|0.850000|       0|       0
2022-10-28 00:11:07.426 | DEBUG    | localization_association_rule_mining:__call__:392 - |food-map                      |    0.00|food-map                                                    |0.417910|    0.00|0.528302|0.666667|       0|       0
2022-10-28 00:11:07.426 | DEBUG    | localization_association_rule_mining:__call__:392 - |ticketinfo                    |    0.00|ticketinfo                                                  |0.314815|    0.00|0.320755|0.944444|       0|       0
2022-10-28 00:11:07.426 | DEBUG    | localization_association_rule_mining:__call__:392 - |price                         |    0.00|price                                                       |0.185185|    0.00|0.188679|0.909091|       0|       0
2022-10-28 00:11:07.426 | DEBUG    | localization_association_rule_mining:__call__:392 - |train                         |    0.00|train                                                       |0.222222|    0.00|0.226415|0.923077|       0|       0
2022-10-28 00:11:07.426 | DEBUG    | localization_association_rule_mining:__call__:392 - |consign                       |   -1.00|                                                            |0.000000|    0.00|0.000000|0.000000|       0|       0
2022-10-28 00:11:07.426 | DEBUG    | localization_association_rule_mining:__call__:392 - |admin-order                   |   -1.00|                                                            |0.000000|    0.00|0.000000|0.000000|       0|       0
2022-10-28 00:11:07.426 | DEBUG    | localization_association_rule_mining:__call__:392 - |inside-payment                |   -1.00|                                                            |0.000000|    0.00|0.000000|0.000000|       0|       0
2022-10-28 00:11:07.426 | DEBUG    | localization_association_rule_mining:__call__:392 - |payment                       |   -1.00|                                                            |0.000000|    0.00|0.000000|0.000000|       0|       0
2022-10-28 00:11:07.426 | DEBUG    | localization_association_rule_mining:__call__:392 - |order-other                   |   -1.00|                                                            |0.000000|    0.00|0.000000|0.000000|       0|       0
2022-10-28 00:11:07.426 | DEBUG    | localization_association_rule_mining:__call__:392 - |contacts                      |   -1.00|                                                            |0.000000|    0.00|0.000000|0.000000|       0|       0
2022-10-28 00:11:07.427 | DEBUG    | localization_association_rule_mining:__call__:392 - |cancel                        |   -1.00|                                                            |0.000000|    0.00|0.000000|0.000000|       0|       0
2022-10-28 00:11:07.427 | DEBUG    | localization_association_rule_mining:__call__:392 - |order                         |   -1.00|                                                            |0.000000|    0.00|0.000000|0.000000|       0|       0
2022-10-28 00:11:07.427 | DEBUG    | localization_association_rule_mining:__call__:392 - |auth                          |   -1.00|                                                            |0.000000|    0.00|0.000000|0.000000|       0|       0
2022-10-28 00:11:07.427 | DEBUG    | localization_association_rule_mining:__call__:392 - |user                          |   -1.00|                                                            |0.000000|    0.00|0.000000|0.000000|       0|       0
2022-10-28 00:11:07.427 | DEBUG    | localization_association_rule_mining:__call__:392 - |security                      |   -1.00|                                                            |0.000000|    0.00|0.000000|0.000000|       0|       0
2022-10-28 00:11:07.427 | DEBUG    | localization_association_rule_mining:__call__:392 - |notification                  |   -1.00|                                                            |0.000000|    0.00|0.000000|0.000000|       0|       0
2022-10-28 00:11:07.427 | DEBUG    | localization_association_rule_mining:__call__:392 - |assurance                     |   -1.00|                                                            |0.000000|    0.00|0.000000|0.000000|       0|       0
2022-10-28 00:11:07.427 | DEBUG    | localization_association_rule_mining:__call__:392 - |verification-code             |   -1.00|                                                            |0.000000|    0.00|0.000000|0.000000|       0|       0
2022-10-28 00:11:07.427 | DEBUG    | localization_association_rule_mining:__call__:392 - |ts-ui-dashboard               |   -1.00|                                                            |0.000000|    0.00|0.000000|0.000000|       0|       0
