2022-11-09 16:53:34.430 | DEBUG    | localization_association_rule_mining:__call__:390 - |item                          |score   |pattern                                                     |ps      |ips     |p(a|b)  |p(b|a)  |in      |out     
2022-11-09 16:53:34.430 | DEBUG    | localization_association_rule_mining:__call__:394 - |seat                          |   33.15|seat                                                        |0.975000|   34.00|0.975000|1.000000|       0|      34
2022-11-09 16:53:34.430 | DEBUG    | localization_association_rule_mining:__call__:394 - |config                        |   29.75|config                                                      |0.875000|   34.00|0.875000|1.000000|      34|       0
2022-11-09 16:53:34.430 | DEBUG    | localization_association_rule_mining:__call__:394 - |travel                        |   17.14|travel                                                      |0.857143|   20.00|0.900000|0.947368|      20|       0
2022-11-09 16:53:34.430 | DEBUG    | localization_association_rule_mining:__call__:394 - |preserve                      |    8.08|preserve                                                    |0.475000|   17.00|0.475000|1.000000|      19|       2
2022-11-09 16:53:34.430 | DEBUG    | localization_association_rule_mining:__call__:394 - |notification                  |    0.33|notification                                                |0.325000|    1.00|0.325000|1.000000|       1|       0
2022-11-09 16:53:34.430 | DEBUG    | localization_association_rule_mining:__call__:394 - |user                          |    0.00|user                                                        |0.219512|    0.00|0.225000|0.900000|       0|       0
2022-11-09 16:53:34.430 | DEBUG    | localization_association_rule_mining:__call__:394 - |station                       |    0.00|station                                                     |0.298246|    0.00|0.425000|0.500000|       0|       0
2022-11-09 16:53:34.430 | DEBUG    | localization_association_rule_mining:__call__:394 - |ticketinfo                    |    0.00|ticketinfo                                                  |0.525000|    0.00|0.525000|1.000000|       0|       0
2022-11-09 16:53:34.431 | DEBUG    | localization_association_rule_mining:__call__:394 - |order                         |    0.00|order                                                       |0.400000|    0.00|0.800000|0.444444|       0|       0
2022-11-09 16:53:34.431 | DEBUG    | localization_association_rule_mining:__call__:394 - |basic                         |    0.00|basic                                                       |0.500000|    0.00|0.500000|1.000000|       0|       0
2022-11-09 16:53:34.431 | DEBUG    | localization_association_rule_mining:__call__:394 - |security                      |    0.00|security                                                    |0.375000|    0.00|0.375000|1.000000|       0|       0
2022-11-09 16:53:34.431 | DEBUG    | localization_association_rule_mining:__call__:394 - |ts-ui-dashboard               |   -1.00|                                                            |0.000000|    0.00|0.000000|0.000000|       0|       0
2022-11-09 16:53:34.431 | DEBUG    | localization_association_rule_mining:__call__:394 - |payment                       |   -1.00|                                                            |0.000000|    0.00|0.000000|0.000000|       0|       0
2022-11-09 16:53:34.431 | DEBUG    | localization_association_rule_mining:__call__:394 - |verification-code             |   -1.00|                                                            |0.000000|    0.00|0.000000|0.000000|       0|       0
2022-11-09 16:53:34.431 | DEBUG    | localization_association_rule_mining:__call__:394 - |order-other                   |   -1.00|                                                            |0.000000|    0.00|0.000000|0.000000|       0|       0
2022-11-09 16:53:34.431 | DEBUG    | localization_association_rule_mining:__call__:394 - |travel2                       |   -1.00|                                                            |0.000000|    0.00|0.000000|0.000000|       0|       0
2022-11-09 16:53:34.431 | DEBUG    | localization_association_rule_mining:__call__:394 - |food-map                      |   -1.00|                                                            |0.000000|    0.00|0.000000|0.000000|       0|       0
2022-11-09 16:53:34.431 | DEBUG    | localization_association_rule_mining:__call__:394 - |food                          |   -1.00|                                                            |0.000000|    0.00|0.000000|0.000000|       0|       0
2022-11-09 16:53:34.431 | DEBUG    | localization_association_rule_mining:__call__:394 - |travel-plan                   |   -1.00|                                                            |0.000000|    0.00|0.000000|0.000000|       0|       0
2022-11-09 16:53:34.431 | DEBUG    | localization_association_rule_mining:__call__:394 - |contacts                      |   -1.00|                                                            |0.000000|    0.00|0.000000|0.000000|       0|       0
2022-11-09 16:53:34.431 | DEBUG    | localization_association_rule_mining:__call__:394 - |route                         |   -1.00|                                                            |0.000000|    0.00|0.000000|0.000000|       0|       0
2022-11-09 16:53:34.431 | DEBUG    | localization_association_rule_mining:__call__:394 - |cancel                        |   -1.00|                                                            |0.000000|    0.00|0.000000|0.000000|       0|       0
2022-11-09 16:53:34.431 | DEBUG    | localization_association_rule_mining:__call__:394 - |train                         |   -1.00|                                                            |0.000000|    0.00|0.000000|0.000000|       0|       0
2022-11-09 16:53:34.431 | DEBUG    | localization_association_rule_mining:__call__:394 - |admin-order                   |   -1.00|                                                            |0.000000|    0.00|0.000000|0.000000|       0|       0
2022-11-09 16:53:34.431 | DEBUG    | localization_association_rule_mining:__call__:394 - |auth                          |   -1.00|                                                            |0.000000|    0.00|0.000000|0.000000|       0|       0
2022-11-09 16:53:34.431 | DEBUG    | localization_association_rule_mining:__call__:394 - |price                         |   -1.00|                                                            |0.000000|    0.00|0.000000|0.000000|       0|       0
2022-11-09 16:53:34.431 | DEBUG    | localization_association_rule_mining:__call__:394 - |consign                       |   -1.00|                                                            |0.000000|    0.00|0.000000|0.000000|       0|       0
2022-11-09 16:53:34.432 | DEBUG    | localization_association_rule_mining:__call__:394 - |inside-payment                |   -1.00|                                                            |0.000000|    0.00|0.000000|0.000000|       0|       0
2022-11-09 16:53:34.432 | DEBUG    | localization_association_rule_mining:__call__:394 - |assurance                     |   -1.00|                                                            |0.000000|    0.00|0.000000|0.000000|       0|       0
