2022-10-31 19:49:13.356 | DEBUG    | localization_association_rule_mining:__call__:388 - |item                          |score   |pattern                                                     |ps      |ips     |p(a|b)  |p(b|a)  |in      |out     
2022-10-31 19:49:13.356 | DEBUG    | localization_association_rule_mining:__call__:392 - |auth                          |   20.68|auth                                                        |0.382979|   54.00|0.504673|0.613636|       0|      54
2022-10-31 19:49:13.356 | DEBUG    | localization_association_rule_mining:__call__:392 - |station                       |   18.58|station                                                     |0.412844|   45.00|0.420561|0.957447|      45|       0
2022-10-31 19:49:13.356 | DEBUG    | localization_association_rule_mining:__call__:392 - |route                         |    8.41|route                                                       |0.280374|   30.00|0.280374|1.000000|      30|       0
2022-10-31 19:49:13.356 | DEBUG    | localization_association_rule_mining:__call__:392 - |verification-code             |    7.57|verification-code                                           |0.140260|   54.00|0.504673|0.162651|      54|       0
2022-10-31 19:49:13.356 | DEBUG    | localization_association_rule_mining:__call__:392 - |seat                          |    4.45|seat                                                        |0.261682|   17.00|0.261682|1.000000|      10|      27
2022-10-31 19:49:13.356 | DEBUG    | localization_association_rule_mining:__call__:392 - |order                         |    3.68|order                                                       |0.184211|   20.00|0.196262|0.750000|      20|       0
2022-10-31 19:49:13.357 | DEBUG    | localization_association_rule_mining:__call__:392 - |train                         |    2.70|train                                                       |0.158879|   17.00|0.158879|1.000000|      17|       0
2022-10-31 19:49:13.357 | DEBUG    | localization_association_rule_mining:__call__:392 - |config                        |    1.58|config                                                      |0.121495|   13.00|0.121495|1.000000|      13|       0
2022-10-31 19:49:13.357 | DEBUG    | localization_association_rule_mining:__call__:392 - |ticketinfo                    |    1.57|ticketinfo                                                  |0.261682|    6.00|0.261682|1.000000|      22|      28
2022-10-31 19:49:13.357 | DEBUG    | localization_association_rule_mining:__call__:392 - |food                          |    1.32|food                                                        |0.120370|   11.00|0.121495|0.928571|       1|      12
2022-10-31 19:49:13.357 | DEBUG    | localization_association_rule_mining:__call__:392 - |basic                         |    1.20|basic                                                       |0.299065|    4.00|0.299065|1.000000|      28|      32
2022-10-31 19:49:13.357 | DEBUG    | localization_association_rule_mining:__call__:392 - |food-map                      |    1.13|food-map                                                    |0.102804|   11.00|0.102804|1.000000|      11|       0
2022-10-31 19:49:13.357 | DEBUG    | localization_association_rule_mining:__call__:392 - |travel                        |    0.41|travel                                                      |0.411215|    1.00|0.411215|1.000000|      36|      35
2022-10-31 19:49:13.357 | DEBUG    | localization_association_rule_mining:__call__:392 - |preserve                      |   -1.00|                                                            |0.000000|    0.00|0.000000|0.000000|       0|       0
2022-10-31 19:49:13.357 | DEBUG    | localization_association_rule_mining:__call__:392 - |user                          |   -1.00|                                                            |0.000000|    0.00|0.000000|0.000000|       0|       0
2022-10-31 19:49:13.357 | DEBUG    | localization_association_rule_mining:__call__:392 - |ts-ui-dashboard               |   -1.00|                                                            |0.000000|    0.00|0.000000|0.000000|       0|       0
2022-10-31 19:49:13.357 | DEBUG    | localization_association_rule_mining:__call__:392 - |route-plan                    |   -1.00|                                                            |0.000000|    0.00|0.000000|0.000000|       0|       0
2022-10-31 19:49:13.357 | DEBUG    | localization_association_rule_mining:__call__:392 - |security                      |   -1.00|                                                            |0.000000|    0.00|0.000000|0.000000|       0|       0
2022-10-31 19:49:13.357 | DEBUG    | localization_association_rule_mining:__call__:392 - |notification                  |   -1.00|                                                            |0.000000|    0.00|0.000000|0.000000|       0|       0
2022-10-31 19:49:13.357 | DEBUG    | localization_association_rule_mining:__call__:392 - |price                         |   -1.00|                                                            |0.000000|    0.00|0.000000|0.000000|       0|       0
2022-10-31 19:49:13.357 | DEBUG    | localization_association_rule_mining:__call__:392 - |consign                       |   -1.00|                                                            |0.000000|    0.00|0.000000|0.000000|       0|       0
2022-10-31 19:49:13.357 | DEBUG    | localization_association_rule_mining:__call__:392 - |travel-plan                   |   -1.00|                                                            |0.000000|    0.00|0.000000|0.000000|       0|       0
2022-10-31 19:49:13.357 | DEBUG    | localization_association_rule_mining:__call__:392 - |order-other                   |   -1.00|                                                            |0.000000|    0.00|0.000000|0.000000|       0|       0
2022-10-31 19:49:13.357 | DEBUG    | localization_association_rule_mining:__call__:392 - |assurance                     |   -1.00|                                                            |0.000000|    0.00|0.000000|0.000000|       0|       0
2022-10-31 19:49:13.358 | DEBUG    | localization_association_rule_mining:__call__:392 - |contacts                      |   -1.00|                                                            |0.000000|    0.00|0.000000|0.000000|       0|       0
2022-10-31 19:49:13.358 | DEBUG    | localization_association_rule_mining:__call__:392 - |travel2                       |   -1.00|                                                            |0.000000|    0.00|0.000000|0.000000|       0|       0
