2022-11-08 18:36:43.740 | DEBUG    | localization_association_rule_mining:__call__:390 - |item                          |score   |pattern                                                     |ps      |ips     |p(a|b)  |p(b|a)  |in      |out     
2022-11-08 18:36:43.741 | DEBUG    | localization_association_rule_mining:__call__:394 - |food                          |   78.82|food                                                        |0.772727|  102.00|0.772727|1.000000|     102|       0
2022-11-08 18:36:43.741 | DEBUG    | localization_association_rule_mining:__call__:394 - |travel                        |   19.00|travel                                                      |0.655172|   29.00|0.719697|0.879630|       0|      29
2022-11-08 18:36:43.741 | DEBUG    | localization_association_rule_mining:__call__:394 - |ticketinfo                    |    6.94|ticketinfo                                                  |0.239437|   29.00|0.257576|0.772727|      29|       0
2022-11-08 18:36:43.741 | DEBUG    | localization_association_rule_mining:__call__:394 - |preserve                      |    1.20|preserve                                                    |0.119718|   10.00|0.128788|0.629630|       0|      10
2022-11-08 18:36:43.741 | DEBUG    | localization_association_rule_mining:__call__:394 - |order                         |    0.40|order                                                       |0.079082|    5.00|0.234848|0.106529|       5|       0
2022-11-08 18:36:43.741 | DEBUG    | localization_association_rule_mining:__call__:394 - |seat                          |    0.23|seat                                                        |0.228571|    1.00|0.242424|0.800000|       0|       1
2022-11-08 18:36:43.741 | DEBUG    | localization_association_rule_mining:__call__:394 - |config                        |    0.00|config                                                      |0.105263|    0.00|0.106061|0.933333|       0|       0
2022-11-08 18:36:43.741 | DEBUG    | localization_association_rule_mining:__call__:394 - |train                         |    0.00|train                                                       |0.197183|    0.00|0.212121|0.736842|       0|       0
2022-11-08 18:36:43.741 | DEBUG    | localization_association_rule_mining:__call__:394 - |station                       |    0.00|station                                                     |0.348148|    0.00|0.712121|0.405172|       0|       0
2022-11-08 18:36:43.741 | DEBUG    | localization_association_rule_mining:__call__:394 - |food-map                      |    0.00|food-map                                                    |0.507576|    0.00|0.507576|1.000000|       0|       0
2022-11-08 18:36:43.741 | DEBUG    | localization_association_rule_mining:__call__:394 - |security                      |    0.00|security                                                    |0.102941|    0.00|0.106061|0.777778|       0|       0
2022-11-08 18:36:43.741 | DEBUG    | localization_association_rule_mining:__call__:394 - |basic                         |    0.00|basic                                                       |0.220690|    0.00|0.242424|0.711111|       0|       0
2022-11-08 18:36:43.741 | DEBUG    | localization_association_rule_mining:__call__:394 - |route                         |    0.00|route                                                       |0.404255|    0.00|0.431818|0.863636|       0|       0
2022-11-08 18:36:43.741 | DEBUG    | localization_association_rule_mining:__call__:394 - |price                         |   -1.00|                                                            |0.000000|    0.00|0.000000|0.000000|       0|       0
2022-11-08 18:36:43.742 | DEBUG    | localization_association_rule_mining:__call__:394 - |travel-plan                   |   -1.00|                                                            |0.000000|    0.00|0.000000|0.000000|       0|       0
2022-11-08 18:36:43.742 | DEBUG    | localization_association_rule_mining:__call__:394 - |travel2                       |   -1.00|                                                            |0.000000|    0.00|0.000000|0.000000|       0|       0
2022-11-08 18:36:43.742 | DEBUG    | localization_association_rule_mining:__call__:394 - |cancel                        |   -1.00|                                                            |0.000000|    0.00|0.000000|0.000000|       0|       0
2022-11-08 18:36:43.742 | DEBUG    | localization_association_rule_mining:__call__:394 - |ts-ui-dashboard               |   -1.00|                                                            |0.000000|    0.00|0.000000|0.000000|       0|       0
2022-11-08 18:36:43.742 | DEBUG    | localization_association_rule_mining:__call__:394 - |contacts                      |   -1.00|                                                            |0.000000|    0.00|0.000000|0.000000|       0|       0
2022-11-08 18:36:43.742 | DEBUG    | localization_association_rule_mining:__call__:394 - |consign                       |   -1.00|                                                            |0.000000|    0.00|0.000000|0.000000|       0|       0
2022-11-08 18:36:43.742 | DEBUG    | localization_association_rule_mining:__call__:394 - |verification-code             |   -1.00|                                                            |0.000000|    0.00|0.000000|0.000000|       0|       0
2022-11-08 18:36:43.742 | DEBUG    | localization_association_rule_mining:__call__:394 - |auth                          |   -1.00|                                                            |0.000000|    0.00|0.000000|0.000000|       0|       0
2022-11-08 18:36:43.742 | DEBUG    | localization_association_rule_mining:__call__:394 - |inside-payment                |   -1.00|                                                            |0.000000|    0.00|0.000000|0.000000|       0|       0
2022-11-08 18:36:43.742 | DEBUG    | localization_association_rule_mining:__call__:394 - |assurance                     |   -1.00|                                                            |0.000000|    0.00|0.000000|0.000000|       0|       0
2022-11-08 18:36:43.742 | DEBUG    | localization_association_rule_mining:__call__:394 - |admin-order                   |   -1.00|                                                            |0.000000|    0.00|0.000000|0.000000|       0|       0
2022-11-08 18:36:43.742 | DEBUG    | localization_association_rule_mining:__call__:394 - |order-other                   |   -1.00|                                                            |0.000000|    0.00|0.000000|0.000000|       0|       0
2022-11-08 18:36:43.742 | DEBUG    | localization_association_rule_mining:__call__:394 - |user                          |   -1.00|                                                            |0.000000|    0.00|0.000000|0.000000|       0|       0
2022-11-08 18:36:43.742 | DEBUG    | localization_association_rule_mining:__call__:394 - |payment                       |   -1.00|                                                            |0.000000|    0.00|0.000000|0.000000|       0|       0
2022-11-08 18:36:43.742 | DEBUG    | localization_association_rule_mining:__call__:394 - |route-plan                    |   -1.00|                                                            |0.000000|    0.00|0.000000|0.000000|       0|       0
2022-11-08 18:36:43.742 | DEBUG    | localization_association_rule_mining:__call__:394 - |notification                  |   -1.00|                                                            |0.000000|    0.00|0.000000|0.000000|       0|       0
