2022-10-21 02:21:31.475 | DEBUG    | localization_association_rule_mining:__call__:388 - |item                          |score   |pattern                                                     |ps      |ips     |p(a|b)  |p(b|a)  |in      |out     
2022-10-21 02:21:31.475 | DEBUG    | localization_association_rule_mining:__call__:392 - |travel                        |   27.34|travel                                                      |0.828571|   33.00|0.892308|0.920635|      50|      17
2022-10-21 02:21:31.475 | DEBUG    | localization_association_rule_mining:__call__:392 - |seat                          |    1.85|seat                                                        |0.369231|    5.00|0.369231|1.000000|      19|      24
2022-10-21 02:21:31.475 | DEBUG    | localization_association_rule_mining:__call__:392 - |food                          |    1.60|food                                                        |0.532468|    3.00|0.630769|0.773585|      23|      26
2022-10-21 02:21:31.475 | DEBUG    | localization_association_rule_mining:__call__:392 - |order                         |    0.75|order                                                       |0.250000|    3.00|0.415385|0.385714|       3|       0
2022-10-21 02:21:31.476 | DEBUG    | localization_association_rule_mining:__call__:392 - |preserve                      |    0.12|preserve                                                    |0.123077|    1.00|0.123077|1.000000|       4|       5
2022-10-21 02:21:31.476 | DEBUG    | localization_association_rule_mining:__call__:392 - |user                          |    0.11|user                                                        |0.106061|    1.00|0.107692|0.875000|       1|       0
2022-10-21 02:21:31.476 | DEBUG    | localization_association_rule_mining:__call__:392 - |basic                         |    0.00|basic                                                       |0.369231|    0.00|0.369231|1.000000|       0|       0
2022-10-21 02:21:31.476 | DEBUG    | localization_association_rule_mining:__call__:392 - |route                         |    0.00|route                                                       |0.742857|    0.00|0.800000|0.912281|       0|       0
2022-10-21 02:21:31.476 | DEBUG    | localization_association_rule_mining:__call__:392 - |food-map                      |    0.00|food-map                                                    |0.426667|    0.00|0.492308|0.761905|       0|       0
2022-10-21 02:21:31.476 | DEBUG    | localization_association_rule_mining:__call__:392 - |config                        |    0.00|config                                                      |0.276923|    0.00|0.276923|1.000000|       0|       0
2022-10-21 02:21:31.476 | DEBUG    | localization_association_rule_mining:__call__:392 - |price                         |    0.00|price                                                       |0.123077|    0.00|0.123077|1.000000|       0|       0
2022-10-21 02:21:31.476 | DEBUG    | localization_association_rule_mining:__call__:392 - |ticketinfo                    |    0.00|ticketinfo                                                  |0.369231|    0.00|0.369231|1.000000|       0|       0
2022-10-21 02:21:31.476 | DEBUG    | localization_association_rule_mining:__call__:392 - |train                         |    0.00|train                                                       |0.323077|    0.00|0.323077|1.000000|       0|       0
2022-10-21 02:21:31.476 | DEBUG    | localization_association_rule_mining:__call__:392 - |station                       |    0.00|station                                                     |0.457627|    0.00|0.830769|0.504673|       0|       0
2022-10-21 02:21:31.476 | DEBUG    | localization_association_rule_mining:__call__:392 - |ts-ui-dashboard               |   -1.00|                                                            |0.000000|    0.00|0.000000|0.000000|       0|       0
2022-10-21 02:21:31.476 | DEBUG    | localization_association_rule_mining:__call__:392 - |verification-code             |   -1.00|                                                            |0.000000|    0.00|0.000000|0.000000|       0|       0
2022-10-21 02:21:31.476 | DEBUG    | localization_association_rule_mining:__call__:392 - |consign                       |   -1.00|                                                            |0.000000|    0.00|0.000000|0.000000|       0|       0
2022-10-21 02:21:31.476 | DEBUG    | localization_association_rule_mining:__call__:392 - |payment                       |   -1.00|                                                            |0.000000|    0.00|0.000000|0.000000|       0|       0
2022-10-21 02:21:31.476 | DEBUG    | localization_association_rule_mining:__call__:392 - |contacts                      |   -1.00|                                                            |0.000000|    0.00|0.000000|0.000000|       0|       0
2022-10-21 02:21:31.476 | DEBUG    | localization_association_rule_mining:__call__:392 - |notification                  |   -1.00|                                                            |0.000000|    0.00|0.000000|0.000000|       0|       0
2022-10-21 02:21:31.476 | DEBUG    | localization_association_rule_mining:__call__:392 - |travel-plan                   |   -1.00|                                                            |0.000000|    0.00|0.000000|0.000000|       0|       0
2022-10-21 02:21:31.477 | DEBUG    | localization_association_rule_mining:__call__:392 - |security                      |   -1.00|                                                            |0.000000|    0.00|0.000000|0.000000|       0|       0
2022-10-21 02:21:31.477 | DEBUG    | localization_association_rule_mining:__call__:392 - |auth                          |   -1.00|                                                            |0.000000|    0.00|0.000000|0.000000|       0|       0
2022-10-21 02:21:31.477 | DEBUG    | localization_association_rule_mining:__call__:392 - |inside-payment                |   -1.00|                                                            |0.000000|    0.00|0.000000|0.000000|       0|       0
2022-10-21 02:21:31.477 | DEBUG    | localization_association_rule_mining:__call__:392 - |assurance                     |   -1.00|                                                            |0.000000|    0.00|0.000000|0.000000|       0|       0
2022-10-21 02:21:31.477 | DEBUG    | localization_association_rule_mining:__call__:392 - |cancel                        |   -1.00|                                                            |0.000000|    0.00|0.000000|0.000000|       0|       0
2022-10-21 02:21:31.477 | DEBUG    | localization_association_rule_mining:__call__:392 - |order-other                   |   -1.00|                                                            |0.000000|    0.00|0.000000|0.000000|       0|       0
