2022-10-31 19:48:03.911 | DEBUG    | localization_association_rule_mining:__call__:388 - |item                          |score   |pattern                                                     |ps      |ips     |p(a|b)  |p(b|a)  |in      |out     
2022-10-31 19:48:03.912 | DEBUG    | localization_association_rule_mining:__call__:392 - |station                       |  129.77|station                                                     |0.478873|  271.00|0.593886|0.712042|     271|       0
2022-10-31 19:48:03.912 | DEBUG    | localization_association_rule_mining:__call__:392 - |route                         |   45.81|route                                                       |0.315904|  145.00|0.316594|0.993151|     145|       0
2022-10-31 19:48:03.912 | DEBUG    | localization_association_rule_mining:__call__:392 - |train                         |   21.40|train                                                       |0.216157|   99.00|0.216157|1.000000|      99|       0
2022-10-31 19:48:03.912 | DEBUG    | localization_association_rule_mining:__call__:392 - |food                          |   20.16|food                                                        |0.255144|   79.00|0.270742|0.815789|      19|      98
2022-10-31 19:48:03.912 | DEBUG    | localization_association_rule_mining:__call__:392 - |order                         |   18.22|order                                                       |0.149327|  122.00|0.266376|0.253638|     122|       0
2022-10-31 19:48:03.912 | DEBUG    | localization_association_rule_mining:__call__:392 - |travel                        |   11.93|travel                                                      |0.426087|   28.00|0.427948|0.989899|     127|     155
2022-10-31 19:48:03.912 | DEBUG    | localization_association_rule_mining:__call__:392 - |order-other                   |   10.31|order-other                                                 |0.210445|   49.00|0.299127|0.415152|      44|      93
2022-10-31 19:48:03.912 | DEBUG    | localization_association_rule_mining:__call__:392 - |food-map                      |    9.22|food-map                                                    |0.141921|   65.00|0.141921|1.000000|      65|       0
2022-10-31 19:48:03.912 | DEBUG    | localization_association_rule_mining:__call__:392 - |price                         |    7.22|price                                                       |0.126638|   57.00|0.126638|1.000000|      57|       0
2022-10-31 19:48:03.912 | DEBUG    | localization_association_rule_mining:__call__:392 - |config                        |    6.48|config                                                      |0.120087|   54.00|0.120087|1.000000|      54|       0
2022-10-31 19:48:03.912 | DEBUG    | localization_association_rule_mining:__call__:392 - |seat                          |    6.33|seat                                                        |0.218341|   29.00|0.218341|1.000000|      59|      88
2022-10-31 19:48:03.912 | DEBUG    | localization_association_rule_mining:__call__:392 - |cancel                        |    5.50|cancel                                                      |0.107822|   51.00|0.111354|0.772727|       0|      51
2022-10-31 19:48:03.913 | DEBUG    | localization_association_rule_mining:__call__:392 - |auth                          |    5.45|auth                                                        |0.106918|   51.00|0.111354|0.728571|       0|      51
2022-10-31 19:48:03.913 | DEBUG    | localization_association_rule_mining:__call__:392 - |basic                         |    4.29|basic                                                       |0.286026|   15.00|0.286026|1.000000|     107|     122
2022-10-31 19:48:03.913 | DEBUG    | localization_association_rule_mining:__call__:392 - |preserve                      |    4.16|preserve                                                    |0.106754|   39.00|0.106987|0.980000|       0|      39
2022-10-31 19:48:03.913 | DEBUG    | localization_association_rule_mining:__call__:392 - |verification-code             |    4.06|verification-code                                           |0.079563|   51.00|0.111354|0.217949|      51|       0
2022-10-31 19:48:03.913 | DEBUG    | localization_association_rule_mining:__call__:392 - |ticketinfo                    |    3.49|ticketinfo                                                  |0.268559|   13.00|0.268559|1.000000|      94|     107
2022-10-31 19:48:03.913 | DEBUG    | localization_association_rule_mining:__call__:392 - |travel2                       |   -1.00|                                                            |0.000000|    0.00|0.000000|0.000000|       0|       0
2022-10-31 19:48:03.913 | DEBUG    | localization_association_rule_mining:__call__:392 - |ts-ui-dashboard               |   -1.00|                                                            |0.000000|    0.00|0.000000|0.000000|       0|       0
2022-10-31 19:48:03.913 | DEBUG    | localization_association_rule_mining:__call__:392 - |admin-basic-info              |   -1.00|                                                            |0.000000|    0.00|0.000000|0.000000|       0|       0
2022-10-31 19:48:03.913 | DEBUG    | localization_association_rule_mining:__call__:392 - |security                      |   -1.00|                                                            |0.000000|    0.00|0.000000|0.000000|       0|       0
2022-10-31 19:48:03.913 | DEBUG    | localization_association_rule_mining:__call__:392 - |contacts                      |   -1.00|                                                            |0.000000|    0.00|0.000000|0.000000|       0|       0
2022-10-31 19:48:03.913 | DEBUG    | localization_association_rule_mining:__call__:392 - |inside-payment                |   -1.00|                                                            |0.000000|    0.00|0.000000|0.000000|       0|       0
2022-10-31 19:48:03.913 | DEBUG    | localization_association_rule_mining:__call__:392 - |admin-route                   |   -1.00|                                                            |0.000000|    0.00|0.000000|0.000000|       0|       0
2022-10-31 19:48:03.913 | DEBUG    | localization_association_rule_mining:__call__:392 - |notification                  |   -1.00|                                                            |0.000000|    0.00|0.000000|0.000000|       0|       0
2022-10-31 19:48:03.913 | DEBUG    | localization_association_rule_mining:__call__:392 - |preserve-other                |   -1.00|                                                            |0.000000|    0.00|0.000000|0.000000|       0|       0
2022-10-31 19:48:03.913 | DEBUG    | localization_association_rule_mining:__call__:392 - |admin-order                   |   -1.00|                                                            |0.000000|    0.00|0.000000|0.000000|       0|       0
2022-10-31 19:48:03.913 | DEBUG    | localization_association_rule_mining:__call__:392 - |travel-plan                   |   -1.00|                                                            |0.000000|    0.00|0.000000|0.000000|       0|       0
2022-10-31 19:48:03.913 | DEBUG    | localization_association_rule_mining:__call__:392 - |route-plan                    |   -1.00|                                                            |0.000000|    0.00|0.000000|0.000000|       0|       0
2022-10-31 19:48:03.913 | DEBUG    | localization_association_rule_mining:__call__:392 - |assurance                     |   -1.00|                                                            |0.000000|    0.00|0.000000|0.000000|       0|       0
2022-10-31 19:48:03.914 | DEBUG    | localization_association_rule_mining:__call__:392 - |consign                       |   -1.00|                                                            |0.000000|    0.00|0.000000|0.000000|       0|       0
2022-10-31 19:48:03.914 | DEBUG    | localization_association_rule_mining:__call__:392 - |user                          |   -1.00|                                                            |0.000000|    0.00|0.000000|0.000000|       0|       0
2022-10-31 19:48:03.914 | DEBUG    | localization_association_rule_mining:__call__:392 - |payment                       |   -1.00|                                                            |0.000000|    0.00|0.000000|0.000000|       0|       0
2022-10-31 19:48:03.914 | DEBUG    | localization_association_rule_mining:__call__:392 - |admin-travel                  |   -1.00|                                                            |0.000000|    0.00|0.000000|0.000000|       0|       0
