2022-10-31 19:45:52.669 | DEBUG    | localization_association_rule_mining:__call__:388 - |item                          |score   |pattern                                                     |ps      |ips     |p(a|b)  |p(b|a)  |in      |out     
2022-10-31 19:45:52.670 | DEBUG    | localization_association_rule_mining:__call__:392 - |station                       |   81.55|station                                                     |0.351515|  232.00|0.623656|0.446154|     232|       0
2022-10-31 19:45:52.670 | DEBUG    | localization_association_rule_mining:__call__:392 - |travel                        |   55.35|travel                                                      |0.389785|  142.00|0.389785|1.000000|     142|       0
2022-10-31 19:45:52.670 | DEBUG    | localization_association_rule_mining:__call__:392 - |food                          |   48.19|food                                                        |0.426434|  113.00|0.459677|0.855000|      29|     142
2022-10-31 19:45:52.670 | DEBUG    | localization_association_rule_mining:__call__:392 - |order                         |   29.26|order                                                       |0.195090|  150.00|0.405914|0.273056|     150|       0
2022-10-31 19:45:52.670 | DEBUG    | localization_association_rule_mining:__call__:392 - |config                        |   21.05|config                                                      |0.239247|   88.00|0.239247|1.000000|      88|       0
2022-10-31 19:45:52.670 | DEBUG    | localization_association_rule_mining:__call__:392 - |route                         |   18.08|route                                                       |0.220430|   82.00|0.220430|1.000000|      82|       0
2022-10-31 19:45:52.670 | DEBUG    | localization_association_rule_mining:__call__:392 - |seat                          |   17.45|seat                                                        |0.295699|   59.00|0.295699|1.000000|      50|     109
2022-10-31 19:45:52.670 | DEBUG    | localization_association_rule_mining:__call__:392 - |train                         |   16.78|train                                                       |0.212366|   79.00|0.212366|1.000000|      79|       0
2022-10-31 19:45:52.670 | DEBUG    | localization_association_rule_mining:__call__:392 - |price                         |   16.78|price                                                       |0.212366|   79.00|0.212366|1.000000|      79|       0
2022-10-31 19:45:52.670 | DEBUG    | localization_association_rule_mining:__call__:392 - |food-map                      |   13.71|food-map                                                    |0.193029|   71.00|0.193548|0.986301|      71|       0
2022-10-31 19:45:52.670 | DEBUG    | localization_association_rule_mining:__call__:392 - |ticketinfo                    |   11.61|ticketinfo                                                  |0.258065|   45.00|0.258065|1.000000|      44|      89
2022-10-31 19:45:52.670 | DEBUG    | localization_association_rule_mining:__call__:392 - |basic                         |    7.35|basic                                                       |0.306452|   24.00|0.306452|1.000000|      89|     113
2022-10-31 19:45:52.670 | DEBUG    | localization_association_rule_mining:__call__:392 - |cancel                        |    7.18|cancel                                                      |0.128146|   56.00|0.150538|0.462810|       0|      56
2022-10-31 19:45:52.670 | DEBUG    | localization_association_rule_mining:__call__:392 - |preserve                      |    7.12|preserve                                                    |0.142473|   50.00|0.142473|1.000000|       0|      50
2022-10-31 19:45:52.671 | DEBUG    | localization_association_rule_mining:__call__:392 - |notification                  |    0.00|notification                                                |0.130319|    0.00|0.131720|0.924528|       0|       0
2022-10-31 19:45:52.671 | DEBUG    | localization_association_rule_mining:__call__:392 - |verification-code             |   -1.00|                                                            |0.000000|    0.00|0.000000|0.000000|       0|       0
2022-10-31 19:45:52.671 | DEBUG    | localization_association_rule_mining:__call__:392 - |travel2                       |   -1.00|                                                            |0.000000|    0.00|0.000000|0.000000|       0|       0
2022-10-31 19:45:52.671 | DEBUG    | localization_association_rule_mining:__call__:392 - |admin-order                   |   -1.00|                                                            |0.000000|    0.00|0.000000|0.000000|       0|       0
2022-10-31 19:45:52.671 | DEBUG    | localization_association_rule_mining:__call__:392 - |payment                       |   -1.00|                                                            |0.000000|    0.00|0.000000|0.000000|       0|       0
2022-10-31 19:45:52.671 | DEBUG    | localization_association_rule_mining:__call__:392 - |order-other                   |   -1.00|                                                            |0.000000|    0.00|0.000000|0.000000|       0|       0
2022-10-31 19:45:52.671 | DEBUG    | localization_association_rule_mining:__call__:392 - |user                          |   -1.00|                                                            |0.000000|    0.00|0.000000|0.000000|       0|       0
2022-10-31 19:45:52.671 | DEBUG    | localization_association_rule_mining:__call__:392 - |inside-payment                |   -1.00|                                                            |0.000000|    0.00|0.000000|0.000000|       0|       0
2022-10-31 19:45:52.671 | DEBUG    | localization_association_rule_mining:__call__:392 - |security                      |   -1.00|                                                            |0.000000|    0.00|0.000000|0.000000|       0|       0
2022-10-31 19:45:52.671 | DEBUG    | localization_association_rule_mining:__call__:392 - |assurance                     |   -1.00|                                                            |0.000000|    0.00|0.000000|0.000000|       0|       0
2022-10-31 19:45:52.671 | DEBUG    | localization_association_rule_mining:__call__:392 - |ts-ui-dashboard               |   -1.00|                                                            |0.000000|    0.00|0.000000|0.000000|       0|       0
2022-10-31 19:45:52.671 | DEBUG    | localization_association_rule_mining:__call__:392 - |contacts                      |   -1.00|                                                            |0.000000|    0.00|0.000000|0.000000|       0|       0
2022-10-31 19:45:52.671 | DEBUG    | localization_association_rule_mining:__call__:392 - |consign                       |   -1.00|                                                            |0.000000|    0.00|0.000000|0.000000|       0|       0
2022-10-31 19:45:52.671 | DEBUG    | localization_association_rule_mining:__call__:392 - |travel-plan                   |   -1.00|                                                            |0.000000|    0.00|0.000000|0.000000|       0|       0
2022-10-31 19:45:52.671 | DEBUG    | localization_association_rule_mining:__call__:392 - |route-plan                    |   -1.00|                                                            |0.000000|    0.00|0.000000|0.000000|       0|       0
2022-10-31 19:45:52.671 | DEBUG    | localization_association_rule_mining:__call__:392 - |auth                          |   -1.00|                                                            |0.000000|    0.00|0.000000|0.000000|       0|       0
