2022-11-16 15:54:32.318 | DEBUG    | localization_association_rule_mining:__call__:390 - |item                          |score   |pattern                                                     |ps      |ips     |p(a|b)  |p(b|a)  |in      |out     
2022-11-16 15:54:32.319 | DEBUG    | localization_association_rule_mining:__call__:394 - |order-other                   |  136.49|order-other                                                 |0.679054|  201.00|0.681356|0.995050|     201|       0
2022-11-16 15:54:32.319 | DEBUG    | localization_association_rule_mining:__call__:394 - |inside-payment                |    8.64|inside-payment                                              |0.172881|   50.00|0.172881|1.000000|      51|       1
2022-11-16 15:54:32.319 | DEBUG    | localization_association_rule_mining:__call__:394 - |ticketinfo                    |    7.24|ticketinfo                                                  |0.176667|   41.00|0.179661|0.913793|      41|       0
2022-11-16 15:54:32.319 | DEBUG    | localization_association_rule_mining:__call__:394 - |travel                        |    6.14|travel                                                      |0.146132|   42.00|0.172881|0.485714|       0|      42
2022-11-16 15:54:32.319 | DEBUG    | localization_association_rule_mining:__call__:394 - |order                         |    1.92|order                                                       |0.191898|   10.00|0.305085|0.340909|      10|       0
2022-11-16 15:54:32.319 | DEBUG    | localization_association_rule_mining:__call__:394 - |admin-order                   |    1.72|admin-order                                                 |0.114754|   15.00|0.118644|0.777778|      33|      18
2022-11-16 15:54:32.319 | DEBUG    | localization_association_rule_mining:__call__:394 - |preserve                      |    1.07|preserve                                                    |0.107023|   10.00|0.108475|0.888889|       0|      10
2022-11-16 15:54:32.319 | DEBUG    | localization_association_rule_mining:__call__:394 - |seat                          |    0.63|seat                                                        |0.157895|    4.00|0.162712|0.842105|       4|       8
2022-11-16 15:54:32.319 | DEBUG    | localization_association_rule_mining:__call__:394 - |user                          |    0.00|user                                                        |0.102649|    0.00|0.105085|0.815789|       0|       0
2022-11-16 15:54:32.319 | DEBUG    | localization_association_rule_mining:__call__:394 - |route                         |    0.00|route                                                       |0.141538|    0.00|0.155932|0.605263|       0|       0
2022-11-16 15:54:32.319 | DEBUG    | localization_association_rule_mining:__call__:394 - |basic                         |    0.00|basic                                                       |0.175896|    0.00|0.183051|0.818182|       0|       0
2022-11-16 15:54:32.319 | DEBUG    | localization_association_rule_mining:__call__:394 - |train                         |    0.00|train                                                       |0.135314|    0.00|0.138983|0.836735|       0|       0
2022-11-16 15:54:32.319 | DEBUG    | localization_association_rule_mining:__call__:394 - |station                       |    0.00|station                                                     |0.289340|    0.00|0.386441|0.535211|       0|       0
2022-11-16 15:54:32.319 | DEBUG    | localization_association_rule_mining:__call__:394 - |notification                  |   -1.00|                                                            |0.000000|    0.00|0.000000|0.000000|       0|       0
2022-11-16 15:54:32.320 | DEBUG    | localization_association_rule_mining:__call__:394 - |assurance                     |   -1.00|                                                            |0.000000|    0.00|0.000000|0.000000|       0|       0
2022-11-16 15:54:32.320 | DEBUG    | localization_association_rule_mining:__call__:394 - |cancel                        |   -1.00|                                                            |0.000000|    0.00|0.000000|0.000000|       0|       0
2022-11-16 15:54:32.320 | DEBUG    | localization_association_rule_mining:__call__:394 - |consign                       |   -1.00|                                                            |0.000000|    0.00|0.000000|0.000000|       0|       0
2022-11-16 15:54:32.320 | DEBUG    | localization_association_rule_mining:__call__:394 - |route-plan                    |   -1.00|                                                            |0.000000|    0.00|0.000000|0.000000|       0|       0
2022-11-16 15:54:32.320 | DEBUG    | localization_association_rule_mining:__call__:394 - |food-map                      |   -1.00|                                                            |0.000000|    0.00|0.000000|0.000000|       0|       0
2022-11-16 15:54:32.320 | DEBUG    | localization_association_rule_mining:__call__:394 - |security                      |   -1.00|                                                            |0.000000|    0.00|0.000000|0.000000|       0|       0
2022-11-16 15:54:32.320 | DEBUG    | localization_association_rule_mining:__call__:394 - |auth                          |   -1.00|                                                            |0.000000|    0.00|0.000000|0.000000|       0|       0
2022-11-16 15:54:32.320 | DEBUG    | localization_association_rule_mining:__call__:394 - |preserve-other                |   -1.00|                                                            |0.000000|    0.00|0.000000|0.000000|       0|       0
2022-11-16 15:54:32.320 | DEBUG    | localization_association_rule_mining:__call__:394 - |price                         |   -1.00|                                                            |0.000000|    0.00|0.000000|0.000000|       0|       0
2022-11-16 15:54:32.320 | DEBUG    | localization_association_rule_mining:__call__:394 - |ts-ui-dashboard               |   -1.00|                                                            |0.000000|    0.00|0.000000|0.000000|       0|       0
2022-11-16 15:54:32.320 | DEBUG    | localization_association_rule_mining:__call__:394 - |contacts                      |   -1.00|                                                            |0.000000|    0.00|0.000000|0.000000|       0|       0
2022-11-16 15:54:32.320 | DEBUG    | localization_association_rule_mining:__call__:394 - |payment                       |   -1.00|                                                            |0.000000|    0.00|0.000000|0.000000|       0|       0
2022-11-16 15:54:32.320 | DEBUG    | localization_association_rule_mining:__call__:394 - |config                        |   -1.00|                                                            |0.000000|    0.00|0.000000|0.000000|       0|       0
2022-11-16 15:54:32.320 | DEBUG    | localization_association_rule_mining:__call__:394 - |food                          |   -1.00|                                                            |0.000000|    0.00|0.000000|0.000000|       0|       0
2022-11-16 15:54:32.320 | DEBUG    | localization_association_rule_mining:__call__:394 - |travel2                       |   -1.00|                                                            |0.000000|    0.00|0.000000|0.000000|       0|       0
2022-11-16 15:54:32.320 | DEBUG    | localization_association_rule_mining:__call__:394 - |travel-plan                   |   -1.00|                                                            |0.000000|    0.00|0.000000|0.000000|       0|       0
2022-11-16 15:54:32.320 | DEBUG    | localization_association_rule_mining:__call__:394 - |verification-code             |   -1.00|                                                            |0.000000|    0.00|0.000000|0.000000|       0|       0
