2022-10-28 00:03:50.910 | DEBUG    | localization_association_rule_mining:__call__:388 - |item                          |score   |pattern                                                     |ps      |ips     |p(a|b)  |p(b|a)  |in      |out     
2022-10-28 00:03:50.911 | DEBUG    | localization_association_rule_mining:__call__:392 - |order-other                   |   42.32|order-other                                                 |0.920000|   46.00|0.920000|1.000000|      46|       0
2022-10-28 00:03:50.911 | DEBUG    | localization_association_rule_mining:__call__:392 - |preserve                      |    0.76|preserve                                                    |0.380000|    2.00|0.380000|1.000000|      16|      18
2022-10-28 00:03:50.911 | DEBUG    | localization_association_rule_mining:__call__:392 - |route-plan                    |    0.42|route-plan                                                  |0.140000|    3.00|0.140000|1.000000|       4|       7
2022-10-28 00:03:50.911 | DEBUG    | localization_association_rule_mining:__call__:392 - |travel2                       |    0.28|travel2                                                     |0.140000|    2.00|0.140000|1.000000|       7|       5
2022-10-28 00:03:50.911 | DEBUG    | localization_association_rule_mining:__call__:392 - |travel-plan                   |    0.24|travel-plan                                                 |0.120000|    2.00|0.120000|1.000000|       6|       4
2022-10-28 00:03:50.911 | DEBUG    | localization_association_rule_mining:__call__:392 - |security                      |    0.00|security                                                    |0.380000|    0.00|0.380000|1.000000|      18|      18
2022-10-28 00:03:50.911 | DEBUG    | localization_association_rule_mining:__call__:392 - |config                        |    0.00|config                                                      |0.120690|    0.00|0.140000|0.466667|       0|       0
2022-10-28 00:03:50.911 | DEBUG    | localization_association_rule_mining:__call__:392 - |order                         |    0.00|order                                                       |0.320513|    0.00|0.500000|0.471698|       0|       0
2022-10-28 00:03:50.911 | DEBUG    | localization_association_rule_mining:__call__:392 - |seat                          |    0.00|seat                                                        |0.120690|    0.00|0.140000|0.466667|       0|       0
2022-10-28 00:03:50.911 | DEBUG    | localization_association_rule_mining:__call__:392 - |travel                        |   -1.00|                                                            |0.000000|    0.00|0.000000|0.000000|       0|       0
2022-10-28 00:03:50.911 | DEBUG    | localization_association_rule_mining:__call__:392 - |route                         |   -1.00|                                                            |0.000000|    0.00|0.000000|0.000000|       0|       0
2022-10-28 00:03:50.911 | DEBUG    | localization_association_rule_mining:__call__:392 - |food-map                      |   -1.00|                                                            |0.000000|    0.00|0.000000|0.000000|       0|       0
2022-10-28 00:03:50.911 | DEBUG    | localization_association_rule_mining:__call__:392 - |auth                          |   -1.00|                                                            |0.000000|    0.00|0.000000|0.000000|       0|       0
2022-10-28 00:03:50.911 | DEBUG    | localization_association_rule_mining:__call__:392 - |food                          |   -1.00|                                                            |0.000000|    0.00|0.000000|0.000000|       0|       0
2022-10-28 00:03:50.911 | DEBUG    | localization_association_rule_mining:__call__:392 - |ts-ui-dashboard               |   -1.00|                                                            |0.000000|    0.00|0.000000|0.000000|       0|       0
2022-10-28 00:03:50.911 | DEBUG    | localization_association_rule_mining:__call__:392 - |verification-code             |   -1.00|                                                            |0.000000|    0.00|0.000000|0.000000|       0|       0
2022-10-28 00:03:50.911 | DEBUG    | localization_association_rule_mining:__call__:392 - |price                         |   -1.00|                                                            |0.000000|    0.00|0.000000|0.000000|       0|       0
2022-10-28 00:03:50.911 | DEBUG    | localization_association_rule_mining:__call__:392 - |station                       |   -1.00|                                                            |0.000000|    0.00|0.000000|0.000000|       0|       0
2022-10-28 00:03:50.912 | DEBUG    | localization_association_rule_mining:__call__:392 - |train                         |   -1.00|                                                            |0.000000|    0.00|0.000000|0.000000|       0|       0
2022-10-28 00:03:50.912 | DEBUG    | localization_association_rule_mining:__call__:392 - |basic                         |   -1.00|                                                            |0.000000|    0.00|0.000000|0.000000|       0|       0
2022-10-28 00:03:50.912 | DEBUG    | localization_association_rule_mining:__call__:392 - |consign                       |   -1.00|                                                            |0.000000|    0.00|0.000000|0.000000|       0|       0
2022-10-28 00:03:50.912 | DEBUG    | localization_association_rule_mining:__call__:392 - |contacts                      |   -1.00|                                                            |0.000000|    0.00|0.000000|0.000000|       0|       0
2022-10-28 00:03:50.912 | DEBUG    | localization_association_rule_mining:__call__:392 - |ticketinfo                    |   -1.00|                                                            |0.000000|    0.00|0.000000|0.000000|       0|       0
2022-10-28 00:03:50.912 | DEBUG    | localization_association_rule_mining:__call__:392 - |assurance                     |   -1.00|                                                            |0.000000|    0.00|0.000000|0.000000|       0|       0
