2022-10-31 19:44:51.018 | DEBUG    | localization_association_rule_mining:__call__:388 - |item                          |score   |pattern                                                     |ps      |ips     |p(a|b)  |p(b|a)  |in      |out     
2022-10-31 19:44:51.018 | DEBUG    | localization_association_rule_mining:__call__:392 - |station                       |  163.49|station                                                     |0.536028|  305.00|0.623722|0.792208|     305|       0
2022-10-31 19:44:51.018 | DEBUG    | localization_association_rule_mining:__call__:392 - |route                         |   53.67|route                                                       |0.331288|  162.00|0.331288|1.000000|     162|       0
2022-10-31 19:44:51.018 | DEBUG    | localization_association_rule_mining:__call__:392 - |order                         |   28.86|order                                                       |0.194993|  148.00|0.302658|0.354067|     148|       0
2022-10-31 19:44:51.018 | DEBUG    | localization_association_rule_mining:__call__:392 - |train                         |   24.30|train                                                       |0.222904|  109.00|0.222904|1.000000|     109|       0
2022-10-31 19:44:51.018 | DEBUG    | localization_association_rule_mining:__call__:392 - |food                          |   20.59|food                                                        |0.242188|   85.00|0.253579|0.843537|      17|     102
2022-10-31 19:44:51.018 | DEBUG    | localization_association_rule_mining:__call__:392 - |order-other                   |   13.15|order-other                                                 |0.268331|   49.00|0.351738|0.530864|      61|     110
2022-10-31 19:44:51.018 | DEBUG    | localization_association_rule_mining:__call__:392 - |food-map                      |   11.97|food-map                                                    |0.157464|   76.00|0.157464|1.000000|      76|       0
2022-10-31 19:44:51.019 | DEBUG    | localization_association_rule_mining:__call__:392 - |seat                          |   10.57|seat                                                        |0.278119|   38.00|0.278119|1.000000|      79|     117
2022-10-31 19:44:51.019 | DEBUG    | localization_association_rule_mining:__call__:392 - |config                        |    9.04|config                                                      |0.137014|   66.00|0.137014|1.000000|      66|       0
2022-10-31 19:44:51.019 | DEBUG    | localization_association_rule_mining:__call__:392 - |basic                         |    8.81|basic                                                       |0.284254|   31.00|0.284254|1.000000|      95|     126
2022-10-31 19:44:51.019 | DEBUG    | localization_association_rule_mining:__call__:392 - |travel                        |    7.25|travel                                                      |0.453252|   16.00|0.456033|0.986726|     154|     170
2022-10-31 19:44:51.019 | DEBUG    | localization_association_rule_mining:__call__:392 - |auth                          |    5.66|auth                                                        |0.104854|   54.00|0.110429|0.675000|       0|      54
2022-10-31 19:44:51.019 | DEBUG    | localization_association_rule_mining:__call__:392 - |price                         |    5.32|price                                                       |0.104294|   51.00|0.104294|1.000000|      51|       0
2022-10-31 19:44:51.019 | DEBUG    | localization_association_rule_mining:__call__:392 - |preserve                      |    5.08|preserve                                                    |0.110429|   46.00|0.110429|1.000000|       0|      46
2022-10-31 19:44:51.019 | DEBUG    | localization_association_rule_mining:__call__:392 - |ticketinfo                    |    4.25|ticketinfo                                                  |0.265849|   16.00|0.265849|1.000000|     111|      95
2022-10-31 19:44:51.019 | DEBUG    | localization_association_rule_mining:__call__:392 - |verification-code             |    4.20|verification-code                                           |0.077698|   54.00|0.110429|0.207692|      54|       0
2022-10-31 19:44:51.019 | DEBUG    | localization_association_rule_mining:__call__:392 - |inside-payment                |   -1.00|                                                            |0.000000|    0.00|0.000000|0.000000|       0|       0
2022-10-31 19:44:51.019 | DEBUG    | localization_association_rule_mining:__call__:392 - |route-plan                    |   -1.00|                                                            |0.000000|    0.00|0.000000|0.000000|       0|       0
2022-10-31 19:44:51.019 | DEBUG    | localization_association_rule_mining:__call__:392 - |admin-order                   |   -1.00|                                                            |0.000000|    0.00|0.000000|0.000000|       0|       0
2022-10-31 19:44:51.019 | DEBUG    | localization_association_rule_mining:__call__:392 - |security                      |   -1.00|                                                            |0.000000|    0.00|0.000000|0.000000|       0|       0
2022-10-31 19:44:51.019 | DEBUG    | localization_association_rule_mining:__call__:392 - |payment                       |   -1.00|                                                            |0.000000|    0.00|0.000000|0.000000|       0|       0
2022-10-31 19:44:51.019 | DEBUG    | localization_association_rule_mining:__call__:392 - |travel-plan                   |   -1.00|                                                            |0.000000|    0.00|0.000000|0.000000|       0|       0
2022-10-31 19:44:51.019 | DEBUG    | localization_association_rule_mining:__call__:392 - |user                          |   -1.00|                                                            |0.000000|    0.00|0.000000|0.000000|       0|       0
2022-10-31 19:44:51.020 | DEBUG    | localization_association_rule_mining:__call__:392 - |admin-travel                  |   -1.00|                                                            |0.000000|    0.00|0.000000|0.000000|       0|       0
2022-10-31 19:44:51.020 | DEBUG    | localization_association_rule_mining:__call__:392 - |cancel                        |   -1.00|                                                            |0.000000|    0.00|0.000000|0.000000|       0|       0
2022-10-31 19:44:51.020 | DEBUG    | localization_association_rule_mining:__call__:392 - |notification                  |   -1.00|                                                            |0.000000|    0.00|0.000000|0.000000|       0|       0
2022-10-31 19:44:51.020 | DEBUG    | localization_association_rule_mining:__call__:392 - |admin-route                   |   -1.00|                                                            |0.000000|    0.00|0.000000|0.000000|       0|       0
2022-10-31 19:44:51.020 | DEBUG    | localization_association_rule_mining:__call__:392 - |assurance                     |   -1.00|                                                            |0.000000|    0.00|0.000000|0.000000|       0|       0
2022-10-31 19:44:51.020 | DEBUG    | localization_association_rule_mining:__call__:392 - |contacts                      |   -1.00|                                                            |0.000000|    0.00|0.000000|0.000000|       0|       0
2022-10-31 19:44:51.020 | DEBUG    | localization_association_rule_mining:__call__:392 - |preserve-other                |   -1.00|                                                            |0.000000|    0.00|0.000000|0.000000|       0|       0
2022-10-31 19:44:51.020 | DEBUG    | localization_association_rule_mining:__call__:392 - |ts-ui-dashboard               |   -1.00|                                                            |0.000000|    0.00|0.000000|0.000000|       0|       0
2022-10-31 19:44:51.020 | DEBUG    | localization_association_rule_mining:__call__:392 - |consign                       |   -1.00|                                                            |0.000000|    0.00|0.000000|0.000000|       0|       0
2022-10-31 19:44:51.020 | DEBUG    | localization_association_rule_mining:__call__:392 - |travel2                       |   -1.00|                                                            |0.000000|    0.00|0.000000|0.000000|       0|       0
