2022-10-31 19:48:26.206 | DEBUG    | localization_association_rule_mining:__call__:388 - |item                          |score   |pattern                                                     |ps      |ips     |p(a|b)  |p(b|a)  |in      |out     
2022-10-31 19:48:26.206 | DEBUG    | localization_association_rule_mining:__call__:392 - |auth                          |   26.38|auth                                                        |0.538462|   49.00|0.662162|0.742424|       0|      49
2022-10-31 19:48:26.206 | DEBUG    | localization_association_rule_mining:__call__:392 - |verification-code             |    8.17|verification-code                                           |0.166667|   49.00|0.662162|0.182156|      49|       0
2022-10-31 19:48:26.206 | DEBUG    | localization_association_rule_mining:__call__:392 - |route                         |    6.54|route                                                       |0.297297|   22.00|0.297297|1.000000|      22|       0
2022-10-31 19:48:26.206 | DEBUG    | localization_association_rule_mining:__call__:392 - |station                       |    4.38|station                                                     |0.243243|   18.00|0.243243|1.000000|      18|       0
2022-10-31 19:48:26.206 | DEBUG    | localization_association_rule_mining:__call__:392 - |travel                        |    3.07|travel                                                      |0.306667|   10.00|0.310811|0.958333|      13|      23
2022-10-31 19:48:26.206 | DEBUG    | localization_association_rule_mining:__call__:392 - |train                         |    3.04|train                                                       |0.202703|   15.00|0.202703|1.000000|      15|       0
2022-10-31 19:48:26.206 | DEBUG    | localization_association_rule_mining:__call__:392 - |order                         |    2.28|order                                                       |0.175676|   13.00|0.175676|1.000000|      13|       0
2022-10-31 19:48:26.206 | DEBUG    | localization_association_rule_mining:__call__:392 - |config                        |    1.95|config                                                      |0.162162|   12.00|0.162162|1.000000|      12|       0
2022-10-31 19:48:26.207 | DEBUG    | localization_association_rule_mining:__call__:392 - |seat                          |    0.92|seat                                                        |0.229730|    4.00|0.229730|1.000000|      12|      16
2022-10-31 19:48:26.207 | DEBUG    | localization_association_rule_mining:__call__:392 - |basic                         |    0.81|basic                                                       |0.270270|    3.00|0.270270|1.000000|      15|      18
2022-10-31 19:48:26.207 | DEBUG    | localization_association_rule_mining:__call__:392 - |ticketinfo                    |    0.54|ticketinfo                                                  |0.270270|    2.00|0.270270|1.000000|      17|      15
2022-10-31 19:48:26.207 | DEBUG    | localization_association_rule_mining:__call__:392 - |travel-plan                   |   -1.00|                                                            |0.000000|    0.00|0.000000|0.000000|       0|       0
2022-10-31 19:48:26.207 | DEBUG    | localization_association_rule_mining:__call__:392 - |travel2                       |   -1.00|                                                            |0.000000|    0.00|0.000000|0.000000|       0|       0
2022-10-31 19:48:26.207 | DEBUG    | localization_association_rule_mining:__call__:392 - |route-plan                    |   -1.00|                                                            |0.000000|    0.00|0.000000|0.000000|       0|       0
2022-10-31 19:48:26.207 | DEBUG    | localization_association_rule_mining:__call__:392 - |food                          |   -1.00|                                                            |0.000000|    0.00|0.000000|0.000000|       0|       0
2022-10-31 19:48:26.207 | DEBUG    | localization_association_rule_mining:__call__:392 - |preserve-other                |   -1.00|                                                            |0.000000|    0.00|0.000000|0.000000|       0|       0
2022-10-31 19:48:26.207 | DEBUG    | localization_association_rule_mining:__call__:392 - |notification                  |   -1.00|                                                            |0.000000|    0.00|0.000000|0.000000|       0|       0
2022-10-31 19:48:26.207 | DEBUG    | localization_association_rule_mining:__call__:392 - |assurance                     |   -1.00|                                                            |0.000000|    0.00|0.000000|0.000000|       0|       0
2022-10-31 19:48:26.207 | DEBUG    | localization_association_rule_mining:__call__:392 - |user                          |   -1.00|                                                            |0.000000|    0.00|0.000000|0.000000|       0|       0
2022-10-31 19:48:26.207 | DEBUG    | localization_association_rule_mining:__call__:392 - |consign                       |   -1.00|                                                            |0.000000|    0.00|0.000000|0.000000|       0|       0
2022-10-31 19:48:26.207 | DEBUG    | localization_association_rule_mining:__call__:392 - |order-other                   |   -1.00|                                                            |0.000000|    0.00|0.000000|0.000000|       0|       0
2022-10-31 19:48:26.207 | DEBUG    | localization_association_rule_mining:__call__:392 - |price                         |   -1.00|                                                            |0.000000|    0.00|0.000000|0.000000|       0|       0
