2022-10-31 19:49:42.103 | DEBUG    | localization_association_rule_mining:__call__:388 - |item                          |score   |pattern                                                     |ps      |ips     |p(a|b)  |p(b|a)  |in      |out     
2022-10-31 19:49:42.104 | DEBUG    | localization_association_rule_mining:__call__:392 - |station                       |  150.66|station                                                     |0.588506|  256.00|0.682667|0.810127|     256|       0
2022-10-31 19:49:42.104 | DEBUG    | localization_association_rule_mining:__call__:392 - |route                         |   47.17|route                                                       |0.354667|  133.00|0.354667|1.000000|     133|       0
2022-10-31 19:49:42.104 | DEBUG    | localization_association_rule_mining:__call__:392 - |train                         |   27.47|train                                                       |0.272000|  101.00|0.272000|1.000000|     101|       0
2022-10-31 19:49:42.104 | DEBUG    | localization_association_rule_mining:__call__:392 - |order                         |   20.61|order                                                       |0.187394|  110.00|0.293333|0.341615|     110|       0
2022-10-31 19:49:42.104 | DEBUG    | localization_association_rule_mining:__call__:392 - |food                          |   18.99|food                                                        |0.292191|   65.00|0.309333|0.840580|      23|      88
2022-10-31 19:49:42.104 | DEBUG    | localization_association_rule_mining:__call__:392 - |seat                          |   11.15|seat                                                        |0.293333|   38.00|0.293333|1.000000|      68|     106
2022-10-31 19:49:42.104 | DEBUG    | localization_association_rule_mining:__call__:392 - |config                        |   10.75|config                                                      |0.170667|   63.00|0.170667|1.000000|      63|       0
2022-10-31 19:49:42.104 | DEBUG    | localization_association_rule_mining:__call__:392 - |order-other                   |   10.25|order-other                                                 |0.269639|   38.00|0.338667|0.569507|      44|      82
2022-10-31 19:49:42.104 | DEBUG    | localization_association_rule_mining:__call__:392 - |food-map                      |    9.92|food-map                                                    |0.162667|   61.00|0.162667|1.000000|      61|       0
2022-10-31 19:49:42.104 | DEBUG    | localization_association_rule_mining:__call__:392 - |basic                         |    9.44|basic                                                       |0.314667|   30.00|0.314667|1.000000|      86|     116
2022-10-31 19:49:42.104 | DEBUG    | localization_association_rule_mining:__call__:392 - |auth                          |    6.06|auth                                                        |0.123737|   49.00|0.130667|0.700000|       0|      49
2022-10-31 19:49:42.104 | DEBUG    | localization_association_rule_mining:__call__:392 - |preserve                      |    5.75|preserve                                                    |0.130667|   44.00|0.130667|1.000000|       0|      44
2022-10-31 19:49:42.104 | DEBUG    | localization_association_rule_mining:__call__:392 - |travel                        |    4.89|travel                                                      |0.489362|   10.00|0.490667|0.994595|     132|     142
2022-10-31 19:49:42.105 | DEBUG    | localization_association_rule_mining:__call__:392 - |verification-code             |    4.52|verification-code                                           |0.092279|   49.00|0.130667|0.239024|      49|       0
2022-10-31 19:49:42.105 | DEBUG    | localization_association_rule_mining:__call__:392 - |security                      |    2.19|security                                                    |0.109333|   20.00|0.109333|1.000000|      15|      35
2022-10-31 19:49:42.105 | DEBUG    | localization_association_rule_mining:__call__:392 - |ticketinfo                    |    0.00|ticketinfo                                                  |0.277333|    0.00|0.277333|1.000000|      86|      86
2022-10-31 19:49:42.105 | DEBUG    | localization_association_rule_mining:__call__:392 - |preserve-other                |   -1.00|                                                            |0.000000|    0.00|0.000000|0.000000|       0|       0
2022-10-31 19:49:42.105 | DEBUG    | localization_association_rule_mining:__call__:392 - |consign                       |   -1.00|                                                            |0.000000|    0.00|0.000000|0.000000|       0|       0
2022-10-31 19:49:42.105 | DEBUG    | localization_association_rule_mining:__call__:392 - |user                          |   -1.00|                                                            |0.000000|    0.00|0.000000|0.000000|       0|       0
2022-10-31 19:49:42.105 | DEBUG    | localization_association_rule_mining:__call__:392 - |admin-order                   |   -1.00|                                                            |0.000000|    0.00|0.000000|0.000000|       0|       0
2022-10-31 19:49:42.105 | DEBUG    | localization_association_rule_mining:__call__:392 - |cancel                        |   -1.00|                                                            |0.000000|    0.00|0.000000|0.000000|       0|       0
2022-10-31 19:49:42.105 | DEBUG    | localization_association_rule_mining:__call__:392 - |inside-payment                |   -1.00|                                                            |0.000000|    0.00|0.000000|0.000000|       0|       0
2022-10-31 19:49:42.105 | DEBUG    | localization_association_rule_mining:__call__:392 - |assurance                     |   -1.00|                                                            |0.000000|    0.00|0.000000|0.000000|       0|       0
2022-10-31 19:49:42.105 | DEBUG    | localization_association_rule_mining:__call__:392 - |notification                  |   -1.00|                                                            |0.000000|    0.00|0.000000|0.000000|       0|       0
2022-10-31 19:49:42.105 | DEBUG    | localization_association_rule_mining:__call__:392 - |ts-ui-dashboard               |   -1.00|                                                            |0.000000|    0.00|0.000000|0.000000|       0|       0
2022-10-31 19:49:42.105 | DEBUG    | localization_association_rule_mining:__call__:392 - |price                         |   -1.00|                                                            |0.000000|    0.00|0.000000|0.000000|       0|       0
2022-10-31 19:49:42.105 | DEBUG    | localization_association_rule_mining:__call__:392 - |contacts                      |   -1.00|                                                            |0.000000|    0.00|0.000000|0.000000|       0|       0
2022-10-31 19:49:42.105 | DEBUG    | localization_association_rule_mining:__call__:392 - |travel-plan                   |   -1.00|                                                            |0.000000|    0.00|0.000000|0.000000|       0|       0
2022-10-31 19:49:42.105 | DEBUG    | localization_association_rule_mining:__call__:392 - |travel2                       |   -1.00|                                                            |0.000000|    0.00|0.000000|0.000000|       0|       0
2022-10-31 19:49:42.105 | DEBUG    | localization_association_rule_mining:__call__:392 - |route-plan                    |   -1.00|                                                            |0.000000|    0.00|0.000000|0.000000|       0|       0
2022-10-31 19:49:42.105 | DEBUG    | localization_association_rule_mining:__call__:392 - |payment                       |   -1.00|                                                            |0.000000|    0.00|0.000000|0.000000|       0|       0
