2022-10-31 19:48:48.068 | DEBUG    | localization_association_rule_mining:__call__:388 - |item                          |score   |pattern                                                     |ps      |ips     |p(a|b)  |p(b|a)  |in      |out     
2022-10-31 19:48:48.068 | DEBUG    | localization_association_rule_mining:__call__:392 - |station                       |   52.25|station                                                     |0.502415|  104.00|0.626506|0.717241|     104|       0
2022-10-31 19:48:48.068 | DEBUG    | localization_association_rule_mining:__call__:392 - |food                          |   45.52|food                                                        |0.511494|   89.00|0.536145|0.917526|       0|      89
2022-10-31 19:48:48.068 | DEBUG    | localization_association_rule_mining:__call__:392 - |food-map                      |   39.04|food-map                                                    |0.487952|   80.00|0.487952|1.000000|      80|       0
2022-10-31 19:48:48.068 | DEBUG    | localization_association_rule_mining:__call__:392 - |travel                        |   24.20|travel                                                      |0.493976|   49.00|0.493976|1.000000|      69|      20
2022-10-31 19:48:48.068 | DEBUG    | localization_association_rule_mining:__call__:392 - |route                         |    4.07|route                                                       |0.156627|   26.00|0.156627|1.000000|      26|       0
2022-10-31 19:48:48.068 | DEBUG    | localization_association_rule_mining:__call__:392 - |security                      |    2.92|security                                                    |0.132530|   22.00|0.132530|1.000000|      22|       0
2022-10-31 19:48:48.068 | DEBUG    | localization_association_rule_mining:__call__:392 - |preserve                      |    2.11|preserve                                                    |0.105263|   20.00|0.120482|0.454545|       0|      20
2022-10-31 19:48:48.068 | DEBUG    | localization_association_rule_mining:__call__:392 - |auth                          |    1.80|auth                                                        |0.094527|   19.00|0.114458|0.351852|       0|      19
2022-10-31 19:48:48.068 | DEBUG    | localization_association_rule_mining:__call__:392 - |basic                         |    1.33|basic                                                       |0.132530|   10.00|0.132530|1.000000|      12|      22
2022-10-31 19:48:48.068 | DEBUG    | localization_association_rule_mining:__call__:392 - |verification-code             |    1.05|verification-code                                           |0.055233|   19.00|0.114458|0.096447|      19|       0
2022-10-31 19:48:48.068 | DEBUG    | localization_association_rule_mining:__call__:392 - |order-other                   |    0.88|order-other                                                 |0.097436|    9.00|0.114458|0.395833|       5|      14
2022-10-31 19:48:48.068 | DEBUG    | localization_association_rule_mining:__call__:392 - |seat                          |    0.65|seat                                                        |0.108434|    6.00|0.108434|1.000000|       9|      15
2022-10-31 19:48:48.069 | DEBUG    | localization_association_rule_mining:__call__:392 - |ticketinfo                    |    0.12|ticketinfo                                                  |0.120482|    1.00|0.120482|1.000000|      13|      12
2022-10-31 19:48:48.069 | DEBUG    | localization_association_rule_mining:__call__:392 - |travel2                       |   -1.00|                                                            |0.000000|    0.00|0.000000|0.000000|       0|       0
2022-10-31 19:48:48.069 | DEBUG    | localization_association_rule_mining:__call__:392 - |assurance                     |   -1.00|                                                            |0.000000|    0.00|0.000000|0.000000|       0|       0
2022-10-31 19:48:48.069 | DEBUG    | localization_association_rule_mining:__call__:392 - |train                         |   -1.00|                                                            |0.000000|    0.00|0.000000|0.000000|       0|       0
2022-10-31 19:48:48.069 | DEBUG    | localization_association_rule_mining:__call__:392 - |ts-ui-dashboard               |   -1.00|                                                            |0.000000|    0.00|0.000000|0.000000|       0|       0
2022-10-31 19:48:48.069 | DEBUG    | localization_association_rule_mining:__call__:392 - |consign                       |   -1.00|                                                            |0.000000|    0.00|0.000000|0.000000|       0|       0
2022-10-31 19:48:48.069 | DEBUG    | localization_association_rule_mining:__call__:392 - |contacts                      |   -1.00|                                                            |0.000000|    0.00|0.000000|0.000000|       0|       0
2022-10-31 19:48:48.069 | DEBUG    | localization_association_rule_mining:__call__:392 - |price                         |   -1.00|                                                            |0.000000|    0.00|0.000000|0.000000|       0|       0
2022-10-31 19:48:48.069 | DEBUG    | localization_association_rule_mining:__call__:392 - |travel-plan                   |   -1.00|                                                            |0.000000|    0.00|0.000000|0.000000|       0|       0
2022-10-31 19:48:48.069 | DEBUG    | localization_association_rule_mining:__call__:392 - |order                         |   -1.00|                                                            |0.000000|    0.00|0.000000|0.000000|       0|       0
2022-10-31 19:48:48.069 | DEBUG    | localization_association_rule_mining:__call__:392 - |config                        |   -1.00|                                                            |0.000000|    0.00|0.000000|0.000000|       0|       0
2022-10-31 19:48:48.069 | DEBUG    | localization_association_rule_mining:__call__:392 - |route-plan                    |   -1.00|                                                            |0.000000|    0.00|0.000000|0.000000|       0|       0
2022-10-31 19:48:48.069 | DEBUG    | localization_association_rule_mining:__call__:392 - |preserve-other                |   -1.00|                                                            |0.000000|    0.00|0.000000|0.000000|       0|       0
