2022-11-09 17:02:10.413 | DEBUG    | localization_association_rule_mining:__call__:390 - |item                          |score   |pattern                                                     |ps      |ips     |p(a|b)  |p(b|a)  |in      |out     
2022-11-09 17:02:10.414 | DEBUG    | localization_association_rule_mining:__call__:394 - |travel                        |   14.59|travel                                                      |0.810811|   18.00|0.810811|1.000000|      23|       5
2022-11-09 17:02:10.414 | DEBUG    | localization_association_rule_mining:__call__:394 - |food                          |    6.49|food                                                        |0.648649|   10.00|0.648649|1.000000|      23|      13
2022-11-09 17:02:10.414 | DEBUG    | localization_association_rule_mining:__call__:394 - |seat                          |    1.08|seat                                                        |0.270270|    4.00|0.270270|1.000000|       6|      10
2022-11-09 17:02:10.414 | DEBUG    | localization_association_rule_mining:__call__:394 - |order                         |    0.53|order                                                       |0.178082|    3.00|0.351351|0.265306|       3|       0
2022-11-09 17:02:10.414 | DEBUG    | localization_association_rule_mining:__call__:394 - |preserve                      |    0.22|preserve                                                    |0.108108|    2.00|0.108108|1.000000|       4|       2
2022-11-09 17:02:10.414 | DEBUG    | localization_association_rule_mining:__call__:394 - |train                         |    0.00|train                                                       |0.216216|    0.00|0.216216|1.000000|       0|       0
2022-11-09 17:02:10.414 | DEBUG    | localization_association_rule_mining:__call__:394 - |ticketinfo                    |    0.00|ticketinfo                                                  |0.270270|    0.00|0.270270|1.000000|       0|       0
2022-11-09 17:02:10.414 | DEBUG    | localization_association_rule_mining:__call__:394 - |price                         |    0.00|price                                                       |0.108108|    0.00|0.108108|1.000000|       0|       0
2022-11-09 17:02:10.414 | DEBUG    | localization_association_rule_mining:__call__:394 - |route                         |    0.00|route                                                       |0.729730|    0.00|0.729730|1.000000|       0|       0
2022-11-09 17:02:10.414 | DEBUG    | localization_association_rule_mining:__call__:394 - |security                      |    0.00|security                                                    |0.108108|    0.00|0.108108|1.000000|       0|       0
2022-11-09 17:02:10.414 | DEBUG    | localization_association_rule_mining:__call__:394 - |config                        |    0.00|config                                                      |0.216216|    0.00|0.216216|1.000000|       0|       0
2022-11-09 17:02:10.414 | DEBUG    | localization_association_rule_mining:__call__:394 - |station                       |    0.00|station                                                     |0.411765|    0.00|0.756757|0.474576|       0|       0
2022-11-09 17:02:10.414 | DEBUG    | localization_association_rule_mining:__call__:394 - |food-map                      |    0.00|food-map                                                    |0.540541|    0.00|0.540541|1.000000|       0|       0
2022-11-09 17:02:10.414 | DEBUG    | localization_association_rule_mining:__call__:394 - |basic                         |    0.00|basic                                                       |0.270270|    0.00|0.270270|1.000000|       0|       0
2022-11-09 17:02:10.414 | DEBUG    | localization_association_rule_mining:__call__:394 - |ts-ui-dashboard               |   -1.00|                                                            |0.000000|    0.00|0.000000|0.000000|       0|       0
2022-11-09 17:02:10.414 | DEBUG    | localization_association_rule_mining:__call__:394 - |auth                          |   -1.00|                                                            |0.000000|    0.00|0.000000|0.000000|       0|       0
2022-11-09 17:02:10.414 | DEBUG    | localization_association_rule_mining:__call__:394 - |order-other                   |   -1.00|                                                            |0.000000|    0.00|0.000000|0.000000|       0|       0
2022-11-09 17:02:10.415 | DEBUG    | localization_association_rule_mining:__call__:394 - |user                          |   -1.00|                                                            |0.000000|    0.00|0.000000|0.000000|       0|       0
2022-11-09 17:02:10.415 | DEBUG    | localization_association_rule_mining:__call__:394 - |assurance                     |   -1.00|                                                            |0.000000|    0.00|0.000000|0.000000|       0|       0
2022-11-09 17:02:10.415 | DEBUG    | localization_association_rule_mining:__call__:394 - |contacts                      |   -1.00|                                                            |0.000000|    0.00|0.000000|0.000000|       0|       0
2022-11-09 17:02:10.415 | DEBUG    | localization_association_rule_mining:__call__:394 - |travel-plan                   |   -1.00|                                                            |0.000000|    0.00|0.000000|0.000000|       0|       0
2022-11-09 17:02:10.415 | DEBUG    | localization_association_rule_mining:__call__:394 - |verification-code             |   -1.00|                                                            |0.000000|    0.00|0.000000|0.000000|       0|       0
2022-11-09 17:02:10.415 | DEBUG    | localization_association_rule_mining:__call__:394 - |cancel                        |   -1.00|                                                            |0.000000|    0.00|0.000000|0.000000|       0|       0
2022-11-09 17:02:10.415 | DEBUG    | localization_association_rule_mining:__call__:394 - |consign                       |   -1.00|                                                            |0.000000|    0.00|0.000000|0.000000|       0|       0
2022-11-09 17:02:10.415 | DEBUG    | localization_association_rule_mining:__call__:394 - |inside-payment                |   -1.00|                                                            |0.000000|    0.00|0.000000|0.000000|       0|       0
2022-11-09 17:02:10.415 | DEBUG    | localization_association_rule_mining:__call__:394 - |notification                  |   -1.00|                                                            |0.000000|    0.00|0.000000|0.000000|       0|       0
2022-11-09 17:02:10.415 | DEBUG    | localization_association_rule_mining:__call__:394 - |payment                       |   -1.00|                                                            |0.000000|    0.00|0.000000|0.000000|       0|       0
