2022-10-31 19:45:03.793 | DEBUG    | localization_association_rule_mining:__call__:388 - |item                          |score   |pattern                                                     |ps      |ips     |p(a|b)  |p(b|a)  |in      |out     
2022-10-31 19:45:03.793 | DEBUG    | localization_association_rule_mining:__call__:392 - |station                       |  117.31|station                                                     |0.488798|  240.00|0.610687|0.710059|     240|       0
2022-10-31 19:45:03.793 | DEBUG    | localization_association_rule_mining:__call__:392 - |route                         |   37.87|route                                                       |0.310433|  122.00|0.310433|1.000000|     122|       0
2022-10-31 19:45:03.793 | DEBUG    | localization_association_rule_mining:__call__:392 - |order                         |   24.28|order                                                       |0.186782|  130.00|0.330789|0.300231|     130|       0
2022-10-31 19:45:03.793 | DEBUG    | localization_association_rule_mining:__call__:392 - |food                          |   20.17|food                                                        |0.280193|   72.00|0.295165|0.846715|      20|      92
2022-10-31 19:45:03.793 | DEBUG    | localization_association_rule_mining:__call__:392 - |train                         |   14.70|train                                                       |0.193384|   76.00|0.193384|1.000000|      76|       0
2022-10-31 19:45:03.793 | DEBUG    | localization_association_rule_mining:__call__:392 - |order-other                   |   13.61|order-other                                                 |0.243094|   56.00|0.335878|0.468085|      38|      94
2022-10-31 19:45:03.793 | DEBUG    | localization_association_rule_mining:__call__:392 - |food-map                      |   13.19|food-map                                                    |0.183206|   72.00|0.183206|1.000000|      72|       0
2022-10-31 19:45:03.793 | DEBUG    | localization_association_rule_mining:__call__:392 - |cancel                        |    8.27|cancel                                                      |0.142506|   58.00|0.147583|0.805556|       0|      58
2022-10-31 19:45:03.794 | DEBUG    | localization_association_rule_mining:__call__:392 - |config                        |    6.62|config                                                      |0.129771|   51.00|0.129771|1.000000|      51|       0
2022-10-31 19:45:03.794 | DEBUG    | localization_association_rule_mining:__call__:392 - |seat                          |    5.21|seat                                                        |0.226463|   23.00|0.226463|1.000000|      59|      82
2022-10-31 19:45:03.794 | DEBUG    | localization_association_rule_mining:__call__:392 - |auth                          |    4.33|auth                                                        |0.103194|   42.00|0.106870|0.750000|       0|      42
2022-10-31 19:45:03.794 | DEBUG    | localization_association_rule_mining:__call__:392 - |price                         |    4.28|price                                                       |0.104326|   41.00|0.104326|1.000000|      41|       0
2022-10-31 19:45:03.794 | DEBUG    | localization_association_rule_mining:__call__:392 - |travel                        |    4.10|travel                                                      |0.409669|   10.00|0.409669|1.000000|     116|     126
2022-10-31 19:45:03.794 | DEBUG    | localization_association_rule_mining:__call__:392 - |preserve                      |    3.26|preserve                                                    |0.101781|   32.00|0.101781|1.000000|       0|      32
2022-10-31 19:45:03.794 | DEBUG    | localization_association_rule_mining:__call__:392 - |verification-code             |    3.22|verification-code                                           |0.076642|   42.00|0.106870|0.213198|      42|       0
2022-10-31 19:45:03.794 | DEBUG    | localization_association_rule_mining:__call__:392 - |user                          |    1.92|user                                                        |0.106599|   18.00|0.106870|0.976744|      18|       0
2022-10-31 19:45:03.794 | DEBUG    | localization_association_rule_mining:__call__:392 - |basic                         |    1.50|basic                                                       |0.249364|    6.00|0.249364|1.000000|      87|      93
2022-10-31 19:45:03.794 | DEBUG    | localization_association_rule_mining:__call__:392 - |ticketinfo                    |    1.25|ticketinfo                                                  |0.249364|    5.00|0.249364|1.000000|      82|      87
2022-10-31 19:45:03.794 | DEBUG    | localization_association_rule_mining:__call__:392 - |notification                  |    0.00|notification                                                |0.116162|    0.00|0.117048|0.938776|       0|       0
2022-10-31 19:45:03.794 | DEBUG    | localization_association_rule_mining:__call__:392 - |route-plan                    |   -1.00|                                                            |0.000000|    0.00|0.000000|0.000000|       0|       0
2022-10-31 19:45:03.794 | DEBUG    | localization_association_rule_mining:__call__:392 - |payment                       |   -1.00|                                                            |0.000000|    0.00|0.000000|0.000000|       0|       0
2022-10-31 19:45:03.794 | DEBUG    | localization_association_rule_mining:__call__:392 - |preserve-other                |   -1.00|                                                            |0.000000|    0.00|0.000000|0.000000|       0|       0
2022-10-31 19:45:03.794 | DEBUG    | localization_association_rule_mining:__call__:392 - |security                      |   -1.00|                                                            |0.000000|    0.00|0.000000|0.000000|       0|       0
2022-10-31 19:45:03.794 | DEBUG    | localization_association_rule_mining:__call__:392 - |ts-ui-dashboard               |   -1.00|                                                            |0.000000|    0.00|0.000000|0.000000|       0|       0
2022-10-31 19:45:03.795 | DEBUG    | localization_association_rule_mining:__call__:392 - |contacts                      |   -1.00|                                                            |0.000000|    0.00|0.000000|0.000000|       0|       0
2022-10-31 19:45:03.795 | DEBUG    | localization_association_rule_mining:__call__:392 - |inside-payment                |   -1.00|                                                            |0.000000|    0.00|0.000000|0.000000|       0|       0
2022-10-31 19:45:03.795 | DEBUG    | localization_association_rule_mining:__call__:392 - |travel-plan                   |   -1.00|                                                            |0.000000|    0.00|0.000000|0.000000|       0|       0
2022-10-31 19:45:03.795 | DEBUG    | localization_association_rule_mining:__call__:392 - |assurance                     |   -1.00|                                                            |0.000000|    0.00|0.000000|0.000000|       0|       0
2022-10-31 19:45:03.795 | DEBUG    | localization_association_rule_mining:__call__:392 - |consign                       |   -1.00|                                                            |0.000000|    0.00|0.000000|0.000000|       0|       0
2022-10-31 19:45:03.795 | DEBUG    | localization_association_rule_mining:__call__:392 - |travel2                       |   -1.00|                                                            |0.000000|    0.00|0.000000|0.000000|       0|       0
2022-10-31 19:45:03.795 | DEBUG    | localization_association_rule_mining:__call__:392 - |admin-order                   |   -1.00|                                                            |0.000000|    0.00|0.000000|0.000000|       0|       0
