2022-11-09 16:56:38.861 | DEBUG    | localization_association_rule_mining:__call__:390 - |item                          |score   |pattern                                                     |ps      |ips     |p(a|b)  |p(b|a)  |in      |out     
2022-11-09 16:56:38.861 | DEBUG    | localization_association_rule_mining:__call__:394 - |order-other                   |  136.03|order-other                                                 |0.676768|  201.00|0.679054|0.995050|     201|       0
2022-11-09 16:56:38.861 | DEBUG    | localization_association_rule_mining:__call__:394 - |inside-payment                |    8.61|inside-payment                                              |0.172297|   50.00|0.172297|1.000000|      51|       1
2022-11-09 16:56:38.861 | DEBUG    | localization_association_rule_mining:__call__:394 - |ticketinfo                    |    7.40|ticketinfo                                                  |0.176080|   42.00|0.179054|0.913793|      42|       0
2022-11-09 16:56:38.862 | DEBUG    | localization_association_rule_mining:__call__:394 - |travel                        |    6.12|travel                                                      |0.145714|   42.00|0.172297|0.485714|       0|      42
2022-11-09 16:56:38.862 | DEBUG    | localization_association_rule_mining:__call__:394 - |order                         |    1.91|order                                                       |0.191489|   10.00|0.304054|0.340909|      10|       0
2022-11-09 16:56:38.862 | DEBUG    | localization_association_rule_mining:__call__:394 - |admin-order                   |    1.89|admin-order                                                 |0.118033|   16.00|0.121622|0.800000|      34|      18
2022-11-09 16:56:38.862 | DEBUG    | localization_association_rule_mining:__call__:394 - |preserve                      |    1.07|preserve                                                    |0.106667|   10.00|0.108108|0.888889|       0|      10
2022-11-09 16:56:38.862 | DEBUG    | localization_association_rule_mining:__call__:394 - |seat                          |    0.63|seat                                                        |0.157377|    4.00|0.162162|0.842105|       4|       8
2022-11-09 16:56:38.862 | DEBUG    | localization_association_rule_mining:__call__:394 - |route                         |    0.00|route                                                       |0.141104|    0.00|0.155405|0.605263|       0|       0
2022-11-09 16:56:38.862 | DEBUG    | localization_association_rule_mining:__call__:394 - |train                         |    0.00|train                                                       |0.134868|    0.00|0.138514|0.836735|       0|       0
2022-11-09 16:56:38.862 | DEBUG    | localization_association_rule_mining:__call__:394 - |station                       |    0.00|station                                                     |0.285354|    0.00|0.381757|0.530516|       0|       0
2022-11-09 16:56:38.862 | DEBUG    | localization_association_rule_mining:__call__:394 - |user                          |    0.00|user                                                        |0.102310|    0.00|0.104730|0.815789|       0|       0
2022-11-09 16:56:38.862 | DEBUG    | localization_association_rule_mining:__call__:394 - |basic                         |    0.00|basic                                                       |0.175325|    0.00|0.182432|0.818182|       0|       0
2022-11-09 16:56:38.862 | DEBUG    | localization_association_rule_mining:__call__:394 - |payment                       |   -1.00|                                                            |0.000000|    0.00|0.000000|0.000000|       0|       0
2022-11-09 16:56:38.862 | DEBUG    | localization_association_rule_mining:__call__:394 - |security                      |   -1.00|                                                            |0.000000|    0.00|0.000000|0.000000|       0|       0
2022-11-09 16:56:38.862 | DEBUG    | localization_association_rule_mining:__call__:394 - |food-map                      |   -1.00|                                                            |0.000000|    0.00|0.000000|0.000000|       0|       0
2022-11-09 16:56:38.862 | DEBUG    | localization_association_rule_mining:__call__:394 - |route-plan                    |   -1.00|                                                            |0.000000|    0.00|0.000000|0.000000|       0|       0
2022-11-09 16:56:38.862 | DEBUG    | localization_association_rule_mining:__call__:394 - |consign                       |   -1.00|                                                            |0.000000|    0.00|0.000000|0.000000|       0|       0
2022-11-09 16:56:38.862 | DEBUG    | localization_association_rule_mining:__call__:394 - |travel-plan                   |   -1.00|                                                            |0.000000|    0.00|0.000000|0.000000|       0|       0
2022-11-09 16:56:38.862 | DEBUG    | localization_association_rule_mining:__call__:394 - |assurance                     |   -1.00|                                                            |0.000000|    0.00|0.000000|0.000000|       0|       0
2022-11-09 16:56:38.862 | DEBUG    | localization_association_rule_mining:__call__:394 - |ts-ui-dashboard               |   -1.00|                                                            |0.000000|    0.00|0.000000|0.000000|       0|       0
2022-11-09 16:56:38.863 | DEBUG    | localization_association_rule_mining:__call__:394 - |food                          |   -1.00|                                                            |0.000000|    0.00|0.000000|0.000000|       0|       0
2022-11-09 16:56:38.863 | DEBUG    | localization_association_rule_mining:__call__:394 - |config                        |   -1.00|                                                            |0.000000|    0.00|0.000000|0.000000|       0|       0
2022-11-09 16:56:38.863 | DEBUG    | localization_association_rule_mining:__call__:394 - |cancel                        |   -1.00|                                                            |0.000000|    0.00|0.000000|0.000000|       0|       0
2022-11-09 16:56:38.863 | DEBUG    | localization_association_rule_mining:__call__:394 - |travel2                       |   -1.00|                                                            |0.000000|    0.00|0.000000|0.000000|       0|       0
2022-11-09 16:56:38.863 | DEBUG    | localization_association_rule_mining:__call__:394 - |contacts                      |   -1.00|                                                            |0.000000|    0.00|0.000000|0.000000|       0|       0
2022-11-09 16:56:38.863 | DEBUG    | localization_association_rule_mining:__call__:394 - |auth                          |   -1.00|                                                            |0.000000|    0.00|0.000000|0.000000|       0|       0
2022-11-09 16:56:38.863 | DEBUG    | localization_association_rule_mining:__call__:394 - |verification-code             |   -1.00|                                                            |0.000000|    0.00|0.000000|0.000000|       0|       0
2022-11-09 16:56:38.863 | DEBUG    | localization_association_rule_mining:__call__:394 - |preserve-other                |   -1.00|                                                            |0.000000|    0.00|0.000000|0.000000|       0|       0
2022-11-09 16:56:38.863 | DEBUG    | localization_association_rule_mining:__call__:394 - |price                         |   -1.00|                                                            |0.000000|    0.00|0.000000|0.000000|       0|       0
2022-11-09 16:56:38.863 | DEBUG    | localization_association_rule_mining:__call__:394 - |notification                  |   -1.00|                                                            |0.000000|    0.00|0.000000|0.000000|       0|       0
