2022-10-31 19:45:47.084 | DEBUG    | localization_association_rule_mining:__call__:388 - |item                          |score   |pattern                                                     |ps      |ips     |p(a|b)  |p(b|a)  |in      |out     
2022-10-31 19:45:47.084 | DEBUG    | localization_association_rule_mining:__call__:392 - |station                       |  150.00|station                                                     |0.503367|  298.00|0.621622|0.725728|     298|       0
2022-10-31 19:45:47.084 | DEBUG    | localization_association_rule_mining:__call__:392 - |route                         |   46.16|route                                                       |0.309771|  149.00|0.309771|1.000000|     149|       0
2022-10-31 19:45:47.084 | DEBUG    | localization_association_rule_mining:__call__:392 - |food                          |   35.55|food                                                        |0.306452|  116.00|0.316008|0.910180|      17|     133
2022-10-31 19:45:47.084 | DEBUG    | localization_association_rule_mining:__call__:392 - |food-map                      |   26.31|food-map                                                    |0.234927|  112.00|0.234927|1.000000|     112|       0
2022-10-31 19:45:47.085 | DEBUG    | localization_association_rule_mining:__call__:392 - |order                         |   19.39|order                                                       |0.156368|  124.00|0.257796|0.284404|     124|       0
2022-10-31 19:45:47.085 | DEBUG    | localization_association_rule_mining:__call__:392 - |order-other                   |   16.38|order-other                                                 |0.244409|   67.00|0.318087|0.513423|      43|     110
2022-10-31 19:45:47.085 | DEBUG    | localization_association_rule_mining:__call__:392 - |train                         |   12.65|train                                                       |0.162162|   78.00|0.162162|1.000000|      78|       0
2022-10-31 19:45:47.085 | DEBUG    | localization_association_rule_mining:__call__:392 - |auth                          |    9.41|auth                                                        |0.136364|   69.00|0.143451|0.734043|       0|      69
2022-10-31 19:45:47.085 | DEBUG    | localization_association_rule_mining:__call__:392 - |travel                        |    7.17|travel                                                      |0.422037|   17.00|0.422037|1.000000|     144|     161
2022-10-31 19:45:47.085 | DEBUG    | localization_association_rule_mining:__call__:392 - |verification-code             |    6.54|verification-code                                           |0.094780|   69.00|0.143451|0.218354|      69|       0
2022-10-31 19:45:47.085 | DEBUG    | localization_association_rule_mining:__call__:392 - |cancel                        |    5.25|cancel                                                      |0.100971|   52.00|0.108108|0.604651|       0|      52
2022-10-31 19:45:47.085 | DEBUG    | localization_association_rule_mining:__call__:392 - |seat                          |    3.22|seat                                                        |0.178794|   18.00|0.178794|1.000000|      59|      77
2022-10-31 19:45:47.085 | DEBUG    | localization_association_rule_mining:__call__:392 - |basic                         |    2.84|basic                                                       |0.218295|   13.00|0.218295|1.000000|      84|      97
2022-10-31 19:45:47.085 | DEBUG    | localization_association_rule_mining:__call__:392 - |ticketinfo                    |    0.99|ticketinfo                                                  |0.197505|    5.00|0.197505|1.000000|      79|      84
2022-10-31 19:45:47.085 | DEBUG    | localization_association_rule_mining:__call__:392 - |security                      |   -1.00|                                                            |0.000000|    0.00|0.000000|0.000000|       0|       0
2022-10-31 19:45:47.085 | DEBUG    | localization_association_rule_mining:__call__:392 - |assurance                     |   -1.00|                                                            |0.000000|    0.00|0.000000|0.000000|       0|       0
2022-10-31 19:45:47.085 | DEBUG    | localization_association_rule_mining:__call__:392 - |ts-ui-dashboard               |   -1.00|                                                            |0.000000|    0.00|0.000000|0.000000|       0|       0
2022-10-31 19:45:47.085 | DEBUG    | localization_association_rule_mining:__call__:392 - |payment                       |   -1.00|                                                            |0.000000|    0.00|0.000000|0.000000|       0|       0
2022-10-31 19:45:47.086 | DEBUG    | localization_association_rule_mining:__call__:392 - |consign                       |   -1.00|                                                            |0.000000|    0.00|0.000000|0.000000|       0|       0
2022-10-31 19:45:47.086 | DEBUG    | localization_association_rule_mining:__call__:392 - |preserve                      |   -1.00|                                                            |0.000000|    0.00|0.000000|0.000000|       0|       0
2022-10-31 19:45:47.086 | DEBUG    | localization_association_rule_mining:__call__:392 - |config                        |   -1.00|                                                            |0.000000|    0.00|0.000000|0.000000|       0|       0
2022-10-31 19:45:47.086 | DEBUG    | localization_association_rule_mining:__call__:392 - |admin-order                   |   -1.00|                                                            |0.000000|    0.00|0.000000|0.000000|       0|       0
2022-10-31 19:45:47.086 | DEBUG    | localization_association_rule_mining:__call__:392 - |route-plan                    |   -1.00|                                                            |0.000000|    0.00|0.000000|0.000000|       0|       0
2022-10-31 19:45:47.086 | DEBUG    | localization_association_rule_mining:__call__:392 - |price                         |   -1.00|                                                            |0.000000|    0.00|0.000000|0.000000|       0|       0
2022-10-31 19:45:47.086 | DEBUG    | localization_association_rule_mining:__call__:392 - |travel-plan                   |   -1.00|                                                            |0.000000|    0.00|0.000000|0.000000|       0|       0
2022-10-31 19:45:47.086 | DEBUG    | localization_association_rule_mining:__call__:392 - |inside-payment                |   -1.00|                                                            |0.000000|    0.00|0.000000|0.000000|       0|       0
2022-10-31 19:45:47.086 | DEBUG    | localization_association_rule_mining:__call__:392 - |travel2                       |   -1.00|                                                            |0.000000|    0.00|0.000000|0.000000|       0|       0
2022-10-31 19:45:47.086 | DEBUG    | localization_association_rule_mining:__call__:392 - |notification                  |   -1.00|                                                            |0.000000|    0.00|0.000000|0.000000|       0|       0
2022-10-31 19:45:47.086 | DEBUG    | localization_association_rule_mining:__call__:392 - |contacts                      |   -1.00|                                                            |0.000000|    0.00|0.000000|0.000000|       0|       0
2022-10-31 19:45:47.086 | DEBUG    | localization_association_rule_mining:__call__:392 - |user                          |   -1.00|                                                            |0.000000|    0.00|0.000000|0.000000|       0|       0
