2022-10-31 19:50:16.819 | DEBUG    | localization_association_rule_mining:__call__:388 - |item                          |score   |pattern                                                     |ps      |ips     |p(a|b)  |p(b|a)  |in      |out     
2022-10-31 19:50:16.819 | DEBUG    | localization_association_rule_mining:__call__:392 - |station                       |   73.55|station                                                     |0.437824|  168.00|0.582759|0.637736|     168|       0
2022-10-31 19:50:16.819 | DEBUG    | localization_association_rule_mining:__call__:392 - |food                          |   21.90|food                                                        |0.291946|   75.00|0.300000|0.915789|       5|      80
2022-10-31 19:50:16.819 | DEBUG    | localization_association_rule_mining:__call__:392 - |food-map                      |   17.38|food-map                                                    |0.244828|   71.00|0.244828|1.000000|      71|       0
2022-10-31 19:50:16.819 | DEBUG    | localization_association_rule_mining:__call__:392 - |route                         |   16.90|route                                                       |0.241379|   70.00|0.241379|1.000000|      70|       0
2022-10-31 19:50:16.819 | DEBUG    | localization_association_rule_mining:__call__:392 - |order-other                   |   14.43|order-other                                                 |0.225532|   64.00|0.365517|0.370629|      21|      85
2022-10-31 19:50:16.819 | DEBUG    | localization_association_rule_mining:__call__:392 - |cancel                        |    9.79|cancel                                                      |0.181208|   54.00|0.186207|0.870968|       0|      54
2022-10-31 19:50:16.819 | DEBUG    | localization_association_rule_mining:__call__:392 - |order                         |    7.94|order                                                       |0.115000|   69.00|0.237931|0.182058|      69|       0
2022-10-31 19:50:16.819 | DEBUG    | localization_association_rule_mining:__call__:392 - |auth                          |    4.70|auth                                                        |0.123779|   38.00|0.131034|0.690909|       0|      38
2022-10-31 19:50:16.819 | DEBUG    | localization_association_rule_mining:__call__:392 - |verification-code             |    3.05|verification-code                                           |0.080338|   38.00|0.131034|0.171946|      38|       0
2022-10-31 19:50:16.820 | DEBUG    | localization_association_rule_mining:__call__:392 - |travel                        |    1.24|travel                                                      |0.310345|    4.00|0.310345|1.000000|      66|      70
2022-10-31 19:50:16.820 | DEBUG    | localization_association_rule_mining:__call__:392 - |seat                          |   -1.00|                                                            |0.000000|    0.00|0.000000|0.000000|       0|       0
2022-10-31 19:50:16.820 | DEBUG    | localization_association_rule_mining:__call__:392 - |security                      |   -1.00|                                                            |0.000000|    0.00|0.000000|0.000000|       0|       0
2022-10-31 19:50:16.820 | DEBUG    | localization_association_rule_mining:__call__:392 - |travel2                       |   -1.00|                                                            |0.000000|    0.00|0.000000|0.000000|       0|       0
2022-10-31 19:50:16.820 | DEBUG    | localization_association_rule_mining:__call__:392 - |ts-ui-dashboard               |   -1.00|                                                            |0.000000|    0.00|0.000000|0.000000|       0|       0
2022-10-31 19:50:16.820 | DEBUG    | localization_association_rule_mining:__call__:392 - |contacts                      |   -1.00|                                                            |0.000000|    0.00|0.000000|0.000000|       0|       0
2022-10-31 19:50:16.820 | DEBUG    | localization_association_rule_mining:__call__:392 - |basic                         |   -1.00|                                                            |0.000000|    0.00|0.000000|0.000000|       0|       0
2022-10-31 19:50:16.820 | DEBUG    | localization_association_rule_mining:__call__:392 - |payment                       |   -1.00|                                                            |0.000000|    0.00|0.000000|0.000000|       0|       0
2022-10-31 19:50:16.820 | DEBUG    | localization_association_rule_mining:__call__:392 - |price                         |   -1.00|                                                            |0.000000|    0.00|0.000000|0.000000|       0|       0
2022-10-31 19:50:16.820 | DEBUG    | localization_association_rule_mining:__call__:392 - |config                        |   -1.00|                                                            |0.000000|    0.00|0.000000|0.000000|       0|       0
2022-10-31 19:50:16.820 | DEBUG    | localization_association_rule_mining:__call__:392 - |route-plan                    |   -1.00|                                                            |0.000000|    0.00|0.000000|0.000000|       0|       0
2022-10-31 19:50:16.820 | DEBUG    | localization_association_rule_mining:__call__:392 - |assurance                     |   -1.00|                                                            |0.000000|    0.00|0.000000|0.000000|       0|       0
2022-10-31 19:50:16.820 | DEBUG    | localization_association_rule_mining:__call__:392 - |consign                       |   -1.00|                                                            |0.000000|    0.00|0.000000|0.000000|       0|       0
2022-10-31 19:50:16.820 | DEBUG    | localization_association_rule_mining:__call__:392 - |admin-order                   |   -1.00|                                                            |0.000000|    0.00|0.000000|0.000000|       0|       0
2022-10-31 19:50:16.820 | DEBUG    | localization_association_rule_mining:__call__:392 - |train                         |   -1.00|                                                            |0.000000|    0.00|0.000000|0.000000|       0|       0
2022-10-31 19:50:16.820 | DEBUG    | localization_association_rule_mining:__call__:392 - |travel-plan                   |   -1.00|                                                            |0.000000|    0.00|0.000000|0.000000|       0|       0
2022-10-31 19:50:16.820 | DEBUG    | localization_association_rule_mining:__call__:392 - |preserve                      |   -1.00|                                                            |0.000000|    0.00|0.000000|0.000000|       0|       0
2022-10-31 19:50:16.820 | DEBUG    | localization_association_rule_mining:__call__:392 - |preserve-other                |   -1.00|                                                            |0.000000|    0.00|0.000000|0.000000|       0|       0
2022-10-31 19:50:16.820 | DEBUG    | localization_association_rule_mining:__call__:392 - |inside-payment                |   -1.00|                                                            |0.000000|    0.00|0.000000|0.000000|       0|       0
2022-10-31 19:50:16.821 | DEBUG    | localization_association_rule_mining:__call__:392 - |user                          |   -1.00|                                                            |0.000000|    0.00|0.000000|0.000000|       0|       0
2022-10-31 19:50:16.821 | DEBUG    | localization_association_rule_mining:__call__:392 - |ticketinfo                    |   -1.00|                                                            |0.000000|    0.00|0.000000|0.000000|       0|       0
