2022-11-08 18:40:19.195 | DEBUG    | localization_association_rule_mining:__call__:390 - |item                          |score   |pattern                                                     |ps      |ips     |p(a|b)  |p(b|a)  |in      |out     
2022-11-08 18:40:19.196 | DEBUG    | localization_association_rule_mining:__call__:394 - |basic                         |   21.71|basic                                                       |0.904762|   24.00|1.000000|0.904762|      35|      11
2022-11-08 18:40:19.196 | DEBUG    | localization_association_rule_mining:__call__:394 - |travel                        |    9.37|travel                                                      |0.492958|   19.00|0.921053|0.514706|       9|      28
2022-11-08 18:40:19.196 | DEBUG    | localization_association_rule_mining:__call__:394 - |seat                          |    7.90|seat                                                        |0.717949|   11.00|0.736842|0.965517|      11|       0
2022-11-08 18:40:19.196 | DEBUG    | localization_association_rule_mining:__call__:394 - |ticketinfo                    |    5.85|ticketinfo                                                  |0.974359|    6.00|1.000000|0.974359|      29|      35
2022-11-08 18:40:19.196 | DEBUG    | localization_association_rule_mining:__call__:394 - |price                         |    3.18|price                                                       |0.289474|   11.00|0.289474|1.000000|      11|       0
2022-11-08 18:40:19.196 | DEBUG    | localization_association_rule_mining:__call__:394 - |preserve                      |    2.50|preserve                                                    |0.500000|    5.00|0.552632|0.840000|       0|       5
2022-11-08 18:40:19.196 | DEBUG    | localization_association_rule_mining:__call__:394 - |route                         |    1.64|route                                                       |0.545455|    3.00|0.789474|0.638298|       3|       0
2022-11-08 18:40:19.196 | DEBUG    | localization_association_rule_mining:__call__:394 - |station                       |    0.24|station                                                     |0.242424|    1.00|0.842105|0.253968|       1|       0
2022-11-08 18:40:19.196 | DEBUG    | localization_association_rule_mining:__call__:394 - |security                      |    0.00|security                                                    |0.250000|    0.00|0.263158|0.833333|       0|       0
2022-11-08 18:40:19.196 | DEBUG    | localization_association_rule_mining:__call__:394 - |config                        |    0.00|config                                                      |0.333333|    0.00|0.342105|0.928571|       0|       0
2022-11-08 18:40:19.196 | DEBUG    | localization_association_rule_mining:__call__:394 - |train                         |    0.00|train                                                       |0.682927|    0.00|0.736842|0.903226|       0|       0
2022-11-08 18:40:19.196 | DEBUG    | localization_association_rule_mining:__call__:394 - |route-plan                    |   -1.00|                                                            |0.000000|    0.00|0.000000|0.000000|       0|       0
2022-11-08 18:40:19.196 | DEBUG    | localization_association_rule_mining:__call__:394 - |user                          |   -1.00|                                                            |0.000000|    0.00|0.000000|0.000000|       0|       0
2022-11-08 18:40:19.196 | DEBUG    | localization_association_rule_mining:__call__:394 - |consign                       |   -1.00|                                                            |0.000000|    0.00|0.000000|0.000000|       0|       0
2022-11-08 18:40:19.196 | DEBUG    | localization_association_rule_mining:__call__:394 - |travel2                       |   -1.00|                                                            |0.000000|    0.00|0.000000|0.000000|       0|       0
2022-11-08 18:40:19.196 | DEBUG    | localization_association_rule_mining:__call__:394 - |payment                       |   -1.00|                                                            |0.000000|    0.00|0.000000|0.000000|       0|       0
2022-11-08 18:40:19.196 | DEBUG    | localization_association_rule_mining:__call__:394 - |cancel                        |   -1.00|                                                            |0.000000|    0.00|0.000000|0.000000|       0|       0
2022-11-08 18:40:19.197 | DEBUG    | localization_association_rule_mining:__call__:394 - |preserve-other                |   -1.00|                                                            |0.000000|    0.00|0.000000|0.000000|       0|       0
2022-11-08 18:40:19.197 | DEBUG    | localization_association_rule_mining:__call__:394 - |admin-basic-info              |   -1.00|                                                            |0.000000|    0.00|0.000000|0.000000|       0|       0
2022-11-08 18:40:19.197 | DEBUG    | localization_association_rule_mining:__call__:394 - |admin-order                   |   -1.00|                                                            |0.000000|    0.00|0.000000|0.000000|       0|       0
2022-11-08 18:40:19.197 | DEBUG    | localization_association_rule_mining:__call__:394 - |ts-ui-dashboard               |   -1.00|                                                            |0.000000|    0.00|0.000000|0.000000|       0|       0
2022-11-08 18:40:19.197 | DEBUG    | localization_association_rule_mining:__call__:394 - |verification-code             |   -1.00|                                                            |0.000000|    0.00|0.000000|0.000000|       0|       0
2022-11-08 18:40:19.197 | DEBUG    | localization_association_rule_mining:__call__:394 - |travel-plan                   |   -1.00|                                                            |0.000000|    0.00|0.000000|0.000000|       0|       0
2022-11-08 18:40:19.197 | DEBUG    | localization_association_rule_mining:__call__:394 - |order-other                   |   -1.00|                                                            |0.000000|    0.00|0.000000|0.000000|       0|       0
2022-11-08 18:40:19.197 | DEBUG    | localization_association_rule_mining:__call__:394 - |food-map                      |   -1.00|                                                            |0.000000|    0.00|0.000000|0.000000|       0|       0
2022-11-08 18:40:19.197 | DEBUG    | localization_association_rule_mining:__call__:394 - |auth                          |   -1.00|                                                            |0.000000|    0.00|0.000000|0.000000|       0|       0
2022-11-08 18:40:19.197 | DEBUG    | localization_association_rule_mining:__call__:394 - |contacts                      |   -1.00|                                                            |0.000000|    0.00|0.000000|0.000000|       0|       0
2022-11-08 18:40:19.197 | DEBUG    | localization_association_rule_mining:__call__:394 - |inside-payment                |   -1.00|                                                            |0.000000|    0.00|0.000000|0.000000|       0|       0
2022-11-08 18:40:19.197 | DEBUG    | localization_association_rule_mining:__call__:394 - |notification                  |   -1.00|                                                            |0.000000|    0.00|0.000000|0.000000|       0|       0
2022-11-08 18:40:19.197 | DEBUG    | localization_association_rule_mining:__call__:394 - |order                         |   -1.00|                                                            |0.000000|    0.00|0.000000|0.000000|       0|       0
2022-11-08 18:40:19.197 | DEBUG    | localization_association_rule_mining:__call__:394 - |assurance                     |   -1.00|                                                            |0.000000|    0.00|0.000000|0.000000|       0|       0
2022-11-08 18:40:19.197 | DEBUG    | localization_association_rule_mining:__call__:394 - |food                          |   -1.00|                                                            |0.000000|    0.00|0.000000|0.000000|       0|       0
