2022-11-16 16:46:07.663 | DEBUG    | localization_association_rule_mining:__call__:390 - |item                          |score   |pattern                                                     |ps      |ips     |p(a|b)  |p(b|a)  |in      |out     
2022-11-16 16:46:07.663 | DEBUG    | localization_association_rule_mining:__call__:394 - |ts-ui-dashboard               |   15.07|ts-ui-dashboard                                             |0.255411|   59.00|0.450382|0.371069|      59|       0
2022-11-16 16:46:07.664 | DEBUG    | localization_association_rule_mining:__call__:394 - |inside-payment                |    8.75|inside-payment                                              |0.250000|   35.00|0.267176|0.795455|      35|       0
2022-11-16 16:46:07.664 | DEBUG    | localization_association_rule_mining:__call__:394 - |cancel                        |    1.71|cancel                                                      |0.100592|   17.00|0.129771|0.309091|       0|      17
2022-11-16 16:46:07.664 | DEBUG    | localization_association_rule_mining:__call__:394 - |food                          |    1.51|food                                                        |0.126126|   12.00|0.213740|0.235294|      23|      11
2022-11-16 16:46:07.664 | DEBUG    | localization_association_rule_mining:__call__:394 - |food-map                      |    1.13|food-map                                                    |0.102857|   11.00|0.137405|0.290323|      11|       0
2022-11-16 16:46:07.664 | DEBUG    | localization_association_rule_mining:__call__:394 - |station                       |    0.30|station                                                     |0.050725|    6.00|0.160305|0.069079|       6|       0
2022-11-16 16:46:07.664 | DEBUG    | localization_association_rule_mining:__call__:394 - |order                         |    0.08|order                                                       |0.084257|    1.00|0.290076|0.106145|       1|       0
2022-11-16 16:46:07.664 | DEBUG    | localization_association_rule_mining:__call__:394 - |user                          |    0.00|user                                                        |0.087500|    0.00|0.106870|0.325581|       0|       0
2022-11-16 16:46:07.664 | DEBUG    | localization_association_rule_mining:__call__:394 - |payment                       |    0.00|payment                                                     |0.109489|    0.00|0.114504|0.714286|       0|       0
2022-11-16 16:46:07.664 | DEBUG    | localization_association_rule_mining:__call__:394 - |notification                  |    0.00|notification                                                |0.093750|    0.00|0.114504|0.340909|       0|       0
2022-11-16 16:46:07.664 | DEBUG    | localization_association_rule_mining:__call__:394 - |route                         |    0.00|route                                                       |0.063830|    0.00|0.114504|0.126050|       0|       0
2022-11-16 16:46:07.664 | DEBUG    | localization_association_rule_mining:__call__:394 - |travel                        |    0.00|travel                                                      |0.079545|    0.00|0.160305|0.136364|       0|       0
2022-11-16 16:46:07.664 | DEBUG    | localization_association_rule_mining:__call__:394 - |price                         |   -1.00|                                                            |0.000000|    0.00|0.000000|0.000000|       0|       0
2022-11-16 16:46:07.664 | DEBUG    | localization_association_rule_mining:__call__:394 - |preserve-other                |   -1.00|                                                            |0.000000|    0.00|0.000000|0.000000|       0|       0
2022-11-16 16:46:07.664 | DEBUG    | localization_association_rule_mining:__call__:394 - |consign                       |   -1.00|                                                            |0.000000|    0.00|0.000000|0.000000|       0|       0
2022-11-16 16:46:07.664 | DEBUG    | localization_association_rule_mining:__call__:394 - |verification-code             |   -1.00|                                                            |0.000000|    0.00|0.000000|0.000000|       0|       0
2022-11-16 16:46:07.664 | DEBUG    | localization_association_rule_mining:__call__:394 - |travel2                       |   -1.00|                                                            |0.000000|    0.00|0.000000|0.000000|       0|       0
2022-11-16 16:46:07.665 | DEBUG    | localization_association_rule_mining:__call__:394 - |auth                          |   -1.00|                                                            |0.000000|    0.00|0.000000|0.000000|       0|       0
2022-11-16 16:46:07.665 | DEBUG    | localization_association_rule_mining:__call__:394 - |config                        |   -1.00|                                                            |0.000000|    0.00|0.000000|0.000000|       0|       0
2022-11-16 16:46:07.665 | DEBUG    | localization_association_rule_mining:__call__:394 - |admin-user                    |   -1.00|                                                            |0.000000|    0.00|0.000000|0.000000|       0|       0
2022-11-16 16:46:07.665 | DEBUG    | localization_association_rule_mining:__call__:394 - |travel-plan                   |   -1.00|                                                            |0.000000|    0.00|0.000000|0.000000|       0|       0
2022-11-16 16:46:07.665 | DEBUG    | localization_association_rule_mining:__call__:394 - |admin-travel                  |   -1.00|                                                            |0.000000|    0.00|0.000000|0.000000|       0|       0
2022-11-16 16:46:07.665 | DEBUG    | localization_association_rule_mining:__call__:394 - |preserve                      |   -1.00|                                                            |0.000000|    0.00|0.000000|0.000000|       0|       0
2022-11-16 16:46:07.665 | DEBUG    | localization_association_rule_mining:__call__:394 - |route-plan                    |   -1.00|                                                            |0.000000|    0.00|0.000000|0.000000|       0|       0
2022-11-16 16:46:07.665 | DEBUG    | localization_association_rule_mining:__call__:394 - |admin-order                   |   -1.00|                                                            |0.000000|    0.00|0.000000|0.000000|       0|       0
2022-11-16 16:46:07.665 | DEBUG    | localization_association_rule_mining:__call__:394 - |security                      |   -1.00|                                                            |0.000000|    0.00|0.000000|0.000000|       0|       0
2022-11-16 16:46:07.665 | DEBUG    | localization_association_rule_mining:__call__:394 - |basic                         |   -1.00|                                                            |0.000000|    0.00|0.000000|0.000000|       0|       0
2022-11-16 16:46:07.665 | DEBUG    | localization_association_rule_mining:__call__:394 - |train                         |   -1.00|                                                            |0.000000|    0.00|0.000000|0.000000|       0|       0
2022-11-16 16:46:07.665 | DEBUG    | localization_association_rule_mining:__call__:394 - |ticketinfo                    |   -1.00|                                                            |0.000000|    0.00|0.000000|0.000000|       0|       0
2022-11-16 16:46:07.665 | DEBUG    | localization_association_rule_mining:__call__:394 - |order-other                   |   -1.00|                                                            |0.000000|    0.00|0.000000|0.000000|       0|       0
2022-11-16 16:46:07.665 | DEBUG    | localization_association_rule_mining:__call__:394 - |assurance                     |   -1.00|                                                            |0.000000|    0.00|0.000000|0.000000|       0|       0
2022-11-16 16:46:07.665 | DEBUG    | localization_association_rule_mining:__call__:394 - |contacts                      |   -1.00|                                                            |0.000000|    0.00|0.000000|0.000000|       0|       0
2022-11-16 16:46:07.665 | DEBUG    | localization_association_rule_mining:__call__:394 - |seat                          |   -1.00|                                                            |0.000000|    0.00|0.000000|0.000000|       0|       0
