2022-10-31 19:50:22.201 | DEBUG    | localization_association_rule_mining:__call__:388 - |item                          |score   |pattern                                                     |ps      |ips     |p(a|b)  |p(b|a)  |in      |out     
2022-10-31 19:50:22.201 | DEBUG    | localization_association_rule_mining:__call__:392 - |route                         |  120.00|route                                                       |0.568733|  211.00|0.568733|1.000000|     211|       0
2022-10-31 19:50:22.201 | DEBUG    | localization_association_rule_mining:__call__:392 - |food                          |   45.12|food                                                        |0.392308|  115.00|0.412399|0.889535|      12|     127
2022-10-31 19:50:22.201 | DEBUG    | localization_association_rule_mining:__call__:392 - |order                         |   37.31|order                                                       |0.250420|  149.00|0.401617|0.399464|     149|       0
2022-10-31 19:50:22.202 | DEBUG    | localization_association_rule_mining:__call__:392 - |travel                        |   36.83|travel                                                      |0.646113|   57.00|0.649596|0.991770|     157|     214
2022-10-31 19:50:22.202 | DEBUG    | localization_association_rule_mining:__call__:392 - |station                       |   32.65|station                                                     |0.286432|  114.00|0.307278|0.808511|     114|       0
2022-10-31 19:50:22.202 | DEBUG    | localization_association_rule_mining:__call__:392 - |basic                         |   32.61|basic                                                       |0.296496|  110.00|0.296496|1.000000|     110|       0
2022-10-31 19:50:22.202 | DEBUG    | localization_association_rule_mining:__call__:392 - |food-map                      |   28.87|food-map                                                    |0.280323|  103.00|0.280323|1.000000|     103|       0
2022-10-31 19:50:22.202 | DEBUG    | localization_association_rule_mining:__call__:392 - |train                         |   25.62|train                                                       |0.264151|   97.00|0.264151|1.000000|      97|       0
2022-10-31 19:50:22.202 | DEBUG    | localization_association_rule_mining:__call__:392 - |config                        |   16.61|config                                                      |0.212938|   78.00|0.212938|1.000000|      78|       0
2022-10-31 19:50:22.202 | DEBUG    | localization_association_rule_mining:__call__:392 - |seat                          |   11.42|seat                                                        |0.326146|   35.00|0.326146|1.000000|      74|     109
2022-10-31 19:50:22.202 | DEBUG    | localization_association_rule_mining:__call__:392 - |cancel                        |    6.04|cancel                                                      |0.120773|   50.00|0.134771|0.537634|       0|      50
2022-10-31 19:50:22.202 | DEBUG    | localization_association_rule_mining:__call__:392 - |order-other                   |    3.94|order-other                                                 |0.101145|   39.00|0.142857|0.257282|      46|       7
2022-10-31 19:50:22.202 | DEBUG    | localization_association_rule_mining:__call__:392 - |preserve                      |    3.91|preserve                                                    |0.126005|   31.00|0.126685|0.959184|       0|      31
2022-10-31 19:50:22.202 | DEBUG    | localization_association_rule_mining:__call__:392 - |travel2                       |    1.11|travel2                                                     |0.110512|   10.00|0.110512|1.000000|      27|      37
2022-10-31 19:50:22.202 | DEBUG    | localization_association_rule_mining:__call__:392 - |ticketinfo                    |    0.00|ticketinfo                                                  |0.339623|    0.00|0.339623|1.000000|     110|     110
2022-10-31 19:50:22.202 | DEBUG    | localization_association_rule_mining:__call__:392 - |inside-payment                |   -1.00|                                                            |0.000000|    0.00|0.000000|0.000000|       0|       0
2022-10-31 19:50:22.202 | DEBUG    | localization_association_rule_mining:__call__:392 - |assurance                     |   -1.00|                                                            |0.000000|    0.00|0.000000|0.000000|       0|       0
2022-10-31 19:50:22.202 | DEBUG    | localization_association_rule_mining:__call__:392 - |security                      |   -1.00|                                                            |0.000000|    0.00|0.000000|0.000000|       0|       0
2022-10-31 19:50:22.202 | DEBUG    | localization_association_rule_mining:__call__:392 - |route-plan                    |   -1.00|                                                            |0.000000|    0.00|0.000000|0.000000|       0|       0
2022-10-31 19:50:22.203 | DEBUG    | localization_association_rule_mining:__call__:392 - |travel-plan                   |   -1.00|                                                            |0.000000|    0.00|0.000000|0.000000|       0|       0
2022-10-31 19:50:22.203 | DEBUG    | localization_association_rule_mining:__call__:392 - |verification-code             |   -1.00|                                                            |0.000000|    0.00|0.000000|0.000000|       0|       0
2022-10-31 19:50:22.203 | DEBUG    | localization_association_rule_mining:__call__:392 - |preserve-other                |   -1.00|                                                            |0.000000|    0.00|0.000000|0.000000|       0|       0
2022-10-31 19:50:22.203 | DEBUG    | localization_association_rule_mining:__call__:392 - |admin-order                   |   -1.00|                                                            |0.000000|    0.00|0.000000|0.000000|       0|       0
2022-10-31 19:50:22.203 | DEBUG    | localization_association_rule_mining:__call__:392 - |ts-ui-dashboard               |   -1.00|                                                            |0.000000|    0.00|0.000000|0.000000|       0|       0
2022-10-31 19:50:22.203 | DEBUG    | localization_association_rule_mining:__call__:392 - |contacts                      |   -1.00|                                                            |0.000000|    0.00|0.000000|0.000000|       0|       0
2022-10-31 19:50:22.203 | DEBUG    | localization_association_rule_mining:__call__:392 - |user                          |   -1.00|                                                            |0.000000|    0.00|0.000000|0.000000|       0|       0
2022-10-31 19:50:22.203 | DEBUG    | localization_association_rule_mining:__call__:392 - |consign                       |   -1.00|                                                            |0.000000|    0.00|0.000000|0.000000|       0|       0
2022-10-31 19:50:22.203 | DEBUG    | localization_association_rule_mining:__call__:392 - |payment                       |   -1.00|                                                            |0.000000|    0.00|0.000000|0.000000|       0|       0
2022-10-31 19:50:22.203 | DEBUG    | localization_association_rule_mining:__call__:392 - |auth                          |   -1.00|                                                            |0.000000|    0.00|0.000000|0.000000|       0|       0
