2022-10-31 19:46:54.833 | DEBUG    | localization_association_rule_mining:__call__:388 - |item                          |score   |pattern                                                     |ps      |ips     |p(a|b)  |p(b|a)  |in      |out     
2022-10-31 19:46:54.834 | DEBUG    | localization_association_rule_mining:__call__:392 - |station                       |   13.58|station                                                     |0.348214|   39.00|0.378641|0.812500|      39|       0
2022-10-31 19:46:54.834 | DEBUG    | localization_association_rule_mining:__call__:392 - |food                          |    8.66|food                                                        |0.279279|   31.00|0.300971|0.794872|       0|      31
2022-10-31 19:46:54.834 | DEBUG    | localization_association_rule_mining:__call__:392 - |order                         |    5.91|order                                                       |0.218750|   27.00|0.271845|0.528302|      27|       0
2022-10-31 19:46:54.834 | DEBUG    | localization_association_rule_mining:__call__:392 - |auth                          |    5.70|auth                                                        |0.210938|   27.00|0.262136|0.519231|       0|      27
2022-10-31 19:46:54.834 | DEBUG    | localization_association_rule_mining:__call__:392 - |preserve                      |    5.65|preserve                                                    |0.269231|   21.00|0.271845|0.965517|       0|      21
2022-10-31 19:46:54.834 | DEBUG    | localization_association_rule_mining:__call__:392 - |route                         |    3.50|route                                                       |0.184466|   19.00|0.184466|1.000000|      19|       0
2022-10-31 19:46:54.834 | DEBUG    | localization_association_rule_mining:__call__:392 - |food-map                      |    2.81|food-map                                                    |0.165049|   17.00|0.165049|1.000000|      17|       0
2022-10-31 19:46:54.834 | DEBUG    | localization_association_rule_mining:__call__:392 - |verification-code             |    2.37|verification-code                                           |0.087662|   27.00|0.262136|0.116379|      27|       0
2022-10-31 19:46:54.834 | DEBUG    | localization_association_rule_mining:__call__:392 - |travel                        |    2.11|travel                                                      |0.300971|    7.00|0.300971|1.000000|      26|      19
2022-10-31 19:46:54.834 | DEBUG    | localization_association_rule_mining:__call__:392 - |order-other                   |    1.48|order-other                                                 |0.106061|   14.00|0.135922|0.325581|      14|       0
2022-10-31 19:46:54.834 | DEBUG    | localization_association_rule_mining:__call__:392 - |train                         |    1.40|train                                                       |0.116505|   12.00|0.116505|1.000000|      12|       0
2022-10-31 19:46:54.834 | DEBUG    | localization_association_rule_mining:__call__:392 - |config                        |    1.17|config                                                      |0.106796|   11.00|0.106796|1.000000|      11|       0
2022-10-31 19:46:54.834 | DEBUG    | localization_association_rule_mining:__call__:392 - |seat                          |    0.82|seat                                                        |0.116505|    7.00|0.116505|1.000000|       5|      12
2022-10-31 19:46:54.834 | DEBUG    | localization_association_rule_mining:__call__:392 - |security                      |    0.30|security                                                    |0.300971|    1.00|0.300971|1.000000|      21|      22
2022-10-31 19:46:54.834 | DEBUG    | localization_association_rule_mining:__call__:392 - |basic                         |    0.25|basic                                                       |0.126214|    2.00|0.126214|1.000000|       9|      11
2022-10-31 19:46:54.835 | DEBUG    | localization_association_rule_mining:__call__:392 - |ticketinfo                    |    0.12|ticketinfo                                                  |0.116505|    1.00|0.116505|1.000000|      10|       9
2022-10-31 19:46:54.835 | DEBUG    | localization_association_rule_mining:__call__:392 - |assurance                     |   -1.00|                                                            |0.000000|    0.00|0.000000|0.000000|       0|       0
2022-10-31 19:46:54.835 | DEBUG    | localization_association_rule_mining:__call__:392 - |contacts                      |   -1.00|                                                            |0.000000|    0.00|0.000000|0.000000|       0|       0
2022-10-31 19:46:54.835 | DEBUG    | localization_association_rule_mining:__call__:392 - |route-plan                    |   -1.00|                                                            |0.000000|    0.00|0.000000|0.000000|       0|       0
2022-10-31 19:46:54.835 | DEBUG    | localization_association_rule_mining:__call__:392 - |ts-ui-dashboard               |   -1.00|                                                            |0.000000|    0.00|0.000000|0.000000|       0|       0
2022-10-31 19:46:54.835 | DEBUG    | localization_association_rule_mining:__call__:392 - |travel2                       |   -1.00|                                                            |0.000000|    0.00|0.000000|0.000000|       0|       0
2022-10-31 19:46:54.835 | DEBUG    | localization_association_rule_mining:__call__:392 - |price                         |   -1.00|                                                            |0.000000|    0.00|0.000000|0.000000|       0|       0
2022-10-31 19:46:54.835 | DEBUG    | localization_association_rule_mining:__call__:392 - |consign                       |   -1.00|                                                            |0.000000|    0.00|0.000000|0.000000|       0|       0
2022-10-31 19:46:54.835 | DEBUG    | localization_association_rule_mining:__call__:392 - |travel-plan                   |   -1.00|                                                            |0.000000|    0.00|0.000000|0.000000|       0|       0
