2022-10-31 19:48:06.509 | DEBUG    | localization_association_rule_mining:__call__:388 - |item                          |score   |pattern                                                     |ps      |ips     |p(a|b)  |p(b|a)  |in      |out     
2022-10-31 19:48:06.510 | DEBUG    | localization_association_rule_mining:__call__:392 - |station                       |  102.33|station                                                     |0.514212|  199.00|0.703180|0.656766|     199|       0
2022-10-31 19:48:06.510 | DEBUG    | localization_association_rule_mining:__call__:392 - |order-other                   |   36.99|order-other                                                 |0.451087|   82.00|0.586572|0.661355|      42|     124
2022-10-31 19:48:06.510 | DEBUG    | localization_association_rule_mining:__call__:392 - |route                         |   18.83|route                                                       |0.257951|   73.00|0.257951|1.000000|      73|       0
2022-10-31 19:48:06.510 | DEBUG    | localization_association_rule_mining:__call__:392 - |order                         |   15.81|order                                                       |0.177645|   89.00|0.314488|0.289902|      89|       0
2022-10-31 19:48:06.510 | DEBUG    | localization_association_rule_mining:__call__:392 - |train                         |    8.83|train                                                       |0.176678|   50.00|0.176678|1.000000|      50|       0
2022-10-31 19:48:06.510 | DEBUG    | localization_association_rule_mining:__call__:392 - |price                         |    6.69|price                                                       |0.155477|   43.00|0.155477|1.000000|      43|       0
2022-10-31 19:48:06.510 | DEBUG    | localization_association_rule_mining:__call__:392 - |cancel                        |    5.82|cancel                                                      |0.141869|   41.00|0.144876|0.872340|       0|      41
2022-10-31 19:48:06.510 | DEBUG    | localization_association_rule_mining:__call__:392 - |config                        |    5.10|config                                                      |0.134276|   38.00|0.134276|1.000000|      38|       0
2022-10-31 19:48:06.510 | DEBUG    | localization_association_rule_mining:__call__:392 - |food                          |    4.73|food                                                        |0.197232|   24.00|0.201413|0.904762|      15|      39
2022-10-31 19:48:06.510 | DEBUG    | localization_association_rule_mining:__call__:392 - |food-map                      |    4.33|food-map                                                    |0.123675|   35.00|0.123675|1.000000|      35|       0
2022-10-31 19:48:06.510 | DEBUG    | localization_association_rule_mining:__call__:392 - |user                          |    2.32|user                                                        |0.116197|   20.00|0.116608|0.970588|      20|       0
2022-10-31 19:48:06.510 | DEBUG    | localization_association_rule_mining:__call__:392 - |seat                          |    0.88|seat                                                        |0.176678|    5.00|0.176678|1.000000|      42|      47
2022-10-31 19:48:06.510 | DEBUG    | localization_association_rule_mining:__call__:392 - |travel                        |    0.86|travel                                                      |0.286219|    3.00|0.286219|1.000000|      73|      70
2022-10-31 19:48:06.510 | DEBUG    | localization_association_rule_mining:__call__:392 - |basic                         |    0.35|basic                                                       |0.176678|    2.00|0.176678|1.000000|      48|      50
2022-10-31 19:48:06.510 | DEBUG    | localization_association_rule_mining:__call__:392 - |ticketinfo                    |    0.00|ticketinfo                                                  |0.173145|    0.00|0.173145|1.000000|      48|      48
2022-10-31 19:48:06.511 | DEBUG    | localization_association_rule_mining:__call__:392 - |notification                  |    0.00|notification                                                |0.116608|    0.00|0.116608|1.000000|       0|       0
2022-10-31 19:48:06.511 | DEBUG    | localization_association_rule_mining:__call__:392 - |security                      |   -1.00|                                                            |0.000000|    0.00|0.000000|0.000000|       0|       0
2022-10-31 19:48:06.511 | DEBUG    | localization_association_rule_mining:__call__:392 - |preserve-other                |   -1.00|                                                            |0.000000|    0.00|0.000000|0.000000|       0|       0
2022-10-31 19:48:06.511 | DEBUG    | localization_association_rule_mining:__call__:392 - |travel2                       |   -1.00|                                                            |0.000000|    0.00|0.000000|0.000000|       0|       0
2022-10-31 19:48:06.511 | DEBUG    | localization_association_rule_mining:__call__:392 - |travel-plan                   |   -1.00|                                                            |0.000000|    0.00|0.000000|0.000000|       0|       0
2022-10-31 19:48:06.511 | DEBUG    | localization_association_rule_mining:__call__:392 - |assurance                     |   -1.00|                                                            |0.000000|    0.00|0.000000|0.000000|       0|       0
2022-10-31 19:48:06.511 | DEBUG    | localization_association_rule_mining:__call__:392 - |auth                          |   -1.00|                                                            |0.000000|    0.00|0.000000|0.000000|       0|       0
2022-10-31 19:48:06.511 | DEBUG    | localization_association_rule_mining:__call__:392 - |inside-payment                |   -1.00|                                                            |0.000000|    0.00|0.000000|0.000000|       0|       0
2022-10-31 19:48:06.511 | DEBUG    | localization_association_rule_mining:__call__:392 - |verification-code             |   -1.00|                                                            |0.000000|    0.00|0.000000|0.000000|       0|       0
2022-10-31 19:48:06.511 | DEBUG    | localization_association_rule_mining:__call__:392 - |admin-order                   |   -1.00|                                                            |0.000000|    0.00|0.000000|0.000000|       0|       0
2022-10-31 19:48:06.511 | DEBUG    | localization_association_rule_mining:__call__:392 - |route-plan                    |   -1.00|                                                            |0.000000|    0.00|0.000000|0.000000|       0|       0
2022-10-31 19:48:06.511 | DEBUG    | localization_association_rule_mining:__call__:392 - |preserve                      |   -1.00|                                                            |0.000000|    0.00|0.000000|0.000000|       0|       0
2022-10-31 19:48:06.511 | DEBUG    | localization_association_rule_mining:__call__:392 - |consign                       |   -1.00|                                                            |0.000000|    0.00|0.000000|0.000000|       0|       0
2022-10-31 19:48:06.511 | DEBUG    | localization_association_rule_mining:__call__:392 - |payment                       |   -1.00|                                                            |0.000000|    0.00|0.000000|0.000000|       0|       0
2022-10-31 19:48:06.511 | DEBUG    | localization_association_rule_mining:__call__:392 - |contacts                      |   -1.00|                                                            |0.000000|    0.00|0.000000|0.000000|       0|       0
2022-10-31 19:48:06.511 | DEBUG    | localization_association_rule_mining:__call__:392 - |ts-ui-dashboard               |   -1.00|                                                            |0.000000|    0.00|0.000000|0.000000|       0|       0
