2022-11-16 16:49:27.858 | DEBUG    | localization_association_rule_mining:__call__:390 - |item                          |score   |pattern                                                     |ps      |ips     |p(a|b)  |p(b|a)  |in      |out     
2022-11-16 16:49:27.858 | DEBUG    | localization_association_rule_mining:__call__:394 - |travel                        |   20.64|travel                                                      |0.607143|   34.00|0.607143|1.000000|      34|       0
2022-11-16 16:49:27.858 | DEBUG    | localization_association_rule_mining:__call__:394 - |seat                          |   11.05|seat                                                        |0.526316|   21.00|0.535714|0.967742|       9|      30
2022-11-16 16:49:27.859 | DEBUG    | localization_association_rule_mining:__call__:394 - |food                          |    6.78|food                                                        |0.423729|   16.00|0.446429|0.892857|      19|       3
2022-11-16 16:49:27.859 | DEBUG    | localization_association_rule_mining:__call__:394 - |notification                  |    0.49|notification                                                |0.163934|    3.00|0.178571|0.666667|       3|       0
2022-11-16 16:49:27.859 | DEBUG    | localization_association_rule_mining:__call__:394 - |preserve                      |    0.32|preserve                                                    |0.160714|    2.00|0.160714|1.000000|       5|       7
2022-11-16 16:49:27.859 | DEBUG    | localization_association_rule_mining:__call__:394 - |ticketinfo                    |    0.00|ticketinfo                                                  |0.534483|    0.00|0.553571|0.939394|       0|       0
2022-11-16 16:49:27.859 | DEBUG    | localization_association_rule_mining:__call__:394 - |station                       |    0.00|station                                                     |0.243750|    0.00|0.696429|0.272727|       0|       0
2022-11-16 16:49:27.859 | DEBUG    | localization_association_rule_mining:__call__:394 - |price                         |    0.00|price                                                       |0.385965|    0.00|0.392857|0.956522|       0|       0
2022-11-16 16:49:27.859 | DEBUG    | localization_association_rule_mining:__call__:394 - |user                          |    0.00|user                                                        |0.169492|    0.00|0.178571|0.769231|       0|       0
2022-11-16 16:49:27.859 | DEBUG    | localization_association_rule_mining:__call__:394 - |train                         |    0.00|train                                                       |0.350877|    0.00|0.357143|0.952381|       0|       0
2022-11-16 16:49:27.859 | DEBUG    | localization_association_rule_mining:__call__:394 - |order                         |    0.00|order                                                       |0.192308|    0.00|0.535714|0.230769|       0|       0
2022-11-16 16:49:27.859 | DEBUG    | localization_association_rule_mining:__call__:394 - |config                        |    0.00|config                                                      |0.403509|    0.00|0.410714|0.958333|       0|       0
2022-11-16 16:49:27.859 | DEBUG    | localization_association_rule_mining:__call__:394 - |route                         |    0.00|route                                                       |0.333333|    0.00|0.339286|0.950000|       0|       0
2022-11-16 16:49:27.859 | DEBUG    | localization_association_rule_mining:__call__:394 - |basic                         |    0.00|basic                                                       |0.534483|    0.00|0.553571|0.939394|       0|       0
2022-11-16 16:49:27.859 | DEBUG    | localization_association_rule_mining:__call__:394 - |contacts                      |   -1.00|                                                            |0.000000|    0.00|0.000000|0.000000|       0|       0
2022-11-16 16:49:27.859 | DEBUG    | localization_association_rule_mining:__call__:394 - |payment                       |   -1.00|                                                            |0.000000|    0.00|0.000000|0.000000|       0|       0
2022-11-16 16:49:27.859 | DEBUG    | localization_association_rule_mining:__call__:394 - |order-other                   |   -1.00|                                                            |0.000000|    0.00|0.000000|0.000000|       0|       0
2022-11-16 16:49:27.859 | DEBUG    | localization_association_rule_mining:__call__:394 - |cancel                        |   -1.00|                                                            |0.000000|    0.00|0.000000|0.000000|       0|       0
2022-11-16 16:49:27.860 | DEBUG    | localization_association_rule_mining:__call__:394 - |security                      |   -1.00|                                                            |0.000000|    0.00|0.000000|0.000000|       0|       0
2022-11-16 16:49:27.860 | DEBUG    | localization_association_rule_mining:__call__:394 - |travel2                       |   -1.00|                                                            |0.000000|    0.00|0.000000|0.000000|       0|       0
2022-11-16 16:49:27.860 | DEBUG    | localization_association_rule_mining:__call__:394 - |admin-order                   |   -1.00|                                                            |0.000000|    0.00|0.000000|0.000000|       0|       0
2022-11-16 16:49:27.860 | DEBUG    | localization_association_rule_mining:__call__:394 - |inside-payment                |   -1.00|                                                            |0.000000|    0.00|0.000000|0.000000|       0|       0
2022-11-16 16:49:27.860 | DEBUG    | localization_association_rule_mining:__call__:394 - |travel-plan                   |   -1.00|                                                            |0.000000|    0.00|0.000000|0.000000|       0|       0
2022-11-16 16:49:27.860 | DEBUG    | localization_association_rule_mining:__call__:394 - |ts-ui-dashboard               |   -1.00|                                                            |0.000000|    0.00|0.000000|0.000000|       0|       0
2022-11-16 16:49:27.860 | DEBUG    | localization_association_rule_mining:__call__:394 - |food-map                      |   -1.00|                                                            |0.000000|    0.00|0.000000|0.000000|       0|       0
2022-11-16 16:49:27.860 | DEBUG    | localization_association_rule_mining:__call__:394 - |auth                          |   -1.00|                                                            |0.000000|    0.00|0.000000|0.000000|       0|       0
2022-11-16 16:49:27.860 | DEBUG    | localization_association_rule_mining:__call__:394 - |route-plan                    |   -1.00|                                                            |0.000000|    0.00|0.000000|0.000000|       0|       0
2022-11-16 16:49:27.860 | DEBUG    | localization_association_rule_mining:__call__:394 - |verification-code             |   -1.00|                                                            |0.000000|    0.00|0.000000|0.000000|       0|       0
2022-11-16 16:49:27.860 | DEBUG    | localization_association_rule_mining:__call__:394 - |assurance                     |   -1.00|                                                            |0.000000|    0.00|0.000000|0.000000|       0|       0
2022-11-16 16:49:27.860 | DEBUG    | localization_association_rule_mining:__call__:394 - |consign                       |   -1.00|                                                            |0.000000|    0.00|0.000000|0.000000|       0|       0
