2022-10-31 19:46:47.380 | DEBUG    | localization_association_rule_mining:__call__:388 - |item                          |score   |pattern                                                     |ps      |ips     |p(a|b)  |p(b|a)  |in      |out     
2022-10-31 19:46:47.380 | DEBUG    | localization_association_rule_mining:__call__:392 - |station                       |  169.35|station                                                     |0.562617|  301.00|0.787958|0.662996|     301|       0
2022-10-31 19:46:47.380 | DEBUG    | localization_association_rule_mining:__call__:392 - |order-other                   |   60.24|order-other                                                 |0.378882|  159.00|0.479058|0.644366|      12|     171
2022-10-31 19:46:47.380 | DEBUG    | localization_association_rule_mining:__call__:392 - |route                         |   35.84|route                                                       |0.306283|  117.00|0.306283|1.000000|     117|       0
2022-10-31 19:46:47.380 | DEBUG    | localization_association_rule_mining:__call__:392 - |travel                        |   27.29|travel                                                      |0.349869|   78.00|0.350785|0.992593|      39|     117
2022-10-31 19:46:47.380 | DEBUG    | localization_association_rule_mining:__call__:392 - |train                         |   13.20|train                                                       |0.185864|   71.00|0.185864|1.000000|      71|       0
2022-10-31 19:46:47.380 | DEBUG    | localization_association_rule_mining:__call__:392 - |price                         |    6.29|price                                                       |0.128272|   49.00|0.128272|1.000000|      49|       0
2022-10-31 19:46:47.380 | DEBUG    | localization_association_rule_mining:__call__:392 - |food                          |    6.04|food                                                        |0.182927|   33.00|0.196335|0.728155|      18|      51
2022-10-31 19:46:47.380 | DEBUG    | localization_association_rule_mining:__call__:392 - |food-map                      |    5.30|food-map                                                    |0.117801|   45.00|0.117801|1.000000|      45|       0
2022-10-31 19:46:47.381 | DEBUG    | localization_association_rule_mining:__call__:392 - |basic                         |    5.29|basic                                                       |0.264398|   20.00|0.264398|1.000000|      76|      96
2022-10-31 19:46:47.381 | DEBUG    | localization_association_rule_mining:__call__:392 - |seat                          |    4.73|seat                                                        |0.112565|   42.00|0.112565|1.000000|      42|       0
2022-10-31 19:46:47.381 | DEBUG    | localization_association_rule_mining:__call__:392 - |ticketinfo                    |    1.65|ticketinfo                                                  |0.235602|    7.00|0.235602|1.000000|      69|      76
2022-10-31 19:46:47.381 | DEBUG    | localization_association_rule_mining:__call__:392 - |order                         |   -1.00|                                                            |0.000000|    0.00|0.000000|0.000000|       0|       0
2022-10-31 19:46:47.381 | DEBUG    | localization_association_rule_mining:__call__:392 - |route-plan                    |   -1.00|                                                            |0.000000|    0.00|0.000000|0.000000|       0|       0
2022-10-31 19:46:47.381 | DEBUG    | localization_association_rule_mining:__call__:392 - |travel-plan                   |   -1.00|                                                            |0.000000|    0.00|0.000000|0.000000|       0|       0
2022-10-31 19:46:47.381 | DEBUG    | localization_association_rule_mining:__call__:392 - |travel2                       |   -1.00|                                                            |0.000000|    0.00|0.000000|0.000000|       0|       0
2022-10-31 19:46:47.381 | DEBUG    | localization_association_rule_mining:__call__:392 - |admin-user                    |   -1.00|                                                            |0.000000|    0.00|0.000000|0.000000|       0|       0
2022-10-31 19:46:47.381 | DEBUG    | localization_association_rule_mining:__call__:392 - |consign                       |   -1.00|                                                            |0.000000|    0.00|0.000000|0.000000|       0|       0
2022-10-31 19:46:47.381 | DEBUG    | localization_association_rule_mining:__call__:392 - |payment                       |   -1.00|                                                            |0.000000|    0.00|0.000000|0.000000|       0|       0
2022-10-31 19:46:47.381 | DEBUG    | localization_association_rule_mining:__call__:392 - |user                          |   -1.00|                                                            |0.000000|    0.00|0.000000|0.000000|       0|       0
2022-10-31 19:46:47.381 | DEBUG    | localization_association_rule_mining:__call__:392 - |security                      |   -1.00|                                                            |0.000000|    0.00|0.000000|0.000000|       0|       0
2022-10-31 19:46:47.381 | DEBUG    | localization_association_rule_mining:__call__:392 - |preserve-other                |   -1.00|                                                            |0.000000|    0.00|0.000000|0.000000|       0|       0
2022-10-31 19:46:47.381 | DEBUG    | localization_association_rule_mining:__call__:392 - |inside-payment                |   -1.00|                                                            |0.000000|    0.00|0.000000|0.000000|       0|       0
2022-10-31 19:46:47.381 | DEBUG    | localization_association_rule_mining:__call__:392 - |notification                  |   -1.00|                                                            |0.000000|    0.00|0.000000|0.000000|       0|       0
2022-10-31 19:46:47.381 | DEBUG    | localization_association_rule_mining:__call__:392 - |assurance                     |   -1.00|                                                            |0.000000|    0.00|0.000000|0.000000|       0|       0
2022-10-31 19:46:47.381 | DEBUG    | localization_association_rule_mining:__call__:392 - |cancel                        |   -1.00|                                                            |0.000000|    0.00|0.000000|0.000000|       0|       0
2022-10-31 19:46:47.381 | DEBUG    | localization_association_rule_mining:__call__:392 - |admin-order                   |   -1.00|                                                            |0.000000|    0.00|0.000000|0.000000|       0|       0
2022-10-31 19:46:47.382 | DEBUG    | localization_association_rule_mining:__call__:392 - |verification-code             |   -1.00|                                                            |0.000000|    0.00|0.000000|0.000000|       0|       0
2022-10-31 19:46:47.382 | DEBUG    | localization_association_rule_mining:__call__:392 - |auth                          |   -1.00|                                                            |0.000000|    0.00|0.000000|0.000000|       0|       0
2022-10-31 19:46:47.382 | DEBUG    | localization_association_rule_mining:__call__:392 - |ts-ui-dashboard               |   -1.00|                                                            |0.000000|    0.00|0.000000|0.000000|       0|       0
2022-10-31 19:46:47.382 | DEBUG    | localization_association_rule_mining:__call__:392 - |preserve                      |   -1.00|                                                            |0.000000|    0.00|0.000000|0.000000|       0|       0
2022-10-31 19:46:47.382 | DEBUG    | localization_association_rule_mining:__call__:392 - |contacts                      |   -1.00|                                                            |0.000000|    0.00|0.000000|0.000000|       0|       0
