2022-10-31 19:45:23.907 | DEBUG    | localization_association_rule_mining:__call__:388 - |item                          |score   |pattern                                                     |ps      |ips     |p(a|b)  |p(b|a)  |in      |out     
2022-10-31 19:45:23.908 | DEBUG    | localization_association_rule_mining:__call__:392 - |station                       |  194.21|station                                                     |0.526316|  369.00|0.646853|0.738523|     369|       0
2022-10-31 19:45:23.908 | DEBUG    | localization_association_rule_mining:__call__:392 - |route                         |   37.52|route                                                       |0.256993|  146.00|0.256993|1.000000|     146|       0
2022-10-31 19:45:23.908 | DEBUG    | localization_association_rule_mining:__call__:392 - |order-other                   |   32.64|order-other                                                 |0.286307|  114.00|0.361888|0.578212|      46|     160
2022-10-31 19:45:23.908 | DEBUG    | localization_association_rule_mining:__call__:392 - |food                          |   29.94|food                                                        |0.260365|  115.00|0.274476|0.835106|      17|     132
2022-10-31 19:45:23.908 | DEBUG    | localization_association_rule_mining:__call__:392 - |order                         |   22.31|order                                                       |0.157143|  142.00|0.250000|0.297297|     142|       0
2022-10-31 19:45:23.908 | DEBUG    | localization_association_rule_mining:__call__:392 - |food-map                      |   19.06|food-map                                                    |0.183246|  104.00|0.183566|0.990566|     104|       0
2022-10-31 19:45:23.908 | DEBUG    | localization_association_rule_mining:__call__:392 - |train                         |   12.93|train                                                       |0.150350|   86.00|0.150350|1.000000|      86|       0
2022-10-31 19:45:23.908 | DEBUG    | localization_association_rule_mining:__call__:392 - |cancel                        |    7.95|cancel                                                      |0.115192|   69.00|0.120629|0.718750|       0|      69
2022-10-31 19:45:23.908 | DEBUG    | localization_association_rule_mining:__call__:392 - |travel                        |    6.59|travel                                                      |0.387435|   17.00|0.388112|0.995516|     142|     159
2022-10-31 19:45:23.908 | DEBUG    | localization_association_rule_mining:__call__:392 - |auth                          |    6.42|auth                                                        |0.103506|   62.00|0.108392|0.696629|       0|      62
2022-10-31 19:45:23.908 | DEBUG    | localization_association_rule_mining:__call__:392 - |verification-code             |    4.84|verification-code                                           |0.077987|   62.00|0.108392|0.217544|      62|       0
2022-10-31 19:45:23.908 | DEBUG    | localization_association_rule_mining:__call__:392 - |seat                          |    4.26|seat                                                        |0.185315|   23.00|0.185315|1.000000|      66|      89
2022-10-31 19:45:23.908 | DEBUG    | localization_association_rule_mining:__call__:392 - |basic                         |    3.93|basic                                                       |0.218531|   18.00|0.218531|1.000000|      97|     115
2022-10-31 19:45:23.909 | DEBUG    | localization_association_rule_mining:__call__:392 - |ticketinfo                    |    1.73|ticketinfo                                                  |0.192308|    9.00|0.192308|1.000000|      88|      97
2022-10-31 19:45:23.909 | DEBUG    | localization_association_rule_mining:__call__:392 - |consign                       |   -1.00|                                                            |0.000000|    0.00|0.000000|0.000000|       0|       0
2022-10-31 19:45:23.909 | DEBUG    | localization_association_rule_mining:__call__:392 - |admin-order                   |   -1.00|                                                            |0.000000|    0.00|0.000000|0.000000|       0|       0
2022-10-31 19:45:23.909 | DEBUG    | localization_association_rule_mining:__call__:392 - |admin-travel                  |   -1.00|                                                            |0.000000|    0.00|0.000000|0.000000|       0|       0
2022-10-31 19:45:23.909 | DEBUG    | localization_association_rule_mining:__call__:392 - |travel2                       |   -1.00|                                                            |0.000000|    0.00|0.000000|0.000000|       0|       0
2022-10-31 19:45:23.909 | DEBUG    | localization_association_rule_mining:__call__:392 - |config                        |   -1.00|                                                            |0.000000|    0.00|0.000000|0.000000|       0|       0
2022-10-31 19:45:23.909 | DEBUG    | localization_association_rule_mining:__call__:392 - |assurance                     |   -1.00|                                                            |0.000000|    0.00|0.000000|0.000000|       0|       0
2022-10-31 19:45:23.909 | DEBUG    | localization_association_rule_mining:__call__:392 - |ts-ui-dashboard               |   -1.00|                                                            |0.000000|    0.00|0.000000|0.000000|       0|       0
2022-10-31 19:45:23.909 | DEBUG    | localization_association_rule_mining:__call__:392 - |route-plan                    |   -1.00|                                                            |0.000000|    0.00|0.000000|0.000000|       0|       0
2022-10-31 19:45:23.909 | DEBUG    | localization_association_rule_mining:__call__:392 - |payment                       |   -1.00|                                                            |0.000000|    0.00|0.000000|0.000000|       0|       0
2022-10-31 19:45:23.909 | DEBUG    | localization_association_rule_mining:__call__:392 - |notification                  |   -1.00|                                                            |0.000000|    0.00|0.000000|0.000000|       0|       0
2022-10-31 19:45:23.909 | DEBUG    | localization_association_rule_mining:__call__:392 - |user                          |   -1.00|                                                            |0.000000|    0.00|0.000000|0.000000|       0|       0
2022-10-31 19:45:23.909 | DEBUG    | localization_association_rule_mining:__call__:392 - |security                      |   -1.00|                                                            |0.000000|    0.00|0.000000|0.000000|       0|       0
2022-10-31 19:45:23.909 | DEBUG    | localization_association_rule_mining:__call__:392 - |inside-payment                |   -1.00|                                                            |0.000000|    0.00|0.000000|0.000000|       0|       0
2022-10-31 19:45:23.909 | DEBUG    | localization_association_rule_mining:__call__:392 - |travel-plan                   |   -1.00|                                                            |0.000000|    0.00|0.000000|0.000000|       0|       0
2022-10-31 19:45:23.909 | DEBUG    | localization_association_rule_mining:__call__:392 - |contacts                      |   -1.00|                                                            |0.000000|    0.00|0.000000|0.000000|       0|       0
2022-10-31 19:45:23.909 | DEBUG    | localization_association_rule_mining:__call__:392 - |admin-user                    |   -1.00|                                                            |0.000000|    0.00|0.000000|0.000000|       0|       0
2022-10-31 19:45:23.909 | DEBUG    | localization_association_rule_mining:__call__:392 - |preserve-other                |   -1.00|                                                            |0.000000|    0.00|0.000000|0.000000|       0|       0
2022-10-31 19:45:23.909 | DEBUG    | localization_association_rule_mining:__call__:392 - |price                         |   -1.00|                                                            |0.000000|    0.00|0.000000|0.000000|       0|       0
2022-10-31 19:45:23.910 | DEBUG    | localization_association_rule_mining:__call__:392 - |preserve                      |   -1.00|                                                            |0.000000|    0.00|0.000000|0.000000|       0|       0
