2022-10-31 19:43:56.271 | DEBUG    | localization_association_rule_mining:__call__:388 - |item                          |score   |pattern                                                     |ps      |ips     |p(a|b)  |p(b|a)  |in      |out     
2022-10-31 19:43:56.271 | DEBUG    | localization_association_rule_mining:__call__:392 - |station                       |  117.39|station                                                     |0.448041|  262.00|0.585746|0.655860|     262|       0
2022-10-31 19:43:56.271 | DEBUG    | localization_association_rule_mining:__call__:392 - |order-other                   |   27.30|order-other                                                 |0.239502|  114.00|0.342984|0.442529|      20|     134
2022-10-31 19:43:56.271 | DEBUG    | localization_association_rule_mining:__call__:392 - |route                         |   26.89|route                                                       |0.244444|  110.00|0.244989|0.990991|     110|       0
2022-10-31 19:43:56.271 | DEBUG    | localization_association_rule_mining:__call__:392 - |food                          |   21.74|food                                                        |0.268398|   81.00|0.276169|0.905109|      19|     100
2022-10-31 19:43:56.271 | DEBUG    | localization_association_rule_mining:__call__:392 - |order                         |   11.39|order                                                       |0.116251|   98.00|0.218263|0.199187|      98|       0
2022-10-31 19:43:56.271 | DEBUG    | localization_association_rule_mining:__call__:392 - |food-map                      |   11.23|food-map                                                    |0.158129|   71.00|0.158129|1.000000|      71|       0
2022-10-31 19:43:56.271 | DEBUG    | localization_association_rule_mining:__call__:392 - |travel                        |    8.33|travel                                                      |0.333333|   25.00|0.334076|0.993377|      91|     116
2022-10-31 19:43:56.272 | DEBUG    | localization_association_rule_mining:__call__:392 - |cancel                        |    8.13|cancel                                                      |0.131078|   62.00|0.138085|0.720930|       0|      62
2022-10-31 19:43:56.272 | DEBUG    | localization_association_rule_mining:__call__:392 - |auth                          |    7.49|auth                                                        |0.126882|   59.00|0.131403|0.786667|       0|      59
2022-10-31 19:43:56.272 | DEBUG    | localization_association_rule_mining:__call__:392 - |verification-code             |    5.31|verification-code                                           |0.089939|   59.00|0.131403|0.221805|      59|       0
2022-10-31 19:43:56.272 | DEBUG    | localization_association_rule_mining:__call__:392 - |train                         |    5.12|train                                                       |0.106667|   48.00|0.106904|0.979592|      48|       0
2022-10-31 19:43:56.272 | DEBUG    | localization_association_rule_mining:__call__:392 - |basic                         |    1.71|basic                                                       |0.155902|   11.00|0.155902|1.000000|      52|      63
2022-10-31 19:43:56.272 | DEBUG    | localization_association_rule_mining:__call__:392 - |ticketinfo                    |    0.72|ticketinfo                                                  |0.144766|    5.00|0.144766|1.000000|      57|      52
2022-10-31 19:43:56.272 | DEBUG    | localization_association_rule_mining:__call__:392 - |seat                          |    0.47|seat                                                        |0.118040|    4.00|0.118040|1.000000|      33|      37
2022-10-31 19:43:56.272 | DEBUG    | localization_association_rule_mining:__call__:392 - |config                        |   -1.00|                                                            |0.000000|    0.00|0.000000|0.000000|       0|       0
2022-10-31 19:43:56.272 | DEBUG    | localization_association_rule_mining:__call__:392 - |admin-user                    |   -1.00|                                                            |0.000000|    0.00|0.000000|0.000000|       0|       0
2022-10-31 19:43:56.272 | DEBUG    | localization_association_rule_mining:__call__:392 - |security                      |   -1.00|                                                            |0.000000|    0.00|0.000000|0.000000|       0|       0
2022-10-31 19:43:56.272 | DEBUG    | localization_association_rule_mining:__call__:392 - |contacts                      |   -1.00|                                                            |0.000000|    0.00|0.000000|0.000000|       0|       0
2022-10-31 19:43:56.272 | DEBUG    | localization_association_rule_mining:__call__:392 - |admin-route                   |   -1.00|                                                            |0.000000|    0.00|0.000000|0.000000|       0|       0
2022-10-31 19:43:56.272 | DEBUG    | localization_association_rule_mining:__call__:392 - |inside-payment                |   -1.00|                                                            |0.000000|    0.00|0.000000|0.000000|       0|       0
2022-10-31 19:43:56.272 | DEBUG    | localization_association_rule_mining:__call__:392 - |user                          |   -1.00|                                                            |0.000000|    0.00|0.000000|0.000000|       0|       0
2022-10-31 19:43:56.272 | DEBUG    | localization_association_rule_mining:__call__:392 - |travel2                       |   -1.00|                                                            |0.000000|    0.00|0.000000|0.000000|       0|       0
2022-10-31 19:43:56.272 | DEBUG    | localization_association_rule_mining:__call__:392 - |ts-ui-dashboard               |   -1.00|                                                            |0.000000|    0.00|0.000000|0.000000|       0|       0
2022-10-31 19:43:56.272 | DEBUG    | localization_association_rule_mining:__call__:392 - |preserve                      |   -1.00|                                                            |0.000000|    0.00|0.000000|0.000000|       0|       0
2022-10-31 19:43:56.273 | DEBUG    | localization_association_rule_mining:__call__:392 - |admin-order                   |   -1.00|                                                            |0.000000|    0.00|0.000000|0.000000|       0|       0
2022-10-31 19:43:56.273 | DEBUG    | localization_association_rule_mining:__call__:392 - |payment                       |   -1.00|                                                            |0.000000|    0.00|0.000000|0.000000|       0|       0
2022-10-31 19:43:56.273 | DEBUG    | localization_association_rule_mining:__call__:392 - |admin-basic-info              |   -1.00|                                                            |0.000000|    0.00|0.000000|0.000000|       0|       0
2022-10-31 19:43:56.273 | DEBUG    | localization_association_rule_mining:__call__:392 - |route-plan                    |   -1.00|                                                            |0.000000|    0.00|0.000000|0.000000|       0|       0
2022-10-31 19:43:56.273 | DEBUG    | localization_association_rule_mining:__call__:392 - |price                         |   -1.00|                                                            |0.000000|    0.00|0.000000|0.000000|       0|       0
2022-10-31 19:43:56.273 | DEBUG    | localization_association_rule_mining:__call__:392 - |consign                       |   -1.00|                                                            |0.000000|    0.00|0.000000|0.000000|       0|       0
2022-10-31 19:43:56.273 | DEBUG    | localization_association_rule_mining:__call__:392 - |preserve-other                |   -1.00|                                                            |0.000000|    0.00|0.000000|0.000000|       0|       0
2022-10-31 19:43:56.273 | DEBUG    | localization_association_rule_mining:__call__:392 - |travel-plan                   |   -1.00|                                                            |0.000000|    0.00|0.000000|0.000000|       0|       0
2022-10-31 19:43:56.273 | DEBUG    | localization_association_rule_mining:__call__:392 - |assurance                     |   -1.00|                                                            |0.000000|    0.00|0.000000|0.000000|       0|       0
2022-10-31 19:43:56.273 | DEBUG    | localization_association_rule_mining:__call__:392 - |notification                  |   -1.00|                                                            |0.000000|    0.00|0.000000|0.000000|       0|       0
