2022-11-09 16:51:01.205 | DEBUG    | localization_association_rule_mining:__call__:390 - |item                          |score   |pattern                                                     |ps      |ips     |p(a|b)  |p(b|a)  |in      |out     
2022-11-09 16:51:01.205 | DEBUG    | localization_association_rule_mining:__call__:394 - |admin-order                   |   97.61|admin-order                                                 |0.806667|  121.00|0.817568|0.983740|     121|       0
2022-11-09 16:51:01.205 | DEBUG    | localization_association_rule_mining:__call__:394 - |travel                        |    2.77|travel                                                      |0.138728|   20.00|0.162162|0.489796|       0|      20
2022-11-09 16:51:01.205 | DEBUG    | localization_association_rule_mining:__call__:394 - |ticketinfo                    |    2.50|ticketinfo                                                  |0.125000|   20.00|0.135135|0.625000|      20|       0
2022-11-09 16:51:01.205 | DEBUG    | localization_association_rule_mining:__call__:394 - |order                         |    0.20|order                                                       |0.204748|    1.00|0.466216|0.267442|       1|       0
2022-11-09 16:51:01.205 | DEBUG    | localization_association_rule_mining:__call__:394 - |station                       |    0.13|station                                                     |0.066667|    2.00|0.121622|0.128571|       2|       0
2022-11-09 16:51:01.205 | DEBUG    | localization_association_rule_mining:__call__:394 - |train                         |    0.00|train                                                       |0.102564|    0.00|0.108108|0.666667|       0|       0
2022-11-09 16:51:01.206 | DEBUG    | localization_association_rule_mining:__call__:394 - |order-other                   |    0.00|order-other                                                 |0.152027|    0.00|0.304054|0.233161|       0|       0
2022-11-09 16:51:01.206 | DEBUG    | localization_association_rule_mining:__call__:394 - |basic                         |    0.00|basic                                                       |0.111801|    0.00|0.121622|0.580645|       0|       0
2022-11-09 16:51:01.206 | DEBUG    | localization_association_rule_mining:__call__:394 - |route                         |    0.00|route                                                       |0.123529|    0.00|0.141892|0.488372|       0|       0
2022-11-09 16:51:01.206 | DEBUG    | localization_association_rule_mining:__call__:394 - |payment                       |   -1.00|                                                            |0.000000|    0.00|0.000000|0.000000|       0|       0
2022-11-09 16:51:01.206 | DEBUG    | localization_association_rule_mining:__call__:394 - |price                         |   -1.00|                                                            |0.000000|    0.00|0.000000|0.000000|       0|       0
2022-11-09 16:51:01.206 | DEBUG    | localization_association_rule_mining:__call__:394 - |admin-travel                  |   -1.00|                                                            |0.000000|    0.00|0.000000|0.000000|       0|       0
2022-11-09 16:51:01.206 | DEBUG    | localization_association_rule_mining:__call__:394 - |cancel                        |   -1.00|                                                            |0.000000|    0.00|0.000000|0.000000|       0|       0
2022-11-09 16:51:01.206 | DEBUG    | localization_association_rule_mining:__call__:394 - |inside-payment                |   -1.00|                                                            |0.000000|    0.00|0.000000|0.000000|       0|       0
2022-11-09 16:51:01.206 | DEBUG    | localization_association_rule_mining:__call__:394 - |preserve-other                |   -1.00|                                                            |0.000000|    0.00|0.000000|0.000000|       0|       0
2022-11-09 16:51:01.206 | DEBUG    | localization_association_rule_mining:__call__:394 - |food-map                      |   -1.00|                                                            |0.000000|    0.00|0.000000|0.000000|       0|       0
2022-11-09 16:51:01.206 | DEBUG    | localization_association_rule_mining:__call__:394 - |admin-route                   |   -1.00|                                                            |0.000000|    0.00|0.000000|0.000000|       0|       0
2022-11-09 16:51:01.206 | DEBUG    | localization_association_rule_mining:__call__:394 - |auth                          |   -1.00|                                                            |0.000000|    0.00|0.000000|0.000000|       0|       0
2022-11-09 16:51:01.206 | DEBUG    | localization_association_rule_mining:__call__:394 - |ts-ui-dashboard               |   -1.00|                                                            |0.000000|    0.00|0.000000|0.000000|       0|       0
2022-11-09 16:51:01.206 | DEBUG    | localization_association_rule_mining:__call__:394 - |notification                  |   -1.00|                                                            |0.000000|    0.00|0.000000|0.000000|       0|       0
2022-11-09 16:51:01.206 | DEBUG    | localization_association_rule_mining:__call__:394 - |preserve                      |   -1.00|                                                            |0.000000|    0.00|0.000000|0.000000|       0|       0
2022-11-09 16:51:01.206 | DEBUG    | localization_association_rule_mining:__call__:394 - |travel-plan                   |   -1.00|                                                            |0.000000|    0.00|0.000000|0.000000|       0|       0
2022-11-09 16:51:01.206 | DEBUG    | localization_association_rule_mining:__call__:394 - |consign                       |   -1.00|                                                            |0.000000|    0.00|0.000000|0.000000|       0|       0
2022-11-09 16:51:01.206 | DEBUG    | localization_association_rule_mining:__call__:394 - |verification-code             |   -1.00|                                                            |0.000000|    0.00|0.000000|0.000000|       0|       0
2022-11-09 16:51:01.207 | DEBUG    | localization_association_rule_mining:__call__:394 - |admin-basic-info              |   -1.00|                                                            |0.000000|    0.00|0.000000|0.000000|       0|       0
2022-11-09 16:51:01.207 | DEBUG    | localization_association_rule_mining:__call__:394 - |contacts                      |   -1.00|                                                            |0.000000|    0.00|0.000000|0.000000|       0|       0
2022-11-09 16:51:01.207 | DEBUG    | localization_association_rule_mining:__call__:394 - |seat                          |   -1.00|                                                            |0.000000|    0.00|0.000000|0.000000|       0|       0
2022-11-09 16:51:01.207 | DEBUG    | localization_association_rule_mining:__call__:394 - |route-plan                    |   -1.00|                                                            |0.000000|    0.00|0.000000|0.000000|       0|       0
2022-11-09 16:51:01.207 | DEBUG    | localization_association_rule_mining:__call__:394 - |user                          |   -1.00|                                                            |0.000000|    0.00|0.000000|0.000000|       0|       0
2022-11-09 16:51:01.207 | DEBUG    | localization_association_rule_mining:__call__:394 - |travel2                       |   -1.00|                                                            |0.000000|    0.00|0.000000|0.000000|       0|       0
2022-11-09 16:51:01.207 | DEBUG    | localization_association_rule_mining:__call__:394 - |food                          |   -1.00|                                                            |0.000000|    0.00|0.000000|0.000000|       0|       0
2022-11-09 16:51:01.207 | DEBUG    | localization_association_rule_mining:__call__:394 - |config                        |   -1.00|                                                            |0.000000|    0.00|0.000000|0.000000|       0|       0
2022-11-09 16:51:01.207 | DEBUG    | localization_association_rule_mining:__call__:394 - |security                      |   -1.00|                                                            |0.000000|    0.00|0.000000|0.000000|       0|       0
2022-11-09 16:51:01.207 | DEBUG    | localization_association_rule_mining:__call__:394 - |assurance                     |   -1.00|                                                            |0.000000|    0.00|0.000000|0.000000|       0|       0
