2022-10-31 19:47:02.780 | DEBUG    | localization_association_rule_mining:__call__:388 - |item                          |score   |pattern                                                     |ps      |ips     |p(a|b)  |p(b|a)  |in      |out     
2022-10-31 19:47:02.781 | DEBUG    | localization_association_rule_mining:__call__:392 - |route                         |   20.16|route                                                       |0.403226|   50.00|0.403226|1.000000|      50|       0
2022-10-31 19:47:02.781 | DEBUG    | localization_association_rule_mining:__call__:392 - |station                       |   15.68|station                                                     |0.290323|   54.00|0.435484|0.465517|      54|       0
2022-10-31 19:47:02.781 | DEBUG    | localization_association_rule_mining:__call__:392 - |order                         |   15.62|order                                                       |0.274038|   57.00|0.459677|0.404255|      57|       0
2022-10-31 19:47:02.781 | DEBUG    | localization_association_rule_mining:__call__:392 - |auth                          |    9.42|auth                                                        |0.269231|   35.00|0.282258|0.853659|       0|      35
2022-10-31 19:47:02.781 | DEBUG    | localization_association_rule_mining:__call__:392 - |cancel                        |    9.17|cancel                                                      |0.269841|   34.00|0.274194|0.944444|       0|      34
2022-10-31 19:47:02.781 | DEBUG    | localization_association_rule_mining:__call__:392 - |food                          |    7.86|food                                                        |0.314516|   25.00|0.314516|1.000000|       7|      32
2022-10-31 19:47:02.781 | DEBUG    | localization_association_rule_mining:__call__:392 - |food-map                      |    7.75|food-map                                                    |0.250000|   31.00|0.250000|1.000000|      31|       0
2022-10-31 19:47:02.781 | DEBUG    | localization_association_rule_mining:__call__:392 - |train                         |    3.90|train                                                       |0.177419|   22.00|0.177419|1.000000|      22|       0
2022-10-31 19:47:02.781 | DEBUG    | localization_association_rule_mining:__call__:392 - |config                        |    3.39|config                                                      |0.169355|   20.00|0.169355|1.000000|      20|       0
2022-10-31 19:47:02.781 | DEBUG    | localization_association_rule_mining:__call__:392 - |price                         |    2.91|price                                                       |0.153226|   19.00|0.153226|1.000000|      19|       0
2022-10-31 19:47:02.781 | DEBUG    | localization_association_rule_mining:__call__:392 - |user                          |    1.89|user                                                        |0.209677|    9.00|0.209677|1.000000|       9|       0
2022-10-31 19:47:02.781 | DEBUG    | localization_association_rule_mining:__call__:392 - |travel                        |    1.31|travel                                                      |0.435484|    3.00|0.435484|1.000000|      48|      51
2022-10-31 19:47:02.781 | DEBUG    | localization_association_rule_mining:__call__:392 - |seat                          |    0.19|seat                                                        |0.185484|    1.00|0.185484|1.000000|      22|      23
2022-10-31 19:47:02.781 | DEBUG    | localization_association_rule_mining:__call__:392 - |ticketinfo                    |    0.18|ticketinfo                                                  |0.177419|    1.00|0.177419|1.000000|      21|      22
2022-10-31 19:47:02.781 | DEBUG    | localization_association_rule_mining:__call__:392 - |notification                  |    0.00|notification                                                |0.193548|    0.00|0.193548|1.000000|       0|       0
2022-10-31 19:47:02.782 | DEBUG    | localization_association_rule_mining:__call__:392 - |basic                         |    0.00|basic                                                       |0.177419|    0.00|0.177419|1.000000|      22|      22
2022-10-31 19:47:02.782 | DEBUG    | localization_association_rule_mining:__call__:392 - |travel2                       |   -1.00|                                                            |0.000000|    0.00|0.000000|0.000000|       0|       0
2022-10-31 19:47:02.782 | DEBUG    | localization_association_rule_mining:__call__:392 - |order-other                   |   -1.00|                                                            |0.000000|    0.00|0.000000|0.000000|       0|       0
2022-10-31 19:47:02.782 | DEBUG    | localization_association_rule_mining:__call__:392 - |consign                       |   -1.00|                                                            |0.000000|    0.00|0.000000|0.000000|       0|       0
2022-10-31 19:47:02.782 | DEBUG    | localization_association_rule_mining:__call__:392 - |inside-payment                |   -1.00|                                                            |0.000000|    0.00|0.000000|0.000000|       0|       0
2022-10-31 19:47:02.782 | DEBUG    | localization_association_rule_mining:__call__:392 - |admin-order                   |   -1.00|                                                            |0.000000|    0.00|0.000000|0.000000|       0|       0
2022-10-31 19:47:02.782 | DEBUG    | localization_association_rule_mining:__call__:392 - |contacts                      |   -1.00|                                                            |0.000000|    0.00|0.000000|0.000000|       0|       0
2022-10-31 19:47:02.782 | DEBUG    | localization_association_rule_mining:__call__:392 - |ts-ui-dashboard               |   -1.00|                                                            |0.000000|    0.00|0.000000|0.000000|       0|       0
2022-10-31 19:47:02.782 | DEBUG    | localization_association_rule_mining:__call__:392 - |preserve                      |   -1.00|                                                            |0.000000|    0.00|0.000000|0.000000|       0|       0
2022-10-31 19:47:02.782 | DEBUG    | localization_association_rule_mining:__call__:392 - |security                      |   -1.00|                                                            |0.000000|    0.00|0.000000|0.000000|       0|       0
2022-10-31 19:47:02.782 | DEBUG    | localization_association_rule_mining:__call__:392 - |travel-plan                   |   -1.00|                                                            |0.000000|    0.00|0.000000|0.000000|       0|       0
2022-10-31 19:47:02.782 | DEBUG    | localization_association_rule_mining:__call__:392 - |verification-code             |   -1.00|                                                            |0.000000|    0.00|0.000000|0.000000|       0|       0
2022-10-31 19:47:02.782 | DEBUG    | localization_association_rule_mining:__call__:392 - |payment                       |   -1.00|                                                            |0.000000|    0.00|0.000000|0.000000|       0|       0
2022-10-31 19:47:02.782 | DEBUG    | localization_association_rule_mining:__call__:392 - |route-plan                    |   -1.00|                                                            |0.000000|    0.00|0.000000|0.000000|       0|       0
2022-10-31 19:47:02.782 | DEBUG    | localization_association_rule_mining:__call__:392 - |assurance                     |   -1.00|                                                            |0.000000|    0.00|0.000000|0.000000|       0|       0
