2022-11-08 18:35:41.891 | DEBUG    | localization_association_rule_mining:__call__:390 - |item                          |score   |pattern                                                     |ps      |ips     |p(a|b)  |p(b|a)  |in      |out     
2022-11-08 18:35:41.891 | DEBUG    | localization_association_rule_mining:__call__:394 - |contacts                      |   69.36|contacts                                                    |0.680000|  102.00|0.680000|1.000000|     102|       0
2022-11-08 18:35:41.891 | DEBUG    | localization_association_rule_mining:__call__:394 - |auth                          |    3.78|auth                                                        |0.145251|   26.00|0.173333|0.472727|       0|      26
2022-11-08 18:35:41.891 | DEBUG    | localization_association_rule_mining:__call__:394 - |seat                          |    2.99|seat                                                        |0.176101|   17.00|0.186667|0.756757|      17|       0
2022-11-08 18:35:41.891 | DEBUG    | localization_association_rule_mining:__call__:394 - |basic                         |    2.69|basic                                                       |0.179012|   15.00|0.193333|0.707317|       0|      15
2022-11-08 18:35:41.891 | DEBUG    | localization_association_rule_mining:__call__:394 - |route                         |    2.04|route                                                       |0.135870|   15.00|0.166667|0.423729|      15|       0
2022-11-08 18:35:41.891 | DEBUG    | localization_association_rule_mining:__call__:394 - |travel                        |    1.94|travel                                                      |0.138614|   14.00|0.186667|0.350000|       1|      15
2022-11-08 18:35:41.891 | DEBUG    | localization_association_rule_mining:__call__:394 - |verification-code             |    1.80|verification-code                                           |0.069333|   26.00|0.173333|0.103586|      26|       0
2022-11-08 18:35:41.891 | DEBUG    | localization_association_rule_mining:__call__:394 - |preserve                      |    0.96|preserve                                                    |0.095541|   10.00|0.100000|0.681818|       0|      10
2022-11-08 18:35:41.891 | DEBUG    | localization_association_rule_mining:__call__:394 - |order                         |    0.27|order                                                       |0.053790|    5.00|0.146667|0.078292|       5|       0
2022-11-08 18:35:41.892 | DEBUG    | localization_association_rule_mining:__call__:394 - |train                         |    0.00|train                                                       |0.155844|    0.00|0.160000|0.857143|       0|       0
2022-11-08 18:35:41.892 | DEBUG    | localization_association_rule_mining:__call__:394 - |ticketinfo                    |    0.00|ticketinfo                                                  |0.177215|    0.00|0.186667|0.777778|       0|       0
2022-11-08 18:35:41.892 | DEBUG    | localization_association_rule_mining:__call__:394 - |station                       |    0.00|station                                                     |0.084302|    0.00|0.193333|0.130045|       0|       0
2022-11-08 18:35:41.892 | DEBUG    | localization_association_rule_mining:__call__:394 - |security                      |   -1.00|                                                            |0.000000|    0.00|0.000000|0.000000|       0|       0
2022-11-08 18:35:41.892 | DEBUG    | localization_association_rule_mining:__call__:394 - |admin-travel                  |   -1.00|                                                            |0.000000|    0.00|0.000000|0.000000|       0|       0
2022-11-08 18:35:41.892 | DEBUG    | localization_association_rule_mining:__call__:394 - |admin-user                    |   -1.00|                                                            |0.000000|    0.00|0.000000|0.000000|       0|       0
2022-11-08 18:35:41.892 | DEBUG    | localization_association_rule_mining:__call__:394 - |consign                       |   -1.00|                                                            |0.000000|    0.00|0.000000|0.000000|       0|       0
2022-11-08 18:35:41.892 | DEBUG    | localization_association_rule_mining:__call__:394 - |order-other                   |   -1.00|                                                            |0.000000|    0.00|0.000000|0.000000|       0|       0
2022-11-08 18:35:41.892 | DEBUG    | localization_association_rule_mining:__call__:394 - |food                          |   -1.00|                                                            |0.000000|    0.00|0.000000|0.000000|       0|       0
2022-11-08 18:35:41.892 | DEBUG    | localization_association_rule_mining:__call__:394 - |inside-payment                |   -1.00|                                                            |0.000000|    0.00|0.000000|0.000000|       0|       0
2022-11-08 18:35:41.892 | DEBUG    | localization_association_rule_mining:__call__:394 - |travel-plan                   |   -1.00|                                                            |0.000000|    0.00|0.000000|0.000000|       0|       0
2022-11-08 18:35:41.892 | DEBUG    | localization_association_rule_mining:__call__:394 - |user                          |   -1.00|                                                            |0.000000|    0.00|0.000000|0.000000|       0|       0
2022-11-08 18:35:41.892 | DEBUG    | localization_association_rule_mining:__call__:394 - |price                         |   -1.00|                                                            |0.000000|    0.00|0.000000|0.000000|       0|       0
2022-11-08 18:35:41.892 | DEBUG    | localization_association_rule_mining:__call__:394 - |cancel                        |   -1.00|                                                            |0.000000|    0.00|0.000000|0.000000|       0|       0
2022-11-08 18:35:41.892 | DEBUG    | localization_association_rule_mining:__call__:394 - |food-map                      |   -1.00|                                                            |0.000000|    0.00|0.000000|0.000000|       0|       0
2022-11-08 18:35:41.892 | DEBUG    | localization_association_rule_mining:__call__:394 - |assurance                     |   -1.00|                                                            |0.000000|    0.00|0.000000|0.000000|       0|       0
2022-11-08 18:35:41.892 | DEBUG    | localization_association_rule_mining:__call__:394 - |travel2                       |   -1.00|                                                            |0.000000|    0.00|0.000000|0.000000|       0|       0
2022-11-08 18:35:41.892 | DEBUG    | localization_association_rule_mining:__call__:394 - |admin-order                   |   -1.00|                                                            |0.000000|    0.00|0.000000|0.000000|       0|       0
2022-11-08 18:35:41.893 | DEBUG    | localization_association_rule_mining:__call__:394 - |payment                       |   -1.00|                                                            |0.000000|    0.00|0.000000|0.000000|       0|       0
2022-11-08 18:35:41.893 | DEBUG    | localization_association_rule_mining:__call__:394 - |notification                  |   -1.00|                                                            |0.000000|    0.00|0.000000|0.000000|       0|       0
2022-11-08 18:35:41.893 | DEBUG    | localization_association_rule_mining:__call__:394 - |route-plan                    |   -1.00|                                                            |0.000000|    0.00|0.000000|0.000000|       0|       0
2022-11-08 18:35:41.893 | DEBUG    | localization_association_rule_mining:__call__:394 - |ts-ui-dashboard               |   -1.00|                                                            |0.000000|    0.00|0.000000|0.000000|       0|       0
2022-11-08 18:35:41.893 | DEBUG    | localization_association_rule_mining:__call__:394 - |preserve-other                |   -1.00|                                                            |0.000000|    0.00|0.000000|0.000000|       0|       0
2022-11-08 18:35:41.893 | DEBUG    | localization_association_rule_mining:__call__:394 - |config                        |   -1.00|                                                            |0.000000|    0.00|0.000000|0.000000|       0|       0
