2022-11-16 16:46:37.187 | DEBUG    | localization_association_rule_mining:__call__:390 - |item                          |score   |pattern                                                     |ps      |ips     |p(a|b)  |p(b|a)  |in      |out     
2022-11-16 16:46:37.187 | DEBUG    | localization_association_rule_mining:__call__:394 - |order-other                   |   76.95|order-other                                                 |0.418182|  184.00|0.541176|0.647887|     184|       0
2022-11-16 16:46:37.187 | DEBUG    | localization_association_rule_mining:__call__:394 - |assurance                     |   35.48|assurance                                                   |0.322581|  110.00|0.323529|0.990991|     110|       0
2022-11-16 16:46:37.187 | DEBUG    | localization_association_rule_mining:__call__:394 - |travel                        |    1.02|travel                                                      |0.102088|   10.00|0.129412|0.325926|       0|      10
2022-11-16 16:46:37.187 | DEBUG    | localization_association_rule_mining:__call__:394 - |seat                          |    0.91|seat                                                        |0.100575|    9.00|0.102941|0.813953|       9|       0
2022-11-16 16:46:37.187 | DEBUG    | localization_association_rule_mining:__call__:394 - |admin-order                   |    0.75|admin-order                                                 |0.106742|    7.00|0.111765|0.703704|      27|      20
2022-11-16 16:46:37.187 | DEBUG    | localization_association_rule_mining:__call__:394 - |order                         |    0.70|order                                                       |0.070326|   10.00|0.120588|0.144366|      10|       0
2022-11-16 16:46:37.187 | DEBUG    | localization_association_rule_mining:__call__:394 - |train                         |    0.00|train                                                       |0.107817|    0.00|0.117647|0.563380|       0|       0
2022-11-16 16:46:37.187 | DEBUG    | localization_association_rule_mining:__call__:394 - |station                       |    0.00|station                                                     |0.186846|    0.00|0.367647|0.275330|       0|       0
2022-11-16 16:46:37.187 | DEBUG    | localization_association_rule_mining:__call__:394 - |ticketinfo                    |    0.00|ticketinfo                                                  |0.131579|    0.00|0.147059|0.555556|       0|       0
2022-11-16 16:46:37.188 | DEBUG    | localization_association_rule_mining:__call__:394 - |basic                         |    0.00|basic                                                       |0.133676|    0.00|0.152941|0.514851|       0|       0
2022-11-16 16:46:37.188 | DEBUG    | localization_association_rule_mining:__call__:394 - |route                         |    0.00|route                                                       |0.103865|    0.00|0.126471|0.367521|       0|       0
2022-11-16 16:46:37.188 | DEBUG    | localization_association_rule_mining:__call__:394 - |contacts                      |   -1.00|                                                            |0.000000|    0.00|0.000000|0.000000|       0|       0
2022-11-16 16:46:37.188 | DEBUG    | localization_association_rule_mining:__call__:394 - |cancel                        |   -1.00|                                                            |0.000000|    0.00|0.000000|0.000000|       0|       0
2022-11-16 16:46:37.188 | DEBUG    | localization_association_rule_mining:__call__:394 - |travel2                       |   -1.00|                                                            |0.000000|    0.00|0.000000|0.000000|       0|       0
2022-11-16 16:46:37.188 | DEBUG    | localization_association_rule_mining:__call__:394 - |payment                       |   -1.00|                                                            |0.000000|    0.00|0.000000|0.000000|       0|       0
2022-11-16 16:46:37.188 | DEBUG    | localization_association_rule_mining:__call__:394 - |food                          |   -1.00|                                                            |0.000000|    0.00|0.000000|0.000000|       0|       0
2022-11-16 16:46:37.188 | DEBUG    | localization_association_rule_mining:__call__:394 - |auth                          |   -1.00|                                                            |0.000000|    0.00|0.000000|0.000000|       0|       0
2022-11-16 16:46:37.188 | DEBUG    | localization_association_rule_mining:__call__:394 - |security                      |   -1.00|                                                            |0.000000|    0.00|0.000000|0.000000|       0|       0
2022-11-16 16:46:37.188 | DEBUG    | localization_association_rule_mining:__call__:394 - |preserve-other                |   -1.00|                                                            |0.000000|    0.00|0.000000|0.000000|       0|       0
2022-11-16 16:46:37.188 | DEBUG    | localization_association_rule_mining:__call__:394 - |notification                  |   -1.00|                                                            |0.000000|    0.00|0.000000|0.000000|       0|       0
2022-11-16 16:46:37.188 | DEBUG    | localization_association_rule_mining:__call__:394 - |food-map                      |   -1.00|                                                            |0.000000|    0.00|0.000000|0.000000|       0|       0
2022-11-16 16:46:37.188 | DEBUG    | localization_association_rule_mining:__call__:394 - |inside-payment                |   -1.00|                                                            |0.000000|    0.00|0.000000|0.000000|       0|       0
2022-11-16 16:46:37.188 | DEBUG    | localization_association_rule_mining:__call__:394 - |user                          |   -1.00|                                                            |0.000000|    0.00|0.000000|0.000000|       0|       0
2022-11-16 16:46:37.188 | DEBUG    | localization_association_rule_mining:__call__:394 - |ts-ui-dashboard               |   -1.00|                                                            |0.000000|    0.00|0.000000|0.000000|       0|       0
2022-11-16 16:46:37.188 | DEBUG    | localization_association_rule_mining:__call__:394 - |consign                       |   -1.00|                                                            |0.000000|    0.00|0.000000|0.000000|       0|       0
2022-11-16 16:46:37.188 | DEBUG    | localization_association_rule_mining:__call__:394 - |admin-user                    |   -1.00|                                                            |0.000000|    0.00|0.000000|0.000000|       0|       0
2022-11-16 16:46:37.188 | DEBUG    | localization_association_rule_mining:__call__:394 - |route-plan                    |   -1.00|                                                            |0.000000|    0.00|0.000000|0.000000|       0|       0
2022-11-16 16:46:37.189 | DEBUG    | localization_association_rule_mining:__call__:394 - |travel-plan                   |   -1.00|                                                            |0.000000|    0.00|0.000000|0.000000|       0|       0
2022-11-16 16:46:37.189 | DEBUG    | localization_association_rule_mining:__call__:394 - |verification-code             |   -1.00|                                                            |0.000000|    0.00|0.000000|0.000000|       0|       0
2022-11-16 16:46:37.189 | DEBUG    | localization_association_rule_mining:__call__:394 - |price                         |   -1.00|                                                            |0.000000|    0.00|0.000000|0.000000|       0|       0
2022-11-16 16:46:37.189 | DEBUG    | localization_association_rule_mining:__call__:394 - |preserve                      |   -1.00|                                                            |0.000000|    0.00|0.000000|0.000000|       0|       0
