2022-10-31 19:45:31.527 | DEBUG    | localization_association_rule_mining:__call__:388 - |item                          |score   |pattern                                                     |ps      |ips     |p(a|b)  |p(b|a)  |in      |out     
2022-10-31 19:45:31.527 | DEBUG    | localization_association_rule_mining:__call__:392 - |station                       |   74.69|station                                                     |0.475758|  157.00|0.590226|0.710407|     157|       0
2022-10-31 19:45:31.527 | DEBUG    | localization_association_rule_mining:__call__:392 - |route                         |   24.67|route                                                       |0.304511|   81.00|0.304511|1.000000|      81|       0
2022-10-31 19:45:31.527 | DEBUG    | localization_association_rule_mining:__call__:392 - |order                         |   15.34|order                                                       |0.178423|   86.00|0.323308|0.284768|      86|       0
2022-10-31 19:45:31.527 | DEBUG    | localization_association_rule_mining:__call__:392 - |food                          |   12.15|food                                                        |0.270073|   45.00|0.278195|0.902439|      12|      57
2022-10-31 19:45:31.527 | DEBUG    | localization_association_rule_mining:__call__:392 - |order-other                   |   11.41|order-other                                                 |0.223720|   51.00|0.312030|0.441489|      16|      67
2022-10-31 19:45:31.527 | DEBUG    | localization_association_rule_mining:__call__:392 - |food-map                      |   10.17|food-map                                                    |0.195489|   52.00|0.195489|1.000000|      52|       0
2022-10-31 19:45:31.527 | DEBUG    | localization_association_rule_mining:__call__:392 - |train                         |    7.28|train                                                       |0.165414|   44.00|0.165414|1.000000|      44|       0
2022-10-31 19:45:31.528 | DEBUG    | localization_association_rule_mining:__call__:392 - |cancel                        |    6.26|cancel                                                      |0.148936|   42.00|0.157895|0.724138|       0|      42
2022-10-31 19:45:31.528 | DEBUG    | localization_association_rule_mining:__call__:392 - |config                        |    4.09|config                                                      |0.124060|   33.00|0.124060|1.000000|      33|       0
2022-10-31 19:45:31.528 | DEBUG    | localization_association_rule_mining:__call__:392 - |basic                         |    2.79|basic                                                       |0.199248|   14.00|0.199248|1.000000|      37|      51
2022-10-31 19:45:31.528 | DEBUG    | localization_association_rule_mining:__call__:392 - |seat                          |    2.74|seat                                                        |0.195489|   14.00|0.195489|1.000000|      32|      46
2022-10-31 19:45:31.528 | DEBUG    | localization_association_rule_mining:__call__:392 - |auth                          |    2.70|auth                                                        |0.096552|   28.00|0.105263|0.538462|       0|      28
2022-10-31 19:45:31.528 | DEBUG    | localization_association_rule_mining:__call__:392 - |preserve                      |    2.54|preserve                                                    |0.101504|   25.00|0.101504|1.000000|       0|      25
2022-10-31 19:45:31.528 | DEBUG    | localization_association_rule_mining:__call__:392 - |verification-code             |    1.89|verification-code                                           |0.067470|   28.00|0.105263|0.158192|      28|       0
2022-10-31 19:45:31.528 | DEBUG    | localization_association_rule_mining:__call__:392 - |travel                        |    1.65|travel                                                      |0.413534|    4.00|0.413534|1.000000|      78|      82
2022-10-31 19:45:31.528 | DEBUG    | localization_association_rule_mining:__call__:392 - |ticketinfo                    |    1.50|ticketinfo                                                  |0.187970|    8.00|0.187970|1.000000|      45|      37
2022-10-31 19:45:31.528 | DEBUG    | localization_association_rule_mining:__call__:392 - |contacts                      |   -1.00|                                                            |0.000000|    0.00|0.000000|0.000000|       0|       0
2022-10-31 19:45:31.528 | DEBUG    | localization_association_rule_mining:__call__:392 - |ts-ui-dashboard               |   -1.00|                                                            |0.000000|    0.00|0.000000|0.000000|       0|       0
2022-10-31 19:45:31.528 | DEBUG    | localization_association_rule_mining:__call__:392 - |travel-plan                   |   -1.00|                                                            |0.000000|    0.00|0.000000|0.000000|       0|       0
2022-10-31 19:45:31.528 | DEBUG    | localization_association_rule_mining:__call__:392 - |consign                       |   -1.00|                                                            |0.000000|    0.00|0.000000|0.000000|       0|       0
2022-10-31 19:45:31.528 | DEBUG    | localization_association_rule_mining:__call__:392 - |route-plan                    |   -1.00|                                                            |0.000000|    0.00|0.000000|0.000000|       0|       0
2022-10-31 19:45:31.528 | DEBUG    | localization_association_rule_mining:__call__:392 - |security                      |   -1.00|                                                            |0.000000|    0.00|0.000000|0.000000|       0|       0
2022-10-31 19:45:31.528 | DEBUG    | localization_association_rule_mining:__call__:392 - |payment                       |   -1.00|                                                            |0.000000|    0.00|0.000000|0.000000|       0|       0
2022-10-31 19:45:31.528 | DEBUG    | localization_association_rule_mining:__call__:392 - |notification                  |   -1.00|                                                            |0.000000|    0.00|0.000000|0.000000|       0|       0
2022-10-31 19:45:31.529 | DEBUG    | localization_association_rule_mining:__call__:392 - |admin-order                   |   -1.00|                                                            |0.000000|    0.00|0.000000|0.000000|       0|       0
2022-10-31 19:45:31.529 | DEBUG    | localization_association_rule_mining:__call__:392 - |price                         |   -1.00|                                                            |0.000000|    0.00|0.000000|0.000000|       0|       0
2022-10-31 19:45:31.529 | DEBUG    | localization_association_rule_mining:__call__:392 - |inside-payment                |   -1.00|                                                            |0.000000|    0.00|0.000000|0.000000|       0|       0
2022-10-31 19:45:31.529 | DEBUG    | localization_association_rule_mining:__call__:392 - |preserve-other                |   -1.00|                                                            |0.000000|    0.00|0.000000|0.000000|       0|       0
2022-10-31 19:45:31.529 | DEBUG    | localization_association_rule_mining:__call__:392 - |user                          |   -1.00|                                                            |0.000000|    0.00|0.000000|0.000000|       0|       0
2022-10-31 19:45:31.529 | DEBUG    | localization_association_rule_mining:__call__:392 - |assurance                     |   -1.00|                                                            |0.000000|    0.00|0.000000|0.000000|       0|       0
2022-10-31 19:45:31.529 | DEBUG    | localization_association_rule_mining:__call__:392 - |travel2                       |   -1.00|                                                            |0.000000|    0.00|0.000000|0.000000|       0|       0
