2022-10-21 02:17:35.014 | DEBUG    | localization_association_rule_mining:__call__:388 - |item                          |score   |pattern                                                     |ps      |ips     |p(a|b)  |p(b|a)  |in      |out     
2022-10-21 02:17:35.014 | DEBUG    | localization_association_rule_mining:__call__:392 - |route                         |   36.60|route                                                       |0.631068|   58.00|0.677083|0.902778|      58|       0
2022-10-21 02:17:35.014 | DEBUG    | localization_association_rule_mining:__call__:392 - |travel                        |    8.15|travel                                                      |0.740741|   11.00|0.833333|0.869565|      52|      63
2022-10-21 02:17:35.014 | DEBUG    | localization_association_rule_mining:__call__:392 - |food                          |    7.22|food                                                        |0.451327|   16.00|0.531250|0.750000|      34|      18
2022-10-21 02:17:35.014 | DEBUG    | localization_association_rule_mining:__call__:392 - |seat                          |    2.39|seat                                                        |0.398058|    6.00|0.427083|0.854167|      26|      32
2022-10-21 02:17:35.014 | DEBUG    | localization_association_rule_mining:__call__:392 - |ticketinfo                    |    1.49|ticketinfo                                                  |0.495050|    3.00|0.520833|0.909091|      26|      23
2022-10-21 02:17:35.014 | DEBUG    | localization_association_rule_mining:__call__:392 - |basic                         |    0.98|basic                                                       |0.490196|    2.00|0.520833|0.892857|      23|      25
2022-10-21 02:17:35.015 | DEBUG    | localization_association_rule_mining:__call__:392 - |station                       |    0.40|station                                                     |0.395939|    1.00|0.812500|0.435754|       1|       0
2022-10-21 02:17:35.015 | DEBUG    | localization_association_rule_mining:__call__:392 - |preserve                      |    0.18|preserve                                                    |0.178218|    1.00|0.187500|0.782609|       9|      10
2022-10-21 02:17:35.015 | DEBUG    | localization_association_rule_mining:__call__:392 - |price                         |    0.00|price                                                       |0.204082|    0.00|0.208333|0.909091|       0|       0
2022-10-21 02:17:35.015 | DEBUG    | localization_association_rule_mining:__call__:392 - |train                         |    0.00|train                                                       |0.362745|    0.00|0.385417|0.860465|       0|       0
2022-10-21 02:17:35.015 | DEBUG    | localization_association_rule_mining:__call__:392 - |food-map                      |    0.00|food-map                                                    |0.273585|    0.00|0.302083|0.743590|       0|       0
2022-10-21 02:17:35.015 | DEBUG    | localization_association_rule_mining:__call__:392 - |config                        |    0.00|config                                                      |0.257732|    0.00|0.260417|0.961538|       0|       0
2022-10-21 02:17:35.015 | DEBUG    | localization_association_rule_mining:__call__:392 - |security                      |    0.00|security                                                    |0.168317|    0.00|0.177083|0.772727|       0|       0
2022-10-21 02:17:35.015 | DEBUG    | localization_association_rule_mining:__call__:392 - |ts-ui-dashboard               |   -1.00|                                                            |0.000000|    0.00|0.000000|0.000000|       0|       0
2022-10-21 02:17:35.015 | DEBUG    | localization_association_rule_mining:__call__:392 - |cancel                        |   -1.00|                                                            |0.000000|    0.00|0.000000|0.000000|       0|       0
2022-10-21 02:17:35.015 | DEBUG    | localization_association_rule_mining:__call__:392 - |assurance                     |   -1.00|                                                            |0.000000|    0.00|0.000000|0.000000|       0|       0
2022-10-21 02:17:35.015 | DEBUG    | localization_association_rule_mining:__call__:392 - |verification-code             |   -1.00|                                                            |0.000000|    0.00|0.000000|0.000000|       0|       0
2022-10-21 02:17:35.015 | DEBUG    | localization_association_rule_mining:__call__:392 - |auth                          |   -1.00|                                                            |0.000000|    0.00|0.000000|0.000000|       0|       0
2022-10-21 02:17:35.015 | DEBUG    | localization_association_rule_mining:__call__:392 - |route-plan                    |   -1.00|                                                            |0.000000|    0.00|0.000000|0.000000|       0|       0
2022-10-21 02:17:35.015 | DEBUG    | localization_association_rule_mining:__call__:392 - |order-other                   |   -1.00|                                                            |0.000000|    0.00|0.000000|0.000000|       0|       0
2022-10-21 02:17:35.015 | DEBUG    | localization_association_rule_mining:__call__:392 - |consign                       |   -1.00|                                                            |0.000000|    0.00|0.000000|0.000000|       0|       0
2022-10-21 02:17:35.015 | DEBUG    | localization_association_rule_mining:__call__:392 - |travel2                       |   -1.00|                                                            |0.000000|    0.00|0.000000|0.000000|       0|       0
2022-10-21 02:17:35.015 | DEBUG    | localization_association_rule_mining:__call__:392 - |order                         |   -1.00|                                                            |0.000000|    0.00|0.000000|0.000000|       0|       0
2022-10-21 02:17:35.015 | DEBUG    | localization_association_rule_mining:__call__:392 - |contacts                      |   -1.00|                                                            |0.000000|    0.00|0.000000|0.000000|       0|       0
2022-10-21 02:17:35.016 | DEBUG    | localization_association_rule_mining:__call__:392 - |inside-payment                |   -1.00|                                                            |0.000000|    0.00|0.000000|0.000000|       0|       0
2022-10-21 02:17:35.016 | DEBUG    | localization_association_rule_mining:__call__:392 - |payment                       |   -1.00|                                                            |0.000000|    0.00|0.000000|0.000000|       0|       0
2022-10-21 02:17:35.016 | DEBUG    | localization_association_rule_mining:__call__:392 - |notification                  |   -1.00|                                                            |0.000000|    0.00|0.000000|0.000000|       0|       0
2022-10-21 02:17:35.016 | DEBUG    | localization_association_rule_mining:__call__:392 - |travel-plan                   |   -1.00|                                                            |0.000000|    0.00|0.000000|0.000000|       0|       0
2022-10-21 02:17:35.016 | DEBUG    | localization_association_rule_mining:__call__:392 - |user                          |   -1.00|                                                            |0.000000|    0.00|0.000000|0.000000|       0|       0
2022-10-21 02:17:35.016 | DEBUG    | localization_association_rule_mining:__call__:392 - |admin-order                   |   -1.00|                                                            |0.000000|    0.00|0.000000|0.000000|       0|       0
