2022-11-08 18:38:25.622 | DEBUG    | localization_association_rule_mining:__call__:390 - |item                          |score   |pattern                                                     |ps      |ips     |p(a|b)  |p(b|a)  |in      |out     
2022-11-08 18:38:25.622 | DEBUG    | localization_association_rule_mining:__call__:394 - |order-other                   |   18.78|order-other                                                 |0.481481|   39.00|0.481481|1.000000|      39|       0
2022-11-08 18:38:25.622 | DEBUG    | localization_association_rule_mining:__call__:394 - |station                       |    8.05|station                                                     |0.321839|   25.00|0.345679|0.823529|      25|       0
2022-11-08 18:38:25.622 | DEBUG    | localization_association_rule_mining:__call__:394 - |food                          |    3.21|food                                                        |0.188889|   17.00|0.209877|0.653846|       0|      17
2022-11-08 18:38:25.622 | DEBUG    | localization_association_rule_mining:__call__:394 - |preserve                      |    2.27|preserve                                                    |0.283951|    8.00|0.283951|1.000000|      23|      15
2022-11-08 18:38:25.622 | DEBUG    | localization_association_rule_mining:__call__:394 - |order                         |    2.24|order                                                       |0.280000|    8.00|0.345679|0.595745|       0|       8
2022-11-08 18:38:25.622 | DEBUG    | localization_association_rule_mining:__call__:394 - |security                      |    1.90|security                                                    |0.271605|    7.00|0.271605|1.000000|      15|       8
2022-11-08 18:38:25.622 | DEBUG    | localization_association_rule_mining:__call__:394 - |travel                        |    0.40|travel                                                      |0.134831|    3.00|0.148148|0.600000|       3|       0
2022-11-08 18:38:25.622 | DEBUG    | localization_association_rule_mining:__call__:394 - |food-map                      |    0.00|food-map                                                    |0.123457|    0.00|0.123457|1.000000|       0|       0
2022-11-08 18:38:25.622 | DEBUG    | localization_association_rule_mining:__call__:394 - |travel-plan                   |   -1.00|                                                            |0.000000|    0.00|0.000000|0.000000|       0|       0
2022-11-08 18:38:25.623 | DEBUG    | localization_association_rule_mining:__call__:394 - |route-plan                    |   -1.00|                                                            |0.000000|    0.00|0.000000|0.000000|       0|       0
2022-11-08 18:38:25.623 | DEBUG    | localization_association_rule_mining:__call__:394 - |train                         |   -1.00|                                                            |0.000000|    0.00|0.000000|0.000000|       0|       0
2022-11-08 18:38:25.623 | DEBUG    | localization_association_rule_mining:__call__:394 - |consign                       |   -1.00|                                                            |0.000000|    0.00|0.000000|0.000000|       0|       0
2022-11-08 18:38:25.623 | DEBUG    | localization_association_rule_mining:__call__:394 - |price                         |   -1.00|                                                            |0.000000|    0.00|0.000000|0.000000|       0|       0
2022-11-08 18:38:25.623 | DEBUG    | localization_association_rule_mining:__call__:394 - |auth                          |   -1.00|                                                            |0.000000|    0.00|0.000000|0.000000|       0|       0
2022-11-08 18:38:25.623 | DEBUG    | localization_association_rule_mining:__call__:394 - |ts-ui-dashboard               |   -1.00|                                                            |0.000000|    0.00|0.000000|0.000000|       0|       0
2022-11-08 18:38:25.623 | DEBUG    | localization_association_rule_mining:__call__:394 - |travel2                       |   -1.00|                                                            |0.000000|    0.00|0.000000|0.000000|       0|       0
2022-11-08 18:38:25.623 | DEBUG    | localization_association_rule_mining:__call__:394 - |verification-code             |   -1.00|                                                            |0.000000|    0.00|0.000000|0.000000|       0|       0
2022-11-08 18:38:25.623 | DEBUG    | localization_association_rule_mining:__call__:394 - |ticketinfo                    |   -1.00|                                                            |0.000000|    0.00|0.000000|0.000000|       0|       0
2022-11-08 18:38:25.623 | DEBUG    | localization_association_rule_mining:__call__:394 - |assurance                     |   -1.00|                                                            |0.000000|    0.00|0.000000|0.000000|       0|       0
2022-11-08 18:38:25.623 | DEBUG    | localization_association_rule_mining:__call__:394 - |basic                         |   -1.00|                                                            |0.000000|    0.00|0.000000|0.000000|       0|       0
2022-11-08 18:38:25.623 | DEBUG    | localization_association_rule_mining:__call__:394 - |seat                          |   -1.00|                                                            |0.000000|    0.00|0.000000|0.000000|       0|       0
2022-11-08 18:38:25.623 | DEBUG    | localization_association_rule_mining:__call__:394 - |config                        |   -1.00|                                                            |0.000000|    0.00|0.000000|0.000000|       0|       0
2022-11-08 18:38:25.623 | DEBUG    | localization_association_rule_mining:__call__:394 - |contacts                      |   -1.00|                                                            |0.000000|    0.00|0.000000|0.000000|       0|       0
2022-11-08 18:38:25.623 | DEBUG    | localization_association_rule_mining:__call__:394 - |route                         |   -1.00|                                                            |0.000000|    0.00|0.000000|0.000000|       0|       0
