2022-10-31 19:43:53.723 | DEBUG    | localization_association_rule_mining:__call__:388 - |item                          |score   |pattern                                                     |ps      |ips     |p(a|b)  |p(b|a)  |in      |out     
2022-10-31 19:43:53.724 | DEBUG    | localization_association_rule_mining:__call__:392 - |station                       |  112.02|station                                                     |0.476673|  235.00|0.602564|0.695266|     235|       0
2022-10-31 19:43:53.724 | DEBUG    | localization_association_rule_mining:__call__:392 - |route                         |   36.22|route                                                       |0.304348|  119.00|0.305128|0.991667|     119|       0
2022-10-31 19:43:53.724 | DEBUG    | localization_association_rule_mining:__call__:392 - |food                          |   23.98|food                                                        |0.296020|   81.00|0.305128|0.908397|      17|      98
2022-10-31 19:43:53.724 | DEBUG    | localization_association_rule_mining:__call__:392 - |food-map                      |   18.31|food-map                                                    |0.217949|   84.00|0.217949|1.000000|      84|       0
2022-10-31 19:43:53.724 | DEBUG    | localization_association_rule_mining:__call__:392 - |order                         |   16.93|order                                                       |0.151147|  112.00|0.287179|0.241901|     112|       0
2022-10-31 19:43:53.724 | DEBUG    | localization_association_rule_mining:__call__:392 - |order-other                   |   16.08|order-other                                                 |0.247440|   65.00|0.371795|0.425220|      40|     105
2022-10-31 19:43:53.724 | DEBUG    | localization_association_rule_mining:__call__:392 - |train                         |    8.93|train                                                       |0.151282|   59.00|0.151282|1.000000|      59|       0
2022-10-31 19:43:53.724 | DEBUG    | localization_association_rule_mining:__call__:392 - |cancel                        |    8.12|cancel                                                      |0.142500|   57.00|0.146154|0.850746|       0|      57
2022-10-31 19:43:53.724 | DEBUG    | localization_association_rule_mining:__call__:392 - |auth                          |    4.49|auth                                                        |0.104369|   43.00|0.110256|0.661538|       0|      43
2022-10-31 19:43:53.724 | DEBUG    | localization_association_rule_mining:__call__:392 - |config                        |    4.10|config                                                      |0.102564|   40.00|0.102564|1.000000|      40|       0
2022-10-31 19:43:53.724 | DEBUG    | localization_association_rule_mining:__call__:392 - |travel                        |    4.08|travel                                                      |0.407692|   10.00|0.407692|1.000000|     112|     122
2022-10-31 19:43:53.724 | DEBUG    | localization_association_rule_mining:__call__:392 - |price                         |    3.90|price                                                       |0.100000|   39.00|0.100000|1.000000|      39|       0
2022-10-31 19:43:53.724 | DEBUG    | localization_association_rule_mining:__call__:392 - |verification-code             |    3.21|verification-code                                           |0.074653|   43.00|0.110256|0.187773|      43|       0
2022-10-31 19:43:53.724 | DEBUG    | localization_association_rule_mining:__call__:392 - |seat                          |    1.75|seat                                                        |0.158974|   11.00|0.158974|1.000000|      45|      56
2022-10-31 19:43:53.725 | DEBUG    | localization_association_rule_mining:__call__:392 - |basic                         |    0.74|basic                                                       |0.184615|    4.00|0.184615|1.000000|      65|      69
2022-10-31 19:43:53.725 | DEBUG    | localization_association_rule_mining:__call__:392 - |ticketinfo                    |    0.18|ticketinfo                                                  |0.184615|    1.00|0.184615|1.000000|      66|      65
2022-10-31 19:43:53.725 | DEBUG    | localization_association_rule_mining:__call__:392 - |user                          |   -1.00|                                                            |0.000000|    0.00|0.000000|0.000000|       0|       0
2022-10-31 19:43:53.725 | DEBUG    | localization_association_rule_mining:__call__:392 - |preserve                      |   -1.00|                                                            |0.000000|    0.00|0.000000|0.000000|       0|       0
2022-10-31 19:43:53.725 | DEBUG    | localization_association_rule_mining:__call__:392 - |contacts                      |   -1.00|                                                            |0.000000|    0.00|0.000000|0.000000|       0|       0
2022-10-31 19:43:53.725 | DEBUG    | localization_association_rule_mining:__call__:392 - |admin-route                   |   -1.00|                                                            |0.000000|    0.00|0.000000|0.000000|       0|       0
2022-10-31 19:43:53.725 | DEBUG    | localization_association_rule_mining:__call__:392 - |notification                  |   -1.00|                                                            |0.000000|    0.00|0.000000|0.000000|       0|       0
2022-10-31 19:43:53.725 | DEBUG    | localization_association_rule_mining:__call__:392 - |admin-travel                  |   -1.00|                                                            |0.000000|    0.00|0.000000|0.000000|       0|       0
2022-10-31 19:43:53.725 | DEBUG    | localization_association_rule_mining:__call__:392 - |admin-order                   |   -1.00|                                                            |0.000000|    0.00|0.000000|0.000000|       0|       0
2022-10-31 19:43:53.725 | DEBUG    | localization_association_rule_mining:__call__:392 - |ts-ui-dashboard               |   -1.00|                                                            |0.000000|    0.00|0.000000|0.000000|       0|       0
2022-10-31 19:43:53.725 | DEBUG    | localization_association_rule_mining:__call__:392 - |assurance                     |   -1.00|                                                            |0.000000|    0.00|0.000000|0.000000|       0|       0
2022-10-31 19:43:53.725 | DEBUG    | localization_association_rule_mining:__call__:392 - |preserve-other                |   -1.00|                                                            |0.000000|    0.00|0.000000|0.000000|       0|       0
2022-10-31 19:43:53.725 | DEBUG    | localization_association_rule_mining:__call__:392 - |payment                       |   -1.00|                                                            |0.000000|    0.00|0.000000|0.000000|       0|       0
2022-10-31 19:43:53.725 | DEBUG    | localization_association_rule_mining:__call__:392 - |consign                       |   -1.00|                                                            |0.000000|    0.00|0.000000|0.000000|       0|       0
2022-10-31 19:43:53.725 | DEBUG    | localization_association_rule_mining:__call__:392 - |security                      |   -1.00|                                                            |0.000000|    0.00|0.000000|0.000000|       0|       0
2022-10-31 19:43:53.725 | DEBUG    | localization_association_rule_mining:__call__:392 - |travel2                       |   -1.00|                                                            |0.000000|    0.00|0.000000|0.000000|       0|       0
2022-10-31 19:43:53.725 | DEBUG    | localization_association_rule_mining:__call__:392 - |route-plan                    |   -1.00|                                                            |0.000000|    0.00|0.000000|0.000000|       0|       0
2022-10-31 19:43:53.725 | DEBUG    | localization_association_rule_mining:__call__:392 - |inside-payment                |   -1.00|                                                            |0.000000|    0.00|0.000000|0.000000|       0|       0
2022-10-31 19:43:53.725 | DEBUG    | localization_association_rule_mining:__call__:392 - |travel-plan                   |   -1.00|                                                            |0.000000|    0.00|0.000000|0.000000|       0|       0
