2022-10-31 19:46:15.760 | DEBUG    | localization_association_rule_mining:__call__:388 - |item                          |score   |pattern                                                     |ps      |ips     |p(a|b)  |p(b|a)  |in      |out     
2022-10-31 19:46:15.761 | DEBUG    | localization_association_rule_mining:__call__:392 - |station                       |  121.90|station                                                     |0.539379|  226.00|0.662757|0.743421|     226|       0
2022-10-31 19:46:15.761 | DEBUG    | localization_association_rule_mining:__call__:392 - |route                         |   41.53|route                                                       |0.348974|  119.00|0.348974|1.000000|     119|       0
2022-10-31 19:46:15.761 | DEBUG    | localization_association_rule_mining:__call__:392 - |order                         |   20.95|order                                                       |0.188776|  111.00|0.325513|0.310056|     111|       0
2022-10-31 19:46:15.761 | DEBUG    | localization_association_rule_mining:__call__:392 - |train                         |   16.94|train                                                       |0.222874|   76.00|0.222874|1.000000|      76|       0
2022-10-31 19:46:15.761 | DEBUG    | localization_association_rule_mining:__call__:392 - |food                          |   15.47|food                                                        |0.281337|   55.00|0.296188|0.848739|      21|      76
2022-10-31 19:46:15.761 | DEBUG    | localization_association_rule_mining:__call__:392 - |food-map                      |   11.27|food-map                                                    |0.181818|   62.00|0.181818|1.000000|      62|       0
2022-10-31 19:46:15.761 | DEBUG    | localization_association_rule_mining:__call__:392 - |order-other                   |    9.91|order-other                                                 |0.247845|   40.00|0.337243|0.483193|      37|      77
2022-10-31 19:46:15.761 | DEBUG    | localization_association_rule_mining:__call__:392 - |config                        |    6.21|config                                                      |0.134897|   46.00|0.134897|1.000000|      46|       0
2022-10-31 19:46:15.761 | DEBUG    | localization_association_rule_mining:__call__:392 - |price                         |    6.21|price                                                       |0.134897|   46.00|0.134897|1.000000|      46|       0
2022-10-31 19:46:15.761 | DEBUG    | localization_association_rule_mining:__call__:392 - |preserve                      |    5.16|preserve                                                    |0.129032|   40.00|0.129032|1.000000|       0|      40
2022-10-31 19:46:15.761 | DEBUG    | localization_association_rule_mining:__call__:392 - |travel                        |    4.97|travel                                                      |0.451613|   11.00|0.451613|1.000000|     115|     126
2022-10-31 19:46:15.761 | DEBUG    | localization_association_rule_mining:__call__:392 - |cancel                        |    4.49|cancel                                                      |0.112360|   40.00|0.117302|0.727273|       0|      40
2022-10-31 19:46:15.761 | DEBUG    | localization_association_rule_mining:__call__:392 - |auth                          |    3.58|auth                                                        |0.099448|   36.00|0.105572|0.631579|       0|      36
2022-10-31 19:46:15.762 | DEBUG    | localization_association_rule_mining:__call__:392 - |ticketinfo                    |    3.06|ticketinfo                                                  |0.278592|   11.00|0.278592|1.000000|      77|      88
2022-10-31 19:46:15.762 | DEBUG    | localization_association_rule_mining:__call__:392 - |user                          |    3.02|user                                                        |0.116279|   26.00|0.117302|0.930233|      26|       0
2022-10-31 19:46:15.762 | DEBUG    | localization_association_rule_mining:__call__:392 - |verification-code             |    2.58|verification-code                                           |0.071713|   36.00|0.105572|0.182741|      36|       0
2022-10-31 19:46:15.762 | DEBUG    | localization_association_rule_mining:__call__:392 - |seat                          |    2.58|seat                                                        |0.234604|   11.00|0.234604|1.000000|      56|      67
2022-10-31 19:46:15.762 | DEBUG    | localization_association_rule_mining:__call__:392 - |basic                         |    1.99|basic                                                       |0.284457|    7.00|0.284457|1.000000|      88|      95
2022-10-31 19:46:15.762 | DEBUG    | localization_association_rule_mining:__call__:392 - |notification                  |    0.00|notification                                                |0.125731|    0.00|0.126100|0.977273|       0|       0
2022-10-31 19:46:15.762 | DEBUG    | localization_association_rule_mining:__call__:392 - |admin-order                   |   -1.00|                                                            |0.000000|    0.00|0.000000|0.000000|       0|       0
2022-10-31 19:46:15.762 | DEBUG    | localization_association_rule_mining:__call__:392 - |admin-user                    |   -1.00|                                                            |0.000000|    0.00|0.000000|0.000000|       0|       0
2022-10-31 19:46:15.762 | DEBUG    | localization_association_rule_mining:__call__:392 - |travel-plan                   |   -1.00|                                                            |0.000000|    0.00|0.000000|0.000000|       0|       0
2022-10-31 19:46:15.762 | DEBUG    | localization_association_rule_mining:__call__:392 - |travel2                       |   -1.00|                                                            |0.000000|    0.00|0.000000|0.000000|       0|       0
2022-10-31 19:46:15.762 | DEBUG    | localization_association_rule_mining:__call__:392 - |inside-payment                |   -1.00|                                                            |0.000000|    0.00|0.000000|0.000000|       0|       0
2022-10-31 19:46:15.762 | DEBUG    | localization_association_rule_mining:__call__:392 - |preserve-other                |   -1.00|                                                            |0.000000|    0.00|0.000000|0.000000|       0|       0
2022-10-31 19:46:15.762 | DEBUG    | localization_association_rule_mining:__call__:392 - |consign                       |   -1.00|                                                            |0.000000|    0.00|0.000000|0.000000|       0|       0
2022-10-31 19:46:15.762 | DEBUG    | localization_association_rule_mining:__call__:392 - |route-plan                    |   -1.00|                                                            |0.000000|    0.00|0.000000|0.000000|       0|       0
2022-10-31 19:46:15.762 | DEBUG    | localization_association_rule_mining:__call__:392 - |security                      |   -1.00|                                                            |0.000000|    0.00|0.000000|0.000000|       0|       0
2022-10-31 19:46:15.762 | DEBUG    | localization_association_rule_mining:__call__:392 - |admin-travel                  |   -1.00|                                                            |0.000000|    0.00|0.000000|0.000000|       0|       0
2022-10-31 19:46:15.762 | DEBUG    | localization_association_rule_mining:__call__:392 - |ts-ui-dashboard               |   -1.00|                                                            |0.000000|    0.00|0.000000|0.000000|       0|       0
2022-10-31 19:46:15.763 | DEBUG    | localization_association_rule_mining:__call__:392 - |payment                       |   -1.00|                                                            |0.000000|    0.00|0.000000|0.000000|       0|       0
2022-10-31 19:46:15.763 | DEBUG    | localization_association_rule_mining:__call__:392 - |assurance                     |   -1.00|                                                            |0.000000|    0.00|0.000000|0.000000|       0|       0
2022-10-31 19:46:15.763 | DEBUG    | localization_association_rule_mining:__call__:392 - |contacts                      |   -1.00|                                                            |0.000000|    0.00|0.000000|0.000000|       0|       0
