2022-10-31 19:43:51.131 | DEBUG    | localization_association_rule_mining:__call__:388 - |item                          |score   |pattern                                                     |ps      |ips     |p(a|b)  |p(b|a)  |in      |out     
2022-10-31 19:43:51.131 | DEBUG    | localization_association_rule_mining:__call__:392 - |station                       |  193.29|station                                                     |0.544479|  355.00|0.648995|0.771739|     355|       0
2022-10-31 19:43:51.132 | DEBUG    | localization_association_rule_mining:__call__:392 - |route                         |   68.45|route                                                       |0.356490|  192.00|0.356490|1.000000|     192|       0
2022-10-31 19:43:51.132 | DEBUG    | localization_association_rule_mining:__call__:392 - |order                         |   39.95|order                                                       |0.215935|  185.00|0.341865|0.369565|     185|       0
2022-10-31 19:43:51.132 | DEBUG    | localization_association_rule_mining:__call__:392 - |train                         |   28.56|train                                                       |0.228519|  125.00|0.228519|1.000000|     125|       0
2022-10-31 19:43:51.132 | DEBUG    | localization_association_rule_mining:__call__:392 - |food                          |   17.15|food                                                        |0.252174|   68.00|0.265082|0.838150|      35|     103
2022-10-31 19:43:51.132 | DEBUG    | localization_association_rule_mining:__call__:392 - |seat                          |   16.67|seat                                                        |0.292505|   57.00|0.292505|1.000000|      87|     144
2022-10-31 19:43:51.132 | DEBUG    | localization_association_rule_mining:__call__:392 - |travel                        |   16.52|travel                                                      |0.458867|   36.00|0.458867|1.000000|     169|     205
2022-10-31 19:43:51.132 | DEBUG    | localization_association_rule_mining:__call__:392 - |basic                         |   14.70|basic                                                       |0.341865|   43.00|0.341865|1.000000|     137|     180
2022-10-31 19:43:51.132 | DEBUG    | localization_association_rule_mining:__call__:392 - |config                        |   13.52|config                                                      |0.157221|   86.00|0.157221|1.000000|      86|       0
2022-10-31 19:43:51.132 | DEBUG    | localization_association_rule_mining:__call__:392 - |food-map                      |   11.12|food-map                                                    |0.142596|   78.00|0.142596|1.000000|      78|       0
2022-10-31 19:43:51.132 | DEBUG    | localization_association_rule_mining:__call__:392 - |order-other                   |   10.96|order-other                                                 |0.254848|   43.00|0.336380|0.512535|      69|     112
2022-10-31 19:43:51.132 | DEBUG    | localization_association_rule_mining:__call__:392 - |preserve                      |    9.06|preserve                                                    |0.135283|   67.00|0.135283|1.000000|       0|      67
2022-10-31 19:43:51.132 | DEBUG    | localization_association_rule_mining:__call__:392 - |price                         |    8.45|price                                                       |0.126143|   67.00|0.126143|1.000000|      67|       0
2022-10-31 19:43:51.133 | DEBUG    | localization_association_rule_mining:__call__:392 - |cancel                        |    6.60|cancel                                                      |0.108156|   61.00|0.111517|0.782051|       0|      61
2022-10-31 19:43:51.133 | DEBUG    | localization_association_rule_mining:__call__:392 - |security                      |    3.86|security                                                    |0.120658|   32.00|0.120658|1.000000|      22|      54
2022-10-31 19:43:51.133 | DEBUG    | localization_association_rule_mining:__call__:392 - |travel2                       |    1.54|travel2                                                     |0.118830|   13.00|0.118830|1.000000|      42|      55
2022-10-31 19:43:51.133 | DEBUG    | localization_association_rule_mining:__call__:392 - |ticketinfo                    |    0.31|ticketinfo                                                  |0.305302|    1.00|0.305302|1.000000|     136|     137
2022-10-31 19:43:51.133 | DEBUG    | localization_association_rule_mining:__call__:392 - |contacts                      |   -1.00|                                                            |0.000000|    0.00|0.000000|0.000000|       0|       0
2022-10-31 19:43:51.133 | DEBUG    | localization_association_rule_mining:__call__:392 - |ts-ui-dashboard               |   -1.00|                                                            |0.000000|    0.00|0.000000|0.000000|       0|       0
2022-10-31 19:43:51.133 | DEBUG    | localization_association_rule_mining:__call__:392 - |travel-plan                   |   -1.00|                                                            |0.000000|    0.00|0.000000|0.000000|       0|       0
2022-10-31 19:43:51.133 | DEBUG    | localization_association_rule_mining:__call__:392 - |inside-payment                |   -1.00|                                                            |0.000000|    0.00|0.000000|0.000000|       0|       0
2022-10-31 19:43:51.133 | DEBUG    | localization_association_rule_mining:__call__:392 - |assurance                     |   -1.00|                                                            |0.000000|    0.00|0.000000|0.000000|       0|       0
2022-10-31 19:43:51.133 | DEBUG    | localization_association_rule_mining:__call__:392 - |user                          |   -1.00|                                                            |0.000000|    0.00|0.000000|0.000000|       0|       0
2022-10-31 19:43:51.133 | DEBUG    | localization_association_rule_mining:__call__:392 - |verification-code             |   -1.00|                                                            |0.000000|    0.00|0.000000|0.000000|       0|       0
2022-10-31 19:43:51.133 | DEBUG    | localization_association_rule_mining:__call__:392 - |notification                  |   -1.00|                                                            |0.000000|    0.00|0.000000|0.000000|       0|       0
2022-10-31 19:43:51.133 | DEBUG    | localization_association_rule_mining:__call__:392 - |consign                       |   -1.00|                                                            |0.000000|    0.00|0.000000|0.000000|       0|       0
2022-10-31 19:43:51.133 | DEBUG    | localization_association_rule_mining:__call__:392 - |route-plan                    |   -1.00|                                                            |0.000000|    0.00|0.000000|0.000000|       0|       0
2022-10-31 19:43:51.133 | DEBUG    | localization_association_rule_mining:__call__:392 - |preserve-other                |   -1.00|                                                            |0.000000|    0.00|0.000000|0.000000|       0|       0
2022-10-31 19:43:51.133 | DEBUG    | localization_association_rule_mining:__call__:392 - |payment                       |   -1.00|                                                            |0.000000|    0.00|0.000000|0.000000|       0|       0
2022-10-31 19:43:51.133 | DEBUG    | localization_association_rule_mining:__call__:392 - |admin-order                   |   -1.00|                                                            |0.000000|    0.00|0.000000|0.000000|       0|       0
2022-10-31 19:43:51.133 | DEBUG    | localization_association_rule_mining:__call__:392 - |auth                          |   -1.00|                                                            |0.000000|    0.00|0.000000|0.000000|       0|       0
