2022-10-31 19:47:22.234 | DEBUG    | localization_association_rule_mining:__call__:388 - |item                          |score   |pattern                                                     |ps      |ips     |p(a|b)  |p(b|a)  |in      |out     
2022-10-31 19:47:22.234 | DEBUG    | localization_association_rule_mining:__call__:392 - |station                       |   37.39|station                                                     |0.575221|   65.00|0.637255|0.855263|      65|       0
2022-10-31 19:47:22.235 | DEBUG    | localization_association_rule_mining:__call__:392 - |route                         |   18.98|route                                                       |0.431373|   44.00|0.431373|1.000000|      44|       0
2022-10-31 19:47:22.235 | DEBUG    | localization_association_rule_mining:__call__:392 - |auth                          |    9.85|auth                                                        |0.307692|   32.00|0.313725|0.941176|       0|      32
2022-10-31 19:47:22.235 | DEBUG    | localization_association_rule_mining:__call__:392 - |food                          |    8.92|food                                                        |0.343137|   26.00|0.343137|1.000000|       4|      30
2022-10-31 19:47:22.235 | DEBUG    | localization_association_rule_mining:__call__:392 - |food-map                      |    8.25|food-map                                                    |0.284314|   29.00|0.284314|1.000000|      29|       0
2022-10-31 19:47:22.235 | DEBUG    | localization_association_rule_mining:__call__:392 - |verification-code             |    4.20|verification-code                                           |0.131148|   32.00|0.313725|0.183908|      32|       0
2022-10-31 19:47:22.235 | DEBUG    | localization_association_rule_mining:__call__:392 - |order                         |    3.36|order                                                       |0.168067|   20.00|0.196078|0.540541|      20|       0
2022-10-31 19:47:22.235 | DEBUG    | localization_association_rule_mining:__call__:392 - |config                        |    2.83|config                                                      |0.166667|   17.00|0.166667|1.000000|      17|       0
2022-10-31 19:47:22.235 | DEBUG    | localization_association_rule_mining:__call__:392 - |train                         |    2.83|train                                                       |0.166667|   17.00|0.166667|1.000000|      17|       0
2022-10-31 19:47:22.235 | DEBUG    | localization_association_rule_mining:__call__:392 - |order-other                   |    2.52|order-other                                                 |0.252427|   10.00|0.254902|0.962963|       8|      18
2022-10-31 19:47:22.235 | DEBUG    | localization_association_rule_mining:__call__:392 - |price                         |    1.92|price                                                       |0.137255|   14.00|0.137255|1.000000|      14|       0
2022-10-31 19:47:22.235 | DEBUG    | localization_association_rule_mining:__call__:392 - |basic                         |    0.19|basic                                                       |0.186275|    1.00|0.186275|1.000000|      19|      18
2022-10-31 19:47:22.235 | DEBUG    | localization_association_rule_mining:__call__:392 - |seat                          |    0.18|seat                                                        |0.176471|    1.00|0.176471|1.000000|      17|      18
2022-10-31 19:47:22.235 | DEBUG    | localization_association_rule_mining:__call__:392 - |ticketinfo                    |    0.00|ticketinfo                                                  |0.186275|    0.00|0.186275|1.000000|      19|      19
2022-10-31 19:47:22.235 | DEBUG    | localization_association_rule_mining:__call__:392 - |travel                        |    0.00|travel                                                      |0.470588|    0.00|0.470588|1.000000|      45|      45
2022-10-31 19:47:22.235 | DEBUG    | localization_association_rule_mining:__call__:392 - |user                          |   -1.00|                                                            |0.000000|    0.00|0.000000|0.000000|       0|       0
2022-10-31 19:47:22.235 | DEBUG    | localization_association_rule_mining:__call__:392 - |travel2                       |   -1.00|                                                            |0.000000|    0.00|0.000000|0.000000|       0|       0
2022-10-31 19:47:22.235 | DEBUG    | localization_association_rule_mining:__call__:392 - |security                      |   -1.00|                                                            |0.000000|    0.00|0.000000|0.000000|       0|       0
2022-10-31 19:47:22.236 | DEBUG    | localization_association_rule_mining:__call__:392 - |notification                  |   -1.00|                                                            |0.000000|    0.00|0.000000|0.000000|       0|       0
2022-10-31 19:47:22.236 | DEBUG    | localization_association_rule_mining:__call__:392 - |assurance                     |   -1.00|                                                            |0.000000|    0.00|0.000000|0.000000|       0|       0
2022-10-31 19:47:22.236 | DEBUG    | localization_association_rule_mining:__call__:392 - |route-plan                    |   -1.00|                                                            |0.000000|    0.00|0.000000|0.000000|       0|       0
2022-10-31 19:47:22.236 | DEBUG    | localization_association_rule_mining:__call__:392 - |travel-plan                   |   -1.00|                                                            |0.000000|    0.00|0.000000|0.000000|       0|       0
2022-10-31 19:47:22.236 | DEBUG    | localization_association_rule_mining:__call__:392 - |consign                       |   -1.00|                                                            |0.000000|    0.00|0.000000|0.000000|       0|       0
2022-10-31 19:47:22.236 | DEBUG    | localization_association_rule_mining:__call__:392 - |ts-ui-dashboard               |   -1.00|                                                            |0.000000|    0.00|0.000000|0.000000|       0|       0
2022-10-31 19:47:22.236 | DEBUG    | localization_association_rule_mining:__call__:392 - |preserve                      |   -1.00|                                                            |0.000000|    0.00|0.000000|0.000000|       0|       0
2022-10-31 19:47:22.236 | DEBUG    | localization_association_rule_mining:__call__:392 - |contacts                      |   -1.00|                                                            |0.000000|    0.00|0.000000|0.000000|       0|       0
