2022-10-31 19:47:27.289 | DEBUG    | localization_association_rule_mining:__call__:388 - |item                          |score   |pattern                                                     |ps      |ips     |p(a|b)  |p(b|a)  |in      |out     
2022-10-31 19:47:27.289 | DEBUG    | localization_association_rule_mining:__call__:392 - |station                       |   51.76|station                                                     |0.507463|  102.00|0.586207|0.790698|     102|       0
2022-10-31 19:47:27.290 | DEBUG    | localization_association_rule_mining:__call__:392 - |route                         |   37.24|route                                                       |0.465517|   80.00|0.465517|1.000000|      80|       0
2022-10-31 19:47:27.290 | DEBUG    | localization_association_rule_mining:__call__:392 - |food                          |   16.41|food                                                        |0.381720|   43.00|0.408046|0.855422|      13|      56
2022-10-31 19:47:27.290 | DEBUG    | localization_association_rule_mining:__call__:392 - |food-map                      |   12.70|food-map                                                    |0.270115|   47.00|0.270115|1.000000|      47|       0
2022-10-31 19:47:27.290 | DEBUG    | localization_association_rule_mining:__call__:392 - |travel                        |    9.93|travel                                                      |0.551724|   18.00|0.551724|1.000000|      61|      79
2022-10-31 19:47:27.290 | DEBUG    | localization_association_rule_mining:__call__:392 - |auth                          |    7.40|auth                                                        |0.200000|   37.00|0.212644|0.770833|       0|      37
2022-10-31 19:47:27.290 | DEBUG    | localization_association_rule_mining:__call__:392 - |train                         |    5.17|train                                                       |0.172414|   30.00|0.172414|1.000000|      30|       0
2022-10-31 19:47:27.290 | DEBUG    | localization_association_rule_mining:__call__:392 - |order                         |    4.49|order                                                       |0.140351|   32.00|0.183908|0.372093|      32|       0
2022-10-31 19:47:27.290 | DEBUG    | localization_association_rule_mining:__call__:392 - |verification-code             |    3.98|verification-code                                           |0.107558|   37.00|0.212644|0.178744|      37|       0
2022-10-31 19:47:27.290 | DEBUG    | localization_association_rule_mining:__call__:392 - |price                         |    3.31|price                                                       |0.137931|   24.00|0.137931|1.000000|      24|       0
2022-10-31 19:47:27.290 | DEBUG    | localization_association_rule_mining:__call__:392 - |order-other                   |    2.51|order-other                                                 |0.251256|   10.00|0.287356|0.666667|      20|      30
2022-10-31 19:47:27.290 | DEBUG    | localization_association_rule_mining:__call__:392 - |config                        |    2.07|config                                                      |0.109195|   19.00|0.109195|1.000000|      19|       0
2022-10-31 19:47:27.290 | DEBUG    | localization_association_rule_mining:__call__:392 - |ticketinfo                    |    1.70|ticketinfo                                                  |0.212644|    8.00|0.212644|1.000000|      36|      28
2022-10-31 19:47:27.290 | DEBUG    | localization_association_rule_mining:__call__:392 - |security                      |    1.38|security                                                    |0.114943|   12.00|0.114943|1.000000|       6|      18
2022-10-31 19:47:27.290 | DEBUG    | localization_association_rule_mining:__call__:392 - |basic                         |    0.53|basic                                                       |0.178161|    3.00|0.178161|1.000000|      28|      31
2022-10-31 19:47:27.290 | DEBUG    | localization_association_rule_mining:__call__:392 - |seat                          |    0.38|seat                                                        |0.189655|    2.00|0.189655|1.000000|      26|      28
2022-10-31 19:47:27.290 | DEBUG    | localization_association_rule_mining:__call__:392 - |payment                       |   -1.00|                                                            |0.000000|    0.00|0.000000|0.000000|       0|       0
2022-10-31 19:47:27.291 | DEBUG    | localization_association_rule_mining:__call__:392 - |preserve-other                |   -1.00|                                                            |0.000000|    0.00|0.000000|0.000000|       0|       0
2022-10-31 19:47:27.291 | DEBUG    | localization_association_rule_mining:__call__:392 - |route-plan                    |   -1.00|                                                            |0.000000|    0.00|0.000000|0.000000|       0|       0
2022-10-31 19:47:27.291 | DEBUG    | localization_association_rule_mining:__call__:392 - |user                          |   -1.00|                                                            |0.000000|    0.00|0.000000|0.000000|       0|       0
2022-10-31 19:47:27.291 | DEBUG    | localization_association_rule_mining:__call__:392 - |assurance                     |   -1.00|                                                            |0.000000|    0.00|0.000000|0.000000|       0|       0
2022-10-31 19:47:27.291 | DEBUG    | localization_association_rule_mining:__call__:392 - |contacts                      |   -1.00|                                                            |0.000000|    0.00|0.000000|0.000000|       0|       0
2022-10-31 19:47:27.291 | DEBUG    | localization_association_rule_mining:__call__:392 - |travel-plan                   |   -1.00|                                                            |0.000000|    0.00|0.000000|0.000000|       0|       0
2022-10-31 19:47:27.291 | DEBUG    | localization_association_rule_mining:__call__:392 - |ts-ui-dashboard               |   -1.00|                                                            |0.000000|    0.00|0.000000|0.000000|       0|       0
2022-10-31 19:47:27.291 | DEBUG    | localization_association_rule_mining:__call__:392 - |inside-payment                |   -1.00|                                                            |0.000000|    0.00|0.000000|0.000000|       0|       0
2022-10-31 19:47:27.291 | DEBUG    | localization_association_rule_mining:__call__:392 - |notification                  |   -1.00|                                                            |0.000000|    0.00|0.000000|0.000000|       0|       0
2022-10-31 19:47:27.291 | DEBUG    | localization_association_rule_mining:__call__:392 - |consign                       |   -1.00|                                                            |0.000000|    0.00|0.000000|0.000000|       0|       0
2022-10-31 19:47:27.291 | DEBUG    | localization_association_rule_mining:__call__:392 - |travel2                       |   -1.00|                                                            |0.000000|    0.00|0.000000|0.000000|       0|       0
2022-10-31 19:47:27.291 | DEBUG    | localization_association_rule_mining:__call__:392 - |preserve                      |   -1.00|                                                            |0.000000|    0.00|0.000000|0.000000|       0|       0
