2022-10-31 19:50:24.940 | DEBUG    | localization_association_rule_mining:__call__:388 - |item                          |score   |pattern                                                     |ps      |ips     |p(a|b)  |p(b|a)  |in      |out     
2022-10-31 19:50:24.940 | DEBUG    | localization_association_rule_mining:__call__:392 - |station                       |  180.30|station                                                     |0.521084|  346.00|0.634862|0.744086|     346|       0
2022-10-31 19:50:24.940 | DEBUG    | localization_association_rule_mining:__call__:392 - |route                         |   47.56|route                                                       |0.297248|  160.00|0.297248|1.000000|     160|       0
2022-10-31 19:50:24.941 | DEBUG    | localization_association_rule_mining:__call__:392 - |order                         |   33.13|order                                                       |0.192609|  172.00|0.315596|0.330769|     172|       0
2022-10-31 19:50:24.941 | DEBUG    | localization_association_rule_mining:__call__:392 - |train                         |   23.43|train                                                       |0.207339|  113.00|0.207339|1.000000|     113|       0
2022-10-31 19:50:24.941 | DEBUG    | localization_association_rule_mining:__call__:392 - |food                          |   21.63|food                                                        |0.273852|   79.00|0.284404|0.880682|      35|     114
2022-10-31 19:50:24.941 | DEBUG    | localization_association_rule_mining:__call__:392 - |order-other                   |   17.50|order-other                                                 |0.246439|   71.00|0.317431|0.524242|      51|     122
2022-10-31 19:50:24.941 | DEBUG    | localization_association_rule_mining:__call__:392 - |food-map                      |   12.34|food-map                                                    |0.152294|   81.00|0.152294|1.000000|      81|       0
2022-10-31 19:50:24.941 | DEBUG    | localization_association_rule_mining:__call__:392 - |basic                         |   11.88|basic                                                       |0.304587|   39.00|0.304587|1.000000|     120|     159
2022-10-31 19:50:24.941 | DEBUG    | localization_association_rule_mining:__call__:392 - |cancel                        |    9.85|cancel                                                      |0.131349|   75.00|0.137615|0.742574|       0|      75
2022-10-31 19:50:24.941 | DEBUG    | localization_association_rule_mining:__call__:392 - |travel                        |    8.22|travel                                                      |0.411009|   20.00|0.411009|1.000000|     149|     169
2022-10-31 19:50:24.941 | DEBUG    | localization_association_rule_mining:__call__:392 - |seat                          |    7.49|seat                                                        |0.249541|   30.00|0.249541|1.000000|      79|     109
2022-10-31 19:50:24.941 | DEBUG    | localization_association_rule_mining:__call__:392 - |config                        |    6.17|config                                                      |0.106422|   58.00|0.106422|1.000000|      58|       0
2022-10-31 19:50:24.941 | DEBUG    | localization_association_rule_mining:__call__:392 - |preserve                      |    5.92|preserve                                                    |0.113761|   52.00|0.113761|1.000000|       0|      52
2022-10-31 19:50:24.941 | DEBUG    | localization_association_rule_mining:__call__:392 - |user                          |    3.36|user                                                        |0.101818|   33.00|0.102752|0.918033|      33|       0
2022-10-31 19:50:24.941 | DEBUG    | localization_association_rule_mining:__call__:392 - |ticketinfo                    |    0.55|ticketinfo                                                  |0.275229|    2.00|0.275229|1.000000|     122|     120
2022-10-31 19:50:24.941 | DEBUG    | localization_association_rule_mining:__call__:392 - |inside-payment                |   -1.00|                                                            |0.000000|    0.00|0.000000|0.000000|       0|       0
2022-10-31 19:50:24.942 | DEBUG    | localization_association_rule_mining:__call__:392 - |travel-plan                   |   -1.00|                                                            |0.000000|    0.00|0.000000|0.000000|       0|       0
2022-10-31 19:50:24.942 | DEBUG    | localization_association_rule_mining:__call__:392 - |travel2                       |   -1.00|                                                            |0.000000|    0.00|0.000000|0.000000|       0|       0
2022-10-31 19:50:24.942 | DEBUG    | localization_association_rule_mining:__call__:392 - |admin-user                    |   -1.00|                                                            |0.000000|    0.00|0.000000|0.000000|       0|       0
2022-10-31 19:50:24.942 | DEBUG    | localization_association_rule_mining:__call__:392 - |security                      |   -1.00|                                                            |0.000000|    0.00|0.000000|0.000000|       0|       0
2022-10-31 19:50:24.942 | DEBUG    | localization_association_rule_mining:__call__:392 - |preserve-other                |   -1.00|                                                            |0.000000|    0.00|0.000000|0.000000|       0|       0
2022-10-31 19:50:24.942 | DEBUG    | localization_association_rule_mining:__call__:392 - |payment                       |   -1.00|                                                            |0.000000|    0.00|0.000000|0.000000|       0|       0
2022-10-31 19:50:24.942 | DEBUG    | localization_association_rule_mining:__call__:392 - |route-plan                    |   -1.00|                                                            |0.000000|    0.00|0.000000|0.000000|       0|       0
2022-10-31 19:50:24.942 | DEBUG    | localization_association_rule_mining:__call__:392 - |verification-code             |   -1.00|                                                            |0.000000|    0.00|0.000000|0.000000|       0|       0
2022-10-31 19:50:24.942 | DEBUG    | localization_association_rule_mining:__call__:392 - |consign                       |   -1.00|                                                            |0.000000|    0.00|0.000000|0.000000|       0|       0
2022-10-31 19:50:24.942 | DEBUG    | localization_association_rule_mining:__call__:392 - |assurance                     |   -1.00|                                                            |0.000000|    0.00|0.000000|0.000000|       0|       0
2022-10-31 19:50:24.942 | DEBUG    | localization_association_rule_mining:__call__:392 - |notification                  |   -1.00|                                                            |0.000000|    0.00|0.000000|0.000000|       0|       0
2022-10-31 19:50:24.942 | DEBUG    | localization_association_rule_mining:__call__:392 - |contacts                      |   -1.00|                                                            |0.000000|    0.00|0.000000|0.000000|       0|       0
2022-10-31 19:50:24.942 | DEBUG    | localization_association_rule_mining:__call__:392 - |admin-order                   |   -1.00|                                                            |0.000000|    0.00|0.000000|0.000000|       0|       0
2022-10-31 19:50:24.942 | DEBUG    | localization_association_rule_mining:__call__:392 - |ts-ui-dashboard               |   -1.00|                                                            |0.000000|    0.00|0.000000|0.000000|       0|       0
2022-10-31 19:50:24.942 | DEBUG    | localization_association_rule_mining:__call__:392 - |price                         |   -1.00|                                                            |0.000000|    0.00|0.000000|0.000000|       0|       0
2022-10-31 19:50:24.942 | DEBUG    | localization_association_rule_mining:__call__:392 - |auth                          |   -1.00|                                                            |0.000000|    0.00|0.000000|0.000000|       0|       0
