2022-11-16 15:26:39.476 | DEBUG    | localization_association_rule_mining:__call__:390 - |item                          |score   |pattern                                                     |ps      |ips     |p(a|b)  |p(b|a)  |in      |out     
2022-11-16 15:26:39.476 | DEBUG    | localization_association_rule_mining:__call__:394 - |ts-ui-dashboard               |    7.95|ts-ui-dashboard                                             |0.189189|   42.00|0.400000|0.264151|      42|       0
2022-11-16 15:26:39.476 | DEBUG    | localization_association_rule_mining:__call__:394 - |inside-payment                |    6.94|inside-payment                                              |0.257143|   27.00|0.257143|1.000000|      27|       0
2022-11-16 15:26:39.476 | DEBUG    | localization_association_rule_mining:__call__:394 - |food                          |    2.74|food                                                        |0.171053|   16.00|0.247619|0.356164|      24|       8
2022-11-16 15:26:39.476 | DEBUG    | localization_association_rule_mining:__call__:394 - |food-map                      |    1.04|food-map                                                    |0.130081|    8.00|0.152381|0.470588|       8|       0
2022-11-16 15:26:39.476 | DEBUG    | localization_association_rule_mining:__call__:394 - |station                       |    0.34|station                                                     |0.067460|    5.00|0.161905|0.103659|       5|       0
2022-11-16 15:26:39.476 | DEBUG    | localization_association_rule_mining:__call__:394 - |order                         |    0.10|order                                                       |0.098413|    1.00|0.295238|0.128631|       1|       0
2022-11-16 15:26:39.476 | DEBUG    | localization_association_rule_mining:__call__:394 - |route                         |    0.00|route                                                       |0.079470|    0.00|0.114286|0.206897|       0|       0
2022-11-16 15:26:39.476 | DEBUG    | localization_association_rule_mining:__call__:394 - |travel                        |    0.00|travel                                                      |0.110390|    0.00|0.161905|0.257576|       0|       0
2022-11-16 15:26:39.477 | DEBUG    | localization_association_rule_mining:__call__:394 - |order-other                   |    0.00|order-other                                                 |0.041199|    0.00|0.104762|0.063584|       0|       0
2022-11-16 15:26:39.477 | DEBUG    | localization_association_rule_mining:__call__:394 - |payment                       |    0.00|payment                                                     |0.142857|    0.00|0.142857|1.000000|       0|       0
2022-11-16 15:26:39.477 | DEBUG    | localization_association_rule_mining:__call__:394 - |assurance                     |   -1.00|                                                            |0.000000|    0.00|0.000000|0.000000|       0|       0
2022-11-16 15:26:39.477 | DEBUG    | localization_association_rule_mining:__call__:394 - |contacts                      |   -1.00|                                                            |0.000000|    0.00|0.000000|0.000000|       0|       0
2022-11-16 15:26:39.477 | DEBUG    | localization_association_rule_mining:__call__:394 - |basic                         |   -1.00|                                                            |0.000000|    0.00|0.000000|0.000000|       0|       0
2022-11-16 15:26:39.477 | DEBUG    | localization_association_rule_mining:__call__:394 - |notification                  |   -1.00|                                                            |0.000000|    0.00|0.000000|0.000000|       0|       0
2022-11-16 15:26:39.477 | DEBUG    | localization_association_rule_mining:__call__:394 - |verification-code             |   -1.00|                                                            |0.000000|    0.00|0.000000|0.000000|       0|       0
2022-11-16 15:26:39.477 | DEBUG    | localization_association_rule_mining:__call__:394 - |user                          |   -1.00|                                                            |0.000000|    0.00|0.000000|0.000000|       0|       0
2022-11-16 15:26:39.477 | DEBUG    | localization_association_rule_mining:__call__:394 - |preserve-other                |   -1.00|                                                            |0.000000|    0.00|0.000000|0.000000|       0|       0
2022-11-16 15:26:39.477 | DEBUG    | localization_association_rule_mining:__call__:394 - |train                         |   -1.00|                                                            |0.000000|    0.00|0.000000|0.000000|       0|       0
2022-11-16 15:26:39.477 | DEBUG    | localization_association_rule_mining:__call__:394 - |auth                          |   -1.00|                                                            |0.000000|    0.00|0.000000|0.000000|       0|       0
2022-11-16 15:26:39.477 | DEBUG    | localization_association_rule_mining:__call__:394 - |cancel                        |   -1.00|                                                            |0.000000|    0.00|0.000000|0.000000|       0|       0
2022-11-16 15:26:39.477 | DEBUG    | localization_association_rule_mining:__call__:394 - |admin-order                   |   -1.00|                                                            |0.000000|    0.00|0.000000|0.000000|       0|       0
2022-11-16 15:26:39.477 | DEBUG    | localization_association_rule_mining:__call__:394 - |seat                          |   -1.00|                                                            |0.000000|    0.00|0.000000|0.000000|       0|       0
2022-11-16 15:26:39.477 | DEBUG    | localization_association_rule_mining:__call__:394 - |price                         |   -1.00|                                                            |0.000000|    0.00|0.000000|0.000000|       0|       0
2022-11-16 15:26:39.477 | DEBUG    | localization_association_rule_mining:__call__:394 - |route-plan                    |   -1.00|                                                            |0.000000|    0.00|0.000000|0.000000|       0|       0
2022-11-16 15:26:39.477 | DEBUG    | localization_association_rule_mining:__call__:394 - |config                        |   -1.00|                                                            |0.000000|    0.00|0.000000|0.000000|       0|       0
2022-11-16 15:26:39.477 | DEBUG    | localization_association_rule_mining:__call__:394 - |consign                       |   -1.00|                                                            |0.000000|    0.00|0.000000|0.000000|       0|       0
2022-11-16 15:26:39.478 | DEBUG    | localization_association_rule_mining:__call__:394 - |travel2                       |   -1.00|                                                            |0.000000|    0.00|0.000000|0.000000|       0|       0
2022-11-16 15:26:39.478 | DEBUG    | localization_association_rule_mining:__call__:394 - |security                      |   -1.00|                                                            |0.000000|    0.00|0.000000|0.000000|       0|       0
2022-11-16 15:26:39.478 | DEBUG    | localization_association_rule_mining:__call__:394 - |ticketinfo                    |   -1.00|                                                            |0.000000|    0.00|0.000000|0.000000|       0|       0
2022-11-16 15:26:39.478 | DEBUG    | localization_association_rule_mining:__call__:394 - |travel-plan                   |   -1.00|                                                            |0.000000|    0.00|0.000000|0.000000|       0|       0
2022-11-16 15:26:39.478 | DEBUG    | localization_association_rule_mining:__call__:394 - |preserve                      |   -1.00|                                                            |0.000000|    0.00|0.000000|0.000000|       0|       0
