2022-10-31 19:49:52.223 | DEBUG    | localization_association_rule_mining:__call__:388 - |item                          |score   |pattern                                                     |ps      |ips     |p(a|b)  |p(b|a)  |in      |out     
2022-10-31 19:49:52.223 | DEBUG    | localization_association_rule_mining:__call__:392 - |station                       |   80.97|station                                                     |0.394990|  205.00|0.531088|0.606509|     205|       0
2022-10-31 19:49:52.223 | DEBUG    | localization_association_rule_mining:__call__:392 - |order-other                   |   33.01|order-other                                                 |0.277358|  119.00|0.380829|0.505155|      14|     133
2022-10-31 19:49:52.223 | DEBUG    | localization_association_rule_mining:__call__:392 - |auth                          |   25.00|auth                                                        |0.250000|  100.00|0.259067|0.877193|       0|     100
2022-10-31 19:49:52.223 | DEBUG    | localization_association_rule_mining:__call__:392 - |route                         |   14.19|route                                                       |0.191710|   74.00|0.191710|1.000000|      74|       0
2022-10-31 19:49:52.223 | DEBUG    | localization_association_rule_mining:__call__:392 - |verification-code             |   13.19|verification-code                                           |0.131926|  100.00|0.259067|0.211864|     100|       0
2022-10-31 19:49:52.224 | DEBUG    | localization_association_rule_mining:__call__:392 - |food                          |   10.64|food                                                        |0.193384|   55.00|0.196891|0.915663|       7|      62
2022-10-31 19:49:52.224 | DEBUG    | localization_association_rule_mining:__call__:392 - |food-map                      |    7.84|food-map                                                    |0.142487|   55.00|0.142487|1.000000|      55|       0
2022-10-31 19:49:52.224 | DEBUG    | localization_association_rule_mining:__call__:392 - |travel                        |    6.02|travel                                                      |0.240933|   25.00|0.240933|1.000000|      55|      80
2022-10-31 19:49:52.224 | DEBUG    | localization_association_rule_mining:__call__:392 - |order                         |    5.73|order                                                       |0.088195|   65.00|0.168394|0.156250|      65|       0
2022-10-31 19:49:52.224 | DEBUG    | localization_association_rule_mining:__call__:392 - |cancel                        |    5.33|cancel                                                      |0.115869|   46.00|0.119171|0.807018|       0|      46
2022-10-31 19:49:52.224 | DEBUG    | localization_association_rule_mining:__call__:392 - |user                          |   -1.00|                                                            |0.000000|    0.00|0.000000|0.000000|       0|       0
2022-10-31 19:49:52.224 | DEBUG    | localization_association_rule_mining:__call__:392 - |ticketinfo                    |   -1.00|                                                            |0.000000|    0.00|0.000000|0.000000|       0|       0
2022-10-31 19:49:52.224 | DEBUG    | localization_association_rule_mining:__call__:392 - |train                         |   -1.00|                                                            |0.000000|    0.00|0.000000|0.000000|       0|       0
2022-10-31 19:49:52.224 | DEBUG    | localization_association_rule_mining:__call__:392 - |inside-payment                |   -1.00|                                                            |0.000000|    0.00|0.000000|0.000000|       0|       0
2022-10-31 19:49:52.224 | DEBUG    | localization_association_rule_mining:__call__:392 - |seat                          |   -1.00|                                                            |0.000000|    0.00|0.000000|0.000000|       0|       0
2022-10-31 19:49:52.224 | DEBUG    | localization_association_rule_mining:__call__:392 - |admin-order                   |   -1.00|                                                            |0.000000|    0.00|0.000000|0.000000|       0|       0
2022-10-31 19:49:52.224 | DEBUG    | localization_association_rule_mining:__call__:392 - |payment                       |   -1.00|                                                            |0.000000|    0.00|0.000000|0.000000|       0|       0
2022-10-31 19:49:52.224 | DEBUG    | localization_association_rule_mining:__call__:392 - |notification                  |   -1.00|                                                            |0.000000|    0.00|0.000000|0.000000|       0|       0
2022-10-31 19:49:52.224 | DEBUG    | localization_association_rule_mining:__call__:392 - |consign                       |   -1.00|                                                            |0.000000|    0.00|0.000000|0.000000|       0|       0
2022-10-31 19:49:52.224 | DEBUG    | localization_association_rule_mining:__call__:392 - |price                         |   -1.00|                                                            |0.000000|    0.00|0.000000|0.000000|       0|       0
2022-10-31 19:49:52.224 | DEBUG    | localization_association_rule_mining:__call__:392 - |security                      |   -1.00|                                                            |0.000000|    0.00|0.000000|0.000000|       0|       0
2022-10-31 19:49:52.224 | DEBUG    | localization_association_rule_mining:__call__:392 - |assurance                     |   -1.00|                                                            |0.000000|    0.00|0.000000|0.000000|       0|       0
2022-10-31 19:49:52.224 | DEBUG    | localization_association_rule_mining:__call__:392 - |basic                         |   -1.00|                                                            |0.000000|    0.00|0.000000|0.000000|       0|       0
2022-10-31 19:49:52.225 | DEBUG    | localization_association_rule_mining:__call__:392 - |ts-ui-dashboard               |   -1.00|                                                            |0.000000|    0.00|0.000000|0.000000|       0|       0
2022-10-31 19:49:52.225 | DEBUG    | localization_association_rule_mining:__call__:392 - |travel-plan                   |   -1.00|                                                            |0.000000|    0.00|0.000000|0.000000|       0|       0
2022-10-31 19:49:52.225 | DEBUG    | localization_association_rule_mining:__call__:392 - |config                        |   -1.00|                                                            |0.000000|    0.00|0.000000|0.000000|       0|       0
2022-10-31 19:49:52.225 | DEBUG    | localization_association_rule_mining:__call__:392 - |contacts                      |   -1.00|                                                            |0.000000|    0.00|0.000000|0.000000|       0|       0
2022-10-31 19:49:52.225 | DEBUG    | localization_association_rule_mining:__call__:392 - |preserve                      |   -1.00|                                                            |0.000000|    0.00|0.000000|0.000000|       0|       0
