2022-10-31 19:45:36.534 | DEBUG    | localization_association_rule_mining:__call__:388 - |item                          |score   |pattern                                                     |ps      |ips     |p(a|b)  |p(b|a)  |in      |out     
2022-10-31 19:45:36.534 | DEBUG    | localization_association_rule_mining:__call__:392 - |station                       |   40.93|station                                                     |0.343931|  119.00|0.500000|0.524229|     119|       0
2022-10-31 19:45:36.534 | DEBUG    | localization_association_rule_mining:__call__:392 - |order-other                   |   26.27|order-other                                                 |0.359873|   73.00|0.474790|0.597884|      20|      93
2022-10-31 19:45:36.534 | DEBUG    | localization_association_rule_mining:__call__:392 - |food-map                      |   11.80|food-map                                                    |0.222689|   53.00|0.222689|1.000000|      53|       0
2022-10-31 19:45:36.534 | DEBUG    | localization_association_rule_mining:__call__:392 - |food                          |   10.88|food                                                        |0.265306|   41.00|0.273109|0.902778|      12|      53
2022-10-31 19:45:36.534 | DEBUG    | localization_association_rule_mining:__call__:392 - |order                         |   10.52|order                                                       |0.150215|   70.00|0.294118|0.234899|      70|       0
2022-10-31 19:45:36.534 | DEBUG    | localization_association_rule_mining:__call__:392 - |cancel                        |    7.29|cancel                                                      |0.173554|   42.00|0.176471|0.913043|       0|      42
2022-10-31 19:45:36.534 | DEBUG    | localization_association_rule_mining:__call__:392 - |route                         |    3.53|route                                                       |0.121849|   29.00|0.121849|1.000000|      29|       0
2022-10-31 19:45:36.534 | DEBUG    | localization_association_rule_mining:__call__:392 - |train                         |    3.28|train                                                       |0.117155|   28.00|0.117647|0.965517|      28|       0
2022-10-31 19:45:36.534 | DEBUG    | localization_association_rule_mining:__call__:392 - |price                         |    2.51|price                                                       |0.104603|   24.00|0.105042|0.961538|      24|       0
2022-10-31 19:45:36.534 | DEBUG    | localization_association_rule_mining:__call__:392 - |user                          |    1.65|user                                                        |0.137500|   12.00|0.138655|0.942857|      12|       0
2022-10-31 19:45:36.534 | DEBUG    | localization_association_rule_mining:__call__:392 - |ticketinfo                    |    0.12|ticketinfo                                                  |0.121849|    1.00|0.121849|1.000000|      28|      27
2022-10-31 19:45:36.534 | DEBUG    | localization_association_rule_mining:__call__:392 - |basic                         |    0.11|basic                                                       |0.113445|    1.00|0.113445|1.000000|      27|      26
2022-10-31 19:45:36.534 | DEBUG    | localization_association_rule_mining:__call__:392 - |travel                        |    0.00|travel                                                      |0.121849|    0.00|0.121849|1.000000|      25|      25
2022-10-31 19:45:36.535 | DEBUG    | localization_association_rule_mining:__call__:392 - |notification                  |    0.00|notification                                                |0.121339|    0.00|0.121849|0.966667|       0|       0
2022-10-31 19:45:36.535 | DEBUG    | localization_association_rule_mining:__call__:392 - |seat                          |    0.00|seat                                                        |0.117647|    0.00|0.117647|1.000000|      26|      26
2022-10-31 19:45:36.535 | DEBUG    | localization_association_rule_mining:__call__:392 - |payment                       |   -1.00|                                                            |0.000000|    0.00|0.000000|0.000000|       0|       0
2022-10-31 19:45:36.535 | DEBUG    | localization_association_rule_mining:__call__:392 - |preserve-other                |   -1.00|                                                            |0.000000|    0.00|0.000000|0.000000|       0|       0
2022-10-31 19:45:36.535 | DEBUG    | localization_association_rule_mining:__call__:392 - |assurance                     |   -1.00|                                                            |0.000000|    0.00|0.000000|0.000000|       0|       0
2022-10-31 19:45:36.535 | DEBUG    | localization_association_rule_mining:__call__:392 - |travel-plan                   |   -1.00|                                                            |0.000000|    0.00|0.000000|0.000000|       0|       0
2022-10-31 19:45:36.535 | DEBUG    | localization_association_rule_mining:__call__:392 - |security                      |   -1.00|                                                            |0.000000|    0.00|0.000000|0.000000|       0|       0
2022-10-31 19:45:36.535 | DEBUG    | localization_association_rule_mining:__call__:392 - |contacts                      |   -1.00|                                                            |0.000000|    0.00|0.000000|0.000000|       0|       0
2022-10-31 19:45:36.535 | DEBUG    | localization_association_rule_mining:__call__:392 - |travel2                       |   -1.00|                                                            |0.000000|    0.00|0.000000|0.000000|       0|       0
2022-10-31 19:45:36.535 | DEBUG    | localization_association_rule_mining:__call__:392 - |config                        |   -1.00|                                                            |0.000000|    0.00|0.000000|0.000000|       0|       0
2022-10-31 19:45:36.535 | DEBUG    | localization_association_rule_mining:__call__:392 - |route-plan                    |   -1.00|                                                            |0.000000|    0.00|0.000000|0.000000|       0|       0
2022-10-31 19:45:36.535 | DEBUG    | localization_association_rule_mining:__call__:392 - |consign                       |   -1.00|                                                            |0.000000|    0.00|0.000000|0.000000|       0|       0
2022-10-31 19:45:36.535 | DEBUG    | localization_association_rule_mining:__call__:392 - |inside-payment                |   -1.00|                                                            |0.000000|    0.00|0.000000|0.000000|       0|       0
2022-10-31 19:45:36.535 | DEBUG    | localization_association_rule_mining:__call__:392 - |auth                          |   -1.00|                                                            |0.000000|    0.00|0.000000|0.000000|       0|       0
2022-10-31 19:45:36.535 | DEBUG    | localization_association_rule_mining:__call__:392 - |verification-code             |   -1.00|                                                            |0.000000|    0.00|0.000000|0.000000|       0|       0
2022-10-31 19:45:36.535 | DEBUG    | localization_association_rule_mining:__call__:392 - |admin-user                    |   -1.00|                                                            |0.000000|    0.00|0.000000|0.000000|       0|       0
2022-10-31 19:45:36.535 | DEBUG    | localization_association_rule_mining:__call__:392 - |admin-basic-info              |   -1.00|                                                            |0.000000|    0.00|0.000000|0.000000|       0|       0
2022-10-31 19:45:36.535 | DEBUG    | localization_association_rule_mining:__call__:392 - |ts-ui-dashboard               |   -1.00|                                                            |0.000000|    0.00|0.000000|0.000000|       0|       0
2022-10-31 19:45:36.535 | DEBUG    | localization_association_rule_mining:__call__:392 - |admin-order                   |   -1.00|                                                            |0.000000|    0.00|0.000000|0.000000|       0|       0
2022-10-31 19:45:36.536 | DEBUG    | localization_association_rule_mining:__call__:392 - |preserve                      |   -1.00|                                                            |0.000000|    0.00|0.000000|0.000000|       0|       0
