2022-10-31 19:48:58.961 | DEBUG    | localization_association_rule_mining:__call__:388 - |item                          |score   |pattern                                                     |ps      |ips     |p(a|b)  |p(b|a)  |in      |out     
2022-10-31 19:48:58.961 | DEBUG    | localization_association_rule_mining:__call__:392 - |station                       |  104.31|station                                                     |0.459514|  227.00|0.586563|0.679641|     227|       0
2022-10-31 19:48:58.961 | DEBUG    | localization_association_rule_mining:__call__:392 - |order-other                   |   24.90|order-other                                                 |0.259325|   96.00|0.377261|0.453416|      25|     121
2022-10-31 19:48:58.961 | DEBUG    | localization_association_rule_mining:__call__:392 - |route                         |   24.82|route                                                       |0.253230|   98.00|0.253230|1.000000|      98|       0
2022-10-31 19:48:58.961 | DEBUG    | localization_association_rule_mining:__call__:392 - |food                          |   14.46|food                                                        |0.249377|   58.00|0.258398|0.877193|      18|      76
2022-10-31 19:48:58.961 | DEBUG    | localization_association_rule_mining:__call__:392 - |order                         |   14.33|order                                                       |0.140518|  102.00|0.266150|0.229399|     102|       0
2022-10-31 19:48:58.961 | DEBUG    | localization_association_rule_mining:__call__:392 - |food-map                      |    9.93|food-map                                                    |0.160207|   62.00|0.160207|1.000000|      62|       0
2022-10-31 19:48:58.961 | DEBUG    | localization_association_rule_mining:__call__:392 - |cancel                        |    8.20|cancel                                                      |0.141463|   58.00|0.149871|0.716049|       0|      58
2022-10-31 19:48:58.961 | DEBUG    | localization_association_rule_mining:__call__:392 - |train                         |    8.10|train                                                       |0.144703|   56.00|0.144703|1.000000|      56|       0
2022-10-31 19:48:58.961 | DEBUG    | localization_association_rule_mining:__call__:392 - |travel                        |    5.80|travel                                                      |0.341085|   17.00|0.341085|1.000000|      87|     104
2022-10-31 19:48:58.961 | DEBUG    | localization_association_rule_mining:__call__:392 - |auth                          |    4.98|auth                                                        |0.110565|   45.00|0.116279|0.692308|       0|      45
2022-10-31 19:48:58.961 | DEBUG    | localization_association_rule_mining:__call__:392 - |verification-code             |    3.44|verification-code                                           |0.076401|   45.00|0.116279|0.182186|      45|       0
2022-10-31 19:48:58.962 | DEBUG    | localization_association_rule_mining:__call__:392 - |basic                         |    1.19|basic                                                       |0.170543|    7.00|0.170543|1.000000|      55|      62
2022-10-31 19:48:58.962 | DEBUG    | localization_association_rule_mining:__call__:392 - |seat                          |    0.75|seat                                                        |0.149871|    5.00|0.149871|1.000000|      43|      48
2022-10-31 19:48:58.962 | DEBUG    | localization_association_rule_mining:__call__:392 - |ticketinfo                    |    0.33|ticketinfo                                                  |0.165375|    2.00|0.165375|1.000000|      53|      55
2022-10-31 19:48:58.962 | DEBUG    | localization_association_rule_mining:__call__:392 - |config                        |   -1.00|                                                            |0.000000|    0.00|0.000000|0.000000|       0|       0
2022-10-31 19:48:58.962 | DEBUG    | localization_association_rule_mining:__call__:392 - |user                          |   -1.00|                                                            |0.000000|    0.00|0.000000|0.000000|       0|       0
2022-10-31 19:48:58.962 | DEBUG    | localization_association_rule_mining:__call__:392 - |admin-order                   |   -1.00|                                                            |0.000000|    0.00|0.000000|0.000000|       0|       0
2022-10-31 19:48:58.962 | DEBUG    | localization_association_rule_mining:__call__:392 - |travel-plan                   |   -1.00|                                                            |0.000000|    0.00|0.000000|0.000000|       0|       0
2022-10-31 19:48:58.962 | DEBUG    | localization_association_rule_mining:__call__:392 - |ts-ui-dashboard               |   -1.00|                                                            |0.000000|    0.00|0.000000|0.000000|       0|       0
2022-10-31 19:48:58.962 | DEBUG    | localization_association_rule_mining:__call__:392 - |admin-basic-info              |   -1.00|                                                            |0.000000|    0.00|0.000000|0.000000|       0|       0
2022-10-31 19:48:58.962 | DEBUG    | localization_association_rule_mining:__call__:392 - |consign                       |   -1.00|                                                            |0.000000|    0.00|0.000000|0.000000|       0|       0
2022-10-31 19:48:58.962 | DEBUG    | localization_association_rule_mining:__call__:392 - |preserve                      |   -1.00|                                                            |0.000000|    0.00|0.000000|0.000000|       0|       0
2022-10-31 19:48:58.962 | DEBUG    | localization_association_rule_mining:__call__:392 - |preserve-other                |   -1.00|                                                            |0.000000|    0.00|0.000000|0.000000|       0|       0
2022-10-31 19:48:58.962 | DEBUG    | localization_association_rule_mining:__call__:392 - |travel2                       |   -1.00|                                                            |0.000000|    0.00|0.000000|0.000000|       0|       0
2022-10-31 19:48:58.962 | DEBUG    | localization_association_rule_mining:__call__:392 - |payment                       |   -1.00|                                                            |0.000000|    0.00|0.000000|0.000000|       0|       0
2022-10-31 19:48:58.962 | DEBUG    | localization_association_rule_mining:__call__:392 - |notification                  |   -1.00|                                                            |0.000000|    0.00|0.000000|0.000000|       0|       0
2022-10-31 19:48:58.962 | DEBUG    | localization_association_rule_mining:__call__:392 - |admin-travel                  |   -1.00|                                                            |0.000000|    0.00|0.000000|0.000000|       0|       0
2022-10-31 19:48:58.962 | DEBUG    | localization_association_rule_mining:__call__:392 - |contacts                      |   -1.00|                                                            |0.000000|    0.00|0.000000|0.000000|       0|       0
2022-10-31 19:48:58.963 | DEBUG    | localization_association_rule_mining:__call__:392 - |security                      |   -1.00|                                                            |0.000000|    0.00|0.000000|0.000000|       0|       0
2022-10-31 19:48:58.963 | DEBUG    | localization_association_rule_mining:__call__:392 - |price                         |   -1.00|                                                            |0.000000|    0.00|0.000000|0.000000|       0|       0
2022-10-31 19:48:58.963 | DEBUG    | localization_association_rule_mining:__call__:392 - |admin-route                   |   -1.00|                                                            |0.000000|    0.00|0.000000|0.000000|       0|       0
2022-10-31 19:48:58.963 | DEBUG    | localization_association_rule_mining:__call__:392 - |inside-payment                |   -1.00|                                                            |0.000000|    0.00|0.000000|0.000000|       0|       0
2022-10-31 19:48:58.963 | DEBUG    | localization_association_rule_mining:__call__:392 - |assurance                     |   -1.00|                                                            |0.000000|    0.00|0.000000|0.000000|       0|       0
2022-10-31 19:48:58.963 | DEBUG    | localization_association_rule_mining:__call__:392 - |route-plan                    |   -1.00|                                                            |0.000000|    0.00|0.000000|0.000000|       0|       0
