2022-11-16 15:25:00.117 | DEBUG    | localization_association_rule_mining:__call__:390 - |item                          |score   |pattern                                                     |ps      |ips     |p(a|b)  |p(b|a)  |in      |out     
2022-11-16 15:25:00.117 | DEBUG    | localization_association_rule_mining:__call__:394 - |assurance                     |   58.34|assurance                                                   |0.767677|   76.00|0.775510|0.987013|      76|       0
2022-11-16 15:25:00.117 | DEBUG    | localization_association_rule_mining:__call__:394 - |seat                          |    5.88|seat                                                        |0.244898|   24.00|0.244898|1.000000|      24|       0
2022-11-16 15:25:00.117 | DEBUG    | localization_association_rule_mining:__call__:394 - |travel                        |    2.98|travel                                                      |0.229508|   13.00|0.285714|0.538462|       7|      20
2022-11-16 15:25:00.117 | DEBUG    | localization_association_rule_mining:__call__:394 - |preserve                      |    1.04|preserve                                                    |0.115385|    9.00|0.122449|0.666667|       0|       9
2022-11-16 15:25:00.117 | DEBUG    | localization_association_rule_mining:__call__:394 - |travel-plan                   |    0.73|travel-plan                                                 |0.122449|    6.00|0.122449|1.000000|      12|       6
2022-11-16 15:25:00.117 | DEBUG    | localization_association_rule_mining:__call__:394 - |train                         |    0.00|train                                                       |0.215686|    0.00|0.224490|0.846154|       0|       0
2022-11-16 15:25:00.117 | DEBUG    | localization_association_rule_mining:__call__:394 - |route                         |    0.00|route                                                       |0.193277|    0.00|0.234694|0.522727|       0|       0
2022-11-16 15:25:00.117 | DEBUG    | localization_association_rule_mining:__call__:394 - |station                       |    0.00|station                                                     |0.169492|    0.00|0.306122|0.275229|       0|       0
2022-11-16 15:25:00.117 | DEBUG    | localization_association_rule_mining:__call__:394 - |basic                         |    0.00|basic                                                       |0.288462|    0.00|0.306122|0.833333|       0|       0
2022-11-16 15:25:00.117 | DEBUG    | localization_association_rule_mining:__call__:394 - |ticketinfo                    |    0.00|ticketinfo                                                  |0.288462|    0.00|0.306122|0.833333|       0|       0
2022-11-16 15:25:00.117 | DEBUG    | localization_association_rule_mining:__call__:394 - |price                         |    0.00|price                                                       |0.107843|    0.00|0.112245|0.733333|       0|       0
2022-11-16 15:25:00.117 | DEBUG    | localization_association_rule_mining:__call__:394 - |order                         |    0.00|order                                                       |0.063291|    0.00|0.153061|0.097403|       0|       0
2022-11-16 15:25:00.117 | DEBUG    | localization_association_rule_mining:__call__:394 - |auth                          |   -1.00|                                                            |0.000000|    0.00|0.000000|0.000000|       0|       0
2022-11-16 15:25:00.117 | DEBUG    | localization_association_rule_mining:__call__:394 - |inside-payment                |   -1.00|                                                            |0.000000|    0.00|0.000000|0.000000|       0|       0
2022-11-16 15:25:00.118 | DEBUG    | localization_association_rule_mining:__call__:394 - |admin-order                   |   -1.00|                                                            |0.000000|    0.00|0.000000|0.000000|       0|       0
2022-11-16 15:25:00.118 | DEBUG    | localization_association_rule_mining:__call__:394 - |food-map                      |   -1.00|                                                            |0.000000|    0.00|0.000000|0.000000|       0|       0
2022-11-16 15:25:00.118 | DEBUG    | localization_association_rule_mining:__call__:394 - |verification-code             |   -1.00|                                                            |0.000000|    0.00|0.000000|0.000000|       0|       0
2022-11-16 15:25:00.118 | DEBUG    | localization_association_rule_mining:__call__:394 - |ts-ui-dashboard               |   -1.00|                                                            |0.000000|    0.00|0.000000|0.000000|       0|       0
2022-11-16 15:25:00.118 | DEBUG    | localization_association_rule_mining:__call__:394 - |user                          |   -1.00|                                                            |0.000000|    0.00|0.000000|0.000000|       0|       0
2022-11-16 15:25:00.118 | DEBUG    | localization_association_rule_mining:__call__:394 - |food                          |   -1.00|                                                            |0.000000|    0.00|0.000000|0.000000|       0|       0
2022-11-16 15:25:00.118 | DEBUG    | localization_association_rule_mining:__call__:394 - |preserve-other                |   -1.00|                                                            |0.000000|    0.00|0.000000|0.000000|       0|       0
2022-11-16 15:25:00.118 | DEBUG    | localization_association_rule_mining:__call__:394 - |notification                  |   -1.00|                                                            |0.000000|    0.00|0.000000|0.000000|       0|       0
2022-11-16 15:25:00.118 | DEBUG    | localization_association_rule_mining:__call__:394 - |contacts                      |   -1.00|                                                            |0.000000|    0.00|0.000000|0.000000|       0|       0
2022-11-16 15:25:00.118 | DEBUG    | localization_association_rule_mining:__call__:394 - |consign                       |   -1.00|                                                            |0.000000|    0.00|0.000000|0.000000|       0|       0
2022-11-16 15:25:00.118 | DEBUG    | localization_association_rule_mining:__call__:394 - |travel2                       |   -1.00|                                                            |0.000000|    0.00|0.000000|0.000000|       0|       0
2022-11-16 15:25:00.118 | DEBUG    | localization_association_rule_mining:__call__:394 - |route-plan                    |   -1.00|                                                            |0.000000|    0.00|0.000000|0.000000|       0|       0
2022-11-16 15:25:00.118 | DEBUG    | localization_association_rule_mining:__call__:394 - |security                      |   -1.00|                                                            |0.000000|    0.00|0.000000|0.000000|       0|       0
2022-11-16 15:25:00.118 | DEBUG    | localization_association_rule_mining:__call__:394 - |order-other                   |   -1.00|                                                            |0.000000|    0.00|0.000000|0.000000|       0|       0
2022-11-16 15:25:00.118 | DEBUG    | localization_association_rule_mining:__call__:394 - |cancel                        |   -1.00|                                                            |0.000000|    0.00|0.000000|0.000000|       0|       0
2022-11-16 15:25:00.118 | DEBUG    | localization_association_rule_mining:__call__:394 - |payment                       |   -1.00|                                                            |0.000000|    0.00|0.000000|0.000000|       0|       0
