2022-10-31 19:49:49.711 | DEBUG    | localization_association_rule_mining:__call__:388 - |item                          |score   |pattern                                                     |ps      |ips     |p(a|b)  |p(b|a)  |in      |out     
2022-10-31 19:49:49.712 | DEBUG    | localization_association_rule_mining:__call__:392 - |station                       |   66.62|station                                                     |0.482759|  138.00|0.619469|0.686275|     138|       0
2022-10-31 19:49:49.712 | DEBUG    | localization_association_rule_mining:__call__:392 - |food                          |   41.31|food                                                        |0.421488|   98.00|0.451327|0.864407|       0|      98
2022-10-31 19:49:49.712 | DEBUG    | localization_association_rule_mining:__call__:392 - |food-map                      |   29.75|food-map                                                    |0.362832|   82.00|0.362832|1.000000|      82|       0
2022-10-31 19:49:49.712 | DEBUG    | localization_association_rule_mining:__call__:392 - |route                         |   23.58|route                                                       |0.323009|   73.00|0.323009|1.000000|      73|       0
2022-10-31 19:49:49.712 | DEBUG    | localization_association_rule_mining:__call__:392 - |travel                        |   19.40|travel                                                      |0.606195|   32.00|0.606195|1.000000|     114|      82
2022-10-31 19:49:49.712 | DEBUG    | localization_association_rule_mining:__call__:392 - |train                         |   13.14|train                                                       |0.243363|   54.00|0.243363|1.000000|      54|       0
2022-10-31 19:49:49.712 | DEBUG    | localization_association_rule_mining:__call__:392 - |seat                          |   10.09|seat                                                        |0.265487|   38.00|0.265487|1.000000|      19|      57
2022-10-31 19:49:49.712 | DEBUG    | localization_association_rule_mining:__call__:392 - |config                        |    9.36|config                                                      |0.203540|   46.00|0.203540|1.000000|      46|       0
2022-10-31 19:49:49.712 | DEBUG    | localization_association_rule_mining:__call__:392 - |order                         |    8.89|order                                                       |0.164634|   54.00|0.238938|0.346154|      54|       0
2022-10-31 19:49:49.712 | DEBUG    | localization_association_rule_mining:__call__:392 - |auth                          |    6.12|auth                                                        |0.145833|   42.00|0.185841|0.403846|       0|      42
2022-10-31 19:49:49.712 | DEBUG    | localization_association_rule_mining:__call__:392 - |ticketinfo                    |    5.84|ticketinfo                                                  |0.292035|   20.00|0.292035|1.000000|      41|      61
2022-10-31 19:49:49.712 | DEBUG    | localization_association_rule_mining:__call__:392 - |price                         |    4.53|price                                                       |0.141593|   32.00|0.141593|1.000000|      32|       0
2022-10-31 19:49:49.712 | DEBUG    | localization_association_rule_mining:__call__:392 - |verification-code             |    3.16|verification-code                                           |0.075134|   42.00|0.185841|0.112000|      42|       0
2022-10-31 19:49:49.712 | DEBUG    | localization_association_rule_mining:__call__:392 - |basic                         |    0.57|basic                                                       |0.283186|    2.00|0.283186|1.000000|      61|      63
2022-10-31 19:49:49.712 | DEBUG    | localization_association_rule_mining:__call__:392 - |order-other                   |   -1.00|                                                            |0.000000|    0.00|0.000000|0.000000|       0|       0
2022-10-31 19:49:49.713 | DEBUG    | localization_association_rule_mining:__call__:392 - |user                          |   -1.00|                                                            |0.000000|    0.00|0.000000|0.000000|       0|       0
2022-10-31 19:49:49.713 | DEBUG    | localization_association_rule_mining:__call__:392 - |contacts                      |   -1.00|                                                            |0.000000|    0.00|0.000000|0.000000|       0|       0
2022-10-31 19:49:49.713 | DEBUG    | localization_association_rule_mining:__call__:392 - |preserve                      |   -1.00|                                                            |0.000000|    0.00|0.000000|0.000000|       0|       0
2022-10-31 19:49:49.713 | DEBUG    | localization_association_rule_mining:__call__:392 - |payment                       |   -1.00|                                                            |0.000000|    0.00|0.000000|0.000000|       0|       0
2022-10-31 19:49:49.713 | DEBUG    | localization_association_rule_mining:__call__:392 - |security                      |   -1.00|                                                            |0.000000|    0.00|0.000000|0.000000|       0|       0
2022-10-31 19:49:49.713 | DEBUG    | localization_association_rule_mining:__call__:392 - |cancel                        |   -1.00|                                                            |0.000000|    0.00|0.000000|0.000000|       0|       0
2022-10-31 19:49:49.713 | DEBUG    | localization_association_rule_mining:__call__:392 - |travel-plan                   |   -1.00|                                                            |0.000000|    0.00|0.000000|0.000000|       0|       0
2022-10-31 19:49:49.713 | DEBUG    | localization_association_rule_mining:__call__:392 - |inside-payment                |   -1.00|                                                            |0.000000|    0.00|0.000000|0.000000|       0|       0
2022-10-31 19:49:49.713 | DEBUG    | localization_association_rule_mining:__call__:392 - |consign                       |   -1.00|                                                            |0.000000|    0.00|0.000000|0.000000|       0|       0
2022-10-31 19:49:49.713 | DEBUG    | localization_association_rule_mining:__call__:392 - |notification                  |   -1.00|                                                            |0.000000|    0.00|0.000000|0.000000|       0|       0
2022-10-31 19:49:49.713 | DEBUG    | localization_association_rule_mining:__call__:392 - |admin-order                   |   -1.00|                                                            |0.000000|    0.00|0.000000|0.000000|       0|       0
2022-10-31 19:49:49.713 | DEBUG    | localization_association_rule_mining:__call__:392 - |assurance                     |   -1.00|                                                            |0.000000|    0.00|0.000000|0.000000|       0|       0
2022-10-31 19:49:49.713 | DEBUG    | localization_association_rule_mining:__call__:392 - |ts-ui-dashboard               |   -1.00|                                                            |0.000000|    0.00|0.000000|0.000000|       0|       0
