2022-11-16 15:27:22.481 | DEBUG    | localization_association_rule_mining:__call__:390 - |item                          |score   |pattern                                                     |ps      |ips     |p(a|b)  |p(b|a)  |in      |out     
2022-11-16 15:27:22.482 | DEBUG    | localization_association_rule_mining:__call__:394 - |order                         |   69.14|order                                                       |0.886364|   78.00|0.896552|0.987342|      78|       0
2022-11-16 15:27:22.482 | DEBUG    | localization_association_rule_mining:__call__:394 - |cancel                        |    1.02|cancel                                                      |0.170455|    6.00|0.172414|0.937500|       5|      11
2022-11-16 15:27:22.482 | DEBUG    | localization_association_rule_mining:__call__:394 - |seat                          |    1.01|seat                                                        |0.252874|    4.00|0.252874|1.000000|      12|      16
2022-11-16 15:27:22.482 | DEBUG    | localization_association_rule_mining:__call__:394 - |travel                        |    0.84|travel                                                      |0.168000|    5.00|0.241379|0.355932|      10|      15
2022-11-16 15:27:22.482 | DEBUG    | localization_association_rule_mining:__call__:394 - |security                      |    0.38|security                                                    |0.126437|    3.00|0.126437|1.000000|       5|       8
2022-11-16 15:27:22.482 | DEBUG    | localization_association_rule_mining:__call__:394 - |preserve                      |    0.34|preserve                                                    |0.114943|    3.00|0.114943|1.000000|      10|       7
2022-11-16 15:27:22.482 | DEBUG    | localization_association_rule_mining:__call__:394 - |basic                         |    0.00|basic                                                       |0.252874|    0.00|0.252874|1.000000|       0|       0
2022-11-16 15:27:22.482 | DEBUG    | localization_association_rule_mining:__call__:394 - |ticketinfo                    |    0.00|ticketinfo                                                  |0.241379|    0.00|0.241379|1.000000|       0|       0
2022-11-16 15:27:22.482 | DEBUG    | localization_association_rule_mining:__call__:394 - |price                         |    0.00|price                                                       |0.149425|    0.00|0.149425|1.000000|       0|       0
2022-11-16 15:27:22.482 | DEBUG    | localization_association_rule_mining:__call__:394 - |config                        |    0.00|config                                                      |0.149425|    0.00|0.149425|1.000000|       0|       0
2022-11-16 15:27:22.482 | DEBUG    | localization_association_rule_mining:__call__:394 - |route                         |    0.00|route                                                       |0.173913|    0.00|0.229885|0.416667|       0|       0
2022-11-16 15:27:22.482 | DEBUG    | localization_association_rule_mining:__call__:394 - |station                       |    0.00|station                                                     |0.340136|    0.00|0.574713|0.454545|       0|       0
2022-11-16 15:27:22.482 | DEBUG    | localization_association_rule_mining:__call__:394 - |train                         |    0.00|train                                                       |0.195402|    0.00|0.195402|1.000000|       0|       0
2022-11-16 15:27:22.482 | DEBUG    | localization_association_rule_mining:__call__:394 - |notification                  |   -1.00|                                                            |0.000000|    0.00|0.000000|0.000000|       0|       0
2022-11-16 15:27:22.482 | DEBUG    | localization_association_rule_mining:__call__:394 - |payment                       |   -1.00|                                                            |0.000000|    0.00|0.000000|0.000000|       0|       0
2022-11-16 15:27:22.482 | DEBUG    | localization_association_rule_mining:__call__:394 - |inside-payment                |   -1.00|                                                            |0.000000|    0.00|0.000000|0.000000|       0|       0
2022-11-16 15:27:22.482 | DEBUG    | localization_association_rule_mining:__call__:394 - |travel2                       |   -1.00|                                                            |0.000000|    0.00|0.000000|0.000000|       0|       0
2022-11-16 15:27:22.483 | DEBUG    | localization_association_rule_mining:__call__:394 - |assurance                     |   -1.00|                                                            |0.000000|    0.00|0.000000|0.000000|       0|       0
2022-11-16 15:27:22.483 | DEBUG    | localization_association_rule_mining:__call__:394 - |consign                       |   -1.00|                                                            |0.000000|    0.00|0.000000|0.000000|       0|       0
2022-11-16 15:27:22.483 | DEBUG    | localization_association_rule_mining:__call__:394 - |travel-plan                   |   -1.00|                                                            |0.000000|    0.00|0.000000|0.000000|       0|       0
2022-11-16 15:27:22.483 | DEBUG    | localization_association_rule_mining:__call__:394 - |ts-ui-dashboard               |   -1.00|                                                            |0.000000|    0.00|0.000000|0.000000|       0|       0
2022-11-16 15:27:22.483 | DEBUG    | localization_association_rule_mining:__call__:394 - |order-other                   |   -1.00|                                                            |0.000000|    0.00|0.000000|0.000000|       0|       0
2022-11-16 15:27:22.483 | DEBUG    | localization_association_rule_mining:__call__:394 - |user                          |   -1.00|                                                            |0.000000|    0.00|0.000000|0.000000|       0|       0
2022-11-16 15:27:22.483 | DEBUG    | localization_association_rule_mining:__call__:394 - |food                          |   -1.00|                                                            |0.000000|    0.00|0.000000|0.000000|       0|       0
2022-11-16 15:27:22.483 | DEBUG    | localization_association_rule_mining:__call__:394 - |preserve-other                |   -1.00|                                                            |0.000000|    0.00|0.000000|0.000000|       0|       0
2022-11-16 15:27:22.483 | DEBUG    | localization_association_rule_mining:__call__:394 - |contacts                      |   -1.00|                                                            |0.000000|    0.00|0.000000|0.000000|       0|       0
2022-11-16 15:27:22.483 | DEBUG    | localization_association_rule_mining:__call__:394 - |auth                          |   -1.00|                                                            |0.000000|    0.00|0.000000|0.000000|       0|       0
2022-11-16 15:27:22.483 | DEBUG    | localization_association_rule_mining:__call__:394 - |food-map                      |   -1.00|                                                            |0.000000|    0.00|0.000000|0.000000|       0|       0
2022-11-16 15:27:22.483 | DEBUG    | localization_association_rule_mining:__call__:394 - |route-plan                    |   -1.00|                                                            |0.000000|    0.00|0.000000|0.000000|       0|       0
2022-11-16 15:27:22.483 | DEBUG    | localization_association_rule_mining:__call__:394 - |verification-code             |   -1.00|                                                            |0.000000|    0.00|0.000000|0.000000|       0|       0
