2022-10-21 02:02:09.668 | DEBUG    | localization_association_rule_mining:__call__:388 - |item                          |score   |pattern                                                     |ps      |ips     |p(a|b)  |p(b|a)  |in      |out     
2022-10-21 02:02:09.669 | DEBUG    | localization_association_rule_mining:__call__:392 - |cancel                        |    0.33|cancel                                                      |0.333333|    1.00|0.333333|1.000000|       0|       1
2022-10-21 02:02:09.669 | DEBUG    | localization_association_rule_mining:__call__:392 - |consign                       |    0.33|consign                                                     |0.166667|    2.00|0.666667|0.181818|       2|       0
2022-10-21 02:02:09.669 | DEBUG    | localization_association_rule_mining:__call__:392 - |inside-payment                |    0.12|inside-payment                                              |0.125000|    1.00|0.333333|0.166667|       1|       0
2022-10-21 02:02:09.669 | DEBUG    | localization_association_rule_mining:__call__:392 - |ui-dashboard                  |    0.05|ui-dashboard                                                |0.025641|    2.00|1.000000|0.025641|       0|       2
2022-10-21 02:02:09.669 | DEBUG    | localization_association_rule_mining:__call__:392 - |order                         |    0.00|order                                                       |0.029412|    0.00|0.333333|0.031250|       0|       0
2022-10-21 02:02:09.669 | DEBUG    | localization_association_rule_mining:__call__:392 - |order-other                   |    0.00|order-other                                                 |0.038462|    0.00|0.333333|0.041667|       0|       0
2022-10-21 02:02:09.669 | DEBUG    | localization_association_rule_mining:__call__:392 - |route                         |   -1.00|                                                            |0.000000|    0.00|0.000000|0.000000|       0|       0
2022-10-21 02:02:09.669 | DEBUG    | localization_association_rule_mining:__call__:392 - |route-plan                    |   -1.00|                                                            |0.000000|    0.00|0.000000|0.000000|       0|       0
2022-10-21 02:02:09.669 | DEBUG    | localization_association_rule_mining:__call__:392 - |travel-plan                   |   -1.00|                                                            |0.000000|    0.00|0.000000|0.000000|       0|       0
2022-10-21 02:02:09.669 | DEBUG    | localization_association_rule_mining:__call__:392 - |ticketinfo                    |   -1.00|                                                            |0.000000|    0.00|0.000000|0.000000|       0|       0
2022-10-21 02:02:09.669 | DEBUG    | localization_association_rule_mining:__call__:392 - |travel                        |   -1.00|                                                            |0.000000|    0.00|0.000000|0.000000|       0|       0
2022-10-21 02:02:09.669 | DEBUG    | localization_association_rule_mining:__call__:392 - |food-map                      |   -1.00|                                                            |0.000000|    0.00|0.000000|0.000000|       0|       0
2022-10-21 02:02:09.669 | DEBUG    | localization_association_rule_mining:__call__:392 - |basic                         |   -1.00|                                                            |0.000000|    0.00|0.000000|0.000000|       0|       0
2022-10-21 02:02:09.669 | DEBUG    | localization_association_rule_mining:__call__:392 - |train                         |   -1.00|                                                            |0.000000|    0.00|0.000000|0.000000|       0|       0
2022-10-21 02:02:09.669 | DEBUG    | localization_association_rule_mining:__call__:392 - |auth                          |   -1.00|                                                            |0.000000|    0.00|0.000000|0.000000|       0|       0
2022-10-21 02:02:09.669 | DEBUG    | localization_association_rule_mining:__call__:392 - |food                          |   -1.00|                                                            |0.000000|    0.00|0.000000|0.000000|       0|       0
2022-10-21 02:02:09.670 | DEBUG    | localization_association_rule_mining:__call__:392 - |preserve-other                |   -1.00|                                                            |0.000000|    0.00|0.000000|0.000000|       0|       0
2022-10-21 02:02:09.670 | DEBUG    | localization_association_rule_mining:__call__:392 - |user                          |   -1.00|                                                            |0.000000|    0.00|0.000000|0.000000|       0|       0
2022-10-21 02:02:09.670 | DEBUG    | localization_association_rule_mining:__call__:392 - |seat                          |   -1.00|                                                            |0.000000|    0.00|0.000000|0.000000|       0|       0
2022-10-21 02:02:09.670 | DEBUG    | localization_association_rule_mining:__call__:392 - |preserve                      |   -1.00|                                                            |0.000000|    0.00|0.000000|0.000000|       0|       0
2022-10-21 02:02:09.670 | DEBUG    | localization_association_rule_mining:__call__:392 - |config                        |   -1.00|                                                            |0.000000|    0.00|0.000000|0.000000|       0|       0
2022-10-21 02:02:09.670 | DEBUG    | localization_association_rule_mining:__call__:392 - |travel2                       |   -1.00|                                                            |0.000000|    0.00|0.000000|0.000000|       0|       0
2022-10-21 02:02:09.670 | DEBUG    | localization_association_rule_mining:__call__:392 - |assurance                     |   -1.00|                                                            |0.000000|    0.00|0.000000|0.000000|       0|       0
2022-10-21 02:02:09.670 | DEBUG    | localization_association_rule_mining:__call__:392 - |contacts                      |   -1.00|                                                            |0.000000|    0.00|0.000000|0.000000|       0|       0
2022-10-21 02:02:09.670 | DEBUG    | localization_association_rule_mining:__call__:392 - |price                         |   -1.00|                                                            |0.000000|    0.00|0.000000|0.000000|       0|       0
2022-10-21 02:02:09.670 | DEBUG    | localization_association_rule_mining:__call__:392 - |security                      |   -1.00|                                                            |0.000000|    0.00|0.000000|0.000000|       0|       0
2022-10-21 02:02:09.670 | DEBUG    | localization_association_rule_mining:__call__:392 - |verification-code             |   -1.00|                                                            |0.000000|    0.00|0.000000|0.000000|       0|       0
2022-10-21 02:02:09.670 | DEBUG    | localization_association_rule_mining:__call__:392 - |station                       |   -1.00|                                                            |0.000000|    0.00|0.000000|0.000000|       0|       0
