2022-10-31 19:47:43.056 | DEBUG    | localization_association_rule_mining:__call__:388 - |item                          |score   |pattern                                                     |ps      |ips     |p(a|b)  |p(b|a)  |in      |out     
2022-10-31 19:47:43.056 | DEBUG    | localization_association_rule_mining:__call__:392 - |station                       |   67.50|station                                                     |0.503759|  134.00|0.680203|0.660099|     134|       0
2022-10-31 19:47:43.056 | DEBUG    | localization_association_rule_mining:__call__:392 - |food                          |   16.61|food                                                        |0.291457|   57.00|0.294416|0.966667|       0|      57
2022-10-31 19:47:43.056 | DEBUG    | localization_association_rule_mining:__call__:392 - |route                         |   16.49|route                                                       |0.289340|   57.00|0.289340|1.000000|      57|       0
2022-10-31 19:47:43.056 | DEBUG    | localization_association_rule_mining:__call__:392 - |order-other                   |   16.22|order-other                                                 |0.270270|   60.00|0.406091|0.446927|      10|      70
2022-10-31 19:47:43.057 | DEBUG    | localization_association_rule_mining:__call__:392 - |food-map                      |   15.92|food-map                                                    |0.284264|   56.00|0.284264|1.000000|      56|       0
2022-10-31 19:47:43.057 | DEBUG    | localization_association_rule_mining:__call__:392 - |auth                          |    6.81|auth                                                        |0.184080|   37.00|0.187817|0.902439|       0|      37
2022-10-31 19:47:43.057 | DEBUG    | localization_association_rule_mining:__call__:392 - |verification-code             |    4.15|verification-code                                           |0.112121|   37.00|0.187817|0.217647|      37|       0
2022-10-31 19:47:43.057 | DEBUG    | localization_association_rule_mining:__call__:392 - |travel                        |    3.11|travel                                                      |0.345178|    9.00|0.345178|1.000000|      66|      57
2022-10-31 19:47:43.057 | DEBUG    | localization_association_rule_mining:__call__:392 - |order                         |    1.83|order                                                       |0.067669|   27.00|0.137056|0.117904|      27|       0
2022-10-31 19:47:43.057 | DEBUG    | localization_association_rule_mining:__call__:392 - |ts-ui-dashboard               |   -1.00|                                                            |0.000000|    0.00|0.000000|0.000000|       0|       0
2022-10-31 19:47:43.057 | DEBUG    | localization_association_rule_mining:__call__:392 - |basic                         |   -1.00|                                                            |0.000000|    0.00|0.000000|0.000000|       0|       0
2022-10-31 19:47:43.057 | DEBUG    | localization_association_rule_mining:__call__:392 - |travel-plan                   |   -1.00|                                                            |0.000000|    0.00|0.000000|0.000000|       0|       0
2022-10-31 19:47:43.057 | DEBUG    | localization_association_rule_mining:__call__:392 - |inside-payment                |   -1.00|                                                            |0.000000|    0.00|0.000000|0.000000|       0|       0
2022-10-31 19:47:43.057 | DEBUG    | localization_association_rule_mining:__call__:392 - |user                          |   -1.00|                                                            |0.000000|    0.00|0.000000|0.000000|       0|       0
2022-10-31 19:47:43.057 | DEBUG    | localization_association_rule_mining:__call__:392 - |seat                          |   -1.00|                                                            |0.000000|    0.00|0.000000|0.000000|       0|       0
2022-10-31 19:47:43.057 | DEBUG    | localization_association_rule_mining:__call__:392 - |notification                  |   -1.00|                                                            |0.000000|    0.00|0.000000|0.000000|       0|       0
2022-10-31 19:47:43.057 | DEBUG    | localization_association_rule_mining:__call__:392 - |travel2                       |   -1.00|                                                            |0.000000|    0.00|0.000000|0.000000|       0|       0
2022-10-31 19:47:43.057 | DEBUG    | localization_association_rule_mining:__call__:392 - |consign                       |   -1.00|                                                            |0.000000|    0.00|0.000000|0.000000|       0|       0
2022-10-31 19:47:43.057 | DEBUG    | localization_association_rule_mining:__call__:392 - |config                        |   -1.00|                                                            |0.000000|    0.00|0.000000|0.000000|       0|       0
2022-10-31 19:47:43.057 | DEBUG    | localization_association_rule_mining:__call__:392 - |payment                       |   -1.00|                                                            |0.000000|    0.00|0.000000|0.000000|       0|       0
2022-10-31 19:47:43.058 | DEBUG    | localization_association_rule_mining:__call__:392 - |cancel                        |   -1.00|                                                            |0.000000|    0.00|0.000000|0.000000|       0|       0
2022-10-31 19:47:43.058 | DEBUG    | localization_association_rule_mining:__call__:392 - |preserve                      |   -1.00|                                                            |0.000000|    0.00|0.000000|0.000000|       0|       0
2022-10-31 19:47:43.058 | DEBUG    | localization_association_rule_mining:__call__:392 - |contacts                      |   -1.00|                                                            |0.000000|    0.00|0.000000|0.000000|       0|       0
2022-10-31 19:47:43.058 | DEBUG    | localization_association_rule_mining:__call__:392 - |admin-order                   |   -1.00|                                                            |0.000000|    0.00|0.000000|0.000000|       0|       0
2022-10-31 19:47:43.058 | DEBUG    | localization_association_rule_mining:__call__:392 - |ticketinfo                    |   -1.00|                                                            |0.000000|    0.00|0.000000|0.000000|       0|       0
2022-10-31 19:47:43.058 | DEBUG    | localization_association_rule_mining:__call__:392 - |train                         |   -1.00|                                                            |0.000000|    0.00|0.000000|0.000000|       0|       0
2022-10-31 19:47:43.058 | DEBUG    | localization_association_rule_mining:__call__:392 - |route-plan                    |   -1.00|                                                            |0.000000|    0.00|0.000000|0.000000|       0|       0
2022-10-31 19:47:43.058 | DEBUG    | localization_association_rule_mining:__call__:392 - |assurance                     |   -1.00|                                                            |0.000000|    0.00|0.000000|0.000000|       0|       0
2022-10-31 19:47:43.058 | DEBUG    | localization_association_rule_mining:__call__:392 - |price                         |   -1.00|                                                            |0.000000|    0.00|0.000000|0.000000|       0|       0
