2022-10-31 19:44:45.441 | DEBUG    | localization_association_rule_mining:__call__:388 - |item                          |score   |pattern                                                     |ps      |ips     |p(a|b)  |p(b|a)  |in      |out     
2022-10-31 19:44:45.441 | DEBUG    | localization_association_rule_mining:__call__:392 - |station                       |  120.14|station                                                     |0.469314|  256.00|0.601852|0.680628|     256|       0
2022-10-31 19:44:45.441 | DEBUG    | localization_association_rule_mining:__call__:392 - |route                         |   24.08|route                                                       |0.236111|  102.00|0.236111|1.000000|     102|       0
2022-10-31 19:44:45.441 | DEBUG    | localization_association_rule_mining:__call__:392 - |food                          |   22.05|food                                                        |0.268889|   82.00|0.280093|0.870504|      17|      99
2022-10-31 19:44:45.441 | DEBUG    | localization_association_rule_mining:__call__:392 - |order-other                   |   19.02|order-other                                                 |0.260504|   73.00|0.358796|0.487421|      41|     114
2022-10-31 19:44:45.441 | DEBUG    | localization_association_rule_mining:__call__:392 - |order                         |   18.41|order                                                       |0.154746|  119.00|0.275463|0.260965|     119|       0
2022-10-31 19:44:45.441 | DEBUG    | localization_association_rule_mining:__call__:392 - |food-map                      |   12.68|food-map                                                    |0.171296|   74.00|0.171296|1.000000|      74|       0
2022-10-31 19:44:45.441 | DEBUG    | localization_association_rule_mining:__call__:392 - |cancel                        |   10.11|cancel                                                      |0.150901|   67.00|0.155093|0.848101|       0|      67
2022-10-31 19:44:45.441 | DEBUG    | localization_association_rule_mining:__call__:392 - |auth                          |    8.45|auth                                                        |0.136264|   62.00|0.143519|0.729412|       0|      62
2022-10-31 19:44:45.441 | DEBUG    | localization_association_rule_mining:__call__:392 - |train                         |    8.33|train                                                       |0.138889|   60.00|0.138889|1.000000|      60|       0
2022-10-31 19:44:45.442 | DEBUG    | localization_association_rule_mining:__call__:392 - |verification-code             |    6.16|verification-code                                           |0.099359|   62.00|0.143519|0.244094|      62|       0
2022-10-31 19:44:45.442 | DEBUG    | localization_association_rule_mining:__call__:392 - |seat                          |    2.92|seat                                                        |0.162037|   18.00|0.162037|1.000000|      44|      62
2022-10-31 19:44:45.442 | DEBUG    | localization_association_rule_mining:__call__:392 - |basic                         |    2.89|basic                                                       |0.180556|   16.00|0.180556|1.000000|      58|      74
2022-10-31 19:44:45.442 | DEBUG    | localization_association_rule_mining:__call__:392 - |travel                        |    1.04|travel                                                      |0.347222|    3.00|0.347222|1.000000|     112|     109
2022-10-31 19:44:45.442 | DEBUG    | localization_association_rule_mining:__call__:392 - |ticketinfo                    |    0.49|ticketinfo                                                  |0.162037|    3.00|0.162037|1.000000|      61|      58
2022-10-31 19:44:45.442 | DEBUG    | localization_association_rule_mining:__call__:392 - |security                      |   -1.00|                                                            |0.000000|    0.00|0.000000|0.000000|       0|       0
2022-10-31 19:44:45.442 | DEBUG    | localization_association_rule_mining:__call__:392 - |admin-order                   |   -1.00|                                                            |0.000000|    0.00|0.000000|0.000000|       0|       0
2022-10-31 19:44:45.442 | DEBUG    | localization_association_rule_mining:__call__:392 - |consign                       |   -1.00|                                                            |0.000000|    0.00|0.000000|0.000000|       0|       0
2022-10-31 19:44:45.442 | DEBUG    | localization_association_rule_mining:__call__:392 - |preserve-other                |   -1.00|                                                            |0.000000|    0.00|0.000000|0.000000|       0|       0
2022-10-31 19:44:45.442 | DEBUG    | localization_association_rule_mining:__call__:392 - |notification                  |   -1.00|                                                            |0.000000|    0.00|0.000000|0.000000|       0|       0
2022-10-31 19:44:45.442 | DEBUG    | localization_association_rule_mining:__call__:392 - |ts-ui-dashboard               |   -1.00|                                                            |0.000000|    0.00|0.000000|0.000000|       0|       0
2022-10-31 19:44:45.442 | DEBUG    | localization_association_rule_mining:__call__:392 - |user                          |   -1.00|                                                            |0.000000|    0.00|0.000000|0.000000|       0|       0
2022-10-31 19:44:45.442 | DEBUG    | localization_association_rule_mining:__call__:392 - |route-plan                    |   -1.00|                                                            |0.000000|    0.00|0.000000|0.000000|       0|       0
2022-10-31 19:44:45.442 | DEBUG    | localization_association_rule_mining:__call__:392 - |preserve                      |   -1.00|                                                            |0.000000|    0.00|0.000000|0.000000|       0|       0
2022-10-31 19:44:45.442 | DEBUG    | localization_association_rule_mining:__call__:392 - |config                        |   -1.00|                                                            |0.000000|    0.00|0.000000|0.000000|       0|       0
2022-10-31 19:44:45.442 | DEBUG    | localization_association_rule_mining:__call__:392 - |travel2                       |   -1.00|                                                            |0.000000|    0.00|0.000000|0.000000|       0|       0
2022-10-31 19:44:45.442 | DEBUG    | localization_association_rule_mining:__call__:392 - |travel-plan                   |   -1.00|                                                            |0.000000|    0.00|0.000000|0.000000|       0|       0
2022-10-31 19:44:45.442 | DEBUG    | localization_association_rule_mining:__call__:392 - |assurance                     |   -1.00|                                                            |0.000000|    0.00|0.000000|0.000000|       0|       0
2022-10-31 19:44:45.443 | DEBUG    | localization_association_rule_mining:__call__:392 - |payment                       |   -1.00|                                                            |0.000000|    0.00|0.000000|0.000000|       0|       0
2022-10-31 19:44:45.443 | DEBUG    | localization_association_rule_mining:__call__:392 - |inside-payment                |   -1.00|                                                            |0.000000|    0.00|0.000000|0.000000|       0|       0
2022-10-31 19:44:45.443 | DEBUG    | localization_association_rule_mining:__call__:392 - |contacts                      |   -1.00|                                                            |0.000000|    0.00|0.000000|0.000000|       0|       0
2022-10-31 19:44:45.443 | DEBUG    | localization_association_rule_mining:__call__:392 - |price                         |   -1.00|                                                            |0.000000|    0.00|0.000000|0.000000|       0|       0
