2022-10-31 19:43:48.163 | DEBUG    | localization_association_rule_mining:__call__:388 - |item                          |score   |pattern                                                     |ps      |ips     |p(a|b)  |p(b|a)  |in      |out     
2022-10-31 19:43:48.163 | DEBUG    | localization_association_rule_mining:__call__:392 - |station                       |   54.57|station                                                     |0.482906|  113.00|0.482906|1.000000|     113|       0
2022-10-31 19:43:48.163 | DEBUG    | localization_association_rule_mining:__call__:392 - |route                         |   40.87|route                                                       |0.417021|   98.00|0.418803|0.989899|      98|       0
2022-10-31 19:43:48.163 | DEBUG    | localization_association_rule_mining:__call__:392 - |auth                          |   25.86|auth                                                        |0.315385|   82.00|0.350427|0.759259|       0|      82
2022-10-31 19:43:48.164 | DEBUG    | localization_association_rule_mining:__call__:392 - |food                          |   18.31|food                                                        |0.281633|   65.00|0.294872|0.862500|       0|      65
2022-10-31 19:43:48.164 | DEBUG    | localization_association_rule_mining:__call__:392 - |train                         |   14.38|train                                                       |0.247863|   58.00|0.247863|1.000000|      58|       0
2022-10-31 19:43:48.164 | DEBUG    | localization_association_rule_mining:__call__:392 - |food-map                      |   12.46|food-map                                                    |0.230769|   54.00|0.230769|1.000000|      54|       0
2022-10-31 19:43:48.164 | DEBUG    | localization_association_rule_mining:__call__:392 - |verification-code             |   11.32|verification-code                                           |0.138047|   82.00|0.350427|0.185520|      82|       0
2022-10-31 19:43:48.164 | DEBUG    | localization_association_rule_mining:__call__:392 - |config                        |    7.90|config                                                      |0.183761|   43.00|0.183761|1.000000|      43|       0
2022-10-31 19:43:48.164 | DEBUG    | localization_association_rule_mining:__call__:392 - |order                         |    7.72|order                                                       |0.183761|   42.00|0.183761|1.000000|      42|       0
2022-10-31 19:43:48.164 | DEBUG    | localization_association_rule_mining:__call__:392 - |travel                        |    6.18|travel                                                      |0.561702|   11.00|0.564103|0.992481|      95|     106
2022-10-31 19:43:48.164 | DEBUG    | localization_association_rule_mining:__call__:392 - |price                         |    4.38|price                                                       |0.136752|   32.00|0.136752|1.000000|      32|       0
2022-10-31 19:43:48.164 | DEBUG    | localization_association_rule_mining:__call__:392 - |seat                          |    3.28|seat                                                        |0.252137|   13.00|0.252137|1.000000|      41|      54
2022-10-31 19:43:48.164 | DEBUG    | localization_association_rule_mining:__call__:392 - |basic                         |    2.36|basic                                                       |0.294872|    8.00|0.294872|1.000000|      59|      67
2022-10-31 19:43:48.164 | DEBUG    | localization_association_rule_mining:__call__:392 - |ticketinfo                    |    1.15|ticketinfo                                                  |0.286325|    4.00|0.286325|1.000000|      55|      59
2022-10-31 19:43:48.164 | DEBUG    | localization_association_rule_mining:__call__:392 - |route-plan                    |   -1.00|                                                            |0.000000|    0.00|0.000000|0.000000|       0|       0
2022-10-31 19:43:48.164 | DEBUG    | localization_association_rule_mining:__call__:392 - |assurance                     |   -1.00|                                                            |0.000000|    0.00|0.000000|0.000000|       0|       0
2022-10-31 19:43:48.164 | DEBUG    | localization_association_rule_mining:__call__:392 - |travel2                       |   -1.00|                                                            |0.000000|    0.00|0.000000|0.000000|       0|       0
2022-10-31 19:43:48.164 | DEBUG    | localization_association_rule_mining:__call__:392 - |contacts                      |   -1.00|                                                            |0.000000|    0.00|0.000000|0.000000|       0|       0
2022-10-31 19:43:48.164 | DEBUG    | localization_association_rule_mining:__call__:392 - |consign                       |   -1.00|                                                            |0.000000|    0.00|0.000000|0.000000|       0|       0
2022-10-31 19:43:48.165 | DEBUG    | localization_association_rule_mining:__call__:392 - |travel-plan                   |   -1.00|                                                            |0.000000|    0.00|0.000000|0.000000|       0|       0
2022-10-31 19:43:48.165 | DEBUG    | localization_association_rule_mining:__call__:392 - |order-other                   |   -1.00|                                                            |0.000000|    0.00|0.000000|0.000000|       0|       0
