2022-11-16 15:57:18.306 | DEBUG    | localization_association_rule_mining:__call__:390 - |item                          |score   |pattern                                                     |ps      |ips     |p(a|b)  |p(b|a)  |in      |out     
2022-11-16 15:57:18.306 | DEBUG    | localization_association_rule_mining:__call__:394 - |train                         |   18.89|train                                                       |0.821429|   23.00|0.821429|1.000000|      23|       0
2022-11-16 15:57:18.306 | DEBUG    | localization_association_rule_mining:__call__:394 - |seat                          |   13.39|seat                                                        |0.892857|   15.00|0.892857|1.000000|       9|      24
2022-11-16 15:57:18.306 | DEBUG    | localization_association_rule_mining:__call__:394 - |basic                         |    9.00|basic                                                       |1.000000|    9.00|1.000000|1.000000|      11|      20
2022-11-16 15:57:18.306 | DEBUG    | localization_association_rule_mining:__call__:394 - |ticketinfo                    |    6.75|ticketinfo                                                  |0.964286|    7.00|0.964286|1.000000|       4|      11
2022-11-16 15:57:18.306 | DEBUG    | localization_association_rule_mining:__call__:394 - |travel                        |    3.20|travel                                                      |0.457627|    7.00|0.964286|0.465517|      27|      20
2022-11-16 15:57:18.306 | DEBUG    | localization_association_rule_mining:__call__:394 - |preserve                      |    2.89|preserve                                                    |0.321429|    9.00|0.321429|1.000000|       9|       0
2022-11-16 15:57:18.306 | DEBUG    | localization_association_rule_mining:__call__:394 - |config                        |    0.00|config                                                      |0.750000|    0.00|0.750000|1.000000|       0|       0
2022-11-16 15:57:18.307 | DEBUG    | localization_association_rule_mining:__call__:394 - |price                         |    0.00|price                                                       |0.607143|    0.00|0.607143|1.000000|       0|       0
2022-11-16 15:57:18.307 | DEBUG    | localization_association_rule_mining:__call__:394 - |route                         |    0.00|route                                                       |0.578947|    0.00|0.785714|0.687500|       0|       0
2022-11-16 15:57:18.307 | DEBUG    | localization_association_rule_mining:__call__:394 - |security                      |   -1.00|                                                            |0.000000|    0.00|0.000000|0.000000|       0|       0
2022-11-16 15:57:18.307 | DEBUG    | localization_association_rule_mining:__call__:394 - |station                       |   -1.00|                                                            |0.000000|    0.00|0.000000|0.000000|       0|       0
2022-11-16 15:57:18.307 | DEBUG    | localization_association_rule_mining:__call__:394 - |cancel                        |   -1.00|                                                            |0.000000|    0.00|0.000000|0.000000|       0|       0
2022-11-16 15:57:18.307 | DEBUG    | localization_association_rule_mining:__call__:394 - |verification-code             |   -1.00|                                                            |0.000000|    0.00|0.000000|0.000000|       0|       0
2022-11-16 15:57:18.307 | DEBUG    | localization_association_rule_mining:__call__:394 - |order-other                   |   -1.00|                                                            |0.000000|    0.00|0.000000|0.000000|       0|       0
2022-11-16 15:57:18.307 | DEBUG    | localization_association_rule_mining:__call__:394 - |contacts                      |   -1.00|                                                            |0.000000|    0.00|0.000000|0.000000|       0|       0
2022-11-16 15:57:18.307 | DEBUG    | localization_association_rule_mining:__call__:394 - |auth                          |   -1.00|                                                            |0.000000|    0.00|0.000000|0.000000|       0|       0
2022-11-16 15:57:18.307 | DEBUG    | localization_association_rule_mining:__call__:394 - |inside-payment                |   -1.00|                                                            |0.000000|    0.00|0.000000|0.000000|       0|       0
2022-11-16 15:57:18.307 | DEBUG    | localization_association_rule_mining:__call__:394 - |assurance                     |   -1.00|                                                            |0.000000|    0.00|0.000000|0.000000|       0|       0
2022-11-16 15:57:18.307 | DEBUG    | localization_association_rule_mining:__call__:394 - |notification                  |   -1.00|                                                            |0.000000|    0.00|0.000000|0.000000|       0|       0
2022-11-16 15:57:18.307 | DEBUG    | localization_association_rule_mining:__call__:394 - |consign                       |   -1.00|                                                            |0.000000|    0.00|0.000000|0.000000|       0|       0
2022-11-16 15:57:18.307 | DEBUG    | localization_association_rule_mining:__call__:394 - |order                         |   -1.00|                                                            |0.000000|    0.00|0.000000|0.000000|       0|       0
2022-11-16 15:57:18.307 | DEBUG    | localization_association_rule_mining:__call__:394 - |travel-plan                   |   -1.00|                                                            |0.000000|    0.00|0.000000|0.000000|       0|       0
2022-11-16 15:57:18.307 | DEBUG    | localization_association_rule_mining:__call__:394 - |food-map                      |   -1.00|                                                            |0.000000|    0.00|0.000000|0.000000|       0|       0
2022-11-16 15:57:18.307 | DEBUG    | localization_association_rule_mining:__call__:394 - |ts-ui-dashboard               |   -1.00|                                                            |0.000000|    0.00|0.000000|0.000000|       0|       0
2022-11-16 15:57:18.307 | DEBUG    | localization_association_rule_mining:__call__:394 - |user                          |   -1.00|                                                            |0.000000|    0.00|0.000000|0.000000|       0|       0
2022-11-16 15:57:18.308 | DEBUG    | localization_association_rule_mining:__call__:394 - |food                          |   -1.00|                                                            |0.000000|    0.00|0.000000|0.000000|       0|       0
2022-11-16 15:57:18.308 | DEBUG    | localization_association_rule_mining:__call__:394 - |admin-order                   |   -1.00|                                                            |0.000000|    0.00|0.000000|0.000000|       0|       0
