2022-10-31 19:43:40.432 | DEBUG    | localization_association_rule_mining:__call__:388 - |item                          |score   |pattern                                                     |ps      |ips     |p(a|b)  |p(b|a)  |in      |out     
2022-10-31 19:43:40.432 | DEBUG    | localization_association_rule_mining:__call__:392 - |station                       |   72.71|station                                                     |0.463127|  157.00|0.646091|0.620553|     157|       0
2022-10-31 19:43:40.432 | DEBUG    | localization_association_rule_mining:__call__:392 - |route                         |   21.84|route                                                       |0.299180|   73.00|0.300412|0.986486|      73|       0
2022-10-31 19:43:40.432 | DEBUG    | localization_association_rule_mining:__call__:392 - |order-other                   |   16.55|order-other                                                 |0.267016|   62.00|0.419753|0.423237|      20|      82
2022-10-31 19:43:40.432 | DEBUG    | localization_association_rule_mining:__call__:392 - |food                          |   12.43|food                                                        |0.289157|   43.00|0.296296|0.923077|      11|      54
2022-10-31 19:43:40.432 | DEBUG    | localization_association_rule_mining:__call__:392 - |food-map                      |    8.71|food-map                                                    |0.189300|   46.00|0.189300|1.000000|      46|       0
2022-10-31 19:43:40.432 | DEBUG    | localization_association_rule_mining:__call__:392 - |order                         |    8.11|order                                                       |0.124760|   65.00|0.267490|0.189504|      65|       0
2022-10-31 19:43:40.432 | DEBUG    | localization_association_rule_mining:__call__:392 - |cancel                        |    4.68|cancel                                                      |0.137652|   34.00|0.139918|0.894737|       0|      34
2022-10-31 19:43:40.432 | DEBUG    | localization_association_rule_mining:__call__:392 - |train                         |    4.21|train                                                       |0.131687|   32.00|0.131687|1.000000|      32|       0
2022-10-31 19:43:40.433 | DEBUG    | localization_association_rule_mining:__call__:392 - |auth                          |    3.98|auth                                                        |0.124514|   32.00|0.131687|0.695652|       0|      32
2022-10-31 19:43:40.433 | DEBUG    | localization_association_rule_mining:__call__:392 - |config                        |    3.23|config                                                      |0.115226|   28.00|0.115226|1.000000|      28|       0
2022-10-31 19:43:40.433 | DEBUG    | localization_association_rule_mining:__call__:392 - |price                         |    2.78|price                                                       |0.106996|   26.00|0.106996|1.000000|      26|       0
2022-10-31 19:43:40.433 | DEBUG    | localization_association_rule_mining:__call__:392 - |verification-code             |    2.58|verification-code                                           |0.080605|   32.00|0.131687|0.172043|      32|       0
2022-10-31 19:43:40.433 | DEBUG    | localization_association_rule_mining:__call__:392 - |travel                        |    0.69|travel                                                      |0.344262|    2.00|0.345679|0.988235|      69|      71
2022-10-31 19:43:40.433 | DEBUG    | localization_association_rule_mining:__call__:392 - |basic                         |    0.28|basic                                                       |0.139918|    2.00|0.139918|1.000000|      32|      34
2022-10-31 19:43:40.433 | DEBUG    | localization_association_rule_mining:__call__:392 - |ticketinfo                    |    0.00|ticketinfo                                                  |0.135802|    0.00|0.135802|1.000000|      32|      32
2022-10-31 19:43:40.433 | DEBUG    | localization_association_rule_mining:__call__:392 - |seat                          |    0.00|seat                                                        |0.127572|    0.00|0.127572|1.000000|      30|      30
2022-10-31 19:43:40.433 | DEBUG    | localization_association_rule_mining:__call__:392 - |contacts                      |   -1.00|                                                            |0.000000|    0.00|0.000000|0.000000|       0|       0
2022-10-31 19:43:40.433 | DEBUG    | localization_association_rule_mining:__call__:392 - |travel-plan                   |   -1.00|                                                            |0.000000|    0.00|0.000000|0.000000|       0|       0
2022-10-31 19:43:40.433 | DEBUG    | localization_association_rule_mining:__call__:392 - |preserve                      |   -1.00|                                                            |0.000000|    0.00|0.000000|0.000000|       0|       0
2022-10-31 19:43:40.433 | DEBUG    | localization_association_rule_mining:__call__:392 - |inside-payment                |   -1.00|                                                            |0.000000|    0.00|0.000000|0.000000|       0|       0
2022-10-31 19:43:40.433 | DEBUG    | localization_association_rule_mining:__call__:392 - |notification                  |   -1.00|                                                            |0.000000|    0.00|0.000000|0.000000|       0|       0
2022-10-31 19:43:40.433 | DEBUG    | localization_association_rule_mining:__call__:392 - |consign                       |   -1.00|                                                            |0.000000|    0.00|0.000000|0.000000|       0|       0
2022-10-31 19:43:40.433 | DEBUG    | localization_association_rule_mining:__call__:392 - |preserve-other                |   -1.00|                                                            |0.000000|    0.00|0.000000|0.000000|       0|       0
2022-10-31 19:43:40.433 | DEBUG    | localization_association_rule_mining:__call__:392 - |user                          |   -1.00|                                                            |0.000000|    0.00|0.000000|0.000000|       0|       0
2022-10-31 19:43:40.433 | DEBUG    | localization_association_rule_mining:__call__:392 - |route-plan                    |   -1.00|                                                            |0.000000|    0.00|0.000000|0.000000|       0|       0
2022-10-31 19:43:40.433 | DEBUG    | localization_association_rule_mining:__call__:392 - |admin-basic-info              |   -1.00|                                                            |0.000000|    0.00|0.000000|0.000000|       0|       0
2022-10-31 19:43:40.434 | DEBUG    | localization_association_rule_mining:__call__:392 - |security                      |   -1.00|                                                            |0.000000|    0.00|0.000000|0.000000|       0|       0
2022-10-31 19:43:40.434 | DEBUG    | localization_association_rule_mining:__call__:392 - |admin-route                   |   -1.00|                                                            |0.000000|    0.00|0.000000|0.000000|       0|       0
2022-10-31 19:43:40.434 | DEBUG    | localization_association_rule_mining:__call__:392 - |admin-order                   |   -1.00|                                                            |0.000000|    0.00|0.000000|0.000000|       0|       0
2022-10-31 19:43:40.434 | DEBUG    | localization_association_rule_mining:__call__:392 - |travel2                       |   -1.00|                                                            |0.000000|    0.00|0.000000|0.000000|       0|       0
2022-10-31 19:43:40.434 | DEBUG    | localization_association_rule_mining:__call__:392 - |ts-ui-dashboard               |   -1.00|                                                            |0.000000|    0.00|0.000000|0.000000|       0|       0
2022-10-31 19:43:40.434 | DEBUG    | localization_association_rule_mining:__call__:392 - |assurance                     |   -1.00|                                                            |0.000000|    0.00|0.000000|0.000000|       0|       0
2022-10-31 19:43:40.434 | DEBUG    | localization_association_rule_mining:__call__:392 - |payment                       |   -1.00|                                                            |0.000000|    0.00|0.000000|0.000000|       0|       0
