2022-10-31 19:48:38.446 | DEBUG    | localization_association_rule_mining:__call__:388 - |item                          |score   |pattern                                                     |ps      |ips     |p(a|b)  |p(b|a)  |in      |out     
2022-10-31 19:48:38.447 | DEBUG    | localization_association_rule_mining:__call__:392 - |station                       |   68.74|station                                                     |0.446377|  154.00|0.608696|0.626016|     154|       0
2022-10-31 19:48:38.447 | DEBUG    | localization_association_rule_mining:__call__:392 - |route                         |   20.49|route                                                       |0.284585|   72.00|0.284585|1.000000|      72|       0
2022-10-31 19:48:38.447 | DEBUG    | localization_association_rule_mining:__call__:392 - |order-other                   |   19.29|order-other                                                 |0.306180|   63.00|0.430830|0.514151|      23|      86
2022-10-31 19:48:38.447 | DEBUG    | localization_association_rule_mining:__call__:392 - |order                         |   11.97|order                                                       |0.157464|   76.00|0.304348|0.246006|      76|       0
2022-10-31 19:48:38.447 | DEBUG    | localization_association_rule_mining:__call__:392 - |food                          |   10.33|food                                                        |0.279070|   37.00|0.284585|0.935065|      12|      49
2022-10-31 19:48:38.447 | DEBUG    | localization_association_rule_mining:__call__:392 - |cancel                        |    8.11|cancel                                                      |0.176245|   46.00|0.181818|0.851852|       0|      46
2022-10-31 19:48:38.447 | DEBUG    | localization_association_rule_mining:__call__:392 - |food-map                      |    7.65|food-map                                                    |0.173913|   44.00|0.173913|1.000000|      44|       0
2022-10-31 19:48:38.447 | DEBUG    | localization_association_rule_mining:__call__:392 - |train                         |    4.30|train                                                       |0.130435|   33.00|0.130435|1.000000|      33|       0
2022-10-31 19:48:38.447 | DEBUG    | localization_association_rule_mining:__call__:392 - |config                        |    2.88|config                                                      |0.106719|   27.00|0.106719|1.000000|      27|       0
2022-10-31 19:48:38.447 | DEBUG    | localization_association_rule_mining:__call__:392 - |auth                          |    2.78|auth                                                        |0.103053|   27.00|0.106719|0.750000|       0|      27
2022-10-31 19:48:38.447 | DEBUG    | localization_association_rule_mining:__call__:392 - |price                         |    2.67|price                                                       |0.102767|   26.00|0.102767|1.000000|      26|       0
2022-10-31 19:48:38.447 | DEBUG    | localization_association_rule_mining:__call__:392 - |travel                        |    2.41|travel                                                      |0.343874|    7.00|0.343874|1.000000|      65|      72
2022-10-31 19:48:38.447 | DEBUG    | localization_association_rule_mining:__call__:392 - |verification-code             |    1.95|verification-code                                           |0.072386|   27.00|0.106719|0.183673|      27|       0
2022-10-31 19:48:38.447 | DEBUG    | localization_association_rule_mining:__call__:392 - |user                          |    1.32|user                                                        |0.110236|   12.00|0.110672|0.965517|      12|       0
2022-10-31 19:48:38.447 | DEBUG    | localization_association_rule_mining:__call__:392 - |seat                          |    0.39|seat                                                        |0.130435|    3.00|0.130435|1.000000|      29|      32
2022-10-31 19:48:38.448 | DEBUG    | localization_association_rule_mining:__call__:392 - |ticketinfo                    |    0.38|ticketinfo                                                  |0.126482|    3.00|0.126482|1.000000|      32|      29
2022-10-31 19:48:38.448 | DEBUG    | localization_association_rule_mining:__call__:392 - |basic                         |    0.12|basic                                                       |0.122530|    1.00|0.122530|1.000000|      29|      30
2022-10-31 19:48:38.448 | DEBUG    | localization_association_rule_mining:__call__:392 - |notification                  |    0.00|notification                                                |0.113281|    0.00|0.114625|0.906250|       0|       0
2022-10-31 19:48:38.448 | DEBUG    | localization_association_rule_mining:__call__:392 - |travel-plan                   |   -1.00|                                                            |0.000000|    0.00|0.000000|0.000000|       0|       0
2022-10-31 19:48:38.448 | DEBUG    | localization_association_rule_mining:__call__:392 - |travel2                       |   -1.00|                                                            |0.000000|    0.00|0.000000|0.000000|       0|       0
2022-10-31 19:48:38.448 | DEBUG    | localization_association_rule_mining:__call__:392 - |inside-payment                |   -1.00|                                                            |0.000000|    0.00|0.000000|0.000000|       0|       0
2022-10-31 19:48:38.448 | DEBUG    | localization_association_rule_mining:__call__:392 - |route-plan                    |   -1.00|                                                            |0.000000|    0.00|0.000000|0.000000|       0|       0
2022-10-31 19:48:38.448 | DEBUG    | localization_association_rule_mining:__call__:392 - |admin-order                   |   -1.00|                                                            |0.000000|    0.00|0.000000|0.000000|       0|       0
2022-10-31 19:48:38.448 | DEBUG    | localization_association_rule_mining:__call__:392 - |payment                       |   -1.00|                                                            |0.000000|    0.00|0.000000|0.000000|       0|       0
2022-10-31 19:48:38.448 | DEBUG    | localization_association_rule_mining:__call__:392 - |assurance                     |   -1.00|                                                            |0.000000|    0.00|0.000000|0.000000|       0|       0
2022-10-31 19:48:38.448 | DEBUG    | localization_association_rule_mining:__call__:392 - |preserve-other                |   -1.00|                                                            |0.000000|    0.00|0.000000|0.000000|       0|       0
2022-10-31 19:48:38.448 | DEBUG    | localization_association_rule_mining:__call__:392 - |consign                       |   -1.00|                                                            |0.000000|    0.00|0.000000|0.000000|       0|       0
2022-10-31 19:48:38.448 | DEBUG    | localization_association_rule_mining:__call__:392 - |contacts                      |   -1.00|                                                            |0.000000|    0.00|0.000000|0.000000|       0|       0
2022-10-31 19:48:38.448 | DEBUG    | localization_association_rule_mining:__call__:392 - |preserve                      |   -1.00|                                                            |0.000000|    0.00|0.000000|0.000000|       0|       0
2022-10-31 19:48:38.448 | DEBUG    | localization_association_rule_mining:__call__:392 - |ts-ui-dashboard               |   -1.00|                                                            |0.000000|    0.00|0.000000|0.000000|       0|       0
2022-10-31 19:48:38.448 | DEBUG    | localization_association_rule_mining:__call__:392 - |security                      |   -1.00|                                                            |0.000000|    0.00|0.000000|0.000000|       0|       0
