2022-10-31 19:45:44.500 | DEBUG    | localization_association_rule_mining:__call__:388 - |item                          |score   |pattern                                                     |ps      |ips     |p(a|b)  |p(b|a)  |in      |out     
2022-10-31 19:45:44.500 | DEBUG    | localization_association_rule_mining:__call__:392 - |station                       |   98.13|station                                                     |0.462882|  212.00|0.603989|0.664577|     212|       0
2022-10-31 19:45:44.500 | DEBUG    | localization_association_rule_mining:__call__:392 - |route                         |   34.47|route                                                       |0.313390|  110.00|0.313390|1.000000|     110|       0
2022-10-31 19:45:44.500 | DEBUG    | localization_association_rule_mining:__call__:392 - |order                         |   24.53|order                                                       |0.196232|  125.00|0.356125|0.304136|     125|       0
2022-10-31 19:45:44.500 | DEBUG    | localization_association_rule_mining:__call__:392 - |train                         |   13.17|train                                                       |0.193732|   68.00|0.193732|1.000000|      68|       0
2022-10-31 19:45:44.500 | DEBUG    | localization_association_rule_mining:__call__:392 - |cancel                        |   11.38|cancel                                                      |0.177778|   64.00|0.182336|0.876712|       0|      64
2022-10-31 19:45:44.501 | DEBUG    | localization_association_rule_mining:__call__:392 - |order-other                   |   11.34|order-other                                                 |0.270059|   42.00|0.393162|0.463087|      48|      90
2022-10-31 19:45:44.501 | DEBUG    | localization_association_rule_mining:__call__:392 - |food                          |   10.63|food                                                        |0.241667|   44.00|0.247863|0.906250|      19|      63
2022-10-31 19:45:44.501 | DEBUG    | localization_association_rule_mining:__call__:392 - |food-map                      |    7.41|food-map                                                    |0.145299|   51.00|0.145299|1.000000|      51|       0
2022-10-31 19:45:44.501 | DEBUG    | localization_association_rule_mining:__call__:392 - |config                        |    6.84|config                                                      |0.139601|   49.00|0.139601|1.000000|      49|       0
2022-10-31 19:45:44.501 | DEBUG    | localization_association_rule_mining:__call__:392 - |price                         |    5.77|price                                                       |0.128205|   45.00|0.128205|1.000000|      45|       0
2022-10-31 19:45:44.501 | DEBUG    | localization_association_rule_mining:__call__:392 - |travel                        |    5.46|travel                                                      |0.390313|   14.00|0.390313|1.000000|      99|     113
2022-10-31 19:45:44.501 | DEBUG    | localization_association_rule_mining:__call__:392 - |auth                          |    3.86|auth                                                        |0.101604|   38.00|0.108262|0.622951|       0|      38
2022-10-31 19:45:44.501 | DEBUG    | localization_association_rule_mining:__call__:392 - |seat                          |    3.16|seat                                                        |0.210826|   15.00|0.210826|1.000000|      52|      67
2022-10-31 19:45:44.501 | DEBUG    | localization_association_rule_mining:__call__:392 - |verification-code             |    2.78|verification-code                                           |0.073218|   38.00|0.108262|0.184466|      38|       0
2022-10-31 19:45:44.501 | DEBUG    | localization_association_rule_mining:__call__:392 - |user                          |    2.15|user                                                        |0.107345|   20.00|0.108262|0.926829|      20|       0
2022-10-31 19:45:44.501 | DEBUG    | localization_association_rule_mining:__call__:392 - |basic                         |    1.91|basic                                                       |0.239316|    8.00|0.239316|1.000000|      73|      81
2022-10-31 19:45:44.501 | DEBUG    | localization_association_rule_mining:__call__:392 - |ticketinfo                    |    0.24|ticketinfo                                                  |0.236467|    1.00|0.236467|1.000000|      74|      73
2022-10-31 19:45:44.501 | DEBUG    | localization_association_rule_mining:__call__:392 - |notification                  |    0.00|notification                                                |0.113636|    0.00|0.113960|0.975610|       0|       0
2022-10-31 19:45:44.501 | DEBUG    | localization_association_rule_mining:__call__:392 - |route-plan                    |   -1.00|                                                            |0.000000|    0.00|0.000000|0.000000|       0|       0
2022-10-31 19:45:44.501 | DEBUG    | localization_association_rule_mining:__call__:392 - |payment                       |   -1.00|                                                            |0.000000|    0.00|0.000000|0.000000|       0|       0
2022-10-31 19:45:44.501 | DEBUG    | localization_association_rule_mining:__call__:392 - |contacts                      |   -1.00|                                                            |0.000000|    0.00|0.000000|0.000000|       0|       0
2022-10-31 19:45:44.502 | DEBUG    | localization_association_rule_mining:__call__:392 - |preserve-other                |   -1.00|                                                            |0.000000|    0.00|0.000000|0.000000|       0|       0
2022-10-31 19:45:44.502 | DEBUG    | localization_association_rule_mining:__call__:392 - |security                      |   -1.00|                                                            |0.000000|    0.00|0.000000|0.000000|       0|       0
2022-10-31 19:45:44.502 | DEBUG    | localization_association_rule_mining:__call__:392 - |inside-payment                |   -1.00|                                                            |0.000000|    0.00|0.000000|0.000000|       0|       0
2022-10-31 19:45:44.502 | DEBUG    | localization_association_rule_mining:__call__:392 - |assurance                     |   -1.00|                                                            |0.000000|    0.00|0.000000|0.000000|       0|       0
2022-10-31 19:45:44.502 | DEBUG    | localization_association_rule_mining:__call__:392 - |admin-order                   |   -1.00|                                                            |0.000000|    0.00|0.000000|0.000000|       0|       0
2022-10-31 19:45:44.502 | DEBUG    | localization_association_rule_mining:__call__:392 - |ts-ui-dashboard               |   -1.00|                                                            |0.000000|    0.00|0.000000|0.000000|       0|       0
2022-10-31 19:45:44.502 | DEBUG    | localization_association_rule_mining:__call__:392 - |preserve                      |   -1.00|                                                            |0.000000|    0.00|0.000000|0.000000|       0|       0
2022-10-31 19:45:44.502 | DEBUG    | localization_association_rule_mining:__call__:392 - |travel2                       |   -1.00|                                                            |0.000000|    0.00|0.000000|0.000000|       0|       0
2022-10-31 19:45:44.502 | DEBUG    | localization_association_rule_mining:__call__:392 - |consign                       |   -1.00|                                                            |0.000000|    0.00|0.000000|0.000000|       0|       0
2022-10-31 19:45:44.502 | DEBUG    | localization_association_rule_mining:__call__:392 - |travel-plan                   |   -1.00|                                                            |0.000000|    0.00|0.000000|0.000000|       0|       0
