2022-10-31 19:49:15.754 | DEBUG    | localization_association_rule_mining:__call__:388 - |item                          |score   |pattern                                                     |ps      |ips     |p(a|b)  |p(b|a)  |in      |out     
2022-10-31 19:49:15.754 | DEBUG    | localization_association_rule_mining:__call__:392 - |station                       |   42.57|station                                                     |0.448113|   95.00|0.524862|0.753968|      95|       0
2022-10-31 19:49:15.754 | DEBUG    | localization_association_rule_mining:__call__:392 - |auth                          |   20.78|auth                                                        |0.335135|   62.00|0.342541|0.939394|       0|      62
2022-10-31 19:49:15.754 | DEBUG    | localization_association_rule_mining:__call__:392 - |verification-code             |    9.78|verification-code                                           |0.157761|   62.00|0.342541|0.226277|      62|       0
2022-10-31 19:49:15.754 | DEBUG    | localization_association_rule_mining:__call__:392 - |route                         |    8.84|route                                                       |0.220994|   40.00|0.220994|1.000000|      40|       0
2022-10-31 19:49:15.754 | DEBUG    | localization_association_rule_mining:__call__:392 - |order-other                   |    7.71|order-other                                                 |0.240838|   32.00|0.254144|0.821429|       7|      39
2022-10-31 19:49:15.754 | DEBUG    | localization_association_rule_mining:__call__:392 - |order                         |    7.31|order                                                       |0.178261|   41.00|0.226519|0.455556|      41|       0
2022-10-31 19:49:15.755 | DEBUG    | localization_association_rule_mining:__call__:392 - |train                         |    4.33|train                                                       |0.154696|   28.00|0.154696|1.000000|      28|       0
2022-10-31 19:49:15.755 | DEBUG    | localization_association_rule_mining:__call__:392 - |food                          |    3.87|food                                                        |0.193548|   20.00|0.198895|0.878049|       7|      27
2022-10-31 19:49:15.755 | DEBUG    | localization_association_rule_mining:__call__:392 - |food-map                      |    3.45|food-map                                                    |0.138122|   25.00|0.138122|1.000000|      25|       0
2022-10-31 19:49:15.755 | DEBUG    | localization_association_rule_mining:__call__:392 - |config                        |    2.44|config                                                      |0.116022|   21.00|0.116022|1.000000|      21|       0
2022-10-31 19:49:15.755 | DEBUG    | localization_association_rule_mining:__call__:392 - |travel                        |    0.83|travel                                                      |0.276243|    3.00|0.276243|1.000000|      37|      40
2022-10-31 19:49:15.755 | DEBUG    | localization_association_rule_mining:__call__:392 - |basic                         |    0.69|basic                                                       |0.171271|    4.00|0.171271|1.000000|      27|      31
2022-10-31 19:49:15.755 | DEBUG    | localization_association_rule_mining:__call__:392 - |seat                          |    0.60|seat                                                        |0.149171|    4.00|0.149171|1.000000|      23|      27
2022-10-31 19:49:15.755 | DEBUG    | localization_association_rule_mining:__call__:392 - |ticketinfo                    |    0.16|ticketinfo                                                  |0.160221|    1.00|0.160221|1.000000|      26|      27
2022-10-31 19:49:15.755 | DEBUG    | localization_association_rule_mining:__call__:392 - |preserve                      |   -1.00|                                                            |0.000000|    0.00|0.000000|0.000000|       0|       0
2022-10-31 19:49:15.755 | DEBUG    | localization_association_rule_mining:__call__:392 - |user                          |   -1.00|                                                            |0.000000|    0.00|0.000000|0.000000|       0|       0
2022-10-31 19:49:15.755 | DEBUG    | localization_association_rule_mining:__call__:392 - |notification                  |   -1.00|                                                            |0.000000|    0.00|0.000000|0.000000|       0|       0
2022-10-31 19:49:15.755 | DEBUG    | localization_association_rule_mining:__call__:392 - |travel-plan                   |   -1.00|                                                            |0.000000|    0.00|0.000000|0.000000|       0|       0
2022-10-31 19:49:15.755 | DEBUG    | localization_association_rule_mining:__call__:392 - |inside-payment                |   -1.00|                                                            |0.000000|    0.00|0.000000|0.000000|       0|       0
2022-10-31 19:49:15.755 | DEBUG    | localization_association_rule_mining:__call__:392 - |ts-ui-dashboard               |   -1.00|                                                            |0.000000|    0.00|0.000000|0.000000|       0|       0
2022-10-31 19:49:15.755 | DEBUG    | localization_association_rule_mining:__call__:392 - |price                         |   -1.00|                                                            |0.000000|    0.00|0.000000|0.000000|       0|       0
2022-10-31 19:49:15.755 | DEBUG    | localization_association_rule_mining:__call__:392 - |route-plan                    |   -1.00|                                                            |0.000000|    0.00|0.000000|0.000000|       0|       0
2022-10-31 19:49:15.755 | DEBUG    | localization_association_rule_mining:__call__:392 - |security                      |   -1.00|                                                            |0.000000|    0.00|0.000000|0.000000|       0|       0
2022-10-31 19:49:15.755 | DEBUG    | localization_association_rule_mining:__call__:392 - |cancel                        |   -1.00|                                                            |0.000000|    0.00|0.000000|0.000000|       0|       0
2022-10-31 19:49:15.756 | DEBUG    | localization_association_rule_mining:__call__:392 - |travel2                       |   -1.00|                                                            |0.000000|    0.00|0.000000|0.000000|       0|       0
2022-10-31 19:49:15.756 | DEBUG    | localization_association_rule_mining:__call__:392 - |contacts                      |   -1.00|                                                            |0.000000|    0.00|0.000000|0.000000|       0|       0
2022-10-31 19:49:15.756 | DEBUG    | localization_association_rule_mining:__call__:392 - |consign                       |   -1.00|                                                            |0.000000|    0.00|0.000000|0.000000|       0|       0
2022-10-31 19:49:15.756 | DEBUG    | localization_association_rule_mining:__call__:392 - |payment                       |   -1.00|                                                            |0.000000|    0.00|0.000000|0.000000|       0|       0
2022-10-31 19:49:15.756 | DEBUG    | localization_association_rule_mining:__call__:392 - |assurance                     |   -1.00|                                                            |0.000000|    0.00|0.000000|0.000000|       0|       0
