2022-10-31 19:47:51.315 | DEBUG    | localization_association_rule_mining:__call__:388 - |item                          |score   |pattern                                                     |ps      |ips     |p(a|b)  |p(b|a)  |in      |out     
2022-10-31 19:47:51.315 | DEBUG    | localization_association_rule_mining:__call__:392 - |station                       |  153.41|station                                                     |0.527174|  291.00|0.642384|0.746154|     291|       0
2022-10-31 19:47:51.316 | DEBUG    | localization_association_rule_mining:__call__:392 - |route                         |   45.77|route                                                       |0.317881|  144.00|0.317881|1.000000|     144|       0
2022-10-31 19:47:51.316 | DEBUG    | localization_association_rule_mining:__call__:392 - |order                         |   21.04|order                                                       |0.163138|  129.00|0.289183|0.272349|     129|       0
2022-10-31 19:47:51.316 | DEBUG    | localization_association_rule_mining:__call__:392 - |train                         |   19.92|train                                                       |0.209713|   95.00|0.209713|1.000000|      95|       0
2022-10-31 19:47:51.316 | DEBUG    | localization_association_rule_mining:__call__:392 - |order-other                   |   19.26|order-other                                                 |0.256778|   75.00|0.355408|0.480597|      43|     118
2022-10-31 19:47:51.316 | DEBUG    | localization_association_rule_mining:__call__:392 - |travel                        |   16.26|travel                                                      |0.396476|   41.00|0.397351|0.994475|     107|     148
2022-10-31 19:47:51.316 | DEBUG    | localization_association_rule_mining:__call__:392 - |food                          |   13.77|food                                                        |0.229508|   60.00|0.247241|0.761905|      22|      82
2022-10-31 19:47:51.316 | DEBUG    | localization_association_rule_mining:__call__:392 - |basic                         |    8.08|basic                                                       |0.269316|   30.00|0.269316|1.000000|      90|     120
2022-10-31 19:47:51.316 | DEBUG    | localization_association_rule_mining:__call__:392 - |price                         |    7.17|price                                                       |0.125828|   57.00|0.125828|1.000000|      57|       0
2022-10-31 19:47:51.316 | DEBUG    | localization_association_rule_mining:__call__:392 - |food-map                      |    6.92|food-map                                                    |0.125828|   55.00|0.125828|1.000000|      55|       0
2022-10-31 19:47:51.316 | DEBUG    | localization_association_rule_mining:__call__:392 - |cancel                        |    6.75|cancel                                                      |0.118503|   57.00|0.125828|0.670588|       0|      57
2022-10-31 19:47:51.316 | DEBUG    | localization_association_rule_mining:__call__:392 - |config                        |    6.44|config                                                      |0.119205|   54.00|0.119205|1.000000|      54|       0
2022-10-31 19:47:51.316 | DEBUG    | localization_association_rule_mining:__call__:392 - |seat                          |    6.06|seat                                                        |0.216336|   28.00|0.216336|1.000000|      60|      88
2022-10-31 19:47:51.316 | DEBUG    | localization_association_rule_mining:__call__:392 - |ticketinfo                    |    0.98|ticketinfo                                                  |0.245033|    4.00|0.245033|1.000000|      94|      90
2022-10-31 19:47:51.316 | DEBUG    | localization_association_rule_mining:__call__:392 - |auth                          |   -1.00|                                                            |0.000000|    0.00|0.000000|0.000000|       0|       0
2022-10-31 19:47:51.317 | DEBUG    | localization_association_rule_mining:__call__:392 - |ts-ui-dashboard               |   -1.00|                                                            |0.000000|    0.00|0.000000|0.000000|       0|       0
2022-10-31 19:47:51.317 | DEBUG    | localization_association_rule_mining:__call__:392 - |security                      |   -1.00|                                                            |0.000000|    0.00|0.000000|0.000000|       0|       0
2022-10-31 19:47:51.317 | DEBUG    | localization_association_rule_mining:__call__:392 - |verification-code             |   -1.00|                                                            |0.000000|    0.00|0.000000|0.000000|       0|       0
2022-10-31 19:47:51.317 | DEBUG    | localization_association_rule_mining:__call__:392 - |admin-user                    |   -1.00|                                                            |0.000000|    0.00|0.000000|0.000000|       0|       0
2022-10-31 19:47:51.317 | DEBUG    | localization_association_rule_mining:__call__:392 - |consign                       |   -1.00|                                                            |0.000000|    0.00|0.000000|0.000000|       0|       0
2022-10-31 19:47:51.317 | DEBUG    | localization_association_rule_mining:__call__:392 - |route-plan                    |   -1.00|                                                            |0.000000|    0.00|0.000000|0.000000|       0|       0
2022-10-31 19:47:51.317 | DEBUG    | localization_association_rule_mining:__call__:392 - |user                          |   -1.00|                                                            |0.000000|    0.00|0.000000|0.000000|       0|       0
2022-10-31 19:47:51.317 | DEBUG    | localization_association_rule_mining:__call__:392 - |payment                       |   -1.00|                                                            |0.000000|    0.00|0.000000|0.000000|       0|       0
2022-10-31 19:47:51.317 | DEBUG    | localization_association_rule_mining:__call__:392 - |notification                  |   -1.00|                                                            |0.000000|    0.00|0.000000|0.000000|       0|       0
2022-10-31 19:47:51.317 | DEBUG    | localization_association_rule_mining:__call__:392 - |admin-route                   |   -1.00|                                                            |0.000000|    0.00|0.000000|0.000000|       0|       0
2022-10-31 19:47:51.317 | DEBUG    | localization_association_rule_mining:__call__:392 - |travel2                       |   -1.00|                                                            |0.000000|    0.00|0.000000|0.000000|       0|       0
2022-10-31 19:47:51.317 | DEBUG    | localization_association_rule_mining:__call__:392 - |travel-plan                   |   -1.00|                                                            |0.000000|    0.00|0.000000|0.000000|       0|       0
2022-10-31 19:47:51.317 | DEBUG    | localization_association_rule_mining:__call__:392 - |admin-order                   |   -1.00|                                                            |0.000000|    0.00|0.000000|0.000000|       0|       0
2022-10-31 19:47:51.317 | DEBUG    | localization_association_rule_mining:__call__:392 - |assurance                     |   -1.00|                                                            |0.000000|    0.00|0.000000|0.000000|       0|       0
2022-10-31 19:47:51.317 | DEBUG    | localization_association_rule_mining:__call__:392 - |preserve                      |   -1.00|                                                            |0.000000|    0.00|0.000000|0.000000|       0|       0
2022-10-31 19:47:51.317 | DEBUG    | localization_association_rule_mining:__call__:392 - |admin-travel                  |   -1.00|                                                            |0.000000|    0.00|0.000000|0.000000|       0|       0
2022-10-31 19:47:51.317 | DEBUG    | localization_association_rule_mining:__call__:392 - |preserve-other                |   -1.00|                                                            |0.000000|    0.00|0.000000|0.000000|       0|       0
2022-10-31 19:47:51.317 | DEBUG    | localization_association_rule_mining:__call__:392 - |inside-payment                |   -1.00|                                                            |0.000000|    0.00|0.000000|0.000000|       0|       0
2022-10-31 19:47:51.317 | DEBUG    | localization_association_rule_mining:__call__:392 - |contacts                      |   -1.00|                                                            |0.000000|    0.00|0.000000|0.000000|       0|       0
