2022-10-31 19:46:37.088 | DEBUG    | localization_association_rule_mining:__call__:388 - |item                          |score   |pattern                                                     |ps      |ips     |p(a|b)  |p(b|a)  |in      |out     
2022-10-31 19:46:37.089 | DEBUG    | localization_association_rule_mining:__call__:392 - |station                       |   59.18|station                                                     |0.451724|  131.00|0.603687|0.642157|     131|       0
2022-10-31 19:46:37.089 | DEBUG    | localization_association_rule_mining:__call__:392 - |route                         |   20.07|route                                                       |0.304147|   66.00|0.304147|1.000000|      66|       0
2022-10-31 19:46:37.089 | DEBUG    | localization_association_rule_mining:__call__:392 - |food                          |   13.00|food                                                        |0.295455|   44.00|0.299539|0.955882|      10|      54
2022-10-31 19:46:37.089 | DEBUG    | localization_association_rule_mining:__call__:392 - |food-map                      |   10.40|food-map                                                    |0.221198|   47.00|0.221198|1.000000|      47|       0
2022-10-31 19:46:37.089 | DEBUG    | localization_association_rule_mining:__call__:392 - |order                         |    9.03|order                                                       |0.138889|   65.00|0.299539|0.205696|      65|       0
2022-10-31 19:46:37.089 | DEBUG    | localization_association_rule_mining:__call__:392 - |order-other                   |    7.51|order-other                                                 |0.227528|   33.00|0.373272|0.368182|      24|      57
2022-10-31 19:46:37.089 | DEBUG    | localization_association_rule_mining:__call__:392 - |cancel                        |    5.52|cancel                                                      |0.157658|   35.00|0.161290|0.875000|       0|      35
2022-10-31 19:46:37.089 | DEBUG    | localization_association_rule_mining:__call__:392 - |auth                          |    5.14|auth                                                        |0.151111|   34.00|0.156682|0.809524|       0|      34
2022-10-31 19:46:37.089 | DEBUG    | localization_association_rule_mining:__call__:392 - |train                         |    4.72|train                                                       |0.147465|   32.00|0.147465|1.000000|      32|       0
2022-10-31 19:46:37.089 | DEBUG    | localization_association_rule_mining:__call__:392 - |verification-code             |    3.29|verification-code                                           |0.096866|   34.00|0.156682|0.202381|      34|       0
2022-10-31 19:46:37.089 | DEBUG    | localization_association_rule_mining:__call__:392 - |price                         |    3.10|price                                                       |0.119266|   26.00|0.119816|0.962963|      26|       0
2022-10-31 19:46:37.089 | DEBUG    | localization_association_rule_mining:__call__:392 - |config                        |    2.88|config                                                      |0.115207|   25.00|0.115207|1.000000|      25|       0
2022-10-31 19:46:37.089 | DEBUG    | localization_association_rule_mining:__call__:392 - |travel                        |    1.53|travel                                                      |0.382488|    4.00|0.382488|1.000000|      71|      67
2022-10-31 19:46:37.090 | DEBUG    | localization_association_rule_mining:__call__:392 - |user                          |    1.10|user                                                        |0.110092|   10.00|0.110599|0.960000|      10|       0
2022-10-31 19:46:37.090 | DEBUG    | localization_association_rule_mining:__call__:392 - |seat                          |    0.43|seat                                                        |0.142857|    3.00|0.142857|1.000000|      27|      30
2022-10-31 19:46:37.090 | DEBUG    | localization_association_rule_mining:__call__:392 - |ticketinfo                    |    0.32|ticketinfo                                                  |0.161290|    2.00|0.161290|1.000000|      31|      33
2022-10-31 19:46:37.090 | DEBUG    | localization_association_rule_mining:__call__:392 - |basic                         |    0.16|basic                                                       |0.156682|    1.00|0.156682|1.000000|      33|      34
2022-10-31 19:46:37.090 | DEBUG    | localization_association_rule_mining:__call__:392 - |notification                  |    0.00|notification                                                |0.118721|    0.00|0.119816|0.928571|       0|       0
2022-10-31 19:46:37.090 | DEBUG    | localization_association_rule_mining:__call__:392 - |contacts                      |   -1.00|                                                            |0.000000|    0.00|0.000000|0.000000|       0|       0
2022-10-31 19:46:37.090 | DEBUG    | localization_association_rule_mining:__call__:392 - |travel-plan                   |   -1.00|                                                            |0.000000|    0.00|0.000000|0.000000|       0|       0
2022-10-31 19:46:37.090 | DEBUG    | localization_association_rule_mining:__call__:392 - |payment                       |   -1.00|                                                            |0.000000|    0.00|0.000000|0.000000|       0|       0
2022-10-31 19:46:37.090 | DEBUG    | localization_association_rule_mining:__call__:392 - |route-plan                    |   -1.00|                                                            |0.000000|    0.00|0.000000|0.000000|       0|       0
2022-10-31 19:46:37.090 | DEBUG    | localization_association_rule_mining:__call__:392 - |ts-ui-dashboard               |   -1.00|                                                            |0.000000|    0.00|0.000000|0.000000|       0|       0
2022-10-31 19:46:37.090 | DEBUG    | localization_association_rule_mining:__call__:392 - |inside-payment                |   -1.00|                                                            |0.000000|    0.00|0.000000|0.000000|       0|       0
2022-10-31 19:46:37.090 | DEBUG    | localization_association_rule_mining:__call__:392 - |security                      |   -1.00|                                                            |0.000000|    0.00|0.000000|0.000000|       0|       0
2022-10-31 19:46:37.090 | DEBUG    | localization_association_rule_mining:__call__:392 - |preserve                      |   -1.00|                                                            |0.000000|    0.00|0.000000|0.000000|       0|       0
2022-10-31 19:46:37.090 | DEBUG    | localization_association_rule_mining:__call__:392 - |travel2                       |   -1.00|                                                            |0.000000|    0.00|0.000000|0.000000|       0|       0
2022-10-31 19:46:37.090 | DEBUG    | localization_association_rule_mining:__call__:392 - |admin-travel                  |   -1.00|                                                            |0.000000|    0.00|0.000000|0.000000|       0|       0
2022-10-31 19:46:37.090 | DEBUG    | localization_association_rule_mining:__call__:392 - |admin-route                   |   -1.00|                                                            |0.000000|    0.00|0.000000|0.000000|       0|       0
2022-10-31 19:46:37.090 | DEBUG    | localization_association_rule_mining:__call__:392 - |preserve-other                |   -1.00|                                                            |0.000000|    0.00|0.000000|0.000000|       0|       0
2022-10-31 19:46:37.090 | DEBUG    | localization_association_rule_mining:__call__:392 - |consign                       |   -1.00|                                                            |0.000000|    0.00|0.000000|0.000000|       0|       0
2022-10-31 19:46:37.090 | DEBUG    | localization_association_rule_mining:__call__:392 - |admin-basic-info              |   -1.00|                                                            |0.000000|    0.00|0.000000|0.000000|       0|       0
2022-10-31 19:46:37.091 | DEBUG    | localization_association_rule_mining:__call__:392 - |assurance                     |   -1.00|                                                            |0.000000|    0.00|0.000000|0.000000|       0|       0
2022-10-31 19:46:37.091 | DEBUG    | localization_association_rule_mining:__call__:392 - |admin-order                   |   -1.00|                                                            |0.000000|    0.00|0.000000|0.000000|       0|       0
