2022-10-31 19:43:32.336 | DEBUG    | localization_association_rule_mining:__call__:388 - |item                          |score   |pattern                                                     |ps      |ips     |p(a|b)  |p(b|a)  |in      |out     
2022-10-31 19:43:32.336 | DEBUG    | localization_association_rule_mining:__call__:392 - |station                       |   46.82|station                                                     |0.450216|  104.00|0.634146|0.608187|     104|       0
2022-10-31 19:43:32.336 | DEBUG    | localization_association_rule_mining:__call__:392 - |order-other                   |   25.55|order-other                                                 |0.440476|   58.00|0.451220|0.948718|       8|      66
2022-10-31 19:43:32.336 | DEBUG    | localization_association_rule_mining:__call__:392 - |route                         |    7.90|route                                                       |0.219512|   36.00|0.219512|1.000000|      36|       0
2022-10-31 19:43:32.336 | DEBUG    | localization_association_rule_mining:__call__:392 - |food                          |    7.20|food                                                        |0.218182|   33.00|0.219512|0.972973|       1|      34
2022-10-31 19:43:32.336 | DEBUG    | localization_association_rule_mining:__call__:392 - |food-map                      |    7.05|food-map                                                    |0.207317|   34.00|0.207317|1.000000|      34|       0
2022-10-31 19:43:32.336 | DEBUG    | localization_association_rule_mining:__call__:392 - |order                         |    6.52|order                                                       |0.158915|   41.00|0.250000|0.303704|      41|       0
2022-10-31 19:43:32.337 | DEBUG    | localization_association_rule_mining:__call__:392 - |cancel                        |    5.82|cancel                                                      |0.187879|   31.00|0.189024|0.968750|       0|      31
2022-10-31 19:43:32.337 | DEBUG    | localization_association_rule_mining:__call__:392 - |auth                          |    3.17|auth                                                        |0.137725|   23.00|0.140244|0.884615|       0|      23
2022-10-31 19:43:32.337 | DEBUG    | localization_association_rule_mining:__call__:392 - |verification-code             |    2.09|verification-code                                           |0.090909|   23.00|0.140244|0.205357|      23|       0
2022-10-31 19:43:32.337 | DEBUG    | localization_association_rule_mining:__call__:392 - |travel                        |    1.05|travel                                                      |0.262195|    4.00|0.262195|1.000000|      40|      36
2022-10-31 19:43:32.337 | DEBUG    | localization_association_rule_mining:__call__:392 - |security                      |   -1.00|                                                            |0.000000|    0.00|0.000000|0.000000|       0|       0
2022-10-31 19:43:32.337 | DEBUG    | localization_association_rule_mining:__call__:392 - |contacts                      |   -1.00|                                                            |0.000000|    0.00|0.000000|0.000000|       0|       0
2022-10-31 19:43:32.337 | DEBUG    | localization_association_rule_mining:__call__:392 - |consign                       |   -1.00|                                                            |0.000000|    0.00|0.000000|0.000000|       0|       0
2022-10-31 19:43:32.337 | DEBUG    | localization_association_rule_mining:__call__:392 - |basic                         |   -1.00|                                                            |0.000000|    0.00|0.000000|0.000000|       0|       0
2022-10-31 19:43:32.337 | DEBUG    | localization_association_rule_mining:__call__:392 - |config                        |   -1.00|                                                            |0.000000|    0.00|0.000000|0.000000|       0|       0
2022-10-31 19:43:32.337 | DEBUG    | localization_association_rule_mining:__call__:392 - |inside-payment                |   -1.00|                                                            |0.000000|    0.00|0.000000|0.000000|       0|       0
2022-10-31 19:43:32.337 | DEBUG    | localization_association_rule_mining:__call__:392 - |preserve-other                |   -1.00|                                                            |0.000000|    0.00|0.000000|0.000000|       0|       0
2022-10-31 19:43:32.337 | DEBUG    | localization_association_rule_mining:__call__:392 - |admin-order                   |   -1.00|                                                            |0.000000|    0.00|0.000000|0.000000|       0|       0
2022-10-31 19:43:32.337 | DEBUG    | localization_association_rule_mining:__call__:392 - |route-plan                    |   -1.00|                                                            |0.000000|    0.00|0.000000|0.000000|       0|       0
2022-10-31 19:43:32.337 | DEBUG    | localization_association_rule_mining:__call__:392 - |user                          |   -1.00|                                                            |0.000000|    0.00|0.000000|0.000000|       0|       0
2022-10-31 19:43:32.337 | DEBUG    | localization_association_rule_mining:__call__:392 - |travel2                       |   -1.00|                                                            |0.000000|    0.00|0.000000|0.000000|       0|       0
2022-10-31 19:43:32.337 | DEBUG    | localization_association_rule_mining:__call__:392 - |preserve                      |   -1.00|                                                            |0.000000|    0.00|0.000000|0.000000|       0|       0
2022-10-31 19:43:32.337 | DEBUG    | localization_association_rule_mining:__call__:392 - |ts-ui-dashboard               |   -1.00|                                                            |0.000000|    0.00|0.000000|0.000000|       0|       0
2022-10-31 19:43:32.337 | DEBUG    | localization_association_rule_mining:__call__:392 - |assurance                     |   -1.00|                                                            |0.000000|    0.00|0.000000|0.000000|       0|       0
2022-10-31 19:43:32.338 | DEBUG    | localization_association_rule_mining:__call__:392 - |ticketinfo                    |   -1.00|                                                            |0.000000|    0.00|0.000000|0.000000|       0|       0
2022-10-31 19:43:32.338 | DEBUG    | localization_association_rule_mining:__call__:392 - |notification                  |   -1.00|                                                            |0.000000|    0.00|0.000000|0.000000|       0|       0
2022-10-31 19:43:32.338 | DEBUG    | localization_association_rule_mining:__call__:392 - |train                         |   -1.00|                                                            |0.000000|    0.00|0.000000|0.000000|       0|       0
2022-10-31 19:43:32.338 | DEBUG    | localization_association_rule_mining:__call__:392 - |travel-plan                   |   -1.00|                                                            |0.000000|    0.00|0.000000|0.000000|       0|       0
2022-10-31 19:43:32.338 | DEBUG    | localization_association_rule_mining:__call__:392 - |payment                       |   -1.00|                                                            |0.000000|    0.00|0.000000|0.000000|       0|       0
2022-10-31 19:43:32.338 | DEBUG    | localization_association_rule_mining:__call__:392 - |price                         |   -1.00|                                                            |0.000000|    0.00|0.000000|0.000000|       0|       0
2022-10-31 19:43:32.338 | DEBUG    | localization_association_rule_mining:__call__:392 - |seat                          |   -1.00|                                                            |0.000000|    0.00|0.000000|0.000000|       0|       0
