2022-10-31 19:47:37.762 | DEBUG    | localization_association_rule_mining:__call__:388 - |item                          |score   |pattern                                                     |ps      |ips     |p(a|b)  |p(b|a)  |in      |out     
2022-10-31 19:47:37.762 | DEBUG    | localization_association_rule_mining:__call__:392 - |station                       |  111.76|station                                                     |0.461832|  242.00|0.594595|0.674095|     242|       0
2022-10-31 19:47:37.762 | DEBUG    | localization_association_rule_mining:__call__:392 - |order-other                   |   26.43|order-other                                                 |0.269702|   98.00|0.378378|0.484277|      28|     126
2022-10-31 19:47:37.762 | DEBUG    | localization_association_rule_mining:__call__:392 - |route                         |   22.64|route                                                       |0.235872|   96.00|0.235872|1.000000|      96|       0
2022-10-31 19:47:37.762 | DEBUG    | localization_association_rule_mining:__call__:392 - |food                          |   17.26|food                                                        |0.257683|   67.00|0.267813|0.872000|      19|      86
2022-10-31 19:47:37.762 | DEBUG    | localization_association_rule_mining:__call__:392 - |order                         |   11.71|order                                                       |0.121982|   96.00|0.235872|0.201681|      96|       0
2022-10-31 19:47:37.762 | DEBUG    | localization_association_rule_mining:__call__:392 - |food-map                      |    9.44|food-map                                                    |0.152334|   62.00|0.152334|1.000000|      62|       0
2022-10-31 19:47:37.762 | DEBUG    | localization_association_rule_mining:__call__:392 - |cancel                        |    8.39|cancel                                                      |0.142169|   59.00|0.144963|0.880597|       0|      59
2022-10-31 19:47:37.762 | DEBUG    | localization_association_rule_mining:__call__:392 - |travel                        |    8.30|travel                                                      |0.319410|   26.00|0.319410|1.000000|      81|     107
2022-10-31 19:47:37.762 | DEBUG    | localization_association_rule_mining:__call__:392 - |auth                          |    6.02|auth                                                        |0.118056|   51.00|0.125307|0.671053|       0|      51
2022-10-31 19:47:37.762 | DEBUG    | localization_association_rule_mining:__call__:392 - |train                         |    5.66|train                                                       |0.117936|   48.00|0.117936|1.000000|      48|       0
2022-10-31 19:47:37.763 | DEBUG    | localization_association_rule_mining:__call__:392 - |verification-code             |    4.45|verification-code                                           |0.087329|   51.00|0.125307|0.223684|      51|       0
2022-10-31 19:47:37.763 | DEBUG    | localization_association_rule_mining:__call__:392 - |seat                          |    2.00|seat                                                        |0.125307|   16.00|0.125307|1.000000|      28|      44
2022-10-31 19:47:37.763 | DEBUG    | localization_association_rule_mining:__call__:392 - |basic                         |    1.28|basic                                                       |0.159705|    8.00|0.159705|1.000000|      53|      61
2022-10-31 19:47:37.763 | DEBUG    | localization_association_rule_mining:__call__:392 - |ticketinfo                    |    1.05|ticketinfo                                                  |0.149877|    7.00|0.149877|1.000000|      46|      53
2022-10-31 19:47:37.763 | DEBUG    | localization_association_rule_mining:__call__:392 - |config                        |   -1.00|                                                            |0.000000|    0.00|0.000000|0.000000|       0|       0
2022-10-31 19:47:37.763 | DEBUG    | localization_association_rule_mining:__call__:392 - |payment                       |   -1.00|                                                            |0.000000|    0.00|0.000000|0.000000|       0|       0
2022-10-31 19:47:37.763 | DEBUG    | localization_association_rule_mining:__call__:392 - |ts-ui-dashboard               |   -1.00|                                                            |0.000000|    0.00|0.000000|0.000000|       0|       0
2022-10-31 19:47:37.763 | DEBUG    | localization_association_rule_mining:__call__:392 - |travel-plan                   |   -1.00|                                                            |0.000000|    0.00|0.000000|0.000000|       0|       0
2022-10-31 19:47:37.763 | DEBUG    | localization_association_rule_mining:__call__:392 - |user                          |   -1.00|                                                            |0.000000|    0.00|0.000000|0.000000|       0|       0
2022-10-31 19:47:37.763 | DEBUG    | localization_association_rule_mining:__call__:392 - |inside-payment                |   -1.00|                                                            |0.000000|    0.00|0.000000|0.000000|       0|       0
2022-10-31 19:47:37.763 | DEBUG    | localization_association_rule_mining:__call__:392 - |route-plan                    |   -1.00|                                                            |0.000000|    0.00|0.000000|0.000000|       0|       0
2022-10-31 19:47:37.763 | DEBUG    | localization_association_rule_mining:__call__:392 - |admin-order                   |   -1.00|                                                            |0.000000|    0.00|0.000000|0.000000|       0|       0
2022-10-31 19:47:37.763 | DEBUG    | localization_association_rule_mining:__call__:392 - |price                         |   -1.00|                                                            |0.000000|    0.00|0.000000|0.000000|       0|       0
2022-10-31 19:47:37.763 | DEBUG    | localization_association_rule_mining:__call__:392 - |assurance                     |   -1.00|                                                            |0.000000|    0.00|0.000000|0.000000|       0|       0
2022-10-31 19:47:37.763 | DEBUG    | localization_association_rule_mining:__call__:392 - |travel2                       |   -1.00|                                                            |0.000000|    0.00|0.000000|0.000000|       0|       0
2022-10-31 19:47:37.763 | DEBUG    | localization_association_rule_mining:__call__:392 - |preserve-other                |   -1.00|                                                            |0.000000|    0.00|0.000000|0.000000|       0|       0
2022-10-31 19:47:37.763 | DEBUG    | localization_association_rule_mining:__call__:392 - |consign                       |   -1.00|                                                            |0.000000|    0.00|0.000000|0.000000|       0|       0
2022-10-31 19:47:37.763 | DEBUG    | localization_association_rule_mining:__call__:392 - |notification                  |   -1.00|                                                            |0.000000|    0.00|0.000000|0.000000|       0|       0
2022-10-31 19:47:37.763 | DEBUG    | localization_association_rule_mining:__call__:392 - |security                      |   -1.00|                                                            |0.000000|    0.00|0.000000|0.000000|       0|       0
2022-10-31 19:47:37.764 | DEBUG    | localization_association_rule_mining:__call__:392 - |preserve                      |   -1.00|                                                            |0.000000|    0.00|0.000000|0.000000|       0|       0
2022-10-31 19:47:37.764 | DEBUG    | localization_association_rule_mining:__call__:392 - |contacts                      |   -1.00|                                                            |0.000000|    0.00|0.000000|0.000000|       0|       0
