2022-11-16 15:53:17.686 | DEBUG    | localization_association_rule_mining:__call__:390 - |item                          |score   |pattern                                                     |ps      |ips     |p(a|b)  |p(b|a)  |in      |out     
2022-11-16 15:53:17.686 | DEBUG    | localization_association_rule_mining:__call__:394 - |food-map                      |    7.12|food-map                                                    |0.647059|   11.00|0.647059|1.000000|      11|       0
2022-11-16 15:53:17.686 | DEBUG    | localization_association_rule_mining:__call__:394 - |food                          |    2.47|food                                                        |0.823529|    3.00|0.823529|1.000000|      14|      11
2022-11-16 15:53:17.686 | DEBUG    | localization_association_rule_mining:__call__:394 - |user                          |    0.11|user                                                        |0.105263|    1.00|0.117647|0.500000|       1|       0
2022-11-16 15:53:17.687 | DEBUG    | localization_association_rule_mining:__call__:394 - |seat                          |    0.10|seat                                                        |0.095238|    1.00|0.117647|0.333333|       1|       0
2022-11-16 15:53:17.687 | DEBUG    | localization_association_rule_mining:__call__:394 - |route                         |    0.10|route                                                       |0.095238|    1.00|0.117647|0.333333|       1|       0
2022-11-16 15:53:17.687 | DEBUG    | localization_association_rule_mining:__call__:394 - |train                         |    0.09|train                                                       |0.090909|    1.00|0.117647|0.285714|       1|       0
2022-11-16 15:53:17.687 | DEBUG    | localization_association_rule_mining:__call__:394 - |price                         |    0.00|price                                                       |0.105263|    0.00|0.117647|0.500000|       0|       0
2022-11-16 15:53:17.687 | DEBUG    | localization_association_rule_mining:__call__:394 - |ticketinfo                    |    0.00|ticketinfo                                                  |0.090909|    0.00|0.117647|0.285714|       0|       0
2022-11-16 15:53:17.687 | DEBUG    | localization_association_rule_mining:__call__:394 - |basic                         |    0.00|basic                                                       |0.090909|    0.00|0.117647|0.285714|       0|       0
2022-11-16 15:53:17.687 | DEBUG    | localization_association_rule_mining:__call__:394 - |order                         |    0.00|order                                                       |0.042553|    0.00|0.117647|0.062500|       0|       0
2022-11-16 15:53:17.687 | DEBUG    | localization_association_rule_mining:__call__:394 - |station                       |    0.00|station                                                     |0.076923|    0.00|0.117647|0.181818|       0|       0
2022-11-16 15:53:17.687 | DEBUG    | localization_association_rule_mining:__call__:394 - |admin-order                   |   -1.00|                                                            |0.000000|    0.00|0.000000|0.000000|       0|       0
2022-11-16 15:53:17.687 | DEBUG    | localization_association_rule_mining:__call__:394 - |contacts                      |   -1.00|                                                            |0.000000|    0.00|0.000000|0.000000|       0|       0
2022-11-16 15:53:17.687 | DEBUG    | localization_association_rule_mining:__call__:394 - |auth                          |   -1.00|                                                            |0.000000|    0.00|0.000000|0.000000|       0|       0
2022-11-16 15:53:17.687 | DEBUG    | localization_association_rule_mining:__call__:394 - |assurance                     |   -1.00|                                                            |0.000000|    0.00|0.000000|0.000000|       0|       0
2022-11-16 15:53:17.687 | DEBUG    | localization_association_rule_mining:__call__:394 - |security                      |   -1.00|                                                            |0.000000|    0.00|0.000000|0.000000|       0|       0
2022-11-16 15:53:17.687 | DEBUG    | localization_association_rule_mining:__call__:394 - |order-other                   |   -1.00|                                                            |0.000000|    0.00|0.000000|0.000000|       0|       0
2022-11-16 15:53:17.687 | DEBUG    | localization_association_rule_mining:__call__:394 - |inside-payment                |   -1.00|                                                            |0.000000|    0.00|0.000000|0.000000|       0|       0
2022-11-16 15:53:17.687 | DEBUG    | localization_association_rule_mining:__call__:394 - |config                        |   -1.00|                                                            |0.000000|    0.00|0.000000|0.000000|       0|       0
2022-11-16 15:53:17.687 | DEBUG    | localization_association_rule_mining:__call__:394 - |cancel                        |   -1.00|                                                            |0.000000|    0.00|0.000000|0.000000|       0|       0
2022-11-16 15:53:17.687 | DEBUG    | localization_association_rule_mining:__call__:394 - |verification-code             |   -1.00|                                                            |0.000000|    0.00|0.000000|0.000000|       0|       0
2022-11-16 15:53:17.688 | DEBUG    | localization_association_rule_mining:__call__:394 - |preserve-other                |   -1.00|                                                            |0.000000|    0.00|0.000000|0.000000|       0|       0
2022-11-16 15:53:17.688 | DEBUG    | localization_association_rule_mining:__call__:394 - |preserve                      |   -1.00|                                                            |0.000000|    0.00|0.000000|0.000000|       0|       0
2022-11-16 15:53:17.688 | DEBUG    | localization_association_rule_mining:__call__:394 - |travel2                       |   -1.00|                                                            |0.000000|    0.00|0.000000|0.000000|       0|       0
2022-11-16 15:53:17.688 | DEBUG    | localization_association_rule_mining:__call__:394 - |ts-ui-dashboard               |   -1.00|                                                            |0.000000|    0.00|0.000000|0.000000|       0|       0
2022-11-16 15:53:17.688 | DEBUG    | localization_association_rule_mining:__call__:394 - |notification                  |   -1.00|                                                            |0.000000|    0.00|0.000000|0.000000|       0|       0
2022-11-16 15:53:17.688 | DEBUG    | localization_association_rule_mining:__call__:394 - |travel                        |   -1.00|                                                            |0.000000|    0.00|0.000000|0.000000|       0|       0
