2022-10-21 02:01:44.303 | DEBUG    | localization_association_rule_mining:__call__:388 - |item                          |score   |pattern                                                     |ps      |ips     |p(a|b)  |p(b|a)  |in      |out     
2022-10-21 02:01:44.303 | DEBUG    | localization_association_rule_mining:__call__:392 - |basic                         |    9.29|basic                                                       |0.371429|   25.00|0.866667|0.393939|      25|       0
2022-10-21 02:01:44.303 | DEBUG    | localization_association_rule_mining:__call__:392 - |travel                        |    6.98|travel                                                      |0.317073|   22.00|0.866667|0.333333|       0|      22
2022-10-21 02:01:44.303 | DEBUG    | localization_association_rule_mining:__call__:392 - |route-plan                    |    0.88|route-plan                                                  |0.219512|    4.00|0.300000|0.450000|       0|       4
2022-10-21 02:01:44.303 | DEBUG    | localization_association_rule_mining:__call__:392 - |ui-dashboard                  |    0.64|ui-dashboard                                                |0.159574|    4.00|1.000000|0.159574|       0|       4
2022-10-21 02:01:44.303 | DEBUG    | localization_association_rule_mining:__call__:392 - |ticketinfo                    |    0.37|ticketinfo                                                  |0.371429|    1.00|0.866667|0.393939|      26|      25
2022-10-21 02:01:44.303 | DEBUG    | localization_association_rule_mining:__call__:392 - |inside-payment                |    0.26|inside-payment                                              |0.129032|    2.00|0.133333|0.800000|       2|       0
2022-10-21 02:01:44.303 | DEBUG    | localization_association_rule_mining:__call__:392 - |order                         |    0.00|order                                                       |0.045455|    0.00|0.133333|0.064516|       0|       0
2022-10-21 02:01:44.303 | DEBUG    | localization_association_rule_mining:__call__:392 - |route                         |    0.00|route                                                       |0.048780|    0.00|0.133333|0.071429|       0|       0
2022-10-21 02:01:44.303 | DEBUG    | localization_association_rule_mining:__call__:392 - |station                       |    0.00|station                                                     |0.037736|    0.00|0.133333|0.050000|       0|       0
2022-10-21 02:01:44.304 | DEBUG    | localization_association_rule_mining:__call__:392 - |travel-plan                   |    0.00|travel-plan                                                 |0.219512|    0.00|0.300000|0.450000|       0|       0
2022-10-21 02:01:44.304 | DEBUG    | localization_association_rule_mining:__call__:392 - |travel2                       |    0.00|travel2                                                     |0.100000|    0.00|0.133333|0.285714|       4|       4
2022-10-21 02:01:44.304 | DEBUG    | localization_association_rule_mining:__call__:392 - |security                      |   -1.00|                                                            |0.000000|    0.00|0.000000|0.000000|       0|       0
2022-10-21 02:01:44.304 | DEBUG    | localization_association_rule_mining:__call__:392 - |price                         |   -1.00|                                                            |0.000000|    0.00|0.000000|0.000000|       0|       0
2022-10-21 02:01:44.304 | DEBUG    | localization_association_rule_mining:__call__:392 - |seat                          |   -1.00|                                                            |0.000000|    0.00|0.000000|0.000000|       0|       0
2022-10-21 02:01:44.304 | DEBUG    | localization_association_rule_mining:__call__:392 - |food                          |   -1.00|                                                            |0.000000|    0.00|0.000000|0.000000|       0|       0
2022-10-21 02:01:44.304 | DEBUG    | localization_association_rule_mining:__call__:392 - |contacts                      |   -1.00|                                                            |0.000000|    0.00|0.000000|0.000000|       0|       0
2022-10-21 02:01:44.304 | DEBUG    | localization_association_rule_mining:__call__:392 - |config                        |   -1.00|                                                            |0.000000|    0.00|0.000000|0.000000|       0|       0
2022-10-21 02:01:44.304 | DEBUG    | localization_association_rule_mining:__call__:392 - |food-map                      |   -1.00|                                                            |0.000000|    0.00|0.000000|0.000000|       0|       0
2022-10-21 02:01:44.304 | DEBUG    | localization_association_rule_mining:__call__:392 - |verification-code             |   -1.00|                                                            |0.000000|    0.00|0.000000|0.000000|       0|       0
2022-10-21 02:01:44.304 | DEBUG    | localization_association_rule_mining:__call__:392 - |execute                       |   -1.00|                                                            |0.000000|    0.00|0.000000|0.000000|       0|       0
2022-10-21 02:01:44.304 | DEBUG    | localization_association_rule_mining:__call__:392 - |preserve                      |   -1.00|                                                            |0.000000|    0.00|0.000000|0.000000|       0|       0
2022-10-21 02:01:44.304 | DEBUG    | localization_association_rule_mining:__call__:392 - |assurance                     |   -1.00|                                                            |0.000000|    0.00|0.000000|0.000000|       0|       0
2022-10-21 02:01:44.304 | DEBUG    | localization_association_rule_mining:__call__:392 - |payment                       |   -1.00|                                                            |0.000000|    0.00|0.000000|0.000000|       0|       0
2022-10-21 02:01:44.304 | DEBUG    | localization_association_rule_mining:__call__:392 - |train                         |   -1.00|                                                            |0.000000|    0.00|0.000000|0.000000|       0|       0
2022-10-21 02:01:44.304 | DEBUG    | localization_association_rule_mining:__call__:392 - |order-other                   |   -1.00|                                                            |0.000000|    0.00|0.000000|0.000000|       0|       0
2022-10-21 02:01:44.304 | DEBUG    | localization_association_rule_mining:__call__:392 - |auth                          |   -1.00|                                                            |0.000000|    0.00|0.000000|0.000000|       0|       0
2022-10-21 02:01:44.304 | DEBUG    | localization_association_rule_mining:__call__:392 - |cancel                        |   -1.00|                                                            |0.000000|    0.00|0.000000|0.000000|       0|       0
2022-10-21 02:01:44.304 | DEBUG    | localization_association_rule_mining:__call__:392 - |user                          |   -1.00|                                                            |0.000000|    0.00|0.000000|0.000000|       0|       0
2022-10-21 02:01:44.304 | DEBUG    | localization_association_rule_mining:__call__:392 - |consign                       |   -1.00|                                                            |0.000000|    0.00|0.000000|0.000000|       0|       0
