2022-10-28 00:00:19.866 | DEBUG    | localization_association_rule_mining:__call__:388 - |item                          |score   |pattern                                                     |ps      |ips     |p(a|b)  |p(b|a)  |in      |out     
2022-10-28 00:00:19.867 | DEBUG    | localization_association_rule_mining:__call__:392 - |contacts                      |   97.37|contacts                                                    |0.825175|  118.00|0.842857|0.975207|     118|       0
2022-10-28 00:00:19.867 | DEBUG    | localization_association_rule_mining:__call__:392 - |preserve                      |    2.12|preserve                                                    |0.163399|   13.00|0.178571|0.657895|      22|       9
2022-10-28 00:00:19.867 | DEBUG    | localization_association_rule_mining:__call__:392 - |seat                          |    0.00|seat                                                        |0.130208|    0.00|0.178571|0.324675|       0|       0
2022-10-28 00:00:19.867 | DEBUG    | localization_association_rule_mining:__call__:392 - |train                         |    0.00|train                                                       |0.115789|    0.00|0.157143|0.305556|       0|       0
2022-10-28 00:00:19.867 | DEBUG    | localization_association_rule_mining:__call__:392 - |security                      |    0.00|security                                                    |0.141026|    0.00|0.157143|0.578947|       0|       0
2022-10-28 00:00:19.867 | DEBUG    | localization_association_rule_mining:__call__:392 - |basic                         |    0.00|basic                                                       |0.137255|    0.00|0.200000|0.304348|       0|       0
2022-10-28 00:00:19.867 | DEBUG    | localization_association_rule_mining:__call__:392 - |ticketinfo                    |    0.00|ticketinfo                                                  |0.128713|    0.00|0.185714|0.295455|       0|       0
2022-10-28 00:00:19.867 | DEBUG    | localization_association_rule_mining:__call__:392 - |config                        |   -1.00|                                                            |0.000000|    0.00|0.000000|0.000000|       0|       0
2022-10-28 00:00:19.867 | DEBUG    | localization_association_rule_mining:__call__:392 - |payment                       |   -1.00|                                                            |0.000000|    0.00|0.000000|0.000000|       0|       0
2022-10-28 00:00:19.867 | DEBUG    | localization_association_rule_mining:__call__:392 - |verification-code             |   -1.00|                                                            |0.000000|    0.00|0.000000|0.000000|       0|       0
2022-10-28 00:00:19.867 | DEBUG    | localization_association_rule_mining:__call__:392 - |travel-plan                   |   -1.00|                                                            |0.000000|    0.00|0.000000|0.000000|       0|       0
2022-10-28 00:00:19.867 | DEBUG    | localization_association_rule_mining:__call__:392 - |cancel                        |   -1.00|                                                            |0.000000|    0.00|0.000000|0.000000|       0|       0
2022-10-28 00:00:19.867 | DEBUG    | localization_association_rule_mining:__call__:392 - |route-plan                    |   -1.00|                                                            |0.000000|    0.00|0.000000|0.000000|       0|       0
2022-10-28 00:00:19.867 | DEBUG    | localization_association_rule_mining:__call__:392 - |inside-payment                |   -1.00|                                                            |0.000000|    0.00|0.000000|0.000000|       0|       0
2022-10-28 00:00:19.867 | DEBUG    | localization_association_rule_mining:__call__:392 - |user                          |   -1.00|                                                            |0.000000|    0.00|0.000000|0.000000|       0|       0
2022-10-28 00:00:19.867 | DEBUG    | localization_association_rule_mining:__call__:392 - |notification                  |   -1.00|                                                            |0.000000|    0.00|0.000000|0.000000|       0|       0
2022-10-28 00:00:19.867 | DEBUG    | localization_association_rule_mining:__call__:392 - |auth                          |   -1.00|                                                            |0.000000|    0.00|0.000000|0.000000|       0|       0
2022-10-28 00:00:19.868 | DEBUG    | localization_association_rule_mining:__call__:392 - |route                         |   -1.00|                                                            |0.000000|    0.00|0.000000|0.000000|       0|       0
2022-10-28 00:00:19.868 | DEBUG    | localization_association_rule_mining:__call__:392 - |preserve-other                |   -1.00|                                                            |0.000000|    0.00|0.000000|0.000000|       0|       0
2022-10-28 00:00:19.868 | DEBUG    | localization_association_rule_mining:__call__:392 - |ts-ui-dashboard               |   -1.00|                                                            |0.000000|    0.00|0.000000|0.000000|       0|       0
2022-10-28 00:00:19.868 | DEBUG    | localization_association_rule_mining:__call__:392 - |food-map                      |   -1.00|                                                            |0.000000|    0.00|0.000000|0.000000|       0|       0
2022-10-28 00:00:19.868 | DEBUG    | localization_association_rule_mining:__call__:392 - |consign                       |   -1.00|                                                            |0.000000|    0.00|0.000000|0.000000|       0|       0
2022-10-28 00:00:19.868 | DEBUG    | localization_association_rule_mining:__call__:392 - |assurance                     |   -1.00|                                                            |0.000000|    0.00|0.000000|0.000000|       0|       0
2022-10-28 00:00:19.868 | DEBUG    | localization_association_rule_mining:__call__:392 - |admin-order                   |   -1.00|                                                            |0.000000|    0.00|0.000000|0.000000|       0|       0
2022-10-28 00:00:19.868 | DEBUG    | localization_association_rule_mining:__call__:392 - |order-other                   |   -1.00|                                                            |0.000000|    0.00|0.000000|0.000000|       0|       0
2022-10-28 00:00:19.868 | DEBUG    | localization_association_rule_mining:__call__:392 - |price                         |   -1.00|                                                            |0.000000|    0.00|0.000000|0.000000|       0|       0
2022-10-28 00:00:19.868 | DEBUG    | localization_association_rule_mining:__call__:392 - |travel                        |   -1.00|                                                            |0.000000|    0.00|0.000000|0.000000|       0|       0
2022-10-28 00:00:19.868 | DEBUG    | localization_association_rule_mining:__call__:392 - |order                         |   -1.00|                                                            |0.000000|    0.00|0.000000|0.000000|       0|       0
2022-10-28 00:00:19.868 | DEBUG    | localization_association_rule_mining:__call__:392 - |station                       |   -1.00|                                                            |0.000000|    0.00|0.000000|0.000000|       0|       0
2022-10-28 00:00:19.868 | DEBUG    | localization_association_rule_mining:__call__:392 - |admin-basic-info              |   -1.00|                                                            |0.000000|    0.00|0.000000|0.000000|       0|       0
2022-10-28 00:00:19.868 | DEBUG    | localization_association_rule_mining:__call__:392 - |travel2                       |   -1.00|                                                            |0.000000|    0.00|0.000000|0.000000|       0|       0
2022-10-28 00:00:19.868 | DEBUG    | localization_association_rule_mining:__call__:392 - |food                          |   -1.00|                                                            |0.000000|    0.00|0.000000|0.000000|       0|       0
