2022-10-31 19:49:01.764 | DEBUG    | localization_association_rule_mining:__call__:388 - |item                          |score   |pattern                                                     |ps      |ips     |p(a|b)  |p(b|a)  |in      |out     
2022-10-31 19:49:01.764 | DEBUG    | localization_association_rule_mining:__call__:392 - |station                       |   87.00|station                                                     |0.334615|  260.00|0.380466|0.735211|     260|       0
2022-10-31 19:49:01.764 | DEBUG    | localization_association_rule_mining:__call__:392 - |order                         |   84.72|order                                                       |0.275067|  308.00|0.451895|0.412783|     308|       0
2022-10-31 19:49:01.764 | DEBUG    | localization_association_rule_mining:__call__:392 - |travel                        |   74.44|travel                                                      |0.333817|  223.00|0.335277|0.987124|     225|       2
2022-10-31 19:49:01.764 | DEBUG    | localization_association_rule_mining:__call__:392 - |basic                         |   67.91|basic                                                       |0.315866|  215.00|0.316327|0.995413|     217|       2
2022-10-31 19:49:01.764 | DEBUG    | localization_association_rule_mining:__call__:392 - |seat                          |   55.17|seat                                                        |0.370262|  149.00|0.370262|1.000000|      99|     248
2022-10-31 19:49:01.764 | DEBUG    | localization_association_rule_mining:__call__:392 - |config                        |   43.88|config                                                      |0.253644|  173.00|0.253644|1.000000|     173|       0
2022-10-31 19:49:01.764 | DEBUG    | localization_association_rule_mining:__call__:392 - |ticketinfo                    |   34.93|ticketinfo                                                  |0.339156|  103.00|0.339650|0.995726|     114|     217
2022-10-31 19:49:01.764 | DEBUG    | localization_association_rule_mining:__call__:392 - |order-other                   |   25.95|order-other                                                 |0.301724|   86.00|0.408163|0.536398|      97|     183
2022-10-31 19:49:01.765 | DEBUG    | localization_association_rule_mining:__call__:392 - |auth                          |   18.33|auth                                                        |0.158038|  116.00|0.169096|0.707317|       0|     116
2022-10-31 19:49:01.765 | DEBUG    | localization_association_rule_mining:__call__:392 - |preserve                      |   14.63|preserve                                                    |0.152395|   96.00|0.153061|0.972222|       0|      96
2022-10-31 19:49:01.765 | DEBUG    | localization_association_rule_mining:__call__:392 - |cancel                        |   14.36|cancel                                                      |0.138114|  104.00|0.151603|0.608187|       0|     104
2022-10-31 19:49:01.765 | DEBUG    | localization_association_rule_mining:__call__:392 - |verification-code             |   12.67|verification-code                                           |0.109228|  116.00|0.169096|0.235772|     116|       0
2022-10-31 19:49:01.765 | DEBUG    | localization_association_rule_mining:__call__:392 - |route                         |    8.19|route                                                       |0.109170|   75.00|0.109329|0.986842|      75|       0
2022-10-31 19:49:01.765 | DEBUG    | localization_association_rule_mining:__call__:392 - |travel2                       |    1.92|travel2                                                     |0.128280|   15.00|0.128280|1.000000|      67|      82
2022-10-31 19:49:01.765 | DEBUG    | localization_association_rule_mining:__call__:392 - |notification                  |    0.00|notification                                                |0.106169|    0.00|0.107872|0.870588|       0|       0
2022-10-31 19:49:01.765 | DEBUG    | localization_association_rule_mining:__call__:392 - |contacts                      |   -1.00|                                                            |0.000000|    0.00|0.000000|0.000000|       0|       0
2022-10-31 19:49:01.765 | DEBUG    | localization_association_rule_mining:__call__:392 - |ts-ui-dashboard               |   -1.00|                                                            |0.000000|    0.00|0.000000|0.000000|       0|       0
2022-10-31 19:49:01.765 | DEBUG    | localization_association_rule_mining:__call__:392 - |food                          |   -1.00|                                                            |0.000000|    0.00|0.000000|0.000000|       0|       0
2022-10-31 19:49:01.765 | DEBUG    | localization_association_rule_mining:__call__:392 - |user                          |   -1.00|                                                            |0.000000|    0.00|0.000000|0.000000|       0|       0
2022-10-31 19:49:01.765 | DEBUG    | localization_association_rule_mining:__call__:392 - |payment                       |   -1.00|                                                            |0.000000|    0.00|0.000000|0.000000|       0|       0
2022-10-31 19:49:01.765 | DEBUG    | localization_association_rule_mining:__call__:392 - |security                      |   -1.00|                                                            |0.000000|    0.00|0.000000|0.000000|       0|       0
2022-10-31 19:49:01.765 | DEBUG    | localization_association_rule_mining:__call__:392 - |inside-payment                |   -1.00|                                                            |0.000000|    0.00|0.000000|0.000000|       0|       0
2022-10-31 19:49:01.765 | DEBUG    | localization_association_rule_mining:__call__:392 - |route-plan                    |   -1.00|                                                            |0.000000|    0.00|0.000000|0.000000|       0|       0
2022-10-31 19:49:01.765 | DEBUG    | localization_association_rule_mining:__call__:392 - |preserve-other                |   -1.00|                                                            |0.000000|    0.00|0.000000|0.000000|       0|       0
2022-10-31 19:49:01.765 | DEBUG    | localization_association_rule_mining:__call__:392 - |admin-route                   |   -1.00|                                                            |0.000000|    0.00|0.000000|0.000000|       0|       0
2022-10-31 19:49:01.766 | DEBUG    | localization_association_rule_mining:__call__:392 - |travel-plan                   |   -1.00|                                                            |0.000000|    0.00|0.000000|0.000000|       0|       0
2022-10-31 19:49:01.766 | DEBUG    | localization_association_rule_mining:__call__:392 - |consign                       |   -1.00|                                                            |0.000000|    0.00|0.000000|0.000000|       0|       0
2022-10-31 19:49:01.766 | DEBUG    | localization_association_rule_mining:__call__:392 - |assurance                     |   -1.00|                                                            |0.000000|    0.00|0.000000|0.000000|       0|       0
2022-10-31 19:49:01.766 | DEBUG    | localization_association_rule_mining:__call__:392 - |train                         |   -1.00|                                                            |0.000000|    0.00|0.000000|0.000000|       0|       0
2022-10-31 19:49:01.766 | DEBUG    | localization_association_rule_mining:__call__:392 - |admin-order                   |   -1.00|                                                            |0.000000|    0.00|0.000000|0.000000|       0|       0
