2022-11-16 15:57:37.265 | DEBUG    | localization_association_rule_mining:__call__:390 - |item                          |score   |pattern                                                     |ps      |ips     |p(a|b)  |p(b|a)  |in      |out     
2022-11-16 15:57:37.266 | DEBUG    | localization_association_rule_mining:__call__:394 - |food                          |   10.62|food                                                        |0.589744|   18.00|0.589744|1.000000|      19|       1
2022-11-16 15:57:37.266 | DEBUG    | localization_association_rule_mining:__call__:394 - |travel                        |    7.85|travel                                                      |0.461538|   17.00|0.461538|1.000000|      17|       0
2022-11-16 15:57:37.266 | DEBUG    | localization_association_rule_mining:__call__:394 - |seat                          |    3.46|seat                                                        |0.384615|    9.00|0.384615|1.000000|       6|      15
2022-11-16 15:57:37.266 | DEBUG    | localization_association_rule_mining:__call__:394 - |notification                  |    0.50|notification                                                |0.166667|    3.00|0.179487|0.700000|       3|       0
2022-11-16 15:57:37.266 | DEBUG    | localization_association_rule_mining:__call__:394 - |preserve                      |    0.13|preserve                                                    |0.128205|    1.00|0.128205|1.000000|       5|       4
2022-11-16 15:57:37.266 | DEBUG    | localization_association_rule_mining:__call__:394 - |ticketinfo                    |    0.00|ticketinfo                                                  |0.410256|    0.00|0.410256|1.000000|       0|       0
2022-11-16 15:57:37.266 | DEBUG    | localization_association_rule_mining:__call__:394 - |train                         |    0.00|train                                                       |0.282051|    0.00|0.282051|1.000000|       0|       0
2022-11-16 15:57:37.266 | DEBUG    | localization_association_rule_mining:__call__:394 - |station                       |    0.00|station                                                     |0.234694|    0.00|0.589744|0.280488|       0|       0
2022-11-16 15:57:37.266 | DEBUG    | localization_association_rule_mining:__call__:394 - |route                         |    0.00|route                                                       |0.256410|    0.00|0.256410|1.000000|       0|       0
2022-11-16 15:57:37.266 | DEBUG    | localization_association_rule_mining:__call__:394 - |order                         |    0.00|order                                                       |0.188889|    0.00|0.435897|0.250000|       0|       0
2022-11-16 15:57:37.266 | DEBUG    | localization_association_rule_mining:__call__:394 - |basic                         |    0.00|basic                                                       |0.410256|    0.00|0.410256|1.000000|       0|       0
2022-11-16 15:57:37.266 | DEBUG    | localization_association_rule_mining:__call__:394 - |user                          |    0.00|user                                                        |0.166667|    0.00|0.179487|0.700000|       0|       0
2022-11-16 15:57:37.266 | DEBUG    | localization_association_rule_mining:__call__:394 - |price                         |    0.00|price                                                       |0.230769|    0.00|0.230769|1.000000|       0|       0
2022-11-16 15:57:37.266 | DEBUG    | localization_association_rule_mining:__call__:394 - |config                        |    0.00|config                                                      |0.307692|    0.00|0.307692|1.000000|       0|       0
2022-11-16 15:57:37.266 | DEBUG    | localization_association_rule_mining:__call__:394 - |ts-ui-dashboard               |   -1.00|                                                            |0.000000|    0.00|0.000000|0.000000|       0|       0
2022-11-16 15:57:37.267 | DEBUG    | localization_association_rule_mining:__call__:394 - |auth                          |   -1.00|                                                            |0.000000|    0.00|0.000000|0.000000|       0|       0
2022-11-16 15:57:37.267 | DEBUG    | localization_association_rule_mining:__call__:394 - |assurance                     |   -1.00|                                                            |0.000000|    0.00|0.000000|0.000000|       0|       0
2022-11-16 15:57:37.267 | DEBUG    | localization_association_rule_mining:__call__:394 - |contacts                      |   -1.00|                                                            |0.000000|    0.00|0.000000|0.000000|       0|       0
2022-11-16 15:57:37.267 | DEBUG    | localization_association_rule_mining:__call__:394 - |food-map                      |   -1.00|                                                            |0.000000|    0.00|0.000000|0.000000|       0|       0
2022-11-16 15:57:37.267 | DEBUG    | localization_association_rule_mining:__call__:394 - |travel2                       |   -1.00|                                                            |0.000000|    0.00|0.000000|0.000000|       0|       0
2022-11-16 15:57:37.267 | DEBUG    | localization_association_rule_mining:__call__:394 - |verification-code             |   -1.00|                                                            |0.000000|    0.00|0.000000|0.000000|       0|       0
2022-11-16 15:57:37.267 | DEBUG    | localization_association_rule_mining:__call__:394 - |travel-plan                   |   -1.00|                                                            |0.000000|    0.00|0.000000|0.000000|       0|       0
2022-11-16 15:57:37.267 | DEBUG    | localization_association_rule_mining:__call__:394 - |consign                       |   -1.00|                                                            |0.000000|    0.00|0.000000|0.000000|       0|       0
2022-11-16 15:57:37.267 | DEBUG    | localization_association_rule_mining:__call__:394 - |order-other                   |   -1.00|                                                            |0.000000|    0.00|0.000000|0.000000|       0|       0
2022-11-16 15:57:37.267 | DEBUG    | localization_association_rule_mining:__call__:394 - |route-plan                    |   -1.00|                                                            |0.000000|    0.00|0.000000|0.000000|       0|       0
2022-11-16 15:57:37.267 | DEBUG    | localization_association_rule_mining:__call__:394 - |payment                       |   -1.00|                                                            |0.000000|    0.00|0.000000|0.000000|       0|       0
2022-11-16 15:57:37.267 | DEBUG    | localization_association_rule_mining:__call__:394 - |security                      |   -1.00|                                                            |0.000000|    0.00|0.000000|0.000000|       0|       0
2022-11-16 15:57:37.267 | DEBUG    | localization_association_rule_mining:__call__:394 - |cancel                        |   -1.00|                                                            |0.000000|    0.00|0.000000|0.000000|       0|       0
2022-11-16 15:57:37.267 | DEBUG    | localization_association_rule_mining:__call__:394 - |inside-payment                |   -1.00|                                                            |0.000000|    0.00|0.000000|0.000000|       0|       0
