2022-10-31 19:46:57.551 | DEBUG    | localization_association_rule_mining:__call__:388 - |item                          |score   |pattern                                                     |ps      |ips     |p(a|b)  |p(b|a)  |in      |out     
2022-10-31 19:46:57.552 | DEBUG    | localization_association_rule_mining:__call__:392 - |station                       |  188.52|station                                                     |0.494805|  381.00|0.591615|0.751479|     381|       0
2022-10-31 19:46:57.552 | DEBUG    | localization_association_rule_mining:__call__:392 - |route                         |   59.65|route                                                       |0.304348|  196.00|0.304348|1.000000|     196|       0
2022-10-31 19:46:57.552 | DEBUG    | localization_association_rule_mining:__call__:392 - |order                         |   55.89|order                                                       |0.247289|  226.00|0.354037|0.450593|     226|       0
2022-10-31 19:46:57.552 | DEBUG    | localization_association_rule_mining:__call__:392 - |food                          |   23.93|food                                                        |0.241692|   99.00|0.248447|0.898876|      28|     127
2022-10-31 19:46:57.552 | DEBUG    | localization_association_rule_mining:__call__:392 - |train                         |   23.11|train                                                       |0.189441|  122.00|0.189441|1.000000|     122|       0
2022-10-31 19:46:57.552 | DEBUG    | localization_association_rule_mining:__call__:392 - |cancel                        |   21.11|cancel                                                      |0.175953|  120.00|0.186335|0.759494|       0|     120
2022-10-31 19:46:57.552 | DEBUG    | localization_association_rule_mining:__call__:392 - |order-other                   |   17.80|order-other                                                 |0.282552|   63.00|0.336957|0.636364|      77|     140
2022-10-31 19:46:57.552 | DEBUG    | localization_association_rule_mining:__call__:392 - |food-map                      |   14.31|food-map                                                    |0.149068|   96.00|0.149068|1.000000|      96|       0
2022-10-31 19:46:57.552 | DEBUG    | localization_association_rule_mining:__call__:392 - |basic                         |   12.21|basic                                                       |0.265528|   46.00|0.265528|1.000000|     121|     167
2022-10-31 19:46:57.552 | DEBUG    | localization_association_rule_mining:__call__:392 - |travel                        |   11.87|travel                                                      |0.409302|   29.00|0.409938|0.996226|     176|     205
2022-10-31 19:46:57.553 | DEBUG    | localization_association_rule_mining:__call__:392 - |seat                          |   10.57|seat                                                        |0.229814|   46.00|0.229814|1.000000|      85|     131
2022-10-31 19:46:57.553 | DEBUG    | localization_association_rule_mining:__call__:392 - |config                        |    8.50|config                                                      |0.114907|   74.00|0.114907|1.000000|      74|       0
2022-10-31 19:46:57.553 | DEBUG    | localization_association_rule_mining:__call__:392 - |preserve                      |    6.11|preserve                                                    |0.107143|   57.00|0.107143|1.000000|       0|      57
2022-10-31 19:46:57.553 | DEBUG    | localization_association_rule_mining:__call__:392 - |user                          |    3.05|user                                                        |0.101695|   30.00|0.102484|0.929577|      30|       0
2022-10-31 19:46:57.553 | DEBUG    | localization_association_rule_mining:__call__:392 - |ticketinfo                    |    0.24|ticketinfo                                                  |0.236025|    1.00|0.236025|1.000000|     120|     121
2022-10-31 19:46:57.553 | DEBUG    | localization_association_rule_mining:__call__:392 - |security                      |   -1.00|                                                            |0.000000|    0.00|0.000000|0.000000|       0|       0
2022-10-31 19:46:57.553 | DEBUG    | localization_association_rule_mining:__call__:392 - |admin-order                   |   -1.00|                                                            |0.000000|    0.00|0.000000|0.000000|       0|       0
2022-10-31 19:46:57.553 | DEBUG    | localization_association_rule_mining:__call__:392 - |consign                       |   -1.00|                                                            |0.000000|    0.00|0.000000|0.000000|       0|       0
2022-10-31 19:46:57.553 | DEBUG    | localization_association_rule_mining:__call__:392 - |auth                          |   -1.00|                                                            |0.000000|    0.00|0.000000|0.000000|       0|       0
2022-10-31 19:46:57.553 | DEBUG    | localization_association_rule_mining:__call__:392 - |preserve-other                |   -1.00|                                                            |0.000000|    0.00|0.000000|0.000000|       0|       0
2022-10-31 19:46:57.553 | DEBUG    | localization_association_rule_mining:__call__:392 - |inside-payment                |   -1.00|                                                            |0.000000|    0.00|0.000000|0.000000|       0|       0
2022-10-31 19:46:57.553 | DEBUG    | localization_association_rule_mining:__call__:392 - |assurance                     |   -1.00|                                                            |0.000000|    0.00|0.000000|0.000000|       0|       0
2022-10-31 19:46:57.553 | DEBUG    | localization_association_rule_mining:__call__:392 - |route-plan                    |   -1.00|                                                            |0.000000|    0.00|0.000000|0.000000|       0|       0
2022-10-31 19:46:57.553 | DEBUG    | localization_association_rule_mining:__call__:392 - |notification                  |   -1.00|                                                            |0.000000|    0.00|0.000000|0.000000|       0|       0
2022-10-31 19:46:57.553 | DEBUG    | localization_association_rule_mining:__call__:392 - |payment                       |   -1.00|                                                            |0.000000|    0.00|0.000000|0.000000|       0|       0
2022-10-31 19:46:57.553 | DEBUG    | localization_association_rule_mining:__call__:392 - |ts-ui-dashboard               |   -1.00|                                                            |0.000000|    0.00|0.000000|0.000000|       0|       0
2022-10-31 19:46:57.553 | DEBUG    | localization_association_rule_mining:__call__:392 - |price                         |   -1.00|                                                            |0.000000|    0.00|0.000000|0.000000|       0|       0
2022-10-31 19:46:57.553 | DEBUG    | localization_association_rule_mining:__call__:392 - |travel2                       |   -1.00|                                                            |0.000000|    0.00|0.000000|0.000000|       0|       0
2022-10-31 19:46:57.554 | DEBUG    | localization_association_rule_mining:__call__:392 - |verification-code             |   -1.00|                                                            |0.000000|    0.00|0.000000|0.000000|       0|       0
2022-10-31 19:46:57.554 | DEBUG    | localization_association_rule_mining:__call__:392 - |contacts                      |   -1.00|                                                            |0.000000|    0.00|0.000000|0.000000|       0|       0
2022-10-31 19:46:57.554 | DEBUG    | localization_association_rule_mining:__call__:392 - |travel-plan                   |   -1.00|                                                            |0.000000|    0.00|0.000000|0.000000|       0|       0
