2022-11-16 15:52:45.548 | DEBUG    | localization_association_rule_mining:__call__:390 - |item                          |score   |pattern                                                     |ps      |ips     |p(a|b)  |p(b|a)  |in      |out     
2022-11-16 15:52:45.549 | DEBUG    | localization_association_rule_mining:__call__:394 - |config                        |   11.61|config                                                      |0.552632|   21.00|0.552632|1.000000|      21|       0
2022-11-16 15:52:45.549 | DEBUG    | localization_association_rule_mining:__call__:394 - |preserve                      |    5.05|preserve                                                    |0.421053|   12.00|0.421053|1.000000|      16|       4
2022-11-16 15:52:45.549 | DEBUG    | localization_association_rule_mining:__call__:394 - |seat                          |    0.87|seat                                                        |0.868421|    1.00|0.868421|1.000000|      20|      21
2022-11-16 15:52:45.549 | DEBUG    | localization_association_rule_mining:__call__:394 - |travel                        |    0.65|travel                                                      |0.654545|    1.00|0.947368|0.679245|      21|      20
2022-11-16 15:52:45.549 | DEBUG    | localization_association_rule_mining:__call__:394 - |security                      |    0.00|security                                                    |0.342105|    0.00|0.342105|1.000000|       0|       0
2022-11-16 15:52:45.549 | DEBUG    | localization_association_rule_mining:__call__:394 - |price                         |    0.00|price                                                       |0.315789|    0.00|0.315789|1.000000|       0|       0
2022-11-16 15:52:45.549 | DEBUG    | localization_association_rule_mining:__call__:394 - |train                         |    0.00|train                                                       |0.815789|    0.00|0.815789|1.000000|       0|       0
2022-11-16 15:52:45.549 | DEBUG    | localization_association_rule_mining:__call__:394 - |route                         |    0.00|route                                                       |0.520000|    0.00|0.684211|0.684211|       0|       0
2022-11-16 15:52:45.549 | DEBUG    | localization_association_rule_mining:__call__:394 - |basic                         |    0.00|basic                                                       |0.947368|    0.00|0.947368|1.000000|       0|       0
2022-11-16 15:52:45.549 | DEBUG    | localization_association_rule_mining:__call__:394 - |station                       |    0.00|station                                                     |0.400000|    0.00|0.894737|0.419753|       0|       0
2022-11-16 15:52:45.549 | DEBUG    | localization_association_rule_mining:__call__:394 - |ticketinfo                    |    0.00|ticketinfo                                                  |0.921053|    0.00|0.921053|1.000000|       0|       0
2022-11-16 15:52:45.549 | DEBUG    | localization_association_rule_mining:__call__:394 - |ts-ui-dashboard               |   -1.00|                                                            |0.000000|    0.00|0.000000|0.000000|       0|       0
2022-11-16 15:52:45.549 | DEBUG    | localization_association_rule_mining:__call__:394 - |order                         |   -1.00|                                                            |0.000000|    0.00|0.000000|0.000000|       0|       0
2022-11-16 15:52:45.549 | DEBUG    | localization_association_rule_mining:__call__:394 - |admin-order                   |   -1.00|                                                            |0.000000|    0.00|0.000000|0.000000|       0|       0
2022-11-16 15:52:45.549 | DEBUG    | localization_association_rule_mining:__call__:394 - |payment                       |   -1.00|                                                            |0.000000|    0.00|0.000000|0.000000|       0|       0
2022-11-16 15:52:45.549 | DEBUG    | localization_association_rule_mining:__call__:394 - |food-map                      |   -1.00|                                                            |0.000000|    0.00|0.000000|0.000000|       0|       0
2022-11-16 15:52:45.550 | DEBUG    | localization_association_rule_mining:__call__:394 - |user                          |   -1.00|                                                            |0.000000|    0.00|0.000000|0.000000|       0|       0
2022-11-16 15:52:45.550 | DEBUG    | localization_association_rule_mining:__call__:394 - |route-plan                    |   -1.00|                                                            |0.000000|    0.00|0.000000|0.000000|       0|       0
2022-11-16 15:52:45.550 | DEBUG    | localization_association_rule_mining:__call__:394 - |order-other                   |   -1.00|                                                            |0.000000|    0.00|0.000000|0.000000|       0|       0
2022-11-16 15:52:45.550 | DEBUG    | localization_association_rule_mining:__call__:394 - |travel2                       |   -1.00|                                                            |0.000000|    0.00|0.000000|0.000000|       0|       0
2022-11-16 15:52:45.550 | DEBUG    | localization_association_rule_mining:__call__:394 - |consign                       |   -1.00|                                                            |0.000000|    0.00|0.000000|0.000000|       0|       0
2022-11-16 15:52:45.550 | DEBUG    | localization_association_rule_mining:__call__:394 - |notification                  |   -1.00|                                                            |0.000000|    0.00|0.000000|0.000000|       0|       0
2022-11-16 15:52:45.550 | DEBUG    | localization_association_rule_mining:__call__:394 - |verification-code             |   -1.00|                                                            |0.000000|    0.00|0.000000|0.000000|       0|       0
2022-11-16 15:52:45.550 | DEBUG    | localization_association_rule_mining:__call__:394 - |food                          |   -1.00|                                                            |0.000000|    0.00|0.000000|0.000000|       0|       0
2022-11-16 15:52:45.550 | DEBUG    | localization_association_rule_mining:__call__:394 - |cancel                        |   -1.00|                                                            |0.000000|    0.00|0.000000|0.000000|       0|       0
2022-11-16 15:52:45.550 | DEBUG    | localization_association_rule_mining:__call__:394 - |travel-plan                   |   -1.00|                                                            |0.000000|    0.00|0.000000|0.000000|       0|       0
2022-11-16 15:52:45.550 | DEBUG    | localization_association_rule_mining:__call__:394 - |contacts                      |   -1.00|                                                            |0.000000|    0.00|0.000000|0.000000|       0|       0
2022-11-16 15:52:45.550 | DEBUG    | localization_association_rule_mining:__call__:394 - |assurance                     |   -1.00|                                                            |0.000000|    0.00|0.000000|0.000000|       0|       0
2022-11-16 15:52:45.550 | DEBUG    | localization_association_rule_mining:__call__:394 - |auth                          |   -1.00|                                                            |0.000000|    0.00|0.000000|0.000000|       0|       0
2022-11-16 15:52:45.550 | DEBUG    | localization_association_rule_mining:__call__:394 - |inside-payment                |   -1.00|                                                            |0.000000|    0.00|0.000000|0.000000|       0|       0
