2022-10-31 19:50:30.240 | DEBUG    | localization_association_rule_mining:__call__:388 - |item                          |score   |pattern                                                     |ps      |ips     |p(a|b)  |p(b|a)  |in      |out     
2022-10-31 19:50:30.240 | DEBUG    | localization_association_rule_mining:__call__:392 - |station                       |   85.17|station                                                     |0.425847|  200.00|0.580925|0.614679|     200|       0
2022-10-31 19:50:30.240 | DEBUG    | localization_association_rule_mining:__call__:392 - |route                         |   25.00|route                                                       |0.268786|   93.00|0.268786|1.000000|      93|       0
2022-10-31 19:50:30.240 | DEBUG    | localization_association_rule_mining:__call__:392 - |food                          |   17.47|food                                                        |0.272981|   64.00|0.283237|0.882883|      15|      79
2022-10-31 19:50:30.240 | DEBUG    | localization_association_rule_mining:__call__:392 - |order-other                   |   16.86|order-other                                                 |0.247899|   68.00|0.341040|0.475806|      25|      93
2022-10-31 19:50:30.240 | DEBUG    | localization_association_rule_mining:__call__:392 - |food-map                      |   14.57|food-map                                                    |0.205202|   71.00|0.205202|1.000000|      71|       0
2022-10-31 19:50:30.240 | DEBUG    | localization_association_rule_mining:__call__:392 - |order                         |   13.40|order                                                       |0.139535|   96.00|0.277457|0.219178|      96|       0
2022-10-31 19:50:30.240 | DEBUG    | localization_association_rule_mining:__call__:392 - |cancel                        |   10.99|cancel                                                      |0.174515|   63.00|0.182081|0.807692|       0|      63
2022-10-31 19:50:30.240 | DEBUG    | localization_association_rule_mining:__call__:392 - |auth                          |    7.85|auth                                                        |0.148045|   53.00|0.153179|0.815385|       0|      53
2022-10-31 19:50:30.241 | DEBUG    | localization_association_rule_mining:__call__:392 - |travel                        |    6.10|travel                                                      |0.320809|   19.00|0.320809|1.000000|      72|      91
2022-10-31 19:50:30.241 | DEBUG    | localization_association_rule_mining:__call__:392 - |verification-code             |    5.20|verification-code                                           |0.098148|   53.00|0.153179|0.214575|      53|       0
2022-10-31 19:50:30.241 | DEBUG    | localization_association_rule_mining:__call__:392 - |train                         |    4.86|train                                                       |0.118497|   41.00|0.118497|1.000000|      41|       0
2022-10-31 19:50:30.241 | DEBUG    | localization_association_rule_mining:__call__:392 - |user                          |    1.58|user                                                        |0.105413|   15.00|0.106936|0.880952|      15|       0
2022-10-31 19:50:30.241 | DEBUG    | localization_association_rule_mining:__call__:392 - |basic                         |    1.30|basic                                                       |0.144509|    9.00|0.144509|1.000000|      40|      49
2022-10-31 19:50:30.241 | DEBUG    | localization_association_rule_mining:__call__:392 - |seat                          |    0.83|seat                                                        |0.118497|    7.00|0.118497|1.000000|      27|      34
2022-10-31 19:50:30.241 | DEBUG    | localization_association_rule_mining:__call__:392 - |ticketinfo                    |    0.26|ticketinfo                                                  |0.130058|    2.00|0.130058|1.000000|      38|      40
2022-10-31 19:50:30.241 | DEBUG    | localization_association_rule_mining:__call__:392 - |notification                  |    0.00|notification                                                |0.114613|    0.00|0.115607|0.930233|       0|       0
2022-10-31 19:50:30.241 | DEBUG    | localization_association_rule_mining:__call__:392 - |travel2                       |   -1.00|                                                            |0.000000|    0.00|0.000000|0.000000|       0|       0
2022-10-31 19:50:30.241 | DEBUG    | localization_association_rule_mining:__call__:392 - |price                         |   -1.00|                                                            |0.000000|    0.00|0.000000|0.000000|       0|       0
2022-10-31 19:50:30.241 | DEBUG    | localization_association_rule_mining:__call__:392 - |inside-payment                |   -1.00|                                                            |0.000000|    0.00|0.000000|0.000000|       0|       0
2022-10-31 19:50:30.241 | DEBUG    | localization_association_rule_mining:__call__:392 - |payment                       |   -1.00|                                                            |0.000000|    0.00|0.000000|0.000000|       0|       0
2022-10-31 19:50:30.241 | DEBUG    | localization_association_rule_mining:__call__:392 - |contacts                      |   -1.00|                                                            |0.000000|    0.00|0.000000|0.000000|       0|       0
2022-10-31 19:50:30.241 | DEBUG    | localization_association_rule_mining:__call__:392 - |security                      |   -1.00|                                                            |0.000000|    0.00|0.000000|0.000000|       0|       0
2022-10-31 19:50:30.241 | DEBUG    | localization_association_rule_mining:__call__:392 - |consign                       |   -1.00|                                                            |0.000000|    0.00|0.000000|0.000000|       0|       0
2022-10-31 19:50:30.241 | DEBUG    | localization_association_rule_mining:__call__:392 - |route-plan                    |   -1.00|                                                            |0.000000|    0.00|0.000000|0.000000|       0|       0
2022-10-31 19:50:30.241 | DEBUG    | localization_association_rule_mining:__call__:392 - |travel-plan                   |   -1.00|                                                            |0.000000|    0.00|0.000000|0.000000|       0|       0
2022-10-31 19:50:30.241 | DEBUG    | localization_association_rule_mining:__call__:392 - |config                        |   -1.00|                                                            |0.000000|    0.00|0.000000|0.000000|       0|       0
2022-10-31 19:50:30.242 | DEBUG    | localization_association_rule_mining:__call__:392 - |ts-ui-dashboard               |   -1.00|                                                            |0.000000|    0.00|0.000000|0.000000|       0|       0
2022-10-31 19:50:30.242 | DEBUG    | localization_association_rule_mining:__call__:392 - |admin-order                   |   -1.00|                                                            |0.000000|    0.00|0.000000|0.000000|       0|       0
2022-10-31 19:50:30.242 | DEBUG    | localization_association_rule_mining:__call__:392 - |preserve-other                |   -1.00|                                                            |0.000000|    0.00|0.000000|0.000000|       0|       0
2022-10-31 19:50:30.242 | DEBUG    | localization_association_rule_mining:__call__:392 - |assurance                     |   -1.00|                                                            |0.000000|    0.00|0.000000|0.000000|       0|       0
2022-10-31 19:50:30.242 | DEBUG    | localization_association_rule_mining:__call__:392 - |preserve                      |   -1.00|                                                            |0.000000|    0.00|0.000000|0.000000|       0|       0
