2022-10-31 19:50:19.488 | DEBUG    | localization_association_rule_mining:__call__:388 - |item                          |score   |pattern                                                     |ps      |ips     |p(a|b)  |p(b|a)  |in      |out     
2022-10-31 19:50:19.488 | DEBUG    | localization_association_rule_mining:__call__:392 - |station                       |   62.02|station                                                     |0.427729|  145.00|0.584677|0.614407|     145|       0
2022-10-31 19:50:19.488 | DEBUG    | localization_association_rule_mining:__call__:392 - |order-other                   |   26.97|order-other                                                 |0.434944|   62.00|0.471774|0.847826|      27|      89
2022-10-31 19:50:19.488 | DEBUG    | localization_association_rule_mining:__call__:392 - |order                         |   17.25|order                                                       |0.215633|   80.00|0.322581|0.394089|      80|       0
2022-10-31 19:50:19.488 | DEBUG    | localization_association_rule_mining:__call__:392 - |route                         |   13.10|route                                                       |0.229839|   57.00|0.229839|1.000000|      57|       0
2022-10-31 19:50:19.488 | DEBUG    | localization_association_rule_mining:__call__:392 - |cancel                        |   12.30|cancel                                                      |0.219608|   56.00|0.225806|0.888889|       0|      56
2022-10-31 19:50:19.488 | DEBUG    | localization_association_rule_mining:__call__:392 - |food                          |    7.19|food                                                        |0.205534|   35.00|0.209677|0.912281|       8|      43
2022-10-31 19:50:19.489 | DEBUG    | localization_association_rule_mining:__call__:392 - |food-map                      |    6.45|food-map                                                    |0.161290|   40.00|0.161290|1.000000|      40|       0
2022-10-31 19:50:19.489 | DEBUG    | localization_association_rule_mining:__call__:392 - |train                         |    2.83|train                                                       |0.108871|   26.00|0.108871|1.000000|      26|       0
2022-10-31 19:50:19.489 | DEBUG    | localization_association_rule_mining:__call__:392 - |travel                        |    0.83|travel                                                      |0.278226|    3.00|0.278226|1.000000|      51|      54
2022-10-31 19:50:19.489 | DEBUG    | localization_association_rule_mining:__call__:392 - |ticketinfo                    |    0.79|ticketinfo                                                  |0.112903|    7.00|0.112903|1.000000|      27|      20
2022-10-31 19:50:19.489 | DEBUG    | localization_association_rule_mining:__call__:392 - |user                          |    0.73|user                                                        |0.104418|    7.00|0.104839|0.962963|       7|       0
2022-10-31 19:50:19.489 | DEBUG    | localization_association_rule_mining:__call__:392 - |seat                          |   -1.00|                                                            |0.000000|    0.00|0.000000|0.000000|       0|       0
2022-10-31 19:50:19.489 | DEBUG    | localization_association_rule_mining:__call__:392 - |preserve                      |   -1.00|                                                            |0.000000|    0.00|0.000000|0.000000|       0|       0
2022-10-31 19:50:19.489 | DEBUG    | localization_association_rule_mining:__call__:392 - |assurance                     |   -1.00|                                                            |0.000000|    0.00|0.000000|0.000000|       0|       0
2022-10-31 19:50:19.489 | DEBUG    | localization_association_rule_mining:__call__:392 - |contacts                      |   -1.00|                                                            |0.000000|    0.00|0.000000|0.000000|       0|       0
2022-10-31 19:50:19.489 | DEBUG    | localization_association_rule_mining:__call__:392 - |preserve-other                |   -1.00|                                                            |0.000000|    0.00|0.000000|0.000000|       0|       0
2022-10-31 19:50:19.489 | DEBUG    | localization_association_rule_mining:__call__:392 - |verification-code             |   -1.00|                                                            |0.000000|    0.00|0.000000|0.000000|       0|       0
2022-10-31 19:50:19.489 | DEBUG    | localization_association_rule_mining:__call__:392 - |travel-plan                   |   -1.00|                                                            |0.000000|    0.00|0.000000|0.000000|       0|       0
2022-10-31 19:50:19.489 | DEBUG    | localization_association_rule_mining:__call__:392 - |consign                       |   -1.00|                                                            |0.000000|    0.00|0.000000|0.000000|       0|       0
2022-10-31 19:50:19.489 | DEBUG    | localization_association_rule_mining:__call__:392 - |travel2                       |   -1.00|                                                            |0.000000|    0.00|0.000000|0.000000|       0|       0
2022-10-31 19:50:19.489 | DEBUG    | localization_association_rule_mining:__call__:392 - |price                         |   -1.00|                                                            |0.000000|    0.00|0.000000|0.000000|       0|       0
2022-10-31 19:50:19.489 | DEBUG    | localization_association_rule_mining:__call__:392 - |auth                          |   -1.00|                                                            |0.000000|    0.00|0.000000|0.000000|       0|       0
2022-10-31 19:50:19.489 | DEBUG    | localization_association_rule_mining:__call__:392 - |inside-payment                |   -1.00|                                                            |0.000000|    0.00|0.000000|0.000000|       0|       0
2022-10-31 19:50:19.489 | DEBUG    | localization_association_rule_mining:__call__:392 - |basic                         |   -1.00|                                                            |0.000000|    0.00|0.000000|0.000000|       0|       0
2022-10-31 19:50:19.490 | DEBUG    | localization_association_rule_mining:__call__:392 - |ts-ui-dashboard               |   -1.00|                                                            |0.000000|    0.00|0.000000|0.000000|       0|       0
2022-10-31 19:50:19.490 | DEBUG    | localization_association_rule_mining:__call__:392 - |security                      |   -1.00|                                                            |0.000000|    0.00|0.000000|0.000000|       0|       0
2022-10-31 19:50:19.490 | DEBUG    | localization_association_rule_mining:__call__:392 - |route-plan                    |   -1.00|                                                            |0.000000|    0.00|0.000000|0.000000|       0|       0
2022-10-31 19:50:19.490 | DEBUG    | localization_association_rule_mining:__call__:392 - |payment                       |   -1.00|                                                            |0.000000|    0.00|0.000000|0.000000|       0|       0
2022-10-31 19:50:19.490 | DEBUG    | localization_association_rule_mining:__call__:392 - |config                        |   -1.00|                                                            |0.000000|    0.00|0.000000|0.000000|       0|       0
