2022-11-16 16:46:11.270 | DEBUG    | localization_association_rule_mining:__call__:390 - |item                          |score   |pattern                                                     |ps      |ips     |p(a|b)  |p(b|a)  |in      |out     
2022-11-16 16:46:11.270 | DEBUG    | localization_association_rule_mining:__call__:394 - |inside-payment                |   39.05|inside-payment                                              |0.813559|   48.00|0.960000|0.842105|      48|       0
2022-11-16 16:46:11.270 | DEBUG    | localization_association_rule_mining:__call__:394 - |cancel                        |    1.51|cancel                                                      |0.302326|    5.00|0.520000|0.419355|      21|      26
2022-11-16 16:46:11.270 | DEBUG    | localization_association_rule_mining:__call__:394 - |order-other                   |    0.00|order-other                                                 |0.019231|    0.00|0.100000|0.023256|       0|       0
2022-11-16 16:46:11.270 | DEBUG    | localization_association_rule_mining:__call__:394 - |notification                  |    0.00|notification                                                |0.358209|    0.00|0.480000|0.585366|       0|       0
2022-11-16 16:46:11.270 | DEBUG    | localization_association_rule_mining:__call__:394 - |order                         |    0.00|order                                                       |0.105556|    0.00|0.760000|0.109195|       0|       0
2022-11-16 16:46:11.270 | DEBUG    | localization_association_rule_mining:__call__:394 - |payment                       |    0.00|payment                                                     |0.309091|    0.00|0.340000|0.772727|       0|       0
2022-11-16 16:46:11.270 | DEBUG    | localization_association_rule_mining:__call__:394 - |user                          |    0.00|user                                                        |0.328571|    0.00|0.460000|0.534884|       0|       0
2022-11-16 16:46:11.270 | DEBUG    | localization_association_rule_mining:__call__:394 - |ts-ui-dashboard               |   -1.00|                                                            |0.000000|    0.00|0.000000|0.000000|       0|       0
2022-11-16 16:46:11.270 | DEBUG    | localization_association_rule_mining:__call__:394 - |assurance                     |   -1.00|                                                            |0.000000|    0.00|0.000000|0.000000|       0|       0
2022-11-16 16:46:11.270 | DEBUG    | localization_association_rule_mining:__call__:394 - |food-map                      |   -1.00|                                                            |0.000000|    0.00|0.000000|0.000000|       0|       0
2022-11-16 16:46:11.270 | DEBUG    | localization_association_rule_mining:__call__:394 - |contacts                      |   -1.00|                                                            |0.000000|    0.00|0.000000|0.000000|       0|       0
2022-11-16 16:46:11.270 | DEBUG    | localization_association_rule_mining:__call__:394 - |route                         |   -1.00|                                                            |0.000000|    0.00|0.000000|0.000000|       0|       0
2022-11-16 16:46:11.271 | DEBUG    | localization_association_rule_mining:__call__:394 - |admin-order                   |   -1.00|                                                            |0.000000|    0.00|0.000000|0.000000|       0|       0
2022-11-16 16:46:11.271 | DEBUG    | localization_association_rule_mining:__call__:394 - |station                       |   -1.00|                                                            |0.000000|    0.00|0.000000|0.000000|       0|       0
2022-11-16 16:46:11.271 | DEBUG    | localization_association_rule_mining:__call__:394 - |ticketinfo                    |   -1.00|                                                            |0.000000|    0.00|0.000000|0.000000|       0|       0
2022-11-16 16:46:11.271 | DEBUG    | localization_association_rule_mining:__call__:394 - |consign                       |   -1.00|                                                            |0.000000|    0.00|0.000000|0.000000|       0|       0
2022-11-16 16:46:11.271 | DEBUG    | localization_association_rule_mining:__call__:394 - |seat                          |   -1.00|                                                            |0.000000|    0.00|0.000000|0.000000|       0|       0
2022-11-16 16:46:11.271 | DEBUG    | localization_association_rule_mining:__call__:394 - |route-plan                    |   -1.00|                                                            |0.000000|    0.00|0.000000|0.000000|       0|       0
2022-11-16 16:46:11.271 | DEBUG    | localization_association_rule_mining:__call__:394 - |admin-travel                  |   -1.00|                                                            |0.000000|    0.00|0.000000|0.000000|       0|       0
2022-11-16 16:46:11.271 | DEBUG    | localization_association_rule_mining:__call__:394 - |food                          |   -1.00|                                                            |0.000000|    0.00|0.000000|0.000000|       0|       0
2022-11-16 16:46:11.271 | DEBUG    | localization_association_rule_mining:__call__:394 - |config                        |   -1.00|                                                            |0.000000|    0.00|0.000000|0.000000|       0|       0
2022-11-16 16:46:11.271 | DEBUG    | localization_association_rule_mining:__call__:394 - |travel                        |   -1.00|                                                            |0.000000|    0.00|0.000000|0.000000|       0|       0
2022-11-16 16:46:11.271 | DEBUG    | localization_association_rule_mining:__call__:394 - |auth                          |   -1.00|                                                            |0.000000|    0.00|0.000000|0.000000|       0|       0
2022-11-16 16:46:11.271 | DEBUG    | localization_association_rule_mining:__call__:394 - |preserve                      |   -1.00|                                                            |0.000000|    0.00|0.000000|0.000000|       0|       0
2022-11-16 16:46:11.271 | DEBUG    | localization_association_rule_mining:__call__:394 - |travel-plan                   |   -1.00|                                                            |0.000000|    0.00|0.000000|0.000000|       0|       0
2022-11-16 16:46:11.271 | DEBUG    | localization_association_rule_mining:__call__:394 - |train                         |   -1.00|                                                            |0.000000|    0.00|0.000000|0.000000|       0|       0
2022-11-16 16:46:11.271 | DEBUG    | localization_association_rule_mining:__call__:394 - |basic                         |   -1.00|                                                            |0.000000|    0.00|0.000000|0.000000|       0|       0
2022-11-16 16:46:11.271 | DEBUG    | localization_association_rule_mining:__call__:394 - |preserve-other                |   -1.00|                                                            |0.000000|    0.00|0.000000|0.000000|       0|       0
2022-11-16 16:46:11.271 | DEBUG    | localization_association_rule_mining:__call__:394 - |travel2                       |   -1.00|                                                            |0.000000|    0.00|0.000000|0.000000|       0|       0
2022-11-16 16:46:11.271 | DEBUG    | localization_association_rule_mining:__call__:394 - |verification-code             |   -1.00|                                                            |0.000000|    0.00|0.000000|0.000000|       0|       0
2022-11-16 16:46:11.271 | DEBUG    | localization_association_rule_mining:__call__:394 - |security                      |   -1.00|                                                            |0.000000|    0.00|0.000000|0.000000|       0|       0
2022-11-16 16:46:11.272 | DEBUG    | localization_association_rule_mining:__call__:394 - |price                         |   -1.00|                                                            |0.000000|    0.00|0.000000|0.000000|       0|       0
