2022-10-31 19:44:40.415 | DEBUG    | localization_association_rule_mining:__call__:388 - |item                          |score   |pattern                                                     |ps      |ips     |p(a|b)  |p(b|a)  |in      |out     
2022-10-31 19:44:40.415 | DEBUG    | localization_association_rule_mining:__call__:392 - |station                       |  119.34|station                                                     |0.514412|  232.00|0.676385|0.682353|     232|       0
2022-10-31 19:44:40.415 | DEBUG    | localization_association_rule_mining:__call__:392 - |food                          |   30.53|food                                                        |0.314763|   97.00|0.329446|0.875969|       5|     102
2022-10-31 19:44:40.415 | DEBUG    | localization_association_rule_mining:__call__:392 - |route                         |   26.87|route                                                       |0.279883|   96.00|0.279883|1.000000|      96|       0
2022-10-31 19:44:40.415 | DEBUG    | localization_association_rule_mining:__call__:392 - |order-other                   |   25.48|order-other                                                 |0.265403|   96.00|0.326531|0.586387|       8|     104
2022-10-31 19:44:40.415 | DEBUG    | localization_association_rule_mining:__call__:392 - |food-map                      |   16.62|food-map                                                    |0.221574|   75.00|0.221574|1.000000|      75|       0
2022-10-31 19:44:40.415 | DEBUG    | localization_association_rule_mining:__call__:392 - |auth                          |    8.50|auth                                                        |0.154494|   55.00|0.160350|0.808824|       0|      55
2022-10-31 19:44:40.415 | DEBUG    | localization_association_rule_mining:__call__:392 - |train                         |    6.44|train                                                       |0.137026|   47.00|0.137026|1.000000|      47|       0
2022-10-31 19:44:40.415 | DEBUG    | localization_association_rule_mining:__call__:392 - |verification-code             |    5.58|verification-code                                           |0.101476|   55.00|0.160350|0.216535|      55|       0
2022-10-31 19:44:40.415 | DEBUG    | localization_association_rule_mining:__call__:392 - |basic                         |    1.57|basic                                                       |0.157434|   10.00|0.157434|1.000000|      42|      52
2022-10-31 19:44:40.415 | DEBUG    | localization_association_rule_mining:__call__:392 - |seat                          |    1.37|seat                                                        |0.137026|   10.00|0.137026|1.000000|      29|      39
2022-10-31 19:44:40.415 | DEBUG    | localization_association_rule_mining:__call__:392 - |travel                        |    0.42|travel                                                      |0.418605|    1.00|0.419825|0.993103|      99|     100
2022-10-31 19:44:40.416 | DEBUG    | localization_association_rule_mining:__call__:392 - |ticketinfo                    |    0.16|ticketinfo                                                  |0.163265|    1.00|0.163265|1.000000|      43|      42
2022-10-31 19:44:40.416 | DEBUG    | localization_association_rule_mining:__call__:392 - |security                      |   -1.00|                                                            |0.000000|    0.00|0.000000|0.000000|       0|       0
2022-10-31 19:44:40.416 | DEBUG    | localization_association_rule_mining:__call__:392 - |payment                       |   -1.00|                                                            |0.000000|    0.00|0.000000|0.000000|       0|       0
2022-10-31 19:44:40.416 | DEBUG    | localization_association_rule_mining:__call__:392 - |notification                  |   -1.00|                                                            |0.000000|    0.00|0.000000|0.000000|       0|       0
2022-10-31 19:44:40.416 | DEBUG    | localization_association_rule_mining:__call__:392 - |price                         |   -1.00|                                                            |0.000000|    0.00|0.000000|0.000000|       0|       0
2022-10-31 19:44:40.416 | DEBUG    | localization_association_rule_mining:__call__:392 - |config                        |   -1.00|                                                            |0.000000|    0.00|0.000000|0.000000|       0|       0
2022-10-31 19:44:40.416 | DEBUG    | localization_association_rule_mining:__call__:392 - |route-plan                    |   -1.00|                                                            |0.000000|    0.00|0.000000|0.000000|       0|       0
2022-10-31 19:44:40.416 | DEBUG    | localization_association_rule_mining:__call__:392 - |preserve-other                |   -1.00|                                                            |0.000000|    0.00|0.000000|0.000000|       0|       0
2022-10-31 19:44:40.416 | DEBUG    | localization_association_rule_mining:__call__:392 - |ts-ui-dashboard               |   -1.00|                                                            |0.000000|    0.00|0.000000|0.000000|       0|       0
2022-10-31 19:44:40.416 | DEBUG    | localization_association_rule_mining:__call__:392 - |assurance                     |   -1.00|                                                            |0.000000|    0.00|0.000000|0.000000|       0|       0
2022-10-31 19:44:40.416 | DEBUG    | localization_association_rule_mining:__call__:392 - |preserve                      |   -1.00|                                                            |0.000000|    0.00|0.000000|0.000000|       0|       0
2022-10-31 19:44:40.416 | DEBUG    | localization_association_rule_mining:__call__:392 - |order                         |   -1.00|                                                            |0.000000|    0.00|0.000000|0.000000|       0|       0
2022-10-31 19:44:40.416 | DEBUG    | localization_association_rule_mining:__call__:392 - |travel-plan                   |   -1.00|                                                            |0.000000|    0.00|0.000000|0.000000|       0|       0
2022-10-31 19:44:40.416 | DEBUG    | localization_association_rule_mining:__call__:392 - |contacts                      |   -1.00|                                                            |0.000000|    0.00|0.000000|0.000000|       0|       0
2022-10-31 19:44:40.416 | DEBUG    | localization_association_rule_mining:__call__:392 - |travel2                       |   -1.00|                                                            |0.000000|    0.00|0.000000|0.000000|       0|       0
2022-10-31 19:44:40.416 | DEBUG    | localization_association_rule_mining:__call__:392 - |inside-payment                |   -1.00|                                                            |0.000000|    0.00|0.000000|0.000000|       0|       0
2022-10-31 19:44:40.416 | DEBUG    | localization_association_rule_mining:__call__:392 - |user                          |   -1.00|                                                            |0.000000|    0.00|0.000000|0.000000|       0|       0
2022-10-31 19:44:40.416 | DEBUG    | localization_association_rule_mining:__call__:392 - |consign                       |   -1.00|                                                            |0.000000|    0.00|0.000000|0.000000|       0|       0
2022-10-31 19:44:40.416 | DEBUG    | localization_association_rule_mining:__call__:392 - |cancel                        |   -1.00|                                                            |0.000000|    0.00|0.000000|0.000000|       0|       0
2022-10-31 19:44:40.417 | DEBUG    | localization_association_rule_mining:__call__:392 - |admin-order                   |   -1.00|                                                            |0.000000|    0.00|0.000000|0.000000|       0|       0
