2022-10-31 19:48:53.690 | DEBUG    | localization_association_rule_mining:__call__:388 - |item                          |score   |pattern                                                     |ps      |ips     |p(a|b)  |p(b|a)  |in      |out     
2022-10-31 19:48:53.690 | DEBUG    | localization_association_rule_mining:__call__:392 - |station                       |  147.78|station                                                     |0.492611|  300.00|0.626305|0.697674|     300|       0
2022-10-31 19:48:53.690 | DEBUG    | localization_association_rule_mining:__call__:392 - |route                         |   34.67|route                                                       |0.268750|  129.00|0.269311|0.992308|     129|       0
2022-10-31 19:48:53.690 | DEBUG    | localization_association_rule_mining:__call__:392 - |order-other                   |   23.00|order-other                                                 |0.267477|   86.00|0.367432|0.495775|      45|     131
2022-10-31 19:48:53.691 | DEBUG    | localization_association_rule_mining:__call__:392 - |food                          |   21.70|food                                                        |0.258317|   84.00|0.275574|0.804878|      20|     104
2022-10-31 19:48:53.691 | DEBUG    | localization_association_rule_mining:__call__:392 - |order                         |   16.38|order                                                       |0.139976|  117.00|0.246347|0.244813|     117|       0
2022-10-31 19:48:53.691 | DEBUG    | localization_association_rule_mining:__call__:392 - |food-map                      |   13.87|food-map                                                    |0.171190|   81.00|0.171190|1.000000|      81|       0
2022-10-31 19:48:53.691 | DEBUG    | localization_association_rule_mining:__call__:392 - |train                         |   11.12|train                                                       |0.154489|   72.00|0.154489|1.000000|      72|       0
2022-10-31 19:48:53.691 | DEBUG    | localization_association_rule_mining:__call__:392 - |cancel                        |    8.27|cancel                                                      |0.129293|   64.00|0.133612|0.800000|       0|      64
2022-10-31 19:48:53.691 | DEBUG    | localization_association_rule_mining:__call__:392 - |travel                        |    5.58|travel                                                      |0.372141|   15.00|0.373695|0.988950|     112|     127
2022-10-31 19:48:53.691 | DEBUG    | localization_association_rule_mining:__call__:392 - |basic                         |    4.81|basic                                                       |0.229167|   21.00|0.229645|0.990991|      81|     102
2022-10-31 19:48:53.691 | DEBUG    | localization_association_rule_mining:__call__:392 - |config                        |    4.71|config                                                      |0.100209|   47.00|0.100209|1.000000|      47|       0
2022-10-31 19:48:53.691 | DEBUG    | localization_association_rule_mining:__call__:392 - |seat                          |    4.56|seat                                                        |0.175365|   26.00|0.175365|1.000000|      47|      73
2022-10-31 19:48:53.691 | DEBUG    | localization_association_rule_mining:__call__:392 - |ticketinfo                    |    1.72|ticketinfo                                                  |0.191667|    9.00|0.192067|0.989247|      72|      81
2022-10-31 19:48:53.691 | DEBUG    | localization_association_rule_mining:__call__:392 - |travel-plan                   |   -1.00|                                                            |0.000000|    0.00|0.000000|0.000000|       0|       0
2022-10-31 19:48:53.691 | DEBUG    | localization_association_rule_mining:__call__:392 - |price                         |   -1.00|                                                            |0.000000|    0.00|0.000000|0.000000|       0|       0
2022-10-31 19:48:53.691 | DEBUG    | localization_association_rule_mining:__call__:392 - |assurance                     |   -1.00|                                                            |0.000000|    0.00|0.000000|0.000000|       0|       0
2022-10-31 19:48:53.691 | DEBUG    | localization_association_rule_mining:__call__:392 - |ts-ui-dashboard               |   -1.00|                                                            |0.000000|    0.00|0.000000|0.000000|       0|       0
2022-10-31 19:48:53.691 | DEBUG    | localization_association_rule_mining:__call__:392 - |payment                       |   -1.00|                                                            |0.000000|    0.00|0.000000|0.000000|       0|       0
2022-10-31 19:48:53.691 | DEBUG    | localization_association_rule_mining:__call__:392 - |verification-code             |   -1.00|                                                            |0.000000|    0.00|0.000000|0.000000|       0|       0
2022-10-31 19:48:53.692 | DEBUG    | localization_association_rule_mining:__call__:392 - |admin-basic-info              |   -1.00|                                                            |0.000000|    0.00|0.000000|0.000000|       0|       0
2022-10-31 19:48:53.692 | DEBUG    | localization_association_rule_mining:__call__:392 - |route-plan                    |   -1.00|                                                            |0.000000|    0.00|0.000000|0.000000|       0|       0
2022-10-31 19:48:53.692 | DEBUG    | localization_association_rule_mining:__call__:392 - |admin-travel                  |   -1.00|                                                            |0.000000|    0.00|0.000000|0.000000|       0|       0
2022-10-31 19:48:53.692 | DEBUG    | localization_association_rule_mining:__call__:392 - |consign                       |   -1.00|                                                            |0.000000|    0.00|0.000000|0.000000|       0|       0
2022-10-31 19:48:53.692 | DEBUG    | localization_association_rule_mining:__call__:392 - |notification                  |   -1.00|                                                            |0.000000|    0.00|0.000000|0.000000|       0|       0
2022-10-31 19:48:53.692 | DEBUG    | localization_association_rule_mining:__call__:392 - |travel2                       |   -1.00|                                                            |0.000000|    0.00|0.000000|0.000000|       0|       0
2022-10-31 19:48:53.692 | DEBUG    | localization_association_rule_mining:__call__:392 - |security                      |   -1.00|                                                            |0.000000|    0.00|0.000000|0.000000|       0|       0
2022-10-31 19:48:53.692 | DEBUG    | localization_association_rule_mining:__call__:392 - |preserve                      |   -1.00|                                                            |0.000000|    0.00|0.000000|0.000000|       0|       0
2022-10-31 19:48:53.692 | DEBUG    | localization_association_rule_mining:__call__:392 - |inside-payment                |   -1.00|                                                            |0.000000|    0.00|0.000000|0.000000|       0|       0
2022-10-31 19:48:53.692 | DEBUG    | localization_association_rule_mining:__call__:392 - |contacts                      |   -1.00|                                                            |0.000000|    0.00|0.000000|0.000000|       0|       0
2022-10-31 19:48:53.692 | DEBUG    | localization_association_rule_mining:__call__:392 - |admin-user                    |   -1.00|                                                            |0.000000|    0.00|0.000000|0.000000|       0|       0
2022-10-31 19:48:53.692 | DEBUG    | localization_association_rule_mining:__call__:392 - |admin-order                   |   -1.00|                                                            |0.000000|    0.00|0.000000|0.000000|       0|       0
2022-10-31 19:48:53.692 | DEBUG    | localization_association_rule_mining:__call__:392 - |preserve-other                |   -1.00|                                                            |0.000000|    0.00|0.000000|0.000000|       0|       0
2022-10-31 19:48:53.692 | DEBUG    | localization_association_rule_mining:__call__:392 - |user                          |   -1.00|                                                            |0.000000|    0.00|0.000000|0.000000|       0|       0
2022-10-31 19:48:53.692 | DEBUG    | localization_association_rule_mining:__call__:392 - |auth                          |   -1.00|                                                            |0.000000|    0.00|0.000000|0.000000|       0|       0
