2022-11-09 17:02:41.847 | DEBUG    | localization_association_rule_mining:__call__:390 - |item                          |score   |pattern                                                     |ps      |ips     |p(a|b)  |p(b|a)  |in      |out     
2022-11-09 17:02:41.847 | DEBUG    | localization_association_rule_mining:__call__:394 - |ticketinfo                    |   20.69|ticketinfo                                                  |0.627119|   33.00|0.725490|0.822222|      33|       0
2022-11-09 17:02:41.848 | DEBUG    | localization_association_rule_mining:__call__:394 - |travel                        |    9.51|travel                                                      |0.365591|   26.00|0.666667|0.447368|       0|      26
2022-11-09 17:02:41.848 | DEBUG    | localization_association_rule_mining:__call__:394 - |user                          |    9.06|user                                                        |0.431373|   21.00|0.431373|1.000000|      21|       0
2022-11-09 17:02:41.848 | DEBUG    | localization_association_rule_mining:__call__:394 - |preserve                      |    2.76|preserve                                                    |0.345455|    8.00|0.372549|0.826087|       0|       8
2022-11-09 17:02:41.848 | DEBUG    | localization_association_rule_mining:__call__:394 - |travel2                       |    1.06|travel2                                                     |0.176471|    6.00|0.176471|1.000000|       1|       7
2022-11-09 17:02:41.848 | DEBUG    | localization_association_rule_mining:__call__:394 - |config                        |    0.00|config                                                      |0.264151|    0.00|0.274510|0.875000|       0|       0
2022-11-09 17:02:41.848 | DEBUG    | localization_association_rule_mining:__call__:394 - |security                      |    0.00|security                                                    |0.188679|    0.00|0.196078|0.833333|       0|       0
2022-11-09 17:02:41.848 | DEBUG    | localization_association_rule_mining:__call__:394 - |station                       |    0.00|station                                                     |0.203390|    0.00|0.705882|0.222222|       0|       0
2022-11-09 17:02:41.848 | DEBUG    | localization_association_rule_mining:__call__:394 - |train                         |    0.00|train                                                       |0.509091|    0.00|0.549020|0.875000|       0|       0
2022-11-09 17:02:41.848 | DEBUG    | localization_association_rule_mining:__call__:394 - |route                         |    0.00|route                                                       |0.465753|    0.00|0.666667|0.607143|       0|       0
2022-11-09 17:02:41.848 | DEBUG    | localization_association_rule_mining:__call__:394 - |seat                          |    0.00|seat                                                        |0.561404|    0.00|0.627451|0.842105|       0|       0
2022-11-09 17:02:41.848 | DEBUG    | localization_association_rule_mining:__call__:394 - |notification                  |    0.00|notification                                                |0.315789|    0.00|0.352941|0.750000|       0|       0
2022-11-09 17:02:41.848 | DEBUG    | localization_association_rule_mining:__call__:394 - |price                         |    0.00|price                                                       |0.283019|    0.00|0.294118|0.882353|       0|       0
2022-11-09 17:02:41.848 | DEBUG    | localization_association_rule_mining:__call__:394 - |basic                         |    0.00|basic                                                       |0.606557|    0.00|0.725490|0.787234|       0|       0
2022-11-09 17:02:41.848 | DEBUG    | localization_association_rule_mining:__call__:394 - |contacts                      |   -1.00|                                                            |0.000000|    0.00|0.000000|0.000000|       0|       0
2022-11-09 17:02:41.848 | DEBUG    | localization_association_rule_mining:__call__:394 - |food-map                      |   -1.00|                                                            |0.000000|    0.00|0.000000|0.000000|       0|       0
2022-11-09 17:02:41.848 | DEBUG    | localization_association_rule_mining:__call__:394 - |route-plan                    |   -1.00|                                                            |0.000000|    0.00|0.000000|0.000000|       0|       0
2022-11-09 17:02:41.849 | DEBUG    | localization_association_rule_mining:__call__:394 - |verification-code             |   -1.00|                                                            |0.000000|    0.00|0.000000|0.000000|       0|       0
2022-11-09 17:02:41.849 | DEBUG    | localization_association_rule_mining:__call__:394 - |auth                          |   -1.00|                                                            |0.000000|    0.00|0.000000|0.000000|       0|       0
2022-11-09 17:02:41.849 | DEBUG    | localization_association_rule_mining:__call__:394 - |admin-order                   |   -1.00|                                                            |0.000000|    0.00|0.000000|0.000000|       0|       0
2022-11-09 17:02:41.849 | DEBUG    | localization_association_rule_mining:__call__:394 - |inside-payment                |   -1.00|                                                            |0.000000|    0.00|0.000000|0.000000|       0|       0
2022-11-09 17:02:41.849 | DEBUG    | localization_association_rule_mining:__call__:394 - |order-other                   |   -1.00|                                                            |0.000000|    0.00|0.000000|0.000000|       0|       0
2022-11-09 17:02:41.849 | DEBUG    | localization_association_rule_mining:__call__:394 - |order                         |   -1.00|                                                            |0.000000|    0.00|0.000000|0.000000|       0|       0
2022-11-09 17:02:41.849 | DEBUG    | localization_association_rule_mining:__call__:394 - |assurance                     |   -1.00|                                                            |0.000000|    0.00|0.000000|0.000000|       0|       0
2022-11-09 17:02:41.849 | DEBUG    | localization_association_rule_mining:__call__:394 - |food                          |   -1.00|                                                            |0.000000|    0.00|0.000000|0.000000|       0|       0
2022-11-09 17:02:41.849 | DEBUG    | localization_association_rule_mining:__call__:394 - |ts-ui-dashboard               |   -1.00|                                                            |0.000000|    0.00|0.000000|0.000000|       0|       0
2022-11-09 17:02:41.849 | DEBUG    | localization_association_rule_mining:__call__:394 - |travel-plan                   |   -1.00|                                                            |0.000000|    0.00|0.000000|0.000000|       0|       0
2022-11-09 17:02:41.849 | DEBUG    | localization_association_rule_mining:__call__:394 - |cancel                        |   -1.00|                                                            |0.000000|    0.00|0.000000|0.000000|       0|       0
2022-11-09 17:02:41.849 | DEBUG    | localization_association_rule_mining:__call__:394 - |consign                       |   -1.00|                                                            |0.000000|    0.00|0.000000|0.000000|       0|       0
2022-11-09 17:02:41.849 | DEBUG    | localization_association_rule_mining:__call__:394 - |payment                       |   -1.00|                                                            |0.000000|    0.00|0.000000|0.000000|       0|       0
2022-11-09 17:02:41.849 | DEBUG    | localization_association_rule_mining:__call__:394 - |preserve-other                |   -1.00|                                                            |0.000000|    0.00|0.000000|0.000000|       0|       0
