2022-11-08 18:37:24.182 | DEBUG    | localization_association_rule_mining:__call__:390 - |item                          |score   |pattern                                                     |ps      |ips     |p(a|b)  |p(b|a)  |in      |out     
2022-11-08 18:37:24.182 | DEBUG    | localization_association_rule_mining:__call__:394 - |inside-payment                |   34.24|inside-payment                                              |0.796296|   43.00|0.796296|1.000000|      43|       0
2022-11-08 18:37:24.182 | DEBUG    | localization_association_rule_mining:__call__:394 - |train                         |    1.11|train                                                       |0.139241|    8.00|0.203704|0.305556|       8|       0
2022-11-08 18:37:24.182 | DEBUG    | localization_association_rule_mining:__call__:394 - |seat                          |    0.34|seat                                                        |0.113924|    3.00|0.166667|0.264706|       3|       0
2022-11-08 18:37:24.182 | DEBUG    | localization_association_rule_mining:__call__:394 - |travel-plan                   |    0.30|travel-plan                                                 |0.100000|    3.00|0.111111|0.500000|       0|       3
2022-11-08 18:37:24.183 | DEBUG    | localization_association_rule_mining:__call__:394 - |basic                         |    0.25|basic                                                       |0.125000|    2.00|0.185185|0.277778|       0|       2
2022-11-08 18:37:24.183 | DEBUG    | localization_association_rule_mining:__call__:394 - |price                         |    0.22|price                                                       |0.111111|    2.00|0.148148|0.307692|       2|       0
2022-11-08 18:37:24.183 | DEBUG    | localization_association_rule_mining:__call__:394 - |order                         |    0.00|order                                                       |0.147368|    0.00|0.777778|0.153846|       0|       0
2022-11-08 18:37:24.183 | DEBUG    | localization_association_rule_mining:__call__:394 - |cancel                        |    0.00|cancel                                                      |0.265823|    0.00|0.388889|0.456522|      21|      21
2022-11-08 18:37:24.183 | DEBUG    | localization_association_rule_mining:__call__:394 - |payment                       |    0.00|payment                                                     |0.314815|    0.00|0.314815|1.000000|       0|       0
2022-11-08 18:37:24.183 | DEBUG    | localization_association_rule_mining:__call__:394 - |notification                  |    0.00|notification                                                |0.317460|    0.00|0.370370|0.689655|       0|       0
2022-11-08 18:37:24.183 | DEBUG    | localization_association_rule_mining:__call__:394 - |ticketinfo                    |    0.00|ticketinfo                                                  |0.115385|    0.00|0.166667|0.272727|       0|       0
2022-11-08 18:37:24.183 | DEBUG    | localization_association_rule_mining:__call__:394 - |config                        |    0.00|config                                                      |0.117647|    0.00|0.148148|0.363636|       0|       0
2022-11-08 18:37:24.183 | DEBUG    | localization_association_rule_mining:__call__:394 - |user                          |    0.00|user                                                        |0.312500|    0.00|0.370370|0.666667|       0|       0
2022-11-08 18:37:24.183 | DEBUG    | localization_association_rule_mining:__call__:394 - |auth                          |   -1.00|                                                            |0.000000|    0.00|0.000000|0.000000|       0|       0
2022-11-08 18:37:24.183 | DEBUG    | localization_association_rule_mining:__call__:394 - |preserve                      |   -1.00|                                                            |0.000000|    0.00|0.000000|0.000000|       0|       0
2022-11-08 18:37:24.183 | DEBUG    | localization_association_rule_mining:__call__:394 - |travel2                       |   -1.00|                                                            |0.000000|    0.00|0.000000|0.000000|       0|       0
2022-11-08 18:37:24.183 | DEBUG    | localization_association_rule_mining:__call__:394 - |station                       |   -1.00|                                                            |0.000000|    0.00|0.000000|0.000000|       0|       0
2022-11-08 18:37:24.183 | DEBUG    | localization_association_rule_mining:__call__:394 - |verification-code             |   -1.00|                                                            |0.000000|    0.00|0.000000|0.000000|       0|       0
2022-11-08 18:37:24.183 | DEBUG    | localization_association_rule_mining:__call__:394 - |ts-ui-dashboard               |   -1.00|                                                            |0.000000|    0.00|0.000000|0.000000|       0|       0
2022-11-08 18:37:24.183 | DEBUG    | localization_association_rule_mining:__call__:394 - |contacts                      |   -1.00|                                                            |0.000000|    0.00|0.000000|0.000000|       0|       0
2022-11-08 18:37:24.183 | DEBUG    | localization_association_rule_mining:__call__:394 - |security                      |   -1.00|                                                            |0.000000|    0.00|0.000000|0.000000|       0|       0
2022-11-08 18:37:24.183 | DEBUG    | localization_association_rule_mining:__call__:394 - |route                         |   -1.00|                                                            |0.000000|    0.00|0.000000|0.000000|       0|       0
2022-11-08 18:37:24.184 | DEBUG    | localization_association_rule_mining:__call__:394 - |consign                       |   -1.00|                                                            |0.000000|    0.00|0.000000|0.000000|       0|       0
2022-11-08 18:37:24.184 | DEBUG    | localization_association_rule_mining:__call__:394 - |preserve-other                |   -1.00|                                                            |0.000000|    0.00|0.000000|0.000000|       0|       0
2022-11-08 18:37:24.184 | DEBUG    | localization_association_rule_mining:__call__:394 - |route-plan                    |   -1.00|                                                            |0.000000|    0.00|0.000000|0.000000|       0|       0
2022-11-08 18:37:24.184 | DEBUG    | localization_association_rule_mining:__call__:394 - |admin-order                   |   -1.00|                                                            |0.000000|    0.00|0.000000|0.000000|       0|       0
2022-11-08 18:37:24.184 | DEBUG    | localization_association_rule_mining:__call__:394 - |food                          |   -1.00|                                                            |0.000000|    0.00|0.000000|0.000000|       0|       0
2022-11-08 18:37:24.184 | DEBUG    | localization_association_rule_mining:__call__:394 - |order-other                   |   -1.00|                                                            |0.000000|    0.00|0.000000|0.000000|       0|       0
2022-11-08 18:37:24.184 | DEBUG    | localization_association_rule_mining:__call__:394 - |assurance                     |   -1.00|                                                            |0.000000|    0.00|0.000000|0.000000|       0|       0
2022-11-08 18:37:24.184 | DEBUG    | localization_association_rule_mining:__call__:394 - |admin-travel                  |   -1.00|                                                            |0.000000|    0.00|0.000000|0.000000|       0|       0
2022-11-08 18:37:24.184 | DEBUG    | localization_association_rule_mining:__call__:394 - |travel                        |   -1.00|                                                            |0.000000|    0.00|0.000000|0.000000|       0|       0
2022-11-08 18:37:24.184 | DEBUG    | localization_association_rule_mining:__call__:394 - |food-map                      |   -1.00|                                                            |0.000000|    0.00|0.000000|0.000000|       0|       0
