2022-10-31 19:44:56.384 | DEBUG    | localization_association_rule_mining:__call__:388 - |item                          |score   |pattern                                                     |ps      |ips     |p(a|b)  |p(b|a)  |in      |out     
2022-10-31 19:44:56.384 | DEBUG    | localization_association_rule_mining:__call__:392 - |station                       |  284.94|station                                                     |0.620783|  459.00|0.687593|0.864662|     459|       0
2022-10-31 19:44:56.384 | DEBUG    | localization_association_rule_mining:__call__:392 - |travel                        |  188.37|travel                                                      |0.533632|  353.00|0.533632|1.000000|     353|       0
2022-10-31 19:44:56.384 | DEBUG    | localization_association_rule_mining:__call__:392 - |seat                          |   78.83|seat                                                        |0.396114|  199.00|0.396114|1.000000|      58|     257
2022-10-31 19:44:56.384 | DEBUG    | localization_association_rule_mining:__call__:392 - |food                          |   74.50|food                                                        |0.413893|  180.00|0.427504|0.928571|      53|     233
2022-10-31 19:44:56.385 | DEBUG    | localization_association_rule_mining:__call__:392 - |order                         |   71.03|order                                                       |0.260170|  273.00|0.411061|0.414781|     273|       0
2022-10-31 19:44:56.385 | DEBUG    | localization_association_rule_mining:__call__:392 - |food-map                      |   67.81|food-map                                                    |0.319880|  212.00|0.319880|1.000000|     212|       0
2022-10-31 19:44:56.385 | DEBUG    | localization_association_rule_mining:__call__:392 - |config                        |   46.30|config                                                      |0.263079|  176.00|0.263079|1.000000|     176|       0
2022-10-31 19:44:56.385 | DEBUG    | localization_association_rule_mining:__call__:392 - |basic                         |   44.03|basic                                                       |0.427504|  103.00|0.427504|1.000000|     164|     267
2022-10-31 19:44:56.385 | DEBUG    | localization_association_rule_mining:__call__:392 - |ticketinfo                    |   29.43|ticketinfo                                                  |0.288490|  102.00|0.288490|1.000000|      62|     164
2022-10-31 19:44:56.385 | DEBUG    | localization_association_rule_mining:__call__:392 - |route                         |   28.47|route                                                       |0.206278|  138.00|0.206278|1.000000|     138|       0
2022-10-31 19:44:56.385 | DEBUG    | localization_association_rule_mining:__call__:392 - |train                         |   25.65|train                                                       |0.195815|  131.00|0.195815|1.000000|     131|       0
2022-10-31 19:44:56.385 | DEBUG    | localization_association_rule_mining:__call__:392 - |price                         |   22.43|price                                                       |0.183857|  122.00|0.183857|1.000000|     122|       0
2022-10-31 19:44:56.385 | DEBUG    | localization_association_rule_mining:__call__:392 - |preserve                      |   13.11|preserve                                                    |0.150746|   87.00|0.150972|0.990196|       0|      87
2022-10-31 19:44:56.385 | DEBUG    | localization_association_rule_mining:__call__:392 - |order-other                   |    6.70|order-other                                                 |0.134078|   50.00|0.179372|0.346821|      84|      34
2022-10-31 19:44:56.385 | DEBUG    | localization_association_rule_mining:__call__:392 - |travel2                       |    3.75|travel2                                                     |0.121076|   31.00|0.121076|1.000000|      73|      42
2022-10-31 19:44:56.385 | DEBUG    | localization_association_rule_mining:__call__:392 - |inside-payment                |   -1.00|                                                            |0.000000|    0.00|0.000000|0.000000|       0|       0
2022-10-31 19:44:56.385 | DEBUG    | localization_association_rule_mining:__call__:392 - |security                      |   -1.00|                                                            |0.000000|    0.00|0.000000|0.000000|       0|       0
2022-10-31 19:44:56.386 | DEBUG    | localization_association_rule_mining:__call__:392 - |ts-ui-dashboard               |   -1.00|                                                            |0.000000|    0.00|0.000000|0.000000|       0|       0
2022-10-31 19:44:56.386 | DEBUG    | localization_association_rule_mining:__call__:392 - |verification-code             |   -1.00|                                                            |0.000000|    0.00|0.000000|0.000000|       0|       0
2022-10-31 19:44:56.386 | DEBUG    | localization_association_rule_mining:__call__:392 - |travel-plan                   |   -1.00|                                                            |0.000000|    0.00|0.000000|0.000000|       0|       0
2022-10-31 19:44:56.386 | DEBUG    | localization_association_rule_mining:__call__:392 - |user                          |   -1.00|                                                            |0.000000|    0.00|0.000000|0.000000|       0|       0
2022-10-31 19:44:56.386 | DEBUG    | localization_association_rule_mining:__call__:392 - |cancel                        |   -1.00|                                                            |0.000000|    0.00|0.000000|0.000000|       0|       0
2022-10-31 19:44:56.386 | DEBUG    | localization_association_rule_mining:__call__:392 - |admin-order                   |   -1.00|                                                            |0.000000|    0.00|0.000000|0.000000|       0|       0
2022-10-31 19:44:56.386 | DEBUG    | localization_association_rule_mining:__call__:392 - |payment                       |   -1.00|                                                            |0.000000|    0.00|0.000000|0.000000|       0|       0
2022-10-31 19:44:56.386 | DEBUG    | localization_association_rule_mining:__call__:392 - |auth                          |   -1.00|                                                            |0.000000|    0.00|0.000000|0.000000|       0|       0
2022-10-31 19:44:56.386 | DEBUG    | localization_association_rule_mining:__call__:392 - |contacts                      |   -1.00|                                                            |0.000000|    0.00|0.000000|0.000000|       0|       0
2022-10-31 19:44:56.386 | DEBUG    | localization_association_rule_mining:__call__:392 - |consign                       |   -1.00|                                                            |0.000000|    0.00|0.000000|0.000000|       0|       0
2022-10-31 19:44:56.386 | DEBUG    | localization_association_rule_mining:__call__:392 - |notification                  |   -1.00|                                                            |0.000000|    0.00|0.000000|0.000000|       0|       0
2022-10-31 19:44:56.386 | DEBUG    | localization_association_rule_mining:__call__:392 - |assurance                     |   -1.00|                                                            |0.000000|    0.00|0.000000|0.000000|       0|       0
2022-10-31 19:44:56.386 | DEBUG    | localization_association_rule_mining:__call__:392 - |route-plan                    |   -1.00|                                                            |0.000000|    0.00|0.000000|0.000000|       0|       0
2022-10-31 19:44:56.386 | DEBUG    | localization_association_rule_mining:__call__:392 - |preserve-other                |   -1.00|                                                            |0.000000|    0.00|0.000000|0.000000|       0|       0
