2022-10-31 19:43:37.826 | DEBUG    | localization_association_rule_mining:__call__:388 - |item                          |score   |pattern                                                     |ps      |ips     |p(a|b)  |p(b|a)  |in      |out     
2022-10-31 19:43:37.826 | DEBUG    | localization_association_rule_mining:__call__:392 - |station                       |  123.02|station                                                     |0.453936|  271.00|0.544177|0.732432|     271|       0
2022-10-31 19:43:37.826 | DEBUG    | localization_association_rule_mining:__call__:392 - |route                         |   30.62|route                                                       |0.251004|  122.00|0.251004|1.000000|     122|       0
2022-10-31 19:43:37.827 | DEBUG    | localization_association_rule_mining:__call__:392 - |order                         |   25.13|order                                                       |0.172131|  146.00|0.295181|0.292247|     146|       0
2022-10-31 19:43:37.827 | DEBUG    | localization_association_rule_mining:__call__:392 - |order-other                   |   16.44|order-other                                                 |0.234860|   70.00|0.319277|0.470414|      44|     114
2022-10-31 19:43:37.827 | DEBUG    | localization_association_rule_mining:__call__:392 - |travel                        |   15.78|travel                                                      |0.350701|   45.00|0.351406|0.994318|      99|     144
2022-10-31 19:43:37.827 | DEBUG    | localization_association_rule_mining:__call__:392 - |food                          |   14.46|food                                                        |0.219048|   66.00|0.230924|0.809859|      21|      87
2022-10-31 19:43:37.827 | DEBUG    | localization_association_rule_mining:__call__:392 - |cancel                        |   13.90|cancel                                                      |0.161654|   86.00|0.172691|0.716667|       0|      86
2022-10-31 19:43:37.827 | DEBUG    | localization_association_rule_mining:__call__:392 - |train                         |   13.83|train                                                       |0.166667|   83.00|0.166667|1.000000|      83|       0
2022-10-31 19:43:37.827 | DEBUG    | localization_association_rule_mining:__call__:392 - |food-map                      |    7.72|food-map                                                    |0.124498|   62.00|0.124498|1.000000|      62|       0
2022-10-31 19:43:37.827 | DEBUG    | localization_association_rule_mining:__call__:392 - |auth                          |    7.29|auth                                                        |0.117647|   62.00|0.124498|0.681319|       0|      62
2022-10-31 19:43:37.827 | DEBUG    | localization_association_rule_mining:__call__:392 - |verification-code             |    5.44|verification-code                                           |0.087819|   62.00|0.124498|0.229630|      62|       0
2022-10-31 19:43:37.827 | DEBUG    | localization_association_rule_mining:__call__:392 - |seat                          |    4.20|seat                                                        |0.182731|   23.00|0.182731|1.000000|      55|      78
2022-10-31 19:43:37.827 | DEBUG    | localization_association_rule_mining:__call__:392 - |basic                         |    2.80|basic                                                       |0.232932|   12.00|0.232932|1.000000|      95|     107
2022-10-31 19:43:37.827 | DEBUG    | localization_association_rule_mining:__call__:392 - |ticketinfo                    |    1.64|ticketinfo                                                  |0.234940|    7.00|0.234940|1.000000|      88|      95
2022-10-31 19:43:37.827 | DEBUG    | localization_association_rule_mining:__call__:392 - |config                        |   -1.00|                                                            |0.000000|    0.00|0.000000|0.000000|       0|       0
2022-10-31 19:43:37.827 | DEBUG    | localization_association_rule_mining:__call__:392 - |preserve-other                |   -1.00|                                                            |0.000000|    0.00|0.000000|0.000000|       0|       0
2022-10-31 19:43:37.827 | DEBUG    | localization_association_rule_mining:__call__:392 - |contacts                      |   -1.00|                                                            |0.000000|    0.00|0.000000|0.000000|       0|       0
2022-10-31 19:43:37.828 | DEBUG    | localization_association_rule_mining:__call__:392 - |travel-plan                   |   -1.00|                                                            |0.000000|    0.00|0.000000|0.000000|       0|       0
2022-10-31 19:43:37.828 | DEBUG    | localization_association_rule_mining:__call__:392 - |admin-route                   |   -1.00|                                                            |0.000000|    0.00|0.000000|0.000000|       0|       0
2022-10-31 19:43:37.828 | DEBUG    | localization_association_rule_mining:__call__:392 - |notification                  |   -1.00|                                                            |0.000000|    0.00|0.000000|0.000000|       0|       0
2022-10-31 19:43:37.828 | DEBUG    | localization_association_rule_mining:__call__:392 - |preserve                      |   -1.00|                                                            |0.000000|    0.00|0.000000|0.000000|       0|       0
2022-10-31 19:43:37.828 | DEBUG    | localization_association_rule_mining:__call__:392 - |user                          |   -1.00|                                                            |0.000000|    0.00|0.000000|0.000000|       0|       0
2022-10-31 19:43:37.828 | DEBUG    | localization_association_rule_mining:__call__:392 - |payment                       |   -1.00|                                                            |0.000000|    0.00|0.000000|0.000000|       0|       0
2022-10-31 19:43:37.828 | DEBUG    | localization_association_rule_mining:__call__:392 - |price                         |   -1.00|                                                            |0.000000|    0.00|0.000000|0.000000|       0|       0
2022-10-31 19:43:37.828 | DEBUG    | localization_association_rule_mining:__call__:392 - |ts-ui-dashboard               |   -1.00|                                                            |0.000000|    0.00|0.000000|0.000000|       0|       0
2022-10-31 19:43:37.828 | DEBUG    | localization_association_rule_mining:__call__:392 - |consign                       |   -1.00|                                                            |0.000000|    0.00|0.000000|0.000000|       0|       0
2022-10-31 19:43:37.828 | DEBUG    | localization_association_rule_mining:__call__:392 - |security                      |   -1.00|                                                            |0.000000|    0.00|0.000000|0.000000|       0|       0
2022-10-31 19:43:37.828 | DEBUG    | localization_association_rule_mining:__call__:392 - |assurance                     |   -1.00|                                                            |0.000000|    0.00|0.000000|0.000000|       0|       0
2022-10-31 19:43:37.828 | DEBUG    | localization_association_rule_mining:__call__:392 - |inside-payment                |   -1.00|                                                            |0.000000|    0.00|0.000000|0.000000|       0|       0
2022-10-31 19:43:37.828 | DEBUG    | localization_association_rule_mining:__call__:392 - |travel2                       |   -1.00|                                                            |0.000000|    0.00|0.000000|0.000000|       0|       0
2022-10-31 19:43:37.828 | DEBUG    | localization_association_rule_mining:__call__:392 - |admin-order                   |   -1.00|                                                            |0.000000|    0.00|0.000000|0.000000|       0|       0
2022-10-31 19:43:37.828 | DEBUG    | localization_association_rule_mining:__call__:392 - |admin-basic-info              |   -1.00|                                                            |0.000000|    0.00|0.000000|0.000000|       0|       0
2022-10-31 19:43:37.828 | DEBUG    | localization_association_rule_mining:__call__:392 - |admin-travel                  |   -1.00|                                                            |0.000000|    0.00|0.000000|0.000000|       0|       0
2022-10-31 19:43:37.828 | DEBUG    | localization_association_rule_mining:__call__:392 - |route-plan                    |   -1.00|                                                            |0.000000|    0.00|0.000000|0.000000|       0|       0
