2022-10-31 19:48:56.295 | DEBUG    | localization_association_rule_mining:__call__:388 - |item                          |score   |pattern                                                     |ps      |ips     |p(a|b)  |p(b|a)  |in      |out     
2022-10-31 19:48:56.295 | DEBUG    | localization_association_rule_mining:__call__:392 - |station                       |  101.98|station                                                     |0.455285|  224.00|0.575835|0.685015|     224|       0
2022-10-31 19:48:56.296 | DEBUG    | localization_association_rule_mining:__call__:392 - |route                         |   29.98|route                                                       |0.277635|  108.00|0.277635|1.000000|     108|       0
2022-10-31 19:48:56.296 | DEBUG    | localization_association_rule_mining:__call__:392 - |food                          |   25.33|food                                                        |0.287841|   88.00|0.298201|0.892308|      10|      98
2022-10-31 19:48:56.296 | DEBUG    | localization_association_rule_mining:__call__:392 - |order-other                   |   18.87|order-other                                                 |0.258491|   73.00|0.352185|0.492806|      32|     105
2022-10-31 19:48:56.296 | DEBUG    | localization_association_rule_mining:__call__:392 - |order                         |   15.24|order                                                       |0.147989|  103.00|0.264781|0.251220|     103|       0
2022-10-31 19:48:56.296 | DEBUG    | localization_association_rule_mining:__call__:392 - |food-map                      |   12.78|food-map                                                    |0.182519|   70.00|0.182519|1.000000|      70|       0
2022-10-31 19:48:56.296 | DEBUG    | localization_association_rule_mining:__call__:392 - |cancel                        |    9.21|cancel                                                      |0.150990|   61.00|0.156812|0.802632|       0|      61
2022-10-31 19:48:56.296 | DEBUG    | localization_association_rule_mining:__call__:392 - |auth                          |    5.26|auth                                                        |0.114428|   46.00|0.118252|0.779661|       0|      46
2022-10-31 19:48:56.296 | DEBUG    | localization_association_rule_mining:__call__:392 - |train                         |    5.21|train                                                       |0.115681|   45.00|0.115681|1.000000|      45|       0
2022-10-31 19:48:56.296 | DEBUG    | localization_association_rule_mining:__call__:392 - |verification-code             |    3.77|verification-code                                           |0.081851|   46.00|0.118252|0.210046|      46|       0
2022-10-31 19:48:56.296 | DEBUG    | localization_association_rule_mining:__call__:392 - |travel                        |    1.90|travel                                                      |0.380463|    5.00|0.380463|1.000000|     103|     108
2022-10-31 19:48:56.296 | DEBUG    | localization_association_rule_mining:__call__:392 - |basic                         |    1.59|basic                                                       |0.159383|   10.00|0.159383|1.000000|      50|      60
2022-10-31 19:48:56.296 | DEBUG    | localization_association_rule_mining:__call__:392 - |seat                          |    0.80|seat                                                        |0.133676|    6.00|0.133676|1.000000|      39|      45
2022-10-31 19:48:56.296 | DEBUG    | localization_association_rule_mining:__call__:392 - |ticketinfo                    |    0.16|ticketinfo                                                  |0.156812|    1.00|0.156812|1.000000|      51|      50
2022-10-31 19:48:56.296 | DEBUG    | localization_association_rule_mining:__call__:392 - |security                      |   -1.00|                                                            |0.000000|    0.00|0.000000|0.000000|       0|       0
2022-10-31 19:48:56.296 | DEBUG    | localization_association_rule_mining:__call__:392 - |assurance                     |   -1.00|                                                            |0.000000|    0.00|0.000000|0.000000|       0|       0
2022-10-31 19:48:56.297 | DEBUG    | localization_association_rule_mining:__call__:392 - |user                          |   -1.00|                                                            |0.000000|    0.00|0.000000|0.000000|       0|       0
2022-10-31 19:48:56.297 | DEBUG    | localization_association_rule_mining:__call__:392 - |consign                       |   -1.00|                                                            |0.000000|    0.00|0.000000|0.000000|       0|       0
2022-10-31 19:48:56.297 | DEBUG    | localization_association_rule_mining:__call__:392 - |ts-ui-dashboard               |   -1.00|                                                            |0.000000|    0.00|0.000000|0.000000|       0|       0
2022-10-31 19:48:56.297 | DEBUG    | localization_association_rule_mining:__call__:392 - |inside-payment                |   -1.00|                                                            |0.000000|    0.00|0.000000|0.000000|       0|       0
2022-10-31 19:48:56.297 | DEBUG    | localization_association_rule_mining:__call__:392 - |notification                  |   -1.00|                                                            |0.000000|    0.00|0.000000|0.000000|       0|       0
2022-10-31 19:48:56.297 | DEBUG    | localization_association_rule_mining:__call__:392 - |config                        |   -1.00|                                                            |0.000000|    0.00|0.000000|0.000000|       0|       0
2022-10-31 19:48:56.297 | DEBUG    | localization_association_rule_mining:__call__:392 - |contacts                      |   -1.00|                                                            |0.000000|    0.00|0.000000|0.000000|       0|       0
2022-10-31 19:48:56.297 | DEBUG    | localization_association_rule_mining:__call__:392 - |travel2                       |   -1.00|                                                            |0.000000|    0.00|0.000000|0.000000|       0|       0
2022-10-31 19:48:56.297 | DEBUG    | localization_association_rule_mining:__call__:392 - |preserve                      |   -1.00|                                                            |0.000000|    0.00|0.000000|0.000000|       0|       0
2022-10-31 19:48:56.297 | DEBUG    | localization_association_rule_mining:__call__:392 - |preserve-other                |   -1.00|                                                            |0.000000|    0.00|0.000000|0.000000|       0|       0
2022-10-31 19:48:56.297 | DEBUG    | localization_association_rule_mining:__call__:392 - |route-plan                    |   -1.00|                                                            |0.000000|    0.00|0.000000|0.000000|       0|       0
2022-10-31 19:48:56.297 | DEBUG    | localization_association_rule_mining:__call__:392 - |admin-order                   |   -1.00|                                                            |0.000000|    0.00|0.000000|0.000000|       0|       0
2022-10-31 19:48:56.297 | DEBUG    | localization_association_rule_mining:__call__:392 - |payment                       |   -1.00|                                                            |0.000000|    0.00|0.000000|0.000000|       0|       0
2022-10-31 19:48:56.297 | DEBUG    | localization_association_rule_mining:__call__:392 - |price                         |   -1.00|                                                            |0.000000|    0.00|0.000000|0.000000|       0|       0
2022-10-31 19:48:56.297 | DEBUG    | localization_association_rule_mining:__call__:392 - |travel-plan                   |   -1.00|                                                            |0.000000|    0.00|0.000000|0.000000|       0|       0
