2022-10-28 00:04:48.314 | DEBUG    | localization_association_rule_mining:__call__:388 - |item                          |score   |pattern                                                     |ps      |ips     |p(a|b)  |p(b|a)  |in      |out     
2022-10-28 00:04:48.315 | DEBUG    | localization_association_rule_mining:__call__:392 - |order                         |  124.48|order                                                       |0.803109|  155.00|0.922619|0.861111|     155|       0
2022-10-28 00:04:48.315 | DEBUG    | localization_association_rule_mining:__call__:392 - |travel                        |    7.87|travel                                                      |0.341991|   23.00|0.470238|0.556338|      32|      55
2022-10-28 00:04:48.315 | DEBUG    | localization_association_rule_mining:__call__:392 - |seat                          |    6.75|seat                                                        |0.421965|   16.00|0.434524|0.935897|      40|      56
2022-10-28 00:04:48.315 | DEBUG    | localization_association_rule_mining:__call__:392 - |preserve                      |    3.28|preserve                                                    |0.218935|   15.00|0.220238|0.973684|      16|      31
2022-10-28 00:04:48.315 | DEBUG    | localization_association_rule_mining:__call__:392 - |station                       |    0.00|station                                                     |0.360825|    0.00|0.625000|0.460526|       0|       0
2022-10-28 00:04:48.315 | DEBUG    | localization_association_rule_mining:__call__:392 - |train                         |    0.00|train                                                       |0.388571|    0.00|0.404762|0.906667|       0|       0
2022-10-28 00:04:48.315 | DEBUG    | localization_association_rule_mining:__call__:392 - |ticketinfo                    |    0.00|ticketinfo                                                  |0.420455|    0.00|0.440476|0.902439|       0|       0
2022-10-28 00:04:48.315 | DEBUG    | localization_association_rule_mining:__call__:392 - |price                         |    0.00|price                                                       |0.222222|    0.00|0.226190|0.926829|       0|       0
2022-10-28 00:04:48.315 | DEBUG    | localization_association_rule_mining:__call__:392 - |basic                         |    0.00|basic                                                       |0.438202|    0.00|0.464286|0.886364|       0|       0
2022-10-28 00:04:48.315 | DEBUG    | localization_association_rule_mining:__call__:392 - |route                         |    0.00|route                                                       |0.302752|    0.00|0.392857|0.568966|       0|       0
2022-10-28 00:04:48.315 | DEBUG    | localization_association_rule_mining:__call__:392 - |config                        |    0.00|config                                                      |0.254438|    0.00|0.255952|0.977273|       0|       0
2022-10-28 00:04:48.315 | DEBUG    | localization_association_rule_mining:__call__:392 - |travel-plan                   |   -1.00|                                                            |0.000000|    0.00|0.000000|0.000000|       0|       0
2022-10-28 00:04:48.315 | DEBUG    | localization_association_rule_mining:__call__:392 - |cancel                        |   -1.00|                                                            |0.000000|    0.00|0.000000|0.000000|       0|       0
2022-10-28 00:04:48.315 | DEBUG    | localization_association_rule_mining:__call__:392 - |travel2                       |   -1.00|                                                            |0.000000|    0.00|0.000000|0.000000|       0|       0
2022-10-28 00:04:48.315 | DEBUG    | localization_association_rule_mining:__call__:392 - |verification-code             |   -1.00|                                                            |0.000000|    0.00|0.000000|0.000000|       0|       0
2022-10-28 00:04:48.316 | DEBUG    | localization_association_rule_mining:__call__:392 - |preserve-other                |   -1.00|                                                            |0.000000|    0.00|0.000000|0.000000|       0|       0
2022-10-28 00:04:48.316 | DEBUG    | localization_association_rule_mining:__call__:392 - |consign                       |   -1.00|                                                            |0.000000|    0.00|0.000000|0.000000|       0|       0
2022-10-28 00:04:48.316 | DEBUG    | localization_association_rule_mining:__call__:392 - |food-map                      |   -1.00|                                                            |0.000000|    0.00|0.000000|0.000000|       0|       0
2022-10-28 00:04:48.316 | DEBUG    | localization_association_rule_mining:__call__:392 - |notification                  |   -1.00|                                                            |0.000000|    0.00|0.000000|0.000000|       0|       0
2022-10-28 00:04:48.316 | DEBUG    | localization_association_rule_mining:__call__:392 - |order-other                   |   -1.00|                                                            |0.000000|    0.00|0.000000|0.000000|       0|       0
2022-10-28 00:04:48.316 | DEBUG    | localization_association_rule_mining:__call__:392 - |contacts                      |   -1.00|                                                            |0.000000|    0.00|0.000000|0.000000|       0|       0
2022-10-28 00:04:48.316 | DEBUG    | localization_association_rule_mining:__call__:392 - |payment                       |   -1.00|                                                            |0.000000|    0.00|0.000000|0.000000|       0|       0
2022-10-28 00:04:48.316 | DEBUG    | localization_association_rule_mining:__call__:392 - |route-plan                    |   -1.00|                                                            |0.000000|    0.00|0.000000|0.000000|       0|       0
2022-10-28 00:04:48.316 | DEBUG    | localization_association_rule_mining:__call__:392 - |admin-order                   |   -1.00|                                                            |0.000000|    0.00|0.000000|0.000000|       0|       0
2022-10-28 00:04:48.316 | DEBUG    | localization_association_rule_mining:__call__:392 - |auth                          |   -1.00|                                                            |0.000000|    0.00|0.000000|0.000000|       0|       0
2022-10-28 00:04:48.316 | DEBUG    | localization_association_rule_mining:__call__:392 - |admin-basic-info              |   -1.00|                                                            |0.000000|    0.00|0.000000|0.000000|       0|       0
2022-10-28 00:04:48.316 | DEBUG    | localization_association_rule_mining:__call__:392 - |food                          |   -1.00|                                                            |0.000000|    0.00|0.000000|0.000000|       0|       0
2022-10-28 00:04:48.316 | DEBUG    | localization_association_rule_mining:__call__:392 - |ts-ui-dashboard               |   -1.00|                                                            |0.000000|    0.00|0.000000|0.000000|       0|       0
2022-10-28 00:04:48.316 | DEBUG    | localization_association_rule_mining:__call__:392 - |admin-user                    |   -1.00|                                                            |0.000000|    0.00|0.000000|0.000000|       0|       0
2022-10-28 00:04:48.316 | DEBUG    | localization_association_rule_mining:__call__:392 - |inside-payment                |   -1.00|                                                            |0.000000|    0.00|0.000000|0.000000|       0|       0
2022-10-28 00:04:48.316 | DEBUG    | localization_association_rule_mining:__call__:392 - |user                          |   -1.00|                                                            |0.000000|    0.00|0.000000|0.000000|       0|       0
2022-10-28 00:04:48.316 | DEBUG    | localization_association_rule_mining:__call__:392 - |security                      |   -1.00|                                                            |0.000000|    0.00|0.000000|0.000000|       0|       0
2022-10-28 00:04:48.316 | DEBUG    | localization_association_rule_mining:__call__:392 - |assurance                     |   -1.00|                                                            |0.000000|    0.00|0.000000|0.000000|       0|       0
