2022-11-08 18:38:11.171 | DEBUG    | localization_association_rule_mining:__call__:390 - |item                          |score   |pattern                                                     |ps      |ips     |p(a|b)  |p(b|a)  |in      |out     
2022-11-08 18:38:11.172 | DEBUG    | localization_association_rule_mining:__call__:394 - |order                         |   19.12|order                                                       |0.682927|   28.00|0.682927|1.000000|      28|       0
2022-11-08 18:38:11.172 | DEBUG    | localization_association_rule_mining:__call__:394 - |train                         |    5.49|train                                                       |0.365854|   15.00|0.365854|1.000000|      15|       0
2022-11-08 18:38:11.172 | DEBUG    | localization_association_rule_mining:__call__:394 - |seat                          |    4.10|seat                                                        |0.341463|   12.00|0.341463|1.000000|      12|       0
2022-11-08 18:38:11.172 | DEBUG    | localization_association_rule_mining:__call__:394 - |travel                        |    1.57|travel                                                      |0.262295|    6.00|0.390244|0.444444|       9|      15
2022-11-08 18:38:11.172 | DEBUG    | localization_association_rule_mining:__call__:394 - |preserve                      |    0.59|preserve                                                    |0.195122|    3.00|0.195122|1.000000|       7|       4
2022-11-08 18:38:11.172 | DEBUG    | localization_association_rule_mining:__call__:394 - |cancel                        |    0.00|cancel                                                      |0.166667|    0.00|0.170732|0.875000|       5|       5
2022-11-08 18:38:11.172 | DEBUG    | localization_association_rule_mining:__call__:394 - |route                         |    0.00|route                                                       |0.228070|    0.00|0.317073|0.448276|       0|       0
2022-11-08 18:38:11.172 | DEBUG    | localization_association_rule_mining:__call__:394 - |ticketinfo                    |    0.00|ticketinfo                                                  |0.365854|    0.00|0.365854|1.000000|       9|       9
2022-11-08 18:38:11.172 | DEBUG    | localization_association_rule_mining:__call__:394 - |station                       |    0.00|station                                                     |0.343284|    0.00|0.560976|0.469388|       0|       0
2022-11-08 18:38:11.172 | DEBUG    | localization_association_rule_mining:__call__:394 - |basic                         |    0.00|basic                                                       |0.390244|    0.00|0.390244|1.000000|       9|       9
2022-11-08 18:38:11.172 | DEBUG    | localization_association_rule_mining:__call__:394 - |price                         |    0.00|price                                                       |0.170732|    0.00|0.170732|1.000000|       0|       0
2022-11-08 18:38:11.172 | DEBUG    | localization_association_rule_mining:__call__:394 - |notification                  |   -1.00|                                                            |0.000000|    0.00|0.000000|0.000000|       0|       0
2022-11-08 18:38:11.172 | DEBUG    | localization_association_rule_mining:__call__:394 - |assurance                     |   -1.00|                                                            |0.000000|    0.00|0.000000|0.000000|       0|       0
2022-11-08 18:38:11.172 | DEBUG    | localization_association_rule_mining:__call__:394 - |food                          |   -1.00|                                                            |0.000000|    0.00|0.000000|0.000000|       0|       0
2022-11-08 18:38:11.173 | DEBUG    | localization_association_rule_mining:__call__:394 - |food-map                      |   -1.00|                                                            |0.000000|    0.00|0.000000|0.000000|       0|       0
2022-11-08 18:38:11.173 | DEBUG    | localization_association_rule_mining:__call__:394 - |verification-code             |   -1.00|                                                            |0.000000|    0.00|0.000000|0.000000|       0|       0
2022-11-08 18:38:11.173 | DEBUG    | localization_association_rule_mining:__call__:394 - |contacts                      |   -1.00|                                                            |0.000000|    0.00|0.000000|0.000000|       0|       0
2022-11-08 18:38:11.173 | DEBUG    | localization_association_rule_mining:__call__:394 - |payment                       |   -1.00|                                                            |0.000000|    0.00|0.000000|0.000000|       0|       0
2022-11-08 18:38:11.173 | DEBUG    | localization_association_rule_mining:__call__:394 - |order-other                   |   -1.00|                                                            |0.000000|    0.00|0.000000|0.000000|       0|       0
2022-11-08 18:38:11.173 | DEBUG    | localization_association_rule_mining:__call__:394 - |inside-payment                |   -1.00|                                                            |0.000000|    0.00|0.000000|0.000000|       0|       0
2022-11-08 18:38:11.173 | DEBUG    | localization_association_rule_mining:__call__:394 - |consign                       |   -1.00|                                                            |0.000000|    0.00|0.000000|0.000000|       0|       0
2022-11-08 18:38:11.173 | DEBUG    | localization_association_rule_mining:__call__:394 - |auth                          |   -1.00|                                                            |0.000000|    0.00|0.000000|0.000000|       0|       0
2022-11-08 18:38:11.173 | DEBUG    | localization_association_rule_mining:__call__:394 - |user                          |   -1.00|                                                            |0.000000|    0.00|0.000000|0.000000|       0|       0
2022-11-08 18:38:11.173 | DEBUG    | localization_association_rule_mining:__call__:394 - |ts-ui-dashboard               |   -1.00|                                                            |0.000000|    0.00|0.000000|0.000000|       0|       0
2022-11-08 18:38:11.173 | DEBUG    | localization_association_rule_mining:__call__:394 - |security                      |   -1.00|                                                            |0.000000|    0.00|0.000000|0.000000|       0|       0
