2022-11-16 15:25:04.387 | DEBUG    | localization_association_rule_mining:__call__:390 - |item                          |score   |pattern                                                     |ps      |ips     |p(a|b)  |p(b|a)  |in      |out     
2022-11-16 15:25:04.387 | DEBUG    | localization_association_rule_mining:__call__:394 - |assurance                     |   86.28|assurance                                                   |0.763514|  113.00|0.763514|1.000000|     113|       0
2022-11-16 15:25:04.387 | DEBUG    | localization_association_rule_mining:__call__:394 - |basic                         |   10.84|basic                                                       |0.309677|   35.00|0.324324|0.872727|      35|       0
2022-11-16 15:25:04.387 | DEBUG    | localization_association_rule_mining:__call__:394 - |travel                        |    8.52|travel                                                      |0.243523|   35.00|0.317568|0.510870|       0|      35
2022-11-16 15:25:04.387 | DEBUG    | localization_association_rule_mining:__call__:394 - |preserve                      |    4.12|preserve                                                    |0.217105|   19.00|0.222973|0.891892|       0|      19
2022-11-16 15:25:04.387 | DEBUG    | localization_association_rule_mining:__call__:394 - |ticketinfo                    |    0.33|ticketinfo                                                  |0.328859|    1.00|0.331081|0.980000|      36|      35
2022-11-16 15:25:04.387 | DEBUG    | localization_association_rule_mining:__call__:394 - |config                        |    0.00|config                                                      |0.125828|    0.00|0.128378|0.863636|       0|       0
2022-11-16 15:25:04.387 | DEBUG    | localization_association_rule_mining:__call__:394 - |train                         |    0.00|train                                                       |0.213333|    0.00|0.216216|0.941176|       0|       0
2022-11-16 15:25:04.387 | DEBUG    | localization_association_rule_mining:__call__:394 - |notification                  |    0.00|notification                                                |0.136364|    0.00|0.141892|0.777778|       0|       0
2022-11-16 15:25:04.387 | DEBUG    | localization_association_rule_mining:__call__:394 - |security                      |    0.00|security                                                    |0.165563|    0.00|0.168919|0.892857|       0|       0
2022-11-16 15:25:04.387 | DEBUG    | localization_association_rule_mining:__call__:394 - |price                         |    0.00|price                                                       |0.127517|    0.00|0.128378|0.950000|       0|       0
2022-11-16 15:25:04.387 | DEBUG    | localization_association_rule_mining:__call__:394 - |station                       |    0.00|station                                                     |0.146965|    0.00|0.310811|0.218009|       0|       0
2022-11-16 15:25:04.387 | DEBUG    | localization_association_rule_mining:__call__:394 - |route                         |    0.00|route                                                       |0.208791|    0.00|0.256757|0.527778|       0|       0
2022-11-16 15:25:04.387 | DEBUG    | localization_association_rule_mining:__call__:394 - |seat                          |    0.00|seat                                                        |0.253247|    0.00|0.263514|0.866667|       0|       0
2022-11-16 15:25:04.388 | DEBUG    | localization_association_rule_mining:__call__:394 - |cancel                        |   -1.00|                                                            |0.000000|    0.00|0.000000|0.000000|       0|       0
2022-11-16 15:25:04.388 | DEBUG    | localization_association_rule_mining:__call__:394 - |food-map                      |   -1.00|                                                            |0.000000|    0.00|0.000000|0.000000|       0|       0
2022-11-16 15:25:04.388 | DEBUG    | localization_association_rule_mining:__call__:394 - |ts-ui-dashboard               |   -1.00|                                                            |0.000000|    0.00|0.000000|0.000000|       0|       0
2022-11-16 15:25:04.388 | DEBUG    | localization_association_rule_mining:__call__:394 - |admin-order                   |   -1.00|                                                            |0.000000|    0.00|0.000000|0.000000|       0|       0
2022-11-16 15:25:04.388 | DEBUG    | localization_association_rule_mining:__call__:394 - |order                         |   -1.00|                                                            |0.000000|    0.00|0.000000|0.000000|       0|       0
2022-11-16 15:25:04.388 | DEBUG    | localization_association_rule_mining:__call__:394 - |order-other                   |   -1.00|                                                            |0.000000|    0.00|0.000000|0.000000|       0|       0
2022-11-16 15:25:04.388 | DEBUG    | localization_association_rule_mining:__call__:394 - |travel2                       |   -1.00|                                                            |0.000000|    0.00|0.000000|0.000000|       0|       0
2022-11-16 15:25:04.388 | DEBUG    | localization_association_rule_mining:__call__:394 - |food                          |   -1.00|                                                            |0.000000|    0.00|0.000000|0.000000|       0|       0
2022-11-16 15:25:04.388 | DEBUG    | localization_association_rule_mining:__call__:394 - |consign                       |   -1.00|                                                            |0.000000|    0.00|0.000000|0.000000|       0|       0
2022-11-16 15:25:04.388 | DEBUG    | localization_association_rule_mining:__call__:394 - |inside-payment                |   -1.00|                                                            |0.000000|    0.00|0.000000|0.000000|       0|       0
2022-11-16 15:25:04.388 | DEBUG    | localization_association_rule_mining:__call__:394 - |auth                          |   -1.00|                                                            |0.000000|    0.00|0.000000|0.000000|       0|       0
2022-11-16 15:25:04.388 | DEBUG    | localization_association_rule_mining:__call__:394 - |route-plan                    |   -1.00|                                                            |0.000000|    0.00|0.000000|0.000000|       0|       0
2022-11-16 15:25:04.388 | DEBUG    | localization_association_rule_mining:__call__:394 - |payment                       |   -1.00|                                                            |0.000000|    0.00|0.000000|0.000000|       0|       0
2022-11-16 15:25:04.388 | DEBUG    | localization_association_rule_mining:__call__:394 - |verification-code             |   -1.00|                                                            |0.000000|    0.00|0.000000|0.000000|       0|       0
2022-11-16 15:25:04.388 | DEBUG    | localization_association_rule_mining:__call__:394 - |preserve-other                |   -1.00|                                                            |0.000000|    0.00|0.000000|0.000000|       0|       0
2022-11-16 15:25:04.388 | DEBUG    | localization_association_rule_mining:__call__:394 - |travel-plan                   |   -1.00|                                                            |0.000000|    0.00|0.000000|0.000000|       0|       0
2022-11-16 15:25:04.388 | DEBUG    | localization_association_rule_mining:__call__:394 - |user                          |   -1.00|                                                            |0.000000|    0.00|0.000000|0.000000|       0|       0
2022-11-16 15:25:04.388 | DEBUG    | localization_association_rule_mining:__call__:394 - |contacts                      |   -1.00|                                                            |0.000000|    0.00|0.000000|0.000000|       0|       0
