2022-11-08 18:36:22.856 | DEBUG    | localization_association_rule_mining:__call__:390 - |item                          |score   |pattern                                                     |ps      |ips     |p(a|b)  |p(b|a)  |in      |out     
2022-11-08 18:36:22.856 | DEBUG    | localization_association_rule_mining:__call__:394 - |food-map                      |   25.70|food-map                                                    |0.459016|   56.00|0.459016|1.000000|      56|       0
2022-11-08 18:36:22.856 | DEBUG    | localization_association_rule_mining:__call__:394 - |travel                        |   19.06|travel                                                      |0.614815|   31.00|0.680328|0.864583|       0|      31
2022-11-08 18:36:22.856 | DEBUG    | localization_association_rule_mining:__call__:394 - |food                          |   18.30|food                                                        |0.704000|   26.00|0.721311|0.967033|      82|      56
2022-11-08 18:36:22.856 | DEBUG    | localization_association_rule_mining:__call__:394 - |ticketinfo                    |    8.63|ticketinfo                                                  |0.261538|   33.00|0.278689|0.809524|      33|       0
2022-11-08 18:36:22.857 | DEBUG    | localization_association_rule_mining:__call__:394 - |notification                  |    0.90|notification                                                |0.100000|    9.00|0.106557|0.619048|       9|       0
2022-11-08 18:36:22.857 | DEBUG    | localization_association_rule_mining:__call__:394 - |preserve                      |    0.43|preserve                                                    |0.106870|    4.00|0.114754|0.608696|       0|       4
2022-11-08 18:36:22.857 | DEBUG    | localization_association_rule_mining:__call__:394 - |train                         |    0.00|train                                                       |0.217054|    0.00|0.229508|0.800000|       0|       0
2022-11-08 18:36:22.857 | DEBUG    | localization_association_rule_mining:__call__:394 - |seat                          |    0.00|seat                                                        |0.229008|    0.00|0.245902|0.769231|       0|       0
2022-11-08 18:36:22.857 | DEBUG    | localization_association_rule_mining:__call__:394 - |basic                         |    0.00|basic                                                       |0.235294|    0.00|0.262295|0.695652|       0|       0
2022-11-08 18:36:22.857 | DEBUG    | localization_association_rule_mining:__call__:394 - |order                         |    0.00|order                                                       |0.086351|    0.00|0.254098|0.115672|       0|       0
2022-11-08 18:36:22.857 | DEBUG    | localization_association_rule_mining:__call__:394 - |route                         |    0.00|route                                                       |0.484615|    0.00|0.516393|0.887324|       0|       0
2022-11-08 18:36:22.857 | DEBUG    | localization_association_rule_mining:__call__:394 - |station                       |    0.00|station                                                     |0.322176|    0.00|0.631148|0.396907|       0|       0
2022-11-08 18:36:22.857 | DEBUG    | localization_association_rule_mining:__call__:394 - |config                        |    0.00|config                                                      |0.111111|    0.00|0.114754|0.777778|       0|       0
2022-11-08 18:36:22.857 | DEBUG    | localization_association_rule_mining:__call__:394 - |order-other                   |    0.00|order-other                                                 |0.052083|    0.00|0.122951|0.082873|       0|       0
2022-11-08 18:36:22.857 | DEBUG    | localization_association_rule_mining:__call__:394 - |user                          |   -1.00|                                                            |0.000000|    0.00|0.000000|0.000000|       0|       0
2022-11-08 18:36:22.857 | DEBUG    | localization_association_rule_mining:__call__:394 - |security                      |   -1.00|                                                            |0.000000|    0.00|0.000000|0.000000|       0|       0
2022-11-08 18:36:22.857 | DEBUG    | localization_association_rule_mining:__call__:394 - |admin-order                   |   -1.00|                                                            |0.000000|    0.00|0.000000|0.000000|       0|       0
2022-11-08 18:36:22.857 | DEBUG    | localization_association_rule_mining:__call__:394 - |travel2                       |   -1.00|                                                            |0.000000|    0.00|0.000000|0.000000|       0|       0
2022-11-08 18:36:22.857 | DEBUG    | localization_association_rule_mining:__call__:394 - |travel-plan                   |   -1.00|                                                            |0.000000|    0.00|0.000000|0.000000|       0|       0
2022-11-08 18:36:22.857 | DEBUG    | localization_association_rule_mining:__call__:394 - |payment                       |   -1.00|                                                            |0.000000|    0.00|0.000000|0.000000|       0|       0
2022-11-08 18:36:22.857 | DEBUG    | localization_association_rule_mining:__call__:394 - |inside-payment                |   -1.00|                                                            |0.000000|    0.00|0.000000|0.000000|       0|       0
2022-11-08 18:36:22.857 | DEBUG    | localization_association_rule_mining:__call__:394 - |assurance                     |   -1.00|                                                            |0.000000|    0.00|0.000000|0.000000|       0|       0
2022-11-08 18:36:22.858 | DEBUG    | localization_association_rule_mining:__call__:394 - |ts-ui-dashboard               |   -1.00|                                                            |0.000000|    0.00|0.000000|0.000000|       0|       0
2022-11-08 18:36:22.858 | DEBUG    | localization_association_rule_mining:__call__:394 - |cancel                        |   -1.00|                                                            |0.000000|    0.00|0.000000|0.000000|       0|       0
2022-11-08 18:36:22.858 | DEBUG    | localization_association_rule_mining:__call__:394 - |route-plan                    |   -1.00|                                                            |0.000000|    0.00|0.000000|0.000000|       0|       0
2022-11-08 18:36:22.858 | DEBUG    | localization_association_rule_mining:__call__:394 - |consign                       |   -1.00|                                                            |0.000000|    0.00|0.000000|0.000000|       0|       0
2022-11-08 18:36:22.858 | DEBUG    | localization_association_rule_mining:__call__:394 - |auth                          |   -1.00|                                                            |0.000000|    0.00|0.000000|0.000000|       0|       0
2022-11-08 18:36:22.858 | DEBUG    | localization_association_rule_mining:__call__:394 - |verification-code             |   -1.00|                                                            |0.000000|    0.00|0.000000|0.000000|       0|       0
2022-11-08 18:36:22.858 | DEBUG    | localization_association_rule_mining:__call__:394 - |contacts                      |   -1.00|                                                            |0.000000|    0.00|0.000000|0.000000|       0|       0
2022-11-08 18:36:22.858 | DEBUG    | localization_association_rule_mining:__call__:394 - |price                         |   -1.00|                                                            |0.000000|    0.00|0.000000|0.000000|       0|       0
