2022-11-03 23:32:19.474 | DEBUG    | localization_association_rule_mining:__call__:388 - |item                          |score   |pattern                                                     |ps      |ips     |p(a|b)  |p(b|a)  |in      |out     
2022-11-03 23:32:19.474 | DEBUG    | localization_association_rule_mining:__call__:392 - |route                         |   40.14|route                                                       |0.450980|   89.00|0.978723|0.455446|      89|       0
2022-11-03 23:32:19.474 | DEBUG    | localization_association_rule_mining:__call__:392 - |travel                        |   17.87|travel                                                      |0.397059|   45.00|0.861702|0.424084|      27|      72
2022-11-03 23:32:19.474 | DEBUG    | localization_association_rule_mining:__call__:392 - |basic                         |   14.86|basic                                                       |0.380952|   39.00|0.765957|0.431138|       0|      39
2022-11-03 23:32:19.474 | DEBUG    | localization_association_rule_mining:__call__:392 - |route-plan                    |    6.93|route-plan                                                  |0.364964|   19.00|0.531915|0.537634|       0|      19
2022-11-03 23:32:19.474 | DEBUG    | localization_association_rule_mining:__call__:392 - |order                         |    0.56|order                                                       |0.278351|    2.00|0.574468|0.350649|       2|       0
2022-11-03 23:32:19.474 | DEBUG    | localization_association_rule_mining:__call__:392 - |ui-dashboard                  |    0.00|ui-dashboard                                                |0.220141|    0.00|1.000000|0.220141|       0|       0
2022-11-03 23:32:19.474 | DEBUG    | localization_association_rule_mining:__call__:392 - |ticketinfo                    |    0.00|ticketinfo                                                  |0.380952|    0.00|0.765957|0.431138|       0|       0
2022-11-03 23:32:19.474 | DEBUG    | localization_association_rule_mining:__call__:392 - |station                       |    0.00|station                                                     |0.380165|    0.00|0.978723|0.383333|       0|       0
2022-11-03 23:32:19.474 | DEBUG    | localization_association_rule_mining:__call__:392 - |config                        |    0.00|config                                                      |0.200000|    0.00|0.319149|0.348837|       0|       0
2022-11-03 23:32:19.474 | DEBUG    | localization_association_rule_mining:__call__:392 - |price                         |    0.00|price                                                       |0.276596|    0.00|0.553191|0.356164|       0|       0
2022-11-03 23:32:19.475 | DEBUG    | localization_association_rule_mining:__call__:392 - |travel-plan                   |    0.00|travel-plan                                                 |0.364964|    0.00|0.531915|0.537634|       0|       0
2022-11-03 23:32:19.475 | DEBUG    | localization_association_rule_mining:__call__:392 - |train                         |    0.00|train                                                       |0.276596|    0.00|0.553191|0.356164|       0|       0
2022-11-03 23:32:19.475 | DEBUG    | localization_association_rule_mining:__call__:392 - |inside-payment                |   -1.00|                                                            |0.000000|    0.00|0.000000|0.000000|       0|       0
2022-11-03 23:32:19.475 | DEBUG    | localization_association_rule_mining:__call__:392 - |user                          |   -1.00|                                                            |0.000000|    0.00|0.000000|0.000000|       0|       0
2022-11-03 23:32:19.475 | DEBUG    | localization_association_rule_mining:__call__:392 - |verification-code             |   -1.00|                                                            |0.000000|    0.00|0.000000|0.000000|       0|       0
2022-11-03 23:32:19.475 | DEBUG    | localization_association_rule_mining:__call__:392 - |food-map                      |   -1.00|                                                            |0.000000|    0.00|0.000000|0.000000|       0|       0
2022-11-03 23:32:19.475 | DEBUG    | localization_association_rule_mining:__call__:392 - |seat                          |   -1.00|                                                            |0.000000|    0.00|0.000000|0.000000|       0|       0
2022-11-03 23:32:19.475 | DEBUG    | localization_association_rule_mining:__call__:392 - |preserve                      |   -1.00|                                                            |0.000000|    0.00|0.000000|0.000000|       0|       0
2022-11-03 23:32:19.475 | DEBUG    | localization_association_rule_mining:__call__:392 - |preserve-other                |   -1.00|                                                            |0.000000|    0.00|0.000000|0.000000|       0|       0
2022-11-03 23:32:19.475 | DEBUG    | localization_association_rule_mining:__call__:392 - |cancel                        |   -1.00|                                                            |0.000000|    0.00|0.000000|0.000000|       0|       0
2022-11-03 23:32:19.475 | DEBUG    | localization_association_rule_mining:__call__:392 - |assurance                     |   -1.00|                                                            |0.000000|    0.00|0.000000|0.000000|       0|       0
2022-11-03 23:32:19.475 | DEBUG    | localization_association_rule_mining:__call__:392 - |consign                       |   -1.00|                                                            |0.000000|    0.00|0.000000|0.000000|       0|       0
2022-11-03 23:32:19.475 | DEBUG    | localization_association_rule_mining:__call__:392 - |food                          |   -1.00|                                                            |0.000000|    0.00|0.000000|0.000000|       0|       0
2022-11-03 23:32:19.475 | DEBUG    | localization_association_rule_mining:__call__:392 - |security                      |   -1.00|                                                            |0.000000|    0.00|0.000000|0.000000|       0|       0
2022-11-03 23:32:19.475 | DEBUG    | localization_association_rule_mining:__call__:392 - |auth                          |   -1.00|                                                            |0.000000|    0.00|0.000000|0.000000|       0|       0
2022-11-03 23:32:19.475 | DEBUG    | localization_association_rule_mining:__call__:392 - |travel2                       |   -1.00|                                                            |0.000000|    0.00|0.000000|0.000000|       0|       0
2022-11-03 23:32:19.475 | DEBUG    | localization_association_rule_mining:__call__:392 - |order-other                   |   -1.00|                                                            |0.000000|    0.00|0.000000|0.000000|       0|       0
2022-11-03 23:32:19.475 | DEBUG    | localization_association_rule_mining:__call__:392 - |contacts                      |   -1.00|                                                            |0.000000|    0.00|0.000000|0.000000|       0|       0
