2022-10-21 02:15:04.252 | DEBUG    | localization_association_rule_mining:__call__:388 - |item                          |score   |pattern                                                     |ps      |ips     |p(a|b)  |p(b|a)  |in      |out     
2022-10-21 02:15:04.253 | DEBUG    | localization_association_rule_mining:__call__:392 - |order                         |   30.33|order                                                       |0.659420|   46.00|0.900990|0.710938|      79|      33
2022-10-21 02:15:04.253 | DEBUG    | localization_association_rule_mining:__call__:392 - |station                       |   10.85|station                                                     |0.328638|   33.00|0.693069|0.384615|      33|       0
2022-10-21 02:15:04.253 | DEBUG    | localization_association_rule_mining:__call__:392 - |travel                        |    2.63|travel                                                      |0.202532|   13.00|0.316832|0.359551|      12|      25
2022-10-21 02:15:04.253 | DEBUG    | localization_association_rule_mining:__call__:392 - |seat                          |    1.25|seat                                                        |0.311321|    4.00|0.326733|0.868421|      19|      23
2022-10-21 02:15:04.253 | DEBUG    | localization_association_rule_mining:__call__:392 - |preserve                      |    0.29|preserve                                                    |0.144231|    2.00|0.148515|0.833333|       9|      11
2022-10-21 02:15:04.253 | DEBUG    | localization_association_rule_mining:__call__:392 - |security                      |    0.13|security                                                    |0.134615|    1.00|0.138614|0.823529|       8|       9
2022-10-21 02:15:04.253 | DEBUG    | localization_association_rule_mining:__call__:392 - |basic                         |    0.00|basic                                                       |0.302752|    0.00|0.326733|0.804878|       0|       0
2022-10-21 02:15:04.253 | DEBUG    | localization_association_rule_mining:__call__:392 - |train                         |    0.00|train                                                       |0.233645|    0.00|0.247525|0.806452|       0|       0
2022-10-21 02:15:04.253 | DEBUG    | localization_association_rule_mining:__call__:392 - |route                         |    0.00|route                                                       |0.205674|    0.00|0.287129|0.420290|       0|       0
2022-10-21 02:15:04.253 | DEBUG    | localization_association_rule_mining:__call__:392 - |config                        |    0.00|config                                                      |0.174757|    0.00|0.178218|0.900000|       0|       0
2022-10-21 02:15:04.253 | DEBUG    | localization_association_rule_mining:__call__:392 - |ticketinfo                    |    0.00|ticketinfo                                                  |0.293578|    0.00|0.316832|0.800000|       0|       0
2022-10-21 02:15:04.253 | DEBUG    | localization_association_rule_mining:__call__:392 - |price                         |    0.00|price                                                       |0.142857|    0.00|0.148515|0.789474|       0|       0
2022-10-21 02:15:04.253 | DEBUG    | localization_association_rule_mining:__call__:392 - |order-other                   |   -1.00|                                                            |0.000000|    0.00|0.000000|0.000000|       0|       0
2022-10-21 02:15:04.253 | DEBUG    | localization_association_rule_mining:__call__:392 - |inside-payment                |   -1.00|                                                            |0.000000|    0.00|0.000000|0.000000|       0|       0
2022-10-21 02:15:04.254 | DEBUG    | localization_association_rule_mining:__call__:392 - |user                          |   -1.00|                                                            |0.000000|    0.00|0.000000|0.000000|       0|       0
2022-10-21 02:15:04.254 | DEBUG    | localization_association_rule_mining:__call__:392 - |route-plan                    |   -1.00|                                                            |0.000000|    0.00|0.000000|0.000000|       0|       0
2022-10-21 02:15:04.254 | DEBUG    | localization_association_rule_mining:__call__:392 - |preserve-other                |   -1.00|                                                            |0.000000|    0.00|0.000000|0.000000|       0|       0
2022-10-21 02:15:04.254 | DEBUG    | localization_association_rule_mining:__call__:392 - |assurance                     |   -1.00|                                                            |0.000000|    0.00|0.000000|0.000000|       0|       0
2022-10-21 02:15:04.254 | DEBUG    | localization_association_rule_mining:__call__:392 - |notification                  |   -1.00|                                                            |0.000000|    0.00|0.000000|0.000000|       0|       0
2022-10-21 02:15:04.254 | DEBUG    | localization_association_rule_mining:__call__:392 - |food                          |   -1.00|                                                            |0.000000|    0.00|0.000000|0.000000|       0|       0
2022-10-21 02:15:04.254 | DEBUG    | localization_association_rule_mining:__call__:392 - |travel2                       |   -1.00|                                                            |0.000000|    0.00|0.000000|0.000000|       0|       0
2022-10-21 02:15:04.254 | DEBUG    | localization_association_rule_mining:__call__:392 - |verification-code             |   -1.00|                                                            |0.000000|    0.00|0.000000|0.000000|       0|       0
2022-10-21 02:15:04.254 | DEBUG    | localization_association_rule_mining:__call__:392 - |cancel                        |   -1.00|                                                            |0.000000|    0.00|0.000000|0.000000|       0|       0
2022-10-21 02:15:04.254 | DEBUG    | localization_association_rule_mining:__call__:392 - |contacts                      |   -1.00|                                                            |0.000000|    0.00|0.000000|0.000000|       0|       0
2022-10-21 02:15:04.254 | DEBUG    | localization_association_rule_mining:__call__:392 - |payment                       |   -1.00|                                                            |0.000000|    0.00|0.000000|0.000000|       0|       0
2022-10-21 02:15:04.254 | DEBUG    | localization_association_rule_mining:__call__:392 - |ts-ui-dashboard               |   -1.00|                                                            |0.000000|    0.00|0.000000|0.000000|       0|       0
2022-10-21 02:15:04.254 | DEBUG    | localization_association_rule_mining:__call__:392 - |auth                          |   -1.00|                                                            |0.000000|    0.00|0.000000|0.000000|       0|       0
2022-10-21 02:15:04.254 | DEBUG    | localization_association_rule_mining:__call__:392 - |food-map                      |   -1.00|                                                            |0.000000|    0.00|0.000000|0.000000|       0|       0
2022-10-21 02:15:04.254 | DEBUG    | localization_association_rule_mining:__call__:392 - |consign                       |   -1.00|                                                            |0.000000|    0.00|0.000000|0.000000|       0|       0
2022-10-21 02:15:04.254 | DEBUG    | localization_association_rule_mining:__call__:392 - |travel-plan                   |   -1.00|                                                            |0.000000|    0.00|0.000000|0.000000|       0|       0
