2022-11-16 15:56:24.072 | DEBUG    | localization_association_rule_mining:__call__:390 - |item                          |score   |pattern                                                     |ps      |ips     |p(a|b)  |p(b|a)  |in      |out     
2022-11-16 15:56:24.072 | DEBUG    | localization_association_rule_mining:__call__:394 - |travel                        |    4.44|travel                                                      |0.555556|    8.00|0.833333|0.625000|       8|       0
2022-11-16 15:56:24.072 | DEBUG    | localization_association_rule_mining:__call__:394 - |preserve                      |    0.33|preserve                                                    |0.166667|    2.00|0.166667|1.000000|       2|       0
2022-11-16 15:56:24.072 | DEBUG    | localization_association_rule_mining:__call__:394 - |notification                  |    0.29|notification                                                |0.142857|    2.00|0.166667|0.500000|       2|       0
2022-11-16 15:56:24.072 | DEBUG    | localization_association_rule_mining:__call__:394 - |cancel                        |    0.11|cancel                                                      |0.055556|    2.00|0.166667|0.076923|       0|       2
2022-11-16 15:56:24.073 | DEBUG    | localization_association_rule_mining:__call__:394 - |order                         |    0.00|order                                                       |0.123288|    0.00|0.750000|0.128571|       0|       0
2022-11-16 15:56:24.073 | DEBUG    | localization_association_rule_mining:__call__:394 - |ticketinfo                    |    0.00|ticketinfo                                                  |0.833333|    0.00|0.833333|1.000000|       0|       0
2022-11-16 15:56:24.073 | DEBUG    | localization_association_rule_mining:__call__:394 - |security                      |    0.00|security                                                    |0.166667|    0.00|0.166667|1.000000|       0|       0
2022-11-16 15:56:24.073 | DEBUG    | localization_association_rule_mining:__call__:394 - |seat                          |    0.00|seat                                                        |0.833333|    0.00|0.833333|1.000000|       0|       0
2022-11-16 15:56:24.073 | DEBUG    | localization_association_rule_mining:__call__:394 - |basic                         |    0.00|basic                                                       |0.833333|    0.00|0.833333|1.000000|       0|       0
2022-11-16 15:56:24.073 | DEBUG    | localization_association_rule_mining:__call__:394 - |config                        |    0.00|config                                                      |0.333333|    0.00|0.333333|1.000000|       0|       0
2022-11-16 15:56:24.073 | DEBUG    | localization_association_rule_mining:__call__:394 - |food-map                      |   -1.00|                                                            |0.000000|    0.00|0.000000|0.000000|       0|       0
2022-11-16 15:56:24.073 | DEBUG    | localization_association_rule_mining:__call__:394 - |auth                          |   -1.00|                                                            |0.000000|    0.00|0.000000|0.000000|       0|       0
2022-11-16 15:56:24.073 | DEBUG    | localization_association_rule_mining:__call__:394 - |station                       |   -1.00|                                                            |0.000000|    0.00|0.000000|0.000000|       0|       0
2022-11-16 15:56:24.073 | DEBUG    | localization_association_rule_mining:__call__:394 - |assurance                     |   -1.00|                                                            |0.000000|    0.00|0.000000|0.000000|       0|       0
2022-11-16 15:56:24.073 | DEBUG    | localization_association_rule_mining:__call__:394 - |verification-code             |   -1.00|                                                            |0.000000|    0.00|0.000000|0.000000|       0|       0
2022-11-16 15:56:24.073 | DEBUG    | localization_association_rule_mining:__call__:394 - |user                          |   -1.00|                                                            |0.000000|    0.00|0.000000|0.000000|       0|       0
2022-11-16 15:56:24.073 | DEBUG    | localization_association_rule_mining:__call__:394 - |order-other                   |   -1.00|                                                            |0.000000|    0.00|0.000000|0.000000|       0|       0
2022-11-16 15:56:24.073 | DEBUG    | localization_association_rule_mining:__call__:394 - |ts-ui-dashboard               |   -1.00|                                                            |0.000000|    0.00|0.000000|0.000000|       0|       0
2022-11-16 15:56:24.073 | DEBUG    | localization_association_rule_mining:__call__:394 - |inside-payment                |   -1.00|                                                            |0.000000|    0.00|0.000000|0.000000|       0|       0
2022-11-16 15:56:24.073 | DEBUG    | localization_association_rule_mining:__call__:394 - |payment                       |   -1.00|                                                            |0.000000|    0.00|0.000000|0.000000|       0|       0
2022-11-16 15:56:24.073 | DEBUG    | localization_association_rule_mining:__call__:394 - |consign                       |   -1.00|                                                            |0.000000|    0.00|0.000000|0.000000|       0|       0
2022-11-16 15:56:24.073 | DEBUG    | localization_association_rule_mining:__call__:394 - |contacts                      |   -1.00|                                                            |0.000000|    0.00|0.000000|0.000000|       0|       0
2022-11-16 15:56:24.074 | DEBUG    | localization_association_rule_mining:__call__:394 - |food                          |   -1.00|                                                            |0.000000|    0.00|0.000000|0.000000|       0|       0
