2022-11-09 16:51:09.965 | DEBUG    | localization_association_rule_mining:__call__:390 - |item                          |score   |pattern                                                     |ps      |ips     |p(a|b)  |p(b|a)  |in      |out     
2022-11-09 16:51:09.965 | DEBUG    | localization_association_rule_mining:__call__:394 - |assurance                     |   58.94|assurance                                                   |0.775510|   76.00|0.783505|0.987013|      76|       0
2022-11-09 16:51:09.965 | DEBUG    | localization_association_rule_mining:__call__:394 - |seat                          |    5.69|seat                                                        |0.247423|   23.00|0.247423|1.000000|      23|       0
2022-11-09 16:51:09.965 | DEBUG    | localization_association_rule_mining:__call__:394 - |travel                        |    3.01|travel                                                      |0.231405|   13.00|0.288660|0.538462|       7|      20
2022-11-09 16:51:09.965 | DEBUG    | localization_association_rule_mining:__call__:394 - |preserve                      |    1.05|preserve                                                    |0.116505|    9.00|0.123711|0.666667|       0|       9
2022-11-09 16:51:09.965 | DEBUG    | localization_association_rule_mining:__call__:394 - |travel-plan                   |    0.74|travel-plan                                                 |0.123711|    6.00|0.123711|1.000000|      12|       6
2022-11-09 16:51:09.965 | DEBUG    | localization_association_rule_mining:__call__:394 - |basic                         |    0.00|basic                                                       |0.278846|    0.00|0.298969|0.805556|       0|       0
2022-11-09 16:51:09.965 | DEBUG    | localization_association_rule_mining:__call__:394 - |route                         |    0.00|route                                                       |0.194915|    0.00|0.237113|0.522727|       0|       0
2022-11-09 16:51:09.965 | DEBUG    | localization_association_rule_mining:__call__:394 - |price                         |    0.00|price                                                       |0.108911|    0.00|0.113402|0.733333|       0|       0
2022-11-09 16:51:09.965 | DEBUG    | localization_association_rule_mining:__call__:394 - |order                         |    0.00|order                                                       |0.063559|    0.00|0.154639|0.097403|       0|       0
2022-11-09 16:51:09.965 | DEBUG    | localization_association_rule_mining:__call__:394 - |station                       |    0.00|station                                                     |0.163842|    0.00|0.298969|0.266055|       0|       0
2022-11-09 16:51:09.966 | DEBUG    | localization_association_rule_mining:__call__:394 - |ticketinfo                    |    0.00|ticketinfo                                                  |0.278846|    0.00|0.298969|0.805556|       0|       0
2022-11-09 16:51:09.966 | DEBUG    | localization_association_rule_mining:__call__:394 - |train                         |    0.00|train                                                       |0.217822|    0.00|0.226804|0.846154|       0|       0
2022-11-09 16:51:09.966 | DEBUG    | localization_association_rule_mining:__call__:394 - |preserve-other                |   -1.00|                                                            |0.000000|    0.00|0.000000|0.000000|       0|       0
2022-11-09 16:51:09.966 | DEBUG    | localization_association_rule_mining:__call__:394 - |notification                  |   -1.00|                                                            |0.000000|    0.00|0.000000|0.000000|       0|       0
2022-11-09 16:51:09.966 | DEBUG    | localization_association_rule_mining:__call__:394 - |verification-code             |   -1.00|                                                            |0.000000|    0.00|0.000000|0.000000|       0|       0
2022-11-09 16:51:09.966 | DEBUG    | localization_association_rule_mining:__call__:394 - |admin-order                   |   -1.00|                                                            |0.000000|    0.00|0.000000|0.000000|       0|       0
2022-11-09 16:51:09.966 | DEBUG    | localization_association_rule_mining:__call__:394 - |consign                       |   -1.00|                                                            |0.000000|    0.00|0.000000|0.000000|       0|       0
2022-11-09 16:51:09.966 | DEBUG    | localization_association_rule_mining:__call__:394 - |security                      |   -1.00|                                                            |0.000000|    0.00|0.000000|0.000000|       0|       0
2022-11-09 16:51:09.966 | DEBUG    | localization_association_rule_mining:__call__:394 - |inside-payment                |   -1.00|                                                            |0.000000|    0.00|0.000000|0.000000|       0|       0
2022-11-09 16:51:09.966 | DEBUG    | localization_association_rule_mining:__call__:394 - |food                          |   -1.00|                                                            |0.000000|    0.00|0.000000|0.000000|       0|       0
2022-11-09 16:51:09.966 | DEBUG    | localization_association_rule_mining:__call__:394 - |order-other                   |   -1.00|                                                            |0.000000|    0.00|0.000000|0.000000|       0|       0
2022-11-09 16:51:09.966 | DEBUG    | localization_association_rule_mining:__call__:394 - |user                          |   -1.00|                                                            |0.000000|    0.00|0.000000|0.000000|       0|       0
2022-11-09 16:51:09.966 | DEBUG    | localization_association_rule_mining:__call__:394 - |travel2                       |   -1.00|                                                            |0.000000|    0.00|0.000000|0.000000|       0|       0
2022-11-09 16:51:09.966 | DEBUG    | localization_association_rule_mining:__call__:394 - |contacts                      |   -1.00|                                                            |0.000000|    0.00|0.000000|0.000000|       0|       0
2022-11-09 16:51:09.966 | DEBUG    | localization_association_rule_mining:__call__:394 - |cancel                        |   -1.00|                                                            |0.000000|    0.00|0.000000|0.000000|       0|       0
2022-11-09 16:51:09.966 | DEBUG    | localization_association_rule_mining:__call__:394 - |ts-ui-dashboard               |   -1.00|                                                            |0.000000|    0.00|0.000000|0.000000|       0|       0
2022-11-09 16:51:09.966 | DEBUG    | localization_association_rule_mining:__call__:394 - |route-plan                    |   -1.00|                                                            |0.000000|    0.00|0.000000|0.000000|       0|       0
2022-11-09 16:51:09.966 | DEBUG    | localization_association_rule_mining:__call__:394 - |food-map                      |   -1.00|                                                            |0.000000|    0.00|0.000000|0.000000|       0|       0
2022-11-09 16:51:09.966 | DEBUG    | localization_association_rule_mining:__call__:394 - |payment                       |   -1.00|                                                            |0.000000|    0.00|0.000000|0.000000|       0|       0
2022-11-09 16:51:09.967 | DEBUG    | localization_association_rule_mining:__call__:394 - |auth                          |   -1.00|                                                            |0.000000|    0.00|0.000000|0.000000|       0|       0
