2022-11-16 16:48:47.163 | DEBUG    | localization_association_rule_mining:__call__:390 - |item                          |score   |pattern                                                     |ps      |ips     |p(a|b)  |p(b|a)  |in      |out     
2022-11-16 16:48:47.163 | DEBUG    | localization_association_rule_mining:__call__:394 - |station                       |   36.21|station                                                     |0.770492|   47.00|0.770492|1.000000|      47|       0
2022-11-16 16:48:47.163 | DEBUG    | localization_association_rule_mining:__call__:394 - |seat                          |    3.71|seat                                                        |0.412698|    9.00|0.426230|0.928571|       5|      14
2022-11-16 16:48:47.163 | DEBUG    | localization_association_rule_mining:__call__:394 - |basic                         |    2.62|basic                                                       |0.524590|    5.00|0.524590|1.000000|      26|      31
2022-11-16 16:48:47.163 | DEBUG    | localization_association_rule_mining:__call__:394 - |order                         |    2.18|order                                                       |0.435484|    5.00|0.442623|0.964286|       7|       2
2022-11-16 16:48:47.163 | DEBUG    | localization_association_rule_mining:__call__:394 - |travel                        |    2.00|travel                                                      |0.666667|    3.00|0.688525|0.954545|      18|      21
2022-11-16 16:48:47.163 | DEBUG    | localization_association_rule_mining:__call__:394 - |ticketinfo                    |    1.84|ticketinfo                                                  |0.459016|    4.00|0.459016|1.000000|      22|      26
2022-11-16 16:48:47.163 | DEBUG    | localization_association_rule_mining:__call__:394 - |food                          |    0.46|food                                                        |0.229508|    2.00|0.229508|1.000000|      10|       8
2022-11-16 16:48:47.163 | DEBUG    | localization_association_rule_mining:__call__:394 - |order-other                   |    0.15|order-other                                                 |0.145161|    1.00|0.147541|0.900000|       6|       5
2022-11-16 16:48:47.163 | DEBUG    | localization_association_rule_mining:__call__:394 - |price                         |    0.00|price                                                       |0.163934|    0.00|0.163934|1.000000|       0|       0
2022-11-16 16:48:47.163 | DEBUG    | localization_association_rule_mining:__call__:394 - |food-map                      |    0.00|food-map                                                    |0.180328|    0.00|0.180328|1.000000|       0|       0
2022-11-16 16:48:47.164 | DEBUG    | localization_association_rule_mining:__call__:394 - |train                         |    0.00|train                                                       |0.258065|    0.00|0.262295|0.941176|       0|       0
2022-11-16 16:48:47.164 | DEBUG    | localization_association_rule_mining:__call__:394 - |config                        |    0.00|config                                                      |0.174603|    0.00|0.180328|0.846154|       0|       0
2022-11-16 16:48:47.164 | DEBUG    | localization_association_rule_mining:__call__:394 - |route                         |    0.00|route                                                       |0.467742|    0.00|0.475410|0.966667|       0|       0
2022-11-16 16:48:47.164 | DEBUG    | localization_association_rule_mining:__call__:394 - |verification-code             |   -1.00|                                                            |0.000000|    0.00|0.000000|0.000000|       0|       0
2022-11-16 16:48:47.164 | DEBUG    | localization_association_rule_mining:__call__:394 - |user                          |   -1.00|                                                            |0.000000|    0.00|0.000000|0.000000|       0|       0
2022-11-16 16:48:47.164 | DEBUG    | localization_association_rule_mining:__call__:394 - |route-plan                    |   -1.00|                                                            |0.000000|    0.00|0.000000|0.000000|       0|       0
2022-11-16 16:48:47.164 | DEBUG    | localization_association_rule_mining:__call__:394 - |notification                  |   -1.00|                                                            |0.000000|    0.00|0.000000|0.000000|       0|       0
2022-11-16 16:48:47.164 | DEBUG    | localization_association_rule_mining:__call__:394 - |ts-ui-dashboard               |   -1.00|                                                            |0.000000|    0.00|0.000000|0.000000|       0|       0
2022-11-16 16:48:47.164 | DEBUG    | localization_association_rule_mining:__call__:394 - |auth                          |   -1.00|                                                            |0.000000|    0.00|0.000000|0.000000|       0|       0
2022-11-16 16:48:47.164 | DEBUG    | localization_association_rule_mining:__call__:394 - |travel-plan                   |   -1.00|                                                            |0.000000|    0.00|0.000000|0.000000|       0|       0
2022-11-16 16:48:47.164 | DEBUG    | localization_association_rule_mining:__call__:394 - |consign                       |   -1.00|                                                            |0.000000|    0.00|0.000000|0.000000|       0|       0
2022-11-16 16:48:47.164 | DEBUG    | localization_association_rule_mining:__call__:394 - |security                      |   -1.00|                                                            |0.000000|    0.00|0.000000|0.000000|       0|       0
2022-11-16 16:48:47.164 | DEBUG    | localization_association_rule_mining:__call__:394 - |assurance                     |   -1.00|                                                            |0.000000|    0.00|0.000000|0.000000|       0|       0
2022-11-16 16:48:47.164 | DEBUG    | localization_association_rule_mining:__call__:394 - |preserve                      |   -1.00|                                                            |0.000000|    0.00|0.000000|0.000000|       0|       0
2022-11-16 16:48:47.164 | DEBUG    | localization_association_rule_mining:__call__:394 - |travel2                       |   -1.00|                                                            |0.000000|    0.00|0.000000|0.000000|       0|       0
2022-11-16 16:48:47.164 | DEBUG    | localization_association_rule_mining:__call__:394 - |contacts                      |   -1.00|                                                            |0.000000|    0.00|0.000000|0.000000|       0|       0
