2022-10-31 19:50:46.003 | DEBUG    | localization_association_rule_mining:__call__:388 - |item                          |score   |pattern                                                     |ps      |ips     |p(a|b)  |p(b|a)  |in      |out     
2022-10-31 19:50:46.003 | DEBUG    | localization_association_rule_mining:__call__:392 - |station                       |   99.42|station                                                     |0.456067|  218.00|0.535627|0.754325|     218|       0
2022-10-31 19:50:46.003 | DEBUG    | localization_association_rule_mining:__call__:392 - |route                         |   36.27|route                                                       |0.299754|  121.00|0.299754|1.000000|     121|       0
2022-10-31 19:50:46.003 | DEBUG    | localization_association_rule_mining:__call__:392 - |order                         |   17.72|order                                                       |0.158192|  112.00|0.275184|0.271186|     112|       0
2022-10-31 19:50:46.004 | DEBUG    | localization_association_rule_mining:__call__:392 - |train                         |   16.12|train                                                       |0.199017|   81.00|0.199017|1.000000|      81|       0
2022-10-31 19:50:46.004 | DEBUG    | localization_association_rule_mining:__call__:392 - |food                          |   14.09|food                                                        |0.210280|   67.00|0.221130|0.810811|      11|      78
2022-10-31 19:50:46.004 | DEBUG    | localization_association_rule_mining:__call__:392 - |travel                        |   12.83|travel                                                      |0.427518|   30.00|0.427518|1.000000|     114|     144
2022-10-31 19:50:46.004 | DEBUG    | localization_association_rule_mining:__call__:392 - |auth                          |   10.78|auth                                                        |0.158508|   68.00|0.167076|0.755556|       0|      68
2022-10-31 19:50:46.004 | DEBUG    | localization_association_rule_mining:__call__:392 - |food-map                      |    8.27|food-map                                                    |0.142506|   58.00|0.142506|1.000000|      58|       0
2022-10-31 19:50:46.004 | DEBUG    | localization_association_rule_mining:__call__:392 - |verification-code             |    7.54|verification-code                                           |0.110930|   68.00|0.167076|0.248175|      68|       0
2022-10-31 19:50:46.004 | DEBUG    | localization_association_rule_mining:__call__:392 - |seat                          |    7.24|seat                                                        |0.233415|   31.00|0.233415|1.000000|      53|      84
2022-10-31 19:50:46.004 | DEBUG    | localization_association_rule_mining:__call__:392 - |cancel                        |    6.08|cancel                                                      |0.119159|   51.00|0.125307|0.708333|       0|      51
2022-10-31 19:50:46.004 | DEBUG    | localization_association_rule_mining:__call__:392 - |order-other                   |    5.83|order-other                                                 |0.171329|   34.00|0.240786|0.372624|      31|      65
2022-10-31 19:50:46.004 | DEBUG    | localization_association_rule_mining:__call__:392 - |config                        |    4.98|config                                                      |0.110565|   45.00|0.110565|1.000000|      45|       0
2022-10-31 19:50:46.004 | DEBUG    | localization_association_rule_mining:__call__:392 - |price                         |    4.03|price                                                       |0.100737|   40.00|0.100737|1.000000|      40|       0
2022-10-31 19:50:46.004 | DEBUG    | localization_association_rule_mining:__call__:392 - |basic                         |    3.30|basic                                                       |0.299754|   11.00|0.299754|1.000000|      95|     106
2022-10-31 19:50:46.004 | DEBUG    | localization_association_rule_mining:__call__:392 - |ticketinfo                    |    0.29|ticketinfo                                                  |0.292383|    1.00|0.292383|1.000000|      94|      95
2022-10-31 19:50:46.004 | DEBUG    | localization_association_rule_mining:__call__:392 - |travel-plan                   |   -1.00|                                                            |0.000000|    0.00|0.000000|0.000000|       0|       0
2022-10-31 19:50:46.004 | DEBUG    | localization_association_rule_mining:__call__:392 - |contacts                      |   -1.00|                                                            |0.000000|    0.00|0.000000|0.000000|       0|       0
2022-10-31 19:50:46.005 | DEBUG    | localization_association_rule_mining:__call__:392 - |consign                       |   -1.00|                                                            |0.000000|    0.00|0.000000|0.000000|       0|       0
2022-10-31 19:50:46.005 | DEBUG    | localization_association_rule_mining:__call__:392 - |security                      |   -1.00|                                                            |0.000000|    0.00|0.000000|0.000000|       0|       0
2022-10-31 19:50:46.005 | DEBUG    | localization_association_rule_mining:__call__:392 - |preserve-other                |   -1.00|                                                            |0.000000|    0.00|0.000000|0.000000|       0|       0
2022-10-31 19:50:46.005 | DEBUG    | localization_association_rule_mining:__call__:392 - |admin-order                   |   -1.00|                                                            |0.000000|    0.00|0.000000|0.000000|       0|       0
2022-10-31 19:50:46.005 | DEBUG    | localization_association_rule_mining:__call__:392 - |user                          |   -1.00|                                                            |0.000000|    0.00|0.000000|0.000000|       0|       0
2022-10-31 19:50:46.005 | DEBUG    | localization_association_rule_mining:__call__:392 - |notification                  |   -1.00|                                                            |0.000000|    0.00|0.000000|0.000000|       0|       0
2022-10-31 19:50:46.005 | DEBUG    | localization_association_rule_mining:__call__:392 - |inside-payment                |   -1.00|                                                            |0.000000|    0.00|0.000000|0.000000|       0|       0
2022-10-31 19:50:46.005 | DEBUG    | localization_association_rule_mining:__call__:392 - |preserve                      |   -1.00|                                                            |0.000000|    0.00|0.000000|0.000000|       0|       0
2022-10-31 19:50:46.005 | DEBUG    | localization_association_rule_mining:__call__:392 - |travel2                       |   -1.00|                                                            |0.000000|    0.00|0.000000|0.000000|       0|       0
2022-10-31 19:50:46.005 | DEBUG    | localization_association_rule_mining:__call__:392 - |assurance                     |   -1.00|                                                            |0.000000|    0.00|0.000000|0.000000|       0|       0
2022-10-31 19:50:46.005 | DEBUG    | localization_association_rule_mining:__call__:392 - |route-plan                    |   -1.00|                                                            |0.000000|    0.00|0.000000|0.000000|       0|       0
2022-10-31 19:50:46.005 | DEBUG    | localization_association_rule_mining:__call__:392 - |payment                       |   -1.00|                                                            |0.000000|    0.00|0.000000|0.000000|       0|       0
2022-10-31 19:50:46.005 | DEBUG    | localization_association_rule_mining:__call__:392 - |ts-ui-dashboard               |   -1.00|                                                            |0.000000|    0.00|0.000000|0.000000|       0|       0
