2022-11-03 23:34:07.169 | DEBUG    | localization_association_rule_mining:__call__:388 - |item                          |score   |pattern                                                     |ps      |ips     |p(a|b)  |p(b|a)  |in      |out     
2022-11-03 23:34:07.169 | DEBUG    | localization_association_rule_mining:__call__:392 - |travel                        |  127.80|travel                                                      |0.946667|  135.00|0.959459|0.986111|       0|     135
2022-11-03 23:34:07.169 | DEBUG    | localization_association_rule_mining:__call__:392 - |basic                         |   89.56|basic                                                       |0.932886|   96.00|0.939189|0.992857|     137|      41
2022-11-03 23:34:07.169 | DEBUG    | localization_association_rule_mining:__call__:392 - |station                       |   16.11|station                                                     |0.328859|   49.00|0.331081|0.980000|      49|       0
2022-11-03 23:34:07.170 | DEBUG    | localization_association_rule_mining:__call__:392 - |route-plan                    |    5.44|route-plan                                                  |0.388235|   14.00|0.445946|0.750000|       0|      14
2022-11-03 23:34:07.170 | DEBUG    | localization_association_rule_mining:__call__:392 - |ui-dashboard                  |    2.25|ui-dashboard                                                |0.562738|    4.00|1.000000|0.562738|       0|       4
2022-11-03 23:34:07.170 | DEBUG    | localization_association_rule_mining:__call__:392 - |travel-plan                   |    1.55|travel-plan                                                 |0.388235|    4.00|0.445946|0.750000|       0|       4
2022-11-03 23:34:07.170 | DEBUG    | localization_association_rule_mining:__call__:392 - |ticketinfo                    |    0.93|ticketinfo                                                  |0.932886|    1.00|0.939189|0.992857|     138|     137
2022-11-03 23:34:07.170 | DEBUG    | localization_association_rule_mining:__call__:392 - |seat                          |    0.27|seat                                                        |0.135135|    2.00|0.135135|1.000000|       4|       6
2022-11-03 23:34:07.170 | DEBUG    | localization_association_rule_mining:__call__:392 - |order                         |    0.00|order                                                       |0.154362|    0.00|0.155405|0.958333|       0|       0
2022-11-03 23:34:07.170 | DEBUG    | localization_association_rule_mining:__call__:392 - |train                         |    0.00|train                                                       |0.167785|    0.00|0.168919|0.961538|       0|       0
2022-11-03 23:34:07.170 | DEBUG    | localization_association_rule_mining:__call__:392 - |price                         |    0.00|price                                                       |0.167785|    0.00|0.168919|0.961538|       0|       0
2022-11-03 23:34:07.170 | DEBUG    | localization_association_rule_mining:__call__:392 - |route                         |    0.00|route                                                       |0.187919|    0.00|0.189189|0.965517|       0|       0
2022-11-03 23:34:07.170 | DEBUG    | localization_association_rule_mining:__call__:392 - |order-other                   |   -1.00|                                                            |0.000000|    0.00|0.000000|0.000000|       0|       0
2022-11-03 23:34:07.170 | DEBUG    | localization_association_rule_mining:__call__:392 - |food                          |   -1.00|                                                            |0.000000|    0.00|0.000000|0.000000|       0|       0
2022-11-03 23:34:07.170 | DEBUG    | localization_association_rule_mining:__call__:392 - |contacts                      |   -1.00|                                                            |0.000000|    0.00|0.000000|0.000000|       0|       0
2022-11-03 23:34:07.170 | DEBUG    | localization_association_rule_mining:__call__:392 - |assurance                     |   -1.00|                                                            |0.000000|    0.00|0.000000|0.000000|       0|       0
2022-11-03 23:34:07.170 | DEBUG    | localization_association_rule_mining:__call__:392 - |food-map                      |   -1.00|                                                            |0.000000|    0.00|0.000000|0.000000|       0|       0
2022-11-03 23:34:07.170 | DEBUG    | localization_association_rule_mining:__call__:392 - |auth                          |   -1.00|                                                            |0.000000|    0.00|0.000000|0.000000|       0|       0
2022-11-03 23:34:07.170 | DEBUG    | localization_association_rule_mining:__call__:392 - |verification-code             |   -1.00|                                                            |0.000000|    0.00|0.000000|0.000000|       0|       0
2022-11-03 23:34:07.170 | DEBUG    | localization_association_rule_mining:__call__:392 - |travel2                       |   -1.00|                                                            |0.000000|    0.00|0.000000|0.000000|       0|       0
2022-11-03 23:34:07.170 | DEBUG    | localization_association_rule_mining:__call__:392 - |config                        |   -1.00|                                                            |0.000000|    0.00|0.000000|0.000000|       0|       0
2022-11-03 23:34:07.171 | DEBUG    | localization_association_rule_mining:__call__:392 - |consign                       |   -1.00|                                                            |0.000000|    0.00|0.000000|0.000000|       0|       0
