2022-10-31 19:47:29.969 | DEBUG    | localization_association_rule_mining:__call__:388 - |item                          |score   |pattern                                                     |ps      |ips     |p(a|b)  |p(b|a)  |in      |out     
2022-10-31 19:47:29.969 | DEBUG    | localization_association_rule_mining:__call__:392 - |station                       |  136.61|station                                                     |0.515504|  265.00|0.608696|0.771014|     265|       0
2022-10-31 19:47:29.969 | DEBUG    | localization_association_rule_mining:__call__:392 - |route                         |   34.34|route                                                       |0.281465|  122.00|0.281465|1.000000|     122|       0
2022-10-31 19:47:29.969 | DEBUG    | localization_association_rule_mining:__call__:392 - |food                          |   26.48|food                                                        |0.284783|   93.00|0.299771|0.850649|      18|     111
2022-10-31 19:47:29.969 | DEBUG    | localization_association_rule_mining:__call__:392 - |order                         |   21.64|order                                                       |0.173130|  125.00|0.286041|0.304878|     125|       0
2022-10-31 19:47:29.969 | DEBUG    | localization_association_rule_mining:__call__:392 - |train                         |   19.79|train                                                       |0.212815|   93.00|0.212815|1.000000|      93|       0
2022-10-31 19:47:29.969 | DEBUG    | localization_association_rule_mining:__call__:392 - |food-map                      |   16.15|food-map                                                    |0.192220|   84.00|0.192220|1.000000|      84|       0
2022-10-31 19:47:29.969 | DEBUG    | localization_association_rule_mining:__call__:392 - |basic                         |    9.93|basic                                                       |0.283753|   35.00|0.283753|1.000000|      83|     118
2022-10-31 19:47:29.970 | DEBUG    | localization_association_rule_mining:__call__:392 - |cancel                        |    7.91|cancel                                                      |0.131868|   60.00|0.137300|0.769231|       0|      60
2022-10-31 19:47:29.970 | DEBUG    | localization_association_rule_mining:__call__:392 - |travel                        |    7.54|travel                                                      |0.418764|   18.00|0.418764|1.000000|     122|     140
2022-10-31 19:47:29.970 | DEBUG    | localization_association_rule_mining:__call__:392 - |seat                          |    7.09|seat                                                        |0.228833|   31.00|0.228833|1.000000|      54|      85
2022-10-31 19:47:29.970 | DEBUG    | localization_association_rule_mining:__call__:392 - |order-other                   |    6.45|order-other                                                 |0.201575|   32.00|0.292906|0.392638|      48|      80
2022-10-31 19:47:29.970 | DEBUG    | localization_association_rule_mining:__call__:392 - |config                        |    5.72|config                                                      |0.116705|   49.00|0.116705|1.000000|      49|       0
2022-10-31 19:47:29.970 | DEBUG    | localization_association_rule_mining:__call__:392 - |auth                          |    4.34|auth                                                        |0.096360|   45.00|0.102975|0.600000|       0|      45
2022-10-31 19:47:29.970 | DEBUG    | localization_association_rule_mining:__call__:392 - |verification-code             |    3.35|verification-code                                           |0.074380|   45.00|0.102975|0.211268|      45|       0
2022-10-31 19:47:29.970 | DEBUG    | localization_association_rule_mining:__call__:392 - |ticketinfo                    |    1.51|ticketinfo                                                  |0.251716|    6.00|0.251716|1.000000|      89|      83
2022-10-31 19:47:29.970 | DEBUG    | localization_association_rule_mining:__call__:392 - |consign                       |   -1.00|                                                            |0.000000|    0.00|0.000000|0.000000|       0|       0
2022-10-31 19:47:29.970 | DEBUG    | localization_association_rule_mining:__call__:392 - |travel-plan                   |   -1.00|                                                            |0.000000|    0.00|0.000000|0.000000|       0|       0
2022-10-31 19:47:29.970 | DEBUG    | localization_association_rule_mining:__call__:392 - |ts-ui-dashboard               |   -1.00|                                                            |0.000000|    0.00|0.000000|0.000000|       0|       0
2022-10-31 19:47:29.970 | DEBUG    | localization_association_rule_mining:__call__:392 - |travel2                       |   -1.00|                                                            |0.000000|    0.00|0.000000|0.000000|       0|       0
2022-10-31 19:47:29.970 | DEBUG    | localization_association_rule_mining:__call__:392 - |user                          |   -1.00|                                                            |0.000000|    0.00|0.000000|0.000000|       0|       0
2022-10-31 19:47:29.970 | DEBUG    | localization_association_rule_mining:__call__:392 - |admin-travel                  |   -1.00|                                                            |0.000000|    0.00|0.000000|0.000000|       0|       0
2022-10-31 19:47:29.970 | DEBUG    | localization_association_rule_mining:__call__:392 - |preserve                      |   -1.00|                                                            |0.000000|    0.00|0.000000|0.000000|       0|       0
2022-10-31 19:47:29.970 | DEBUG    | localization_association_rule_mining:__call__:392 - |inside-payment                |   -1.00|                                                            |0.000000|    0.00|0.000000|0.000000|       0|       0
2022-10-31 19:47:29.971 | DEBUG    | localization_association_rule_mining:__call__:392 - |payment                       |   -1.00|                                                            |0.000000|    0.00|0.000000|0.000000|       0|       0
2022-10-31 19:47:29.971 | DEBUG    | localization_association_rule_mining:__call__:392 - |assurance                     |   -1.00|                                                            |0.000000|    0.00|0.000000|0.000000|       0|       0
2022-10-31 19:47:29.971 | DEBUG    | localization_association_rule_mining:__call__:392 - |contacts                      |   -1.00|                                                            |0.000000|    0.00|0.000000|0.000000|       0|       0
2022-10-31 19:47:29.971 | DEBUG    | localization_association_rule_mining:__call__:392 - |preserve-other                |   -1.00|                                                            |0.000000|    0.00|0.000000|0.000000|       0|       0
2022-10-31 19:47:29.971 | DEBUG    | localization_association_rule_mining:__call__:392 - |admin-order                   |   -1.00|                                                            |0.000000|    0.00|0.000000|0.000000|       0|       0
2022-10-31 19:47:29.971 | DEBUG    | localization_association_rule_mining:__call__:392 - |price                         |   -1.00|                                                            |0.000000|    0.00|0.000000|0.000000|       0|       0
2022-10-31 19:47:29.971 | DEBUG    | localization_association_rule_mining:__call__:392 - |notification                  |   -1.00|                                                            |0.000000|    0.00|0.000000|0.000000|       0|       0
2022-10-31 19:47:29.971 | DEBUG    | localization_association_rule_mining:__call__:392 - |route-plan                    |   -1.00|                                                            |0.000000|    0.00|0.000000|0.000000|       0|       0
2022-10-31 19:47:29.971 | DEBUG    | localization_association_rule_mining:__call__:392 - |security                      |   -1.00|                                                            |0.000000|    0.00|0.000000|0.000000|       0|       0
