2022-10-21 02:12:47.696 | DEBUG    | localization_association_rule_mining:__call__:388 - |item                          |score   |pattern                                                     |ps      |ips     |p(a|b)  |p(b|a)  |in      |out     
2022-10-21 02:12:47.696 | DEBUG    | localization_association_rule_mining:__call__:392 - |inside-payment                |   32.00|inside-payment                                              |1.000000|   32.00|1.000000|1.000000|      32|       0
2022-10-21 02:12:47.696 | DEBUG    | localization_association_rule_mining:__call__:392 - |assurance                     |   -1.00|                                                            |0.000000|    0.00|0.000000|0.000000|       0|       0
2022-10-21 02:12:47.696 | DEBUG    | localization_association_rule_mining:__call__:392 - |basic                         |   -1.00|                                                            |0.000000|    0.00|0.000000|0.000000|       0|       0
2022-10-21 02:12:47.697 | DEBUG    | localization_association_rule_mining:__call__:392 - |ticketinfo                    |   -1.00|                                                            |0.000000|    0.00|0.000000|0.000000|       0|       0
2022-10-21 02:12:47.697 | DEBUG    | localization_association_rule_mining:__call__:392 - |ts-ui-dashboard               |   -1.00|                                                            |0.000000|    0.00|0.000000|0.000000|       0|       0
2022-10-21 02:12:47.697 | DEBUG    | localization_association_rule_mining:__call__:392 - |security                      |   -1.00|                                                            |0.000000|    0.00|0.000000|0.000000|       0|       0
2022-10-21 02:12:47.697 | DEBUG    | localization_association_rule_mining:__call__:392 - |config                        |   -1.00|                                                            |0.000000|    0.00|0.000000|0.000000|       0|       0
2022-10-21 02:12:47.697 | DEBUG    | localization_association_rule_mining:__call__:392 - |route                         |   -1.00|                                                            |0.000000|    0.00|0.000000|0.000000|       0|       0
2022-10-21 02:12:47.697 | DEBUG    | localization_association_rule_mining:__call__:392 - |train                         |   -1.00|                                                            |0.000000|    0.00|0.000000|0.000000|       0|       0
2022-10-21 02:12:47.697 | DEBUG    | localization_association_rule_mining:__call__:392 - |price                         |   -1.00|                                                            |0.000000|    0.00|0.000000|0.000000|       0|       0
2022-10-21 02:12:47.697 | DEBUG    | localization_association_rule_mining:__call__:392 - |station                       |   -1.00|                                                            |0.000000|    0.00|0.000000|0.000000|       0|       0
2022-10-21 02:12:47.697 | DEBUG    | localization_association_rule_mining:__call__:392 - |order                         |   -1.00|                                                            |0.000000|    0.00|0.000000|0.000000|       0|       0
2022-10-21 02:12:47.697 | DEBUG    | localization_association_rule_mining:__call__:392 - |notification                  |   -1.00|                                                            |0.000000|    0.00|0.000000|0.000000|       0|       0
2022-10-21 02:12:47.697 | DEBUG    | localization_association_rule_mining:__call__:392 - |consign                       |   -1.00|                                                            |0.000000|    0.00|0.000000|0.000000|       0|       0
2022-10-21 02:12:47.697 | DEBUG    | localization_association_rule_mining:__call__:392 - |user                          |   -1.00|                                                            |0.000000|    0.00|0.000000|0.000000|       0|       0
2022-10-21 02:12:47.697 | DEBUG    | localization_association_rule_mining:__call__:392 - |travel                        |   -1.00|                                                            |0.000000|    0.00|0.000000|0.000000|       0|       0
2022-10-21 02:12:47.697 | DEBUG    | localization_association_rule_mining:__call__:392 - |preserve                      |   -1.00|                                                            |0.000000|    0.00|0.000000|0.000000|       0|       0
2022-10-21 02:12:47.697 | DEBUG    | localization_association_rule_mining:__call__:392 - |food-map                      |   -1.00|                                                            |0.000000|    0.00|0.000000|0.000000|       0|       0
2022-10-21 02:12:47.697 | DEBUG    | localization_association_rule_mining:__call__:392 - |verification-code             |   -1.00|                                                            |0.000000|    0.00|0.000000|0.000000|       0|       0
2022-10-21 02:12:47.697 | DEBUG    | localization_association_rule_mining:__call__:392 - |food                          |   -1.00|                                                            |0.000000|    0.00|0.000000|0.000000|       0|       0
2022-10-21 02:12:47.698 | DEBUG    | localization_association_rule_mining:__call__:392 - |seat                          |   -1.00|                                                            |0.000000|    0.00|0.000000|0.000000|       0|       0
2022-10-21 02:12:47.698 | DEBUG    | localization_association_rule_mining:__call__:392 - |auth                          |   -1.00|                                                            |0.000000|    0.00|0.000000|0.000000|       0|       0
2022-10-21 02:12:47.698 | DEBUG    | localization_association_rule_mining:__call__:392 - |order-other                   |   -1.00|                                                            |0.000000|    0.00|0.000000|0.000000|       0|       0
2022-10-21 02:12:47.698 | DEBUG    | localization_association_rule_mining:__call__:392 - |contacts                      |   -1.00|                                                            |0.000000|    0.00|0.000000|0.000000|       0|       0
