2022-10-27 23:57:49.350 | DEBUG    | localization_association_rule_mining:__call__:388 - |item                          |score   |pattern                                                     |ps      |ips     |p(a|b)  |p(b|a)  |in      |out     
2022-10-27 23:57:49.350 | DEBUG    | localization_association_rule_mining:__call__:392 - |ticketinfo                    |   21.18|ticketinfo                                                  |0.882353|   24.00|0.882353|1.000000|       6|      30
2022-10-27 23:57:49.350 | DEBUG    | localization_association_rule_mining:__call__:392 - |train                         |   13.59|train                                                       |0.647059|   21.00|0.647059|1.000000|      21|       0
2022-10-27 23:57:49.350 | DEBUG    | localization_association_rule_mining:__call__:392 - |basic                         |    8.61|basic                                                       |0.861111|   10.00|0.911765|0.939394|      30|      20
2022-10-27 23:57:49.351 | DEBUG    | localization_association_rule_mining:__call__:392 - |travel                        |    2.27|travel                                                      |0.325000|    7.00|0.382353|0.684211|      10|       3
2022-10-27 23:57:49.351 | DEBUG    | localization_association_rule_mining:__call__:392 - |seat                          |    1.24|seat                                                        |0.205882|    6.00|0.205882|1.000000|       6|       0
2022-10-27 23:57:49.351 | DEBUG    | localization_association_rule_mining:__call__:392 - |travel-plan                   |    0.44|travel-plan                                                 |0.147059|    3.00|0.147059|1.000000|       0|       3
2022-10-27 23:57:49.351 | DEBUG    | localization_association_rule_mining:__call__:392 - |station                       |    0.00|station                                                     |0.269565|    0.00|0.911765|0.276786|       0|       0
2022-10-27 23:57:49.351 | DEBUG    | localization_association_rule_mining:__call__:392 - |route                         |    0.00|route                                                       |0.617647|    0.00|0.617647|1.000000|       0|       0
2022-10-27 23:57:49.351 | DEBUG    | localization_association_rule_mining:__call__:392 - |price                         |    0.00|price                                                       |0.588235|    0.00|0.588235|1.000000|       0|       0
2022-10-27 23:57:49.351 | DEBUG    | localization_association_rule_mining:__call__:392 - |notification                  |   -1.00|                                                            |0.000000|    0.00|0.000000|0.000000|       0|       0
2022-10-27 23:57:49.351 | DEBUG    | localization_association_rule_mining:__call__:392 - |payment                       |   -1.00|                                                            |0.000000|    0.00|0.000000|0.000000|       0|       0
2022-10-27 23:57:49.351 | DEBUG    | localization_association_rule_mining:__call__:392 - |inside-payment                |   -1.00|                                                            |0.000000|    0.00|0.000000|0.000000|       0|       0
2022-10-27 23:57:49.351 | DEBUG    | localization_association_rule_mining:__call__:392 - |food                          |   -1.00|                                                            |0.000000|    0.00|0.000000|0.000000|       0|       0
2022-10-27 23:57:49.351 | DEBUG    | localization_association_rule_mining:__call__:392 - |security                      |   -1.00|                                                            |0.000000|    0.00|0.000000|0.000000|       0|       0
2022-10-27 23:57:49.351 | DEBUG    | localization_association_rule_mining:__call__:392 - |order                         |   -1.00|                                                            |0.000000|    0.00|0.000000|0.000000|       0|       0
2022-10-27 23:57:49.351 | DEBUG    | localization_association_rule_mining:__call__:392 - |route-plan                    |   -1.00|                                                            |0.000000|    0.00|0.000000|0.000000|       0|       0
2022-10-27 23:57:49.351 | DEBUG    | localization_association_rule_mining:__call__:392 - |auth                          |   -1.00|                                                            |0.000000|    0.00|0.000000|0.000000|       0|       0
2022-10-27 23:57:49.351 | DEBUG    | localization_association_rule_mining:__call__:392 - |travel2                       |   -1.00|                                                            |0.000000|    0.00|0.000000|0.000000|       0|       0
2022-10-27 23:57:49.351 | DEBUG    | localization_association_rule_mining:__call__:392 - |preserve                      |   -1.00|                                                            |0.000000|    0.00|0.000000|0.000000|       0|       0
2022-10-27 23:57:49.351 | DEBUG    | localization_association_rule_mining:__call__:392 - |contacts                      |   -1.00|                                                            |0.000000|    0.00|0.000000|0.000000|       0|       0
2022-10-27 23:57:49.351 | DEBUG    | localization_association_rule_mining:__call__:392 - |ts-ui-dashboard               |   -1.00|                                                            |0.000000|    0.00|0.000000|0.000000|       0|       0
2022-10-27 23:57:49.352 | DEBUG    | localization_association_rule_mining:__call__:392 - |food-map                      |   -1.00|                                                            |0.000000|    0.00|0.000000|0.000000|       0|       0
2022-10-27 23:57:49.352 | DEBUG    | localization_association_rule_mining:__call__:392 - |order-other                   |   -1.00|                                                            |0.000000|    0.00|0.000000|0.000000|       0|       0
2022-10-27 23:57:49.352 | DEBUG    | localization_association_rule_mining:__call__:392 - |verification-code             |   -1.00|                                                            |0.000000|    0.00|0.000000|0.000000|       0|       0
2022-10-27 23:57:49.352 | DEBUG    | localization_association_rule_mining:__call__:392 - |cancel                        |   -1.00|                                                            |0.000000|    0.00|0.000000|0.000000|       0|       0
2022-10-27 23:57:49.352 | DEBUG    | localization_association_rule_mining:__call__:392 - |consign                       |   -1.00|                                                            |0.000000|    0.00|0.000000|0.000000|       0|       0
2022-10-27 23:57:49.352 | DEBUG    | localization_association_rule_mining:__call__:392 - |admin-order                   |   -1.00|                                                            |0.000000|    0.00|0.000000|0.000000|       0|       0
2022-10-27 23:57:49.352 | DEBUG    | localization_association_rule_mining:__call__:392 - |user                          |   -1.00|                                                            |0.000000|    0.00|0.000000|0.000000|       0|       0
2022-10-27 23:57:49.352 | DEBUG    | localization_association_rule_mining:__call__:392 - |assurance                     |   -1.00|                                                            |0.000000|    0.00|0.000000|0.000000|       0|       0
