2022-11-08 18:44:14.664 | DEBUG    | localization_association_rule_mining:__call__:390 - |item                          |score   |pattern                                                     |ps      |ips     |p(a|b)  |p(b|a)  |in      |out     
2022-11-08 18:44:14.664 | DEBUG    | localization_association_rule_mining:__call__:394 - |route                         |   39.70|route                                                       |0.708861|   56.00|0.708861|1.000000|      56|       0
2022-11-08 18:44:14.664 | DEBUG    | localization_association_rule_mining:__call__:394 - |travel                        |   15.57|travel                                                      |0.648936|   24.00|0.772152|0.802632|      27|      51
2022-11-08 18:44:14.664 | DEBUG    | localization_association_rule_mining:__call__:394 - |basic                         |    8.92|basic                                                       |0.594937|   15.00|0.594937|1.000000|      37|      22
2022-11-08 18:44:14.664 | DEBUG    | localization_association_rule_mining:__call__:394 - |train                         |    8.51|train                                                       |0.405063|   21.00|0.405063|1.000000|      21|       0
2022-11-08 18:44:14.664 | DEBUG    | localization_association_rule_mining:__call__:394 - |seat                          |    7.70|seat                                                        |0.481013|   16.00|0.481013|1.000000|      13|      29
2022-11-08 18:44:14.664 | DEBUG    | localization_association_rule_mining:__call__:394 - |user                          |    6.13|user                                                        |0.278481|   22.00|0.278481|1.000000|      22|       0
2022-11-08 18:44:14.664 | DEBUG    | localization_association_rule_mining:__call__:394 - |preserve                      |    3.78|preserve                                                    |0.291139|   13.00|0.291139|1.000000|       0|      13
2022-11-08 18:44:14.664 | DEBUG    | localization_association_rule_mining:__call__:394 - |ticketinfo                    |    1.14|ticketinfo                                                  |0.569620|    2.00|0.569620|1.000000|      35|      37
2022-11-08 18:44:14.665 | DEBUG    | localization_association_rule_mining:__call__:394 - |order                         |    1.09|order                                                       |0.136691|    8.00|0.481013|0.160338|       8|       0
2022-11-08 18:44:14.665 | DEBUG    | localization_association_rule_mining:__call__:394 - |travel2                       |    0.34|travel2                                                     |0.113924|    3.00|0.113924|1.000000|       5|       8
2022-11-08 18:44:14.665 | DEBUG    | localization_association_rule_mining:__call__:394 - |notification                  |    0.00|notification                                                |0.211765|    0.00|0.227848|0.750000|       0|       0
2022-11-08 18:44:14.665 | DEBUG    | localization_association_rule_mining:__call__:394 - |config                        |    0.00|config                                                      |0.202532|    0.00|0.202532|1.000000|       0|       0
2022-11-08 18:44:14.665 | DEBUG    | localization_association_rule_mining:__call__:394 - |food                          |    0.00|food                                                        |0.219697|    0.00|0.367089|0.353659|       0|       0
2022-11-08 18:44:14.665 | DEBUG    | localization_association_rule_mining:__call__:394 - |security                      |    0.00|security                                                    |0.151899|    0.00|0.151899|1.000000|       0|       0
2022-11-08 18:44:14.665 | DEBUG    | localization_association_rule_mining:__call__:394 - |price                         |    0.00|price                                                       |0.215190|    0.00|0.215190|1.000000|       0|       0
2022-11-08 18:44:14.665 | DEBUG    | localization_association_rule_mining:__call__:394 - |station                       |    0.00|station                                                     |0.275132|    0.00|0.658228|0.320988|       0|       0
2022-11-08 18:44:14.665 | DEBUG    | localization_association_rule_mining:__call__:394 - |consign                       |   -1.00|                                                            |0.000000|    0.00|0.000000|0.000000|       0|       0
2022-11-08 18:44:14.665 | DEBUG    | localization_association_rule_mining:__call__:394 - |admin-order                   |   -1.00|                                                            |0.000000|    0.00|0.000000|0.000000|       0|       0
2022-11-08 18:44:14.665 | DEBUG    | localization_association_rule_mining:__call__:394 - |auth                          |   -1.00|                                                            |0.000000|    0.00|0.000000|0.000000|       0|       0
2022-11-08 18:44:14.665 | DEBUG    | localization_association_rule_mining:__call__:394 - |travel-plan                   |   -1.00|                                                            |0.000000|    0.00|0.000000|0.000000|       0|       0
2022-11-08 18:44:14.665 | DEBUG    | localization_association_rule_mining:__call__:394 - |preserve-other                |   -1.00|                                                            |0.000000|    0.00|0.000000|0.000000|       0|       0
2022-11-08 18:44:14.665 | DEBUG    | localization_association_rule_mining:__call__:394 - |assurance                     |   -1.00|                                                            |0.000000|    0.00|0.000000|0.000000|       0|       0
2022-11-08 18:44:14.665 | DEBUG    | localization_association_rule_mining:__call__:394 - |contacts                      |   -1.00|                                                            |0.000000|    0.00|0.000000|0.000000|       0|       0
2022-11-08 18:44:14.665 | DEBUG    | localization_association_rule_mining:__call__:394 - |route-plan                    |   -1.00|                                                            |0.000000|    0.00|0.000000|0.000000|       0|       0
2022-11-08 18:44:14.665 | DEBUG    | localization_association_rule_mining:__call__:394 - |order-other                   |   -1.00|                                                            |0.000000|    0.00|0.000000|0.000000|       0|       0
2022-11-08 18:44:14.665 | DEBUG    | localization_association_rule_mining:__call__:394 - |verification-code             |   -1.00|                                                            |0.000000|    0.00|0.000000|0.000000|       0|       0
2022-11-08 18:44:14.666 | DEBUG    | localization_association_rule_mining:__call__:394 - |cancel                        |   -1.00|                                                            |0.000000|    0.00|0.000000|0.000000|       0|       0
2022-11-08 18:44:14.666 | DEBUG    | localization_association_rule_mining:__call__:394 - |food-map                      |   -1.00|                                                            |0.000000|    0.00|0.000000|0.000000|       0|       0
2022-11-08 18:44:14.666 | DEBUG    | localization_association_rule_mining:__call__:394 - |payment                       |   -1.00|                                                            |0.000000|    0.00|0.000000|0.000000|       0|       0
2022-11-08 18:44:14.666 | DEBUG    | localization_association_rule_mining:__call__:394 - |ts-ui-dashboard               |   -1.00|                                                            |0.000000|    0.00|0.000000|0.000000|       0|       0
2022-11-08 18:44:14.666 | DEBUG    | localization_association_rule_mining:__call__:394 - |inside-payment                |   -1.00|                                                            |0.000000|    0.00|0.000000|0.000000|       0|       0
