2022-10-31 19:47:17.240 | DEBUG    | localization_association_rule_mining:__call__:388 - |item                          |score   |pattern                                                     |ps      |ips     |p(a|b)  |p(b|a)  |in      |out     
2022-10-31 19:47:17.241 | DEBUG    | localization_association_rule_mining:__call__:392 - |station                       |   90.69|station                                                     |0.524242|  173.00|0.629091|0.758772|     173|       0
2022-10-31 19:47:17.241 | DEBUG    | localization_association_rule_mining:__call__:392 - |route                         |   47.92|route                                                       |0.416667|  115.00|0.418182|0.991379|     115|       0
2022-10-31 19:47:17.241 | DEBUG    | localization_association_rule_mining:__call__:392 - |order                         |   21.64|order                                                       |0.243169|   89.00|0.323636|0.494444|      89|       0
2022-10-31 19:47:17.241 | DEBUG    | localization_association_rule_mining:__call__:392 - |train                         |   20.18|train                                                       |0.272727|   74.00|0.272727|1.000000|      74|       0
2022-10-31 19:47:17.241 | DEBUG    | localization_association_rule_mining:__call__:392 - |food                          |   16.76|food                                                        |0.328720|   51.00|0.345455|0.871560|      17|      68
2022-10-31 19:47:17.241 | DEBUG    | localization_association_rule_mining:__call__:392 - |travel                        |   15.16|travel                                                      |0.505415|   30.00|0.509091|0.985915|      95|     125
2022-10-31 19:47:17.241 | DEBUG    | localization_association_rule_mining:__call__:392 - |food-map                      |    9.64|food-map                                                    |0.189091|   51.00|0.189091|1.000000|      51|       0
2022-10-31 19:47:17.241 | DEBUG    | localization_association_rule_mining:__call__:392 - |seat                          |    8.51|seat                                                        |0.283636|   30.00|0.283636|1.000000|      47|      77
2022-10-31 19:47:17.241 | DEBUG    | localization_association_rule_mining:__call__:392 - |config                        |    6.88|config                                                      |0.160000|   43.00|0.160000|1.000000|      43|       0
2022-10-31 19:47:17.241 | DEBUG    | localization_association_rule_mining:__call__:392 - |price                         |    6.11|price                                                       |0.149091|   41.00|0.149091|1.000000|      41|       0
2022-10-31 19:47:17.241 | DEBUG    | localization_association_rule_mining:__call__:392 - |preserve                      |    4.97|preserve                                                    |0.138182|   36.00|0.138182|1.000000|       0|      36
2022-10-31 19:47:17.242 | DEBUG    | localization_association_rule_mining:__call__:392 - |basic                         |    2.88|basic                                                       |0.320000|    9.00|0.320000|1.000000|      74|      83
2022-10-31 19:47:17.242 | DEBUG    | localization_association_rule_mining:__call__:392 - |order-other                   |    1.11|order-other                                                 |0.276398|    4.00|0.323636|0.654412|      42|      46
2022-10-31 19:47:17.242 | DEBUG    | localization_association_rule_mining:__call__:392 - |ticketinfo                    |    0.89|ticketinfo                                                  |0.298182|    3.00|0.298182|1.000000|      71|      74
2022-10-31 19:47:17.242 | DEBUG    | localization_association_rule_mining:__call__:392 - |security                      |    0.56|security                                                    |0.112727|    5.00|0.112727|1.000000|      19|      24
2022-10-31 19:47:17.242 | DEBUG    | localization_association_rule_mining:__call__:392 - |admin-order                   |   -1.00|                                                            |0.000000|    0.00|0.000000|0.000000|       0|       0
2022-10-31 19:47:17.242 | DEBUG    | localization_association_rule_mining:__call__:392 - |ts-ui-dashboard               |   -1.00|                                                            |0.000000|    0.00|0.000000|0.000000|       0|       0
2022-10-31 19:47:17.242 | DEBUG    | localization_association_rule_mining:__call__:392 - |payment                       |   -1.00|                                                            |0.000000|    0.00|0.000000|0.000000|       0|       0
2022-10-31 19:47:17.242 | DEBUG    | localization_association_rule_mining:__call__:392 - |travel-plan                   |   -1.00|                                                            |0.000000|    0.00|0.000000|0.000000|       0|       0
2022-10-31 19:47:17.242 | DEBUG    | localization_association_rule_mining:__call__:392 - |notification                  |   -1.00|                                                            |0.000000|    0.00|0.000000|0.000000|       0|       0
2022-10-31 19:47:17.242 | DEBUG    | localization_association_rule_mining:__call__:392 - |inside-payment                |   -1.00|                                                            |0.000000|    0.00|0.000000|0.000000|       0|       0
2022-10-31 19:47:17.242 | DEBUG    | localization_association_rule_mining:__call__:392 - |travel2                       |   -1.00|                                                            |0.000000|    0.00|0.000000|0.000000|       0|       0
2022-10-31 19:47:17.242 | DEBUG    | localization_association_rule_mining:__call__:392 - |route-plan                    |   -1.00|                                                            |0.000000|    0.00|0.000000|0.000000|       0|       0
2022-10-31 19:47:17.242 | DEBUG    | localization_association_rule_mining:__call__:392 - |cancel                        |   -1.00|                                                            |0.000000|    0.00|0.000000|0.000000|       0|       0
2022-10-31 19:47:17.242 | DEBUG    | localization_association_rule_mining:__call__:392 - |admin-basic-info              |   -1.00|                                                            |0.000000|    0.00|0.000000|0.000000|       0|       0
2022-10-31 19:47:17.242 | DEBUG    | localization_association_rule_mining:__call__:392 - |consign                       |   -1.00|                                                            |0.000000|    0.00|0.000000|0.000000|       0|       0
2022-10-31 19:47:17.242 | DEBUG    | localization_association_rule_mining:__call__:392 - |contacts                      |   -1.00|                                                            |0.000000|    0.00|0.000000|0.000000|       0|       0
2022-10-31 19:47:17.242 | DEBUG    | localization_association_rule_mining:__call__:392 - |user                          |   -1.00|                                                            |0.000000|    0.00|0.000000|0.000000|       0|       0
2022-10-31 19:47:17.242 | DEBUG    | localization_association_rule_mining:__call__:392 - |assurance                     |   -1.00|                                                            |0.000000|    0.00|0.000000|0.000000|       0|       0
2022-10-31 19:47:17.243 | DEBUG    | localization_association_rule_mining:__call__:392 - |verification-code             |   -1.00|                                                            |0.000000|    0.00|0.000000|0.000000|       0|       0
2022-10-31 19:47:17.243 | DEBUG    | localization_association_rule_mining:__call__:392 - |admin-user                    |   -1.00|                                                            |0.000000|    0.00|0.000000|0.000000|       0|       0
2022-10-31 19:47:17.243 | DEBUG    | localization_association_rule_mining:__call__:392 - |preserve-other                |   -1.00|                                                            |0.000000|    0.00|0.000000|0.000000|       0|       0
2022-10-31 19:47:17.243 | DEBUG    | localization_association_rule_mining:__call__:392 - |auth                          |   -1.00|                                                            |0.000000|    0.00|0.000000|0.000000|       0|       0
