2022-10-31 19:46:31.803 | DEBUG    | localization_association_rule_mining:__call__:388 - |item                          |score   |pattern                                                     |ps      |ips     |p(a|b)  |p(b|a)  |in      |out     
2022-10-31 19:46:31.803 | DEBUG    | localization_association_rule_mining:__call__:392 - |station                       |  202.43|station                                                     |0.541245|  374.00|0.631757|0.790698|     374|       0
2022-10-31 19:46:31.803 | DEBUG    | localization_association_rule_mining:__call__:392 - |route                         |   53.82|route                                                       |0.302365|  178.00|0.302365|1.000000|     178|       0
2022-10-31 19:46:31.803 | DEBUG    | localization_association_rule_mining:__call__:392 - |order                         |   42.97|order                                                       |0.219239|  196.00|0.331081|0.393574|     196|       0
2022-10-31 19:46:31.803 | DEBUG    | localization_association_rule_mining:__call__:392 - |train                         |   26.39|train                                                       |0.211149|  125.00|0.211149|1.000000|     125|       0
2022-10-31 19:46:31.803 | DEBUG    | localization_association_rule_mining:__call__:392 - |food                          |   23.45|food                                                        |0.260586|   90.00|0.270270|0.879121|      32|     122
2022-10-31 19:46:31.803 | DEBUG    | localization_association_rule_mining:__call__:392 - |order-other                   |   19.66|order-other                                                 |0.262136|   75.00|0.319257|0.594340|      57|     132
2022-10-31 19:46:31.804 | DEBUG    | localization_association_rule_mining:__call__:392 - |food-map                      |   13.21|food-map                                                    |0.150084|   88.00|0.150338|0.988889|      88|       0
2022-10-31 19:46:31.804 | DEBUG    | localization_association_rule_mining:__call__:392 - |travel                        |   12.50|travel                                                      |0.462963|   27.00|0.464527|0.992780|     176|     203
2022-10-31 19:46:31.804 | DEBUG    | localization_association_rule_mining:__call__:392 - |preserve                      |    9.71|preserve                                                    |0.136824|   71.00|0.136824|1.000000|       0|      71
2022-10-31 19:46:31.804 | DEBUG    | localization_association_rule_mining:__call__:392 - |seat                          |    9.06|seat                                                        |0.251689|   36.00|0.251689|1.000000|      93|     129
2022-10-31 19:46:31.804 | DEBUG    | localization_association_rule_mining:__call__:392 - |cancel                        |    8.89|cancel                                                      |0.120130|   74.00|0.125000|0.755102|       0|      74
2022-10-31 19:46:31.804 | DEBUG    | localization_association_rule_mining:__call__:392 - |config                        |    8.50|config                                                      |0.119730|   71.00|0.119932|0.986111|      71|       0
2022-10-31 19:46:31.804 | DEBUG    | localization_association_rule_mining:__call__:392 - |price                         |    8.16|price                                                       |0.118243|   69.00|0.118243|1.000000|      69|       0
2022-10-31 19:46:31.804 | DEBUG    | localization_association_rule_mining:__call__:392 - |basic                         |    7.27|basic                                                       |0.315878|   23.00|0.315878|1.000000|     147|     170
2022-10-31 19:46:31.804 | DEBUG    | localization_association_rule_mining:__call__:392 - |ticketinfo                    |    3.27|ticketinfo                                                  |0.297297|   11.00|0.297297|1.000000|     136|     147
2022-10-31 19:46:31.804 | DEBUG    | localization_association_rule_mining:__call__:392 - |ts-ui-dashboard               |   -1.00|                                                            |0.000000|    0.00|0.000000|0.000000|       0|       0
2022-10-31 19:46:31.804 | DEBUG    | localization_association_rule_mining:__call__:392 - |payment                       |   -1.00|                                                            |0.000000|    0.00|0.000000|0.000000|       0|       0
2022-10-31 19:46:31.804 | DEBUG    | localization_association_rule_mining:__call__:392 - |user                          |   -1.00|                                                            |0.000000|    0.00|0.000000|0.000000|       0|       0
2022-10-31 19:46:31.804 | DEBUG    | localization_association_rule_mining:__call__:392 - |verification-code             |   -1.00|                                                            |0.000000|    0.00|0.000000|0.000000|       0|       0
2022-10-31 19:46:31.804 | DEBUG    | localization_association_rule_mining:__call__:392 - |preserve-other                |   -1.00|                                                            |0.000000|    0.00|0.000000|0.000000|       0|       0
2022-10-31 19:46:31.804 | DEBUG    | localization_association_rule_mining:__call__:392 - |admin-order                   |   -1.00|                                                            |0.000000|    0.00|0.000000|0.000000|       0|       0
2022-10-31 19:46:31.804 | DEBUG    | localization_association_rule_mining:__call__:392 - |travel2                       |   -1.00|                                                            |0.000000|    0.00|0.000000|0.000000|       0|       0
2022-10-31 19:46:31.805 | DEBUG    | localization_association_rule_mining:__call__:392 - |auth                          |   -1.00|                                                            |0.000000|    0.00|0.000000|0.000000|       0|       0
2022-10-31 19:46:31.805 | DEBUG    | localization_association_rule_mining:__call__:392 - |consign                       |   -1.00|                                                            |0.000000|    0.00|0.000000|0.000000|       0|       0
2022-10-31 19:46:31.805 | DEBUG    | localization_association_rule_mining:__call__:392 - |contacts                      |   -1.00|                                                            |0.000000|    0.00|0.000000|0.000000|       0|       0
2022-10-31 19:46:31.805 | DEBUG    | localization_association_rule_mining:__call__:392 - |assurance                     |   -1.00|                                                            |0.000000|    0.00|0.000000|0.000000|       0|       0
2022-10-31 19:46:31.805 | DEBUG    | localization_association_rule_mining:__call__:392 - |security                      |   -1.00|                                                            |0.000000|    0.00|0.000000|0.000000|       0|       0
2022-10-31 19:46:31.805 | DEBUG    | localization_association_rule_mining:__call__:392 - |notification                  |   -1.00|                                                            |0.000000|    0.00|0.000000|0.000000|       0|       0
2022-10-31 19:46:31.805 | DEBUG    | localization_association_rule_mining:__call__:392 - |admin-basic-info              |   -1.00|                                                            |0.000000|    0.00|0.000000|0.000000|       0|       0
2022-10-31 19:46:31.805 | DEBUG    | localization_association_rule_mining:__call__:392 - |route-plan                    |   -1.00|                                                            |0.000000|    0.00|0.000000|0.000000|       0|       0
2022-10-31 19:46:31.805 | DEBUG    | localization_association_rule_mining:__call__:392 - |inside-payment                |   -1.00|                                                            |0.000000|    0.00|0.000000|0.000000|       0|       0
2022-10-31 19:46:31.805 | DEBUG    | localization_association_rule_mining:__call__:392 - |travel-plan                   |   -1.00|                                                            |0.000000|    0.00|0.000000|0.000000|       0|       0
