2022-10-28 00:02:21.868 | DEBUG    | localization_association_rule_mining:__call__:388 - |item                          |score   |pattern                                                     |ps      |ips     |p(a|b)  |p(b|a)  |in      |out     
2022-10-28 00:02:21.868 | DEBUG    | localization_association_rule_mining:__call__:392 - |inside-payment                |   10.04|inside-payment                                              |0.286885|   35.00|0.309735|0.795455|      35|       0
2022-10-28 00:02:21.869 | DEBUG    | localization_association_rule_mining:__call__:392 - |ts-ui-dashboard               |    5.17|ts-ui-dashboard                                             |0.147679|   35.00|0.309735|0.220126|      35|       0
2022-10-28 00:02:21.869 | DEBUG    | localization_association_rule_mining:__call__:392 - |food                          |    2.32|food                                                        |0.165829|   14.00|0.292035|0.277311|      26|      12
2022-10-28 00:02:21.869 | DEBUG    | localization_association_rule_mining:__call__:392 - |cancel                        |    1.91|cancel                                                      |0.112583|   17.00|0.150442|0.309091|       0|      17
2022-10-28 00:02:21.869 | DEBUG    | localization_association_rule_mining:__call__:392 - |food-map                      |    1.73|food-map                                                    |0.143791|   12.00|0.194690|0.354839|      12|       0
2022-10-28 00:02:21.869 | DEBUG    | localization_association_rule_mining:__call__:392 - |station                       |    0.35|station                                                     |0.058376|    6.00|0.203540|0.075658|       6|       0
2022-10-28 00:02:21.869 | DEBUG    | localization_association_rule_mining:__call__:392 - |order                         |    0.09|order                                                       |0.090278|    1.00|0.345133|0.108939|       1|       0
2022-10-28 00:02:21.869 | DEBUG    | localization_association_rule_mining:__call__:392 - |user                          |    0.00|user                                                        |0.098592|    0.00|0.123894|0.325581|       0|       0
2022-10-28 00:02:21.869 | DEBUG    | localization_association_rule_mining:__call__:392 - |notification                  |    0.00|notification                                                |0.105634|    0.00|0.132743|0.340909|       0|       0
2022-10-28 00:02:21.869 | DEBUG    | localization_association_rule_mining:__call__:392 - |travel                        |    0.00|travel                                                      |0.098765|    0.00|0.212389|0.155844|       0|       0
2022-10-28 00:02:21.869 | DEBUG    | localization_association_rule_mining:__call__:392 - |payment                       |    0.00|payment                                                     |0.126050|    0.00|0.132743|0.714286|       0|       0
2022-10-28 00:02:21.869 | DEBUG    | localization_association_rule_mining:__call__:392 - |route                         |    0.00|route                                                       |0.079070|    0.00|0.150442|0.142857|       0|       0
2022-10-28 00:02:21.869 | DEBUG    | localization_association_rule_mining:__call__:392 - |consign                       |   -1.00|                                                            |0.000000|    0.00|0.000000|0.000000|       0|       0
2022-10-28 00:02:21.869 | DEBUG    | localization_association_rule_mining:__call__:392 - |price                         |   -1.00|                                                            |0.000000|    0.00|0.000000|0.000000|       0|       0
2022-10-28 00:02:21.869 | DEBUG    | localization_association_rule_mining:__call__:392 - |config                        |   -1.00|                                                            |0.000000|    0.00|0.000000|0.000000|       0|       0
2022-10-28 00:02:21.869 | DEBUG    | localization_association_rule_mining:__call__:392 - |security                      |   -1.00|                                                            |0.000000|    0.00|0.000000|0.000000|       0|       0
2022-10-28 00:02:21.870 | DEBUG    | localization_association_rule_mining:__call__:392 - |admin-order                   |   -1.00|                                                            |0.000000|    0.00|0.000000|0.000000|       0|       0
2022-10-28 00:02:21.870 | DEBUG    | localization_association_rule_mining:__call__:392 - |preserve                      |   -1.00|                                                            |0.000000|    0.00|0.000000|0.000000|       0|       0
2022-10-28 00:02:21.870 | DEBUG    | localization_association_rule_mining:__call__:392 - |admin-travel                  |   -1.00|                                                            |0.000000|    0.00|0.000000|0.000000|       0|       0
2022-10-28 00:02:21.870 | DEBUG    | localization_association_rule_mining:__call__:392 - |ticketinfo                    |   -1.00|                                                            |0.000000|    0.00|0.000000|0.000000|       0|       0
2022-10-28 00:02:21.870 | DEBUG    | localization_association_rule_mining:__call__:392 - |preserve-other                |   -1.00|                                                            |0.000000|    0.00|0.000000|0.000000|       0|       0
2022-10-28 00:02:21.870 | DEBUG    | localization_association_rule_mining:__call__:392 - |basic                         |   -1.00|                                                            |0.000000|    0.00|0.000000|0.000000|       0|       0
2022-10-28 00:02:21.870 | DEBUG    | localization_association_rule_mining:__call__:392 - |auth                          |   -1.00|                                                            |0.000000|    0.00|0.000000|0.000000|       0|       0
2022-10-28 00:02:21.870 | DEBUG    | localization_association_rule_mining:__call__:392 - |seat                          |   -1.00|                                                            |0.000000|    0.00|0.000000|0.000000|       0|       0
2022-10-28 00:02:21.870 | DEBUG    | localization_association_rule_mining:__call__:392 - |route-plan                    |   -1.00|                                                            |0.000000|    0.00|0.000000|0.000000|       0|       0
2022-10-28 00:02:21.870 | DEBUG    | localization_association_rule_mining:__call__:392 - |train                         |   -1.00|                                                            |0.000000|    0.00|0.000000|0.000000|       0|       0
2022-10-28 00:02:21.870 | DEBUG    | localization_association_rule_mining:__call__:392 - |assurance                     |   -1.00|                                                            |0.000000|    0.00|0.000000|0.000000|       0|       0
2022-10-28 00:02:21.870 | DEBUG    | localization_association_rule_mining:__call__:392 - |travel2                       |   -1.00|                                                            |0.000000|    0.00|0.000000|0.000000|       0|       0
2022-10-28 00:02:21.870 | DEBUG    | localization_association_rule_mining:__call__:392 - |travel-plan                   |   -1.00|                                                            |0.000000|    0.00|0.000000|0.000000|       0|       0
2022-10-28 00:02:21.870 | DEBUG    | localization_association_rule_mining:__call__:392 - |order-other                   |   -1.00|                                                            |0.000000|    0.00|0.000000|0.000000|       0|       0
2022-10-28 00:02:21.870 | DEBUG    | localization_association_rule_mining:__call__:392 - |contacts                      |   -1.00|                                                            |0.000000|    0.00|0.000000|0.000000|       0|       0
2022-10-28 00:02:21.870 | DEBUG    | localization_association_rule_mining:__call__:392 - |admin-user                    |   -1.00|                                                            |0.000000|    0.00|0.000000|0.000000|       0|       0
2022-10-28 00:02:21.870 | DEBUG    | localization_association_rule_mining:__call__:392 - |verification-code             |   -1.00|                                                            |0.000000|    0.00|0.000000|0.000000|       0|       0
