2022-10-31 19:45:16.201 | DEBUG    | localization_association_rule_mining:__call__:388 - |item                          |score   |pattern                                                     |ps      |ips     |p(a|b)  |p(b|a)  |in      |out     
2022-10-31 19:45:16.202 | DEBUG    | localization_association_rule_mining:__call__:392 - |auth                          |   27.61|auth                                                        |0.424837|   65.00|0.485075|0.773810|       0|      65
2022-10-31 19:45:16.202 | DEBUG    | localization_association_rule_mining:__call__:392 - |station                       |   22.57|station                                                     |0.410448|   55.00|0.410448|1.000000|      55|       0
2022-10-31 19:45:16.202 | DEBUG    | localization_association_rule_mining:__call__:392 - |food                          |   19.87|food                                                        |0.389706|   51.00|0.395522|0.963636|       0|      51
2022-10-31 19:45:16.202 | DEBUG    | localization_association_rule_mining:__call__:392 - |route                         |   16.13|route                                                       |0.350746|   46.00|0.350746|1.000000|      46|       0
2022-10-31 19:45:16.202 | DEBUG    | localization_association_rule_mining:__call__:392 - |food-map                      |   11.35|food-map                                                    |0.291045|   39.00|0.291045|1.000000|      39|       0
2022-10-31 19:45:16.202 | DEBUG    | localization_association_rule_mining:__call__:392 - |verification-code             |    9.65|verification-code                                           |0.148402|   65.00|0.485075|0.176152|      65|       0
2022-10-31 19:45:16.202 | DEBUG    | localization_association_rule_mining:__call__:392 - |travel                        |    2.50|travel                                                      |0.500000|    5.00|0.500000|1.000000|      53|      48
2022-10-31 19:45:16.202 | DEBUG    | localization_association_rule_mining:__call__:392 - |basic                         |    0.00|basic                                                       |0.104478|    0.00|0.104478|1.000000|      13|      13
2022-10-31 19:45:16.202 | DEBUG    | localization_association_rule_mining:__call__:392 - |admin-order                   |   -1.00|                                                            |0.000000|    0.00|0.000000|0.000000|       0|       0
2022-10-31 19:45:16.202 | DEBUG    | localization_association_rule_mining:__call__:392 - |seat                          |   -1.00|                                                            |0.000000|    0.00|0.000000|0.000000|       0|       0
2022-10-31 19:45:16.202 | DEBUG    | localization_association_rule_mining:__call__:392 - |config                        |   -1.00|                                                            |0.000000|    0.00|0.000000|0.000000|       0|       0
2022-10-31 19:45:16.202 | DEBUG    | localization_association_rule_mining:__call__:392 - |route-plan                    |   -1.00|                                                            |0.000000|    0.00|0.000000|0.000000|       0|       0
2022-10-31 19:45:16.202 | DEBUG    | localization_association_rule_mining:__call__:392 - |contacts                      |   -1.00|                                                            |0.000000|    0.00|0.000000|0.000000|       0|       0
2022-10-31 19:45:16.202 | DEBUG    | localization_association_rule_mining:__call__:392 - |consign                       |   -1.00|                                                            |0.000000|    0.00|0.000000|0.000000|       0|       0
2022-10-31 19:45:16.203 | DEBUG    | localization_association_rule_mining:__call__:392 - |price                         |   -1.00|                                                            |0.000000|    0.00|0.000000|0.000000|       0|       0
2022-10-31 19:45:16.203 | DEBUG    | localization_association_rule_mining:__call__:392 - |train                         |   -1.00|                                                            |0.000000|    0.00|0.000000|0.000000|       0|       0
2022-10-31 19:45:16.203 | DEBUG    | localization_association_rule_mining:__call__:392 - |assurance                     |   -1.00|                                                            |0.000000|    0.00|0.000000|0.000000|       0|       0
2022-10-31 19:45:16.203 | DEBUG    | localization_association_rule_mining:__call__:392 - |ticketinfo                    |   -1.00|                                                            |0.000000|    0.00|0.000000|0.000000|       0|       0
2022-10-31 19:45:16.203 | DEBUG    | localization_association_rule_mining:__call__:392 - |travel-plan                   |   -1.00|                                                            |0.000000|    0.00|0.000000|0.000000|       0|       0
2022-10-31 19:45:16.203 | DEBUG    | localization_association_rule_mining:__call__:392 - |order-other                   |   -1.00|                                                            |0.000000|    0.00|0.000000|0.000000|       0|       0
2022-10-31 19:45:16.203 | DEBUG    | localization_association_rule_mining:__call__:392 - |ts-ui-dashboard               |   -1.00|                                                            |0.000000|    0.00|0.000000|0.000000|       0|       0
2022-10-31 19:45:16.203 | DEBUG    | localization_association_rule_mining:__call__:392 - |travel2                       |   -1.00|                                                            |0.000000|    0.00|0.000000|0.000000|       0|       0
2022-10-31 19:45:16.203 | DEBUG    | localization_association_rule_mining:__call__:392 - |order                         |   -1.00|                                                            |0.000000|    0.00|0.000000|0.000000|       0|       0
