2022-11-08 18:37:15.303 | DEBUG    | localization_association_rule_mining:__call__:390 - |item                          |score   |pattern                                                     |ps      |ips     |p(a|b)  |p(b|a)  |in      |out     
2022-11-08 18:37:15.303 | DEBUG    | localization_association_rule_mining:__call__:394 - |inside-payment                |    6.88|inside-payment                                              |0.254717|   27.00|0.254717|1.000000|      27|       0
2022-11-08 18:37:15.303 | DEBUG    | localization_association_rule_mining:__call__:394 - |ts-ui-dashboard               |    5.66|ts-ui-dashboard                                             |0.157205|   36.00|0.339623|0.226415|      36|       0
2022-11-08 18:37:15.303 | DEBUG    | localization_association_rule_mining:__call__:394 - |food                          |    2.49|food                                                        |0.177632|   14.00|0.254717|0.369863|      25|      11
2022-11-08 18:37:15.303 | DEBUG    | localization_association_rule_mining:__call__:394 - |food-map                      |    1.03|food-map                                                    |0.129032|    8.00|0.150943|0.470588|       8|       0
2022-11-08 18:37:15.303 | DEBUG    | localization_association_rule_mining:__call__:394 - |station                       |    0.93|station                                                     |0.093117|   10.00|0.216981|0.140244|      10|       0
2022-11-08 18:37:15.303 | DEBUG    | localization_association_rule_mining:__call__:394 - |order                         |    0.12|order                                                       |0.119355|    1.00|0.349057|0.153527|       1|       0
2022-11-08 18:37:15.303 | DEBUG    | localization_association_rule_mining:__call__:394 - |order-other                   |    0.00|order-other                                                 |0.044944|    0.00|0.113208|0.069364|       0|       0
2022-11-08 18:37:15.303 | DEBUG    | localization_association_rule_mining:__call__:394 - |basic                         |    0.00|basic                                                       |0.080292|    0.00|0.103774|0.261905|       0|       0
2022-11-08 18:37:15.303 | DEBUG    | localization_association_rule_mining:__call__:394 - |route                         |    0.00|route                                                       |0.123288|    0.00|0.169811|0.310345|       0|       0
2022-11-08 18:37:15.303 | DEBUG    | localization_association_rule_mining:__call__:394 - |travel                        |    0.00|travel                                                      |0.154362|    0.00|0.216981|0.348485|       0|       0
2022-11-08 18:37:15.304 | DEBUG    | localization_association_rule_mining:__call__:394 - |payment                       |    0.00|payment                                                     |0.141509|    0.00|0.141509|1.000000|       0|       0
2022-11-08 18:37:15.304 | DEBUG    | localization_association_rule_mining:__call__:394 - |ticketinfo                    |    0.00|ticketinfo                                                  |0.080882|    0.00|0.103774|0.268293|       0|       0
2022-11-08 18:37:15.304 | DEBUG    | localization_association_rule_mining:__call__:394 - |seat                          |    0.00|seat                                                        |0.083969|    0.00|0.103774|0.305556|       0|       0
2022-11-08 18:37:15.304 | DEBUG    | localization_association_rule_mining:__call__:394 - |preserve                      |   -1.00|                                                            |0.000000|    0.00|0.000000|0.000000|       0|       0
2022-11-08 18:37:15.304 | DEBUG    | localization_association_rule_mining:__call__:394 - |security                      |   -1.00|                                                            |0.000000|    0.00|0.000000|0.000000|       0|       0
2022-11-08 18:37:15.304 | DEBUG    | localization_association_rule_mining:__call__:394 - |travel-plan                   |   -1.00|                                                            |0.000000|    0.00|0.000000|0.000000|       0|       0
2022-11-08 18:37:15.304 | DEBUG    | localization_association_rule_mining:__call__:394 - |verification-code             |   -1.00|                                                            |0.000000|    0.00|0.000000|0.000000|       0|       0
2022-11-08 18:37:15.304 | DEBUG    | localization_association_rule_mining:__call__:394 - |user                          |   -1.00|                                                            |0.000000|    0.00|0.000000|0.000000|       0|       0
2022-11-08 18:37:15.304 | DEBUG    | localization_association_rule_mining:__call__:394 - |train                         |   -1.00|                                                            |0.000000|    0.00|0.000000|0.000000|       0|       0
2022-11-08 18:37:15.304 | DEBUG    | localization_association_rule_mining:__call__:394 - |notification                  |   -1.00|                                                            |0.000000|    0.00|0.000000|0.000000|       0|       0
2022-11-08 18:37:15.304 | DEBUG    | localization_association_rule_mining:__call__:394 - |travel2                       |   -1.00|                                                            |0.000000|    0.00|0.000000|0.000000|       0|       0
2022-11-08 18:37:15.304 | DEBUG    | localization_association_rule_mining:__call__:394 - |assurance                     |   -1.00|                                                            |0.000000|    0.00|0.000000|0.000000|       0|       0
2022-11-08 18:37:15.304 | DEBUG    | localization_association_rule_mining:__call__:394 - |price                         |   -1.00|                                                            |0.000000|    0.00|0.000000|0.000000|       0|       0
2022-11-08 18:37:15.304 | DEBUG    | localization_association_rule_mining:__call__:394 - |preserve-other                |   -1.00|                                                            |0.000000|    0.00|0.000000|0.000000|       0|       0
2022-11-08 18:37:15.304 | DEBUG    | localization_association_rule_mining:__call__:394 - |auth                          |   -1.00|                                                            |0.000000|    0.00|0.000000|0.000000|       0|       0
2022-11-08 18:37:15.304 | DEBUG    | localization_association_rule_mining:__call__:394 - |cancel                        |   -1.00|                                                            |0.000000|    0.00|0.000000|0.000000|       0|       0
2022-11-08 18:37:15.304 | DEBUG    | localization_association_rule_mining:__call__:394 - |route-plan                    |   -1.00|                                                            |0.000000|    0.00|0.000000|0.000000|       0|       0
2022-11-08 18:37:15.304 | DEBUG    | localization_association_rule_mining:__call__:394 - |consign                       |   -1.00|                                                            |0.000000|    0.00|0.000000|0.000000|       0|       0
2022-11-08 18:37:15.304 | DEBUG    | localization_association_rule_mining:__call__:394 - |admin-order                   |   -1.00|                                                            |0.000000|    0.00|0.000000|0.000000|       0|       0
2022-11-08 18:37:15.305 | DEBUG    | localization_association_rule_mining:__call__:394 - |contacts                      |   -1.00|                                                            |0.000000|    0.00|0.000000|0.000000|       0|       0
2022-11-08 18:37:15.305 | DEBUG    | localization_association_rule_mining:__call__:394 - |config                        |   -1.00|                                                            |0.000000|    0.00|0.000000|0.000000|       0|       0
