2022-11-16 15:29:46.766 | DEBUG    | localization_association_rule_mining:__call__:390 - |item                          |score   |pattern                                                     |ps      |ips     |p(a|b)  |p(b|a)  |in      |out     
2022-11-16 15:29:46.766 | DEBUG    | localization_association_rule_mining:__call__:394 - |ticketinfo                    |   22.65|ticketinfo                                                  |0.629032|   36.00|0.696429|0.866667|      36|       0
2022-11-16 15:29:46.766 | DEBUG    | localization_association_rule_mining:__call__:394 - |travel                        |    9.75|travel                                                      |0.375000|   26.00|0.642857|0.473684|       0|      26
2022-11-16 15:29:46.766 | DEBUG    | localization_association_rule_mining:__call__:394 - |user                          |    8.64|user                                                        |0.392857|   22.00|0.392857|1.000000|      22|       0
2022-11-16 15:29:46.766 | DEBUG    | localization_association_rule_mining:__call__:394 - |preserve                      |    4.71|preserve                                                    |0.362069|   13.00|0.375000|0.913043|       0|      13
2022-11-16 15:29:46.766 | DEBUG    | localization_association_rule_mining:__call__:394 - |travel2                       |    1.12|travel2                                                     |0.160714|    7.00|0.160714|1.000000|       0|       7
2022-11-16 15:29:46.766 | DEBUG    | localization_association_rule_mining:__call__:394 - |station                       |    0.00|station                                                     |0.211111|    0.00|0.678571|0.234568|       0|       0
2022-11-16 15:29:46.767 | DEBUG    | localization_association_rule_mining:__call__:394 - |basic                         |    0.00|basic                                                       |0.609375|    0.00|0.696429|0.829787|       0|       0
2022-11-16 15:29:46.767 | DEBUG    | localization_association_rule_mining:__call__:394 - |security                      |    0.00|security                                                    |0.192982|    0.00|0.196429|0.916667|       0|       0
2022-11-16 15:29:46.767 | DEBUG    | localization_association_rule_mining:__call__:394 - |price                         |    0.00|price                                                       |0.280702|    0.00|0.285714|0.941176|       0|       0
2022-11-16 15:29:46.767 | DEBUG    | localization_association_rule_mining:__call__:394 - |notification                  |    0.00|notification                                                |0.290323|    0.00|0.321429|0.750000|       0|       0
2022-11-16 15:29:46.767 | DEBUG    | localization_association_rule_mining:__call__:394 - |train                         |    0.00|train                                                       |0.517241|    0.00|0.535714|0.937500|       0|       0
2022-11-16 15:29:46.767 | DEBUG    | localization_association_rule_mining:__call__:394 - |config                        |    0.00|config                                                      |0.241379|    0.00|0.250000|0.875000|       0|       0
2022-11-16 15:29:46.767 | DEBUG    | localization_association_rule_mining:__call__:394 - |route                         |    0.00|route                                                       |0.454545|    0.00|0.625000|0.625000|       0|       0
2022-11-16 15:29:46.767 | DEBUG    | localization_association_rule_mining:__call__:394 - |seat                          |    0.00|seat                                                        |0.540984|    0.00|0.589286|0.868421|       0|       0
2022-11-16 15:29:46.767 | DEBUG    | localization_association_rule_mining:__call__:394 - |verification-code             |   -1.00|                                                            |0.000000|    0.00|0.000000|0.000000|       0|       0
2022-11-16 15:29:46.767 | DEBUG    | localization_association_rule_mining:__call__:394 - |order                         |   -1.00|                                                            |0.000000|    0.00|0.000000|0.000000|       0|       0
2022-11-16 15:29:46.767 | DEBUG    | localization_association_rule_mining:__call__:394 - |admin-order                   |   -1.00|                                                            |0.000000|    0.00|0.000000|0.000000|       0|       0
2022-11-16 15:29:46.767 | DEBUG    | localization_association_rule_mining:__call__:394 - |assurance                     |   -1.00|                                                            |0.000000|    0.00|0.000000|0.000000|       0|       0
2022-11-16 15:29:46.767 | DEBUG    | localization_association_rule_mining:__call__:394 - |ts-ui-dashboard               |   -1.00|                                                            |0.000000|    0.00|0.000000|0.000000|       0|       0
2022-11-16 15:29:46.767 | DEBUG    | localization_association_rule_mining:__call__:394 - |cancel                        |   -1.00|                                                            |0.000000|    0.00|0.000000|0.000000|       0|       0
2022-11-16 15:29:46.767 | DEBUG    | localization_association_rule_mining:__call__:394 - |route-plan                    |   -1.00|                                                            |0.000000|    0.00|0.000000|0.000000|       0|       0
2022-11-16 15:29:46.767 | DEBUG    | localization_association_rule_mining:__call__:394 - |consign                       |   -1.00|                                                            |0.000000|    0.00|0.000000|0.000000|       0|       0
2022-11-16 15:29:46.767 | DEBUG    | localization_association_rule_mining:__call__:394 - |order-other                   |   -1.00|                                                            |0.000000|    0.00|0.000000|0.000000|       0|       0
2022-11-16 15:29:46.767 | DEBUG    | localization_association_rule_mining:__call__:394 - |payment                       |   -1.00|                                                            |0.000000|    0.00|0.000000|0.000000|       0|       0
2022-11-16 15:29:46.768 | DEBUG    | localization_association_rule_mining:__call__:394 - |inside-payment                |   -1.00|                                                            |0.000000|    0.00|0.000000|0.000000|       0|       0
2022-11-16 15:29:46.768 | DEBUG    | localization_association_rule_mining:__call__:394 - |travel-plan                   |   -1.00|                                                            |0.000000|    0.00|0.000000|0.000000|       0|       0
2022-11-16 15:29:46.768 | DEBUG    | localization_association_rule_mining:__call__:394 - |contacts                      |   -1.00|                                                            |0.000000|    0.00|0.000000|0.000000|       0|       0
2022-11-16 15:29:46.768 | DEBUG    | localization_association_rule_mining:__call__:394 - |auth                          |   -1.00|                                                            |0.000000|    0.00|0.000000|0.000000|       0|       0
2022-11-16 15:29:46.768 | DEBUG    | localization_association_rule_mining:__call__:394 - |food-map                      |   -1.00|                                                            |0.000000|    0.00|0.000000|0.000000|       0|       0
2022-11-16 15:29:46.768 | DEBUG    | localization_association_rule_mining:__call__:394 - |preserve-other                |   -1.00|                                                            |0.000000|    0.00|0.000000|0.000000|       0|       0
2022-11-16 15:29:46.768 | DEBUG    | localization_association_rule_mining:__call__:394 - |food                          |   -1.00|                                                            |0.000000|    0.00|0.000000|0.000000|       0|       0
