2022-11-08 18:43:18.790 | DEBUG    | localization_association_rule_mining:__call__:390 - |item                          |score   |pattern                                                     |ps      |ips     |p(a|b)  |p(b|a)  |in      |out     
2022-11-08 18:43:18.791 | DEBUG    | localization_association_rule_mining:__call__:394 - |train                         |   18.24|train                                                       |0.793103|   23.00|0.793103|1.000000|      23|       0
2022-11-08 18:43:18.791 | DEBUG    | localization_association_rule_mining:__call__:394 - |seat                          |   12.93|seat                                                        |0.862069|   15.00|0.862069|1.000000|       9|      24
2022-11-08 18:43:18.791 | DEBUG    | localization_association_rule_mining:__call__:394 - |basic                         |    8.69|basic                                                       |0.965517|    9.00|0.965517|1.000000|      11|      20
2022-11-08 18:43:18.791 | DEBUG    | localization_association_rule_mining:__call__:394 - |ticketinfo                    |    5.59|ticketinfo                                                  |0.931034|    6.00|0.931034|1.000000|       5|      11
2022-11-08 18:43:18.791 | DEBUG    | localization_association_rule_mining:__call__:394 - |preserve                      |    2.79|preserve                                                    |0.310345|    9.00|0.310345|1.000000|       9|       0
2022-11-08 18:43:18.791 | DEBUG    | localization_association_rule_mining:__call__:394 - |travel                        |    2.70|travel                                                      |0.450000|    6.00|0.931034|0.465517|      27|      21
2022-11-08 18:43:18.791 | DEBUG    | localization_association_rule_mining:__call__:394 - |config                        |    0.00|config                                                      |0.724138|    0.00|0.724138|1.000000|       0|       0
2022-11-08 18:43:18.791 | DEBUG    | localization_association_rule_mining:__call__:394 - |route                         |    0.00|route                                                       |0.564103|    0.00|0.758621|0.687500|       0|       0
2022-11-08 18:43:18.791 | DEBUG    | localization_association_rule_mining:__call__:394 - |price                         |    0.00|price                                                       |0.586207|    0.00|0.586207|1.000000|       0|       0
2022-11-08 18:43:18.791 | DEBUG    | localization_association_rule_mining:__call__:394 - |food                          |   -1.00|                                                            |0.000000|    0.00|0.000000|0.000000|       0|       0
2022-11-08 18:43:18.791 | DEBUG    | localization_association_rule_mining:__call__:394 - |order-other                   |   -1.00|                                                            |0.000000|    0.00|0.000000|0.000000|       0|       0
2022-11-08 18:43:18.791 | DEBUG    | localization_association_rule_mining:__call__:394 - |security                      |   -1.00|                                                            |0.000000|    0.00|0.000000|0.000000|       0|       0
2022-11-08 18:43:18.791 | DEBUG    | localization_association_rule_mining:__call__:394 - |user                          |   -1.00|                                                            |0.000000|    0.00|0.000000|0.000000|       0|       0
2022-11-08 18:43:18.791 | DEBUG    | localization_association_rule_mining:__call__:394 - |ts-ui-dashboard               |   -1.00|                                                            |0.000000|    0.00|0.000000|0.000000|       0|       0
2022-11-08 18:43:18.792 | DEBUG    | localization_association_rule_mining:__call__:394 - |verification-code             |   -1.00|                                                            |0.000000|    0.00|0.000000|0.000000|       0|       0
2022-11-08 18:43:18.792 | DEBUG    | localization_association_rule_mining:__call__:394 - |travel-plan                   |   -1.00|                                                            |0.000000|    0.00|0.000000|0.000000|       0|       0
2022-11-08 18:43:18.792 | DEBUG    | localization_association_rule_mining:__call__:394 - |food-map                      |   -1.00|                                                            |0.000000|    0.00|0.000000|0.000000|       0|       0
2022-11-08 18:43:18.792 | DEBUG    | localization_association_rule_mining:__call__:394 - |station                       |   -1.00|                                                            |0.000000|    0.00|0.000000|0.000000|       0|       0
2022-11-08 18:43:18.792 | DEBUG    | localization_association_rule_mining:__call__:394 - |notification                  |   -1.00|                                                            |0.000000|    0.00|0.000000|0.000000|       0|       0
2022-11-08 18:43:18.792 | DEBUG    | localization_association_rule_mining:__call__:394 - |consign                       |   -1.00|                                                            |0.000000|    0.00|0.000000|0.000000|       0|       0
2022-11-08 18:43:18.792 | DEBUG    | localization_association_rule_mining:__call__:394 - |auth                          |   -1.00|                                                            |0.000000|    0.00|0.000000|0.000000|       0|       0
2022-11-08 18:43:18.792 | DEBUG    | localization_association_rule_mining:__call__:394 - |admin-order                   |   -1.00|                                                            |0.000000|    0.00|0.000000|0.000000|       0|       0
2022-11-08 18:43:18.792 | DEBUG    | localization_association_rule_mining:__call__:394 - |assurance                     |   -1.00|                                                            |0.000000|    0.00|0.000000|0.000000|       0|       0
2022-11-08 18:43:18.792 | DEBUG    | localization_association_rule_mining:__call__:394 - |inside-payment                |   -1.00|                                                            |0.000000|    0.00|0.000000|0.000000|       0|       0
2022-11-08 18:43:18.792 | DEBUG    | localization_association_rule_mining:__call__:394 - |order                         |   -1.00|                                                            |0.000000|    0.00|0.000000|0.000000|       0|       0
2022-11-08 18:43:18.792 | DEBUG    | localization_association_rule_mining:__call__:394 - |contacts                      |   -1.00|                                                            |0.000000|    0.00|0.000000|0.000000|       0|       0
2022-11-08 18:43:18.792 | DEBUG    | localization_association_rule_mining:__call__:394 - |cancel                        |   -1.00|                                                            |0.000000|    0.00|0.000000|0.000000|       0|       0
