2022-11-08 18:32:57.335 | DEBUG    | localization_association_rule_mining:__call__:390 - |item                          |score   |pattern                                                     |ps      |ips     |p(a|b)  |p(b|a)  |in      |out     
2022-11-08 18:32:57.335 | DEBUG    | localization_association_rule_mining:__call__:394 - |admin-order                   |   58.88|admin-order                                                 |0.560748|  105.00|0.568720|0.975610|     119|      14
2022-11-08 18:32:57.335 | DEBUG    | localization_association_rule_mining:__call__:394 - |order                         |   19.92|order                                                       |0.306407|   65.00|0.521327|0.426357|      65|       0
2022-11-08 18:32:57.335 | DEBUG    | localization_association_rule_mining:__call__:394 - |route                         |    8.36|route                                                       |0.203791|   41.00|0.203791|1.000000|      41|       0
2022-11-08 18:32:57.335 | DEBUG    | localization_association_rule_mining:__call__:394 - |travel                        |    8.32|travel                                                      |0.198157|   42.00|0.203791|0.877551|       0|      42
2022-11-08 18:32:57.335 | DEBUG    | localization_association_rule_mining:__call__:394 - |cancel                        |    5.73|cancel                                                      |0.154812|   37.00|0.175355|0.569231|       0|      37
2022-11-08 18:32:57.335 | DEBUG    | localization_association_rule_mining:__call__:394 - |ticketinfo                    |    3.80|ticketinfo                                                  |0.140845|   27.00|0.142180|0.937500|      27|       0
2022-11-08 18:32:57.335 | DEBUG    | localization_association_rule_mining:__call__:394 - |basic                         |    1.31|basic                                                       |0.130841|   10.00|0.132701|0.903226|       0|      10
2022-11-08 18:32:57.335 | DEBUG    | localization_association_rule_mining:__call__:394 - |order-other                   |    0.79|order-other                                                 |0.157593|    5.00|0.260664|0.284974|       5|       0
2022-11-08 18:32:57.335 | DEBUG    | localization_association_rule_mining:__call__:394 - |station                       |    0.20|station                                                     |0.100313|    2.00|0.151659|0.228571|       2|       0
2022-11-08 18:32:57.335 | DEBUG    | localization_association_rule_mining:__call__:394 - |food                          |    0.00|food                                                        |0.099237|    0.00|0.123223|0.337662|       4|       4
2022-11-08 18:32:57.335 | DEBUG    | localization_association_rule_mining:__call__:394 - |train                         |    0.00|train                                                       |0.103286|    0.00|0.104265|0.916667|       0|       0
2022-11-08 18:32:57.335 | DEBUG    | localization_association_rule_mining:__call__:394 - |admin-route                   |   -1.00|                                                            |0.000000|    0.00|0.000000|0.000000|       0|       0
2022-11-08 18:32:57.335 | DEBUG    | localization_association_rule_mining:__call__:394 - |seat                          |   -1.00|                                                            |0.000000|    0.00|0.000000|0.000000|       0|       0
2022-11-08 18:32:57.336 | DEBUG    | localization_association_rule_mining:__call__:394 - |food-map                      |   -1.00|                                                            |0.000000|    0.00|0.000000|0.000000|       0|       0
2022-11-08 18:32:57.336 | DEBUG    | localization_association_rule_mining:__call__:394 - |security                      |   -1.00|                                                            |0.000000|    0.00|0.000000|0.000000|       0|       0
2022-11-08 18:32:57.336 | DEBUG    | localization_association_rule_mining:__call__:394 - |assurance                     |   -1.00|                                                            |0.000000|    0.00|0.000000|0.000000|       0|       0
2022-11-08 18:32:57.336 | DEBUG    | localization_association_rule_mining:__call__:394 - |preserve-other                |   -1.00|                                                            |0.000000|    0.00|0.000000|0.000000|       0|       0
2022-11-08 18:32:57.336 | DEBUG    | localization_association_rule_mining:__call__:394 - |price                         |   -1.00|                                                            |0.000000|    0.00|0.000000|0.000000|       0|       0
2022-11-08 18:32:57.336 | DEBUG    | localization_association_rule_mining:__call__:394 - |inside-payment                |   -1.00|                                                            |0.000000|    0.00|0.000000|0.000000|       0|       0
2022-11-08 18:32:57.336 | DEBUG    | localization_association_rule_mining:__call__:394 - |travel-plan                   |   -1.00|                                                            |0.000000|    0.00|0.000000|0.000000|       0|       0
2022-11-08 18:32:57.336 | DEBUG    | localization_association_rule_mining:__call__:394 - |route-plan                    |   -1.00|                                                            |0.000000|    0.00|0.000000|0.000000|       0|       0
2022-11-08 18:32:57.336 | DEBUG    | localization_association_rule_mining:__call__:394 - |consign                       |   -1.00|                                                            |0.000000|    0.00|0.000000|0.000000|       0|       0
2022-11-08 18:32:57.336 | DEBUG    | localization_association_rule_mining:__call__:394 - |admin-travel                  |   -1.00|                                                            |0.000000|    0.00|0.000000|0.000000|       0|       0
2022-11-08 18:32:57.336 | DEBUG    | localization_association_rule_mining:__call__:394 - |config                        |   -1.00|                                                            |0.000000|    0.00|0.000000|0.000000|       0|       0
2022-11-08 18:32:57.336 | DEBUG    | localization_association_rule_mining:__call__:394 - |ts-ui-dashboard               |   -1.00|                                                            |0.000000|    0.00|0.000000|0.000000|       0|       0
2022-11-08 18:32:57.336 | DEBUG    | localization_association_rule_mining:__call__:394 - |preserve                      |   -1.00|                                                            |0.000000|    0.00|0.000000|0.000000|       0|       0
2022-11-08 18:32:57.336 | DEBUG    | localization_association_rule_mining:__call__:394 - |user                          |   -1.00|                                                            |0.000000|    0.00|0.000000|0.000000|       0|       0
2022-11-08 18:32:57.336 | DEBUG    | localization_association_rule_mining:__call__:394 - |verification-code             |   -1.00|                                                            |0.000000|    0.00|0.000000|0.000000|       0|       0
2022-11-08 18:32:57.336 | DEBUG    | localization_association_rule_mining:__call__:394 - |contacts                      |   -1.00|                                                            |0.000000|    0.00|0.000000|0.000000|       0|       0
2022-11-08 18:32:57.336 | DEBUG    | localization_association_rule_mining:__call__:394 - |payment                       |   -1.00|                                                            |0.000000|    0.00|0.000000|0.000000|       0|       0
2022-11-08 18:32:57.336 | DEBUG    | localization_association_rule_mining:__call__:394 - |notification                  |   -1.00|                                                            |0.000000|    0.00|0.000000|0.000000|       0|       0
2022-11-08 18:32:57.336 | DEBUG    | localization_association_rule_mining:__call__:394 - |travel2                       |   -1.00|                                                            |0.000000|    0.00|0.000000|0.000000|       0|       0
2022-11-08 18:32:57.336 | DEBUG    | localization_association_rule_mining:__call__:394 - |admin-basic-info              |   -1.00|                                                            |0.000000|    0.00|0.000000|0.000000|       0|       0
2022-11-08 18:32:57.337 | DEBUG    | localization_association_rule_mining:__call__:394 - |auth                          |   -1.00|                                                            |0.000000|    0.00|0.000000|0.000000|       0|       0
