2022-11-16 15:52:02.045 | DEBUG    | localization_association_rule_mining:__call__:390 - |item                          |score   |pattern                                                     |ps      |ips     |p(a|b)  |p(b|a)  |in      |out     
2022-11-16 15:52:02.045 | DEBUG    | localization_association_rule_mining:__call__:394 - |train                         |    9.60|train                                                       |0.800000|   12.00|0.800000|1.000000|      12|       0
2022-11-16 15:52:02.046 | DEBUG    | localization_association_rule_mining:__call__:394 - |basic                         |    5.00|basic                                                       |1.000000|    5.00|1.000000|1.000000|      12|       7
2022-11-16 15:52:02.046 | DEBUG    | localization_association_rule_mining:__call__:394 - |ticketinfo                    |    3.20|ticketinfo                                                  |0.800000|    4.00|0.800000|1.000000|       8|      12
2022-11-16 15:52:02.046 | DEBUG    | localization_association_rule_mining:__call__:394 - |travel                        |    2.05|travel                                                      |0.681818|    3.00|1.000000|0.681818|      10|      13
2022-11-16 15:52:02.046 | DEBUG    | localization_association_rule_mining:__call__:394 - |travel2                       |    0.80|travel2                                                     |0.266667|    3.00|0.266667|1.000000|       0|       3
2022-11-16 15:52:02.046 | DEBUG    | localization_association_rule_mining:__call__:394 - |seat                          |    0.80|seat                                                        |0.800000|    1.00|0.800000|1.000000|       6|       7
2022-11-16 15:52:02.046 | DEBUG    | localization_association_rule_mining:__call__:394 - |travel-plan                   |    0.53|travel-plan                                                 |0.266667|    2.00|0.266667|1.000000|       2|       0
2022-11-16 15:52:02.046 | DEBUG    | localization_association_rule_mining:__call__:394 - |station                       |    0.00|station                                                     |0.428571|    0.00|1.000000|0.428571|       0|       0
2022-11-16 15:52:02.046 | DEBUG    | localization_association_rule_mining:__call__:394 - |route                         |    0.00|route                                                       |0.590909|    0.00|0.866667|0.650000|       0|       0
2022-11-16 15:52:02.046 | DEBUG    | localization_association_rule_mining:__call__:394 - |price                         |    0.00|price                                                       |0.533333|    0.00|0.533333|1.000000|       0|       0
2022-11-16 15:52:02.046 | DEBUG    | localization_association_rule_mining:__call__:394 - |config                        |    0.00|config                                                      |0.600000|    0.00|0.600000|1.000000|       0|       0
2022-11-16 15:52:02.046 | DEBUG    | localization_association_rule_mining:__call__:394 - |payment                       |   -1.00|                                                            |0.000000|    0.00|0.000000|0.000000|       0|       0
2022-11-16 15:52:02.046 | DEBUG    | localization_association_rule_mining:__call__:394 - |verification-code             |   -1.00|                                                            |0.000000|    0.00|0.000000|0.000000|       0|       0
2022-11-16 15:52:02.046 | DEBUG    | localization_association_rule_mining:__call__:394 - |user                          |   -1.00|                                                            |0.000000|    0.00|0.000000|0.000000|       0|       0
2022-11-16 15:52:02.046 | DEBUG    | localization_association_rule_mining:__call__:394 - |order-other                   |   -1.00|                                                            |0.000000|    0.00|0.000000|0.000000|       0|       0
2022-11-16 15:52:02.046 | DEBUG    | localization_association_rule_mining:__call__:394 - |security                      |   -1.00|                                                            |0.000000|    0.00|0.000000|0.000000|       0|       0
2022-11-16 15:52:02.046 | DEBUG    | localization_association_rule_mining:__call__:394 - |order                         |   -1.00|                                                            |0.000000|    0.00|0.000000|0.000000|       0|       0
2022-11-16 15:52:02.046 | DEBUG    | localization_association_rule_mining:__call__:394 - |food-map                      |   -1.00|                                                            |0.000000|    0.00|0.000000|0.000000|       0|       0
2022-11-16 15:52:02.047 | DEBUG    | localization_association_rule_mining:__call__:394 - |route-plan                    |   -1.00|                                                            |0.000000|    0.00|0.000000|0.000000|       0|       0
2022-11-16 15:52:02.047 | DEBUG    | localization_association_rule_mining:__call__:394 - |inside-payment                |   -1.00|                                                            |0.000000|    0.00|0.000000|0.000000|       0|       0
2022-11-16 15:52:02.047 | DEBUG    | localization_association_rule_mining:__call__:394 - |notification                  |   -1.00|                                                            |0.000000|    0.00|0.000000|0.000000|       0|       0
2022-11-16 15:52:02.047 | DEBUG    | localization_association_rule_mining:__call__:394 - |ts-ui-dashboard               |   -1.00|                                                            |0.000000|    0.00|0.000000|0.000000|       0|       0
2022-11-16 15:52:02.047 | DEBUG    | localization_association_rule_mining:__call__:394 - |admin-order                   |   -1.00|                                                            |0.000000|    0.00|0.000000|0.000000|       0|       0
2022-11-16 15:52:02.047 | DEBUG    | localization_association_rule_mining:__call__:394 - |food                          |   -1.00|                                                            |0.000000|    0.00|0.000000|0.000000|       0|       0
2022-11-16 15:52:02.047 | DEBUG    | localization_association_rule_mining:__call__:394 - |cancel                        |   -1.00|                                                            |0.000000|    0.00|0.000000|0.000000|       0|       0
2022-11-16 15:52:02.047 | DEBUG    | localization_association_rule_mining:__call__:394 - |contacts                      |   -1.00|                                                            |0.000000|    0.00|0.000000|0.000000|       0|       0
2022-11-16 15:52:02.047 | DEBUG    | localization_association_rule_mining:__call__:394 - |preserve                      |   -1.00|                                                            |0.000000|    0.00|0.000000|0.000000|       0|       0
2022-11-16 15:52:02.047 | DEBUG    | localization_association_rule_mining:__call__:394 - |consign                       |   -1.00|                                                            |0.000000|    0.00|0.000000|0.000000|       0|       0
2022-11-16 15:52:02.047 | DEBUG    | localization_association_rule_mining:__call__:394 - |assurance                     |   -1.00|                                                            |0.000000|    0.00|0.000000|0.000000|       0|       0
2022-11-16 15:52:02.047 | DEBUG    | localization_association_rule_mining:__call__:394 - |auth                          |   -1.00|                                                            |0.000000|    0.00|0.000000|0.000000|       0|       0
