2022-10-31 19:47:32.513 | DEBUG    | localization_association_rule_mining:__call__:388 - |item                          |score   |pattern                                                     |ps      |ips     |p(a|b)  |p(b|a)  |in      |out     
2022-10-31 19:47:32.513 | DEBUG    | localization_association_rule_mining:__call__:392 - |station                       |   63.18|station                                                     |0.429825|  147.00|0.600000|0.602459|     147|       0
2022-10-31 19:47:32.513 | DEBUG    | localization_association_rule_mining:__call__:392 - |order-other                   |   18.83|order-other                                                 |0.308707|   61.00|0.477551|0.466135|      28|      89
2022-10-31 19:47:32.513 | DEBUG    | localization_association_rule_mining:__call__:392 - |route                         |   13.26|route                                                       |0.232653|   57.00|0.232653|1.000000|      57|       0
2022-10-31 19:47:32.513 | DEBUG    | localization_association_rule_mining:__call__:392 - |order                         |   10.29|order                                                       |0.139098|   74.00|0.302041|0.204986|      74|       0
2022-10-31 19:47:32.513 | DEBUG    | localization_association_rule_mining:__call__:392 - |cancel                        |    7.71|cancel                                                      |0.175299|   44.00|0.179592|0.880000|       0|      44
2022-10-31 19:47:32.514 | DEBUG    | localization_association_rule_mining:__call__:392 - |food                          |    6.72|food                                                        |0.240000|   28.00|0.244898|0.923077|      13|      41
2022-10-31 19:47:32.514 | DEBUG    | localization_association_rule_mining:__call__:392 - |food-map                      |    5.29|food-map                                                    |0.146939|   36.00|0.146939|1.000000|      36|       0
2022-10-31 19:47:32.514 | DEBUG    | localization_association_rule_mining:__call__:392 - |train                         |    3.20|train                                                       |0.114286|   28.00|0.114286|1.000000|      28|       0
2022-10-31 19:47:32.514 | DEBUG    | localization_association_rule_mining:__call__:392 - |auth                          |    3.05|auth                                                        |0.108949|   28.00|0.114286|0.700000|       0|      28
2022-10-31 19:47:32.514 | DEBUG    | localization_association_rule_mining:__call__:392 - |user                          |    2.08|user                                                        |0.130081|   16.00|0.130612|0.969697|      16|       0
2022-10-31 19:47:32.514 | DEBUG    | localization_association_rule_mining:__call__:392 - |verification-code             |    2.01|verification-code                                           |0.071611|   28.00|0.114286|0.160920|      28|       0
2022-10-31 19:47:32.514 | DEBUG    | localization_association_rule_mining:__call__:392 - |seat                          |    0.86|seat                                                        |0.122449|    7.00|0.122449|1.000000|      23|      30
2022-10-31 19:47:32.514 | DEBUG    | localization_association_rule_mining:__call__:392 - |ticketinfo                    |    0.40|ticketinfo                                                  |0.134694|    3.00|0.134694|1.000000|      33|      30
2022-10-31 19:47:32.514 | DEBUG    | localization_association_rule_mining:__call__:392 - |basic                         |    0.27|basic                                                       |0.134694|    2.00|0.134694|1.000000|      30|      32
2022-10-31 19:47:32.514 | DEBUG    | localization_association_rule_mining:__call__:392 - |travel                        |    0.00|travel                                                      |0.293878|    0.00|0.293878|1.000000|      56|      56
2022-10-31 19:47:32.514 | DEBUG    | localization_association_rule_mining:__call__:392 - |notification                  |    0.00|notification                                                |0.142276|    0.00|0.142857|0.972222|       0|       0
2022-10-31 19:47:32.514 | DEBUG    | localization_association_rule_mining:__call__:392 - |assurance                     |   -1.00|                                                            |0.000000|    0.00|0.000000|0.000000|       0|       0
2022-10-31 19:47:32.514 | DEBUG    | localization_association_rule_mining:__call__:392 - |consign                       |   -1.00|                                                            |0.000000|    0.00|0.000000|0.000000|       0|       0
2022-10-31 19:47:32.514 | DEBUG    | localization_association_rule_mining:__call__:392 - |config                        |   -1.00|                                                            |0.000000|    0.00|0.000000|0.000000|       0|       0
2022-10-31 19:47:32.514 | DEBUG    | localization_association_rule_mining:__call__:392 - |contacts                      |   -1.00|                                                            |0.000000|    0.00|0.000000|0.000000|       0|       0
2022-10-31 19:47:32.514 | DEBUG    | localization_association_rule_mining:__call__:392 - |preserve-other                |   -1.00|                                                            |0.000000|    0.00|0.000000|0.000000|       0|       0
2022-10-31 19:47:32.514 | DEBUG    | localization_association_rule_mining:__call__:392 - |inside-payment                |   -1.00|                                                            |0.000000|    0.00|0.000000|0.000000|       0|       0
2022-10-31 19:47:32.514 | DEBUG    | localization_association_rule_mining:__call__:392 - |price                         |   -1.00|                                                            |0.000000|    0.00|0.000000|0.000000|       0|       0
2022-10-31 19:47:32.515 | DEBUG    | localization_association_rule_mining:__call__:392 - |route-plan                    |   -1.00|                                                            |0.000000|    0.00|0.000000|0.000000|       0|       0
2022-10-31 19:47:32.515 | DEBUG    | localization_association_rule_mining:__call__:392 - |admin-order                   |   -1.00|                                                            |0.000000|    0.00|0.000000|0.000000|       0|       0
2022-10-31 19:47:32.515 | DEBUG    | localization_association_rule_mining:__call__:392 - |ts-ui-dashboard               |   -1.00|                                                            |0.000000|    0.00|0.000000|0.000000|       0|       0
2022-10-31 19:47:32.515 | DEBUG    | localization_association_rule_mining:__call__:392 - |payment                       |   -1.00|                                                            |0.000000|    0.00|0.000000|0.000000|       0|       0
2022-10-31 19:47:32.515 | DEBUG    | localization_association_rule_mining:__call__:392 - |security                      |   -1.00|                                                            |0.000000|    0.00|0.000000|0.000000|       0|       0
2022-10-31 19:47:32.515 | DEBUG    | localization_association_rule_mining:__call__:392 - |preserve                      |   -1.00|                                                            |0.000000|    0.00|0.000000|0.000000|       0|       0
2022-10-31 19:47:32.515 | DEBUG    | localization_association_rule_mining:__call__:392 - |travel2                       |   -1.00|                                                            |0.000000|    0.00|0.000000|0.000000|       0|       0
2022-10-31 19:47:32.515 | DEBUG    | localization_association_rule_mining:__call__:392 - |travel-plan                   |   -1.00|                                                            |0.000000|    0.00|0.000000|0.000000|       0|       0
