2022-10-31 19:44:53.632 | DEBUG    | localization_association_rule_mining:__call__:388 - |item                          |score   |pattern                                                     |ps      |ips     |p(a|b)  |p(b|a)  |in      |out     
2022-10-31 19:44:53.633 | DEBUG    | localization_association_rule_mining:__call__:392 - |station                       |  102.97|station                                                     |0.478936|  215.00|0.633431|0.662577|     215|       0
2022-10-31 19:44:53.633 | DEBUG    | localization_association_rule_mining:__call__:392 - |order-other                   |   25.05|order-other                                                 |0.325380|   77.00|0.439883|0.555556|      36|     113
2022-10-31 19:44:53.633 | DEBUG    | localization_association_rule_mining:__call__:392 - |route                         |   22.20|route                                                       |0.255132|   87.00|0.255132|1.000000|      87|       0
2022-10-31 19:44:53.633 | DEBUG    | localization_association_rule_mining:__call__:392 - |food                          |   14.61|food                                                        |0.256267|   57.00|0.269795|0.836364|      15|      72
2022-10-31 19:44:53.633 | DEBUG    | localization_association_rule_mining:__call__:392 - |order                         |   11.15|order                                                       |0.134304|   83.00|0.243402|0.230556|      83|       0
2022-10-31 19:44:53.633 | DEBUG    | localization_association_rule_mining:__call__:392 - |food-map                      |    9.53|food-map                                                    |0.167155|   57.00|0.167155|1.000000|      57|       0
2022-10-31 19:44:53.633 | DEBUG    | localization_association_rule_mining:__call__:392 - |train                         |    7.04|train                                                       |0.146628|   48.00|0.146628|1.000000|      48|       0
2022-10-31 19:44:53.633 | DEBUG    | localization_association_rule_mining:__call__:392 - |auth                          |    5.58|auth                                                        |0.123967|   45.00|0.131965|0.671642|       0|      45
2022-10-31 19:44:53.633 | DEBUG    | localization_association_rule_mining:__call__:392 - |cancel                        |    5.31|cancel                                                      |0.123563|   43.00|0.126100|0.860000|       0|      43
2022-10-31 19:44:53.633 | DEBUG    | localization_association_rule_mining:__call__:392 - |verification-code             |    3.69|verification-code                                           |0.081967|   45.00|0.131965|0.177866|      45|       0
2022-10-31 19:44:53.633 | DEBUG    | localization_association_rule_mining:__call__:392 - |travel                        |    3.52|travel                                                      |0.351906|   10.00|0.351906|1.000000|      85|      95
2022-10-31 19:44:53.633 | DEBUG    | localization_association_rule_mining:__call__:392 - |basic                         |    0.95|basic                                                       |0.158358|    6.00|0.158358|1.000000|      47|      53
2022-10-31 19:44:53.633 | DEBUG    | localization_association_rule_mining:__call__:392 - |ticketinfo                    |    0.65|ticketinfo                                                  |0.161290|    4.00|0.161290|1.000000|      51|      47
2022-10-31 19:44:53.633 | DEBUG    | localization_association_rule_mining:__call__:392 - |seat                          |    0.00|seat                                                        |0.140762|    0.00|0.140762|1.000000|      37|      37
2022-10-31 19:44:53.633 | DEBUG    | localization_association_rule_mining:__call__:392 - |config                        |   -1.00|                                                            |0.000000|    0.00|0.000000|0.000000|       0|       0
2022-10-31 19:44:53.634 | DEBUG    | localization_association_rule_mining:__call__:392 - |admin-order                   |   -1.00|                                                            |0.000000|    0.00|0.000000|0.000000|       0|       0
2022-10-31 19:44:53.634 | DEBUG    | localization_association_rule_mining:__call__:392 - |consign                       |   -1.00|                                                            |0.000000|    0.00|0.000000|0.000000|       0|       0
2022-10-31 19:44:53.634 | DEBUG    | localization_association_rule_mining:__call__:392 - |preserve-other                |   -1.00|                                                            |0.000000|    0.00|0.000000|0.000000|       0|       0
2022-10-31 19:44:53.634 | DEBUG    | localization_association_rule_mining:__call__:392 - |preserve                      |   -1.00|                                                            |0.000000|    0.00|0.000000|0.000000|       0|       0
2022-10-31 19:44:53.634 | DEBUG    | localization_association_rule_mining:__call__:392 - |price                         |   -1.00|                                                            |0.000000|    0.00|0.000000|0.000000|       0|       0
2022-10-31 19:44:53.634 | DEBUG    | localization_association_rule_mining:__call__:392 - |assurance                     |   -1.00|                                                            |0.000000|    0.00|0.000000|0.000000|       0|       0
2022-10-31 19:44:53.634 | DEBUG    | localization_association_rule_mining:__call__:392 - |travel-plan                   |   -1.00|                                                            |0.000000|    0.00|0.000000|0.000000|       0|       0
2022-10-31 19:44:53.634 | DEBUG    | localization_association_rule_mining:__call__:392 - |payment                       |   -1.00|                                                            |0.000000|    0.00|0.000000|0.000000|       0|       0
2022-10-31 19:44:53.634 | DEBUG    | localization_association_rule_mining:__call__:392 - |route-plan                    |   -1.00|                                                            |0.000000|    0.00|0.000000|0.000000|       0|       0
2022-10-31 19:44:53.634 | DEBUG    | localization_association_rule_mining:__call__:392 - |security                      |   -1.00|                                                            |0.000000|    0.00|0.000000|0.000000|       0|       0
2022-10-31 19:44:53.634 | DEBUG    | localization_association_rule_mining:__call__:392 - |inside-payment                |   -1.00|                                                            |0.000000|    0.00|0.000000|0.000000|       0|       0
2022-10-31 19:44:53.634 | DEBUG    | localization_association_rule_mining:__call__:392 - |ts-ui-dashboard               |   -1.00|                                                            |0.000000|    0.00|0.000000|0.000000|       0|       0
2022-10-31 19:44:53.634 | DEBUG    | localization_association_rule_mining:__call__:392 - |travel2                       |   -1.00|                                                            |0.000000|    0.00|0.000000|0.000000|       0|       0
2022-10-31 19:44:53.634 | DEBUG    | localization_association_rule_mining:__call__:392 - |notification                  |   -1.00|                                                            |0.000000|    0.00|0.000000|0.000000|       0|       0
2022-10-31 19:44:53.634 | DEBUG    | localization_association_rule_mining:__call__:392 - |admin-basic-info              |   -1.00|                                                            |0.000000|    0.00|0.000000|0.000000|       0|       0
2022-10-31 19:44:53.634 | DEBUG    | localization_association_rule_mining:__call__:392 - |contacts                      |   -1.00|                                                            |0.000000|    0.00|0.000000|0.000000|       0|       0
2022-10-31 19:44:53.634 | DEBUG    | localization_association_rule_mining:__call__:392 - |user                          |   -1.00|                                                            |0.000000|    0.00|0.000000|0.000000|       0|       0
