2022-10-31 19:50:06.671 | DEBUG    | localization_association_rule_mining:__call__:388 - |item                          |score   |pattern                                                     |ps      |ips     |p(a|b)  |p(b|a)  |in      |out     
2022-10-31 19:50:06.671 | DEBUG    | localization_association_rule_mining:__call__:392 - |station                       |   40.36|station                                                     |0.474860|   85.00|0.541401|0.794393|      85|       0
2022-10-31 19:50:06.671 | DEBUG    | localization_association_rule_mining:__call__:392 - |route                         |   20.69|route                                                       |0.363057|   57.00|0.363057|1.000000|      57|       0
2022-10-31 19:50:06.671 | DEBUG    | localization_association_rule_mining:__call__:392 - |auth                          |   15.21|auth                                                        |0.298246|   51.00|0.324841|0.784615|       0|      51
2022-10-31 19:50:06.671 | DEBUG    | localization_association_rule_mining:__call__:392 - |food                          |   15.19|food                                                        |0.337580|   45.00|0.337580|1.000000|       4|      49
2022-10-31 19:50:06.671 | DEBUG    | localization_association_rule_mining:__call__:392 - |food-map                      |   11.24|food-map                                                    |0.267516|   42.00|0.267516|1.000000|      42|       0
2022-10-31 19:50:06.671 | DEBUG    | localization_association_rule_mining:__call__:392 - |verification-code             |    6.84|verification-code                                           |0.134211|   51.00|0.324841|0.186131|      51|       0
2022-10-31 19:50:06.671 | DEBUG    | localization_association_rule_mining:__call__:392 - |order                         |    5.61|order                                                       |0.170103|   33.00|0.210191|0.471429|      33|       0
2022-10-31 19:50:06.671 | DEBUG    | localization_association_rule_mining:__call__:392 - |order-other                   |    3.09|order-other                                                 |0.147059|   21.00|0.159236|0.657895|       2|      23
2022-10-31 19:50:06.671 | DEBUG    | localization_association_rule_mining:__call__:392 - |train                         |    2.81|train                                                       |0.133758|   21.00|0.133758|1.000000|      21|       0
2022-10-31 19:50:06.672 | DEBUG    | localization_association_rule_mining:__call__:392 - |travel                        |    2.81|travel                                                      |0.401274|    7.00|0.401274|1.000000|      50|      57
2022-10-31 19:50:06.672 | DEBUG    | localization_association_rule_mining:__call__:392 - |config                        |    2.06|config                                                      |0.114650|   18.00|0.114650|1.000000|      18|       0
2022-10-31 19:50:06.672 | DEBUG    | localization_association_rule_mining:__call__:392 - |seat                          |    0.76|seat                                                        |0.152866|    5.00|0.152866|1.000000|      19|      24
2022-10-31 19:50:06.672 | DEBUG    | localization_association_rule_mining:__call__:392 - |basic                         |    0.15|basic                                                       |0.152866|    1.00|0.152866|1.000000|      23|      24
2022-10-31 19:50:06.672 | DEBUG    | localization_association_rule_mining:__call__:392 - |ticketinfo                    |    0.15|ticketinfo                                                  |0.152866|    1.00|0.152866|1.000000|      22|      23
2022-10-31 19:50:06.672 | DEBUG    | localization_association_rule_mining:__call__:392 - |security                      |   -1.00|                                                            |0.000000|    0.00|0.000000|0.000000|       0|       0
2022-10-31 19:50:06.672 | DEBUG    | localization_association_rule_mining:__call__:392 - |price                         |   -1.00|                                                            |0.000000|    0.00|0.000000|0.000000|       0|       0
2022-10-31 19:50:06.672 | DEBUG    | localization_association_rule_mining:__call__:392 - |payment                       |   -1.00|                                                            |0.000000|    0.00|0.000000|0.000000|       0|       0
2022-10-31 19:50:06.672 | DEBUG    | localization_association_rule_mining:__call__:392 - |notification                  |   -1.00|                                                            |0.000000|    0.00|0.000000|0.000000|       0|       0
2022-10-31 19:50:06.672 | DEBUG    | localization_association_rule_mining:__call__:392 - |ts-ui-dashboard               |   -1.00|                                                            |0.000000|    0.00|0.000000|0.000000|       0|       0
2022-10-31 19:50:06.672 | DEBUG    | localization_association_rule_mining:__call__:392 - |preserve                      |   -1.00|                                                            |0.000000|    0.00|0.000000|0.000000|       0|       0
2022-10-31 19:50:06.672 | DEBUG    | localization_association_rule_mining:__call__:392 - |contacts                      |   -1.00|                                                            |0.000000|    0.00|0.000000|0.000000|       0|       0
2022-10-31 19:50:06.672 | DEBUG    | localization_association_rule_mining:__call__:392 - |inside-payment                |   -1.00|                                                            |0.000000|    0.00|0.000000|0.000000|       0|       0
2022-10-31 19:50:06.672 | DEBUG    | localization_association_rule_mining:__call__:392 - |consign                       |   -1.00|                                                            |0.000000|    0.00|0.000000|0.000000|       0|       0
2022-10-31 19:50:06.672 | DEBUG    | localization_association_rule_mining:__call__:392 - |cancel                        |   -1.00|                                                            |0.000000|    0.00|0.000000|0.000000|       0|       0
2022-10-31 19:50:06.672 | DEBUG    | localization_association_rule_mining:__call__:392 - |assurance                     |   -1.00|                                                            |0.000000|    0.00|0.000000|0.000000|       0|       0
2022-10-31 19:50:06.673 | DEBUG    | localization_association_rule_mining:__call__:392 - |travel-plan                   |   -1.00|                                                            |0.000000|    0.00|0.000000|0.000000|       0|       0
2022-10-31 19:50:06.673 | DEBUG    | localization_association_rule_mining:__call__:392 - |user                          |   -1.00|                                                            |0.000000|    0.00|0.000000|0.000000|       0|       0
