2022-10-31 19:50:01.651 | DEBUG    | localization_association_rule_mining:__call__:388 - |item                          |score   |pattern                                                     |ps      |ips     |p(a|b)  |p(b|a)  |in      |out     
2022-10-31 19:50:01.652 | DEBUG    | localization_association_rule_mining:__call__:392 - |station                       |   39.76|station                                                     |0.418502|   95.00|0.494792|0.730769|      95|       0
2022-10-31 19:50:01.652 | DEBUG    | localization_association_rule_mining:__call__:392 - |auth                          |   15.94|auth                                                        |0.274882|   58.00|0.302083|0.753247|       0|      58
2022-10-31 19:50:01.652 | DEBUG    | localization_association_rule_mining:__call__:392 - |route                         |   13.55|route                                                       |0.265625|   51.00|0.265625|1.000000|      51|       0
2022-10-31 19:50:01.652 | DEBUG    | localization_association_rule_mining:__call__:392 - |food                          |   13.38|food                                                        |0.297436|   45.00|0.302083|0.950820|       5|      50
2022-10-31 19:50:01.652 | DEBUG    | localization_association_rule_mining:__call__:392 - |food-map                      |    8.97|food-map                                                    |0.218750|   41.00|0.218750|1.000000|      41|       0
2022-10-31 19:50:01.652 | DEBUG    | localization_association_rule_mining:__call__:392 - |verification-code             |    8.27|verification-code                                           |0.142506|   58.00|0.302083|0.212454|      58|       0
2022-10-31 19:50:01.652 | DEBUG    | localization_association_rule_mining:__call__:392 - |order-other                   |    7.05|order-other                                                 |0.180723|   39.00|0.234375|0.441176|       3|      42
2022-10-31 19:50:01.652 | DEBUG    | localization_association_rule_mining:__call__:392 - |travel                        |    4.06|travel                                                      |0.312500|   13.00|0.312500|1.000000|      39|      52
2022-10-31 19:50:01.652 | DEBUG    | localization_association_rule_mining:__call__:392 - |order                         |    2.81|order                                                       |0.093750|   30.00|0.156250|0.189873|      30|       0
2022-10-31 19:50:01.652 | DEBUG    | localization_association_rule_mining:__call__:392 - |basic                         |    0.42|basic                                                       |0.104167|    4.00|0.104167|1.000000|      16|      20
2022-10-31 19:50:01.652 | DEBUG    | localization_association_rule_mining:__call__:392 - |train                         |   -1.00|                                                            |0.000000|    0.00|0.000000|0.000000|       0|       0
2022-10-31 19:50:01.652 | DEBUG    | localization_association_rule_mining:__call__:392 - |assurance                     |   -1.00|                                                            |0.000000|    0.00|0.000000|0.000000|       0|       0
2022-10-31 19:50:01.652 | DEBUG    | localization_association_rule_mining:__call__:392 - |config                        |   -1.00|                                                            |0.000000|    0.00|0.000000|0.000000|       0|       0
2022-10-31 19:50:01.652 | DEBUG    | localization_association_rule_mining:__call__:392 - |cancel                        |   -1.00|                                                            |0.000000|    0.00|0.000000|0.000000|       0|       0
2022-10-31 19:50:01.652 | DEBUG    | localization_association_rule_mining:__call__:392 - |ticketinfo                    |   -1.00|                                                            |0.000000|    0.00|0.000000|0.000000|       0|       0
2022-10-31 19:50:01.653 | DEBUG    | localization_association_rule_mining:__call__:392 - |price                         |   -1.00|                                                            |0.000000|    0.00|0.000000|0.000000|       0|       0
2022-10-31 19:50:01.653 | DEBUG    | localization_association_rule_mining:__call__:392 - |payment                       |   -1.00|                                                            |0.000000|    0.00|0.000000|0.000000|       0|       0
2022-10-31 19:50:01.653 | DEBUG    | localization_association_rule_mining:__call__:392 - |inside-payment                |   -1.00|                                                            |0.000000|    0.00|0.000000|0.000000|       0|       0
2022-10-31 19:50:01.653 | DEBUG    | localization_association_rule_mining:__call__:392 - |consign                       |   -1.00|                                                            |0.000000|    0.00|0.000000|0.000000|       0|       0
2022-10-31 19:50:01.653 | DEBUG    | localization_association_rule_mining:__call__:392 - |contacts                      |   -1.00|                                                            |0.000000|    0.00|0.000000|0.000000|       0|       0
2022-10-31 19:50:01.653 | DEBUG    | localization_association_rule_mining:__call__:392 - |ts-ui-dashboard               |   -1.00|                                                            |0.000000|    0.00|0.000000|0.000000|       0|       0
2022-10-31 19:50:01.653 | DEBUG    | localization_association_rule_mining:__call__:392 - |notification                  |   -1.00|                                                            |0.000000|    0.00|0.000000|0.000000|       0|       0
2022-10-31 19:50:01.653 | DEBUG    | localization_association_rule_mining:__call__:392 - |preserve                      |   -1.00|                                                            |0.000000|    0.00|0.000000|0.000000|       0|       0
2022-10-31 19:50:01.653 | DEBUG    | localization_association_rule_mining:__call__:392 - |security                      |   -1.00|                                                            |0.000000|    0.00|0.000000|0.000000|       0|       0
2022-10-31 19:50:01.653 | DEBUG    | localization_association_rule_mining:__call__:392 - |user                          |   -1.00|                                                            |0.000000|    0.00|0.000000|0.000000|       0|       0
2022-10-31 19:50:01.653 | DEBUG    | localization_association_rule_mining:__call__:392 - |seat                          |   -1.00|                                                            |0.000000|    0.00|0.000000|0.000000|       0|       0
2022-10-31 19:50:01.653 | DEBUG    | localization_association_rule_mining:__call__:392 - |admin-order                   |   -1.00|                                                            |0.000000|    0.00|0.000000|0.000000|       0|       0
