2022-11-16 15:29:37.804 | DEBUG    | localization_association_rule_mining:__call__:390 - |item                          |score   |pattern                                                     |ps      |ips     |p(a|b)  |p(b|a)  |in      |out     
2022-11-16 15:29:37.804 | DEBUG    | localization_association_rule_mining:__call__:394 - |food                          |    9.54|food                                                        |0.560976|   17.00|0.560976|1.000000|      19|       2
2022-11-16 15:29:37.804 | DEBUG    | localization_association_rule_mining:__call__:394 - |travel                        |    7.90|travel                                                      |0.439024|   18.00|0.439024|1.000000|      18|       0
2022-11-16 15:29:37.804 | DEBUG    | localization_association_rule_mining:__call__:394 - |seat                          |    3.29|seat                                                        |0.365854|    9.00|0.365854|1.000000|       6|      15
2022-11-16 15:29:37.804 | DEBUG    | localization_association_rule_mining:__call__:394 - |notification                  |    0.56|notification                                                |0.186047|    3.00|0.195122|0.800000|       3|       0
2022-11-16 15:29:37.804 | DEBUG    | localization_association_rule_mining:__call__:394 - |user                          |    0.21|user                                                        |0.214286|    1.00|0.219512|0.900000|       1|       0
2022-11-16 15:29:37.805 | DEBUG    | localization_association_rule_mining:__call__:394 - |preserve                      |    0.12|preserve                                                    |0.121951|    1.00|0.121951|1.000000|       5|       4
2022-11-16 15:29:37.805 | DEBUG    | localization_association_rule_mining:__call__:394 - |ticketinfo                    |    0.00|ticketinfo                                                  |0.390244|    0.00|0.390244|1.000000|       0|       0
2022-11-16 15:29:37.805 | DEBUG    | localization_association_rule_mining:__call__:394 - |route                         |    0.00|route                                                       |0.243902|    0.00|0.243902|1.000000|       0|       0
2022-11-16 15:29:37.805 | DEBUG    | localization_association_rule_mining:__call__:394 - |basic                         |    0.00|basic                                                       |0.390244|    0.00|0.390244|1.000000|       0|       0
2022-11-16 15:29:37.805 | DEBUG    | localization_association_rule_mining:__call__:394 - |station                       |    0.00|station                                                     |0.230000|    0.00|0.560976|0.280488|       0|       0
2022-11-16 15:29:37.805 | DEBUG    | localization_association_rule_mining:__call__:394 - |order                         |    0.00|order                                                       |0.197802|    0.00|0.439024|0.264706|       0|       0
2022-11-16 15:29:37.805 | DEBUG    | localization_association_rule_mining:__call__:394 - |train                         |    0.00|train                                                       |0.268293|    0.00|0.268293|1.000000|       0|       0
2022-11-16 15:29:37.805 | DEBUG    | localization_association_rule_mining:__call__:394 - |price                         |    0.00|price                                                       |0.219512|    0.00|0.219512|1.000000|       0|       0
2022-11-16 15:29:37.805 | DEBUG    | localization_association_rule_mining:__call__:394 - |config                        |    0.00|config                                                      |0.292683|    0.00|0.292683|1.000000|       0|       0
2022-11-16 15:29:37.805 | DEBUG    | localization_association_rule_mining:__call__:394 - |contacts                      |   -1.00|                                                            |0.000000|    0.00|0.000000|0.000000|       0|       0
2022-11-16 15:29:37.805 | DEBUG    | localization_association_rule_mining:__call__:394 - |assurance                     |   -1.00|                                                            |0.000000|    0.00|0.000000|0.000000|       0|       0
2022-11-16 15:29:37.805 | DEBUG    | localization_association_rule_mining:__call__:394 - |security                      |   -1.00|                                                            |0.000000|    0.00|0.000000|0.000000|       0|       0
2022-11-16 15:29:37.805 | DEBUG    | localization_association_rule_mining:__call__:394 - |verification-code             |   -1.00|                                                            |0.000000|    0.00|0.000000|0.000000|       0|       0
2022-11-16 15:29:37.805 | DEBUG    | localization_association_rule_mining:__call__:394 - |payment                       |   -1.00|                                                            |0.000000|    0.00|0.000000|0.000000|       0|       0
2022-11-16 15:29:37.805 | DEBUG    | localization_association_rule_mining:__call__:394 - |travel-plan                   |   -1.00|                                                            |0.000000|    0.00|0.000000|0.000000|       0|       0
2022-11-16 15:29:37.805 | DEBUG    | localization_association_rule_mining:__call__:394 - |consign                       |   -1.00|                                                            |0.000000|    0.00|0.000000|0.000000|       0|       0
2022-11-16 15:29:37.805 | DEBUG    | localization_association_rule_mining:__call__:394 - |order-other                   |   -1.00|                                                            |0.000000|    0.00|0.000000|0.000000|       0|       0
2022-11-16 15:29:37.805 | DEBUG    | localization_association_rule_mining:__call__:394 - |food-map                      |   -1.00|                                                            |0.000000|    0.00|0.000000|0.000000|       0|       0
2022-11-16 15:29:37.806 | DEBUG    | localization_association_rule_mining:__call__:394 - |travel2                       |   -1.00|                                                            |0.000000|    0.00|0.000000|0.000000|       0|       0
2022-11-16 15:29:37.806 | DEBUG    | localization_association_rule_mining:__call__:394 - |ts-ui-dashboard               |   -1.00|                                                            |0.000000|    0.00|0.000000|0.000000|       0|       0
2022-11-16 15:29:37.806 | DEBUG    | localization_association_rule_mining:__call__:394 - |auth                          |   -1.00|                                                            |0.000000|    0.00|0.000000|0.000000|       0|       0
2022-11-16 15:29:37.806 | DEBUG    | localization_association_rule_mining:__call__:394 - |route-plan                    |   -1.00|                                                            |0.000000|    0.00|0.000000|0.000000|       0|       0
2022-11-16 15:29:37.806 | DEBUG    | localization_association_rule_mining:__call__:394 - |inside-payment                |   -1.00|                                                            |0.000000|    0.00|0.000000|0.000000|       0|       0
2022-11-16 15:29:37.806 | DEBUG    | localization_association_rule_mining:__call__:394 - |cancel                        |   -1.00|                                                            |0.000000|    0.00|0.000000|0.000000|       0|       0
