2022-11-16 16:49:24.439 | DEBUG    | localization_association_rule_mining:__call__:390 - |item                          |score   |pattern                                                     |ps      |ips     |p(a|b)  |p(b|a)  |in      |out     
2022-11-16 16:49:24.439 | DEBUG    | localization_association_rule_mining:__call__:394 - |travel                        |   28.57|travel                                                      |0.865672|   33.00|0.935484|0.920635|      51|      18
2022-11-16 16:49:24.439 | DEBUG    | localization_association_rule_mining:__call__:394 - |food                          |    2.77|food                                                        |0.554054|    5.00|0.661290|0.773585|      22|      27
2022-11-16 16:49:24.439 | DEBUG    | localization_association_rule_mining:__call__:394 - |seat                          |    1.94|seat                                                        |0.387097|    5.00|0.387097|1.000000|      19|      24
2022-11-16 16:49:24.439 | DEBUG    | localization_association_rule_mining:__call__:394 - |preserve                      |    0.13|preserve                                                    |0.129032|    1.00|0.129032|1.000000|       4|       5
2022-11-16 16:49:24.439 | DEBUG    | localization_association_rule_mining:__call__:394 - |config                        |    0.00|config                                                      |0.290323|    0.00|0.290323|1.000000|       0|       0
2022-11-16 16:49:24.440 | DEBUG    | localization_association_rule_mining:__call__:394 - |route                         |    0.00|route                                                       |0.776119|    0.00|0.838710|0.912281|       0|       0
2022-11-16 16:49:24.440 | DEBUG    | localization_association_rule_mining:__call__:394 - |station                       |    0.00|station                                                     |0.469565|    0.00|0.870968|0.504673|       0|       0
2022-11-16 16:49:24.440 | DEBUG    | localization_association_rule_mining:__call__:394 - |basic                         |    0.00|basic                                                       |0.387097|    0.00|0.387097|1.000000|       0|       0
2022-11-16 16:49:24.440 | DEBUG    | localization_association_rule_mining:__call__:394 - |price                         |    0.00|price                                                       |0.129032|    0.00|0.129032|1.000000|       0|       0
2022-11-16 16:49:24.440 | DEBUG    | localization_association_rule_mining:__call__:394 - |ticketinfo                    |    0.00|ticketinfo                                                  |0.387097|    0.00|0.387097|1.000000|       0|       0
2022-11-16 16:49:24.440 | DEBUG    | localization_association_rule_mining:__call__:394 - |train                         |    0.00|train                                                       |0.338710|    0.00|0.338710|1.000000|       0|       0
2022-11-16 16:49:24.440 | DEBUG    | localization_association_rule_mining:__call__:394 - |food-map                      |    0.00|food-map                                                    |0.444444|    0.00|0.516129|0.761905|       0|       0
2022-11-16 16:49:24.440 | DEBUG    | localization_association_rule_mining:__call__:394 - |order                         |    0.00|order                                                       |0.222222|    0.00|0.387097|0.342857|       0|       0
2022-11-16 16:49:24.440 | DEBUG    | localization_association_rule_mining:__call__:394 - |inside-payment                |   -1.00|                                                            |0.000000|    0.00|0.000000|0.000000|       0|       0
2022-11-16 16:49:24.440 | DEBUG    | localization_association_rule_mining:__call__:394 - |security                      |   -1.00|                                                            |0.000000|    0.00|0.000000|0.000000|       0|       0
2022-11-16 16:49:24.440 | DEBUG    | localization_association_rule_mining:__call__:394 - |verification-code             |   -1.00|                                                            |0.000000|    0.00|0.000000|0.000000|       0|       0
2022-11-16 16:49:24.440 | DEBUG    | localization_association_rule_mining:__call__:394 - |order-other                   |   -1.00|                                                            |0.000000|    0.00|0.000000|0.000000|       0|       0
2022-11-16 16:49:24.440 | DEBUG    | localization_association_rule_mining:__call__:394 - |assurance                     |   -1.00|                                                            |0.000000|    0.00|0.000000|0.000000|       0|       0
2022-11-16 16:49:24.440 | DEBUG    | localization_association_rule_mining:__call__:394 - |cancel                        |   -1.00|                                                            |0.000000|    0.00|0.000000|0.000000|       0|       0
2022-11-16 16:49:24.440 | DEBUG    | localization_association_rule_mining:__call__:394 - |notification                  |   -1.00|                                                            |0.000000|    0.00|0.000000|0.000000|       0|       0
2022-11-16 16:49:24.440 | DEBUG    | localization_association_rule_mining:__call__:394 - |payment                       |   -1.00|                                                            |0.000000|    0.00|0.000000|0.000000|       0|       0
2022-11-16 16:49:24.440 | DEBUG    | localization_association_rule_mining:__call__:394 - |consign                       |   -1.00|                                                            |0.000000|    0.00|0.000000|0.000000|       0|       0
2022-11-16 16:49:24.440 | DEBUG    | localization_association_rule_mining:__call__:394 - |auth                          |   -1.00|                                                            |0.000000|    0.00|0.000000|0.000000|       0|       0
2022-11-16 16:49:24.441 | DEBUG    | localization_association_rule_mining:__call__:394 - |contacts                      |   -1.00|                                                            |0.000000|    0.00|0.000000|0.000000|       0|       0
2022-11-16 16:49:24.441 | DEBUG    | localization_association_rule_mining:__call__:394 - |ts-ui-dashboard               |   -1.00|                                                            |0.000000|    0.00|0.000000|0.000000|       0|       0
2022-11-16 16:49:24.441 | DEBUG    | localization_association_rule_mining:__call__:394 - |user                          |   -1.00|                                                            |0.000000|    0.00|0.000000|0.000000|       0|       0
2022-11-16 16:49:24.441 | DEBUG    | localization_association_rule_mining:__call__:394 - |travel-plan                   |   -1.00|                                                            |0.000000|    0.00|0.000000|0.000000|       0|       0
