2022-10-31 19:48:14.000 | DEBUG    | localization_association_rule_mining:__call__:388 - |item                          |score   |pattern                                                     |ps      |ips     |p(a|b)  |p(b|a)  |in      |out     
2022-10-31 19:48:14.000 | DEBUG    | localization_association_rule_mining:__call__:392 - |station                       |   65.02|station                                                     |0.425000|  153.00|0.544484|0.659483|     153|       0
2022-10-31 19:48:14.000 | DEBUG    | localization_association_rule_mining:__call__:392 - |order-other                   |   26.55|order-other                                                 |0.308725|   86.00|0.327402|0.844037|       3|      89
2022-10-31 19:48:14.000 | DEBUG    | localization_association_rule_mining:__call__:392 - |auth                          |   11.76|auth                                                        |0.202797|   58.00|0.206406|0.920635|       0|      58
2022-10-31 19:48:14.000 | DEBUG    | localization_association_rule_mining:__call__:392 - |route                         |   11.16|route                                                       |0.199288|   56.00|0.199288|1.000000|      56|       0
2022-10-31 19:48:14.000 | DEBUG    | localization_association_rule_mining:__call__:392 - |food                          |   10.94|food                                                        |0.206406|   53.00|0.206406|1.000000|       2|      55
2022-10-31 19:48:14.000 | DEBUG    | localization_association_rule_mining:__call__:392 - |food-map                      |    9.62|food-map                                                    |0.185053|   52.00|0.185053|1.000000|      52|       0
2022-10-31 19:48:14.000 | DEBUG    | localization_association_rule_mining:__call__:392 - |verification-code             |    5.84|verification-code                                           |0.100694|   58.00|0.206406|0.164306|      58|       0
2022-10-31 19:48:14.000 | DEBUG    | localization_association_rule_mining:__call__:392 - |travel-plan                   |    4.61|travel-plan                                                 |0.128114|   36.00|0.128114|1.000000|       0|      36
2022-10-31 19:48:14.000 | DEBUG    | localization_association_rule_mining:__call__:392 - |route-plan                    |    4.61|route-plan                                                  |0.128114|   36.00|0.128114|1.000000|      36|       0
2022-10-31 19:48:14.001 | DEBUG    | localization_association_rule_mining:__call__:392 - |order                         |    3.96|order                                                       |0.099010|   40.00|0.142349|0.245399|      40|       0
2022-10-31 19:48:14.001 | DEBUG    | localization_association_rule_mining:__call__:392 - |cancel                        |    3.41|cancel                                                      |0.109929|   31.00|0.110320|0.968750|       0|      31
2022-10-31 19:48:14.001 | DEBUG    | localization_association_rule_mining:__call__:392 - |travel                        |    0.23|travel                                                      |0.234875|    1.00|0.234875|1.000000|      57|      56
2022-10-31 19:48:14.001 | DEBUG    | localization_association_rule_mining:__call__:392 - |ticketinfo                    |   -1.00|                                                            |0.000000|    0.00|0.000000|0.000000|       0|       0
2022-10-31 19:48:14.001 | DEBUG    | localization_association_rule_mining:__call__:392 - |user                          |   -1.00|                                                            |0.000000|    0.00|0.000000|0.000000|       0|       0
2022-10-31 19:48:14.001 | DEBUG    | localization_association_rule_mining:__call__:392 - |basic                         |   -1.00|                                                            |0.000000|    0.00|0.000000|0.000000|       0|       0
2022-10-31 19:48:14.001 | DEBUG    | localization_association_rule_mining:__call__:392 - |security                      |   -1.00|                                                            |0.000000|    0.00|0.000000|0.000000|       0|       0
2022-10-31 19:48:14.001 | DEBUG    | localization_association_rule_mining:__call__:392 - |ts-ui-dashboard               |   -1.00|                                                            |0.000000|    0.00|0.000000|0.000000|       0|       0
2022-10-31 19:48:14.001 | DEBUG    | localization_association_rule_mining:__call__:392 - |price                         |   -1.00|                                                            |0.000000|    0.00|0.000000|0.000000|       0|       0
2022-10-31 19:48:14.001 | DEBUG    | localization_association_rule_mining:__call__:392 - |travel2                       |   -1.00|                                                            |0.000000|    0.00|0.000000|0.000000|       0|       0
2022-10-31 19:48:14.001 | DEBUG    | localization_association_rule_mining:__call__:392 - |admin-order                   |   -1.00|                                                            |0.000000|    0.00|0.000000|0.000000|       0|       0
2022-10-31 19:48:14.001 | DEBUG    | localization_association_rule_mining:__call__:392 - |assurance                     |   -1.00|                                                            |0.000000|    0.00|0.000000|0.000000|       0|       0
2022-10-31 19:48:14.001 | DEBUG    | localization_association_rule_mining:__call__:392 - |seat                          |   -1.00|                                                            |0.000000|    0.00|0.000000|0.000000|       0|       0
2022-10-31 19:48:14.001 | DEBUG    | localization_association_rule_mining:__call__:392 - |consign                       |   -1.00|                                                            |0.000000|    0.00|0.000000|0.000000|       0|       0
2022-10-31 19:48:14.001 | DEBUG    | localization_association_rule_mining:__call__:392 - |config                        |   -1.00|                                                            |0.000000|    0.00|0.000000|0.000000|       0|       0
2022-10-31 19:48:14.001 | DEBUG    | localization_association_rule_mining:__call__:392 - |preserve                      |   -1.00|                                                            |0.000000|    0.00|0.000000|0.000000|       0|       0
2022-10-31 19:48:14.001 | DEBUG    | localization_association_rule_mining:__call__:392 - |train                         |   -1.00|                                                            |0.000000|    0.00|0.000000|0.000000|       0|       0
2022-10-31 19:48:14.001 | DEBUG    | localization_association_rule_mining:__call__:392 - |notification                  |   -1.00|                                                            |0.000000|    0.00|0.000000|0.000000|       0|       0
2022-10-31 19:48:14.001 | DEBUG    | localization_association_rule_mining:__call__:392 - |contacts                      |   -1.00|                                                            |0.000000|    0.00|0.000000|0.000000|       0|       0
2022-10-31 19:48:14.002 | DEBUG    | localization_association_rule_mining:__call__:392 - |inside-payment                |   -1.00|                                                            |0.000000|    0.00|0.000000|0.000000|       0|       0
2022-10-31 19:48:14.002 | DEBUG    | localization_association_rule_mining:__call__:392 - |admin-travel                  |   -1.00|                                                            |0.000000|    0.00|0.000000|0.000000|       0|       0
2022-10-31 19:48:14.002 | DEBUG    | localization_association_rule_mining:__call__:392 - |payment                       |   -1.00|                                                            |0.000000|    0.00|0.000000|0.000000|       0|       0
