2022-10-31 19:46:21.155 | DEBUG    | localization_association_rule_mining:__call__:388 - |item                          |score   |pattern                                                     |ps      |ips     |p(a|b)  |p(b|a)  |in      |out     
2022-10-31 19:46:21.155 | DEBUG    | localization_association_rule_mining:__call__:392 - |station                       |   90.16|station                                                     |0.479592|  188.00|0.632997|0.664311|     188|       0
2022-10-31 19:46:21.155 | DEBUG    | localization_association_rule_mining:__call__:392 - |route                         |   29.75|route                                                       |0.316498|   94.00|0.316498|1.000000|      94|       0
2022-10-31 19:46:21.155 | DEBUG    | localization_association_rule_mining:__call__:392 - |order                         |   17.95|order                                                       |0.181319|   99.00|0.333333|0.284483|      99|       0
2022-10-31 19:46:21.155 | DEBUG    | localization_association_rule_mining:__call__:392 - |order-other                   |   14.81|order-other                                                 |0.296203|   50.00|0.393939|0.544186|      33|      83
2022-10-31 19:46:21.155 | DEBUG    | localization_association_rule_mining:__call__:392 - |food                          |   12.91|food                                                        |0.258278|   50.00|0.262626|0.939759|      13|      63
2022-10-31 19:46:21.155 | DEBUG    | localization_association_rule_mining:__call__:392 - |cancel                        |   10.76|cancel                                                      |0.188742|   57.00|0.191919|0.919355|       0|      57
2022-10-31 19:46:21.155 | DEBUG    | localization_association_rule_mining:__call__:392 - |food-map                      |    9.46|food-map                                                    |0.178451|   53.00|0.178451|1.000000|      53|       0
2022-10-31 19:46:21.155 | DEBUG    | localization_association_rule_mining:__call__:392 - |train                         |    8.76|train                                                       |0.171717|   51.00|0.171717|1.000000|      51|       0
2022-10-31 19:46:21.155 | DEBUG    | localization_association_rule_mining:__call__:392 - |price                         |    5.12|price                                                       |0.131313|   39.00|0.131313|1.000000|      39|       0
2022-10-31 19:46:21.155 | DEBUG    | localization_association_rule_mining:__call__:392 - |travel                        |    4.86|travel                                                      |0.373737|   13.00|0.373737|1.000000|      84|      97
2022-10-31 19:46:21.156 | DEBUG    | localization_association_rule_mining:__call__:392 - |auth                          |    3.48|auth                                                        |0.105431|   33.00|0.111111|0.673469|       0|      33
2022-10-31 19:46:21.156 | DEBUG    | localization_association_rule_mining:__call__:392 - |config                        |    3.45|config                                                      |0.107744|   32.00|0.107744|1.000000|      32|       0
2022-10-31 19:46:21.156 | DEBUG    | localization_association_rule_mining:__call__:392 - |user                          |    2.54|user                                                        |0.140940|   18.00|0.141414|0.976744|      18|       0
2022-10-31 19:46:21.156 | DEBUG    | localization_association_rule_mining:__call__:392 - |verification-code             |    2.34|verification-code                                           |0.070968|   33.00|0.111111|0.164179|      33|       0
2022-10-31 19:46:21.156 | DEBUG    | localization_association_rule_mining:__call__:392 - |seat                          |    1.37|seat                                                        |0.171717|    8.00|0.171717|1.000000|      40|      48
2022-10-31 19:46:21.156 | DEBUG    | localization_association_rule_mining:__call__:392 - |basic                         |    0.91|basic                                                       |0.181818|    5.00|0.181818|1.000000|      49|      54
2022-10-31 19:46:21.156 | DEBUG    | localization_association_rule_mining:__call__:392 - |ticketinfo                    |    0.52|ticketinfo                                                  |0.171717|    3.00|0.171717|1.000000|      46|      49
2022-10-31 19:46:21.156 | DEBUG    | localization_association_rule_mining:__call__:392 - |notification                  |    0.00|notification                                                |0.134228|    0.00|0.134680|0.975610|       0|       0
2022-10-31 19:46:21.156 | DEBUG    | localization_association_rule_mining:__call__:392 - |consign                       |   -1.00|                                                            |0.000000|    0.00|0.000000|0.000000|       0|       0
2022-10-31 19:46:21.156 | DEBUG    | localization_association_rule_mining:__call__:392 - |admin-travel                  |   -1.00|                                                            |0.000000|    0.00|0.000000|0.000000|       0|       0
2022-10-31 19:46:21.156 | DEBUG    | localization_association_rule_mining:__call__:392 - |inside-payment                |   -1.00|                                                            |0.000000|    0.00|0.000000|0.000000|       0|       0
2022-10-31 19:46:21.156 | DEBUG    | localization_association_rule_mining:__call__:392 - |route-plan                    |   -1.00|                                                            |0.000000|    0.00|0.000000|0.000000|       0|       0
2022-10-31 19:46:21.156 | DEBUG    | localization_association_rule_mining:__call__:392 - |travel-plan                   |   -1.00|                                                            |0.000000|    0.00|0.000000|0.000000|       0|       0
2022-10-31 19:46:21.156 | DEBUG    | localization_association_rule_mining:__call__:392 - |assurance                     |   -1.00|                                                            |0.000000|    0.00|0.000000|0.000000|       0|       0
2022-10-31 19:46:21.156 | DEBUG    | localization_association_rule_mining:__call__:392 - |preserve-other                |   -1.00|                                                            |0.000000|    0.00|0.000000|0.000000|       0|       0
2022-10-31 19:46:21.156 | DEBUG    | localization_association_rule_mining:__call__:392 - |preserve                      |   -1.00|                                                            |0.000000|    0.00|0.000000|0.000000|       0|       0
2022-10-31 19:46:21.156 | DEBUG    | localization_association_rule_mining:__call__:392 - |contacts                      |   -1.00|                                                            |0.000000|    0.00|0.000000|0.000000|       0|       0
2022-10-31 19:46:21.156 | DEBUG    | localization_association_rule_mining:__call__:392 - |payment                       |   -1.00|                                                            |0.000000|    0.00|0.000000|0.000000|       0|       0
2022-10-31 19:46:21.156 | DEBUG    | localization_association_rule_mining:__call__:392 - |admin-order                   |   -1.00|                                                            |0.000000|    0.00|0.000000|0.000000|       0|       0
2022-10-31 19:46:21.157 | DEBUG    | localization_association_rule_mining:__call__:392 - |security                      |   -1.00|                                                            |0.000000|    0.00|0.000000|0.000000|       0|       0
2022-10-31 19:46:21.157 | DEBUG    | localization_association_rule_mining:__call__:392 - |ts-ui-dashboard               |   -1.00|                                                            |0.000000|    0.00|0.000000|0.000000|       0|       0
2022-10-31 19:46:21.157 | DEBUG    | localization_association_rule_mining:__call__:392 - |travel2                       |   -1.00|                                                            |0.000000|    0.00|0.000000|0.000000|       0|       0
