2022-10-31 19:45:57.461 | DEBUG    | localization_association_rule_mining:__call__:388 - |item                          |score   |pattern                                                     |ps      |ips     |p(a|b)  |p(b|a)  |in      |out     
2022-10-31 19:45:57.462 | DEBUG    | localization_association_rule_mining:__call__:392 - |station                       |   36.84|station                                                     |0.387755|   95.00|0.633333|0.500000|      95|       0
2022-10-31 19:45:57.462 | DEBUG    | localization_association_rule_mining:__call__:392 - |order-other                   |   30.86|order-other                                                 |0.422727|   73.00|0.620000|0.570552|      10|      83
2022-10-31 19:45:57.462 | DEBUG    | localization_association_rule_mining:__call__:392 - |order                         |    4.89|order                                                       |0.119186|   41.00|0.273333|0.174468|      41|       0
2022-10-31 19:45:57.462 | DEBUG    | localization_association_rule_mining:__call__:392 - |cancel                        |    4.45|cancel                                                      |0.171053|   26.00|0.173333|0.928571|       0|      26
2022-10-31 19:45:57.462 | DEBUG    | localization_association_rule_mining:__call__:392 - |auth                          |    4.03|auth                                                        |0.161290|   25.00|0.166667|0.833333|       0|      25
2022-10-31 19:45:57.462 | DEBUG    | localization_association_rule_mining:__call__:392 - |verification-code             |    2.44|verification-code                                           |0.097656|   25.00|0.166667|0.190840|      25|       0
2022-10-31 19:45:57.462 | DEBUG    | localization_association_rule_mining:__call__:392 - |train                         |    1.71|train                                                       |0.106667|   16.00|0.106667|1.000000|      16|       0
2022-10-31 19:45:57.462 | DEBUG    | localization_association_rule_mining:__call__:392 - |route                         |    1.50|route                                                       |0.100000|   15.00|0.100000|1.000000|      15|       0
2022-10-31 19:45:57.462 | DEBUG    | localization_association_rule_mining:__call__:392 - |travel                        |    0.32|travel                                                      |0.106667|    3.00|0.106667|1.000000|      11|      14
2022-10-31 19:45:57.462 | DEBUG    | localization_association_rule_mining:__call__:392 - |seat                          |    0.30|seat                                                        |0.100000|    3.00|0.100000|1.000000|      14|      11
2022-10-31 19:45:57.462 | DEBUG    | localization_association_rule_mining:__call__:392 - |ticketinfo                    |    0.20|ticketinfo                                                  |0.100000|    2.00|0.100000|1.000000|      14|      12
2022-10-31 19:45:57.462 | DEBUG    | localization_association_rule_mining:__call__:392 - |notification                  |   -1.00|                                                            |0.000000|    0.00|0.000000|0.000000|       0|       0
2022-10-31 19:45:57.462 | DEBUG    | localization_association_rule_mining:__call__:392 - |config                        |   -1.00|                                                            |0.000000|    0.00|0.000000|0.000000|       0|       0
2022-10-31 19:45:57.462 | DEBUG    | localization_association_rule_mining:__call__:392 - |food                          |   -1.00|                                                            |0.000000|    0.00|0.000000|0.000000|       0|       0
2022-10-31 19:45:57.462 | DEBUG    | localization_association_rule_mining:__call__:392 - |admin-order                   |   -1.00|                                                            |0.000000|    0.00|0.000000|0.000000|       0|       0
2022-10-31 19:45:57.462 | DEBUG    | localization_association_rule_mining:__call__:392 - |user                          |   -1.00|                                                            |0.000000|    0.00|0.000000|0.000000|       0|       0
2022-10-31 19:45:57.463 | DEBUG    | localization_association_rule_mining:__call__:392 - |basic                         |   -1.00|                                                            |0.000000|    0.00|0.000000|0.000000|       0|       0
2022-10-31 19:45:57.463 | DEBUG    | localization_association_rule_mining:__call__:392 - |consign                       |   -1.00|                                                            |0.000000|    0.00|0.000000|0.000000|       0|       0
2022-10-31 19:45:57.463 | DEBUG    | localization_association_rule_mining:__call__:392 - |contacts                      |   -1.00|                                                            |0.000000|    0.00|0.000000|0.000000|       0|       0
2022-10-31 19:45:57.463 | DEBUG    | localization_association_rule_mining:__call__:392 - |payment                       |   -1.00|                                                            |0.000000|    0.00|0.000000|0.000000|       0|       0
2022-10-31 19:45:57.463 | DEBUG    | localization_association_rule_mining:__call__:392 - |travel-plan                   |   -1.00|                                                            |0.000000|    0.00|0.000000|0.000000|       0|       0
2022-10-31 19:45:57.463 | DEBUG    | localization_association_rule_mining:__call__:392 - |route-plan                    |   -1.00|                                                            |0.000000|    0.00|0.000000|0.000000|       0|       0
2022-10-31 19:45:57.463 | DEBUG    | localization_association_rule_mining:__call__:392 - |preserve                      |   -1.00|                                                            |0.000000|    0.00|0.000000|0.000000|       0|       0
2022-10-31 19:45:57.463 | DEBUG    | localization_association_rule_mining:__call__:392 - |security                      |   -1.00|                                                            |0.000000|    0.00|0.000000|0.000000|       0|       0
2022-10-31 19:45:57.463 | DEBUG    | localization_association_rule_mining:__call__:392 - |inside-payment                |   -1.00|                                                            |0.000000|    0.00|0.000000|0.000000|       0|       0
2022-10-31 19:45:57.463 | DEBUG    | localization_association_rule_mining:__call__:392 - |ts-ui-dashboard               |   -1.00|                                                            |0.000000|    0.00|0.000000|0.000000|       0|       0
2022-10-31 19:45:57.463 | DEBUG    | localization_association_rule_mining:__call__:392 - |price                         |   -1.00|                                                            |0.000000|    0.00|0.000000|0.000000|       0|       0
2022-10-31 19:45:57.463 | DEBUG    | localization_association_rule_mining:__call__:392 - |travel2                       |   -1.00|                                                            |0.000000|    0.00|0.000000|0.000000|       0|       0
2022-10-31 19:45:57.463 | DEBUG    | localization_association_rule_mining:__call__:392 - |assurance                     |   -1.00|                                                            |0.000000|    0.00|0.000000|0.000000|       0|       0
