2022-10-28 00:03:46.241 | DEBUG    | localization_association_rule_mining:__call__:388 - |item                          |score   |pattern                                                     |ps      |ips     |p(a|b)  |p(b|a)  |in      |out     
2022-10-28 00:03:46.241 | DEBUG    | localization_association_rule_mining:__call__:392 - |order-other                   |   77.83|order-other                                                 |0.422989|  184.00|0.549254|0.647887|     184|       0
2022-10-28 00:03:46.241 | DEBUG    | localization_association_rule_mining:__call__:392 - |assurance                     |   36.01|assurance                                                   |0.327381|  110.00|0.328358|0.990991|     110|       0
2022-10-28 00:03:46.241 | DEBUG    | localization_association_rule_mining:__call__:392 - |seat                          |    0.92|seat                                                        |0.102041|    9.00|0.104478|0.813953|       9|       0
2022-10-28 00:03:46.242 | DEBUG    | localization_association_rule_mining:__call__:392 - |travel                        |    0.91|travel                                                      |0.100703|    9.00|0.128358|0.318519|       0|       9
2022-10-28 00:03:46.242 | DEBUG    | localization_association_rule_mining:__call__:392 - |order                         |    0.62|order                                                       |0.069085|    9.00|0.119403|0.140845|       9|       0
2022-10-28 00:03:46.242 | DEBUG    | localization_association_rule_mining:__call__:392 - |admin-order                   |    0.51|admin-order                                                 |0.101983|    5.00|0.107463|0.666667|      25|      20
2022-10-28 00:03:46.242 | DEBUG    | localization_association_rule_mining:__call__:392 - |train                         |    0.00|train                                                       |0.106267|    0.00|0.116418|0.549296|       0|       0
2022-10-28 00:03:46.242 | DEBUG    | localization_association_rule_mining:__call__:392 - |route                         |    0.00|route                                                       |0.102439|    0.00|0.125373|0.358974|       0|       0
2022-10-28 00:03:46.242 | DEBUG    | localization_association_rule_mining:__call__:392 - |ticketinfo                    |    0.00|ticketinfo                                                  |0.130319|    0.00|0.146269|0.544444|       0|       0
2022-10-28 00:03:46.242 | DEBUG    | localization_association_rule_mining:__call__:392 - |basic                         |    0.00|basic                                                       |0.132468|    0.00|0.152239|0.504950|       0|       0
2022-10-28 00:03:46.242 | DEBUG    | localization_association_rule_mining:__call__:392 - |station                       |    0.00|station                                                     |0.186466|    0.00|0.370149|0.273128|       0|       0
2022-10-28 00:03:46.242 | DEBUG    | localization_association_rule_mining:__call__:392 - |food                          |   -1.00|                                                            |0.000000|    0.00|0.000000|0.000000|       0|       0
2022-10-28 00:03:46.242 | DEBUG    | localization_association_rule_mining:__call__:392 - |admin-user                    |   -1.00|                                                            |0.000000|    0.00|0.000000|0.000000|       0|       0
2022-10-28 00:03:46.242 | DEBUG    | localization_association_rule_mining:__call__:392 - |consign                       |   -1.00|                                                            |0.000000|    0.00|0.000000|0.000000|       0|       0
2022-10-28 00:03:46.242 | DEBUG    | localization_association_rule_mining:__call__:392 - |security                      |   -1.00|                                                            |0.000000|    0.00|0.000000|0.000000|       0|       0
2022-10-28 00:03:46.242 | DEBUG    | localization_association_rule_mining:__call__:392 - |travel-plan                   |   -1.00|                                                            |0.000000|    0.00|0.000000|0.000000|       0|       0
2022-10-28 00:03:46.242 | DEBUG    | localization_association_rule_mining:__call__:392 - |ts-ui-dashboard               |   -1.00|                                                            |0.000000|    0.00|0.000000|0.000000|       0|       0
2022-10-28 00:03:46.242 | DEBUG    | localization_association_rule_mining:__call__:392 - |inside-payment                |   -1.00|                                                            |0.000000|    0.00|0.000000|0.000000|       0|       0
2022-10-28 00:03:46.242 | DEBUG    | localization_association_rule_mining:__call__:392 - |verification-code             |   -1.00|                                                            |0.000000|    0.00|0.000000|0.000000|       0|       0
2022-10-28 00:03:46.243 | DEBUG    | localization_association_rule_mining:__call__:392 - |food-map                      |   -1.00|                                                            |0.000000|    0.00|0.000000|0.000000|       0|       0
2022-10-28 00:03:46.243 | DEBUG    | localization_association_rule_mining:__call__:392 - |auth                          |   -1.00|                                                            |0.000000|    0.00|0.000000|0.000000|       0|       0
2022-10-28 00:03:46.243 | DEBUG    | localization_association_rule_mining:__call__:392 - |route-plan                    |   -1.00|                                                            |0.000000|    0.00|0.000000|0.000000|       0|       0
2022-10-28 00:03:46.243 | DEBUG    | localization_association_rule_mining:__call__:392 - |user                          |   -1.00|                                                            |0.000000|    0.00|0.000000|0.000000|       0|       0
2022-10-28 00:03:46.243 | DEBUG    | localization_association_rule_mining:__call__:392 - |notification                  |   -1.00|                                                            |0.000000|    0.00|0.000000|0.000000|       0|       0
2022-10-28 00:03:46.243 | DEBUG    | localization_association_rule_mining:__call__:392 - |cancel                        |   -1.00|                                                            |0.000000|    0.00|0.000000|0.000000|       0|       0
2022-10-28 00:03:46.243 | DEBUG    | localization_association_rule_mining:__call__:392 - |preserve-other                |   -1.00|                                                            |0.000000|    0.00|0.000000|0.000000|       0|       0
2022-10-28 00:03:46.243 | DEBUG    | localization_association_rule_mining:__call__:392 - |price                         |   -1.00|                                                            |0.000000|    0.00|0.000000|0.000000|       0|       0
2022-10-28 00:03:46.243 | DEBUG    | localization_association_rule_mining:__call__:392 - |travel2                       |   -1.00|                                                            |0.000000|    0.00|0.000000|0.000000|       0|       0
2022-10-28 00:03:46.243 | DEBUG    | localization_association_rule_mining:__call__:392 - |payment                       |   -1.00|                                                            |0.000000|    0.00|0.000000|0.000000|       0|       0
2022-10-28 00:03:46.243 | DEBUG    | localization_association_rule_mining:__call__:392 - |contacts                      |   -1.00|                                                            |0.000000|    0.00|0.000000|0.000000|       0|       0
2022-10-28 00:03:46.243 | DEBUG    | localization_association_rule_mining:__call__:392 - |preserve                      |   -1.00|                                                            |0.000000|    0.00|0.000000|0.000000|       0|       0
