2022-10-31 19:46:13.091 | DEBUG    | localization_association_rule_mining:__call__:388 - |item                          |score   |pattern                                                     |ps      |ips     |p(a|b)  |p(b|a)  |in      |out     
2022-10-31 19:46:13.091 | DEBUG    | localization_association_rule_mining:__call__:392 - |station                       |   57.12|station                                                     |0.601266|   95.00|0.714286|0.791667|      95|       0
2022-10-31 19:46:13.091 | DEBUG    | localization_association_rule_mining:__call__:392 - |route                         |   38.44|route                                                       |0.541353|   71.00|0.541353|1.000000|      71|       0
2022-10-31 19:46:13.091 | DEBUG    | localization_association_rule_mining:__call__:392 - |food                          |   20.33|food                                                        |0.451852|   45.00|0.458647|0.968254|       8|      53
2022-10-31 19:46:13.091 | DEBUG    | localization_association_rule_mining:__call__:392 - |food-map                      |   16.26|food-map                                                    |0.353383|   46.00|0.353383|1.000000|      46|       0
2022-10-31 19:46:13.091 | DEBUG    | localization_association_rule_mining:__call__:392 - |order-other                   |    5.53|order-other                                                 |0.291045|   19.00|0.293233|0.975000|      10|      29
2022-10-31 19:46:13.092 | DEBUG    | localization_association_rule_mining:__call__:392 - |auth                          |    4.93|auth                                                        |0.189781|   26.00|0.195489|0.866667|       0|      26
2022-10-31 19:46:13.092 | DEBUG    | localization_association_rule_mining:__call__:392 - |travel                        |    3.47|travel                                                      |0.578947|    6.00|0.578947|1.000000|      65|      71
2022-10-31 19:46:13.092 | DEBUG    | localization_association_rule_mining:__call__:392 - |train                         |    3.32|train                                                       |0.157895|   21.00|0.157895|1.000000|      21|       0
2022-10-31 19:46:13.092 | DEBUG    | localization_association_rule_mining:__call__:392 - |config                        |    2.71|config                                                      |0.142857|   19.00|0.142857|1.000000|      19|       0
2022-10-31 19:46:13.092 | DEBUG    | localization_association_rule_mining:__call__:392 - |price                         |    2.57|price                                                       |0.142857|   18.00|0.142857|1.000000|      18|       0
2022-10-31 19:46:13.092 | DEBUG    | localization_association_rule_mining:__call__:392 - |ticketinfo                    |    0.32|ticketinfo                                                  |0.157895|    2.00|0.157895|1.000000|      21|      19
2022-10-31 19:46:13.092 | DEBUG    | localization_association_rule_mining:__call__:392 - |basic                         |    0.15|basic                                                       |0.150376|    1.00|0.150376|1.000000|      19|      20
2022-10-31 19:46:13.092 | DEBUG    | localization_association_rule_mining:__call__:392 - |seat                          |    0.00|seat                                                        |0.157895|    0.00|0.157895|1.000000|      20|      20
2022-10-31 19:46:13.092 | DEBUG    | localization_association_rule_mining:__call__:392 - |security                      |   -1.00|                                                            |0.000000|    0.00|0.000000|0.000000|       0|       0
2022-10-31 19:46:13.092 | DEBUG    | localization_association_rule_mining:__call__:392 - |verification-code             |   -1.00|                                                            |0.000000|    0.00|0.000000|0.000000|       0|       0
2022-10-31 19:46:13.092 | DEBUG    | localization_association_rule_mining:__call__:392 - |order                         |   -1.00|                                                            |0.000000|    0.00|0.000000|0.000000|       0|       0
2022-10-31 19:46:13.092 | DEBUG    | localization_association_rule_mining:__call__:392 - |travel2                       |   -1.00|                                                            |0.000000|    0.00|0.000000|0.000000|       0|       0
2022-10-31 19:46:13.092 | DEBUG    | localization_association_rule_mining:__call__:392 - |assurance                     |   -1.00|                                                            |0.000000|    0.00|0.000000|0.000000|       0|       0
2022-10-31 19:46:13.092 | DEBUG    | localization_association_rule_mining:__call__:392 - |contacts                      |   -1.00|                                                            |0.000000|    0.00|0.000000|0.000000|       0|       0
2022-10-31 19:46:13.092 | DEBUG    | localization_association_rule_mining:__call__:392 - |preserve                      |   -1.00|                                                            |0.000000|    0.00|0.000000|0.000000|       0|       0
2022-10-31 19:46:13.092 | DEBUG    | localization_association_rule_mining:__call__:392 - |inside-payment                |   -1.00|                                                            |0.000000|    0.00|0.000000|0.000000|       0|       0
2022-10-31 19:46:13.092 | DEBUG    | localization_association_rule_mining:__call__:392 - |notification                  |   -1.00|                                                            |0.000000|    0.00|0.000000|0.000000|       0|       0
2022-10-31 19:46:13.092 | DEBUG    | localization_association_rule_mining:__call__:392 - |ts-ui-dashboard               |   -1.00|                                                            |0.000000|    0.00|0.000000|0.000000|       0|       0
2022-10-31 19:46:13.093 | DEBUG    | localization_association_rule_mining:__call__:392 - |consign                       |   -1.00|                                                            |0.000000|    0.00|0.000000|0.000000|       0|       0
2022-10-31 19:46:13.093 | DEBUG    | localization_association_rule_mining:__call__:392 - |travel-plan                   |   -1.00|                                                            |0.000000|    0.00|0.000000|0.000000|       0|       0
2022-10-31 19:46:13.093 | DEBUG    | localization_association_rule_mining:__call__:392 - |route-plan                    |   -1.00|                                                            |0.000000|    0.00|0.000000|0.000000|       0|       0
2022-10-31 19:46:13.093 | DEBUG    | localization_association_rule_mining:__call__:392 - |user                          |   -1.00|                                                            |0.000000|    0.00|0.000000|0.000000|       0|       0
