2022-10-31 19:47:00.271 | DEBUG    | localization_association_rule_mining:__call__:388 - |item                          |score   |pattern                                                     |ps      |ips     |p(a|b)  |p(b|a)  |in      |out     
2022-10-31 19:47:00.273 | DEBUG    | localization_association_rule_mining:__call__:392 - |station                       |  141.53|station                                                     |0.456554|  310.00|0.601942|0.654008|     310|       0
2022-10-31 19:47:00.273 | DEBUG    | localization_association_rule_mining:__call__:392 - |order-other                   |   46.33|order-other                                                 |0.348333|  133.00|0.405825|0.710884|      38|     171
2022-10-31 19:47:00.273 | DEBUG    | localization_association_rule_mining:__call__:392 - |order                         |   32.02|order                                                       |0.195238|  164.00|0.318447|0.335378|     164|       0
2022-10-31 19:47:00.273 | DEBUG    | localization_association_rule_mining:__call__:392 - |route                         |   25.23|route                                                       |0.221359|  114.00|0.221359|1.000000|     114|       0
2022-10-31 19:47:00.273 | DEBUG    | localization_association_rule_mining:__call__:392 - |cancel                        |   19.30|cancel                                                      |0.189239|  102.00|0.198058|0.809524|       0|     102
2022-10-31 19:47:00.273 | DEBUG    | localization_association_rule_mining:__call__:392 - |food                          |   14.29|food                                                        |0.198502|   72.00|0.205825|0.848000|      15|      87
2022-10-31 19:47:00.273 | DEBUG    | localization_association_rule_mining:__call__:392 - |train                         |    9.11|train                                                       |0.133981|   68.00|0.133981|1.000000|      68|       0
2022-10-31 19:47:00.273 | DEBUG    | localization_association_rule_mining:__call__:392 - |food-map                      |    6.09|food-map                                                    |0.108738|   56.00|0.108738|1.000000|      56|       0
2022-10-31 19:47:00.273 | DEBUG    | localization_association_rule_mining:__call__:392 - |travel                        |    4.82|travel                                                      |0.300971|   16.00|0.300971|1.000000|     107|     123
2022-10-31 19:47:00.273 | DEBUG    | localization_association_rule_mining:__call__:392 - |seat                          |    3.35|seat                                                        |0.145631|   23.00|0.145631|1.000000|      47|      70
2022-10-31 19:47:00.273 | DEBUG    | localization_association_rule_mining:__call__:392 - |basic                         |    2.42|basic                                                       |0.172816|   14.00|0.172816|1.000000|      72|      86
2022-10-31 19:47:00.273 | DEBUG    | localization_association_rule_mining:__call__:392 - |ticketinfo                    |    0.33|ticketinfo                                                  |0.165049|    2.00|0.165049|1.000000|      70|      72
2022-10-31 19:47:00.273 | DEBUG    | localization_association_rule_mining:__call__:392 - |notification                  |    0.00|notification                                                |0.118095|    0.00|0.120388|0.861111|       0|       0
2022-10-31 19:47:00.274 | DEBUG    | localization_association_rule_mining:__call__:392 - |consign                       |   -1.00|                                                            |0.000000|    0.00|0.000000|0.000000|       0|       0
2022-10-31 19:47:00.274 | DEBUG    | localization_association_rule_mining:__call__:392 - |route-plan                    |   -1.00|                                                            |0.000000|    0.00|0.000000|0.000000|       0|       0
2022-10-31 19:47:00.274 | DEBUG    | localization_association_rule_mining:__call__:392 - |verification-code             |   -1.00|                                                            |0.000000|    0.00|0.000000|0.000000|       0|       0
2022-10-31 19:47:00.274 | DEBUG    | localization_association_rule_mining:__call__:392 - |auth                          |   -1.00|                                                            |0.000000|    0.00|0.000000|0.000000|       0|       0
2022-10-31 19:47:00.274 | DEBUG    | localization_association_rule_mining:__call__:392 - |preserve-other                |   -1.00|                                                            |0.000000|    0.00|0.000000|0.000000|       0|       0
2022-10-31 19:47:00.274 | DEBUG    | localization_association_rule_mining:__call__:392 - |inside-payment                |   -1.00|                                                            |0.000000|    0.00|0.000000|0.000000|       0|       0
2022-10-31 19:47:00.274 | DEBUG    | localization_association_rule_mining:__call__:392 - |price                         |   -1.00|                                                            |0.000000|    0.00|0.000000|0.000000|       0|       0
2022-10-31 19:47:00.274 | DEBUG    | localization_association_rule_mining:__call__:392 - |preserve                      |   -1.00|                                                            |0.000000|    0.00|0.000000|0.000000|       0|       0
2022-10-31 19:47:00.274 | DEBUG    | localization_association_rule_mining:__call__:392 - |user                          |   -1.00|                                                            |0.000000|    0.00|0.000000|0.000000|       0|       0
2022-10-31 19:47:00.274 | DEBUG    | localization_association_rule_mining:__call__:392 - |contacts                      |   -1.00|                                                            |0.000000|    0.00|0.000000|0.000000|       0|       0
2022-10-31 19:47:00.274 | DEBUG    | localization_association_rule_mining:__call__:392 - |payment                       |   -1.00|                                                            |0.000000|    0.00|0.000000|0.000000|       0|       0
2022-10-31 19:47:00.274 | DEBUG    | localization_association_rule_mining:__call__:392 - |travel-plan                   |   -1.00|                                                            |0.000000|    0.00|0.000000|0.000000|       0|       0
2022-10-31 19:47:00.274 | DEBUG    | localization_association_rule_mining:__call__:392 - |travel2                       |   -1.00|                                                            |0.000000|    0.00|0.000000|0.000000|       0|       0
2022-10-31 19:47:00.274 | DEBUG    | localization_association_rule_mining:__call__:392 - |admin-order                   |   -1.00|                                                            |0.000000|    0.00|0.000000|0.000000|       0|       0
2022-10-31 19:47:00.274 | DEBUG    | localization_association_rule_mining:__call__:392 - |ts-ui-dashboard               |   -1.00|                                                            |0.000000|    0.00|0.000000|0.000000|       0|       0
2022-10-31 19:47:00.274 | DEBUG    | localization_association_rule_mining:__call__:392 - |config                        |   -1.00|                                                            |0.000000|    0.00|0.000000|0.000000|       0|       0
2022-10-31 19:47:00.274 | DEBUG    | localization_association_rule_mining:__call__:392 - |assurance                     |   -1.00|                                                            |0.000000|    0.00|0.000000|0.000000|       0|       0
2022-10-31 19:47:00.274 | DEBUG    | localization_association_rule_mining:__call__:392 - |security                      |   -1.00|                                                            |0.000000|    0.00|0.000000|0.000000|       0|       0
