2022-10-31 19:46:34.468 | DEBUG    | localization_association_rule_mining:__call__:388 - |item                          |score   |pattern                                                     |ps      |ips     |p(a|b)  |p(b|a)  |in      |out     
2022-10-31 19:46:34.468 | DEBUG    | localization_association_rule_mining:__call__:392 - |station                       |  135.26|station                                                     |0.495463|  273.00|0.634884|0.692893|     273|       0
2022-10-31 19:46:34.468 | DEBUG    | localization_association_rule_mining:__call__:392 - |order-other                   |   32.13|order-other                                                 |0.297521|  108.00|0.418605|0.507042|      36|     144
2022-10-31 19:46:34.468 | DEBUG    | localization_association_rule_mining:__call__:392 - |route                         |   29.63|route                                                       |0.262181|  113.00|0.262791|0.991228|     113|       0
2022-10-31 19:46:34.468 | DEBUG    | localization_association_rule_mining:__call__:392 - |order                         |   16.55|order                                                       |0.142683|  116.00|0.272093|0.230769|     116|       0
2022-10-31 19:46:34.468 | DEBUG    | localization_association_rule_mining:__call__:392 - |food                          |   15.04|food                                                        |0.231461|   65.00|0.239535|0.872881|      16|      81
2022-10-31 19:46:34.468 | DEBUG    | localization_association_rule_mining:__call__:392 - |food-map                      |   10.44|food-map                                                    |0.155814|   67.00|0.155814|1.000000|      67|       0
2022-10-31 19:46:34.468 | DEBUG    | localization_association_rule_mining:__call__:392 - |cancel                        |    8.21|cancel                                                      |0.134658|   61.00|0.141860|0.726190|       0|      61
2022-10-31 19:46:34.468 | DEBUG    | localization_association_rule_mining:__call__:392 - |train                         |    7.56|train                                                       |0.132558|   57.00|0.132558|1.000000|      57|       0
2022-10-31 19:46:34.468 | DEBUG    | localization_association_rule_mining:__call__:392 - |auth                          |    6.39|auth                                                        |0.118421|   54.00|0.125581|0.675000|       0|      54
2022-10-31 19:46:34.468 | DEBUG    | localization_association_rule_mining:__call__:392 - |travel                        |    5.61|travel                                                      |0.330233|   17.00|0.330233|1.000000|      99|     116
2022-10-31 19:46:34.469 | DEBUG    | localization_association_rule_mining:__call__:392 - |verification-code             |    4.49|verification-code                                           |0.083077|   54.00|0.125581|0.197080|      54|       0
2022-10-31 19:46:34.469 | DEBUG    | localization_association_rule_mining:__call__:392 - |config                        |    4.30|config                                                      |0.100000|   43.00|0.100000|1.000000|      43|       0
2022-10-31 19:46:34.469 | DEBUG    | localization_association_rule_mining:__call__:392 - |seat                          |    2.12|seat                                                        |0.151163|   14.00|0.151163|1.000000|      46|      60
2022-10-31 19:46:34.469 | DEBUG    | localization_association_rule_mining:__call__:392 - |basic                         |    1.32|basic                                                       |0.165116|    8.00|0.165116|1.000000|      60|      68
2022-10-31 19:46:34.469 | DEBUG    | localization_association_rule_mining:__call__:392 - |ticketinfo                    |    0.68|ticketinfo                                                  |0.169767|    4.00|0.169767|1.000000|      64|      60
2022-10-31 19:46:34.469 | DEBUG    | localization_association_rule_mining:__call__:392 - |admin-basic-info              |   -1.00|                                                            |0.000000|    0.00|0.000000|0.000000|       0|       0
2022-10-31 19:46:34.469 | DEBUG    | localization_association_rule_mining:__call__:392 - |payment                       |   -1.00|                                                            |0.000000|    0.00|0.000000|0.000000|       0|       0
2022-10-31 19:46:34.469 | DEBUG    | localization_association_rule_mining:__call__:392 - |security                      |   -1.00|                                                            |0.000000|    0.00|0.000000|0.000000|       0|       0
2022-10-31 19:46:34.469 | DEBUG    | localization_association_rule_mining:__call__:392 - |inside-payment                |   -1.00|                                                            |0.000000|    0.00|0.000000|0.000000|       0|       0
2022-10-31 19:46:34.469 | DEBUG    | localization_association_rule_mining:__call__:392 - |preserve-other                |   -1.00|                                                            |0.000000|    0.00|0.000000|0.000000|       0|       0
2022-10-31 19:46:34.469 | DEBUG    | localization_association_rule_mining:__call__:392 - |travel2                       |   -1.00|                                                            |0.000000|    0.00|0.000000|0.000000|       0|       0
2022-10-31 19:46:34.469 | DEBUG    | localization_association_rule_mining:__call__:392 - |admin-order                   |   -1.00|                                                            |0.000000|    0.00|0.000000|0.000000|       0|       0
2022-10-31 19:46:34.469 | DEBUG    | localization_association_rule_mining:__call__:392 - |user                          |   -1.00|                                                            |0.000000|    0.00|0.000000|0.000000|       0|       0
2022-10-31 19:46:34.469 | DEBUG    | localization_association_rule_mining:__call__:392 - |admin-travel                  |   -1.00|                                                            |0.000000|    0.00|0.000000|0.000000|       0|       0
2022-10-31 19:46:34.469 | DEBUG    | localization_association_rule_mining:__call__:392 - |admin-user                    |   -1.00|                                                            |0.000000|    0.00|0.000000|0.000000|       0|       0
2022-10-31 19:46:34.469 | DEBUG    | localization_association_rule_mining:__call__:392 - |contacts                      |   -1.00|                                                            |0.000000|    0.00|0.000000|0.000000|       0|       0
2022-10-31 19:46:34.469 | DEBUG    | localization_association_rule_mining:__call__:392 - |consign                       |   -1.00|                                                            |0.000000|    0.00|0.000000|0.000000|       0|       0
2022-10-31 19:46:34.469 | DEBUG    | localization_association_rule_mining:__call__:392 - |admin-route                   |   -1.00|                                                            |0.000000|    0.00|0.000000|0.000000|       0|       0
2022-10-31 19:46:34.470 | DEBUG    | localization_association_rule_mining:__call__:392 - |preserve                      |   -1.00|                                                            |0.000000|    0.00|0.000000|0.000000|       0|       0
2022-10-31 19:46:34.470 | DEBUG    | localization_association_rule_mining:__call__:392 - |route-plan                    |   -1.00|                                                            |0.000000|    0.00|0.000000|0.000000|       0|       0
2022-10-31 19:46:34.470 | DEBUG    | localization_association_rule_mining:__call__:392 - |travel-plan                   |   -1.00|                                                            |0.000000|    0.00|0.000000|0.000000|       0|       0
2022-10-31 19:46:34.470 | DEBUG    | localization_association_rule_mining:__call__:392 - |ts-ui-dashboard               |   -1.00|                                                            |0.000000|    0.00|0.000000|0.000000|       0|       0
2022-10-31 19:46:34.470 | DEBUG    | localization_association_rule_mining:__call__:392 - |notification                  |   -1.00|                                                            |0.000000|    0.00|0.000000|0.000000|       0|       0
2022-10-31 19:46:34.470 | DEBUG    | localization_association_rule_mining:__call__:392 - |price                         |   -1.00|                                                            |0.000000|    0.00|0.000000|0.000000|       0|       0
2022-10-31 19:46:34.470 | DEBUG    | localization_association_rule_mining:__call__:392 - |assurance                     |   -1.00|                                                            |0.000000|    0.00|0.000000|0.000000|       0|       0
