2022-10-31 19:47:05.275 | DEBUG    | localization_association_rule_mining:__call__:388 - |item                          |score   |pattern                                                     |ps      |ips     |p(a|b)  |p(b|a)  |in      |out     
2022-10-31 19:47:05.275 | DEBUG    | localization_association_rule_mining:__call__:392 - |station                       |   31.92|station                                                     |0.301136|  106.00|0.418972|0.517073|     106|       0
2022-10-31 19:47:05.275 | DEBUG    | localization_association_rule_mining:__call__:392 - |order                         |   26.63|order                                                       |0.248837|  107.00|0.422925|0.376761|     107|       0
2022-10-31 19:47:05.275 | DEBUG    | localization_association_rule_mining:__call__:392 - |route                         |   23.43|route                                                       |0.304348|   77.00|0.304348|1.000000|      77|       0
2022-10-31 19:47:05.275 | DEBUG    | localization_association_rule_mining:__call__:392 - |cancel                        |   15.27|cancel                                                      |0.242308|   63.00|0.249012|0.900000|       0|      63
2022-10-31 19:47:05.275 | DEBUG    | localization_association_rule_mining:__call__:392 - |food                          |   14.29|food                                                        |0.274809|   52.00|0.284585|0.888889|       9|      61
2022-10-31 19:47:05.275 | DEBUG    | localization_association_rule_mining:__call__:392 - |auth                          |   12.90|auth                                                        |0.215054|   60.00|0.237154|0.697674|       0|      60
2022-10-31 19:47:05.276 | DEBUG    | localization_association_rule_mining:__call__:392 - |food-map                      |   10.28|food-map                                                    |0.201581|   51.00|0.201581|1.000000|      51|       0
2022-10-31 19:47:05.276 | DEBUG    | localization_association_rule_mining:__call__:392 - |verification-code             |    7.33|verification-code                                           |0.122200|   60.00|0.237154|0.201342|      60|       0
2022-10-31 19:47:05.276 | DEBUG    | localization_association_rule_mining:__call__:392 - |travel                        |    6.87|travel                                                      |0.429134|   16.00|0.430830|0.990909|      71|      87
2022-10-31 19:47:05.276 | DEBUG    | localization_association_rule_mining:__call__:392 - |train                         |    6.32|train                                                       |0.158103|   40.00|0.158103|1.000000|      40|       0
2022-10-31 19:47:05.276 | DEBUG    | localization_association_rule_mining:__call__:392 - |config                        |    2.67|config                                                      |0.102767|   26.00|0.102767|1.000000|      26|       0
2022-10-31 19:47:05.276 | DEBUG    | localization_association_rule_mining:__call__:392 - |seat                          |    2.60|seat                                                        |0.185771|   14.00|0.185771|1.000000|      28|      42
2022-10-31 19:47:05.276 | DEBUG    | localization_association_rule_mining:__call__:392 - |inside-payment                |    2.36|inside-payment                                              |0.090592|   26.00|0.102767|0.433333|      26|       0
2022-10-31 19:47:05.276 | DEBUG    | localization_association_rule_mining:__call__:392 - |basic                         |    2.29|basic                                                       |0.229249|   10.00|0.229249|1.000000|      44|      54
2022-10-31 19:47:05.276 | DEBUG    | localization_association_rule_mining:__call__:392 - |user                          |    1.46|user                                                        |0.145669|   10.00|0.146245|0.973684|      10|       0
2022-10-31 19:47:05.276 | DEBUG    | localization_association_rule_mining:__call__:392 - |notification                  |    0.00|notification                                                |0.133333|    0.00|0.134387|0.944444|       0|       0
2022-10-31 19:47:05.276 | DEBUG    | localization_association_rule_mining:__call__:392 - |ticketinfo                    |    0.00|ticketinfo                                                  |0.209486|    0.00|0.209486|1.000000|      44|      44
2022-10-31 19:47:05.276 | DEBUG    | localization_association_rule_mining:__call__:392 - |ts-ui-dashboard               |   -1.00|                                                            |0.000000|    0.00|0.000000|0.000000|       0|       0
2022-10-31 19:47:05.276 | DEBUG    | localization_association_rule_mining:__call__:392 - |security                      |   -1.00|                                                            |0.000000|    0.00|0.000000|0.000000|       0|       0
2022-10-31 19:47:05.276 | DEBUG    | localization_association_rule_mining:__call__:392 - |route-plan                    |   -1.00|                                                            |0.000000|    0.00|0.000000|0.000000|       0|       0
2022-10-31 19:47:05.276 | DEBUG    | localization_association_rule_mining:__call__:392 - |consign                       |   -1.00|                                                            |0.000000|    0.00|0.000000|0.000000|       0|       0
2022-10-31 19:47:05.276 | DEBUG    | localization_association_rule_mining:__call__:392 - |payment                       |   -1.00|                                                            |0.000000|    0.00|0.000000|0.000000|       0|       0
2022-10-31 19:47:05.276 | DEBUG    | localization_association_rule_mining:__call__:392 - |order-other                   |   -1.00|                                                            |0.000000|    0.00|0.000000|0.000000|       0|       0
2022-10-31 19:47:05.277 | DEBUG    | localization_association_rule_mining:__call__:392 - |assurance                     |   -1.00|                                                            |0.000000|    0.00|0.000000|0.000000|       0|       0
2022-10-31 19:47:05.277 | DEBUG    | localization_association_rule_mining:__call__:392 - |price                         |   -1.00|                                                            |0.000000|    0.00|0.000000|0.000000|       0|       0
2022-10-31 19:47:05.277 | DEBUG    | localization_association_rule_mining:__call__:392 - |preserve                      |   -1.00|                                                            |0.000000|    0.00|0.000000|0.000000|       0|       0
2022-10-31 19:47:05.277 | DEBUG    | localization_association_rule_mining:__call__:392 - |travel-plan                   |   -1.00|                                                            |0.000000|    0.00|0.000000|0.000000|       0|       0
2022-10-31 19:47:05.277 | DEBUG    | localization_association_rule_mining:__call__:392 - |travel2                       |   -1.00|                                                            |0.000000|    0.00|0.000000|0.000000|       0|       0
2022-10-31 19:47:05.277 | DEBUG    | localization_association_rule_mining:__call__:392 - |admin-order                   |   -1.00|                                                            |0.000000|    0.00|0.000000|0.000000|       0|       0
2022-10-31 19:47:05.277 | DEBUG    | localization_association_rule_mining:__call__:392 - |contacts                      |   -1.00|                                                            |0.000000|    0.00|0.000000|0.000000|       0|       0
