2022-10-21 02:09:09.109 | DEBUG    | localization_association_rule_mining:__call__:388 - |item                          |score   |pattern                                                     |ps      |ips     |p(a|b)  |p(b|a)  |in      |out     
2022-10-21 02:09:09.110 | DEBUG    | localization_association_rule_mining:__call__:392 - |basic                         |   58.07|basic                                                       |0.893333|   65.00|0.985294|0.905405|      65|       0
2022-10-21 02:09:09.110 | DEBUG    | localization_association_rule_mining:__call__:392 - |travel                        |   19.80|travel                                                      |0.550000|   36.00|0.970588|0.559322|      24|      60
2022-10-21 02:09:09.110 | DEBUG    | localization_association_rule_mining:__call__:392 - |train                         |    4.73|train                                                       |0.788732|    6.00|0.823529|0.949153|       6|       0
2022-10-21 02:09:09.110 | DEBUG    | localization_association_rule_mining:__call__:392 - |ticketinfo                    |    3.57|ticketinfo                                                  |0.893333|    4.00|0.985294|0.905405|      61|      65
2022-10-21 02:09:09.110 | DEBUG    | localization_association_rule_mining:__call__:392 - |travel2                       |    2.43|travel2                                                     |0.220588|   11.00|0.220588|1.000000|       1|      12
2022-10-21 02:09:09.110 | DEBUG    | localization_association_rule_mining:__call__:392 - |preserve                      |    1.10|preserve                                                    |0.273973|    4.00|0.294118|0.800000|       9|      13
2022-10-21 02:09:09.110 | DEBUG    | localization_association_rule_mining:__call__:392 - |travel-plan                   |    0.82|travel-plan                                                 |0.205882|    4.00|0.205882|1.000000|       7|      11
2022-10-21 02:09:09.110 | DEBUG    | localization_association_rule_mining:__call__:392 - |config                        |    0.00|config                                                      |0.357143|    0.00|0.367647|0.925926|       0|       0
2022-10-21 02:09:09.110 | DEBUG    | localization_association_rule_mining:__call__:392 - |price                         |    0.00|price                                                       |0.471429|    0.00|0.485294|0.942857|       0|       0
2022-10-21 02:09:09.110 | DEBUG    | localization_association_rule_mining:__call__:392 - |route                         |    0.00|route                                                       |0.510000|    0.00|0.750000|0.614458|       0|       0
2022-10-21 02:09:09.110 | DEBUG    | localization_association_rule_mining:__call__:392 - |seat                          |    0.00|seat                                                        |0.763889|    0.00|0.808824|0.932203|       0|       0
2022-10-21 02:09:09.110 | DEBUG    | localization_association_rule_mining:__call__:392 - |security                      |    0.00|security                                                    |0.242857|    0.00|0.250000|0.894737|       0|       0
2022-10-21 02:09:09.110 | DEBUG    | localization_association_rule_mining:__call__:392 - |station                       |    0.00|station                                                     |0.296460|    0.00|0.985294|0.297778|       0|       0
2022-10-21 02:09:09.110 | DEBUG    | localization_association_rule_mining:__call__:392 - |inside-payment                |   -1.00|                                                            |0.000000|    0.00|0.000000|0.000000|       0|       0
2022-10-21 02:09:09.111 | DEBUG    | localization_association_rule_mining:__call__:392 - |verification-code             |   -1.00|                                                            |0.000000|    0.00|0.000000|0.000000|       0|       0
2022-10-21 02:09:09.111 | DEBUG    | localization_association_rule_mining:__call__:392 - |notification                  |   -1.00|                                                            |0.000000|    0.00|0.000000|0.000000|       0|       0
2022-10-21 02:09:09.111 | DEBUG    | localization_association_rule_mining:__call__:392 - |route-plan                    |   -1.00|                                                            |0.000000|    0.00|0.000000|0.000000|       0|       0
2022-10-21 02:09:09.111 | DEBUG    | localization_association_rule_mining:__call__:392 - |ts-ui-dashboard               |   -1.00|                                                            |0.000000|    0.00|0.000000|0.000000|       0|       0
2022-10-21 02:09:09.111 | DEBUG    | localization_association_rule_mining:__call__:392 - |payment                       |   -1.00|                                                            |0.000000|    0.00|0.000000|0.000000|       0|       0
2022-10-21 02:09:09.111 | DEBUG    | localization_association_rule_mining:__call__:392 - |contacts                      |   -1.00|                                                            |0.000000|    0.00|0.000000|0.000000|       0|       0
2022-10-21 02:09:09.111 | DEBUG    | localization_association_rule_mining:__call__:392 - |user                          |   -1.00|                                                            |0.000000|    0.00|0.000000|0.000000|       0|       0
2022-10-21 02:09:09.111 | DEBUG    | localization_association_rule_mining:__call__:392 - |assurance                     |   -1.00|                                                            |0.000000|    0.00|0.000000|0.000000|       0|       0
2022-10-21 02:09:09.111 | DEBUG    | localization_association_rule_mining:__call__:392 - |food                          |   -1.00|                                                            |0.000000|    0.00|0.000000|0.000000|       0|       0
2022-10-21 02:09:09.111 | DEBUG    | localization_association_rule_mining:__call__:392 - |preserve-other                |   -1.00|                                                            |0.000000|    0.00|0.000000|0.000000|       0|       0
2022-10-21 02:09:09.111 | DEBUG    | localization_association_rule_mining:__call__:392 - |order                         |   -1.00|                                                            |0.000000|    0.00|0.000000|0.000000|       0|       0
2022-10-21 02:09:09.111 | DEBUG    | localization_association_rule_mining:__call__:392 - |auth                          |   -1.00|                                                            |0.000000|    0.00|0.000000|0.000000|       0|       0
2022-10-21 02:09:09.111 | DEBUG    | localization_association_rule_mining:__call__:392 - |cancel                        |   -1.00|                                                            |0.000000|    0.00|0.000000|0.000000|       0|       0
2022-10-21 02:09:09.111 | DEBUG    | localization_association_rule_mining:__call__:392 - |admin-order                   |   -1.00|                                                            |0.000000|    0.00|0.000000|0.000000|       0|       0
2022-10-21 02:09:09.111 | DEBUG    | localization_association_rule_mining:__call__:392 - |consign                       |   -1.00|                                                            |0.000000|    0.00|0.000000|0.000000|       0|       0
2022-10-21 02:09:09.111 | DEBUG    | localization_association_rule_mining:__call__:392 - |food-map                      |   -1.00|                                                            |0.000000|    0.00|0.000000|0.000000|       0|       0
2022-10-21 02:09:09.111 | DEBUG    | localization_association_rule_mining:__call__:392 - |order-other                   |   -1.00|                                                            |0.000000|    0.00|0.000000|0.000000|       0|       0
