2022-10-31 19:50:11.695 | DEBUG    | localization_association_rule_mining:__call__:388 - |item                          |score   |pattern                                                     |ps      |ips     |p(a|b)  |p(b|a)  |in      |out     
2022-10-31 19:50:11.695 | DEBUG    | localization_association_rule_mining:__call__:392 - |station                       |   33.55|station                                                     |0.424731|   79.00|0.647541|0.552448|      79|       0
2022-10-31 19:50:11.695 | DEBUG    | localization_association_rule_mining:__call__:392 - |travel                        |    9.20|travel                                                      |0.278689|   33.00|0.278689|1.000000|      33|       0
2022-10-31 19:50:11.695 | DEBUG    | localization_association_rule_mining:__call__:392 - |order                         |    8.40|order                                                       |0.200000|   42.00|0.344262|0.323077|      42|       0
2022-10-31 19:50:11.695 | DEBUG    | localization_association_rule_mining:__call__:392 - |order-other                   |    7.88|order-other                                                 |0.262500|   30.00|0.344262|0.525000|       6|      36
2022-10-31 19:50:11.695 | DEBUG    | localization_association_rule_mining:__call__:392 - |ticketinfo                    |    6.76|ticketinfo                                                  |0.270492|   25.00|0.270492|1.000000|       8|      33
2022-10-31 19:50:11.695 | DEBUG    | localization_association_rule_mining:__call__:392 - |seat                          |    5.59|seat                                                        |0.254098|   22.00|0.254098|1.000000|       9|      31
2022-10-31 19:50:11.696 | DEBUG    | localization_association_rule_mining:__call__:392 - |config                        |    4.72|config                                                      |0.196721|   24.00|0.196721|1.000000|      24|       0
2022-10-31 19:50:11.696 | DEBUG    | localization_association_rule_mining:__call__:392 - |auth                          |    4.37|auth                                                        |0.174825|   25.00|0.204918|0.543478|       0|      25
2022-10-31 19:50:11.696 | DEBUG    | localization_association_rule_mining:__call__:392 - |price                         |    4.15|price                                                       |0.188525|   22.00|0.188525|1.000000|      22|       0
2022-10-31 19:50:11.696 | DEBUG    | localization_association_rule_mining:__call__:392 - |train                         |    3.61|train                                                       |0.172131|   21.00|0.172131|1.000000|      21|       0
2022-10-31 19:50:11.696 | DEBUG    | localization_association_rule_mining:__call__:392 - |route                         |    3.28|route                                                       |0.163934|   20.00|0.163934|1.000000|      20|       0
2022-10-31 19:50:11.696 | DEBUG    | localization_association_rule_mining:__call__:392 - |verification-code             |    2.19|verification-code                                           |0.087413|   25.00|0.204918|0.132275|      25|       0
2022-10-31 19:50:11.696 | DEBUG    | localization_association_rule_mining:__call__:392 - |cancel                        |    1.98|cancel                                                      |0.124031|   16.00|0.131148|0.695652|       0|      16
2022-10-31 19:50:11.696 | DEBUG    | localization_association_rule_mining:__call__:392 - |food                          |    0.72|food                                                        |0.119403|    6.00|0.131148|0.571429|       5|      11
2022-10-31 19:50:11.696 | DEBUG    | localization_association_rule_mining:__call__:392 - |basic                         |    0.27|basic                                                       |0.270492|    1.00|0.270492|1.000000|      33|      32
2022-10-31 19:50:11.696 | DEBUG    | localization_association_rule_mining:__call__:392 - |notification                  |    0.00|notification                                                |0.122951|    0.00|0.122951|1.000000|       0|       0
2022-10-31 19:50:11.696 | DEBUG    | localization_association_rule_mining:__call__:392 - |contacts                      |   -1.00|                                                            |0.000000|    0.00|0.000000|0.000000|       0|       0
2022-10-31 19:50:11.696 | DEBUG    | localization_association_rule_mining:__call__:392 - |travel2                       |   -1.00|                                                            |0.000000|    0.00|0.000000|0.000000|       0|       0
2022-10-31 19:50:11.696 | DEBUG    | localization_association_rule_mining:__call__:392 - |assurance                     |   -1.00|                                                            |0.000000|    0.00|0.000000|0.000000|       0|       0
2022-10-31 19:50:11.696 | DEBUG    | localization_association_rule_mining:__call__:392 - |user                          |   -1.00|                                                            |0.000000|    0.00|0.000000|0.000000|       0|       0
2022-10-31 19:50:11.696 | DEBUG    | localization_association_rule_mining:__call__:392 - |security                      |   -1.00|                                                            |0.000000|    0.00|0.000000|0.000000|       0|       0
2022-10-31 19:50:11.696 | DEBUG    | localization_association_rule_mining:__call__:392 - |travel-plan                   |   -1.00|                                                            |0.000000|    0.00|0.000000|0.000000|       0|       0
2022-10-31 19:50:11.696 | DEBUG    | localization_association_rule_mining:__call__:392 - |payment                       |   -1.00|                                                            |0.000000|    0.00|0.000000|0.000000|       0|       0
2022-10-31 19:50:11.696 | DEBUG    | localization_association_rule_mining:__call__:392 - |route-plan                    |   -1.00|                                                            |0.000000|    0.00|0.000000|0.000000|       0|       0
2022-10-31 19:50:11.697 | DEBUG    | localization_association_rule_mining:__call__:392 - |inside-payment                |   -1.00|                                                            |0.000000|    0.00|0.000000|0.000000|       0|       0
2022-10-31 19:50:11.697 | DEBUG    | localization_association_rule_mining:__call__:392 - |preserve                      |   -1.00|                                                            |0.000000|    0.00|0.000000|0.000000|       0|       0
2022-10-31 19:50:11.697 | DEBUG    | localization_association_rule_mining:__call__:392 - |consign                       |   -1.00|                                                            |0.000000|    0.00|0.000000|0.000000|       0|       0
2022-10-31 19:50:11.697 | DEBUG    | localization_association_rule_mining:__call__:392 - |food-map                      |   -1.00|                                                            |0.000000|    0.00|0.000000|0.000000|       0|       0
2022-10-31 19:50:11.697 | DEBUG    | localization_association_rule_mining:__call__:392 - |ts-ui-dashboard               |   -1.00|                                                            |0.000000|    0.00|0.000000|0.000000|       0|       0
2022-10-31 19:50:11.697 | DEBUG    | localization_association_rule_mining:__call__:392 - |admin-order                   |   -1.00|                                                            |0.000000|    0.00|0.000000|0.000000|       0|       0
