2022-10-27 23:58:09.093 | DEBUG    | localization_association_rule_mining:__call__:388 - |item                          |score   |pattern                                                     |ps      |ips     |p(a|b)  |p(b|a)  |in      |out     
2022-10-27 23:58:09.094 | DEBUG    | localization_association_rule_mining:__call__:392 - |basic                         |   66.27|basic                                                       |0.946667|   70.00|0.986111|0.959459|      70|       0
2022-10-27 23:58:09.094 | DEBUG    | localization_association_rule_mining:__call__:392 - |travel                        |   20.53|travel                                                      |0.570248|   36.00|0.958333|0.584746|      24|      60
2022-10-27 23:58:09.094 | DEBUG    | localization_association_rule_mining:__call__:392 - |ticketinfo                    |    8.52|ticketinfo                                                  |0.946667|    9.00|0.986111|0.959459|      61|      70
2022-10-27 23:58:09.094 | DEBUG    | localization_association_rule_mining:__call__:392 - |train                         |    3.97|train                                                       |0.794521|    5.00|0.805556|0.983051|       5|       0
2022-10-27 23:58:09.094 | DEBUG    | localization_association_rule_mining:__call__:392 - |travel2                       |    2.08|travel2                                                     |0.208333|   10.00|0.208333|1.000000|       1|      11
2022-10-27 23:58:09.094 | DEBUG    | localization_association_rule_mining:__call__:392 - |preserve                      |    1.17|preserve                                                    |0.293333|    4.00|0.305556|0.880000|       9|      13
2022-10-27 23:58:09.094 | DEBUG    | localization_association_rule_mining:__call__:392 - |security                      |    0.00|security                                                    |0.229730|    0.00|0.236111|0.894737|       0|       0
2022-10-27 23:58:09.094 | DEBUG    | localization_association_rule_mining:__call__:392 - |price                         |    0.00|price                                                       |0.486111|    0.00|0.486111|1.000000|       0|       0
2022-10-27 23:58:09.094 | DEBUG    | localization_association_rule_mining:__call__:392 - |station                       |    0.00|station                                                     |0.308370|    0.00|0.972222|0.311111|       0|       0
2022-10-27 23:58:09.094 | DEBUG    | localization_association_rule_mining:__call__:392 - |route                         |    0.00|route                                                       |0.519608|    0.00|0.736111|0.638554|       0|       0
2022-10-27 23:58:09.094 | DEBUG    | localization_association_rule_mining:__call__:392 - |seat                          |    0.00|seat                                                        |0.794521|    0.00|0.805556|0.983051|       0|       0
2022-10-27 23:58:09.094 | DEBUG    | localization_association_rule_mining:__call__:392 - |config                        |    0.00|config                                                      |0.356164|    0.00|0.361111|0.962963|       0|       0
2022-10-27 23:58:09.094 | DEBUG    | localization_association_rule_mining:__call__:392 - |notification                  |   -1.00|                                                            |0.000000|    0.00|0.000000|0.000000|       0|       0
2022-10-27 23:58:09.094 | DEBUG    | localization_association_rule_mining:__call__:392 - |route-plan                    |   -1.00|                                                            |0.000000|    0.00|0.000000|0.000000|       0|       0
2022-10-27 23:58:09.094 | DEBUG    | localization_association_rule_mining:__call__:392 - |assurance                     |   -1.00|                                                            |0.000000|    0.00|0.000000|0.000000|       0|       0
2022-10-27 23:58:09.094 | DEBUG    | localization_association_rule_mining:__call__:392 - |inside-payment                |   -1.00|                                                            |0.000000|    0.00|0.000000|0.000000|       0|       0
2022-10-27 23:58:09.095 | DEBUG    | localization_association_rule_mining:__call__:392 - |consign                       |   -1.00|                                                            |0.000000|    0.00|0.000000|0.000000|       0|       0
2022-10-27 23:58:09.095 | DEBUG    | localization_association_rule_mining:__call__:392 - |auth                          |   -1.00|                                                            |0.000000|    0.00|0.000000|0.000000|       0|       0
2022-10-27 23:58:09.095 | DEBUG    | localization_association_rule_mining:__call__:392 - |contacts                      |   -1.00|                                                            |0.000000|    0.00|0.000000|0.000000|       0|       0
2022-10-27 23:58:09.095 | DEBUG    | localization_association_rule_mining:__call__:392 - |ts-ui-dashboard               |   -1.00|                                                            |0.000000|    0.00|0.000000|0.000000|       0|       0
2022-10-27 23:58:09.095 | DEBUG    | localization_association_rule_mining:__call__:392 - |user                          |   -1.00|                                                            |0.000000|    0.00|0.000000|0.000000|       0|       0
2022-10-27 23:58:09.095 | DEBUG    | localization_association_rule_mining:__call__:392 - |verification-code             |   -1.00|                                                            |0.000000|    0.00|0.000000|0.000000|       0|       0
2022-10-27 23:58:09.095 | DEBUG    | localization_association_rule_mining:__call__:392 - |cancel                        |   -1.00|                                                            |0.000000|    0.00|0.000000|0.000000|       0|       0
2022-10-27 23:58:09.095 | DEBUG    | localization_association_rule_mining:__call__:392 - |food-map                      |   -1.00|                                                            |0.000000|    0.00|0.000000|0.000000|       0|       0
2022-10-27 23:58:09.095 | DEBUG    | localization_association_rule_mining:__call__:392 - |admin-order                   |   -1.00|                                                            |0.000000|    0.00|0.000000|0.000000|       0|       0
2022-10-27 23:58:09.095 | DEBUG    | localization_association_rule_mining:__call__:392 - |payment                       |   -1.00|                                                            |0.000000|    0.00|0.000000|0.000000|       0|       0
2022-10-27 23:58:09.095 | DEBUG    | localization_association_rule_mining:__call__:392 - |food                          |   -1.00|                                                            |0.000000|    0.00|0.000000|0.000000|       0|       0
2022-10-27 23:58:09.095 | DEBUG    | localization_association_rule_mining:__call__:392 - |travel-plan                   |   -1.00|                                                            |0.000000|    0.00|0.000000|0.000000|       0|       0
2022-10-27 23:58:09.095 | DEBUG    | localization_association_rule_mining:__call__:392 - |order                         |   -1.00|                                                            |0.000000|    0.00|0.000000|0.000000|       0|       0
2022-10-27 23:58:09.095 | DEBUG    | localization_association_rule_mining:__call__:392 - |order-other                   |   -1.00|                                                            |0.000000|    0.00|0.000000|0.000000|       0|       0
2022-10-27 23:58:09.095 | DEBUG    | localization_association_rule_mining:__call__:392 - |preserve-other                |   -1.00|                                                            |0.000000|    0.00|0.000000|0.000000|       0|       0
