2022-10-31 19:47:14.717 | DEBUG    | localization_association_rule_mining:__call__:388 - |item                          |score   |pattern                                                     |ps      |ips     |p(a|b)  |p(b|a)  |in      |out     
2022-10-31 19:47:14.717 | DEBUG    | localization_association_rule_mining:__call__:392 - |station                       |   59.58|station                                                     |0.465455|  128.00|0.579186|0.703297|     128|       0
2022-10-31 19:47:14.717 | DEBUG    | localization_association_rule_mining:__call__:392 - |route                         |   21.54|route                                                       |0.312217|   69.00|0.312217|1.000000|      69|       0
2022-10-31 19:47:14.717 | DEBUG    | localization_association_rule_mining:__call__:392 - |food                          |   17.86|food                                                        |0.313305|   57.00|0.330317|0.858824|       6|      63
2022-10-31 19:47:14.718 | DEBUG    | localization_association_rule_mining:__call__:392 - |food-map                      |   12.65|food-map                                                    |0.238739|   53.00|0.239819|0.981481|      53|       0
2022-10-31 19:47:14.718 | DEBUG    | localization_association_rule_mining:__call__:392 - |auth                          |   10.46|auth                                                        |0.209205|   50.00|0.226244|0.735294|       0|      50
2022-10-31 19:47:14.718 | DEBUG    | localization_association_rule_mining:__call__:392 - |order                         |    8.73|order                                                       |0.171141|   51.00|0.230769|0.398438|      51|       0
2022-10-31 19:47:14.718 | DEBUG    | localization_association_rule_mining:__call__:392 - |travel                        |    6.04|travel                                                      |0.402715|   15.00|0.402715|1.000000|      61|      76
2022-10-31 19:47:14.718 | DEBUG    | localization_association_rule_mining:__call__:392 - |verification-code             |    5.95|verification-code                                           |0.119048|   50.00|0.226244|0.200803|      50|       0
2022-10-31 19:47:14.718 | DEBUG    | localization_association_rule_mining:__call__:392 - |order-other                   |    5.83|order-other                                                 |0.243028|   24.00|0.276018|0.670330|      18|      42
2022-10-31 19:47:14.718 | DEBUG    | localization_association_rule_mining:__call__:392 - |train                         |    4.35|train                                                       |0.140271|   31.00|0.140271|1.000000|      31|       0
2022-10-31 19:47:14.718 | DEBUG    | localization_association_rule_mining:__call__:392 - |seat                          |    2.41|seat                                                        |0.171946|   14.00|0.171946|1.000000|      21|      35
2022-10-31 19:47:14.718 | DEBUG    | localization_association_rule_mining:__call__:392 - |basic                         |    1.67|basic                                                       |0.185520|    9.00|0.185520|1.000000|      31|      40
2022-10-31 19:47:14.718 | DEBUG    | localization_association_rule_mining:__call__:392 - |ticketinfo                    |    1.09|ticketinfo                                                  |0.180995|    6.00|0.180995|1.000000|      37|      31
2022-10-31 19:47:14.718 | DEBUG    | localization_association_rule_mining:__call__:392 - |inside-payment                |   -1.00|                                                            |0.000000|    0.00|0.000000|0.000000|       0|       0
2022-10-31 19:47:14.718 | DEBUG    | localization_association_rule_mining:__call__:392 - |payment                       |   -1.00|                                                            |0.000000|    0.00|0.000000|0.000000|       0|       0
2022-10-31 19:47:14.718 | DEBUG    | localization_association_rule_mining:__call__:392 - |assurance                     |   -1.00|                                                            |0.000000|    0.00|0.000000|0.000000|       0|       0
2022-10-31 19:47:14.718 | DEBUG    | localization_association_rule_mining:__call__:392 - |price                         |   -1.00|                                                            |0.000000|    0.00|0.000000|0.000000|       0|       0
2022-10-31 19:47:14.718 | DEBUG    | localization_association_rule_mining:__call__:392 - |cancel                        |   -1.00|                                                            |0.000000|    0.00|0.000000|0.000000|       0|       0
2022-10-31 19:47:14.718 | DEBUG    | localization_association_rule_mining:__call__:392 - |user                          |   -1.00|                                                            |0.000000|    0.00|0.000000|0.000000|       0|       0
2022-10-31 19:47:14.718 | DEBUG    | localization_association_rule_mining:__call__:392 - |preserve-other                |   -1.00|                                                            |0.000000|    0.00|0.000000|0.000000|       0|       0
2022-10-31 19:47:14.719 | DEBUG    | localization_association_rule_mining:__call__:392 - |security                      |   -1.00|                                                            |0.000000|    0.00|0.000000|0.000000|       0|       0
2022-10-31 19:47:14.719 | DEBUG    | localization_association_rule_mining:__call__:392 - |consign                       |   -1.00|                                                            |0.000000|    0.00|0.000000|0.000000|       0|       0
2022-10-31 19:47:14.719 | DEBUG    | localization_association_rule_mining:__call__:392 - |preserve                      |   -1.00|                                                            |0.000000|    0.00|0.000000|0.000000|       0|       0
2022-10-31 19:47:14.719 | DEBUG    | localization_association_rule_mining:__call__:392 - |ts-ui-dashboard               |   -1.00|                                                            |0.000000|    0.00|0.000000|0.000000|       0|       0
2022-10-31 19:47:14.719 | DEBUG    | localization_association_rule_mining:__call__:392 - |route-plan                    |   -1.00|                                                            |0.000000|    0.00|0.000000|0.000000|       0|       0
2022-10-31 19:47:14.719 | DEBUG    | localization_association_rule_mining:__call__:392 - |notification                  |   -1.00|                                                            |0.000000|    0.00|0.000000|0.000000|       0|       0
2022-10-31 19:47:14.719 | DEBUG    | localization_association_rule_mining:__call__:392 - |contacts                      |   -1.00|                                                            |0.000000|    0.00|0.000000|0.000000|       0|       0
2022-10-31 19:47:14.719 | DEBUG    | localization_association_rule_mining:__call__:392 - |travel2                       |   -1.00|                                                            |0.000000|    0.00|0.000000|0.000000|       0|       0
2022-10-31 19:47:14.719 | DEBUG    | localization_association_rule_mining:__call__:392 - |config                        |   -1.00|                                                            |0.000000|    0.00|0.000000|0.000000|       0|       0
2022-10-31 19:47:14.719 | DEBUG    | localization_association_rule_mining:__call__:392 - |travel-plan                   |   -1.00|                                                            |0.000000|    0.00|0.000000|0.000000|       0|       0
