2022-10-21 02:19:43.529 | DEBUG    | localization_association_rule_mining:__call__:388 - |item                          |score   |pattern                                                     |ps      |ips     |p(a|b)  |p(b|a)  |in      |out     
2022-10-21 02:19:43.530 | DEBUG    | localization_association_rule_mining:__call__:392 - |station                       |   30.16|station                                                     |0.754098|   40.00|0.766667|0.978723|      40|       0
2022-10-21 02:19:43.530 | DEBUG    | localization_association_rule_mining:__call__:392 - |seat                          |    4.19|seat                                                        |0.419355|   10.00|0.433333|0.928571|       6|      16
2022-10-21 02:19:43.530 | DEBUG    | localization_association_rule_mining:__call__:392 - |ticketinfo                    |    2.33|ticketinfo                                                  |0.466667|    5.00|0.466667|1.000000|      22|      27
2022-10-21 02:19:43.530 | DEBUG    | localization_association_rule_mining:__call__:392 - |order                         |    2.21|order                                                       |0.442623|    5.00|0.450000|0.964286|       7|       2
2022-10-21 02:19:43.530 | DEBUG    | localization_association_rule_mining:__call__:392 - |travel                        |    2.03|travel                                                      |0.677419|    3.00|0.700000|0.954545|      18|      21
2022-10-21 02:19:43.530 | DEBUG    | localization_association_rule_mining:__call__:392 - |basic                         |    1.52|basic                                                       |0.508197|    3.00|0.516667|0.968750|      27|      24
2022-10-21 02:19:43.530 | DEBUG    | localization_association_rule_mining:__call__:392 - |food                          |    0.47|food                                                        |0.233333|    2.00|0.233333|1.000000|      10|       8
2022-10-21 02:19:43.530 | DEBUG    | localization_association_rule_mining:__call__:392 - |order-other                   |    0.15|order-other                                                 |0.147541|    1.00|0.150000|0.900000|       6|       5
2022-10-21 02:19:43.530 | DEBUG    | localization_association_rule_mining:__call__:392 - |food-map                      |    0.00|food-map                                                    |0.183333|    0.00|0.183333|1.000000|       0|       0
2022-10-21 02:19:43.530 | DEBUG    | localization_association_rule_mining:__call__:392 - |train                         |    0.00|train                                                       |0.262295|    0.00|0.266667|0.941176|       0|       0
2022-10-21 02:19:43.530 | DEBUG    | localization_association_rule_mining:__call__:392 - |price                         |    0.00|price                                                       |0.166667|    0.00|0.166667|1.000000|       0|       0
2022-10-21 02:19:43.530 | DEBUG    | localization_association_rule_mining:__call__:392 - |route                         |    0.00|route                                                       |0.475410|    0.00|0.483333|0.966667|       0|       0
2022-10-21 02:19:43.530 | DEBUG    | localization_association_rule_mining:__call__:392 - |config                        |    0.00|config                                                      |0.177419|    0.00|0.183333|0.846154|       0|       0
2022-10-21 02:19:43.531 | DEBUG    | localization_association_rule_mining:__call__:392 - |ts-ui-dashboard               |   -1.00|                                                            |0.000000|    0.00|0.000000|0.000000|       0|       0
2022-10-21 02:19:43.531 | DEBUG    | localization_association_rule_mining:__call__:392 - |user                          |   -1.00|                                                            |0.000000|    0.00|0.000000|0.000000|       0|       0
2022-10-21 02:19:43.531 | DEBUG    | localization_association_rule_mining:__call__:392 - |travel-plan                   |   -1.00|                                                            |0.000000|    0.00|0.000000|0.000000|       0|       0
2022-10-21 02:19:43.531 | DEBUG    | localization_association_rule_mining:__call__:392 - |auth                          |   -1.00|                                                            |0.000000|    0.00|0.000000|0.000000|       0|       0
2022-10-21 02:19:43.531 | DEBUG    | localization_association_rule_mining:__call__:392 - |route-plan                    |   -1.00|                                                            |0.000000|    0.00|0.000000|0.000000|       0|       0
2022-10-21 02:19:43.531 | DEBUG    | localization_association_rule_mining:__call__:392 - |preserve                      |   -1.00|                                                            |0.000000|    0.00|0.000000|0.000000|       0|       0
2022-10-21 02:19:43.531 | DEBUG    | localization_association_rule_mining:__call__:392 - |contacts                      |   -1.00|                                                            |0.000000|    0.00|0.000000|0.000000|       0|       0
2022-10-21 02:19:43.531 | DEBUG    | localization_association_rule_mining:__call__:392 - |verification-code             |   -1.00|                                                            |0.000000|    0.00|0.000000|0.000000|       0|       0
2022-10-21 02:19:43.531 | DEBUG    | localization_association_rule_mining:__call__:392 - |notification                  |   -1.00|                                                            |0.000000|    0.00|0.000000|0.000000|       0|       0
2022-10-21 02:19:43.531 | DEBUG    | localization_association_rule_mining:__call__:392 - |assurance                     |   -1.00|                                                            |0.000000|    0.00|0.000000|0.000000|       0|       0
2022-10-21 02:19:43.531 | DEBUG    | localization_association_rule_mining:__call__:392 - |consign                       |   -1.00|                                                            |0.000000|    0.00|0.000000|0.000000|       0|       0
2022-10-21 02:19:43.531 | DEBUG    | localization_association_rule_mining:__call__:392 - |travel2                       |   -1.00|                                                            |0.000000|    0.00|0.000000|0.000000|       0|       0
2022-10-21 02:19:43.531 | DEBUG    | localization_association_rule_mining:__call__:392 - |security                      |   -1.00|                                                            |0.000000|    0.00|0.000000|0.000000|       0|       0
