2022-10-31 19:44:42.850 | DEBUG    | localization_association_rule_mining:__call__:388 - |item                          |score   |pattern                                                     |ps      |ips     |p(a|b)  |p(b|a)  |in      |out     
2022-10-31 19:44:42.850 | DEBUG    | localization_association_rule_mining:__call__:392 - |station                       |   39.01|station                                                     |0.493750|   79.00|0.647541|0.675214|      79|       0
2022-10-31 19:44:42.850 | DEBUG    | localization_association_rule_mining:__call__:392 - |route                         |   13.11|route                                                       |0.327869|   40.00|0.327869|1.000000|      40|       0
2022-10-31 19:44:42.850 | DEBUG    | localization_association_rule_mining:__call__:392 - |order-other                   |    9.52|order-other                                                 |0.280000|   34.00|0.344262|0.600000|       4|      38
2022-10-31 19:44:42.850 | DEBUG    | localization_association_rule_mining:__call__:392 - |travel                        |    6.52|travel                                                      |0.434426|   15.00|0.434426|1.000000|      22|      37
2022-10-31 19:44:42.850 | DEBUG    | localization_association_rule_mining:__call__:392 - |basic                         |    4.82|basic                                                       |0.344262|   14.00|0.344262|1.000000|      20|      34
2022-10-31 19:44:42.850 | DEBUG    | localization_association_rule_mining:__call__:392 - |train                         |    2.96|train                                                       |0.155738|   19.00|0.155738|1.000000|      19|       0
2022-10-31 19:44:42.850 | DEBUG    | localization_association_rule_mining:__call__:392 - |seat                          |    1.62|seat                                                        |0.180328|    9.00|0.180328|1.000000|       7|      16
2022-10-31 19:44:42.850 | DEBUG    | localization_association_rule_mining:__call__:392 - |order                         |    1.51|order                                                       |0.088542|   17.00|0.139344|0.195402|      17|       0
2022-10-31 19:44:42.850 | DEBUG    | localization_association_rule_mining:__call__:392 - |food                          |    1.28|food                                                        |0.127660|   10.00|0.147541|0.486486|       3|      13
2022-10-31 19:44:42.851 | DEBUG    | localization_association_rule_mining:__call__:392 - |ticketinfo                    |    0.56|ticketinfo                                                  |0.278689|    2.00|0.278689|1.000000|      18|      20
2022-10-31 19:44:42.851 | DEBUG    | localization_association_rule_mining:__call__:392 - |auth                          |   -1.00|                                                            |0.000000|    0.00|0.000000|0.000000|       0|       0
2022-10-31 19:44:42.851 | DEBUG    | localization_association_rule_mining:__call__:392 - |price                         |   -1.00|                                                            |0.000000|    0.00|0.000000|0.000000|       0|       0
2022-10-31 19:44:42.851 | DEBUG    | localization_association_rule_mining:__call__:392 - |consign                       |   -1.00|                                                            |0.000000|    0.00|0.000000|0.000000|       0|       0
2022-10-31 19:44:42.851 | DEBUG    | localization_association_rule_mining:__call__:392 - |assurance                     |   -1.00|                                                            |0.000000|    0.00|0.000000|0.000000|       0|       0
2022-10-31 19:44:42.851 | DEBUG    | localization_association_rule_mining:__call__:392 - |notification                  |   -1.00|                                                            |0.000000|    0.00|0.000000|0.000000|       0|       0
2022-10-31 19:44:42.851 | DEBUG    | localization_association_rule_mining:__call__:392 - |preserve-other                |   -1.00|                                                            |0.000000|    0.00|0.000000|0.000000|       0|       0
2022-10-31 19:44:42.851 | DEBUG    | localization_association_rule_mining:__call__:392 - |travel2                       |   -1.00|                                                            |0.000000|    0.00|0.000000|0.000000|       0|       0
2022-10-31 19:44:42.851 | DEBUG    | localization_association_rule_mining:__call__:392 - |route-plan                    |   -1.00|                                                            |0.000000|    0.00|0.000000|0.000000|       0|       0
2022-10-31 19:44:42.851 | DEBUG    | localization_association_rule_mining:__call__:392 - |security                      |   -1.00|                                                            |0.000000|    0.00|0.000000|0.000000|       0|       0
2022-10-31 19:44:42.851 | DEBUG    | localization_association_rule_mining:__call__:392 - |ts-ui-dashboard               |   -1.00|                                                            |0.000000|    0.00|0.000000|0.000000|       0|       0
2022-10-31 19:44:42.851 | DEBUG    | localization_association_rule_mining:__call__:392 - |user                          |   -1.00|                                                            |0.000000|    0.00|0.000000|0.000000|       0|       0
2022-10-31 19:44:42.851 | DEBUG    | localization_association_rule_mining:__call__:392 - |verification-code             |   -1.00|                                                            |0.000000|    0.00|0.000000|0.000000|       0|       0
2022-10-31 19:44:42.851 | DEBUG    | localization_association_rule_mining:__call__:392 - |cancel                        |   -1.00|                                                            |0.000000|    0.00|0.000000|0.000000|       0|       0
2022-10-31 19:44:42.851 | DEBUG    | localization_association_rule_mining:__call__:392 - |payment                       |   -1.00|                                                            |0.000000|    0.00|0.000000|0.000000|       0|       0
2022-10-31 19:44:42.851 | DEBUG    | localization_association_rule_mining:__call__:392 - |travel-plan                   |   -1.00|                                                            |0.000000|    0.00|0.000000|0.000000|       0|       0
2022-10-31 19:44:42.851 | DEBUG    | localization_association_rule_mining:__call__:392 - |config                        |   -1.00|                                                            |0.000000|    0.00|0.000000|0.000000|       0|       0
2022-10-31 19:44:42.851 | DEBUG    | localization_association_rule_mining:__call__:392 - |food-map                      |   -1.00|                                                            |0.000000|    0.00|0.000000|0.000000|       0|       0
2022-10-31 19:44:42.851 | DEBUG    | localization_association_rule_mining:__call__:392 - |preserve                      |   -1.00|                                                            |0.000000|    0.00|0.000000|0.000000|       0|       0
2022-10-31 19:44:42.852 | DEBUG    | localization_association_rule_mining:__call__:392 - |contacts                      |   -1.00|                                                            |0.000000|    0.00|0.000000|0.000000|       0|       0
2022-10-31 19:44:42.852 | DEBUG    | localization_association_rule_mining:__call__:392 - |inside-payment                |   -1.00|                                                            |0.000000|    0.00|0.000000|0.000000|       0|       0
