2022-10-21 02:24:03.011 | DEBUG    | localization_association_rule_mining:__call__:388 - |item                          |score   |pattern                                                     |ps      |ips     |p(a|b)  |p(b|a)  |in      |out     
2022-10-21 02:24:03.011 | DEBUG    | localization_association_rule_mining:__call__:392 - |travel                        |   91.20|travel                                                      |0.800000|  114.00|0.952381|0.833333|       0|     114
2022-10-21 02:24:03.011 | DEBUG    | localization_association_rule_mining:__call__:392 - |basic                         |   76.95|basic                                                       |0.785235|   98.00|0.928571|0.835714|     113|      15
2022-10-21 02:24:03.011 | DEBUG    | localization_association_rule_mining:__call__:392 - |station                       |    4.17|station                                                     |0.181208|   23.00|0.214286|0.540000|      23|       0
2022-10-21 02:24:03.011 | DEBUG    | localization_association_rule_mining:__call__:392 - |route-plan                    |    2.50|route-plan                                                  |0.312883|    8.00|0.404762|0.579545|       0|       8
2022-10-21 02:24:03.011 | DEBUG    | localization_association_rule_mining:__call__:392 - |ui-dashboard                  |    1.92|ui-dashboard                                                |0.479087|    4.00|1.000000|0.479087|       0|       4
2022-10-21 02:24:03.012 | DEBUG    | localization_association_rule_mining:__call__:392 - |ticketinfo                    |    0.79|ticketinfo                                                  |0.785235|    1.00|0.928571|0.835714|     114|     113
2022-10-21 02:24:03.012 | DEBUG    | localization_association_rule_mining:__call__:392 - |travel-plan                   |    0.00|travel-plan                                                 |0.312883|    0.00|0.404762|0.579545|       0|       0
2022-10-21 02:24:03.012 | DEBUG    | localization_association_rule_mining:__call__:392 - |train                         |   -1.00|                                                            |0.000000|    0.00|0.000000|0.000000|       0|       0
2022-10-21 02:24:03.012 | DEBUG    | localization_association_rule_mining:__call__:392 - |verification-code             |   -1.00|                                                            |0.000000|    0.00|0.000000|0.000000|       0|       0
2022-10-21 02:24:03.012 | DEBUG    | localization_association_rule_mining:__call__:392 - |order-other                   |   -1.00|                                                            |0.000000|    0.00|0.000000|0.000000|       0|       0
2022-10-21 02:24:03.012 | DEBUG    | localization_association_rule_mining:__call__:392 - |route                         |   -1.00|                                                            |0.000000|    0.00|0.000000|0.000000|       0|       0
2022-10-21 02:24:03.012 | DEBUG    | localization_association_rule_mining:__call__:392 - |order                         |   -1.00|                                                            |0.000000|    0.00|0.000000|0.000000|       0|       0
2022-10-21 02:24:03.012 | DEBUG    | localization_association_rule_mining:__call__:392 - |assurance                     |   -1.00|                                                            |0.000000|    0.00|0.000000|0.000000|       0|       0
2022-10-21 02:24:03.012 | DEBUG    | localization_association_rule_mining:__call__:392 - |seat                          |   -1.00|                                                            |0.000000|    0.00|0.000000|0.000000|       0|       0
2022-10-21 02:24:03.012 | DEBUG    | localization_association_rule_mining:__call__:392 - |config                        |   -1.00|                                                            |0.000000|    0.00|0.000000|0.000000|       0|       0
2022-10-21 02:24:03.012 | DEBUG    | localization_association_rule_mining:__call__:392 - |contacts                      |   -1.00|                                                            |0.000000|    0.00|0.000000|0.000000|       0|       0
2022-10-21 02:24:03.012 | DEBUG    | localization_association_rule_mining:__call__:392 - |price                         |   -1.00|                                                            |0.000000|    0.00|0.000000|0.000000|       0|       0
2022-10-21 02:24:03.012 | DEBUG    | localization_association_rule_mining:__call__:392 - |food                          |   -1.00|                                                            |0.000000|    0.00|0.000000|0.000000|       0|       0
2022-10-21 02:24:03.012 | DEBUG    | localization_association_rule_mining:__call__:392 - |auth                          |   -1.00|                                                            |0.000000|    0.00|0.000000|0.000000|       0|       0
2022-10-21 02:24:03.012 | DEBUG    | localization_association_rule_mining:__call__:392 - |food-map                      |   -1.00|                                                            |0.000000|    0.00|0.000000|0.000000|       0|       0
2022-10-21 02:24:03.012 | DEBUG    | localization_association_rule_mining:__call__:392 - |consign                       |   -1.00|                                                            |0.000000|    0.00|0.000000|0.000000|       0|       0
2022-10-21 02:24:03.012 | DEBUG    | localization_association_rule_mining:__call__:392 - |travel2                       |   -1.00|                                                            |0.000000|    0.00|0.000000|0.000000|       0|       0
