2022-10-31 19:45:49.767 | DEBUG    | localization_association_rule_mining:__call__:388 - |item                          |score   |pattern                                                     |ps      |ips     |p(a|b)  |p(b|a)  |in      |out     
2022-10-31 19:45:49.768 | DEBUG    | localization_association_rule_mining:__call__:392 - |station                       |   97.52|station                                                     |0.492537|  198.00|0.694737|0.628571|     198|       0
2022-10-31 19:45:49.768 | DEBUG    | localization_association_rule_mining:__call__:392 - |order-other                   |   37.01|order-other                                                 |0.406728|   91.00|0.466667|0.760000|      21|     112
2022-10-31 19:45:49.768 | DEBUG    | localization_association_rule_mining:__call__:392 - |route                         |   23.51|route                                                       |0.286713|   82.00|0.287719|0.987952|      82|       0
2022-10-31 19:45:49.768 | DEBUG    | localization_association_rule_mining:__call__:392 - |order                         |   11.98|order                                                       |0.157676|   76.00|0.266667|0.278388|      76|       0
2022-10-31 19:45:49.768 | DEBUG    | localization_association_rule_mining:__call__:392 - |food-map                      |   11.40|food-map                                                    |0.200000|   57.00|0.200000|1.000000|      57|       0
2022-10-31 19:45:49.768 | DEBUG    | localization_association_rule_mining:__call__:392 - |food                          |   10.50|food                                                        |0.256140|   41.00|0.256140|1.000000|      16|      57
2022-10-31 19:45:49.768 | DEBUG    | localization_association_rule_mining:__call__:392 - |cancel                        |    5.80|cancel                                                      |0.141379|   41.00|0.143860|0.891304|       0|      41
2022-10-31 19:45:49.768 | DEBUG    | localization_association_rule_mining:__call__:392 - |train                         |    5.59|train                                                       |0.139860|   40.00|0.140351|0.975610|      40|       0
2022-10-31 19:45:49.768 | DEBUG    | localization_association_rule_mining:__call__:392 - |price                         |    4.30|price                                                       |0.122807|   35.00|0.122807|1.000000|      35|       0
2022-10-31 19:45:49.768 | DEBUG    | localization_association_rule_mining:__call__:392 - |auth                          |    3.96|auth                                                        |0.116438|   34.00|0.119298|0.829268|       0|      34
2022-10-31 19:45:49.768 | DEBUG    | localization_association_rule_mining:__call__:392 - |config                        |    3.81|config                                                      |0.115385|   33.00|0.115789|0.970588|      33|       0
2022-10-31 19:45:49.768 | DEBUG    | localization_association_rule_mining:__call__:392 - |user                          |    2.01|user                                                        |0.118467|   17.00|0.119298|0.944444|      17|       0
2022-10-31 19:45:49.768 | DEBUG    | localization_association_rule_mining:__call__:392 - |travel                        |    1.31|travel                                                      |0.326316|    4.00|0.326316|1.000000|      82|      86
2022-10-31 19:45:49.768 | DEBUG    | localization_association_rule_mining:__call__:392 - |basic                         |    0.14|basic                                                       |0.136842|    1.00|0.136842|1.000000|      38|      39
2022-10-31 19:45:49.769 | DEBUG    | localization_association_rule_mining:__call__:392 - |notification                  |    0.00|notification                                                |0.118056|    0.00|0.119298|0.918919|       0|       0
2022-10-31 19:45:49.769 | DEBUG    | localization_association_rule_mining:__call__:392 - |ticketinfo                    |    0.00|ticketinfo                                                  |0.136842|    0.00|0.136842|1.000000|      38|      38
2022-10-31 19:45:49.769 | DEBUG    | localization_association_rule_mining:__call__:392 - |seat                          |    0.00|seat                                                        |0.136842|    0.00|0.136842|1.000000|      36|      36
2022-10-31 19:45:49.769 | DEBUG    | localization_association_rule_mining:__call__:392 - |ts-ui-dashboard               |   -1.00|                                                            |0.000000|    0.00|0.000000|0.000000|       0|       0
2022-10-31 19:45:49.769 | DEBUG    | localization_association_rule_mining:__call__:392 - |route-plan                    |   -1.00|                                                            |0.000000|    0.00|0.000000|0.000000|       0|       0
2022-10-31 19:45:49.769 | DEBUG    | localization_association_rule_mining:__call__:392 - |payment                       |   -1.00|                                                            |0.000000|    0.00|0.000000|0.000000|       0|       0
2022-10-31 19:45:49.769 | DEBUG    | localization_association_rule_mining:__call__:392 - |verification-code             |   -1.00|                                                            |0.000000|    0.00|0.000000|0.000000|       0|       0
2022-10-31 19:45:49.769 | DEBUG    | localization_association_rule_mining:__call__:392 - |security                      |   -1.00|                                                            |0.000000|    0.00|0.000000|0.000000|       0|       0
2022-10-31 19:45:49.769 | DEBUG    | localization_association_rule_mining:__call__:392 - |consign                       |   -1.00|                                                            |0.000000|    0.00|0.000000|0.000000|       0|       0
2022-10-31 19:45:49.769 | DEBUG    | localization_association_rule_mining:__call__:392 - |travel2                       |   -1.00|                                                            |0.000000|    0.00|0.000000|0.000000|       0|       0
2022-10-31 19:45:49.769 | DEBUG    | localization_association_rule_mining:__call__:392 - |preserve                      |   -1.00|                                                            |0.000000|    0.00|0.000000|0.000000|       0|       0
2022-10-31 19:45:49.769 | DEBUG    | localization_association_rule_mining:__call__:392 - |admin-route                   |   -1.00|                                                            |0.000000|    0.00|0.000000|0.000000|       0|       0
2022-10-31 19:45:49.769 | DEBUG    | localization_association_rule_mining:__call__:392 - |inside-payment                |   -1.00|                                                            |0.000000|    0.00|0.000000|0.000000|       0|       0
2022-10-31 19:45:49.769 | DEBUG    | localization_association_rule_mining:__call__:392 - |admin-basic-info              |   -1.00|                                                            |0.000000|    0.00|0.000000|0.000000|       0|       0
2022-10-31 19:45:49.769 | DEBUG    | localization_association_rule_mining:__call__:392 - |travel-plan                   |   -1.00|                                                            |0.000000|    0.00|0.000000|0.000000|       0|       0
2022-10-31 19:45:49.769 | DEBUG    | localization_association_rule_mining:__call__:392 - |contacts                      |   -1.00|                                                            |0.000000|    0.00|0.000000|0.000000|       0|       0
2022-10-31 19:45:49.769 | DEBUG    | localization_association_rule_mining:__call__:392 - |assurance                     |   -1.00|                                                            |0.000000|    0.00|0.000000|0.000000|       0|       0
2022-10-31 19:45:49.770 | DEBUG    | localization_association_rule_mining:__call__:392 - |admin-travel                  |   -1.00|                                                            |0.000000|    0.00|0.000000|0.000000|       0|       0
2022-10-31 19:45:49.770 | DEBUG    | localization_association_rule_mining:__call__:392 - |admin-order                   |   -1.00|                                                            |0.000000|    0.00|0.000000|0.000000|       0|       0
