2022-10-31 19:44:16.650 | DEBUG    | localization_association_rule_mining:__call__:388 - |item                          |score   |pattern                                                     |ps      |ips     |p(a|b)  |p(b|a)  |in      |out     
2022-10-31 19:44:16.650 | DEBUG    | localization_association_rule_mining:__call__:392 - |station                       |   22.72|station                                                     |0.436975|   52.00|0.485981|0.812500|      52|       0
2022-10-31 19:44:16.650 | DEBUG    | localization_association_rule_mining:__call__:392 - |auth                          |   11.27|auth                                                        |0.281690|   40.00|0.373832|0.533333|       0|      40
2022-10-31 19:44:16.650 | DEBUG    | localization_association_rule_mining:__call__:392 - |route                         |   10.18|route                                                       |0.308411|   33.00|0.308411|1.000000|      33|       0
2022-10-31 19:44:16.650 | DEBUG    | localization_association_rule_mining:__call__:392 - |verification-code             |    4.86|verification-code                                           |0.121581|   40.00|0.373832|0.152672|      40|       0
2022-10-31 19:44:16.650 | DEBUG    | localization_association_rule_mining:__call__:392 - |train                         |    4.52|train                                                       |0.205607|   22.00|0.205607|1.000000|      22|       0
2022-10-31 19:44:16.650 | DEBUG    | localization_association_rule_mining:__call__:392 - |config                        |    3.37|config                                                      |0.177570|   19.00|0.177570|1.000000|      19|       0
2022-10-31 19:44:16.650 | DEBUG    | localization_association_rule_mining:__call__:392 - |food                          |    3.37|food                                                        |0.198198|   17.00|0.205607|0.846154|       2|      19
2022-10-31 19:44:16.650 | DEBUG    | localization_association_rule_mining:__call__:392 - |travel                        |    2.64|travel                                                      |0.439252|    6.00|0.439252|1.000000|      32|      38
2022-10-31 19:44:16.651 | DEBUG    | localization_association_rule_mining:__call__:392 - |order                         |    2.36|order                                                       |0.124183|   19.00|0.177570|0.292308|      19|       0
2022-10-31 19:44:16.651 | DEBUG    | localization_association_rule_mining:__call__:392 - |basic                         |    1.90|basic                                                       |0.271028|    7.00|0.271028|1.000000|      22|      29
2022-10-31 19:44:16.651 | DEBUG    | localization_association_rule_mining:__call__:392 - |food-map                      |    1.83|food-map                                                    |0.130841|   14.00|0.130841|1.000000|      14|       0
2022-10-31 19:44:16.651 | DEBUG    | localization_association_rule_mining:__call__:392 - |price                         |    1.46|price                                                       |0.121495|   12.00|0.121495|1.000000|      12|       0
2022-10-31 19:44:16.651 | DEBUG    | localization_association_rule_mining:__call__:392 - |seat                          |    1.46|seat                                                        |0.242991|    6.00|0.242991|1.000000|      18|      24
2022-10-31 19:44:16.651 | DEBUG    | localization_association_rule_mining:__call__:392 - |order-other                   |    0.42|order-other                                                 |0.104478|    4.00|0.130841|0.341463|       5|       9
2022-10-31 19:44:16.651 | DEBUG    | localization_association_rule_mining:__call__:392 - |ticketinfo                    |    0.22|ticketinfo                                                  |0.224299|    1.00|0.224299|1.000000|      23|      22
2022-10-31 19:44:16.651 | DEBUG    | localization_association_rule_mining:__call__:392 - |travel-plan                   |   -1.00|                                                            |0.000000|    0.00|0.000000|0.000000|       0|       0
2022-10-31 19:44:16.651 | DEBUG    | localization_association_rule_mining:__call__:392 - |user                          |   -1.00|                                                            |0.000000|    0.00|0.000000|0.000000|       0|       0
2022-10-31 19:44:16.651 | DEBUG    | localization_association_rule_mining:__call__:392 - |route-plan                    |   -1.00|                                                            |0.000000|    0.00|0.000000|0.000000|       0|       0
2022-10-31 19:44:16.651 | DEBUG    | localization_association_rule_mining:__call__:392 - |notification                  |   -1.00|                                                            |0.000000|    0.00|0.000000|0.000000|       0|       0
2022-10-31 19:44:16.651 | DEBUG    | localization_association_rule_mining:__call__:392 - |admin-order                   |   -1.00|                                                            |0.000000|    0.00|0.000000|0.000000|       0|       0
2022-10-31 19:44:16.651 | DEBUG    | localization_association_rule_mining:__call__:392 - |preserve                      |   -1.00|                                                            |0.000000|    0.00|0.000000|0.000000|       0|       0
2022-10-31 19:44:16.651 | DEBUG    | localization_association_rule_mining:__call__:392 - |ts-ui-dashboard               |   -1.00|                                                            |0.000000|    0.00|0.000000|0.000000|       0|       0
2022-10-31 19:44:16.651 | DEBUG    | localization_association_rule_mining:__call__:392 - |contacts                      |   -1.00|                                                            |0.000000|    0.00|0.000000|0.000000|       0|       0
2022-10-31 19:44:16.651 | DEBUG    | localization_association_rule_mining:__call__:392 - |assurance                     |   -1.00|                                                            |0.000000|    0.00|0.000000|0.000000|       0|       0
2022-10-31 19:44:16.651 | DEBUG    | localization_association_rule_mining:__call__:392 - |travel2                       |   -1.00|                                                            |0.000000|    0.00|0.000000|0.000000|       0|       0
2022-10-31 19:44:16.651 | DEBUG    | localization_association_rule_mining:__call__:392 - |payment                       |   -1.00|                                                            |0.000000|    0.00|0.000000|0.000000|       0|       0
2022-10-31 19:44:16.652 | DEBUG    | localization_association_rule_mining:__call__:392 - |preserve-other                |   -1.00|                                                            |0.000000|    0.00|0.000000|0.000000|       0|       0
2022-10-31 19:44:16.652 | DEBUG    | localization_association_rule_mining:__call__:392 - |security                      |   -1.00|                                                            |0.000000|    0.00|0.000000|0.000000|       0|       0
2022-10-31 19:44:16.652 | DEBUG    | localization_association_rule_mining:__call__:392 - |cancel                        |   -1.00|                                                            |0.000000|    0.00|0.000000|0.000000|       0|       0
2022-10-31 19:44:16.652 | DEBUG    | localization_association_rule_mining:__call__:392 - |consign                       |   -1.00|                                                            |0.000000|    0.00|0.000000|0.000000|       0|       0
2022-10-31 19:44:16.652 | DEBUG    | localization_association_rule_mining:__call__:392 - |inside-payment                |   -1.00|                                                            |0.000000|    0.00|0.000000|0.000000|       0|       0
