2022-11-09 17:00:48.528 | DEBUG    | localization_association_rule_mining:__call__:390 - |item                          |score   |pattern                                                     |ps      |ips     |p(a|b)  |p(b|a)  |in      |out     
2022-11-09 17:00:48.528 | DEBUG    | localization_association_rule_mining:__call__:394 - |station                       |   13.36|station                                                     |0.636364|   21.00|0.636364|1.000000|      21|       0
2022-11-09 17:00:48.528 | DEBUG    | localization_association_rule_mining:__call__:394 - |order                         |    2.12|order                                                       |0.424242|    5.00|0.424242|1.000000|       7|       2
2022-11-09 17:00:48.528 | DEBUG    | localization_association_rule_mining:__call__:394 - |food                          |    1.52|food                                                        |0.303030|    5.00|0.303030|1.000000|      10|       5
2022-11-09 17:00:48.528 | DEBUG    | localization_association_rule_mining:__call__:394 - |basic                         |    0.61|basic                                                       |0.303030|    2.00|0.303030|1.000000|       8|      10
2022-11-09 17:00:48.528 | DEBUG    | localization_association_rule_mining:__call__:394 - |seat                          |    0.55|seat                                                        |0.272727|    2.00|0.272727|1.000000|       2|       4
2022-11-09 17:00:48.528 | DEBUG    | localization_association_rule_mining:__call__:394 - |travel                        |    0.55|travel                                                      |0.545455|    1.00|0.545455|1.000000|       7|       8
2022-11-09 17:00:48.529 | DEBUG    | localization_association_rule_mining:__call__:394 - |order-other                   |    0.42|order-other                                                 |0.212121|    2.00|0.212121|1.000000|       6|       4
2022-11-09 17:00:48.529 | DEBUG    | localization_association_rule_mining:__call__:394 - |ticketinfo                    |    0.00|ticketinfo                                                  |0.272727|    0.00|0.272727|1.000000|       8|       8
2022-11-09 17:00:48.529 | DEBUG    | localization_association_rule_mining:__call__:394 - |train                         |    0.00|train                                                       |0.212121|    0.00|0.212121|1.000000|       0|       0
2022-11-09 17:00:48.529 | DEBUG    | localization_association_rule_mining:__call__:394 - |food-map                      |    0.00|food-map                                                    |0.242424|    0.00|0.242424|1.000000|       0|       0
2022-11-09 17:00:48.529 | DEBUG    | localization_association_rule_mining:__call__:394 - |route                         |    0.00|route                                                       |0.393939|    0.00|0.393939|1.000000|       0|       0
2022-11-09 17:00:48.529 | DEBUG    | localization_association_rule_mining:__call__:394 - |price                         |    0.00|price                                                       |0.151515|    0.00|0.151515|1.000000|       0|       0
2022-11-09 17:00:48.529 | DEBUG    | localization_association_rule_mining:__call__:394 - |verification-code             |   -1.00|                                                            |0.000000|    0.00|0.000000|0.000000|       0|       0
2022-11-09 17:00:48.529 | DEBUG    | localization_association_rule_mining:__call__:394 - |consign                       |   -1.00|                                                            |0.000000|    0.00|0.000000|0.000000|       0|       0
2022-11-09 17:00:48.529 | DEBUG    | localization_association_rule_mining:__call__:394 - |preserve                      |   -1.00|                                                            |0.000000|    0.00|0.000000|0.000000|       0|       0
2022-11-09 17:00:48.529 | DEBUG    | localization_association_rule_mining:__call__:394 - |security                      |   -1.00|                                                            |0.000000|    0.00|0.000000|0.000000|       0|       0
2022-11-09 17:00:48.529 | DEBUG    | localization_association_rule_mining:__call__:394 - |notification                  |   -1.00|                                                            |0.000000|    0.00|0.000000|0.000000|       0|       0
2022-11-09 17:00:48.529 | DEBUG    | localization_association_rule_mining:__call__:394 - |assurance                     |   -1.00|                                                            |0.000000|    0.00|0.000000|0.000000|       0|       0
2022-11-09 17:00:48.529 | DEBUG    | localization_association_rule_mining:__call__:394 - |contacts                      |   -1.00|                                                            |0.000000|    0.00|0.000000|0.000000|       0|       0
2022-11-09 17:00:48.529 | DEBUG    | localization_association_rule_mining:__call__:394 - |travel-plan                   |   -1.00|                                                            |0.000000|    0.00|0.000000|0.000000|       0|       0
2022-11-09 17:00:48.529 | DEBUG    | localization_association_rule_mining:__call__:394 - |config                        |   -1.00|                                                            |0.000000|    0.00|0.000000|0.000000|       0|       0
2022-11-09 17:00:48.529 | DEBUG    | localization_association_rule_mining:__call__:394 - |ts-ui-dashboard               |   -1.00|                                                            |0.000000|    0.00|0.000000|0.000000|       0|       0
2022-11-09 17:00:48.529 | DEBUG    | localization_association_rule_mining:__call__:394 - |auth                          |   -1.00|                                                            |0.000000|    0.00|0.000000|0.000000|       0|       0
