2022-10-31 19:43:58.822 | DEBUG    | localization_association_rule_mining:__call__:388 - |item                          |score   |pattern                                                     |ps      |ips     |p(a|b)  |p(b|a)  |in      |out     
2022-10-31 19:43:58.822 | DEBUG    | localization_association_rule_mining:__call__:392 - |station                       |  133.57|station                                                     |0.511765|  261.00|0.622912|0.741477|     261|       0
2022-10-31 19:43:58.822 | DEBUG    | localization_association_rule_mining:__call__:392 - |route                         |   39.41|route                                                       |0.307876|  128.00|0.307876|1.000000|     128|       0
2022-10-31 19:43:58.822 | DEBUG    | localization_association_rule_mining:__call__:392 - |food                          |   22.71|food                                                        |0.294931|   77.00|0.305489|0.895105|      21|      98
2022-10-31 19:43:58.822 | DEBUG    | localization_association_rule_mining:__call__:392 - |order-other                   |   19.99|order-other                                                 |0.270134|   74.00|0.384248|0.476331|      43|     117
2022-10-31 19:43:58.822 | DEBUG    | localization_association_rule_mining:__call__:392 - |food-map                      |   14.52|food-map                                                    |0.186158|   78.00|0.186158|1.000000|      78|       0
2022-10-31 19:43:58.822 | DEBUG    | localization_association_rule_mining:__call__:392 - |order                         |   14.32|order                                                       |0.139037|  103.00|0.248210|0.240185|     103|       0
2022-10-31 19:43:58.822 | DEBUG    | localization_association_rule_mining:__call__:392 - |train                         |    9.62|train                                                       |0.152745|   63.00|0.152745|1.000000|      63|       0
2022-10-31 19:43:58.822 | DEBUG    | localization_association_rule_mining:__call__:392 - |travel                        |    8.62|travel                                                      |0.410501|   21.00|0.410501|1.000000|     120|     141
2022-10-31 19:43:58.822 | DEBUG    | localization_association_rule_mining:__call__:392 - |cancel                        |    5.75|cancel                                                      |0.114943|   50.00|0.119332|0.757576|       0|      50
2022-10-31 19:43:58.822 | DEBUG    | localization_association_rule_mining:__call__:392 - |config                        |    5.27|config                                                      |0.112172|   47.00|0.112172|1.000000|      47|       0
2022-10-31 19:43:58.823 | DEBUG    | localization_association_rule_mining:__call__:392 - |auth                          |    4.82|auth                                                        |0.104784|   46.00|0.109785|0.696970|       0|      46
2022-10-31 19:43:58.823 | DEBUG    | localization_association_rule_mining:__call__:392 - |verification-code             |    3.50|verification-code                                           |0.076159|   46.00|0.109785|0.199134|      46|       0
2022-10-31 19:43:58.823 | DEBUG    | localization_association_rule_mining:__call__:392 - |seat                          |    3.45|seat                                                        |0.181384|   19.00|0.181384|1.000000|      49|      68
2022-10-31 19:43:58.823 | DEBUG    | localization_association_rule_mining:__call__:392 - |basic                         |    1.68|basic                                                       |0.210024|    8.00|0.210024|1.000000|      73|      81
2022-10-31 19:43:58.823 | DEBUG    | localization_association_rule_mining:__call__:392 - |ticketinfo                    |    0.83|ticketinfo                                                  |0.207637|    4.00|0.207637|1.000000|      69|      73
2022-10-31 19:43:58.823 | DEBUG    | localization_association_rule_mining:__call__:392 - |travel2                       |   -1.00|                                                            |0.000000|    0.00|0.000000|0.000000|       0|       0
2022-10-31 19:43:58.823 | DEBUG    | localization_association_rule_mining:__call__:392 - |price                         |   -1.00|                                                            |0.000000|    0.00|0.000000|0.000000|       0|       0
2022-10-31 19:43:58.823 | DEBUG    | localization_association_rule_mining:__call__:392 - |payment                       |   -1.00|                                                            |0.000000|    0.00|0.000000|0.000000|       0|       0
2022-10-31 19:43:58.823 | DEBUG    | localization_association_rule_mining:__call__:392 - |inside-payment                |   -1.00|                                                            |0.000000|    0.00|0.000000|0.000000|       0|       0
2022-10-31 19:43:58.823 | DEBUG    | localization_association_rule_mining:__call__:392 - |security                      |   -1.00|                                                            |0.000000|    0.00|0.000000|0.000000|       0|       0
2022-10-31 19:43:58.823 | DEBUG    | localization_association_rule_mining:__call__:392 - |notification                  |   -1.00|                                                            |0.000000|    0.00|0.000000|0.000000|       0|       0
2022-10-31 19:43:58.823 | DEBUG    | localization_association_rule_mining:__call__:392 - |contacts                      |   -1.00|                                                            |0.000000|    0.00|0.000000|0.000000|       0|       0
2022-10-31 19:43:58.823 | DEBUG    | localization_association_rule_mining:__call__:392 - |route-plan                    |   -1.00|                                                            |0.000000|    0.00|0.000000|0.000000|       0|       0
2022-10-31 19:43:58.823 | DEBUG    | localization_association_rule_mining:__call__:392 - |ts-ui-dashboard               |   -1.00|                                                            |0.000000|    0.00|0.000000|0.000000|       0|       0
2022-10-31 19:43:58.823 | DEBUG    | localization_association_rule_mining:__call__:392 - |preserve                      |   -1.00|                                                            |0.000000|    0.00|0.000000|0.000000|       0|       0
2022-10-31 19:43:58.823 | DEBUG    | localization_association_rule_mining:__call__:392 - |admin-order                   |   -1.00|                                                            |0.000000|    0.00|0.000000|0.000000|       0|       0
2022-10-31 19:43:58.823 | DEBUG    | localization_association_rule_mining:__call__:392 - |preserve-other                |   -1.00|                                                            |0.000000|    0.00|0.000000|0.000000|       0|       0
2022-10-31 19:43:58.823 | DEBUG    | localization_association_rule_mining:__call__:392 - |travel-plan                   |   -1.00|                                                            |0.000000|    0.00|0.000000|0.000000|       0|       0
2022-10-31 19:43:58.824 | DEBUG    | localization_association_rule_mining:__call__:392 - |consign                       |   -1.00|                                                            |0.000000|    0.00|0.000000|0.000000|       0|       0
2022-10-31 19:43:58.824 | DEBUG    | localization_association_rule_mining:__call__:392 - |user                          |   -1.00|                                                            |0.000000|    0.00|0.000000|0.000000|       0|       0
2022-10-31 19:43:58.824 | DEBUG    | localization_association_rule_mining:__call__:392 - |assurance                     |   -1.00|                                                            |0.000000|    0.00|0.000000|0.000000|       0|       0
