2022-10-31 19:44:19.130 | DEBUG    | localization_association_rule_mining:__call__:388 - |item                          |score   |pattern                                                     |ps      |ips     |p(a|b)  |p(b|a)  |in      |out     
2022-10-31 19:44:19.130 | DEBUG    | localization_association_rule_mining:__call__:392 - |station                       |   30.94|station                                                     |0.418079|   74.00|0.532374|0.660714|      74|       0
2022-10-31 19:44:19.130 | DEBUG    | localization_association_rule_mining:__call__:392 - |auth                          |   14.93|auth                                                        |0.317568|   47.00|0.338129|0.839286|       0|      47
2022-10-31 19:44:19.130 | DEBUG    | localization_association_rule_mining:__call__:392 - |verification-code             |    7.89|verification-code                                           |0.167857|   47.00|0.338129|0.250000|      47|       0
2022-10-31 19:44:19.130 | DEBUG    | localization_association_rule_mining:__call__:392 - |order-other                   |    6.42|order-other                                                 |0.213836|   30.00|0.244604|0.629630|       2|      32
2022-10-31 19:44:19.130 | DEBUG    | localization_association_rule_mining:__call__:392 - |ticketinfo                    |    4.75|ticketinfo                                                  |0.215827|   22.00|0.215827|1.000000|       8|      30
2022-10-31 19:44:19.131 | DEBUG    | localization_association_rule_mining:__call__:392 - |train                         |    3.48|train                                                       |0.158273|   22.00|0.158273|1.000000|      22|       0
2022-10-31 19:44:19.131 | DEBUG    | localization_association_rule_mining:__call__:392 - |route                         |    3.02|route                                                       |0.151079|   20.00|0.151079|1.000000|      20|       0
2022-10-31 19:44:19.131 | DEBUG    | localization_association_rule_mining:__call__:392 - |price                         |    2.88|price                                                       |0.143885|   20.00|0.143885|1.000000|      20|       0
2022-10-31 19:44:19.131 | DEBUG    | localization_association_rule_mining:__call__:392 - |cancel                        |    1.37|cancel                                                      |0.097902|   14.00|0.100719|0.777778|       0|      14
2022-10-31 19:44:19.131 | DEBUG    | localization_association_rule_mining:__call__:392 - |order                         |    1.29|order                                                       |0.080808|   16.00|0.115108|0.213333|      16|       0
2022-10-31 19:44:19.131 | DEBUG    | localization_association_rule_mining:__call__:392 - |basic                         |    0.71|basic                                                       |0.237410|    3.00|0.237410|1.000000|      30|      33
2022-10-31 19:44:19.131 | DEBUG    | localization_association_rule_mining:__call__:392 - |travel                        |    0.41|travel                                                      |0.136691|    3.00|0.136691|1.000000|       6|       3
2022-10-31 19:44:19.131 | DEBUG    | localization_association_rule_mining:__call__:392 - |contacts                      |   -1.00|                                                            |0.000000|    0.00|0.000000|0.000000|       0|       0
2022-10-31 19:44:19.131 | DEBUG    | localization_association_rule_mining:__call__:392 - |payment                       |   -1.00|                                                            |0.000000|    0.00|0.000000|0.000000|       0|       0
2022-10-31 19:44:19.131 | DEBUG    | localization_association_rule_mining:__call__:392 - |notification                  |   -1.00|                                                            |0.000000|    0.00|0.000000|0.000000|       0|       0
2022-10-31 19:44:19.131 | DEBUG    | localization_association_rule_mining:__call__:392 - |food                          |   -1.00|                                                            |0.000000|    0.00|0.000000|0.000000|       0|       0
2022-10-31 19:44:19.131 | DEBUG    | localization_association_rule_mining:__call__:392 - |ts-ui-dashboard               |   -1.00|                                                            |0.000000|    0.00|0.000000|0.000000|       0|       0
2022-10-31 19:44:19.131 | DEBUG    | localization_association_rule_mining:__call__:392 - |travel2                       |   -1.00|                                                            |0.000000|    0.00|0.000000|0.000000|       0|       0
2022-10-31 19:44:19.131 | DEBUG    | localization_association_rule_mining:__call__:392 - |security                      |   -1.00|                                                            |0.000000|    0.00|0.000000|0.000000|       0|       0
2022-10-31 19:44:19.131 | DEBUG    | localization_association_rule_mining:__call__:392 - |user                          |   -1.00|                                                            |0.000000|    0.00|0.000000|0.000000|       0|       0
2022-10-31 19:44:19.131 | DEBUG    | localization_association_rule_mining:__call__:392 - |inside-payment                |   -1.00|                                                            |0.000000|    0.00|0.000000|0.000000|       0|       0
2022-10-31 19:44:19.131 | DEBUG    | localization_association_rule_mining:__call__:392 - |travel-plan                   |   -1.00|                                                            |0.000000|    0.00|0.000000|0.000000|       0|       0
2022-10-31 19:44:19.131 | DEBUG    | localization_association_rule_mining:__call__:392 - |route-plan                    |   -1.00|                                                            |0.000000|    0.00|0.000000|0.000000|       0|       0
2022-10-31 19:44:19.132 | DEBUG    | localization_association_rule_mining:__call__:392 - |seat                          |   -1.00|                                                            |0.000000|    0.00|0.000000|0.000000|       0|       0
2022-10-31 19:44:19.132 | DEBUG    | localization_association_rule_mining:__call__:392 - |food-map                      |   -1.00|                                                            |0.000000|    0.00|0.000000|0.000000|       0|       0
2022-10-31 19:44:19.132 | DEBUG    | localization_association_rule_mining:__call__:392 - |preserve                      |   -1.00|                                                            |0.000000|    0.00|0.000000|0.000000|       0|       0
2022-10-31 19:44:19.132 | DEBUG    | localization_association_rule_mining:__call__:392 - |admin-order                   |   -1.00|                                                            |0.000000|    0.00|0.000000|0.000000|       0|       0
2022-10-31 19:44:19.132 | DEBUG    | localization_association_rule_mining:__call__:392 - |assurance                     |   -1.00|                                                            |0.000000|    0.00|0.000000|0.000000|       0|       0
2022-10-31 19:44:19.132 | DEBUG    | localization_association_rule_mining:__call__:392 - |consign                       |   -1.00|                                                            |0.000000|    0.00|0.000000|0.000000|       0|       0
