2022-11-16 15:57:49.162 | DEBUG    | localization_association_rule_mining:__call__:390 - |item                          |score   |pattern                                                     |ps      |ips     |p(a|b)  |p(b|a)  |in      |out     
2022-11-16 15:57:49.162 | DEBUG    | localization_association_rule_mining:__call__:394 - |ticketinfo                    |   20.02|ticketinfo                                                  |0.606557|   33.00|0.698113|0.822222|      33|       0
2022-11-16 15:57:49.162 | DEBUG    | localization_association_rule_mining:__call__:394 - |travel                        |    9.31|travel                                                      |0.357895|   26.00|0.641509|0.447368|       0|      26
2022-11-16 15:57:49.162 | DEBUG    | localization_association_rule_mining:__call__:394 - |user                          |    9.13|user                                                        |0.415094|   22.00|0.415094|1.000000|      22|       0
2022-11-16 15:57:49.162 | DEBUG    | localization_association_rule_mining:__call__:394 - |preserve                      |    3.00|preserve                                                    |0.333333|    9.00|0.358491|0.826087|       0|       9
2022-11-16 15:57:49.162 | DEBUG    | localization_association_rule_mining:__call__:394 - |travel2                       |    1.19|travel2                                                     |0.169811|    7.00|0.169811|1.000000|       0|       7
2022-11-16 15:57:49.162 | DEBUG    | localization_association_rule_mining:__call__:394 - |station                       |    0.00|station                                                     |0.201117|    0.00|0.679245|0.222222|       0|       0
2022-11-16 15:57:49.162 | DEBUG    | localization_association_rule_mining:__call__:394 - |config                        |    0.00|config                                                      |0.254545|    0.00|0.264151|0.875000|       0|       0
2022-11-16 15:57:49.162 | DEBUG    | localization_association_rule_mining:__call__:394 - |basic                         |    0.00|basic                                                       |0.587302|    0.00|0.698113|0.787234|       0|       0
2022-11-16 15:57:49.162 | DEBUG    | localization_association_rule_mining:__call__:394 - |security                      |    0.00|security                                                    |0.181818|    0.00|0.188679|0.833333|       0|       0
2022-11-16 15:57:49.162 | DEBUG    | localization_association_rule_mining:__call__:394 - |route                         |    0.00|route                                                       |0.453333|    0.00|0.641509|0.607143|       0|       0
2022-11-16 15:57:49.162 | DEBUG    | localization_association_rule_mining:__call__:394 - |seat                          |    0.00|seat                                                        |0.542373|    0.00|0.603774|0.842105|       0|       0
2022-11-16 15:57:49.163 | DEBUG    | localization_association_rule_mining:__call__:394 - |train                         |    0.00|train                                                       |0.491228|    0.00|0.528302|0.875000|       0|       0
2022-11-16 15:57:49.163 | DEBUG    | localization_association_rule_mining:__call__:394 - |notification                  |    0.00|notification                                                |0.305085|    0.00|0.339623|0.750000|       0|       0
2022-11-16 15:57:49.163 | DEBUG    | localization_association_rule_mining:__call__:394 - |price                         |    0.00|price                                                       |0.272727|    0.00|0.283019|0.882353|       0|       0
2022-11-16 15:57:49.163 | DEBUG    | localization_association_rule_mining:__call__:394 - |verification-code             |   -1.00|                                                            |0.000000|    0.00|0.000000|0.000000|       0|       0
2022-11-16 15:57:49.163 | DEBUG    | localization_association_rule_mining:__call__:394 - |food                          |   -1.00|                                                            |0.000000|    0.00|0.000000|0.000000|       0|       0
2022-11-16 15:57:49.163 | DEBUG    | localization_association_rule_mining:__call__:394 - |auth                          |   -1.00|                                                            |0.000000|    0.00|0.000000|0.000000|       0|       0
2022-11-16 15:57:49.163 | DEBUG    | localization_association_rule_mining:__call__:394 - |payment                       |   -1.00|                                                            |0.000000|    0.00|0.000000|0.000000|       0|       0
2022-11-16 15:57:49.163 | DEBUG    | localization_association_rule_mining:__call__:394 - |travel-plan                   |   -1.00|                                                            |0.000000|    0.00|0.000000|0.000000|       0|       0
2022-11-16 15:57:49.163 | DEBUG    | localization_association_rule_mining:__call__:394 - |food-map                      |   -1.00|                                                            |0.000000|    0.00|0.000000|0.000000|       0|       0
2022-11-16 15:57:49.163 | DEBUG    | localization_association_rule_mining:__call__:394 - |order                         |   -1.00|                                                            |0.000000|    0.00|0.000000|0.000000|       0|       0
2022-11-16 15:57:49.163 | DEBUG    | localization_association_rule_mining:__call__:394 - |route-plan                    |   -1.00|                                                            |0.000000|    0.00|0.000000|0.000000|       0|       0
2022-11-16 15:57:49.163 | DEBUG    | localization_association_rule_mining:__call__:394 - |preserve-other                |   -1.00|                                                            |0.000000|    0.00|0.000000|0.000000|       0|       0
2022-11-16 15:57:49.163 | DEBUG    | localization_association_rule_mining:__call__:394 - |consign                       |   -1.00|                                                            |0.000000|    0.00|0.000000|0.000000|       0|       0
2022-11-16 15:57:49.163 | DEBUG    | localization_association_rule_mining:__call__:394 - |contacts                      |   -1.00|                                                            |0.000000|    0.00|0.000000|0.000000|       0|       0
2022-11-16 15:57:49.163 | DEBUG    | localization_association_rule_mining:__call__:394 - |cancel                        |   -1.00|                                                            |0.000000|    0.00|0.000000|0.000000|       0|       0
2022-11-16 15:57:49.163 | DEBUG    | localization_association_rule_mining:__call__:394 - |assurance                     |   -1.00|                                                            |0.000000|    0.00|0.000000|0.000000|       0|       0
2022-11-16 15:57:49.163 | DEBUG    | localization_association_rule_mining:__call__:394 - |admin-order                   |   -1.00|                                                            |0.000000|    0.00|0.000000|0.000000|       0|       0
2022-11-16 15:57:49.163 | DEBUG    | localization_association_rule_mining:__call__:394 - |order-other                   |   -1.00|                                                            |0.000000|    0.00|0.000000|0.000000|       0|       0
2022-11-16 15:57:49.163 | DEBUG    | localization_association_rule_mining:__call__:394 - |ts-ui-dashboard               |   -1.00|                                                            |0.000000|    0.00|0.000000|0.000000|       0|       0
2022-11-16 15:57:49.164 | DEBUG    | localization_association_rule_mining:__call__:394 - |inside-payment                |   -1.00|                                                            |0.000000|    0.00|0.000000|0.000000|       0|       0
