2022-10-31 19:44:33.115 | DEBUG    | localization_association_rule_mining:__call__:388 - |item                          |score   |pattern                                                     |ps      |ips     |p(a|b)  |p(b|a)  |in      |out     
2022-10-31 19:44:33.115 | DEBUG    | localization_association_rule_mining:__call__:392 - |station                       |   79.75|station                                                     |0.504762|  158.00|0.621094|0.729358|     158|       0
2022-10-31 19:44:33.115 | DEBUG    | localization_association_rule_mining:__call__:392 - |route                         |   24.38|route                                                       |0.308594|   79.00|0.308594|1.000000|      79|       0
2022-10-31 19:44:33.115 | DEBUG    | localization_association_rule_mining:__call__:392 - |order-other                   |   12.45|order-other                                                 |0.254125|   49.00|0.300781|0.620968|      14|      63
2022-10-31 19:44:33.116 | DEBUG    | localization_association_rule_mining:__call__:392 - |order                         |   10.51|order                                                       |0.164141|   64.00|0.253906|0.317073|      64|       0
2022-10-31 19:44:33.116 | DEBUG    | localization_association_rule_mining:__call__:392 - |auth                          |   10.29|auth                                                        |0.194139|   53.00|0.207031|0.757143|       0|      53
2022-10-31 19:44:33.116 | DEBUG    | localization_association_rule_mining:__call__:392 - |train                         |    9.00|train                                                       |0.187500|   48.00|0.187500|1.000000|      48|       0
2022-10-31 19:44:33.116 | DEBUG    | localization_association_rule_mining:__call__:392 - |food                          |    8.78|food                                                        |0.225191|   39.00|0.230469|0.907692|       6|      45
2022-10-31 19:44:33.116 | DEBUG    | localization_association_rule_mining:__call__:392 - |verification-code             |    6.16|verification-code                                           |0.116228|   53.00|0.207031|0.209486|      53|       0
2022-10-31 19:44:33.116 | DEBUG    | localization_association_rule_mining:__call__:392 - |food-map                      |    5.94|food-map                                                    |0.152344|   39.00|0.152344|1.000000|      39|       0
2022-10-31 19:44:33.116 | DEBUG    | localization_association_rule_mining:__call__:392 - |travel                        |    4.06|travel                                                      |0.406250|   10.00|0.406250|1.000000|      75|      85
2022-10-31 19:44:33.116 | DEBUG    | localization_association_rule_mining:__call__:392 - |config                        |    3.52|config                                                      |0.117188|   30.00|0.117188|1.000000|      30|       0
2022-10-31 19:44:33.116 | DEBUG    | localization_association_rule_mining:__call__:392 - |cancel                        |    2.98|cancel                                                      |0.106464|   28.00|0.109375|0.800000|       0|      28
2022-10-31 19:44:33.116 | DEBUG    | localization_association_rule_mining:__call__:392 - |seat                          |    1.17|seat                                                        |0.195312|    6.00|0.195312|1.000000|      39|      45
2022-10-31 19:44:33.116 | DEBUG    | localization_association_rule_mining:__call__:392 - |basic                         |    0.84|basic                                                       |0.210938|    4.00|0.210938|1.000000|      49|      53
2022-10-31 19:44:33.116 | DEBUG    | localization_association_rule_mining:__call__:392 - |ticketinfo                    |    0.42|ticketinfo                                                  |0.210938|    2.00|0.210938|1.000000|      51|      49
2022-10-31 19:44:33.116 | DEBUG    | localization_association_rule_mining:__call__:392 - |contacts                      |   -1.00|                                                            |0.000000|    0.00|0.000000|0.000000|       0|       0
2022-10-31 19:44:33.116 | DEBUG    | localization_association_rule_mining:__call__:392 - |payment                       |   -1.00|                                                            |0.000000|    0.00|0.000000|0.000000|       0|       0
2022-10-31 19:44:33.116 | DEBUG    | localization_association_rule_mining:__call__:392 - |ts-ui-dashboard               |   -1.00|                                                            |0.000000|    0.00|0.000000|0.000000|       0|       0
2022-10-31 19:44:33.116 | DEBUG    | localization_association_rule_mining:__call__:392 - |consign                       |   -1.00|                                                            |0.000000|    0.00|0.000000|0.000000|       0|       0
2022-10-31 19:44:33.117 | DEBUG    | localization_association_rule_mining:__call__:392 - |preserve                      |   -1.00|                                                            |0.000000|    0.00|0.000000|0.000000|       0|       0
2022-10-31 19:44:33.117 | DEBUG    | localization_association_rule_mining:__call__:392 - |assurance                     |   -1.00|                                                            |0.000000|    0.00|0.000000|0.000000|       0|       0
2022-10-31 19:44:33.117 | DEBUG    | localization_association_rule_mining:__call__:392 - |user                          |   -1.00|                                                            |0.000000|    0.00|0.000000|0.000000|       0|       0
2022-10-31 19:44:33.117 | DEBUG    | localization_association_rule_mining:__call__:392 - |route-plan                    |   -1.00|                                                            |0.000000|    0.00|0.000000|0.000000|       0|       0
2022-10-31 19:44:33.117 | DEBUG    | localization_association_rule_mining:__call__:392 - |travel2                       |   -1.00|                                                            |0.000000|    0.00|0.000000|0.000000|       0|       0
2022-10-31 19:44:33.117 | DEBUG    | localization_association_rule_mining:__call__:392 - |price                         |   -1.00|                                                            |0.000000|    0.00|0.000000|0.000000|       0|       0
2022-10-31 19:44:33.117 | DEBUG    | localization_association_rule_mining:__call__:392 - |inside-payment                |   -1.00|                                                            |0.000000|    0.00|0.000000|0.000000|       0|       0
2022-10-31 19:44:33.117 | DEBUG    | localization_association_rule_mining:__call__:392 - |notification                  |   -1.00|                                                            |0.000000|    0.00|0.000000|0.000000|       0|       0
2022-10-31 19:44:33.117 | DEBUG    | localization_association_rule_mining:__call__:392 - |admin-order                   |   -1.00|                                                            |0.000000|    0.00|0.000000|0.000000|       0|       0
2022-10-31 19:44:33.117 | DEBUG    | localization_association_rule_mining:__call__:392 - |travel-plan                   |   -1.00|                                                            |0.000000|    0.00|0.000000|0.000000|       0|       0
2022-10-31 19:44:33.117 | DEBUG    | localization_association_rule_mining:__call__:392 - |security                      |   -1.00|                                                            |0.000000|    0.00|0.000000|0.000000|       0|       0
