2022-10-31 19:48:11.597 | DEBUG    | localization_association_rule_mining:__call__:388 - |item                          |score   |pattern                                                     |ps      |ips     |p(a|b)  |p(b|a)  |in      |out     
2022-10-31 19:48:11.597 | DEBUG    | localization_association_rule_mining:__call__:392 - |route                         |   33.40|route                                                       |0.417526|   80.00|0.419689|0.987805|      80|       0
2022-10-31 19:48:11.597 | DEBUG    | localization_association_rule_mining:__call__:392 - |station                       |   25.08|station                                                     |0.278638|   90.00|0.466321|0.409091|      90|       0
2022-10-31 19:48:11.597 | DEBUG    | localization_association_rule_mining:__call__:392 - |food                          |   15.59|food                                                        |0.331633|   47.00|0.336788|0.955882|       8|      55
2022-10-31 19:48:11.597 | DEBUG    | localization_association_rule_mining:__call__:392 - |food-map                      |   11.69|food-map                                                    |0.248705|   47.00|0.248705|1.000000|      47|       0
2022-10-31 19:48:11.597 | DEBUG    | localization_association_rule_mining:__call__:392 - |order                         |    7.93|order                                                       |0.136792|   58.00|0.300518|0.200692|      58|       0
2022-10-31 19:48:11.597 | DEBUG    | localization_association_rule_mining:__call__:392 - |cancel                        |    6.23|cancel                                                      |0.173077|   36.00|0.186528|0.705882|       0|      36
2022-10-31 19:48:11.597 | DEBUG    | localization_association_rule_mining:__call__:392 - |train                         |    5.99|train                                                       |0.176166|   34.00|0.176166|1.000000|      34|       0
2022-10-31 19:48:11.598 | DEBUG    | localization_association_rule_mining:__call__:392 - |travel                        |    5.67|travel                                                      |0.515464|   11.00|0.518135|0.990099|      65|      76
2022-10-31 19:48:11.598 | DEBUG    | localization_association_rule_mining:__call__:392 - |price                         |    3.50|price                                                       |0.134715|   26.00|0.134715|1.000000|      26|       0
2022-10-31 19:48:11.598 | DEBUG    | localization_association_rule_mining:__call__:392 - |auth                          |    2.62|auth                                                        |0.113861|   23.00|0.119171|0.718750|       0|      23
2022-10-31 19:48:11.598 | DEBUG    | localization_association_rule_mining:__call__:392 - |verification-code             |    1.89|verification-code                                           |0.082143|   23.00|0.119171|0.209091|      23|       0
2022-10-31 19:48:11.598 | DEBUG    | localization_association_rule_mining:__call__:392 - |order-other                   |    0.97|order-other                                                 |0.138264|    7.00|0.222798|0.267081|      18|      25
2022-10-31 19:48:11.598 | DEBUG    | localization_association_rule_mining:__call__:392 - |ticketinfo                    |    0.17|ticketinfo                                                  |0.170984|    1.00|0.170984|1.000000|      31|      30
2022-10-31 19:48:11.598 | DEBUG    | localization_association_rule_mining:__call__:392 - |basic                         |    0.00|basic                                                       |0.155440|    0.00|0.155440|1.000000|      30|      30
2022-10-31 19:48:11.598 | DEBUG    | localization_association_rule_mining:__call__:392 - |seat                          |    0.00|seat                                                        |0.155440|    0.00|0.155440|1.000000|      25|      25
2022-10-31 19:48:11.598 | DEBUG    | localization_association_rule_mining:__call__:392 - |consign                       |   -1.00|                                                            |0.000000|    0.00|0.000000|0.000000|       0|       0
2022-10-31 19:48:11.598 | DEBUG    | localization_association_rule_mining:__call__:392 - |ts-ui-dashboard               |   -1.00|                                                            |0.000000|    0.00|0.000000|0.000000|       0|       0
2022-10-31 19:48:11.598 | DEBUG    | localization_association_rule_mining:__call__:392 - |security                      |   -1.00|                                                            |0.000000|    0.00|0.000000|0.000000|       0|       0
2022-10-31 19:48:11.598 | DEBUG    | localization_association_rule_mining:__call__:392 - |payment                       |   -1.00|                                                            |0.000000|    0.00|0.000000|0.000000|       0|       0
2022-10-31 19:48:11.598 | DEBUG    | localization_association_rule_mining:__call__:392 - |route-plan                    |   -1.00|                                                            |0.000000|    0.00|0.000000|0.000000|       0|       0
2022-10-31 19:48:11.598 | DEBUG    | localization_association_rule_mining:__call__:392 - |admin-order                   |   -1.00|                                                            |0.000000|    0.00|0.000000|0.000000|       0|       0
2022-10-31 19:48:11.598 | DEBUG    | localization_association_rule_mining:__call__:392 - |preserve                      |   -1.00|                                                            |0.000000|    0.00|0.000000|0.000000|       0|       0
2022-10-31 19:48:11.598 | DEBUG    | localization_association_rule_mining:__call__:392 - |assurance                     |   -1.00|                                                            |0.000000|    0.00|0.000000|0.000000|       0|       0
2022-10-31 19:48:11.598 | DEBUG    | localization_association_rule_mining:__call__:392 - |preserve-other                |   -1.00|                                                            |0.000000|    0.00|0.000000|0.000000|       0|       0
2022-10-31 19:48:11.598 | DEBUG    | localization_association_rule_mining:__call__:392 - |user                          |   -1.00|                                                            |0.000000|    0.00|0.000000|0.000000|       0|       0
2022-10-31 19:48:11.599 | DEBUG    | localization_association_rule_mining:__call__:392 - |config                        |   -1.00|                                                            |0.000000|    0.00|0.000000|0.000000|       0|       0
2022-10-31 19:48:11.599 | DEBUG    | localization_association_rule_mining:__call__:392 - |inside-payment                |   -1.00|                                                            |0.000000|    0.00|0.000000|0.000000|       0|       0
2022-10-31 19:48:11.599 | DEBUG    | localization_association_rule_mining:__call__:392 - |travel2                       |   -1.00|                                                            |0.000000|    0.00|0.000000|0.000000|       0|       0
2022-10-31 19:48:11.599 | DEBUG    | localization_association_rule_mining:__call__:392 - |travel-plan                   |   -1.00|                                                            |0.000000|    0.00|0.000000|0.000000|       0|       0
2022-10-31 19:48:11.599 | DEBUG    | localization_association_rule_mining:__call__:392 - |contacts                      |   -1.00|                                                            |0.000000|    0.00|0.000000|0.000000|       0|       0
2022-10-31 19:48:11.599 | DEBUG    | localization_association_rule_mining:__call__:392 - |notification                  |   -1.00|                                                            |0.000000|    0.00|0.000000|0.000000|       0|       0
